[0.044s] Invoking command in '/ros2_test/AD_Middle_Test/ros2/src/build/detect_s': /usr/bin/cmake --build /ros2_test/AD_Middle_Test/ros2/src/build/detect_s -- -j5 -l5
[0.105s] [35m[1mScanning dependencies of target yoloDetect[0m
[0.135s] [ 50%] Built target cameraTimer
[0.171s] [ 75%] [32mBuilding CXX object CMakeFiles/yoloDetect.dir/src/YoloDetect.cpp.o[0m
[2.571s] [01m[K/ros2_test/AD_Middle_Test/ros2/src/detect_s/src/YoloDetect.cpp:[m[K In member function â€˜[01m[Kvoid YoloDetect::topic_callback(test_interfaces::msg::TestImage_<std::allocator<void> >::SharedPtr)[m[Kâ€™:
[2.571s] [01m[K/ros2_test/AD_Middle_Test/ros2/src/detect_s/src/YoloDetect.cpp:98:26:[m[K [01;31m[Kerror: [m[Kâ€˜[01m[Kusing element_type = struct test_interfaces::msg::TestImage_<std::allocator<void> >[m[Kâ€™ {aka â€˜[01m[Kstruct test_interfaces::msg::TestImage_<std::allocator<void> >[m[Kâ€™} has no member named â€˜[01m[KelemSize[m[Kâ€™
[2.571s]    98 |      for(int k =0;k<msg->[01;31m[KelemSize[m[K();k++){
[2.571s]       |                          [01;31m[K^~~~~~~~[m[K
[2.574s] [01m[K/ros2_test/AD_Middle_Test/ros2/src/detect_s/src/YoloDetect.cpp:86:8:[m[K [01;35m[Kwarning: [m[Kunused variable â€˜[01m[Kdatasize[m[Kâ€™ [[01;35m[K-Wunused-variable[m[K]
[2.574s]    86 |    int [01;35m[Kdatasize[m[K = msg->rows*msg->cols*msg->elt_size;
[2.574s]       |        [01;35m[K^~~~~~~~[m[K
[4.262s] make[2]: *** [CMakeFiles/yoloDetect.dir/build.make:63: CMakeFiles/yoloDetect.dir/src/YoloDetect.cpp.o] Error 1
[4.262s] make[1]: *** [CMakeFiles/Makefile2:80: CMakeFiles/yoloDetect.dir/all] Error 2
[4.263s] make: *** [Makefile:141: all] Error 2
[4.265s] Invoked command in '/ros2_test/AD_Middle_Test/ros2/src/build/detect_s' returned '2': /usr/bin/cmake --build /ros2_test/AD_Middle_Test/ros2/src/build/detect_s -- -j5 -l5
