[2.730s] [01m[K/ros2_test/AD_Middle_Test/ros2/src/detect_s/src/Line.cpp:[m[K In member function â€˜[01m[Kvoid Line::topic_callback(test_interfaces::msg::TestImage_<std::allocator<void> >::SharedPtr)[m[Kâ€™:
[2.730s] [01m[K/ros2_test/AD_Middle_Test/ros2/src/detect_s/src/Line.cpp:43:1:[m[K [01;31m[Kerror: [m[Kâ€˜[01m[Klines_process[m[Kâ€™ was not declared in this scope
[2.730s]    43 | [01;31m[Klines_process[m[K(tmp,result);
[2.731s]       | [01;31m[K^~~~~~~~~~~~~[m[K
[4.985s] make[2]: *** [CMakeFiles/line.dir/build.make:63: CMakeFiles/line.dir/src/Line.cpp.o] Error 1
[4.986s] make[1]: *** [CMakeFiles/Makefile2:82: CMakeFiles/line.dir/all] Error 2
[4.986s] make: *** [Makefile:141: all] Error 2
