[2.122s] [01m[K/ros2_test/AD_Middle_Test/ros2/src/simple_s/src/listener.cpp:[m[K In constructor â€˜[01m[KMinimalSubscriber::MinimalSubscriber(std::string, int)[m[Kâ€™:
[2.123s] [01m[K/ros2_test/AD_Middle_Test/ros2/src/simple_s/src/listener.cpp:59:260:[m[K [01;31m[Kerror: [m[Kno matching function for call to â€˜[01m[Kmessage_filters::Synchronizer<message_filters::sync_policies::ApproximateTime<test_interfaces::msg::Test_<std::allocator<void> >, test_interfaces::msg::Test_<std::allocator<void> > > >::Synchronizer(message_filters::sync_policies::ApproximateTime<test_interfaces::msg::Test_<std::allocator<void> >, test_interfaces::msg::Test_<std::allocator<void> > >, message_filters::Subscriber<test_interfaces::msg::Test_<std::allocator<void> > > MinimalSubscriber::*, message_filters::Subscriber<test_interfaces::msg::Test_<std::allocator<void> > > MinimalSubscriber::*)[m[Kâ€™
[2.123s]    59 |    this->sync_= new Synchronizer<sync_policies::ApproximateTime<test_interfaces::msg::Test,test_interfaces::msg::Test>>(sync_policies::ApproximateTime<test_interfaces::msg::Test,test_interfaces::msg::Test>(10),&MinimalSubscriber::sub1,&MinimalSubscriber::sub2[01;31m[K)[m[K;
[2.124s]       |                                                                                                                                                                                                                                                                    [01;31m[K^[m[K
[2.124s] In file included from [01m[K/ros2_test/AD_Middle_Test/ros2/src/simple_s/src/listener.cpp:6[m[K:
[2.124s] [01m[K/opt/ros/foxy/include/message_filters/synchronizer.h:208:3:[m[K [01;36m[Knote: [m[Kcandidate: â€˜[01m[Kmessage_filters::Synchronizer<Policy>::Synchronizer(const Policy&) [with Policy = message_filters::sync_policies::ApproximateTime<test_interfaces::msg::Test_<std::allocator<void> >, test_interfaces::msg::Test_<std::allocator<void> > >][m[Kâ€™
[2.124s]   208 |   [01;36m[KSynchronizer[m[K(const Policy& policy)
[2.124s]       |   [01;36m[K^~~~~~~~~~~~[m[K
[2.124s] [01m[K/opt/ros/foxy/include/message_filters/synchronizer.h:208:3:[m[K [01;36m[Knote: [m[K  candidate expects 1 argument, 3 provided
[2.124s] [01m[K/opt/ros/foxy/include/message_filters/synchronizer.h:201:3:[m[K [01;36m[Knote: [m[Kcandidate: â€˜[01m[Ktemplate<class F0, class F1, class F2, class F3, class F4, class F5, class F6, class F7, class F8> message_filters::Synchronizer<Policy>::Synchronizer(const Policy&, F0&, F1&, F2&, F3&, F4&, F5&, F6&, F7&, F8&)[m[Kâ€™
[2.125s]   201 |   [01;36m[KSynchronizer[m[K(const Policy& policy, F0& f0, F1& f1, F2& f2, F3& f3, F4& f4, F5& f5, F6& f6, F7& f7, F8& f8)
[2.125s]       |   [01;36m[K^~~~~~~~~~~~[m[K
[2.125s] [01m[K/opt/ros/foxy/include/message_filters/synchronizer.h:201:3:[m[K [01;36m[Knote: [m[K  template argument deduction/substitution failed:
[2.125s] [01m[K/ros2_test/AD_Middle_Test/ros2/src/simple_s/src/listener.cpp:59:260:[m[K [01;36m[Knote: [m[K  candidate expects 10 arguments, 3 provided
[2.125s]    59 |    this->sync_= new Synchronizer<sync_policies::ApproximateTime<test_interfaces::msg::Test,test_interfaces::msg::Test>>(sync_policies::ApproximateTime<test_interfaces::msg::Test,test_interfaces::msg::Test>(10),&MinimalSubscriber::sub1,&MinimalSubscriber::sub2[01;36m[K)[m[K;
[2.125s]       |                                                                                                                                                                                                                                                                    [01;36m[K^[m[K
[2.125s] In file included from [01m[K/ros2_test/AD_Middle_Test/ros2/src/simple_s/src/listener.cpp:6[m[K:
[2.126s] [01m[K/opt/ros/foxy/include/message_filters/synchronizer.h:193:3:[m[K [01;36m[Knote: [m[Kcandidate: â€˜[01m[Ktemplate<class F0, class F1, class F2, class F3, class F4, class F5, class F6, class F7> message_filters::Synchronizer<Policy>::Synchronizer(const Policy&, F0&, F1&, F2&, F3&, F4&, F5&, F6&, F7&)[m[Kâ€™
[2.126s]   193 |   [01;36m[KSynchronizer[m[K(const Policy& policy, F0& f0, F1& f1, F2& f2, F3& f3, F4& f4, F5& f5, F6& f6, F7& f7)
[2.126s]       |   [01;36m[K^~~~~~~~~~~~[m[K
[2.126s] [01m[K/opt/ros/foxy/include/message_filters/synchronizer.h:193:3:[m[K [01;36m[Knote: [m[K  template argument deduction/substitution failed:
[2.126s] [01m[K/ros2_test/AD_Middle_Test/ros2/src/simple_s/src/listener.cpp:59:260:[m[K [01;36m[Knote: [m[K  candidate expects 9 arguments, 3 provided
[2.126s]    59 |    this->sync_= new Synchronizer<sync_policies::ApproximateTime<test_interfaces::msg::Test,test_interfaces::msg::Test>>(sync_policies::ApproximateTime<test_interfaces::msg::Test,test_interfaces::msg::Test>(10),&MinimalSubscriber::sub1,&MinimalSubscriber::sub2[01;36m[K)[m[K;
[2.126s]       |                                                                                                                                                                                                                                                                    [01;36m[K^[m[K
[2.127s] In file included from [01m[K/ros2_test/AD_Middle_Test/ros2/src/simple_s/src/listener.cpp:6[m[K:
[2.127s] [01m[K/opt/ros/foxy/include/message_filters/synchronizer.h:185:3:[m[K [01;36m[Knote: [m[Kcandidate: â€˜[01m[Ktemplate<class F0, class F1, class F2, class F3, class F4, class F5, class F6> message_filters::Synchronizer<Policy>::Synchronizer(const Policy&, F0&, F1&, F2&, F3&, F4&, F5&, F6&)[m[Kâ€™
[2.127s]   185 |   [01;36m[KSynchronizer[m[K(const Policy& policy, F0& f0, F1& f1, F2& f2, F3& f3, F4& f4, F5& f5, F6& f6)
[2.127s]       |   [01;36m[K^~~~~~~~~~~~[m[K
[2.127s] [01m[K/opt/ros/foxy/include/message_filters/synchronizer.h:185:3:[m[K [01;36m[Knote: [m[K  template argument deduction/substitution failed:
[2.127s] [01m[K/ros2_test/AD_Middle_Test/ros2/src/simple_s/src/listener.cpp:59:260:[m[K [01;36m[Knote: [m[K  candidate expects 8 arguments, 3 provided
[2.127s]    59 |    this->sync_= new Synchronizer<sync_policies::ApproximateTime<test_interfaces::msg::Test,test_interfaces::msg::Test>>(sync_policies::ApproximateTime<test_interfaces::msg::Test,test_interfaces::msg::Test>(10),&MinimalSubscriber::sub1,&MinimalSubscriber::sub2[01;36m[K)[m[K;
[2.127s]       |                                                                                                                                                                                                                                                                    [01;36m[K^[m[K
[2.128s] In file included from [01m[K/ros2_test/AD_Middle_Test/ros2/src/simple_s/src/listener.cpp:6[m[K:
[2.128s] [01m[K/opt/ros/foxy/include/message_filters/synchronizer.h:177:3:[m[K [01;36m[Knote: [m[Kcandidate: â€˜[01m[Ktemplate<class F0, class F1, class F2, class F3, class F4, class F5> message_filters::Synchronizer<Policy>::Synchronizer(const Policy&, F0&, F1&, F2&, F3&, F4&, F5&)[m[Kâ€™
[2.128s]   177 |   [01;36m[KSynchronizer[m[K(const Policy& policy, F0& f0, F1& f1, F2& f2, F3& f3, F4& f4, F5& f5)
[2.128s]       |   [01;36m[K^~~~~~~~~~~~[m[K
[2.128s] [01m[K/opt/ros/foxy/include/message_filters/synchronizer.h:177:3:[m[K [01;36m[Knote: [m[K  template argument deduction/substitution failed:
[2.128s] [01m[K/ros2_test/AD_Middle_Test/ros2/src/simple_s/src/listener.cpp:59:260:[m[K [01;36m[Knote: [m[K  candidate expects 7 arguments, 3 provided
[2.128s]    59 |    this->sync_= new Synchronizer<sync_policies::ApproximateTime<test_interfaces::msg::Test,test_interfaces::msg::Test>>(sync_policies::ApproximateTime<test_interfaces::msg::Test,test_interfaces::msg::Test>(10),&MinimalSubscriber::sub1,&MinimalSubscriber::sub2[01;36m[K)[m[K;
[2.129s]       |                                                                                                                                                                                                                                                                    [01;36m[K^[m[K
[2.129s] In file included from [01m[K/ros2_test/AD_Middle_Test/ros2/src/simple_s/src/listener.cpp:6[m[K:
[2.129s] [01m[K/opt/ros/foxy/include/message_filters/synchronizer.h:169:3:[m[K [01;36m[Knote: [m[Kcandidate: â€˜[01m[Ktemplate<class F0, class F1, class F2, class F3, class F4> message_filters::Synchronizer<Policy>::Synchronizer(const Policy&, F0&, F1&, F2&, F3&, F4&)[m[Kâ€™
[2.129s]   169 |   [01;36m[KSynchronizer[m[K(const Policy& policy, F0& f0, F1& f1, F2& f2, F3& f3, F4& f4)
[2.129s]       |   [01;36m[K^~~~~~~~~~~~[m[K
[2.129s] [01m[K/opt/ros/foxy/include/message_filters/synchronizer.h:169:3:[m[K [01;36m[Knote: [m[K  template argument deduction/substitution failed:
[2.129s] [01m[K/ros2_test/AD_Middle_Test/ros2/src/simple_s/src/listener.cpp:59:260:[m[K [01;36m[Knote: [m[K  candidate expects 6 arguments, 3 provided
[2.130s]    59 |    this->sync_= new Synchronizer<sync_policies::ApproximateTime<test_interfaces::msg::Test,test_interfaces::msg::Test>>(sync_policies::ApproximateTime<test_interfaces::msg::Test,test_interfaces::msg::Test>(10),&MinimalSubscriber::sub1,&MinimalSubscriber::sub2[01;36m[K)[m[K;
[2.130s]       |                                                                                                                                                                                                                                                                    [01;36m[K^[m[K
[2.130s] In file included from [01m[K/ros2_test/AD_Middle_Test/ros2/src/simple_s/src/listener.cpp:6[m[K:
[2.130s] [01m[K/opt/ros/foxy/include/message_filters/synchronizer.h:161:3:[m[K [01;36m[Knote: [m[Kcandidate: â€˜[01m[Ktemplate<class F0, class F1, class F2, class F3> message_filters::Synchronizer<Policy>::Synchronizer(const Policy&, F0&, F1&, F2&, F3&)[m[Kâ€™
[2.130s]   161 |   [01;36m[KSynchronizer[m[K(const Policy& policy, F0& f0, F1& f1, F2& f2, F3& f3)
[2.130s]       |   [01;36m[K^~~~~~~~~~~~[m[K
[2.130s] [01m[K/opt/ros/foxy/include/message_filters/synchronizer.h:161:3:[m[K [01;36m[Knote: [m[K  template argument deduction/substitution failed:
[2.130s] [01m[K/ros2_test/AD_Middle_Test/ros2/src/simple_s/src/listener.cpp:59:260:[m[K [01;36m[Knote: [m[K  candidate expects 5 arguments, 3 provided
[2.131s]    59 |    this->sync_= new Synchronizer<sync_policies::ApproximateTime<test_interfaces::msg::Test,test_interfaces::msg::Test>>(sync_policies::ApproximateTime<test_interfaces::msg::Test,test_interfaces::msg::Test>(10),&MinimalSubscriber::sub1,&MinimalSubscriber::sub2[01;36m[K)[m[K;
[2.131s]       |                                                                                                                                                                                                                                                                    [01;36m[K^[m[K
[2.131s] In file included from [01m[K/ros2_test/AD_Middle_Test/ros2/src/simple_s/src/listener.cpp:6[m[K:
[2.131s] [01m[K/opt/ros/foxy/include/message_filters/synchronizer.h:153:3:[m[K [01;36m[Knote: [m[Kcandidate: â€˜[01m[Ktemplate<class F0, class F1, class F2> message_filters::Synchronizer<Policy>::Synchronizer(const Policy&, F0&, F1&, F2&)[m[Kâ€™
[2.131s]   153 |   [01;36m[KSynchronizer[m[K(const Policy& policy, F0& f0, F1& f1, F2& f2)
[2.131s]       |   [01;36m[K^~~~~~~~~~~~[m[K
[2.131s] [01m[K/opt/ros/foxy/include/message_filters/synchronizer.h:153:3:[m[K [01;36m[Knote: [m[K  template argument deduction/substitution failed:
[2.132s] [01m[K/ros2_test/AD_Middle_Test/ros2/src/simple_s/src/listener.cpp:59:260:[m[K [01;36m[Knote: [m[K  candidate expects 4 arguments, 3 provided
[2.132s]    59 |    this->sync_= new Synchronizer<sync_policies::ApproximateTime<test_interfaces::msg::Test,test_interfaces::msg::Test>>(sync_policies::ApproximateTime<test_interfaces::msg::Test,test_interfaces::msg::Test>(10),&MinimalSubscriber::sub1,&MinimalSubscriber::sub2[01;36m[K)[m[K;
[2.132s]       |                                                                                                                                                                                                                                                                    [01;36m[K^[m[K
[2.132s] In file included from [01m[K/ros2_test/AD_Middle_Test/ros2/src/simple_s/src/listener.cpp:6[m[K:
[2.132s] [01m[K/opt/ros/foxy/include/message_filters/synchronizer.h:145:3:[m[K [01;36m[Knote: [m[Kcandidate: â€˜[01m[Kmessage_filters::Synchronizer<Policy>::Synchronizer(const Policy&, F0&, F1&) [with F0 = message_filters::Subscriber<test_interfaces::msg::Test_<std::allocator<void> > > MinimalSubscriber::*; F1 = message_filters::Subscriber<test_interfaces::msg::Test_<std::allocator<void> > > MinimalSubscriber::*; Policy = message_filters::sync_policies::ApproximateTime<test_interfaces::msg::Test_<std::allocator<void> >, test_interfaces::msg::Test_<std::allocator<void> > >][m[Kâ€™ <near match>
[2.132s]   145 |   [01;36m[KSynchronizer[m[K(const Policy& policy, F0& f0, F1& f1)
[2.132s]       |   [01;36m[K^~~~~~~~~~~~[m[K
[2.133s] [01m[K/opt/ros/foxy/include/message_filters/synchronizer.h:145:3:[m[K [01;36m[Knote: [m[K  conversion of argument 3 would be ill-formed:
[2.133s] [01m[K/ros2_test/AD_Middle_Test/ros2/src/simple_s/src/listener.cpp:59:260:[m[K [01;31m[Kerror: [m[Kcannot bind non-const lvalue reference of type â€˜[01m[Kmessage_filters::Subscriber<test_interfaces::msg::Test_<std::allocator<void> > > MinimalSubscriber::*&[m[Kâ€™ to an rvalue of type â€˜[01m[Kmessage_filters::Subscriber<test_interfaces::msg::Test_<std::allocator<void> > > MinimalSubscriber::*[m[Kâ€™
[2.133s]    59 |    this->sync_= new Synchronizer<sync_policies::ApproximateTime<test_interfaces::msg::Test,test_interfaces::msg::Test>>(sync_policies::ApproximateTime<test_interfaces::msg::Test,test_interfaces::msg::Test>(10),&MinimalSubscriber::sub1,&MinimalSubscriber::sub2[01;31m[K)[m[K;
[2.133s]       |                                                                                                                                                                                                                                                                    [01;31m[K^[m[K
[2.133s] In file included from [01m[K/ros2_test/AD_Middle_Test/ros2/src/simple_s/src/listener.cpp:6[m[K:
[2.133s] [01m[K/opt/ros/foxy/include/message_filters/synchronizer.h:139:3:[m[K [01;36m[Knote: [m[Kcandidate: â€˜[01m[Kmessage_filters::Synchronizer<Policy>::Synchronizer() [with Policy = message_filters::sync_policies::ApproximateTime<test_interfaces::msg::Test_<std::allocator<void> >, test_interfaces::msg::Test_<std::allocator<void> > >][m[Kâ€™
[2.133s]   139 |   [01;36m[KSynchronizer[m[K()
[2.133s]       |   [01;36m[K^~~~~~~~~~~~[m[K
[2.134s] [01m[K/opt/ros/foxy/include/message_filters/synchronizer.h:139:3:[m[K [01;36m[Knote: [m[K  candidate expects 0 arguments, 3 provided
[2.134s] [01m[K/opt/ros/foxy/include/message_filters/synchronizer.h:133:3:[m[K [01;36m[Knote: [m[Kcandidate: â€˜[01m[Ktemplate<class F0, class F1, class F2, class F3, class F4, class F5, class F6, class F7, class F8> message_filters::Synchronizer<Policy>::Synchronizer(F0&, F1&, F2&, F3&, F4&, F5&, F6&, F7&, F8&)[m[Kâ€™
[2.134s]   133 |   [01;36m[KSynchronizer[m[K(F0& f0, F1& f1, F2& f2, F3& f3, F4& f4, F5& f5, F6& f6, F7& f7, F8& f8)
[2.134s]       |   [01;36m[K^~~~~~~~~~~~[m[K
[2.134s] [01m[K/opt/ros/foxy/include/message_filters/synchronizer.h:133:3:[m[K [01;36m[Knote: [m[K  template argument deduction/substitution failed:
[2.134s] [01m[K/ros2_test/AD_Middle_Test/ros2/src/simple_s/src/listener.cpp:59:260:[m[K [01;36m[Knote: [m[K  candidate expects 9 arguments, 3 provided
[2.134s]    59 |    this->sync_= new Synchronizer<sync_policies::ApproximateTime<test_interfaces::msg::Test,test_interfaces::msg::Test>>(sync_policies::ApproximateTime<test_interfaces::msg::Test,test_interfaces::msg::Test>(10),&MinimalSubscriber::sub1,&MinimalSubscriber::sub2[01;36m[K)[m[K;
[2.135s]       |                                                                                                                                                                                                                                                                    [01;36m[K^[m[K
[2.135s] In file included from [01m[K/ros2_test/AD_Middle_Test/ros2/src/simple_s/src/listener.cpp:6[m[K:
[2.135s] [01m[K/opt/ros/foxy/include/message_filters/synchronizer.h:126:3:[m[K [01;36m[Knote: [m[Kcandidate: â€˜[01m[Ktemplate<class F0, class F1, class F2, class F3, class F4, class F5, class F6, class F7> message_filters::Synchronizer<Policy>::Synchronizer(F0&, F1&, F2&, F3&, F4&, F5&, F6&, F7&)[m[Kâ€™
[2.135s]   126 |   [01;36m[KSynchronizer[m[K(F0& f0, F1& f1, F2& f2, F3& f3, F4& f4, F5& f5, F6& f6, F7& f7)
[2.135s]       |   [01;36m[K^~~~~~~~~~~~[m[K
[2.135s] [01m[K/opt/ros/foxy/include/message_filters/synchronizer.h:126:3:[m[K [01;36m[Knote: [m[K  template argument deduction/substitution failed:
[2.135s] [01m[K/ros2_test/AD_Middle_Test/ros2/src/simple_s/src/listener.cpp:59:260:[m[K [01;36m[Knote: [m[K  candidate expects 8 arguments, 3 provided
[2.136s]    59 |    this->sync_= new Synchronizer<sync_policies::ApproximateTime<test_interfaces::msg::Test,test_interfaces::msg::Test>>(sync_policies::ApproximateTime<test_interfaces::msg::Test,test_interfaces::msg::Test>(10),&MinimalSubscriber::sub1,&MinimalSubscriber::sub2[01;36m[K)[m[K;
[2.136s]       |                                                                                                                                                                                                                                                                    [01;36m[K^[m[K
[2.136s] In file included from [01m[K/ros2_test/AD_Middle_Test/ros2/src/simple_s/src/listener.cpp:6[m[K:
[2.136s] [01m[K/opt/ros/foxy/include/message_filters/synchronizer.h:119:3:[m[K [01;36m[Knote: [m[Kcandidate: â€˜[01m[Ktemplate<class F0, class F1, class F2, class F3, class F4, class F5, class F6> message_filters::Synchronizer<Policy>::Synchronizer(F0&, F1&, F2&, F3&, F4&, F5&, F6&)[m[Kâ€™
[2.136s]   119 |   [01;36m[KSynchronizer[m[K(F0& f0, F1& f1, F2& f2, F3& f3, F4& f4, F5& f5, F6& f6)
[2.136s]       |   [01;36m[K^~~~~~~~~~~~[m[K
[2.136s] [01m[K/opt/ros/foxy/include/message_filters/synchronizer.h:119:3:[m[K [01;36m[Knote: [m[K  template argument deduction/substitution failed:
[2.136s] [01m[K/ros2_test/AD_Middle_Test/ros2/src/simple_s/src/listener.cpp:59:260:[m[K [01;36m[Knote: [m[K  candidate expects 7 arguments, 3 provided
[2.137s]    59 |    this->sync_= new Synchronizer<sync_policies::ApproximateTime<test_interfaces::msg::Test,test_interfaces::msg::Test>>(sync_policies::ApproximateTime<test_interfaces::msg::Test,test_interfaces::msg::Test>(10),&MinimalSubscriber::sub1,&MinimalSubscriber::sub2[01;36m[K)[m[K;
[2.137s]       |                                                                                                                                                                                                                                                                    [01;36m[K^[m[K
[2.137s] In file included from [01m[K/ros2_test/AD_Middle_Test/ros2/src/simple_s/src/listener.cpp:6[m[K:
[2.137s] [01m[K/opt/ros/foxy/include/message_filters/synchronizer.h:112:3:[m[K [01;36m[Knote: [m[Kcandidate: â€˜[01m[Ktemplate<class F0, class F1, class F2, class F3, class F4, class F5> message_filters::Synchronizer<Policy>::Synchronizer(F0&, F1&, F2&, F3&, F4&, F5&)[m[Kâ€™
[2.137s]   112 |   [01;36m[KSynchronizer[m[K(F0& f0, F1& f1, F2& f2, F3& f3, F4& f4, F5& f5)
[2.137s]       |   [01;36m[K^~~~~~~~~~~~[m[K
[2.137s] [01m[K/opt/ros/foxy/include/message_filters/synchronizer.h:112:3:[m[K [01;36m[Knote: [m[K  template argument deduction/substitution failed:
[2.138s] [01m[K/ros2_test/AD_Middle_Test/ros2/src/simple_s/src/listener.cpp:59:260:[m[K [01;36m[Knote: [m[K  candidate expects 6 arguments, 3 provided
[2.138s]    59 |    this->sync_= new Synchronizer<sync_policies::ApproximateTime<test_interfaces::msg::Test,test_interfaces::msg::Test>>(sync_policies::ApproximateTime<test_interfaces::msg::Test,test_interfaces::msg::Test>(10),&MinimalSubscriber::sub1,&MinimalSubscriber::sub2[01;36m[K)[m[K;
[2.138s]       |                                                                                                                                                                                                                                                                    [01;36m[K^[m[K
[2.138s] In file included from [01m[K/ros2_test/AD_Middle_Test/ros2/src/simple_s/src/listener.cpp:6[m[K:
[2.138s] [01m[K/opt/ros/foxy/include/message_filters/synchronizer.h:105:3:[m[K [01;36m[Knote: [m[Kcandidate: â€˜[01m[Ktemplate<class F0, class F1, class F2, class F3, class F4> message_filters::Synchronizer<Policy>::Synchronizer(F0&, F1&, F2&, F3&, F4&)[m[Kâ€™
[2.138s]   105 |   [01;36m[KSynchronizer[m[K(F0& f0, F1& f1, F2& f2, F3& f3, F4& f4)
[2.138s]       |   [01;36m[K^~~~~~~~~~~~[m[K
[2.138s] [01m[K/opt/ros/foxy/include/message_filters/synchronizer.h:105:3:[m[K [01;36m[Knote: [m[K  template argument deduction/substitution failed:
[2.139s] [01m[K/ros2_test/AD_Middle_Test/ros2/src/simple_s/src/listener.cpp:59:260:[m[K [01;36m[Knote: [m[K  candidate expects 5 arguments, 3 provided
[2.139s]    59 |    this->sync_= new Synchronizer<sync_policies::ApproximateTime<test_interfaces::msg::Test,test_interfaces::msg::Test>>(sync_policies::ApproximateTime<test_interfaces::msg::Test,test_interfaces::msg::Test>(10),&MinimalSubscriber::sub1,&MinimalSubscriber::sub2[01;36m[K)[m[K;
[2.139s]       |                                                                                                                                                                                                                                                                    [01;36m[K^[m[K
[2.139s] In file included from [01m[K/ros2_test/AD_Middle_Test/ros2/src/simple_s/src/listener.cpp:6[m[K:
[2.139s] [01m[K/opt/ros/foxy/include/message_filters/synchronizer.h:98:3:[m[K [01;36m[Knote: [m[Kcandidate: â€˜[01m[Ktemplate<class F0, class F1, class F2, class F3> message_filters::Synchronizer<Policy>::Synchronizer(F0&, F1&, F2&, F3&)[m[Kâ€™
[2.139s]    98 |   [01;36m[KSynchronizer[m[K(F0& f0, F1& f1, F2& f2, F3& f3)
[2.139s]       |   [01;36m[K^~~~~~~~~~~~[m[K
[2.140s] [01m[K/opt/ros/foxy/include/message_filters/synchronizer.h:98:3:[m[K [01;36m[Knote: [m[K  template argument deduction/substitution failed:
[2.140s] [01m[K/ros2_test/AD_Middle_Test/ros2/src/simple_s/src/listener.cpp:59:260:[m[K [01;36m[Knote: [m[K  candidate expects 4 arguments, 3 provided
[2.140s]    59 |    this->sync_= new Synchronizer<sync_policies::ApproximateTime<test_interfaces::msg::Test,test_interfaces::msg::Test>>(sync_policies::ApproximateTime<test_interfaces::msg::Test,test_interfaces::msg::Test>(10),&MinimalSubscriber::sub1,&MinimalSubscriber::sub2[01;36m[K)[m[K;
[2.140s]       |                                                                                                                                                                                                                                                                    [01;36m[K^[m[K
[2.140s] In file included from [01m[K/ros2_test/AD_Middle_Test/ros2/src/simple_s/src/listener.cpp:6[m[K:
[2.140s] [01m[K/opt/ros/foxy/include/message_filters/synchronizer.h:91:3:[m[K [01;36m[Knote: [m[Kcandidate: â€˜[01m[Kmessage_filters::Synchronizer<Policy>::Synchronizer(F0&, F1&, F2&) [with F0 = message_filters::sync_policies::ApproximateTime<test_interfaces::msg::Test_<std::allocator<void> >, test_interfaces::msg::Test_<std::allocator<void> > >; F1 = message_filters::Subscriber<test_interfaces::msg::Test_<std::allocator<void> > > MinimalSubscriber::*; F2 = message_filters::Subscriber<test_interfaces::msg::Test_<std::allocator<void> > > MinimalSubscriber::*; Policy = message_filters::sync_policies::ApproximateTime<test_interfaces::msg::Test_<std::allocator<void> >, test_interfaces::msg::Test_<std::allocator<void> > >][m[Kâ€™ <near match>
[2.140s]    91 |   [01;36m[KSynchronizer[m[K(F0& f0, F1& f1, F2& f2)
[2.141s]       |   [01;36m[K^~~~~~~~~~~~[m[K
[2.141s] [01m[K/opt/ros/foxy/include/message_filters/synchronizer.h:91:3:[m[K [01;36m[Knote: [m[K  conversion of argument 3 would be ill-formed:
[2.141s] [01m[K/ros2_test/AD_Middle_Test/ros2/src/simple_s/src/listener.cpp:59:260:[m[K [01;31m[Kerror: [m[Kcannot bind non-const lvalue reference of type â€˜[01m[Kmessage_filters::Subscriber<test_interfaces::msg::Test_<std::allocator<void> > > MinimalSubscriber::*&[m[Kâ€™ to an rvalue of type â€˜[01m[Kmessage_filters::Subscriber<test_interfaces::msg::Test_<std::allocator<void> > > MinimalSubscriber::*[m[Kâ€™
[2.141s]    59 |    this->sync_= new Synchronizer<sync_policies::ApproximateTime<test_interfaces::msg::Test,test_interfaces::msg::Test>>(sync_policies::ApproximateTime<test_interfaces::msg::Test,test_interfaces::msg::Test>(10),&MinimalSubscriber::sub1,&MinimalSubscriber::sub2[01;31m[K)[m[K;
[2.141s]       |                                                                                                                                                                                                                                                                    [01;31m[K^[m[K
[2.141s] In file included from [01m[K/ros2_test/AD_Middle_Test/ros2/src/simple_s/src/listener.cpp:6[m[K:
[2.141s] [01m[K/opt/ros/foxy/include/message_filters/synchronizer.h:84:3:[m[K [01;36m[Knote: [m[Kcandidate: â€˜[01m[Ktemplate<class F0, class F1> message_filters::Synchronizer<Policy>::Synchronizer(F0&, F1&)[m[Kâ€™
[2.141s]    84 |   [01;36m[KSynchronizer[m[K(F0& f0, F1& f1)
[2.142s]       |   [01;36m[K^~~~~~~~~~~~[m[K
[2.142s] [01m[K/opt/ros/foxy/include/message_filters/synchronizer.h:84:3:[m[K [01;36m[Knote: [m[K  template argument deduction/substitution failed:
[2.142s] [01m[K/ros2_test/AD_Middle_Test/ros2/src/simple_s/src/listener.cpp:59:260:[m[K [01;36m[Knote: [m[K  candidate expects 2 arguments, 3 provided
[2.142s]    59 |    this->sync_= new Synchronizer<sync_policies::ApproximateTime<test_interfaces::msg::Test,test_interfaces::msg::Test>>(sync_policies::ApproximateTime<test_interfaces::msg::Test,test_interfaces::msg::Test>(10),&MinimalSubscriber::sub1,&MinimalSubscriber::sub2[01;36m[K)[m[K;
[2.142s]       |                                                                                                                                                                                                                                                                    [01;36m[K^[m[K
[3.842s] make[2]: *** [CMakeFiles/listener.dir/build.make:63: CMakeFiles/listener.dir/src/listener.cpp.o] Error 1
[3.843s] make[1]: *** [CMakeFiles/Makefile2:80: CMakeFiles/listener.dir/all] Error 2
[3.843s] make: *** [Makefile:141: all] Error 2
