[3.688s] [01m[K/ros2_test/AD_Middle_Test/ros2/src/detect_s/src/Line.cpp:[m[K In constructor â€˜[01m[KLine::Line(std::string, std::string, std::string)[m[Kâ€™:
[3.688s] [01m[K/ros2_test/AD_Middle_Test/ros2/src/detect_s/src/Line.cpp:23:62:[m[K [01;31m[Kerror: [m[Kâ€˜[01m[KLineResult[m[Kâ€™ is not a member of â€˜[01m[Ktest_interfaces::msg[m[Kâ€™; did you mean â€˜[01m[KLinesResult[m[Kâ€™?
[3.689s]    23 |    publisher_ = this->create_publisher<test_interfaces::msg::[01;31m[KLineResult[m[K>(pub_channel_name, qos_);    // CHANGE
[3.689s]       |                                                              [01;31m[K^~~~~~~~~~[m[K
[3.689s]       |                                                              [32m[KLinesResult[m[K
[3.689s] [01m[K/ros2_test/AD_Middle_Test/ros2/src/detect_s/src/Line.cpp:23:62:[m[K [01;31m[Kerror: [m[Kâ€˜[01m[KLineResult[m[Kâ€™ is not a member of â€˜[01m[Ktest_interfaces::msg[m[Kâ€™; did you mean â€˜[01m[KLinesResult[m[Kâ€™?
[3.689s]    23 |    publisher_ = this->create_publisher<test_interfaces::msg::[01;31m[KLineResult[m[K>(pub_channel_name, qos_);    // CHANGE
[3.689s]       |                                                              [01;31m[K^~~~~~~~~~[m[K
[3.689s]       |                                                              [32m[KLinesResult[m[K
[3.690s] [01m[K/ros2_test/AD_Middle_Test/ros2/src/detect_s/src/Line.cpp:23:96:[m[K [01;31m[Kerror: [m[Kno matching function for call to â€˜[01m[KLine::create_publisher<<expression error> >(std::string&, rclcpp::QoS&)[m[Kâ€™
[3.690s]    23 |    publisher_ = this->create_publisher<test_interfaces::msg::LineResult>(pub_channel_name, qos_[01;31m[K)[m[K;    // CHANGE
[3.690s]       |                                                                                                [01;31m[K^[m[K
[3.690s] In file included from [01m[K/opt/ros/foxy/include/rclcpp/executors/single_threaded_executor.hpp:28[m[K,
[3.690s]                  from [01m[K/opt/ros/foxy/include/rclcpp/executors.hpp:22[m[K,
[3.690s]                  from [01m[K/opt/ros/foxy/include/rclcpp/rclcpp.hpp:145[m[K,
[3.690s]                  from [01m[K/ros2_test/AD_Middle_Test/ros2/src/detect_s/src/Line.cpp:7[m[K:
[3.691s] [01m[K/opt/ros/foxy/include/rclcpp/node.hpp:179:3:[m[K [01;36m[Knote: [m[Kcandidate: â€˜[01m[Ktemplate<class MessageT, class AllocatorT, class PublisherT> std::shared_ptr<PublisherT> rclcpp::Node::create_publisher(const string&, const rclcpp::QoS&, const rclcpp::PublisherOptionsWithAllocator<AllocatorT>&)[m[Kâ€™
[3.691s]   179 |   [01;36m[Kcreate_publisher[m[K(
[3.691s]       |   [01;36m[K^~~~~~~~~~~~~~~~[m[K
[3.691s] [01m[K/opt/ros/foxy/include/rclcpp/node.hpp:179:3:[m[K [01;36m[Knote: [m[K  template argument deduction/substitution failed:
[3.691s] [01m[K/ros2_test/AD_Middle_Test/ros2/src/detect_s/src/Line.cpp:23:96:[m[K [01;31m[Kerror: [m[Ktemplate argument 1 is invalid
[3.691s]    23 |    publisher_ = this->create_publisher<test_interfaces::msg::LineResult>(pub_channel_name, qos_[01;31m[K)[m[K;    // CHANGE
[3.691s]       |                                                                                                [01;31m[K^[m[K
[3.712s] [01m[K/ros2_test/AD_Middle_Test/ros2/src/detect_s/src/Line.cpp:[m[K In member function â€˜[01m[Kvoid Line::topic_callback(test_interfaces::msg::TestImage_<std::allocator<void> >::SharedPtr)[m[Kâ€™:
[3.712s] [01m[K/ros2_test/AD_Middle_Test/ros2/src/detect_s/src/Line.cpp:41:1:[m[K [01;31m[Kerror: [m[Kâ€˜[01m[KPoint[m[Kâ€™ was not declared in this scope; did you mean â€˜[01m[Kcv::Point[m[Kâ€™?
[3.713s]    41 | [01;31m[KPoint[m[K*result = new Point[4];
[3.713s]       | [01;31m[K^~~~~[m[K
[3.713s]       | [32m[Kcv::Point[m[K
[3.713s] In file included from [01m[K/usr/local/include/opencv2/core.hpp:58[m[K,
[3.713s]                  from [01m[K/usr/local/include/opencv2/highgui.hpp:46[m[K,
[3.713s]                  from [01m[K/usr/local/include/opencv2/highgui/highgui.hpp:48[m[K,
[3.713s]                  from [01m[K/ros2_test/AD_Middle_Test/ros2/src/detect_s/src/Line.cpp:9[m[K:
[3.714s] [01m[K/usr/local/include/opencv2/core/types.hpp:192:17:[m[K [01;36m[Knote: [m[Kâ€˜[01m[Kcv::Point[m[Kâ€™ declared here
[3.714s]   192 | typedef Point2i [01;36m[KPoint[m[K;
[3.714s]       |                 [01;36m[K^~~~~[m[K
[3.715s] [01m[K/ros2_test/AD_Middle_Test/ros2/src/detect_s/src/Line.cpp:41:7:[m[K [01;31m[Kerror: [m[Kâ€˜[01m[Kresult[m[Kâ€™ was not declared in this scope
[3.716s]    41 | Point*[01;31m[Kresult[m[K = new Point[4];
[3.716s]       |       [01;31m[K^~~~~~[m[K
[3.717s] [01m[K/ros2_test/AD_Middle_Test/ros2/src/detect_s/src/Line.cpp:41:20:[m[K [01;31m[Kerror: [m[Kâ€˜[01m[KPoint[m[Kâ€™ does not name a type; did you mean â€˜[01m[KcvPoint[m[Kâ€™?
[3.717s]    41 | Point*result = new [01;31m[KPoint[m[K[4];
[3.717s]       |                    [01;31m[K^~~~~[m[K
[3.717s]       |                    [32m[KcvPoint[m[K
[3.725s] [01m[K/ros2_test/AD_Middle_Test/ros2/src/detect_s/src/Line.cpp:42:1:[m[K [01;31m[Kerror: [m[Kâ€˜[01m[Klines_process[m[Kâ€™ was not declared in this scope
[3.726s]    42 | [01;31m[Klines_process[m[K(tmp,result);
[3.726s]       | [01;31m[K^~~~~~~~~~~~~[m[K
[5.797s] make[2]: *** [CMakeFiles/line.dir/build.make:63: CMakeFiles/line.dir/src/Line.cpp.o] Error 1
[5.797s] make[1]: *** [CMakeFiles/Makefile2:82: CMakeFiles/line.dir/all] Error 2
[5.797s] make: *** [Makefile:141: all] Error 2
