[2.555s] [01m[K/ros2_test/AD_Middle_Test/ros2/src/detect_s/src/CameraTimer.cpp:[m[K In member function â€˜[01m[Kvoid CameraTimer::timer_callback()[m[Kâ€™:
[2.556s] [01m[K/ros2_test/AD_Middle_Test/ros2/src/detect_s/src/CameraTimer.cpp:50:20:[m[K [01;35m[Kwarning: [m[Kcomparison of integer expressions of different signedness: â€˜[01m[Kint[m[Kâ€™ and â€˜[01m[Ksize_t[m[Kâ€™ {aka â€˜[01m[Klong unsigned int[m[Kâ€™} [[01;35m[K-Wsign-compare[m[K]
[2.556s]    50 |      for(int k =0;[01;35m[Kk<image.elemSize()[m[K;k++){
[2.556s]       |                   [01;35m[K~^~~~~~~~~~~~~~~~~[m[K
[2.556s] [01m[K/ros2_test/AD_Middle_Test/ros2/src/detect_s/src/CameraTimer.cpp:52:39:[m[K [01;31m[Kerror: [m[Kâ€˜[01m[KVec3b[m[Kâ€™ was not declared in this scope; did you mean â€˜[01m[Kcv::Vec3b[m[Kâ€™?
[2.557s]    52 |    message->mat_data[imgS] = image.at<[01;31m[KVec3b[m[K>(i,j)[k];
[2.558s]       |                                       [01;31m[K^~~~~[m[K
[2.558s]       |                                       [32m[Kcv::Vec3b[m[K
[2.558s] In file included from [01m[K/usr/include/opencv4/opencv2/core.hpp:57[m[K,
[2.558s]                  from [01m[K/usr/include/opencv4/opencv2/highgui.hpp:46[m[K,
[2.558s]                  from [01m[K/usr/include/opencv4/opencv2/highgui/highgui.hpp:48[m[K,
[2.558s]                  from [01m[K/ros2_test/AD_Middle_Test/ros2/src/detect_s/src/CameraTimer.cpp:7[m[K:
[2.558s] [01m[K/usr/include/opencv4/opencv2/core/matx.hpp:401:23:[m[K [01;36m[Knote: [m[Kâ€˜[01m[Kcv::Vec3b[m[Kâ€™ declared here
[2.559s]   401 | typedef Vec<uchar, 3> [01;36m[KVec3b[m[K;
[2.559s]       |                       [01;36m[K^~~~~[m[K
[2.559s] [01m[K/ros2_test/AD_Middle_Test/ros2/src/detect_s/src/CameraTimer.cpp:52:49:[m[K [01;31m[Kerror: [m[Kno matching function for call to â€˜[01m[Kcv::Mat::at<<expression error> >(int&, int&)[m[Kâ€™
[2.559s]    52 |    message->mat_data[imgS] = image.at<Vec3b>(i,j[01;31m[K)[m[K[k];
[2.559s]       |                                                 [01;31m[K^[m[K
[2.559s] In file included from [01m[K/usr/include/opencv4/opencv2/core.hpp:59[m[K,
[2.559s]                  from [01m[K/usr/include/opencv4/opencv2/highgui.hpp:46[m[K,
[2.559s]                  from [01m[K/usr/include/opencv4/opencv2/highgui/highgui.hpp:48[m[K,
[2.560s]                  from [01m[K/ros2_test/AD_Middle_Test/ros2/src/detect_s/src/CameraTimer.cpp:7[m[K:
[2.560s] [01m[K/usr/include/opencv4/opencv2/core/mat.hpp:1911:33:[m[K [01;36m[Knote: [m[Kcandidate: â€˜[01m[Ktemplate<class _Tp> _Tp& cv::Mat::at(int)[m[Kâ€™
[2.560s]  1911 |     template<typename _Tp> _Tp& [01;36m[Kat[m[K(int i0=0);
[2.560s]       |                                 [01;36m[K^~[m[K
[2.560s] [01m[K/usr/include/opencv4/opencv2/core/mat.hpp:1911:33:[m[K [01;36m[Knote: [m[K  template argument deduction/substitution failed:
[2.560s] [01m[K/ros2_test/AD_Middle_Test/ros2/src/detect_s/src/CameraTimer.cpp:52:49:[m[K [01;31m[Kerror: [m[Ktemplate argument 1 is invalid
[2.560s]    52 |    message->mat_data[imgS] = image.at<Vec3b>(i,j[01;31m[K)[m[K[k];
[2.561s]       |                                                 [01;31m[K^[m[K
[2.561s] In file included from [01m[K/usr/include/opencv4/opencv2/core.hpp:59[m[K,
[2.561s]                  from [01m[K/usr/include/opencv4/opencv2/highgui.hpp:46[m[K,
[2.561s]                  from [01m[K/usr/include/opencv4/opencv2/highgui/highgui.hpp:48[m[K,
[2.561s]                  from [01m[K/ros2_test/AD_Middle_Test/ros2/src/detect_s/src/CameraTimer.cpp:7[m[K:
[2.561s] [01m[K/usr/include/opencv4/opencv2/core/mat.hpp:1915:39:[m[K [01;36m[Knote: [m[Kcandidate: â€˜[01m[Ktemplate<class _Tp> const _Tp& cv::Mat::at(int) const[m[Kâ€™
[2.561s]  1915 |     template<typename _Tp> const _Tp& [01;36m[Kat[m[K(int i0=0) const;
[2.562s]       |                                       [01;36m[K^~[m[K
[2.562s] [01m[K/usr/include/opencv4/opencv2/core/mat.hpp:1915:39:[m[K [01;36m[Knote: [m[K  template argument deduction/substitution failed:
[2.562s] [01m[K/ros2_test/AD_Middle_Test/ros2/src/detect_s/src/CameraTimer.cpp:52:49:[m[K [01;31m[Kerror: [m[Ktemplate argument 1 is invalid
[2.562s]    52 |    message->mat_data[imgS] = image.at<Vec3b>(i,j[01;31m[K)[m[K[k];
[2.562s]       |                                                 [01;31m[K^[m[K
[2.562s] In file included from [01m[K/usr/include/opencv4/opencv2/core.hpp:59[m[K,
[2.562s]                  from [01m[K/usr/include/opencv4/opencv2/highgui.hpp:46[m[K,
[2.562s]                  from [01m[K/usr/include/opencv4/opencv2/highgui/highgui.hpp:48[m[K,
[2.563s]                  from [01m[K/ros2_test/AD_Middle_Test/ros2/src/detect_s/src/CameraTimer.cpp:7[m[K:
[2.563s] [01m[K/usr/include/opencv4/opencv2/core/mat.hpp:1920:33:[m[K [01;36m[Knote: [m[Kcandidate: â€˜[01m[Ktemplate<class _Tp> _Tp& cv::Mat::at(int, int)[m[Kâ€™
[2.563s]  1920 |     template<typename _Tp> _Tp& [01;36m[Kat[m[K(int row, int col);
[2.563s]       |                                 [01;36m[K^~[m[K
[2.563s] [01m[K/usr/include/opencv4/opencv2/core/mat.hpp:1920:33:[m[K [01;36m[Knote: [m[K  template argument deduction/substitution failed:
[2.563s] [01m[K/ros2_test/AD_Middle_Test/ros2/src/detect_s/src/CameraTimer.cpp:52:49:[m[K [01;31m[Kerror: [m[Ktemplate argument 1 is invalid
[2.563s]    52 |    message->mat_data[imgS] = image.at<Vec3b>(i,j[01;31m[K)[m[K[k];
[2.564s]       |                                                 [01;31m[K^[m[K
[2.564s] In file included from [01m[K/usr/include/opencv4/opencv2/core.hpp:59[m[K,
[2.564s]                  from [01m[K/usr/include/opencv4/opencv2/highgui.hpp:46[m[K,
[2.564s]                  from [01m[K/usr/include/opencv4/opencv2/highgui/highgui.hpp:48[m[K,
[2.564s]                  from [01m[K/ros2_test/AD_Middle_Test/ros2/src/detect_s/src/CameraTimer.cpp:7[m[K:
[2.564s] [01m[K/usr/include/opencv4/opencv2/core/mat.hpp:1925:39:[m[K [01;36m[Knote: [m[Kcandidate: â€˜[01m[Ktemplate<class _Tp> const _Tp& cv::Mat::at(int, int) const[m[Kâ€™
[2.564s]  1925 |     template<typename _Tp> const _Tp& [01;36m[Kat[m[K(int row, int col) const;
[2.564s]       |                                       [01;36m[K^~[m[K
[2.565s] [01m[K/usr/include/opencv4/opencv2/core/mat.hpp:1925:39:[m[K [01;36m[Knote: [m[K  template argument deduction/substitution failed:
[2.565s] [01m[K/ros2_test/AD_Middle_Test/ros2/src/detect_s/src/CameraTimer.cpp:52:49:[m[K [01;31m[Kerror: [m[Ktemplate argument 1 is invalid
[2.565s]    52 |    message->mat_data[imgS] = image.at<Vec3b>(i,j[01;31m[K)[m[K[k];
[2.565s]       |                                                 [01;31m[K^[m[K
[2.565s] In file included from [01m[K/usr/include/opencv4/opencv2/core.hpp:59[m[K,
[2.565s]                  from [01m[K/usr/include/opencv4/opencv2/highgui.hpp:46[m[K,
[2.565s]                  from [01m[K/usr/include/opencv4/opencv2/highgui/highgui.hpp:48[m[K,
[2.566s]                  from [01m[K/ros2_test/AD_Middle_Test/ros2/src/detect_s/src/CameraTimer.cpp:7[m[K:
[2.566s] [01m[K/usr/include/opencv4/opencv2/core/mat.hpp:1932:33:[m[K [01;36m[Knote: [m[Kcandidate: â€˜[01m[Ktemplate<class _Tp> _Tp& cv::Mat::at(int, int, int)[m[Kâ€™
[2.566s]  1932 |     template<typename _Tp> _Tp& [01;36m[Kat[m[K(int i0, int i1, int i2);
[2.566s]       |                                 [01;36m[K^~[m[K
[2.566s] [01m[K/usr/include/opencv4/opencv2/core/mat.hpp:1932:33:[m[K [01;36m[Knote: [m[K  template argument deduction/substitution failed:
[2.566s] [01m[K/ros2_test/AD_Middle_Test/ros2/src/detect_s/src/CameraTimer.cpp:52:49:[m[K [01;31m[Kerror: [m[Ktemplate argument 1 is invalid
[2.566s]    52 |    message->mat_data[imgS] = image.at<Vec3b>(i,j[01;31m[K)[m[K[k];
[2.567s]       |                                                 [01;31m[K^[m[K
[2.567s] In file included from [01m[K/usr/include/opencv4/opencv2/core.hpp:59[m[K,
[2.567s]                  from [01m[K/usr/include/opencv4/opencv2/highgui.hpp:46[m[K,
[2.567s]                  from [01m[K/usr/include/opencv4/opencv2/highgui/highgui.hpp:48[m[K,
[2.567s]                  from [01m[K/ros2_test/AD_Middle_Test/ros2/src/detect_s/src/CameraTimer.cpp:7[m[K:
[2.567s] [01m[K/usr/include/opencv4/opencv2/core/mat.hpp:1938:39:[m[K [01;36m[Knote: [m[Kcandidate: â€˜[01m[Ktemplate<class _Tp> const _Tp& cv::Mat::at(int, int, int) const[m[Kâ€™
[2.567s]  1938 |     template<typename _Tp> const _Tp& [01;36m[Kat[m[K(int i0, int i1, int i2) const;
[2.567s]       |                                       [01;36m[K^~[m[K
[2.568s] [01m[K/usr/include/opencv4/opencv2/core/mat.hpp:1938:39:[m[K [01;36m[Knote: [m[K  template argument deduction/substitution failed:
[2.568s] [01m[K/ros2_test/AD_Middle_Test/ros2/src/detect_s/src/CameraTimer.cpp:52:49:[m[K [01;31m[Kerror: [m[Ktemplate argument 1 is invalid
[2.568s]    52 |    message->mat_data[imgS] = image.at<Vec3b>(i,j[01;31m[K)[m[K[k];
[2.568s]       |                                                 [01;31m[K^[m[K
[2.568s] In file included from [01m[K/usr/include/opencv4/opencv2/core.hpp:59[m[K,
[2.568s]                  from [01m[K/usr/include/opencv4/opencv2/highgui.hpp:46[m[K,
[2.568s]                  from [01m[K/usr/include/opencv4/opencv2/highgui/highgui.hpp:48[m[K,
[2.569s]                  from [01m[K/ros2_test/AD_Middle_Test/ros2/src/detect_s/src/CameraTimer.cpp:7[m[K:
[2.569s] [01m[K/usr/include/opencv4/opencv2/core/mat.hpp:1943:33:[m[K [01;36m[Knote: [m[Kcandidate: â€˜[01m[Ktemplate<class _Tp> _Tp& cv::Mat::at(const int*)[m[Kâ€™
[2.569s]  1943 |     template<typename _Tp> _Tp& [01;36m[Kat[m[K(const int* idx);
[2.569s]       |                                 [01;36m[K^~[m[K
[2.569s] [01m[K/usr/include/opencv4/opencv2/core/mat.hpp:1943:33:[m[K [01;36m[Knote: [m[K  template argument deduction/substitution failed:
[2.569s] [01m[K/ros2_test/AD_Middle_Test/ros2/src/detect_s/src/CameraTimer.cpp:52:49:[m[K [01;31m[Kerror: [m[Ktemplate argument 1 is invalid
[2.569s]    52 |    message->mat_data[imgS] = image.at<Vec3b>(i,j[01;31m[K)[m[K[k];
[2.569s]       |                                                 [01;31m[K^[m[K
[2.570s] In file included from [01m[K/usr/include/opencv4/opencv2/core.hpp:59[m[K,
[2.570s]                  from [01m[K/usr/include/opencv4/opencv2/highgui.hpp:46[m[K,
[2.570s]                  from [01m[K/usr/include/opencv4/opencv2/highgui/highgui.hpp:48[m[K,
[2.570s]                  from [01m[K/ros2_test/AD_Middle_Test/ros2/src/detect_s/src/CameraTimer.cpp:7[m[K:
[2.570s] [01m[K/usr/include/opencv4/opencv2/core/mat.hpp:1947:39:[m[K [01;36m[Knote: [m[Kcandidate: â€˜[01m[Ktemplate<class _Tp> const _Tp& cv::Mat::at(const int*) const[m[Kâ€™
[2.570s]  1947 |     template<typename _Tp> const _Tp& [01;36m[Kat[m[K(const int* idx) const;
[2.570s]       |                                       [01;36m[K^~[m[K
[2.571s] [01m[K/usr/include/opencv4/opencv2/core/mat.hpp:1947:39:[m[K [01;36m[Knote: [m[K  template argument deduction/substitution failed:
[2.571s] [01m[K/ros2_test/AD_Middle_Test/ros2/src/detect_s/src/CameraTimer.cpp:52:49:[m[K [01;31m[Kerror: [m[Ktemplate argument 1 is invalid
[2.571s]    52 |    message->mat_data[imgS] = image.at<Vec3b>(i,j[01;31m[K)[m[K[k];
[2.571s]       |                                                 [01;31m[K^[m[K
[2.571s] In file included from [01m[K/usr/include/opencv4/opencv2/core.hpp:59[m[K,
[2.571s]                  from [01m[K/usr/include/opencv4/opencv2/highgui.hpp:46[m[K,
[2.571s]                  from [01m[K/usr/include/opencv4/opencv2/highgui/highgui.hpp:48[m[K,
[2.571s]                  from [01m[K/ros2_test/AD_Middle_Test/ros2/src/detect_s/src/CameraTimer.cpp:7[m[K:
[2.572s] [01m[K/usr/include/opencv4/opencv2/core/mat.hpp:1950:40:[m[K [01;36m[Knote: [m[Kcandidate: â€˜[01m[Ktemplate<class _Tp, int n> _Tp& cv::Mat::at(const cv::Vec<int, n>&)[m[Kâ€™
[2.572s]  1950 |     template<typename _Tp, int n> _Tp& [01;36m[Kat[m[K(const Vec<int, n>& idx);
[2.572s]       |                                        [01;36m[K^~[m[K
[2.572s] [01m[K/usr/include/opencv4/opencv2/core/mat.hpp:1950:40:[m[K [01;36m[Knote: [m[K  template argument deduction/substitution failed:
[2.572s] [01m[K/ros2_test/AD_Middle_Test/ros2/src/detect_s/src/CameraTimer.cpp:52:49:[m[K [01;31m[Kerror: [m[Ktemplate argument 1 is invalid
[2.572s]    52 |    message->mat_data[imgS] = image.at<Vec3b>(i,j[01;31m[K)[m[K[k];
[2.572s]       |                                                 [01;31m[K^[m[K
[2.573s] In file included from [01m[K/usr/include/opencv4/opencv2/core.hpp:59[m[K,
[2.573s]                  from [01m[K/usr/include/opencv4/opencv2/highgui.hpp:46[m[K,
[2.573s]                  from [01m[K/usr/include/opencv4/opencv2/highgui/highgui.hpp:48[m[K,
[2.573s]                  from [01m[K/ros2_test/AD_Middle_Test/ros2/src/detect_s/src/CameraTimer.cpp:7[m[K:
[2.573s] [01m[K/usr/include/opencv4/opencv2/core/mat.hpp:1952:46:[m[K [01;36m[Knote: [m[Kcandidate: â€˜[01m[Ktemplate<class _Tp, int n> const _Tp& cv::Mat::at(const cv::Vec<int, n>&) const[m[Kâ€™
[2.573s]  1952 |     template<typename _Tp, int n> const _Tp& [01;36m[Kat[m[K(const Vec<int, n>& idx) const;
[2.573s]       |                                              [01;36m[K^~[m[K
[2.573s] [01m[K/usr/include/opencv4/opencv2/core/mat.hpp:1952:46:[m[K [01;36m[Knote: [m[K  template argument deduction/substitution failed:
[2.574s] [01m[K/ros2_test/AD_Middle_Test/ros2/src/detect_s/src/CameraTimer.cpp:52:49:[m[K [01;31m[Kerror: [m[Ktemplate argument 1 is invalid
[2.574s]    52 |    message->mat_data[imgS] = image.at<Vec3b>(i,j[01;31m[K)[m[K[k];
[2.574s]       |                                                 [01;31m[K^[m[K
[2.574s] In file included from [01m[K/usr/include/opencv4/opencv2/core.hpp:59[m[K,
[2.574s]                  from [01m[K/usr/include/opencv4/opencv2/highgui.hpp:46[m[K,
[2.574s]                  from [01m[K/usr/include/opencv4/opencv2/highgui/highgui.hpp:48[m[K,
[2.574s]                  from [01m[K/ros2_test/AD_Middle_Test/ros2/src/detect_s/src/CameraTimer.cpp:7[m[K:
[2.575s] [01m[K/usr/include/opencv4/opencv2/core/mat.hpp:1958:33:[m[K [01;36m[Knote: [m[Kcandidate: â€˜[01m[Ktemplate<class _Tp> _Tp& cv::Mat::at(cv::Point)[m[Kâ€™
[2.575s]  1958 |     template<typename _Tp> _Tp& [01;36m[Kat[m[K(Point pt);
[2.575s]       |                                 [01;36m[K^~[m[K
[2.575s] [01m[K/usr/include/opencv4/opencv2/core/mat.hpp:1958:33:[m[K [01;36m[Knote: [m[K  template argument deduction/substitution failed:
[2.575s] [01m[K/ros2_test/AD_Middle_Test/ros2/src/detect_s/src/CameraTimer.cpp:52:49:[m[K [01;31m[Kerror: [m[Ktemplate argument 1 is invalid
[2.575s]    52 |    message->mat_data[imgS] = image.at<Vec3b>(i,j[01;31m[K)[m[K[k];
[2.575s]       |                                                 [01;31m[K^[m[K
[2.575s] In file included from [01m[K/usr/include/opencv4/opencv2/core.hpp:59[m[K,
[2.576s]                  from [01m[K/usr/include/opencv4/opencv2/highgui.hpp:46[m[K,
[2.576s]                  from [01m[K/usr/include/opencv4/opencv2/highgui/highgui.hpp:48[m[K,
[2.576s]                  from [01m[K/ros2_test/AD_Middle_Test/ros2/src/detect_s/src/CameraTimer.cpp:7[m[K:
[2.576s] [01m[K/usr/include/opencv4/opencv2/core/mat.hpp:1963:39:[m[K [01;36m[Knote: [m[Kcandidate: â€˜[01m[Ktemplate<class _Tp> const _Tp& cv::Mat::at(cv::Point) const[m[Kâ€™
[2.576s]  1963 |     template<typename _Tp> const _Tp& [01;36m[Kat[m[K(Point pt) const;
[2.576s]       |                                       [01;36m[K^~[m[K
[2.576s] [01m[K/usr/include/opencv4/opencv2/core/mat.hpp:1963:39:[m[K [01;36m[Knote: [m[K  template argument deduction/substitution failed:
[2.577s] [01m[K/ros2_test/AD_Middle_Test/ros2/src/detect_s/src/CameraTimer.cpp:52:49:[m[K [01;31m[Kerror: [m[Ktemplate argument 1 is invalid
[2.577s]    52 |    message->mat_data[imgS] = image.at<Vec3b>(i,j[01;31m[K)[m[K[k];
[2.577s]       |                                                 [01;31m[K^[m[K
[2.673s] [01m[K/ros2_test/AD_Middle_Test/ros2/src/detect_s/src/YoloDetect.cpp:[m[K In member function â€˜[01m[Kvoid YoloDetect::topic_callback(test_interfaces::msg::TestImage_<std::allocator<void> >::SharedPtr)[m[Kâ€™:
[2.673s] [01m[K/ros2_test/AD_Middle_Test/ros2/src/detect_s/src/YoloDetect.cpp:96:18:[m[K [01;31m[Kerror: [m[Kâ€˜[01m[Kimage[m[Kâ€™ was not declared in this scope
[2.673s]    96 |    for(int i=0;i<[01;31m[Kimage[m[K.rows;i++){
[2.675s]       |                  [01;31m[K^~~~~[m[K
[2.675s] [01m[K/ros2_test/AD_Middle_Test/ros2/src/detect_s/src/YoloDetect.cpp:100:11:[m[K [01;31m[Kerror: [m[Kâ€˜[01m[KVec3b[m[Kâ€™ was not declared in this scope; did you mean â€˜[01m[Kcv::Vec3b[m[Kâ€™?
[2.675s]   100 |    tmp.at<[01;31m[KVec3b[m[K>(i,j)[k] = msg->mat_data[imgS];
[2.675s]       |           [01;31m[K^~~~~[m[K
[2.675s]       |           [32m[Kcv::Vec3b[m[K
[2.675s] In file included from [01m[K/usr/include/opencv4/opencv2/core.hpp:57[m[K,
[2.675s]                  from [01m[K/usr/include/opencv4/opencv2/highgui.hpp:46[m[K,
[2.676s]                  from [01m[K/usr/include/opencv4/opencv2/highgui/highgui.hpp:48[m[K,
[2.676s]                  from [01m[K/ros2_test/AD_Middle_Test/ros2/src/detect_s/src/YoloDetect.cpp:14[m[K:
[2.676s] [01m[K/usr/include/opencv4/opencv2/core/matx.hpp:401:23:[m[K [01;36m[Knote: [m[Kâ€˜[01m[Kcv::Vec3b[m[Kâ€™ declared here
[2.676s]   401 | typedef Vec<uchar, 3> [01;36m[KVec3b[m[K;
[2.676s]       |                       [01;36m[K^~~~~[m[K
[2.676s] [01m[K/ros2_test/AD_Middle_Test/ros2/src/detect_s/src/YoloDetect.cpp:100:21:[m[K [01;31m[Kerror: [m[Kno matching function for call to â€˜[01m[Kcv::Mat::at<<expression error> >(int&, int&)[m[Kâ€™
[2.676s]   100 |    tmp.at<Vec3b>(i,j[01;31m[K)[m[K[k] = msg->mat_data[imgS];
[2.676s]       |                     [01;31m[K^[m[K
[2.677s] In file included from [01m[K/usr/include/opencv4/opencv2/core.hpp:59[m[K,
[2.677s]                  from [01m[K/usr/include/opencv4/opencv2/highgui.hpp:46[m[K,
[2.677s]                  from [01m[K/usr/include/opencv4/opencv2/highgui/highgui.hpp:48[m[K,
[2.677s]                  from [01m[K/ros2_test/AD_Middle_Test/ros2/src/detect_s/src/YoloDetect.cpp:14[m[K:
[2.677s] [01m[K/usr/include/opencv4/opencv2/core/mat.hpp:1911:33:[m[K [01;36m[Knote: [m[Kcandidate: â€˜[01m[Ktemplate<class _Tp> _Tp& cv::Mat::at(int)[m[Kâ€™
[2.677s]  1911 |     template<typename _Tp> _Tp& [01;36m[Kat[m[K(int i0=0);
[2.677s]       |                                 [01;36m[K^~[m[K
[2.678s] [01m[K/usr/include/opencv4/opencv2/core/mat.hpp:1911:33:[m[K [01;36m[Knote: [m[K  template argument deduction/substitution failed:
[2.678s] [01m[K/ros2_test/AD_Middle_Test/ros2/src/detect_s/src/YoloDetect.cpp:100:21:[m[K [01;31m[Kerror: [m[Ktemplate argument 1 is invalid
[2.678s]   100 |    tmp.at<Vec3b>(i,j[01;31m[K)[m[K[k] = msg->mat_data[imgS];
[2.678s]       |                     [01;31m[K^[m[K
[2.678s] In file included from [01m[K/usr/include/opencv4/opencv2/core.hpp:59[m[K,
[2.678s]                  from [01m[K/usr/include/opencv4/opencv2/highgui.hpp:46[m[K,
[2.678s]                  from [01m[K/usr/include/opencv4/opencv2/highgui/highgui.hpp:48[m[K,
[2.679s]                  from [01m[K/ros2_test/AD_Middle_Test/ros2/src/detect_s/src/YoloDetect.cpp:14[m[K:
[2.679s] [01m[K/usr/include/opencv4/opencv2/core/mat.hpp:1915:39:[m[K [01;36m[Knote: [m[Kcandidate: â€˜[01m[Ktemplate<class _Tp> const _Tp& cv::Mat::at(int) const[m[Kâ€™
[2.679s]  1915 |     template<typename _Tp> const _Tp& [01;36m[Kat[m[K(int i0=0) const;
[2.679s]       |                                       [01;36m[K^~[m[K
[2.679s] [01m[K/usr/include/opencv4/opencv2/core/mat.hpp:1915:39:[m[K [01;36m[Knote: [m[K  template argument deduction/substitution failed:
[2.679s] [01m[K/ros2_test/AD_Middle_Test/ros2/src/detect_s/src/YoloDetect.cpp:100:21:[m[K [01;31m[Kerror: [m[Ktemplate argument 1 is invalid
[2.679s]   100 |    tmp.at<Vec3b>(i,j[01;31m[K)[m[K[k] = msg->mat_data[imgS];
[2.679s]       |                     [01;31m[K^[m[K
[2.680s] In file included from [01m[K/usr/include/opencv4/opencv2/core.hpp:59[m[K,
[2.680s]                  from [01m[K/usr/include/opencv4/opencv2/highgui.hpp:46[m[K,
[2.680s]                  from [01m[K/usr/include/opencv4/opencv2/highgui/highgui.hpp:48[m[K,
[2.680s]                  from [01m[K/ros2_test/AD_Middle_Test/ros2/src/detect_s/src/YoloDetect.cpp:14[m[K:
[2.680s] [01m[K/usr/include/opencv4/opencv2/core/mat.hpp:1920:33:[m[K [01;36m[Knote: [m[Kcandidate: â€˜[01m[Ktemplate<class _Tp> _Tp& cv::Mat::at(int, int)[m[Kâ€™
[2.680s]  1920 |     template<typename _Tp> _Tp& [01;36m[Kat[m[K(int row, int col);
[2.680s]       |                                 [01;36m[K^~[m[K
[2.681s] [01m[K/usr/include/opencv4/opencv2/core/mat.hpp:1920:33:[m[K [01;36m[Knote: [m[K  template argument deduction/substitution failed:
[2.681s] [01m[K/ros2_test/AD_Middle_Test/ros2/src/detect_s/src/YoloDetect.cpp:100:21:[m[K [01;31m[Kerror: [m[Ktemplate argument 1 is invalid
[2.681s]   100 |    tmp.at<Vec3b>(i,j[01;31m[K)[m[K[k] = msg->mat_data[imgS];
[2.681s]       |                     [01;31m[K^[m[K
[2.681s] In file included from [01m[K/usr/include/opencv4/opencv2/core.hpp:59[m[K,
[2.681s]                  from [01m[K/usr/include/opencv4/opencv2/highgui.hpp:46[m[K,
[2.681s]                  from [01m[K/usr/include/opencv4/opencv2/highgui/highgui.hpp:48[m[K,
[2.681s]                  from [01m[K/ros2_test/AD_Middle_Test/ros2/src/detect_s/src/YoloDetect.cpp:14[m[K:
[2.682s] [01m[K/usr/include/opencv4/opencv2/core/mat.hpp:1925:39:[m[K [01;36m[Knote: [m[Kcandidate: â€˜[01m[Ktemplate<class _Tp> const _Tp& cv::Mat::at(int, int) const[m[Kâ€™
[2.682s]  1925 |     template<typename _Tp> const _Tp& [01;36m[Kat[m[K(int row, int col) const;
[2.682s]       |                                       [01;36m[K^~[m[K
[2.682s] [01m[K/usr/include/opencv4/opencv2/core/mat.hpp:1925:39:[m[K [01;36m[Knote: [m[K  template argument deduction/substitution failed:
[2.682s] [01m[K/ros2_test/AD_Middle_Test/ros2/src/detect_s/src/YoloDetect.cpp:100:21:[m[K [01;31m[Kerror: [m[Ktemplate argument 1 is invalid
[2.682s]   100 |    tmp.at<Vec3b>(i,j[01;31m[K)[m[K[k] = msg->mat_data[imgS];
[2.682s]       |                     [01;31m[K^[m[K
[2.683s] In file included from [01m[K/usr/include/opencv4/opencv2/core.hpp:59[m[K,
[2.683s]                  from [01m[K/usr/include/opencv4/opencv2/highgui.hpp:46[m[K,
[2.683s]                  from [01m[K/usr/include/opencv4/opencv2/highgui/highgui.hpp:48[m[K,
[2.683s]                  from [01m[K/ros2_test/AD_Middle_Test/ros2/src/detect_s/src/YoloDetect.cpp:14[m[K:
[2.683s] [01m[K/usr/include/opencv4/opencv2/core/mat.hpp:1932:33:[m[K [01;36m[Knote: [m[Kcandidate: â€˜[01m[Ktemplate<class _Tp> _Tp& cv::Mat::at(int, int, int)[m[Kâ€™
[2.683s]  1932 |     template<typename _Tp> _Tp& [01;36m[Kat[m[K(int i0, int i1, int i2);
[2.683s]       |                                 [01;36m[K^~[m[K
[2.683s] [01m[K/usr/include/opencv4/opencv2/core/mat.hpp:1932:33:[m[K [01;36m[Knote: [m[K  template argument deduction/substitution failed:
[2.684s] [01m[K/ros2_test/AD_Middle_Test/ros2/src/detect_s/src/YoloDetect.cpp:100:21:[m[K [01;31m[Kerror: [m[Ktemplate argument 1 is invalid
[2.684s]   100 |    tmp.at<Vec3b>(i,j[01;31m[K)[m[K[k] = msg->mat_data[imgS];
[2.684s]       |                     [01;31m[K^[m[K
[2.684s] In file included from [01m[K/usr/include/opencv4/opencv2/core.hpp:59[m[K,
[2.684s]                  from [01m[K/usr/include/opencv4/opencv2/highgui.hpp:46[m[K,
[2.684s]                  from [01m[K/usr/include/opencv4/opencv2/highgui/highgui.hpp:48[m[K,
[2.684s]                  from [01m[K/ros2_test/AD_Middle_Test/ros2/src/detect_s/src/YoloDetect.cpp:14[m[K:
[2.685s] [01m[K/usr/include/opencv4/opencv2/core/mat.hpp:1938:39:[m[K [01;36m[Knote: [m[Kcandidate: â€˜[01m[Ktemplate<class _Tp> const _Tp& cv::Mat::at(int, int, int) const[m[Kâ€™
[2.685s]  1938 |     template<typename _Tp> const _Tp& [01;36m[Kat[m[K(int i0, int i1, int i2) const;
[2.685s]       |                                       [01;36m[K^~[m[K
[2.685s] [01m[K/usr/include/opencv4/opencv2/core/mat.hpp:1938:39:[m[K [01;36m[Knote: [m[K  template argument deduction/substitution failed:
[2.685s] [01m[K/ros2_test/AD_Middle_Test/ros2/src/detect_s/src/YoloDetect.cpp:100:21:[m[K [01;31m[Kerror: [m[Ktemplate argument 1 is invalid
[2.685s]   100 |    tmp.at<Vec3b>(i,j[01;31m[K)[m[K[k] = msg->mat_data[imgS];
[2.685s]       |                     [01;31m[K^[m[K
[2.685s] In file included from [01m[K/usr/include/opencv4/opencv2/core.hpp:59[m[K,
[2.686s]                  from [01m[K/usr/include/opencv4/opencv2/highgui.hpp:46[m[K,
[2.686s]                  from [01m[K/usr/include/opencv4/opencv2/highgui/highgui.hpp:48[m[K,
[2.686s]                  from [01m[K/ros2_test/AD_Middle_Test/ros2/src/detect_s/src/YoloDetect.cpp:14[m[K:
[2.686s] [01m[K/usr/include/opencv4/opencv2/core/mat.hpp:1943:33:[m[K [01;36m[Knote: [m[Kcandidate: â€˜[01m[Ktemplate<class _Tp> _Tp& cv::Mat::at(const int*)[m[Kâ€™
[2.686s]  1943 |     template<typename _Tp> _Tp& [01;36m[Kat[m[K(const int* idx);
[2.686s]       |                                 [01;36m[K^~[m[K
[2.686s] [01m[K/usr/include/opencv4/opencv2/core/mat.hpp:1943:33:[m[K [01;36m[Knote: [m[K  template argument deduction/substitution failed:
[2.687s] [01m[K/ros2_test/AD_Middle_Test/ros2/src/detect_s/src/YoloDetect.cpp:100:21:[m[K [01;31m[Kerror: [m[Ktemplate argument 1 is invalid
[2.687s]   100 |    tmp.at<Vec3b>(i,j[01;31m[K)[m[K[k] = msg->mat_data[imgS];
[2.687s]       |                     [01;31m[K^[m[K
[2.687s] In file included from [01m[K/usr/include/opencv4/opencv2/core.hpp:59[m[K,
[2.687s]                  from [01m[K/usr/include/opencv4/opencv2/highgui.hpp:46[m[K,
[2.687s]                  from [01m[K/usr/include/opencv4/opencv2/highgui/highgui.hpp:48[m[K,
[2.688s]                  from [01m[K/ros2_test/AD_Middle_Test/ros2/src/detect_s/src/YoloDetect.cpp:14[m[K:
[2.688s] [01m[K/usr/include/opencv4/opencv2/core/mat.hpp:1947:39:[m[K [01;36m[Knote: [m[Kcandidate: â€˜[01m[Ktemplate<class _Tp> const _Tp& cv::Mat::at(const int*) const[m[Kâ€™
[2.688s]  1947 |     template<typename _Tp> const _Tp& [01;36m[Kat[m[K(const int* idx) const;
[2.688s]       |                                       [01;36m[K^~[m[K
[2.688s] [01m[K/usr/include/opencv4/opencv2/core/mat.hpp:1947:39:[m[K [01;36m[Knote: [m[K  template argument deduction/substitution failed:
[2.688s] [01m[K/ros2_test/AD_Middle_Test/ros2/src/detect_s/src/YoloDetect.cpp:100:21:[m[K [01;31m[Kerror: [m[Ktemplate argument 1 is invalid
[2.688s]   100 |    tmp.at<Vec3b>(i,j[01;31m[K)[m[K[k] = msg->mat_data[imgS];
[2.688s]       |                     [01;31m[K^[m[K
[2.689s] In file included from [01m[K/usr/include/opencv4/opencv2/core.hpp:59[m[K,
[2.689s]                  from [01m[K/usr/include/opencv4/opencv2/highgui.hpp:46[m[K,
[2.689s]                  from [01m[K/usr/include/opencv4/opencv2/highgui/highgui.hpp:48[m[K,
[2.689s]                  from [01m[K/ros2_test/AD_Middle_Test/ros2/src/detect_s/src/YoloDetect.cpp:14[m[K:
[2.689s] [01m[K/usr/include/opencv4/opencv2/core/mat.hpp:1950:40:[m[K [01;36m[Knote: [m[Kcandidate: â€˜[01m[Ktemplate<class _Tp, int n> _Tp& cv::Mat::at(const cv::Vec<int, n>&)[m[Kâ€™
[2.689s]  1950 |     template<typename _Tp, int n> _Tp& [01;36m[Kat[m[K(const Vec<int, n>& idx);
[2.689s]       |                                        [01;36m[K^~[m[K
[2.690s] [01m[K/usr/include/opencv4/opencv2/core/mat.hpp:1950:40:[m[K [01;36m[Knote: [m[K  template argument deduction/substitution failed:
[2.690s] [01m[K/ros2_test/AD_Middle_Test/ros2/src/detect_s/src/YoloDetect.cpp:100:21:[m[K [01;31m[Kerror: [m[Ktemplate argument 1 is invalid
[2.690s]   100 |    tmp.at<Vec3b>(i,j[01;31m[K)[m[K[k] = msg->mat_data[imgS];
[2.690s]       |                     [01;31m[K^[m[K
[2.690s] In file included from [01m[K/usr/include/opencv4/opencv2/core.hpp:59[m[K,
[2.690s]                  from [01m[K/usr/include/opencv4/opencv2/highgui.hpp:46[m[K,
[2.690s]                  from [01m[K/usr/include/opencv4/opencv2/highgui/highgui.hpp:48[m[K,
[2.690s]                  from [01m[K/ros2_test/AD_Middle_Test/ros2/src/detect_s/src/YoloDetect.cpp:14[m[K:
[2.691s] [01m[K/usr/include/opencv4/opencv2/core/mat.hpp:1952:46:[m[K [01;36m[Knote: [m[Kcandidate: â€˜[01m[Ktemplate<class _Tp, int n> const _Tp& cv::Mat::at(const cv::Vec<int, n>&) const[m[Kâ€™
[2.691s]  1952 |     template<typename _Tp, int n> const _Tp& [01;36m[Kat[m[K(const Vec<int, n>& idx) const;
[2.691s]       |                                              [01;36m[K^~[m[K
[2.691s] [01m[K/usr/include/opencv4/opencv2/core/mat.hpp:1952:46:[m[K [01;36m[Knote: [m[K  template argument deduction/substitution failed:
[2.691s] [01m[K/ros2_test/AD_Middle_Test/ros2/src/detect_s/src/YoloDetect.cpp:100:21:[m[K [01;31m[Kerror: [m[Ktemplate argument 1 is invalid
[2.691s]   100 |    tmp.at<Vec3b>(i,j[01;31m[K)[m[K[k] = msg->mat_data[imgS];
[2.691s]       |                     [01;31m[K^[m[K
[2.692s] In file included from [01m[K/usr/include/opencv4/opencv2/core.hpp:59[m[K,
[2.692s]                  from [01m[K/usr/include/opencv4/opencv2/highgui.hpp:46[m[K,
[2.692s]                  from [01m[K/usr/include/opencv4/opencv2/highgui/highgui.hpp:48[m[K,
[2.692s]                  from [01m[K/ros2_test/AD_Middle_Test/ros2/src/detect_s/src/YoloDetect.cpp:14[m[K:
[2.692s] [01m[K/usr/include/opencv4/opencv2/core/mat.hpp:1958:33:[m[K [01;36m[Knote: [m[Kcandidate: â€˜[01m[Ktemplate<class _Tp> _Tp& cv::Mat::at(cv::Point)[m[Kâ€™
[2.692s]  1958 |     template<typename _Tp> _Tp& [01;36m[Kat[m[K(Point pt);
[2.692s]       |                                 [01;36m[K^~[m[K
[2.692s] [01m[K/usr/include/opencv4/opencv2/core/mat.hpp:1958:33:[m[K [01;36m[Knote: [m[K  template argument deduction/substitution failed:
[2.693s] [01m[K/ros2_test/AD_Middle_Test/ros2/src/detect_s/src/YoloDetect.cpp:100:21:[m[K [01;31m[Kerror: [m[Ktemplate argument 1 is invalid
[2.693s]   100 |    tmp.at<Vec3b>(i,j[01;31m[K)[m[K[k] = msg->mat_data[imgS];
[2.693s]       |                     [01;31m[K^[m[K
[2.693s] In file included from [01m[K/usr/include/opencv4/opencv2/core.hpp:59[m[K,
[2.693s]                  from [01m[K/usr/include/opencv4/opencv2/highgui.hpp:46[m[K,
[2.693s]                  from [01m[K/usr/include/opencv4/opencv2/highgui/highgui.hpp:48[m[K,
[2.693s]                  from [01m[K/ros2_test/AD_Middle_Test/ros2/src/detect_s/src/YoloDetect.cpp:14[m[K:
[2.694s] [01m[K/usr/include/opencv4/opencv2/core/mat.hpp:1963:39:[m[K [01;36m[Knote: [m[Kcandidate: â€˜[01m[Ktemplate<class _Tp> const _Tp& cv::Mat::at(cv::Point) const[m[Kâ€™
[2.694s]  1963 |     template<typename _Tp> const _Tp& [01;36m[Kat[m[K(Point pt) const;
[2.694s]       |                                       [01;36m[K^~[m[K
[2.694s] [01m[K/usr/include/opencv4/opencv2/core/mat.hpp:1963:39:[m[K [01;36m[Knote: [m[K  template argument deduction/substitution failed:
[2.694s] [01m[K/ros2_test/AD_Middle_Test/ros2/src/detect_s/src/YoloDetect.cpp:100:21:[m[K [01;31m[Kerror: [m[Ktemplate argument 1 is invalid
[2.694s]   100 |    tmp.at<Vec3b>(i,j[01;31m[K)[m[K[k] = msg->mat_data[imgS];
[2.694s]       |                     [01;31m[K^[m[K
[2.695s] [01m[K/ros2_test/AD_Middle_Test/ros2/src/detect_s/src/YoloDetect.cpp:86:8:[m[K [01;35m[Kwarning: [m[Kunused variable â€˜[01m[Kdatasize[m[Kâ€™ [[01;35m[K-Wunused-variable[m[K]
[2.695s]    86 |    int [01;35m[Kdatasize[m[K = msg->rows*msg->cols*msg->elt_size;
[2.695s]       |        [01;35m[K^~~~~~~~[m[K
[3.901s] make[2]: *** [CMakeFiles/cameraTimer.dir/build.make:63: CMakeFiles/cameraTimer.dir/src/CameraTimer.cpp.o] Error 1
[3.901s] make[1]: *** [CMakeFiles/Makefile2:107: CMakeFiles/cameraTimer.dir/all] Error 2
[3.902s] make[1]: *** Waiting for unfinished jobs....
[4.399s] make[2]: *** [CMakeFiles/yoloDetect.dir/build.make:63: CMakeFiles/yoloDetect.dir/src/YoloDetect.cpp.o] Error 1
[4.400s] make[1]: *** [CMakeFiles/Makefile2:80: CMakeFiles/yoloDetect.dir/all] Error 2
[4.400s] make: *** [Makefile:141: all] Error 2
