[0.000000] (-) TimerEvent: {}
[0.000736] (test_interfaces) JobQueued: {'identifier': 'test_interfaces', 'dependencies': OrderedDict()}
[0.001251] (turtlesim) JobQueued: {'identifier': 'turtlesim', 'dependencies': OrderedDict()}
[0.001302] (simple_s) JobQueued: {'identifier': 'simple_s', 'dependencies': OrderedDict([('test_interfaces', '/ros2_test/AD_Middle_Test/ros2/install/test_interfaces')])}
[0.001355] (test_interfaces) JobStarted: {'identifier': 'test_interfaces'}
[0.022157] (turtlesim) JobStarted: {'identifier': 'turtlesim'}
[0.039561] (test_interfaces) JobProgress: {'identifier': 'test_interfaces', 'progress': 'cmake'}
[0.040740] (test_interfaces) JobProgress: {'identifier': 'test_interfaces', 'progress': 'build'}
[0.042024] (test_interfaces) Command: {'cmd': ['/usr/bin/cmake', '--build', '/ros2_test/AD_Middle_Test/ros2/build/test_interfaces', '--', '-j40', '-l40'], 'cwd': '/ros2_test/AD_Middle_Test/ros2/build/test_interfaces', 'env': OrderedDict([('LESSOPEN', '| /usr/bin/lesspipe %s'), ('HOSTNAME', '3d2cb9766238'), ('ROS_PACKAGE_PATH', '/opt/ros/foxy/share'), ('SHLVL', '1'), ('LD_LIBRARY_PATH', '/ros2_test/AD_Middle_Test/ros2/src/install/test_interfaces/lib:/ros2_test/AD_Middle_Test/ros2/src/install/turtlesim/lib:/ros2_test/AD_Middle_Test/ros2/install/turtlesim/lib:/opt/ros/foxy/opt/yaml_cpp_vendor/lib:/opt/ros/foxy/opt/rviz_ogre_vendor/lib:/opt/ros/foxy/lib'), ('HOME', '/root'), ('OLDPWD', '/ros2_test/AD_Middle_Test/ros2/src'), ('ROS_PYTHON_VERSION', '3'), ('COLCON_PREFIX_PATH', '/ros2_test/AD_Middle_Test/ros2/src/install:/ros2_test/AD_Middle_Test/ros2/install:/opt/ros/foxy'), ('ROS_DISTRO', 'foxy'), ('_', '/usr/bin/colcon'), ('ROS_VERSION', '2'), ('PKG_CONFIG_PATH', '/opt/ros/foxy/lib/x86_64-linux-gnu/pkgconfig:/opt/ros/foxy/lib/pkgconfig'), ('TERM', 'xterm'), ('ROS_LOCALHOST_ONLY', '0'), ('PATH', '/opt/ros/foxy/bin:/usr/local/sbin:/usr/local/bin:/usr/sbin:/usr/bin:/sbin:/bin'), ('LANG', 'C.UTF-8'), ('LS_COLORS', 'rs=0:di=01;34:ln=01;36:mh=00:pi=40;33:so=01;35:do=01;35:bd=40;33;01:cd=40;33;01:or=40;31;01:mi=00:su=37;41:sg=30;43:ca=30;41:tw=30;42:ow=34;42:st=37;44:ex=01;32:*.tar=01;31:*.tgz=01;31:*.arc=01;31:*.arj=01;31:*.taz=01;31:*.lha=01;31:*.lz4=01;31:*.lzh=01;31:*.lzma=01;31:*.tlz=01;31:*.txz=01;31:*.tzo=01;31:*.t7z=01;31:*.zip=01;31:*.z=01;31:*.dz=01;31:*.gz=01;31:*.lrz=01;31:*.lz=01;31:*.lzo=01;31:*.xz=01;31:*.zst=01;31:*.tzst=01;31:*.bz2=01;31:*.bz=01;31:*.tbz=01;31:*.tbz2=01;31:*.tz=01;31:*.deb=01;31:*.rpm=01;31:*.jar=01;31:*.war=01;31:*.ear=01;31:*.sar=01;31:*.rar=01;31:*.alz=01;31:*.ace=01;31:*.zoo=01;31:*.cpio=01;31:*.7z=01;31:*.rz=01;31:*.cab=01;31:*.wim=01;31:*.swm=01;31:*.dwm=01;31:*.esd=01;31:*.jpg=01;35:*.jpeg=01;35:*.mjpg=01;35:*.mjpeg=01;35:*.gif=01;35:*.bmp=01;35:*.pbm=01;35:*.pgm=01;35:*.ppm=01;35:*.tga=01;35:*.xbm=01;35:*.xpm=01;35:*.tif=01;35:*.tiff=01;35:*.png=01;35:*.svg=01;35:*.svgz=01;35:*.mng=01;35:*.pcx=01;35:*.mov=01;35:*.mpg=01;35:*.mpeg=01;35:*.m2v=01;35:*.mkv=01;35:*.webm=01;35:*.ogm=01;35:*.mp4=01;35:*.m4v=01;35:*.mp4v=01;35:*.vob=01;35:*.qt=01;35:*.nuv=01;35:*.wmv=01;35:*.asf=01;35:*.rm=01;35:*.rmvb=01;35:*.flc=01;35:*.avi=01;35:*.fli=01;35:*.flv=01;35:*.gl=01;35:*.dl=01;35:*.xcf=01;35:*.xwd=01;35:*.yuv=01;35:*.cgm=01;35:*.emf=01;35:*.ogv=01;35:*.ogx=01;35:*.aac=00;36:*.au=00;36:*.flac=00;36:*.m4a=00;36:*.mid=00;36:*.midi=00;36:*.mka=00;36:*.mp3=00;36:*.mpc=00;36:*.ogg=00;36:*.ra=00;36:*.wav=00;36:*.oga=00;36:*.opus=00;36:*.spx=00;36:*.xspf=00;36:'), ('ROSDISTRO_INDEX_URL', 'https://raw.githubusercontent.com/osrf/docker_images/master/ros2/nightly/nightly/index-v4.yaml'), ('AMENT_PREFIX_PATH', '/ros2_test/AD_Middle_Test/ros2/src/install/test_interfaces:/ros2_test/AD_Middle_Test/ros2/src/install/turtlesim:/ros2_test/AD_Middle_Test/ros2/src/install/simple_s:/ros2_test/AD_Middle_Test/ros2/install/simple_s:/ros2_test/AD_Middle_Test/ros2/install/turtlesim:/opt/ros/foxy'), ('LESSCLOSE', '/usr/bin/lesspipe %s %s'), ('PWD', '/ros2_test/AD_Middle_Test/ros2/build/test_interfaces'), ('LC_ALL', 'C.UTF-8'), ('PYTHONPATH', '/ros2_test/AD_Middle_Test/ros2/src/install/test_interfaces/lib/python3.8/site-packages:/ros2_test/AD_Middle_Test/ros2/src/install/turtlesim/lib/python3.8/site-packages:/ros2_test/AD_Middle_Test/ros2/install/turtlesim/lib/python3.8/site-packages:/opt/ros/foxy/lib/python3.8/site-packages'), ('COLCON', '1'), ('CMAKE_PREFIX_PATH', '/ros2_test/AD_Middle_Test/ros2/src/install/test_interfaces:/ros2_test/AD_Middle_Test/ros2/src/install/turtlesim:/ros2_test/AD_Middle_Test/ros2/src/install/simple_s:/ros2_test/AD_Middle_Test/ros2/install/simple_s:/ros2_test/AD_Middle_Test/ros2/install/turtlesim:/opt/ros/foxy')]), 'shell': False}
[0.051724] (turtlesim) JobProgress: {'identifier': 'turtlesim', 'progress': 'cmake'}
[0.053049] (turtlesim) JobProgress: {'identifier': 'turtlesim', 'progress': 'build'}
[0.054807] (turtlesim) Command: {'cmd': ['/usr/bin/cmake', '--build', '/ros2_test/AD_Middle_Test/ros2/build/turtlesim', '--', '-j40', '-l40'], 'cwd': '/ros2_test/AD_Middle_Test/ros2/build/turtlesim', 'env': OrderedDict([('LESSOPEN', '| /usr/bin/lesspipe %s'), ('HOSTNAME', '3d2cb9766238'), ('ROS_PACKAGE_PATH', '/opt/ros/foxy/share'), ('SHLVL', '1'), ('LD_LIBRARY_PATH', '/ros2_test/AD_Middle_Test/ros2/src/install/test_interfaces/lib:/ros2_test/AD_Middle_Test/ros2/src/install/turtlesim/lib:/ros2_test/AD_Middle_Test/ros2/install/turtlesim/lib:/opt/ros/foxy/opt/yaml_cpp_vendor/lib:/opt/ros/foxy/opt/rviz_ogre_vendor/lib:/opt/ros/foxy/lib'), ('HOME', '/root'), ('OLDPWD', '/ros2_test/AD_Middle_Test/ros2/src'), ('ROS_PYTHON_VERSION', '3'), ('COLCON_PREFIX_PATH', '/ros2_test/AD_Middle_Test/ros2/src/install:/ros2_test/AD_Middle_Test/ros2/install:/opt/ros/foxy'), ('ROS_DISTRO', 'foxy'), ('_', '/usr/bin/colcon'), ('ROS_VERSION', '2'), ('PKG_CONFIG_PATH', '/opt/ros/foxy/lib/x86_64-linux-gnu/pkgconfig:/opt/ros/foxy/lib/pkgconfig'), ('TERM', 'xterm'), ('ROS_LOCALHOST_ONLY', '0'), ('PATH', '/opt/ros/foxy/bin:/usr/local/sbin:/usr/local/bin:/usr/sbin:/usr/bin:/sbin:/bin'), ('LANG', 'C.UTF-8'), ('LS_COLORS', 'rs=0:di=01;34:ln=01;36:mh=00:pi=40;33:so=01;35:do=01;35:bd=40;33;01:cd=40;33;01:or=40;31;01:mi=00:su=37;41:sg=30;43:ca=30;41:tw=30;42:ow=34;42:st=37;44:ex=01;32:*.tar=01;31:*.tgz=01;31:*.arc=01;31:*.arj=01;31:*.taz=01;31:*.lha=01;31:*.lz4=01;31:*.lzh=01;31:*.lzma=01;31:*.tlz=01;31:*.txz=01;31:*.tzo=01;31:*.t7z=01;31:*.zip=01;31:*.z=01;31:*.dz=01;31:*.gz=01;31:*.lrz=01;31:*.lz=01;31:*.lzo=01;31:*.xz=01;31:*.zst=01;31:*.tzst=01;31:*.bz2=01;31:*.bz=01;31:*.tbz=01;31:*.tbz2=01;31:*.tz=01;31:*.deb=01;31:*.rpm=01;31:*.jar=01;31:*.war=01;31:*.ear=01;31:*.sar=01;31:*.rar=01;31:*.alz=01;31:*.ace=01;31:*.zoo=01;31:*.cpio=01;31:*.7z=01;31:*.rz=01;31:*.cab=01;31:*.wim=01;31:*.swm=01;31:*.dwm=01;31:*.esd=01;31:*.jpg=01;35:*.jpeg=01;35:*.mjpg=01;35:*.mjpeg=01;35:*.gif=01;35:*.bmp=01;35:*.pbm=01;35:*.pgm=01;35:*.ppm=01;35:*.tga=01;35:*.xbm=01;35:*.xpm=01;35:*.tif=01;35:*.tiff=01;35:*.png=01;35:*.svg=01;35:*.svgz=01;35:*.mng=01;35:*.pcx=01;35:*.mov=01;35:*.mpg=01;35:*.mpeg=01;35:*.m2v=01;35:*.mkv=01;35:*.webm=01;35:*.ogm=01;35:*.mp4=01;35:*.m4v=01;35:*.mp4v=01;35:*.vob=01;35:*.qt=01;35:*.nuv=01;35:*.wmv=01;35:*.asf=01;35:*.rm=01;35:*.rmvb=01;35:*.flc=01;35:*.avi=01;35:*.fli=01;35:*.flv=01;35:*.gl=01;35:*.dl=01;35:*.xcf=01;35:*.xwd=01;35:*.yuv=01;35:*.cgm=01;35:*.emf=01;35:*.ogv=01;35:*.ogx=01;35:*.aac=00;36:*.au=00;36:*.flac=00;36:*.m4a=00;36:*.mid=00;36:*.midi=00;36:*.mka=00;36:*.mp3=00;36:*.mpc=00;36:*.ogg=00;36:*.ra=00;36:*.wav=00;36:*.oga=00;36:*.opus=00;36:*.spx=00;36:*.xspf=00;36:'), ('ROSDISTRO_INDEX_URL', 'https://raw.githubusercontent.com/osrf/docker_images/master/ros2/nightly/nightly/index-v4.yaml'), ('AMENT_PREFIX_PATH', '/ros2_test/AD_Middle_Test/ros2/src/install/test_interfaces:/ros2_test/AD_Middle_Test/ros2/src/install/turtlesim:/ros2_test/AD_Middle_Test/ros2/src/install/simple_s:/ros2_test/AD_Middle_Test/ros2/install/simple_s:/ros2_test/AD_Middle_Test/ros2/install/turtlesim:/opt/ros/foxy'), ('LESSCLOSE', '/usr/bin/lesspipe %s %s'), ('PWD', '/ros2_test/AD_Middle_Test/ros2/build/turtlesim'), ('LC_ALL', 'C.UTF-8'), ('PYTHONPATH', '/ros2_test/AD_Middle_Test/ros2/src/install/test_interfaces/lib/python3.8/site-packages:/ros2_test/AD_Middle_Test/ros2/src/install/turtlesim/lib/python3.8/site-packages:/ros2_test/AD_Middle_Test/ros2/install/turtlesim/lib/python3.8/site-packages:/opt/ros/foxy/lib/python3.8/site-packages'), ('COLCON', '1'), ('CMAKE_PREFIX_PATH', '/ros2_test/AD_Middle_Test/ros2/src/install/test_interfaces:/ros2_test/AD_Middle_Test/ros2/src/install/turtlesim:/ros2_test/AD_Middle_Test/ros2/src/install/simple_s:/ros2_test/AD_Middle_Test/ros2/install/simple_s:/ros2_test/AD_Middle_Test/ros2/install/turtlesim:/opt/ros/foxy')]), 'shell': False}
[0.099498] (-) TimerEvent: {}
[0.124239] (test_interfaces) StdoutLine: {'line': b'[  3%] Built target test_interfaces__cpp\n'}
[0.125664] (test_interfaces) StdoutLine: {'line': b'[ 12%] Built target test_interfaces__rosidl_generator_c\n'}
[0.139088] (turtlesim) StdoutLine: {'line': b'[  1%] Built target turtlesim__cpp\n'}
[0.143097] (turtlesim) StdoutLine: {'line': b'[ 11%] Built target turtlesim__rosidl_generator_c\n'}
[0.157047] (test_interfaces) StdoutLine: {'line': b'[ 22%] Built target test_interfaces__rosidl_typesupport_cpp\n'}
[0.157742] (test_interfaces) StdoutLine: {'line': b'[ 32%] Built target test_interfaces__rosidl_typesupport_c\n'}
[0.158500] (test_interfaces) StdoutLine: {'line': b'[ 41%] Built target test_interfaces__rosidl_typesupport_introspection_cpp\n'}
[0.158702] (test_interfaces) StdoutLine: {'line': b'[ 51%] Built target test_interfaces__rosidl_typesupport_introspection_c\n'}
[0.161318] (test_interfaces) StdoutLine: {'line': b'[ 61%] Built target test_interfaces__rosidl_typesupport_fastrtps_cpp\n'}
[0.177360] (turtlesim) StdoutLine: {'line': b'[ 31%] Built target turtlesim__rosidl_typesupport_introspection_cpp\n'}
[0.177641] (turtlesim) StdoutLine: {'line': b'[ 31%] Built target turtlesim__rosidl_typesupport_cpp\n'}
[0.179633] (turtlesim) StdoutLine: {'line': b'[ 41%] Built target turtlesim__rosidl_typesupport_c\n'}
[0.180839] (turtlesim) StdoutLine: {'line': b'[ 51%] Built target turtlesim__rosidl_typesupport_introspection_c\n'}
[0.184573] (turtlesim) StdoutLine: {'line': b'[ 61%] Built target turtlesim__rosidl_typesupport_fastrtps_cpp\n'}
[0.196097] (test_interfaces) StdoutLine: {'line': b'[ 70%] Built target test_interfaces__rosidl_typesupport_fastrtps_c\n'}
[0.199561] (-) TimerEvent: {}
[0.224351] (test_interfaces) StdoutLine: {'line': b'[ 70%] Built target test_interfaces\n'}
[0.226816] (turtlesim) StdoutLine: {'line': b'[ 71%] Built target turtlesim__rosidl_typesupport_fastrtps_c\n'}
[0.253142] (test_interfaces) StdoutLine: {'line': b'[ 74%] Built target test_interfaces__py\n'}
[0.255323] (turtlesim) StdoutLine: {'line': b'[ 71%] Built target turtlesim\n'}
[0.286376] (turtlesim) StdoutLine: {'line': b'[ 72%] Built target turtlesim__py\n'}
[0.288620] (test_interfaces) StdoutLine: {'line': b'[ 80%] Built target test_interfaces__python\n'}
[0.299128] (turtlesim) StdoutLine: {'line': b'[ 76%] Built target draw_square\n'}
[0.299431] (turtlesim) StdoutLine: {'line': b'[ 76%] Built target mimic\n'}
[0.299646] (-) TimerEvent: {}
[0.299833] (turtlesim) StdoutLine: {'line': b'[ 78%] Built target turtle_teleop_key\n'}
[0.322085] (turtlesim) StdoutLine: {'line': b'[ 84%] Built target turtlesim_node\n'}
[0.325107] (test_interfaces) StdoutLine: {'line': b'[ 87%] Built target test_interfaces__rosidl_typesupport_c__pyext\n'}
[0.325312] (test_interfaces) StdoutLine: {'line': b'[ 93%] Built target test_interfaces__rosidl_typesupport_introspection_c__pyext\n'}
[0.326258] (test_interfaces) StdoutLine: {'line': b'[100%] Built target test_interfaces__rosidl_typesupport_fastrtps_c__pyext\n'}
[0.330832] (turtlesim) StdoutLine: {'line': b'[ 93%] Built target turtlesim__python\n'}
[0.341556] (test_interfaces) CommandEnded: {'returncode': 0}
[0.368627] (turtlesim) StdoutLine: {'line': b'[ 95%] Built target turtlesim__rosidl_typesupport_introspection_c__pyext\n'}
[0.369281] (turtlesim) StdoutLine: {'line': b'[ 97%] Built target turtlesim__rosidl_typesupport_c__pyext\n'}
[0.369535] (turtlesim) StdoutLine: {'line': b'[100%] Built target turtlesim__rosidl_typesupport_fastrtps_c__pyext\n'}
[0.385732] (turtlesim) CommandEnded: {'returncode': 0}
[0.399788] (-) TimerEvent: {}
[0.411186] (test_interfaces) JobProgress: {'identifier': 'test_interfaces', 'progress': 'install'}
[0.427526] (test_interfaces) Command: {'cmd': ['/usr/bin/cmake', '--install', '/ros2_test/AD_Middle_Test/ros2/build/test_interfaces'], 'cwd': '/ros2_test/AD_Middle_Test/ros2/build/test_interfaces', 'env': OrderedDict([('LESSOPEN', '| /usr/bin/lesspipe %s'), ('HOSTNAME', '3d2cb9766238'), ('ROS_PACKAGE_PATH', '/opt/ros/foxy/share'), ('SHLVL', '1'), ('LD_LIBRARY_PATH', '/ros2_test/AD_Middle_Test/ros2/src/install/test_interfaces/lib:/ros2_test/AD_Middle_Test/ros2/src/install/turtlesim/lib:/ros2_test/AD_Middle_Test/ros2/install/turtlesim/lib:/opt/ros/foxy/opt/yaml_cpp_vendor/lib:/opt/ros/foxy/opt/rviz_ogre_vendor/lib:/opt/ros/foxy/lib'), ('HOME', '/root'), ('OLDPWD', '/ros2_test/AD_Middle_Test/ros2/src'), ('ROS_PYTHON_VERSION', '3'), ('COLCON_PREFIX_PATH', '/ros2_test/AD_Middle_Test/ros2/src/install:/ros2_test/AD_Middle_Test/ros2/install:/opt/ros/foxy'), ('ROS_DISTRO', 'foxy'), ('_', '/usr/bin/colcon'), ('ROS_VERSION', '2'), ('PKG_CONFIG_PATH', '/opt/ros/foxy/lib/x86_64-linux-gnu/pkgconfig:/opt/ros/foxy/lib/pkgconfig'), ('TERM', 'xterm'), ('ROS_LOCALHOST_ONLY', '0'), ('PATH', '/opt/ros/foxy/bin:/usr/local/sbin:/usr/local/bin:/usr/sbin:/usr/bin:/sbin:/bin'), ('LANG', 'C.UTF-8'), ('LS_COLORS', 'rs=0:di=01;34:ln=01;36:mh=00:pi=40;33:so=01;35:do=01;35:bd=40;33;01:cd=40;33;01:or=40;31;01:mi=00:su=37;41:sg=30;43:ca=30;41:tw=30;42:ow=34;42:st=37;44:ex=01;32:*.tar=01;31:*.tgz=01;31:*.arc=01;31:*.arj=01;31:*.taz=01;31:*.lha=01;31:*.lz4=01;31:*.lzh=01;31:*.lzma=01;31:*.tlz=01;31:*.txz=01;31:*.tzo=01;31:*.t7z=01;31:*.zip=01;31:*.z=01;31:*.dz=01;31:*.gz=01;31:*.lrz=01;31:*.lz=01;31:*.lzo=01;31:*.xz=01;31:*.zst=01;31:*.tzst=01;31:*.bz2=01;31:*.bz=01;31:*.tbz=01;31:*.tbz2=01;31:*.tz=01;31:*.deb=01;31:*.rpm=01;31:*.jar=01;31:*.war=01;31:*.ear=01;31:*.sar=01;31:*.rar=01;31:*.alz=01;31:*.ace=01;31:*.zoo=01;31:*.cpio=01;31:*.7z=01;31:*.rz=01;31:*.cab=01;31:*.wim=01;31:*.swm=01;31:*.dwm=01;31:*.esd=01;31:*.jpg=01;35:*.jpeg=01;35:*.mjpg=01;35:*.mjpeg=01;35:*.gif=01;35:*.bmp=01;35:*.pbm=01;35:*.pgm=01;35:*.ppm=01;35:*.tga=01;35:*.xbm=01;35:*.xpm=01;35:*.tif=01;35:*.tiff=01;35:*.png=01;35:*.svg=01;35:*.svgz=01;35:*.mng=01;35:*.pcx=01;35:*.mov=01;35:*.mpg=01;35:*.mpeg=01;35:*.m2v=01;35:*.mkv=01;35:*.webm=01;35:*.ogm=01;35:*.mp4=01;35:*.m4v=01;35:*.mp4v=01;35:*.vob=01;35:*.qt=01;35:*.nuv=01;35:*.wmv=01;35:*.asf=01;35:*.rm=01;35:*.rmvb=01;35:*.flc=01;35:*.avi=01;35:*.fli=01;35:*.flv=01;35:*.gl=01;35:*.dl=01;35:*.xcf=01;35:*.xwd=01;35:*.yuv=01;35:*.cgm=01;35:*.emf=01;35:*.ogv=01;35:*.ogx=01;35:*.aac=00;36:*.au=00;36:*.flac=00;36:*.m4a=00;36:*.mid=00;36:*.midi=00;36:*.mka=00;36:*.mp3=00;36:*.mpc=00;36:*.ogg=00;36:*.ra=00;36:*.wav=00;36:*.oga=00;36:*.opus=00;36:*.spx=00;36:*.xspf=00;36:'), ('ROSDISTRO_INDEX_URL', 'https://raw.githubusercontent.com/osrf/docker_images/master/ros2/nightly/nightly/index-v4.yaml'), ('AMENT_PREFIX_PATH', '/ros2_test/AD_Middle_Test/ros2/src/install/test_interfaces:/ros2_test/AD_Middle_Test/ros2/src/install/turtlesim:/ros2_test/AD_Middle_Test/ros2/src/install/simple_s:/ros2_test/AD_Middle_Test/ros2/install/simple_s:/ros2_test/AD_Middle_Test/ros2/install/turtlesim:/opt/ros/foxy'), ('LESSCLOSE', '/usr/bin/lesspipe %s %s'), ('PWD', '/ros2_test/AD_Middle_Test/ros2/build/test_interfaces'), ('LC_ALL', 'C.UTF-8'), ('PYTHONPATH', '/ros2_test/AD_Middle_Test/ros2/src/install/test_interfaces/lib/python3.8/site-packages:/ros2_test/AD_Middle_Test/ros2/src/install/turtlesim/lib/python3.8/site-packages:/ros2_test/AD_Middle_Test/ros2/install/turtlesim/lib/python3.8/site-packages:/opt/ros/foxy/lib/python3.8/site-packages'), ('COLCON', '1'), ('CMAKE_PREFIX_PATH', '/ros2_test/AD_Middle_Test/ros2/src/install/test_interfaces:/ros2_test/AD_Middle_Test/ros2/src/install/turtlesim:/ros2_test/AD_Middle_Test/ros2/src/install/simple_s:/ros2_test/AD_Middle_Test/ros2/install/simple_s:/ros2_test/AD_Middle_Test/ros2/install/turtlesim:/opt/ros/foxy')]), 'shell': False}
[0.440972] (test_interfaces) StdoutLine: {'line': b'-- Install configuration: ""\n'}
[0.441281] (test_interfaces) StdoutLine: {'line': b'-- Up-to-date: /ros2_test/AD_Middle_Test/ros2/install/test_interfaces/share/ament_index/resource_index/rosidl_interfaces/test_interfaces\n'}
[0.441486] (test_interfaces) StdoutLine: {'line': b'-- Up-to-date: /ros2_test/AD_Middle_Test/ros2/install/test_interfaces/lib/libtest_interfaces__rosidl_typesupport_c.so\n'}
[0.441865] (test_interfaces) StdoutLine: {'line': b'-- Up-to-date: /ros2_test/AD_Middle_Test/ros2/install/test_interfaces/share/test_interfaces/environment/library_path.sh\n'}
[0.442041] (test_interfaces) StdoutLine: {'line': b'-- Up-to-date: /ros2_test/AD_Middle_Test/ros2/install/test_interfaces/share/test_interfaces/environment/library_path.dsv\n'}
[0.442297] (test_interfaces) StdoutLine: {'line': b'-- Up-to-date: /ros2_test/AD_Middle_Test/ros2/install/test_interfaces/lib/libtest_interfaces__rosidl_typesupport_cpp.so\n'}
[0.442719] (test_interfaces) StdoutLine: {'line': b'-- Up-to-date: /ros2_test/AD_Middle_Test/ros2/install/test_interfaces/include/test_interfaces\n'}
[0.442926] (test_interfaces) StdoutLine: {'line': b'-- Up-to-date: /ros2_test/AD_Middle_Test/ros2/install/test_interfaces/include/test_interfaces/msg\n'}
[0.443068] (test_interfaces) StdoutLine: {'line': b'-- Up-to-date: /ros2_test/AD_Middle_Test/ros2/install/test_interfaces/include/test_interfaces/msg/test__rosidl_typesupport_fastrtps_c.h\n'}
[0.443320] (test_interfaces) StdoutLine: {'line': b'-- Up-to-date: /ros2_test/AD_Middle_Test/ros2/install/test_interfaces/include/test_interfaces/msg/rosidl_typesupport_fastrtps_c__visibility_control.h\n'}
[0.443463] (test_interfaces) StdoutLine: {'line': b'-- Up-to-date: /ros2_test/AD_Middle_Test/ros2/install/test_interfaces/lib/libtest_interfaces__rosidl_typesupport_fastrtps_c.so\n'}
[0.443690] (test_interfaces) StdoutLine: {'line': b'-- Up-to-date: /ros2_test/AD_Middle_Test/ros2/install/test_interfaces/include/test_interfaces\n'}
[0.443923] (test_interfaces) StdoutLine: {'line': b'-- Up-to-date: /ros2_test/AD_Middle_Test/ros2/install/test_interfaces/include/test_interfaces/msg\n'}
[0.444147] (test_interfaces) StdoutLine: {'line': b'-- Up-to-date: /ros2_test/AD_Middle_Test/ros2/install/test_interfaces/include/test_interfaces/msg/dds_fastrtps\n'}
[0.444312] (test_interfaces) StdoutLine: {'line': b'-- Up-to-date: /ros2_test/AD_Middle_Test/ros2/install/test_interfaces/include/test_interfaces/msg/rosidl_typesupport_fastrtps_cpp__visibility_control.h\n'}
[0.444454] (test_interfaces) StdoutLine: {'line': b'-- Up-to-date: /ros2_test/AD_Middle_Test/ros2/install/test_interfaces/include/test_interfaces/msg/test__rosidl_typesupport_fastrtps_cpp.hpp\n'}
[0.444593] (test_interfaces) StdoutLine: {'line': b'-- Up-to-date: /ros2_test/AD_Middle_Test/ros2/install/test_interfaces/lib/libtest_interfaces__rosidl_typesupport_fastrtps_cpp.so\n'}
[0.444785] (test_interfaces) StdoutLine: {'line': b'-- Up-to-date: /ros2_test/AD_Middle_Test/ros2/install/test_interfaces/include/test_interfaces\n'}
[0.445064] (test_interfaces) StdoutLine: {'line': b'-- Up-to-date: /ros2_test/AD_Middle_Test/ros2/install/test_interfaces/include/test_interfaces/msg\n'}
[0.445204] (test_interfaces) StdoutLine: {'line': b'-- Up-to-date: /ros2_test/AD_Middle_Test/ros2/install/test_interfaces/include/test_interfaces/msg/rosidl_typesupport_introspection_c__visibility_control.h\n'}
[0.445371] (test_interfaces) StdoutLine: {'line': b'-- Up-to-date: /ros2_test/AD_Middle_Test/ros2/install/test_interfaces/include/test_interfaces/msg/detail\n'}
[0.445518] (test_interfaces) StdoutLine: {'line': b'-- Up-to-date: /ros2_test/AD_Middle_Test/ros2/install/test_interfaces/include/test_interfaces/msg/detail/test__type_support.c\n'}
[0.445742] (test_interfaces) StdoutLine: {'line': b'-- Up-to-date: /ros2_test/AD_Middle_Test/ros2/install/test_interfaces/include/test_interfaces/msg/detail/test__rosidl_typesupport_introspection_c.h\n'}
[0.445989] (test_interfaces) StdoutLine: {'line': b'-- Up-to-date: /ros2_test/AD_Middle_Test/ros2/install/test_interfaces/lib/libtest_interfaces__rosidl_typesupport_introspection_c.so\n'}
[0.446136] (test_interfaces) StdoutLine: {'line': b'-- Up-to-date: /ros2_test/AD_Middle_Test/ros2/install/test_interfaces/include/test_interfaces\n'}
[0.446284] (test_interfaces) StdoutLine: {'line': b'-- Up-to-date: /ros2_test/AD_Middle_Test/ros2/install/test_interfaces/include/test_interfaces/msg\n'}
[0.446527] (test_interfaces) StdoutLine: {'line': b'-- Up-to-date: /ros2_test/AD_Middle_Test/ros2/install/test_interfaces/include/test_interfaces/msg/detail\n'}
[0.446703] (test_interfaces) StdoutLine: {'line': b'-- Up-to-date: /ros2_test/AD_Middle_Test/ros2/install/test_interfaces/include/test_interfaces/msg/detail/test__type_support.cpp\n'}
[0.446847] (test_interfaces) StdoutLine: {'line': b'-- Up-to-date: /ros2_test/AD_Middle_Test/ros2/install/test_interfaces/include/test_interfaces/msg/detail/test__rosidl_typesupport_introspection_cpp.hpp\n'}
[0.447095] (test_interfaces) StdoutLine: {'line': b'-- Up-to-date: /ros2_test/AD_Middle_Test/ros2/install/test_interfaces/lib/libtest_interfaces__rosidl_typesupport_introspection_cpp.so\n'}
[0.447398] (test_interfaces) StdoutLine: {'line': b'-- Up-to-date: /ros2_test/AD_Middle_Test/ros2/install/test_interfaces/include/test_interfaces\n'}
[0.447538] (test_interfaces) StdoutLine: {'line': b'-- Up-to-date: /ros2_test/AD_Middle_Test/ros2/install/test_interfaces/include/test_interfaces/msg\n'}
[0.447706] (test_interfaces) StdoutLine: {'line': b'-- Up-to-date: /ros2_test/AD_Middle_Test/ros2/install/test_interfaces/include/test_interfaces/msg/detail\n'}
[0.447846] (test_interfaces) StdoutLine: {'line': b'-- Up-to-date: /ros2_test/AD_Middle_Test/ros2/install/test_interfaces/include/test_interfaces/msg/detail/test__functions.c\n'}
[0.448005] (test_interfaces) StdoutLine: {'line': b'-- Up-to-date: /ros2_test/AD_Middle_Test/ros2/install/test_interfaces/include/test_interfaces/msg/detail/test__struct.h\n'}
[0.448336] (test_interfaces) StdoutLine: {'line': b'-- Up-to-date: /ros2_test/AD_Middle_Test/ros2/install/test_interfaces/include/test_interfaces/msg/detail/test__functions.h\n'}
[0.448530] (test_interfaces) StdoutLine: {'line': b'-- Up-to-date: /ros2_test/AD_Middle_Test/ros2/install/test_interfaces/include/test_interfaces/msg/detail/test__type_support.h\n'}
[0.448697] (test_interfaces) StdoutLine: {'line': b'-- Up-to-date: /ros2_test/AD_Middle_Test/ros2/install/test_interfaces/include/test_interfaces/msg/test.h\n'}
[0.448918] (test_interfaces) StdoutLine: {'line': b'-- Up-to-date: /ros2_test/AD_Middle_Test/ros2/install/test_interfaces/include/test_interfaces/msg/rosidl_generator_c__visibility_control.h\n'}
[0.449059] (test_interfaces) StdoutLine: {'line': b'-- Up-to-date: /ros2_test/AD_Middle_Test/ros2/install/test_interfaces/lib/libtest_interfaces__rosidl_generator_c.so\n'}
[0.449197] (test_interfaces) StdoutLine: {'line': b'-- Up-to-date: /ros2_test/AD_Middle_Test/ros2/install/test_interfaces/include/test_interfaces\n'}
[0.449335] (test_interfaces) StdoutLine: {'line': b'-- Up-to-date: /ros2_test/AD_Middle_Test/ros2/install/test_interfaces/include/test_interfaces/msg\n'}
[0.449472] (test_interfaces) StdoutLine: {'line': b'-- Up-to-date: /ros2_test/AD_Middle_Test/ros2/install/test_interfaces/include/test_interfaces/msg/test.hpp\n'}
[0.449609] (test_interfaces) StdoutLine: {'line': b'-- Up-to-date: /ros2_test/AD_Middle_Test/ros2/install/test_interfaces/include/test_interfaces/msg/detail\n'}
[0.449831] (test_interfaces) StdoutLine: {'line': b'-- Up-to-date: /ros2_test/AD_Middle_Test/ros2/install/test_interfaces/include/test_interfaces/msg/detail/test__builder.hpp\n'}
[0.449969] (test_interfaces) StdoutLine: {'line': b'-- Up-to-date: /ros2_test/AD_Middle_Test/ros2/install/test_interfaces/include/test_interfaces/msg/detail/test__struct.hpp\n'}
[0.450107] (test_interfaces) StdoutLine: {'line': b'-- Up-to-date: /ros2_test/AD_Middle_Test/ros2/install/test_interfaces/include/test_interfaces/msg/detail/test__traits.hpp\n'}
[0.450244] (test_interfaces) StdoutLine: {'line': b'-- Up-to-date: /ros2_test/AD_Middle_Test/ros2/install/test_interfaces/share/test_interfaces/environment/pythonpath.sh\n'}
[0.450389] (test_interfaces) StdoutLine: {'line': b'-- Up-to-date: /ros2_test/AD_Middle_Test/ros2/install/test_interfaces/share/test_interfaces/environment/pythonpath.dsv\n'}
[0.450612] (test_interfaces) StdoutLine: {'line': b'-- Up-to-date: /ros2_test/AD_Middle_Test/ros2/install/test_interfaces/lib/python3.8/site-packages/test_interfaces/__init__.py\n'}
[0.499845] (-) TimerEvent: {}
[0.504052] (test_interfaces) StdoutLine: {'line': b'-- Up-to-date: /ros2_test/AD_Middle_Test/ros2/install/test_interfaces/lib/python3.8/site-packages/test_interfaces/msg\n'}
[0.504302] (test_interfaces) StdoutLine: {'line': b'-- Up-to-date: /ros2_test/AD_Middle_Test/ros2/install/test_interfaces/lib/python3.8/site-packages/test_interfaces/msg/_test_s.c\n'}
[0.504542] (test_interfaces) StdoutLine: {'line': b'-- Up-to-date: /ros2_test/AD_Middle_Test/ros2/install/test_interfaces/lib/python3.8/site-packages/test_interfaces/msg/_test.py\n'}
[0.504687] (test_interfaces) StdoutLine: {'line': b'-- Up-to-date: /ros2_test/AD_Middle_Test/ros2/install/test_interfaces/lib/python3.8/site-packages/test_interfaces/msg/__init__.py\n'}
[0.504865] (test_interfaces) StdoutLine: {'line': b'-- Up-to-date: /ros2_test/AD_Middle_Test/ros2/install/test_interfaces/lib/python3.8/site-packages/test_interfaces/test_interfaces_s__rosidl_typesupport_fastrtps_c.cpython-38-x86_64-linux-gnu.so\n'}
[0.505952] (test_interfaces) StdoutLine: {'line': b'-- Up-to-date: /ros2_test/AD_Middle_Test/ros2/install/test_interfaces/lib/python3.8/site-packages/test_interfaces/test_interfaces_s__rosidl_typesupport_introspection_c.cpython-38-x86_64-linux-gnu.so\n'}
[0.506973] (test_interfaces) StdoutLine: {'line': b'-- Up-to-date: /ros2_test/AD_Middle_Test/ros2/install/test_interfaces/lib/python3.8/site-packages/test_interfaces/test_interfaces_s__rosidl_typesupport_c.cpython-38-x86_64-linux-gnu.so\n'}
[0.507806] (test_interfaces) StdoutLine: {'line': b'-- Up-to-date: /ros2_test/AD_Middle_Test/ros2/install/test_interfaces/lib/libtest_interfaces__python.so\n'}
[0.508173] (test_interfaces) StdoutLine: {'line': b'-- Up-to-date: /ros2_test/AD_Middle_Test/ros2/install/test_interfaces/share/test_interfaces/msg/Test.idl\n'}
[0.508462] (test_interfaces) StdoutLine: {'line': b'-- Up-to-date: /ros2_test/AD_Middle_Test/ros2/install/test_interfaces/share/test_interfaces/msg/Test.msg\n'}
[0.508764] (test_interfaces) StdoutLine: {'line': b'-- Up-to-date: /ros2_test/AD_Middle_Test/ros2/install/test_interfaces/share/ament_index/resource_index/package_run_dependencies/test_interfaces\n'}
[0.508964] (test_interfaces) StdoutLine: {'line': b'-- Up-to-date: /ros2_test/AD_Middle_Test/ros2/install/test_interfaces/share/ament_index/resource_index/parent_prefix_path/test_interfaces\n'}
[0.509187] (test_interfaces) StdoutLine: {'line': b'-- Up-to-date: /ros2_test/AD_Middle_Test/ros2/install/test_interfaces/share/test_interfaces/environment/ament_prefix_path.sh\n'}
[0.509472] (test_interfaces) StdoutLine: {'line': b'-- Up-to-date: /ros2_test/AD_Middle_Test/ros2/install/test_interfaces/share/test_interfaces/environment/ament_prefix_path.dsv\n'}
[0.509635] (test_interfaces) StdoutLine: {'line': b'-- Up-to-date: /ros2_test/AD_Middle_Test/ros2/install/test_interfaces/share/test_interfaces/environment/path.sh\n'}
[0.509824] (test_interfaces) StdoutLine: {'line': b'-- Up-to-date: /ros2_test/AD_Middle_Test/ros2/install/test_interfaces/share/test_interfaces/environment/path.dsv\n'}
[0.510020] (test_interfaces) StdoutLine: {'line': b'-- Up-to-date: /ros2_test/AD_Middle_Test/ros2/install/test_interfaces/share/test_interfaces/local_setup.bash\n'}
[0.510307] (test_interfaces) StdoutLine: {'line': b'-- Up-to-date: /ros2_test/AD_Middle_Test/ros2/install/test_interfaces/share/test_interfaces/local_setup.sh\n'}
[0.510446] (test_interfaces) StdoutLine: {'line': b'-- Up-to-date: /ros2_test/AD_Middle_Test/ros2/install/test_interfaces/share/test_interfaces/local_setup.zsh\n'}
[0.510584] (test_interfaces) StdoutLine: {'line': b'-- Up-to-date: /ros2_test/AD_Middle_Test/ros2/install/test_interfaces/share/test_interfaces/local_setup.dsv\n'}
[0.510753] (test_interfaces) StdoutLine: {'line': b'-- Installing: /ros2_test/AD_Middle_Test/ros2/install/test_interfaces/share/test_interfaces/package.dsv\n'}
[0.510982] (test_interfaces) StdoutLine: {'line': b'-- Up-to-date: /ros2_test/AD_Middle_Test/ros2/install/test_interfaces/share/ament_index/resource_index/packages/test_interfaces\n'}
[0.511122] (test_interfaces) StdoutLine: {'line': b'-- Up-to-date: /ros2_test/AD_Middle_Test/ros2/install/test_interfaces/share/test_interfaces/cmake/rosidl_cmake-extras.cmake\n'}
[0.511260] (test_interfaces) StdoutLine: {'line': b'-- Up-to-date: /ros2_test/AD_Middle_Test/ros2/install/test_interfaces/share/test_interfaces/cmake/ament_cmake_export_libraries-extras.cmake\n'}
[0.511398] (test_interfaces) StdoutLine: {'line': b'-- Up-to-date: /ros2_test/AD_Middle_Test/ros2/install/test_interfaces/share/test_interfaces/cmake/ament_cmake_export_include_directories-extras.cmake\n'}
[0.511536] (test_interfaces) StdoutLine: {'line': b'-- Up-to-date: /ros2_test/AD_Middle_Test/ros2/install/test_interfaces/share/test_interfaces/cmake/rosidl_cmake_export_typesupport_libraries-extras.cmake\n'}
[0.511761] (test_interfaces) StdoutLine: {'line': b'-- Up-to-date: /ros2_test/AD_Middle_Test/ros2/install/test_interfaces/share/test_interfaces/cmake/test_interfacesConfig.cmake\n'}
[0.511948] (test_interfaces) StdoutLine: {'line': b'-- Up-to-date: /ros2_test/AD_Middle_Test/ros2/install/test_interfaces/share/test_interfaces/cmake/test_interfacesConfig-version.cmake\n'}
[0.512352] (test_interfaces) StdoutLine: {'line': b'-- Up-to-date: /ros2_test/AD_Middle_Test/ros2/install/test_interfaces/share/test_interfaces/package.xml\n'}
[0.514217] (test_interfaces) CommandEnded: {'returncode': 0}
[0.541015] (test_interfaces) JobEnded: {'identifier': 'test_interfaces', 'rc': 0}
[0.546558] (simple_s) JobStarted: {'identifier': 'simple_s'}
[0.562632] (simple_s) JobProgress: {'identifier': 'simple_s', 'progress': 'cmake'}
[0.563752] (simple_s) JobProgress: {'identifier': 'simple_s', 'progress': 'build'}
[0.565434] (simple_s) Command: {'cmd': ['/usr/bin/cmake', '--build', '/ros2_test/AD_Middle_Test/ros2/build/simple_s', '--', '-j40', '-l40'], 'cwd': '/ros2_test/AD_Middle_Test/ros2/build/simple_s', 'env': OrderedDict([('LESSOPEN', '| /usr/bin/lesspipe %s'), ('HOSTNAME', '3d2cb9766238'), ('ROS_PACKAGE_PATH', '/opt/ros/foxy/share'), ('SHLVL', '1'), ('LD_LIBRARY_PATH', '/ros2_test/AD_Middle_Test/ros2/install/test_interfaces/lib:/ros2_test/AD_Middle_Test/ros2/src/install/test_interfaces/lib:/ros2_test/AD_Middle_Test/ros2/src/install/turtlesim/lib:/ros2_test/AD_Middle_Test/ros2/install/turtlesim/lib:/opt/ros/foxy/opt/yaml_cpp_vendor/lib:/opt/ros/foxy/opt/rviz_ogre_vendor/lib:/opt/ros/foxy/lib'), ('HOME', '/root'), ('OLDPWD', '/ros2_test/AD_Middle_Test/ros2/src'), ('ROS_PYTHON_VERSION', '3'), ('COLCON_PREFIX_PATH', '/ros2_test/AD_Middle_Test/ros2/src/install:/ros2_test/AD_Middle_Test/ros2/install:/opt/ros/foxy'), ('ROS_DISTRO', 'foxy'), ('_', '/usr/bin/colcon'), ('ROS_VERSION', '2'), ('PKG_CONFIG_PATH', '/opt/ros/foxy/lib/x86_64-linux-gnu/pkgconfig:/opt/ros/foxy/lib/pkgconfig'), ('TERM', 'xterm'), ('ROS_LOCALHOST_ONLY', '0'), ('PATH', '/opt/ros/foxy/bin:/usr/local/sbin:/usr/local/bin:/usr/sbin:/usr/bin:/sbin:/bin'), ('LANG', 'C.UTF-8'), ('LS_COLORS', 'rs=0:di=01;34:ln=01;36:mh=00:pi=40;33:so=01;35:do=01;35:bd=40;33;01:cd=40;33;01:or=40;31;01:mi=00:su=37;41:sg=30;43:ca=30;41:tw=30;42:ow=34;42:st=37;44:ex=01;32:*.tar=01;31:*.tgz=01;31:*.arc=01;31:*.arj=01;31:*.taz=01;31:*.lha=01;31:*.lz4=01;31:*.lzh=01;31:*.lzma=01;31:*.tlz=01;31:*.txz=01;31:*.tzo=01;31:*.t7z=01;31:*.zip=01;31:*.z=01;31:*.dz=01;31:*.gz=01;31:*.lrz=01;31:*.lz=01;31:*.lzo=01;31:*.xz=01;31:*.zst=01;31:*.tzst=01;31:*.bz2=01;31:*.bz=01;31:*.tbz=01;31:*.tbz2=01;31:*.tz=01;31:*.deb=01;31:*.rpm=01;31:*.jar=01;31:*.war=01;31:*.ear=01;31:*.sar=01;31:*.rar=01;31:*.alz=01;31:*.ace=01;31:*.zoo=01;31:*.cpio=01;31:*.7z=01;31:*.rz=01;31:*.cab=01;31:*.wim=01;31:*.swm=01;31:*.dwm=01;31:*.esd=01;31:*.jpg=01;35:*.jpeg=01;35:*.mjpg=01;35:*.mjpeg=01;35:*.gif=01;35:*.bmp=01;35:*.pbm=01;35:*.pgm=01;35:*.ppm=01;35:*.tga=01;35:*.xbm=01;35:*.xpm=01;35:*.tif=01;35:*.tiff=01;35:*.png=01;35:*.svg=01;35:*.svgz=01;35:*.mng=01;35:*.pcx=01;35:*.mov=01;35:*.mpg=01;35:*.mpeg=01;35:*.m2v=01;35:*.mkv=01;35:*.webm=01;35:*.ogm=01;35:*.mp4=01;35:*.m4v=01;35:*.mp4v=01;35:*.vob=01;35:*.qt=01;35:*.nuv=01;35:*.wmv=01;35:*.asf=01;35:*.rm=01;35:*.rmvb=01;35:*.flc=01;35:*.avi=01;35:*.fli=01;35:*.flv=01;35:*.gl=01;35:*.dl=01;35:*.xcf=01;35:*.xwd=01;35:*.yuv=01;35:*.cgm=01;35:*.emf=01;35:*.ogv=01;35:*.ogx=01;35:*.aac=00;36:*.au=00;36:*.flac=00;36:*.m4a=00;36:*.mid=00;36:*.midi=00;36:*.mka=00;36:*.mp3=00;36:*.mpc=00;36:*.ogg=00;36:*.ra=00;36:*.wav=00;36:*.oga=00;36:*.opus=00;36:*.spx=00;36:*.xspf=00;36:'), ('ROSDISTRO_INDEX_URL', 'https://raw.githubusercontent.com/osrf/docker_images/master/ros2/nightly/nightly/index-v4.yaml'), ('AMENT_PREFIX_PATH', '/ros2_test/AD_Middle_Test/ros2/install/test_interfaces:/ros2_test/AD_Middle_Test/ros2/src/install/test_interfaces:/ros2_test/AD_Middle_Test/ros2/src/install/turtlesim:/ros2_test/AD_Middle_Test/ros2/src/install/simple_s:/ros2_test/AD_Middle_Test/ros2/install/simple_s:/ros2_test/AD_Middle_Test/ros2/install/turtlesim:/opt/ros/foxy'), ('LESSCLOSE', '/usr/bin/lesspipe %s %s'), ('PWD', '/ros2_test/AD_Middle_Test/ros2/build/simple_s'), ('LC_ALL', 'C.UTF-8'), ('PYTHONPATH', '/ros2_test/AD_Middle_Test/ros2/install/test_interfaces/lib/python3.8/site-packages:/ros2_test/AD_Middle_Test/ros2/src/install/test_interfaces/lib/python3.8/site-packages:/ros2_test/AD_Middle_Test/ros2/src/install/turtlesim/lib/python3.8/site-packages:/ros2_test/AD_Middle_Test/ros2/install/turtlesim/lib/python3.8/site-packages:/opt/ros/foxy/lib/python3.8/site-packages'), ('COLCON', '1'), ('CMAKE_PREFIX_PATH', '/ros2_test/AD_Middle_Test/ros2/install/test_interfaces:/ros2_test/AD_Middle_Test/ros2/src/install/test_interfaces:/ros2_test/AD_Middle_Test/ros2/src/install/turtlesim:/ros2_test/AD_Middle_Test/ros2/src/install/simple_s:/ros2_test/AD_Middle_Test/ros2/install/simple_s:/ros2_test/AD_Middle_Test/ros2/install/turtlesim:/opt/ros/foxy')]), 'shell': False}
[0.599944] (-) TimerEvent: {}
[0.612365] (turtlesim) JobProgress: {'identifier': 'turtlesim', 'progress': 'install'}
[0.613966] (turtlesim) Command: {'cmd': ['/usr/bin/cmake', '--install', '/ros2_test/AD_Middle_Test/ros2/build/turtlesim'], 'cwd': '/ros2_test/AD_Middle_Test/ros2/build/turtlesim', 'env': OrderedDict([('LESSOPEN', '| /usr/bin/lesspipe %s'), ('HOSTNAME', '3d2cb9766238'), ('ROS_PACKAGE_PATH', '/opt/ros/foxy/share'), ('SHLVL', '1'), ('LD_LIBRARY_PATH', '/ros2_test/AD_Middle_Test/ros2/src/install/test_interfaces/lib:/ros2_test/AD_Middle_Test/ros2/src/install/turtlesim/lib:/ros2_test/AD_Middle_Test/ros2/install/turtlesim/lib:/opt/ros/foxy/opt/yaml_cpp_vendor/lib:/opt/ros/foxy/opt/rviz_ogre_vendor/lib:/opt/ros/foxy/lib'), ('HOME', '/root'), ('OLDPWD', '/ros2_test/AD_Middle_Test/ros2/src'), ('ROS_PYTHON_VERSION', '3'), ('COLCON_PREFIX_PATH', '/ros2_test/AD_Middle_Test/ros2/src/install:/ros2_test/AD_Middle_Test/ros2/install:/opt/ros/foxy'), ('ROS_DISTRO', 'foxy'), ('_', '/usr/bin/colcon'), ('ROS_VERSION', '2'), ('PKG_CONFIG_PATH', '/opt/ros/foxy/lib/x86_64-linux-gnu/pkgconfig:/opt/ros/foxy/lib/pkgconfig'), ('TERM', 'xterm'), ('ROS_LOCALHOST_ONLY', '0'), ('PATH', '/opt/ros/foxy/bin:/usr/local/sbin:/usr/local/bin:/usr/sbin:/usr/bin:/sbin:/bin'), ('LANG', 'C.UTF-8'), ('LS_COLORS', 'rs=0:di=01;34:ln=01;36:mh=00:pi=40;33:so=01;35:do=01;35:bd=40;33;01:cd=40;33;01:or=40;31;01:mi=00:su=37;41:sg=30;43:ca=30;41:tw=30;42:ow=34;42:st=37;44:ex=01;32:*.tar=01;31:*.tgz=01;31:*.arc=01;31:*.arj=01;31:*.taz=01;31:*.lha=01;31:*.lz4=01;31:*.lzh=01;31:*.lzma=01;31:*.tlz=01;31:*.txz=01;31:*.tzo=01;31:*.t7z=01;31:*.zip=01;31:*.z=01;31:*.dz=01;31:*.gz=01;31:*.lrz=01;31:*.lz=01;31:*.lzo=01;31:*.xz=01;31:*.zst=01;31:*.tzst=01;31:*.bz2=01;31:*.bz=01;31:*.tbz=01;31:*.tbz2=01;31:*.tz=01;31:*.deb=01;31:*.rpm=01;31:*.jar=01;31:*.war=01;31:*.ear=01;31:*.sar=01;31:*.rar=01;31:*.alz=01;31:*.ace=01;31:*.zoo=01;31:*.cpio=01;31:*.7z=01;31:*.rz=01;31:*.cab=01;31:*.wim=01;31:*.swm=01;31:*.dwm=01;31:*.esd=01;31:*.jpg=01;35:*.jpeg=01;35:*.mjpg=01;35:*.mjpeg=01;35:*.gif=01;35:*.bmp=01;35:*.pbm=01;35:*.pgm=01;35:*.ppm=01;35:*.tga=01;35:*.xbm=01;35:*.xpm=01;35:*.tif=01;35:*.tiff=01;35:*.png=01;35:*.svg=01;35:*.svgz=01;35:*.mng=01;35:*.pcx=01;35:*.mov=01;35:*.mpg=01;35:*.mpeg=01;35:*.m2v=01;35:*.mkv=01;35:*.webm=01;35:*.ogm=01;35:*.mp4=01;35:*.m4v=01;35:*.mp4v=01;35:*.vob=01;35:*.qt=01;35:*.nuv=01;35:*.wmv=01;35:*.asf=01;35:*.rm=01;35:*.rmvb=01;35:*.flc=01;35:*.avi=01;35:*.fli=01;35:*.flv=01;35:*.gl=01;35:*.dl=01;35:*.xcf=01;35:*.xwd=01;35:*.yuv=01;35:*.cgm=01;35:*.emf=01;35:*.ogv=01;35:*.ogx=01;35:*.aac=00;36:*.au=00;36:*.flac=00;36:*.m4a=00;36:*.mid=00;36:*.midi=00;36:*.mka=00;36:*.mp3=00;36:*.mpc=00;36:*.ogg=00;36:*.ra=00;36:*.wav=00;36:*.oga=00;36:*.opus=00;36:*.spx=00;36:*.xspf=00;36:'), ('ROSDISTRO_INDEX_URL', 'https://raw.githubusercontent.com/osrf/docker_images/master/ros2/nightly/nightly/index-v4.yaml'), ('AMENT_PREFIX_PATH', '/ros2_test/AD_Middle_Test/ros2/src/install/test_interfaces:/ros2_test/AD_Middle_Test/ros2/src/install/turtlesim:/ros2_test/AD_Middle_Test/ros2/src/install/simple_s:/ros2_test/AD_Middle_Test/ros2/install/simple_s:/ros2_test/AD_Middle_Test/ros2/install/turtlesim:/opt/ros/foxy'), ('LESSCLOSE', '/usr/bin/lesspipe %s %s'), ('PWD', '/ros2_test/AD_Middle_Test/ros2/build/turtlesim'), ('LC_ALL', 'C.UTF-8'), ('PYTHONPATH', '/ros2_test/AD_Middle_Test/ros2/src/install/test_interfaces/lib/python3.8/site-packages:/ros2_test/AD_Middle_Test/ros2/src/install/turtlesim/lib/python3.8/site-packages:/ros2_test/AD_Middle_Test/ros2/install/turtlesim/lib/python3.8/site-packages:/opt/ros/foxy/lib/python3.8/site-packages'), ('COLCON', '1'), ('CMAKE_PREFIX_PATH', '/ros2_test/AD_Middle_Test/ros2/src/install/test_interfaces:/ros2_test/AD_Middle_Test/ros2/src/install/turtlesim:/ros2_test/AD_Middle_Test/ros2/src/install/simple_s:/ros2_test/AD_Middle_Test/ros2/install/simple_s:/ros2_test/AD_Middle_Test/ros2/install/turtlesim:/opt/ros/foxy')]), 'shell': False}
[0.628443] (turtlesim) StdoutLine: {'line': b'-- Install configuration: ""\n'}
[0.628740] (turtlesim) StdoutLine: {'line': b'-- Up-to-date: /ros2_test/AD_Middle_Test/ros2/install/turtlesim/share/ament_index/resource_index/rosidl_interfaces/turtlesim\n'}
[0.628942] (turtlesim) StdoutLine: {'line': b'-- Up-to-date: /ros2_test/AD_Middle_Test/ros2/install/turtlesim/lib/libturtlesim__rosidl_typesupport_c.so\n'}
[0.629348] (turtlesim) StdoutLine: {'line': b'-- Up-to-date: /ros2_test/AD_Middle_Test/ros2/install/turtlesim/share/turtlesim/environment/library_path.sh\n'}
[0.629615] (turtlesim) StdoutLine: {'line': b'-- Up-to-date: /ros2_test/AD_Middle_Test/ros2/install/turtlesim/share/turtlesim/environment/library_path.dsv\n'}
[0.629790] (simple_s) StdoutLine: {'line': b'\x1b[35m\x1b[1mScanning dependencies of target talker\x1b[0m\n'}
[0.630009] (turtlesim) StdoutLine: {'line': b'-- Up-to-date: /ros2_test/AD_Middle_Test/ros2/install/turtlesim/lib/libturtlesim__rosidl_typesupport_cpp.so\n'}
[0.630197] (turtlesim) StdoutLine: {'line': b'-- Up-to-date: /ros2_test/AD_Middle_Test/ros2/install/turtlesim/include/turtlesim\n'}
[0.630423] (turtlesim) StdoutLine: {'line': b'-- Up-to-date: /ros2_test/AD_Middle_Test/ros2/install/turtlesim/include/turtlesim/msg\n'}
[0.630729] (turtlesim) StdoutLine: {'line': b'-- Up-to-date: /ros2_test/AD_Middle_Test/ros2/install/turtlesim/include/turtlesim/msg/rosidl_typesupport_introspection_c__visibility_control.h\n'}
[0.631023] (turtlesim) StdoutLine: {'line': b'-- Up-to-date: /ros2_test/AD_Middle_Test/ros2/install/turtlesim/include/turtlesim/msg/detail\n'}
[0.631247] (turtlesim) StdoutLine: {'line': b'-- Up-to-date: /ros2_test/AD_Middle_Test/ros2/install/turtlesim/include/turtlesim/msg/detail/pose__type_support.c\n'}
[0.631389] (turtlesim) StdoutLine: {'line': b'-- Up-to-date: /ros2_test/AD_Middle_Test/ros2/install/turtlesim/include/turtlesim/msg/detail/pose__rosidl_typesupport_introspection_c.h\n'}
[0.631528] (turtlesim) StdoutLine: {'line': b'-- Up-to-date: /ros2_test/AD_Middle_Test/ros2/install/turtlesim/include/turtlesim/msg/detail/color__rosidl_typesupport_introspection_c.h\n'}
[0.631705] (turtlesim) StdoutLine: {'line': b'-- Up-to-date: /ros2_test/AD_Middle_Test/ros2/install/turtlesim/include/turtlesim/msg/detail/color__type_support.c\n'}
[0.631847] (turtlesim) StdoutLine: {'line': b'-- Up-to-date: /ros2_test/AD_Middle_Test/ros2/install/turtlesim/include/turtlesim/srv\n'}
[0.631988] (turtlesim) StdoutLine: {'line': b'-- Up-to-date: /ros2_test/AD_Middle_Test/ros2/install/turtlesim/include/turtlesim/srv/detail\n'}
[0.632219] (turtlesim) StdoutLine: {'line': b'-- Up-to-date: /ros2_test/AD_Middle_Test/ros2/install/turtlesim/include/turtlesim/srv/detail/set_pen__rosidl_typesupport_introspection_c.h\n'}
[0.632508] (turtlesim) StdoutLine: {'line': b'-- Up-to-date: /ros2_test/AD_Middle_Test/ros2/install/turtlesim/include/turtlesim/srv/detail/teleport_absolute__rosidl_typesupport_introspection_c.h\n'}
[0.632793] (turtlesim) StdoutLine: {'line': b'-- Up-to-date: /ros2_test/AD_Middle_Test/ros2/install/turtlesim/include/turtlesim/srv/detail/set_pen__type_support.c\n'}
[0.633022] (turtlesim) StdoutLine: {'line': b'-- Up-to-date: /ros2_test/AD_Middle_Test/ros2/install/turtlesim/include/turtlesim/srv/detail/teleport_relative__type_support.c\n'}
[0.633163] (turtlesim) StdoutLine: {'line': b'-- Up-to-date: /ros2_test/AD_Middle_Test/ros2/install/turtlesim/include/turtlesim/srv/detail/spawn__type_support.c\n'}
[0.633303] (turtlesim) StdoutLine: {'line': b'-- Up-to-date: /ros2_test/AD_Middle_Test/ros2/install/turtlesim/include/turtlesim/srv/detail/teleport_absolute__type_support.c\n'}
[0.633477] (turtlesim) StdoutLine: {'line': b'-- Up-to-date: /ros2_test/AD_Middle_Test/ros2/install/turtlesim/include/turtlesim/srv/detail/kill__type_support.c\n'}
[0.633619] (turtlesim) StdoutLine: {'line': b'-- Up-to-date: /ros2_test/AD_Middle_Test/ros2/install/turtlesim/include/turtlesim/srv/detail/teleport_relative__rosidl_typesupport_introspection_c.h\n'}
[0.633758] (turtlesim) StdoutLine: {'line': b'-- Up-to-date: /ros2_test/AD_Middle_Test/ros2/install/turtlesim/include/turtlesim/srv/detail/kill__rosidl_typesupport_introspection_c.h\n'}
[0.634005] (turtlesim) StdoutLine: {'line': b'-- Up-to-date: /ros2_test/AD_Middle_Test/ros2/install/turtlesim/include/turtlesim/srv/detail/spawn__rosidl_typesupport_introspection_c.h\n'}
[0.634236] (turtlesim) StdoutLine: {'line': b'-- Up-to-date: /ros2_test/AD_Middle_Test/ros2/install/turtlesim/include/turtlesim/action\n'}
[0.634443] (turtlesim) StdoutLine: {'line': b'-- Up-to-date: /ros2_test/AD_Middle_Test/ros2/install/turtlesim/include/turtlesim/action/detail\n'}
[0.634583] (turtlesim) StdoutLine: {'line': b'-- Up-to-date: /ros2_test/AD_Middle_Test/ros2/install/turtlesim/include/turtlesim/action/detail/rotate_absolute__rosidl_typesupport_introspection_c.h\n'}
[0.634765] (turtlesim) StdoutLine: {'line': b'-- Up-to-date: /ros2_test/AD_Middle_Test/ros2/install/turtlesim/include/turtlesim/action/detail/rotate_absolute__type_support.c\n'}
[0.634908] (turtlesim) StdoutLine: {'line': b'-- Up-to-date: /ros2_test/AD_Middle_Test/ros2/install/turtlesim/lib/libturtlesim__rosidl_typesupport_introspection_c.so\n'}
[0.635047] (turtlesim) StdoutLine: {'line': b'-- Up-to-date: /ros2_test/AD_Middle_Test/ros2/install/turtlesim/include/turtlesim\n'}
[0.635207] (turtlesim) StdoutLine: {'line': b'-- Up-to-date: /ros2_test/AD_Middle_Test/ros2/install/turtlesim/include/turtlesim/msg\n'}
[0.635471] (turtlesim) StdoutLine: {'line': b'-- Up-to-date: /ros2_test/AD_Middle_Test/ros2/install/turtlesim/include/turtlesim/msg/detail\n'}
[0.635735] (turtlesim) StdoutLine: {'line': b'-- Up-to-date: /ros2_test/AD_Middle_Test/ros2/install/turtlesim/include/turtlesim/msg/detail/color__type_support.cpp\n'}
[0.635944] (turtlesim) StdoutLine: {'line': b'-- Up-to-date: /ros2_test/AD_Middle_Test/ros2/install/turtlesim/include/turtlesim/msg/detail/color__rosidl_typesupport_introspection_cpp.hpp\n'}
[0.636085] (turtlesim) StdoutLine: {'line': b'-- Up-to-date: /ros2_test/AD_Middle_Test/ros2/install/turtlesim/include/turtlesim/msg/detail/pose__type_support.cpp\n'}
[0.636224] (turtlesim) StdoutLine: {'line': b'-- Up-to-date: /ros2_test/AD_Middle_Test/ros2/install/turtlesim/include/turtlesim/msg/detail/pose__rosidl_typesupport_introspection_cpp.hpp\n'}
[0.636393] (turtlesim) StdoutLine: {'line': b'-- Up-to-date: /ros2_test/AD_Middle_Test/ros2/install/turtlesim/include/turtlesim/srv\n'}
[0.636533] (turtlesim) StdoutLine: {'line': b'-- Up-to-date: /ros2_test/AD_Middle_Test/ros2/install/turtlesim/include/turtlesim/srv/detail\n'}
[0.636671] (turtlesim) StdoutLine: {'line': b'-- Up-to-date: /ros2_test/AD_Middle_Test/ros2/install/turtlesim/include/turtlesim/srv/detail/kill__type_support.cpp\n'}
[0.636908] (turtlesim) StdoutLine: {'line': b'-- Up-to-date: /ros2_test/AD_Middle_Test/ros2/install/turtlesim/include/turtlesim/srv/detail/kill__rosidl_typesupport_introspection_cpp.hpp\n'}
[0.637220] (turtlesim) StdoutLine: {'line': b'-- Up-to-date: /ros2_test/AD_Middle_Test/ros2/install/turtlesim/include/turtlesim/srv/detail/teleport_relative__rosidl_typesupport_introspection_cpp.hpp\n'}
[0.637509] (turtlesim) StdoutLine: {'line': b'-- Up-to-date: /ros2_test/AD_Middle_Test/ros2/install/turtlesim/include/turtlesim/srv/detail/teleport_absolute__type_support.cpp\n'}
[0.637818] (turtlesim) StdoutLine: {'line': b'-- Up-to-date: /ros2_test/AD_Middle_Test/ros2/install/turtlesim/include/turtlesim/srv/detail/set_pen__type_support.cpp\n'}
[0.638124] (turtlesim) StdoutLine: {'line': b'-- Up-to-date: /ros2_test/AD_Middle_Test/ros2/install/turtlesim/include/turtlesim/srv/detail/spawn__rosidl_typesupport_introspection_cpp.hpp\n'}
[0.638410] (turtlesim) StdoutLine: {'line': b'-- Up-to-date: /ros2_test/AD_Middle_Test/ros2/install/turtlesim/include/turtlesim/srv/detail/spawn__type_support.cpp\n'}
[0.638580] (turtlesim) StdoutLine: {'line': b'-- Up-to-date: /ros2_test/AD_Middle_Test/ros2/install/turtlesim/include/turtlesim/srv/detail/teleport_absolute__rosidl_typesupport_introspection_cpp.hpp\n'}
[0.638788] (turtlesim) StdoutLine: {'line': b'-- Up-to-date: /ros2_test/AD_Middle_Test/ros2/install/turtlesim/include/turtlesim/srv/detail/teleport_relative__type_support.cpp\n'}
[0.638963] (turtlesim) StdoutLine: {'line': b'-- Up-to-date: /ros2_test/AD_Middle_Test/ros2/install/turtlesim/include/turtlesim/srv/detail/set_pen__rosidl_typesupport_introspection_cpp.hpp\n'}
[0.639105] (turtlesim) StdoutLine: {'line': b'-- Up-to-date: /ros2_test/AD_Middle_Test/ros2/install/turtlesim/include/turtlesim/action\n'}
[0.639245] (turtlesim) StdoutLine: {'line': b'-- Up-to-date: /ros2_test/AD_Middle_Test/ros2/install/turtlesim/include/turtlesim/action/detail\n'}
[0.639473] (turtlesim) StdoutLine: {'line': b'-- Up-to-date: /ros2_test/AD_Middle_Test/ros2/install/turtlesim/include/turtlesim/action/detail/rotate_absolute__rosidl_typesupport_introspection_cpp.hpp\n'}
[0.639767] (turtlesim) StdoutLine: {'line': b'-- Up-to-date: /ros2_test/AD_Middle_Test/ros2/install/turtlesim/include/turtlesim/action/detail/rotate_absolute__type_support.cpp\n'}
[0.640034] (turtlesim) StdoutLine: {'line': b'-- Up-to-date: /ros2_test/AD_Middle_Test/ros2/install/turtlesim/lib/libturtlesim__rosidl_typesupport_introspection_cpp.so\n'}
[0.640318] (turtlesim) StdoutLine: {'line': b'-- Up-to-date: /ros2_test/AD_Middle_Test/ros2/install/turtlesim/include/turtlesim\n'}
[0.640588] (turtlesim) StdoutLine: {'line': b'-- Up-to-date: /ros2_test/AD_Middle_Test/ros2/install/turtlesim/include/turtlesim/msg\n'}
[0.640818] (turtlesim) StdoutLine: {'line': b'-- Up-to-date: /ros2_test/AD_Middle_Test/ros2/install/turtlesim/include/turtlesim/msg/color__rosidl_typesupport_fastrtps_c.h\n'}
[0.641021] (turtlesim) StdoutLine: {'line': b'-- Up-to-date: /ros2_test/AD_Middle_Test/ros2/install/turtlesim/include/turtlesim/msg/pose__rosidl_typesupport_fastrtps_c.h\n'}
[0.641193] (turtlesim) StdoutLine: {'line': b'-- Up-to-date: /ros2_test/AD_Middle_Test/ros2/install/turtlesim/include/turtlesim/msg/rosidl_typesupport_fastrtps_c__visibility_control.h\n'}
[0.641336] (turtlesim) StdoutLine: {'line': b'-- Up-to-date: /ros2_test/AD_Middle_Test/ros2/install/turtlesim/include/turtlesim/srv\n'}
[0.641477] (turtlesim) StdoutLine: {'line': b'-- Up-to-date: /ros2_test/AD_Middle_Test/ros2/install/turtlesim/include/turtlesim/srv/teleport_absolute__rosidl_typesupport_fastrtps_c.h\n'}
[0.641624] (turtlesim) StdoutLine: {'line': b'-- Up-to-date: /ros2_test/AD_Middle_Test/ros2/install/turtlesim/include/turtlesim/srv/set_pen__rosidl_typesupport_fastrtps_c.h\n'}
[0.641766] (turtlesim) StdoutLine: {'line': b'-- Up-to-date: /ros2_test/AD_Middle_Test/ros2/install/turtlesim/include/turtlesim/srv/kill__rosidl_typesupport_fastrtps_c.h\n'}
[0.641907] (turtlesim) StdoutLine: {'line': b'-- Up-to-date: /ros2_test/AD_Middle_Test/ros2/install/turtlesim/include/turtlesim/srv/teleport_relative__rosidl_typesupport_fastrtps_c.h\n'}
[0.642047] (turtlesim) StdoutLine: {'line': b'-- Up-to-date: /ros2_test/AD_Middle_Test/ros2/install/turtlesim/include/turtlesim/srv/spawn__rosidl_typesupport_fastrtps_c.h\n'}
[0.642186] (turtlesim) StdoutLine: {'line': b'-- Up-to-date: /ros2_test/AD_Middle_Test/ros2/install/turtlesim/include/turtlesim/action\n'}
[0.642325] (turtlesim) StdoutLine: {'line': b'-- Up-to-date: /ros2_test/AD_Middle_Test/ros2/install/turtlesim/include/turtlesim/action/rotate_absolute__rosidl_typesupport_fastrtps_c.h\n'}
[0.642464] (turtlesim) StdoutLine: {'line': b'-- Up-to-date: /ros2_test/AD_Middle_Test/ros2/install/turtlesim/lib/libturtlesim__rosidl_typesupport_fastrtps_c.so\n'}
[0.642603] (turtlesim) StdoutLine: {'line': b'-- Up-to-date: /ros2_test/AD_Middle_Test/ros2/install/turtlesim/include/turtlesim\n'}
[0.642771] (turtlesim) StdoutLine: {'line': b'-- Up-to-date: /ros2_test/AD_Middle_Test/ros2/install/turtlesim/include/turtlesim/msg\n'}
[0.642913] (turtlesim) StdoutLine: {'line': b'-- Up-to-date: /ros2_test/AD_Middle_Test/ros2/install/turtlesim/include/turtlesim/msg/dds_fastrtps\n'}
[0.643052] (turtlesim) StdoutLine: {'line': b'-- Up-to-date: /ros2_test/AD_Middle_Test/ros2/install/turtlesim/include/turtlesim/msg/rosidl_typesupport_fastrtps_cpp__visibility_control.h\n'}
[0.643191] (turtlesim) StdoutLine: {'line': b'-- Up-to-date: /ros2_test/AD_Middle_Test/ros2/install/turtlesim/include/turtlesim/msg/pose__rosidl_typesupport_fastrtps_cpp.hpp\n'}
[0.643329] (turtlesim) StdoutLine: {'line': b'-- Up-to-date: /ros2_test/AD_Middle_Test/ros2/install/turtlesim/include/turtlesim/msg/color__rosidl_typesupport_fastrtps_cpp.hpp\n'}
[0.643468] (turtlesim) StdoutLine: {'line': b'-- Up-to-date: /ros2_test/AD_Middle_Test/ros2/install/turtlesim/include/turtlesim/srv\n'}
[0.643606] (turtlesim) StdoutLine: {'line': b'-- Up-to-date: /ros2_test/AD_Middle_Test/ros2/install/turtlesim/include/turtlesim/srv/dds_fastrtps\n'}
[0.643745] (turtlesim) StdoutLine: {'line': b'-- Up-to-date: /ros2_test/AD_Middle_Test/ros2/install/turtlesim/include/turtlesim/srv/set_pen__rosidl_typesupport_fastrtps_cpp.hpp\n'}
[0.643883] (turtlesim) StdoutLine: {'line': b'-- Up-to-date: /ros2_test/AD_Middle_Test/ros2/install/turtlesim/include/turtlesim/srv/teleport_absolute__rosidl_typesupport_fastrtps_cpp.hpp\n'}
[0.644022] (turtlesim) StdoutLine: {'line': b'-- Up-to-date: /ros2_test/AD_Middle_Test/ros2/install/turtlesim/include/turtlesim/srv/spawn__rosidl_typesupport_fastrtps_cpp.hpp\n'}
[0.644161] (turtlesim) StdoutLine: {'line': b'-- Up-to-date: /ros2_test/AD_Middle_Test/ros2/install/turtlesim/include/turtlesim/srv/teleport_relative__rosidl_typesupport_fastrtps_cpp.hpp\n'}
[0.644300] (turtlesim) StdoutLine: {'line': b'-- Up-to-date: /ros2_test/AD_Middle_Test/ros2/install/turtlesim/include/turtlesim/srv/kill__rosidl_typesupport_fastrtps_cpp.hpp\n'}
[0.644439] (turtlesim) StdoutLine: {'line': b'-- Up-to-date: /ros2_test/AD_Middle_Test/ros2/install/turtlesim/include/turtlesim/action\n'}
[0.644578] (turtlesim) StdoutLine: {'line': b'-- Up-to-date: /ros2_test/AD_Middle_Test/ros2/install/turtlesim/include/turtlesim/action/rotate_absolute__rosidl_typesupport_fastrtps_cpp.hpp\n'}
[0.644716] (turtlesim) StdoutLine: {'line': b'-- Up-to-date: /ros2_test/AD_Middle_Test/ros2/install/turtlesim/include/turtlesim/action/dds_fastrtps\n'}
[0.644855] (turtlesim) StdoutLine: {'line': b'-- Up-to-date: /ros2_test/AD_Middle_Test/ros2/install/turtlesim/lib/libturtlesim__rosidl_typesupport_fastrtps_cpp.so\n'}
[0.645006] (turtlesim) StdoutLine: {'line': b'-- Up-to-date: /ros2_test/AD_Middle_Test/ros2/install/turtlesim/include/turtlesim\n'}
[0.645146] (turtlesim) StdoutLine: {'line': b'-- Up-to-date: /ros2_test/AD_Middle_Test/ros2/install/turtlesim/include/turtlesim/msg\n'}
[0.645284] (turtlesim) StdoutLine: {'line': b'-- Up-to-date: /ros2_test/AD_Middle_Test/ros2/install/turtlesim/include/turtlesim/msg/color.h\n'}
[0.645422] (turtlesim) StdoutLine: {'line': b'-- Up-to-date: /ros2_test/AD_Middle_Test/ros2/install/turtlesim/include/turtlesim/msg/pose.h\n'}
[0.645560] (turtlesim) StdoutLine: {'line': b'-- Up-to-date: /ros2_test/AD_Middle_Test/ros2/install/turtlesim/include/turtlesim/msg/detail\n'}
[0.645709] (turtlesim) StdoutLine: {'line': b'-- Up-to-date: /ros2_test/AD_Middle_Test/ros2/install/turtlesim/include/turtlesim/msg/detail/color__functions.h\n'}
[0.645848] (turtlesim) StdoutLine: {'line': b'-- Up-to-date: /ros2_test/AD_Middle_Test/ros2/install/turtlesim/include/turtlesim/msg/detail/color__struct.h\n'}
[0.645985] (turtlesim) StdoutLine: {'line': b'-- Up-to-date: /ros2_test/AD_Middle_Test/ros2/install/turtlesim/include/turtlesim/msg/detail/color__type_support.h\n'}
[0.646124] (turtlesim) StdoutLine: {'line': b'-- Up-to-date: /ros2_test/AD_Middle_Test/ros2/install/turtlesim/include/turtlesim/msg/detail/pose__functions.c\n'}
[0.646262] (turtlesim) StdoutLine: {'line': b'-- Up-to-date: /ros2_test/AD_Middle_Test/ros2/install/turtlesim/include/turtlesim/msg/detail/pose__type_support.h\n'}
[0.646401] (turtlesim) StdoutLine: {'line': b'-- Up-to-date: /ros2_test/AD_Middle_Test/ros2/install/turtlesim/include/turtlesim/msg/detail/color__functions.c\n'}
[0.646538] (turtlesim) StdoutLine: {'line': b'-- Up-to-date: /ros2_test/AD_Middle_Test/ros2/install/turtlesim/include/turtlesim/msg/detail/pose__functions.h\n'}
[0.646689] (turtlesim) StdoutLine: {'line': b'-- Up-to-date: /ros2_test/AD_Middle_Test/ros2/install/turtlesim/include/turtlesim/msg/detail/pose__struct.h\n'}
[0.646830] (turtlesim) StdoutLine: {'line': b'-- Up-to-date: /ros2_test/AD_Middle_Test/ros2/install/turtlesim/include/turtlesim/msg/rosidl_generator_c__visibility_control.h\n'}
[0.646967] (turtlesim) StdoutLine: {'line': b'-- Up-to-date: /ros2_test/AD_Middle_Test/ros2/install/turtlesim/include/turtlesim/srv\n'}
[0.647103] (turtlesim) StdoutLine: {'line': b'-- Up-to-date: /ros2_test/AD_Middle_Test/ros2/install/turtlesim/include/turtlesim/srv/spawn.h\n'}
[0.647239] (turtlesim) StdoutLine: {'line': b'-- Up-to-date: /ros2_test/AD_Middle_Test/ros2/install/turtlesim/include/turtlesim/srv/detail\n'}
[0.647375] (turtlesim) StdoutLine: {'line': b'-- Up-to-date: /ros2_test/AD_Middle_Test/ros2/install/turtlesim/include/turtlesim/srv/detail/teleport_absolute__type_support.h\n'}
[0.647511] (turtlesim) StdoutLine: {'line': b'-- Up-to-date: /ros2_test/AD_Middle_Test/ros2/install/turtlesim/include/turtlesim/srv/detail/spawn__struct.h\n'}
[0.647647] (turtlesim) StdoutLine: {'line': b'-- Up-to-date: /ros2_test/AD_Middle_Test/ros2/install/turtlesim/include/turtlesim/srv/detail/kill__functions.c\n'}
[0.647783] (turtlesim) StdoutLine: {'line': b'-- Up-to-date: /ros2_test/AD_Middle_Test/ros2/install/turtlesim/include/turtlesim/srv/detail/spawn__functions.h\n'}
[0.647919] (turtlesim) StdoutLine: {'line': b'-- Up-to-date: /ros2_test/AD_Middle_Test/ros2/install/turtlesim/include/turtlesim/srv/detail/set_pen__functions.h\n'}
[0.648055] (turtlesim) StdoutLine: {'line': b'-- Up-to-date: /ros2_test/AD_Middle_Test/ros2/install/turtlesim/include/turtlesim/srv/detail/spawn__type_support.h\n'}
[0.648190] (turtlesim) StdoutLine: {'line': b'-- Up-to-date: /ros2_test/AD_Middle_Test/ros2/install/turtlesim/include/turtlesim/srv/detail/teleport_relative__functions.c\n'}
[0.648327] (turtlesim) StdoutLine: {'line': b'-- Up-to-date: /ros2_test/AD_Middle_Test/ros2/install/turtlesim/include/turtlesim/srv/detail/kill__functions.h\n'}
[0.648462] (turtlesim) StdoutLine: {'line': b'-- Up-to-date: /ros2_test/AD_Middle_Test/ros2/install/turtlesim/include/turtlesim/srv/detail/teleport_relative__type_support.h\n'}
[0.648606] (turtlesim) StdoutLine: {'line': b'-- Up-to-date: /ros2_test/AD_Middle_Test/ros2/install/turtlesim/include/turtlesim/srv/detail/kill__type_support.h\n'}
[0.648742] (turtlesim) StdoutLine: {'line': b'-- Up-to-date: /ros2_test/AD_Middle_Test/ros2/install/turtlesim/include/turtlesim/srv/detail/teleport_relative__functions.h\n'}
[0.648878] (turtlesim) StdoutLine: {'line': b'-- Up-to-date: /ros2_test/AD_Middle_Test/ros2/install/turtlesim/include/turtlesim/srv/detail/set_pen__struct.h\n'}
[0.649014] (turtlesim) StdoutLine: {'line': b'-- Up-to-date: /ros2_test/AD_Middle_Test/ros2/install/turtlesim/include/turtlesim/srv/detail/set_pen__functions.c\n'}
[0.649150] (turtlesim) StdoutLine: {'line': b'-- Up-to-date: /ros2_test/AD_Middle_Test/ros2/install/turtlesim/include/turtlesim/srv/detail/teleport_absolute__functions.h\n'}
[0.649286] (turtlesim) StdoutLine: {'line': b'-- Up-to-date: /ros2_test/AD_Middle_Test/ros2/install/turtlesim/include/turtlesim/srv/detail/teleport_absolute__struct.h\n'}
[0.649423] (turtlesim) StdoutLine: {'line': b'-- Up-to-date: /ros2_test/AD_Middle_Test/ros2/install/turtlesim/include/turtlesim/srv/detail/spawn__functions.c\n'}
[0.649559] (turtlesim) StdoutLine: {'line': b'-- Up-to-date: /ros2_test/AD_Middle_Test/ros2/install/turtlesim/include/turtlesim/srv/detail/teleport_absolute__functions.c\n'}
[0.649700] (turtlesim) StdoutLine: {'line': b'-- Up-to-date: /ros2_test/AD_Middle_Test/ros2/install/turtlesim/include/turtlesim/srv/detail/kill__struct.h\n'}
[0.649838] (turtlesim) StdoutLine: {'line': b'-- Up-to-date: /ros2_test/AD_Middle_Test/ros2/install/turtlesim/include/turtlesim/srv/detail/teleport_relative__struct.h\n'}
[0.649986] (turtlesim) StdoutLine: {'line': b'-- Up-to-date: /ros2_test/AD_Middle_Test/ros2/install/turtlesim/include/turtlesim/srv/detail/set_pen__type_support.h\n'}
[0.650133] (turtlesim) StdoutLine: {'line': b'-- Up-to-date: /ros2_test/AD_Middle_Test/ros2/install/turtlesim/include/turtlesim/srv/set_pen.h\n'}
[0.650425] (turtlesim) StdoutLine: {'line': b'-- Up-to-date: /ros2_test/AD_Middle_Test/ros2/install/turtlesim/include/turtlesim/srv/kill.h\n'}
[0.650606] (turtlesim) StdoutLine: {'line': b'-- Up-to-date: /ros2_test/AD_Middle_Test/ros2/install/turtlesim/include/turtlesim/srv/teleport_relative.h\n'}
[0.650777] (turtlesim) StdoutLine: {'line': b'-- Up-to-date: /ros2_test/AD_Middle_Test/ros2/install/turtlesim/include/turtlesim/srv/teleport_absolute.h\n'}
[0.650922] (turtlesim) StdoutLine: {'line': b'-- Up-to-date: /ros2_test/AD_Middle_Test/ros2/install/turtlesim/include/turtlesim/action\n'}
[0.651063] (turtlesim) StdoutLine: {'line': b'-- Up-to-date: /ros2_test/AD_Middle_Test/ros2/install/turtlesim/include/turtlesim/action/detail\n'}
[0.651204] (turtlesim) StdoutLine: {'line': b'-- Up-to-date: /ros2_test/AD_Middle_Test/ros2/install/turtlesim/include/turtlesim/action/detail/rotate_absolute__functions.h\n'}
[0.651344] (turtlesim) StdoutLine: {'line': b'-- Up-to-date: /ros2_test/AD_Middle_Test/ros2/install/turtlesim/include/turtlesim/action/detail/rotate_absolute__struct.h\n'}
[0.651482] (turtlesim) StdoutLine: {'line': b'-- Up-to-date: /ros2_test/AD_Middle_Test/ros2/install/turtlesim/include/turtlesim/action/detail/rotate_absolute__functions.c\n'}
[0.651620] (turtlesim) StdoutLine: {'line': b'-- Up-to-date: /ros2_test/AD_Middle_Test/ros2/install/turtlesim/include/turtlesim/action/detail/rotate_absolute__type_support.h\n'}
[0.651759] (turtlesim) StdoutLine: {'line': b'-- Up-to-date: /ros2_test/AD_Middle_Test/ros2/install/turtlesim/include/turtlesim/action/rotate_absolute.h\n'}
[0.651896] (turtlesim) StdoutLine: {'line': b'-- Up-to-date: /ros2_test/AD_Middle_Test/ros2/install/turtlesim/lib/libturtlesim__rosidl_generator_c.so\n'}
[0.652033] (turtlesim) StdoutLine: {'line': b'-- Up-to-date: /ros2_test/AD_Middle_Test/ros2/install/turtlesim/include/turtlesim\n'}
[0.652171] (turtlesim) StdoutLine: {'line': b'-- Up-to-date: /ros2_test/AD_Middle_Test/ros2/install/turtlesim/include/turtlesim/msg\n'}
[0.652315] (turtlesim) StdoutLine: {'line': b'-- Up-to-date: /ros2_test/AD_Middle_Test/ros2/install/turtlesim/include/turtlesim/msg/color.hpp\n'}
[0.652454] (turtlesim) StdoutLine: {'line': b'-- Up-to-date: /ros2_test/AD_Middle_Test/ros2/install/turtlesim/include/turtlesim/msg/detail\n'}
[0.652591] (turtlesim) StdoutLine: {'line': b'-- Up-to-date: /ros2_test/AD_Middle_Test/ros2/install/turtlesim/include/turtlesim/msg/detail/pose__traits.hpp\n'}
[0.652728] (turtlesim) StdoutLine: {'line': b'-- Up-to-date: /ros2_test/AD_Middle_Test/ros2/install/turtlesim/include/turtlesim/msg/detail/color__struct.hpp\n'}
[0.652865] (turtlesim) StdoutLine: {'line': b'-- Up-to-date: /ros2_test/AD_Middle_Test/ros2/install/turtlesim/include/turtlesim/msg/detail/pose__struct.hpp\n'}
[0.653002] (turtlesim) StdoutLine: {'line': b'-- Up-to-date: /ros2_test/AD_Middle_Test/ros2/install/turtlesim/include/turtlesim/msg/detail/color__builder.hpp\n'}
[0.653139] (turtlesim) StdoutLine: {'line': b'-- Up-to-date: /ros2_test/AD_Middle_Test/ros2/install/turtlesim/include/turtlesim/msg/detail/color__traits.hpp\n'}
[0.653276] (turtlesim) StdoutLine: {'line': b'-- Up-to-date: /ros2_test/AD_Middle_Test/ros2/install/turtlesim/include/turtlesim/msg/detail/pose__builder.hpp\n'}
[0.653413] (turtlesim) StdoutLine: {'line': b'-- Up-to-date: /ros2_test/AD_Middle_Test/ros2/install/turtlesim/include/turtlesim/msg/pose.hpp\n'}
[0.653549] (turtlesim) StdoutLine: {'line': b'-- Up-to-date: /ros2_test/AD_Middle_Test/ros2/install/turtlesim/include/turtlesim/srv\n'}
[0.653686] (turtlesim) StdoutLine: {'line': b'-- Up-to-date: /ros2_test/AD_Middle_Test/ros2/install/turtlesim/include/turtlesim/srv/teleport_absolute.hpp\n'}
[0.653823] (turtlesim) StdoutLine: {'line': b'-- Up-to-date: /ros2_test/AD_Middle_Test/ros2/install/turtlesim/include/turtlesim/srv/spawn.hpp\n'}
[0.653959] (turtlesim) StdoutLine: {'line': b'-- Up-to-date: /ros2_test/AD_Middle_Test/ros2/install/turtlesim/include/turtlesim/srv/kill.hpp\n'}
[0.654096] (turtlesim) StdoutLine: {'line': b'-- Up-to-date: /ros2_test/AD_Middle_Test/ros2/install/turtlesim/include/turtlesim/srv/teleport_relative.hpp\n'}
[0.654233] (turtlesim) StdoutLine: {'line': b'-- Up-to-date: /ros2_test/AD_Middle_Test/ros2/install/turtlesim/include/turtlesim/srv/detail\n'}
[0.654370] (turtlesim) StdoutLine: {'line': b'-- Up-to-date: /ros2_test/AD_Middle_Test/ros2/install/turtlesim/include/turtlesim/srv/detail/set_pen__traits.hpp\n'}
[0.654507] (turtlesim) StdoutLine: {'line': b'-- Up-to-date: /ros2_test/AD_Middle_Test/ros2/install/turtlesim/include/turtlesim/srv/detail/teleport_absolute__struct.hpp\n'}
[0.654657] (turtlesim) StdoutLine: {'line': b'-- Up-to-date: /ros2_test/AD_Middle_Test/ros2/install/turtlesim/include/turtlesim/srv/detail/spawn__traits.hpp\n'}
[0.654801] (turtlesim) StdoutLine: {'line': b'-- Up-to-date: /ros2_test/AD_Middle_Test/ros2/install/turtlesim/include/turtlesim/srv/detail/kill__builder.hpp\n'}
[0.654945] (turtlesim) StdoutLine: {'line': b'-- Up-to-date: /ros2_test/AD_Middle_Test/ros2/install/turtlesim/include/turtlesim/srv/detail/kill__struct.hpp\n'}
[0.655083] (turtlesim) StdoutLine: {'line': b'-- Up-to-date: /ros2_test/AD_Middle_Test/ros2/install/turtlesim/include/turtlesim/srv/detail/teleport_relative__builder.hpp\n'}
[0.655221] (turtlesim) StdoutLine: {'line': b'-- Up-to-date: /ros2_test/AD_Middle_Test/ros2/install/turtlesim/include/turtlesim/srv/detail/kill__traits.hpp\n'}
[0.655358] (turtlesim) StdoutLine: {'line': b'-- Up-to-date: /ros2_test/AD_Middle_Test/ros2/install/turtlesim/include/turtlesim/srv/detail/spawn__builder.hpp\n'}
[0.655504] (turtlesim) StdoutLine: {'line': b'-- Up-to-date: /ros2_test/AD_Middle_Test/ros2/install/turtlesim/include/turtlesim/srv/detail/teleport_relative__traits.hpp\n'}
[0.655642] (turtlesim) StdoutLine: {'line': b'-- Up-to-date: /ros2_test/AD_Middle_Test/ros2/install/turtlesim/include/turtlesim/srv/detail/spawn__struct.hpp\n'}
[0.655779] (turtlesim) StdoutLine: {'line': b'-- Up-to-date: /ros2_test/AD_Middle_Test/ros2/install/turtlesim/include/turtlesim/srv/detail/teleport_absolute__builder.hpp\n'}
[0.655922] (turtlesim) StdoutLine: {'line': b'-- Up-to-date: /ros2_test/AD_Middle_Test/ros2/install/turtlesim/include/turtlesim/srv/detail/teleport_absolute__traits.hpp\n'}
[0.656058] (turtlesim) StdoutLine: {'line': b'-- Up-to-date: /ros2_test/AD_Middle_Test/ros2/install/turtlesim/include/turtlesim/srv/detail/set_pen__builder.hpp\n'}
[0.656195] (turtlesim) StdoutLine: {'line': b'-- Up-to-date: /ros2_test/AD_Middle_Test/ros2/install/turtlesim/include/turtlesim/srv/detail/set_pen__struct.hpp\n'}
[0.656331] (turtlesim) StdoutLine: {'line': b'-- Up-to-date: /ros2_test/AD_Middle_Test/ros2/install/turtlesim/include/turtlesim/srv/detail/teleport_relative__struct.hpp\n'}
[0.656468] (turtlesim) StdoutLine: {'line': b'-- Up-to-date: /ros2_test/AD_Middle_Test/ros2/install/turtlesim/include/turtlesim/srv/set_pen.hpp\n'}
[0.656604] (turtlesim) StdoutLine: {'line': b'-- Up-to-date: /ros2_test/AD_Middle_Test/ros2/install/turtlesim/include/turtlesim/action\n'}
[0.656741] (turtlesim) StdoutLine: {'line': b'-- Up-to-date: /ros2_test/AD_Middle_Test/ros2/install/turtlesim/include/turtlesim/action/rotate_absolute.hpp\n'}
[0.656878] (turtlesim) StdoutLine: {'line': b'-- Up-to-date: /ros2_test/AD_Middle_Test/ros2/install/turtlesim/include/turtlesim/action/detail\n'}
[0.657015] (turtlesim) StdoutLine: {'line': b'-- Up-to-date: /ros2_test/AD_Middle_Test/ros2/install/turtlesim/include/turtlesim/action/detail/rotate_absolute__builder.hpp\n'}
[0.657152] (turtlesim) StdoutLine: {'line': b'-- Up-to-date: /ros2_test/AD_Middle_Test/ros2/install/turtlesim/include/turtlesim/action/detail/rotate_absolute__traits.hpp\n'}
[0.657289] (turtlesim) StdoutLine: {'line': b'-- Up-to-date: /ros2_test/AD_Middle_Test/ros2/install/turtlesim/include/turtlesim/action/detail/rotate_absolute__struct.hpp\n'}
[0.657425] (turtlesim) StdoutLine: {'line': b'-- Up-to-date: /ros2_test/AD_Middle_Test/ros2/install/turtlesim/share/turtlesim/environment/pythonpath.sh\n'}
[0.657561] (turtlesim) StdoutLine: {'line': b'-- Up-to-date: /ros2_test/AD_Middle_Test/ros2/install/turtlesim/share/turtlesim/environment/pythonpath.dsv\n'}
[0.657698] (turtlesim) StdoutLine: {'line': b'-- Up-to-date: /ros2_test/AD_Middle_Test/ros2/install/turtlesim/lib/python3.8/site-packages/turtlesim/__init__.py\n'}
[0.657835] (simple_s) StdoutLine: {'line': b'[ 25%] \x1b[32mBuilding CXX object CMakeFiles/listener.dir/src/listener.cpp.o\x1b[0m\n'}
[0.666868] (simple_s) StdoutLine: {'line': b'[ 50%] \x1b[32mBuilding CXX object CMakeFiles/talker.dir/src/talker.cpp.o\x1b[0m\n'}
[0.696646] (turtlesim) StdoutLine: {'line': b'-- Up-to-date: /ros2_test/AD_Middle_Test/ros2/install/turtlesim/lib/python3.8/site-packages/turtlesim/action\n'}
[0.696917] (turtlesim) StdoutLine: {'line': b'-- Up-to-date: /ros2_test/AD_Middle_Test/ros2/install/turtlesim/lib/python3.8/site-packages/turtlesim/action/_rotate_absolute.py\n'}
[0.697075] (turtlesim) StdoutLine: {'line': b'-- Up-to-date: /ros2_test/AD_Middle_Test/ros2/install/turtlesim/lib/python3.8/site-packages/turtlesim/action/__init__.py\n'}
[0.697225] (turtlesim) StdoutLine: {'line': b'-- Up-to-date: /ros2_test/AD_Middle_Test/ros2/install/turtlesim/lib/python3.8/site-packages/turtlesim/action/_rotate_absolute_s.c\n'}
[0.697377] (turtlesim) StdoutLine: {'line': b'-- Up-to-date: /ros2_test/AD_Middle_Test/ros2/install/turtlesim/lib/python3.8/site-packages/turtlesim/msg\n'}
[0.697575] (turtlesim) StdoutLine: {'line': b'-- Up-to-date: /ros2_test/AD_Middle_Test/ros2/install/turtlesim/lib/python3.8/site-packages/turtlesim/msg/_pose.py\n'}
[0.697879] (turtlesim) StdoutLine: {'line': b'-- Up-to-date: /ros2_test/AD_Middle_Test/ros2/install/turtlesim/lib/python3.8/site-packages/turtlesim/msg/_color_s.c\n'}
[0.698024] (turtlesim) StdoutLine: {'line': b'-- Up-to-date: /ros2_test/AD_Middle_Test/ros2/install/turtlesim/lib/python3.8/site-packages/turtlesim/msg/_color.py\n'}
[0.698162] (turtlesim) StdoutLine: {'line': b'-- Up-to-date: /ros2_test/AD_Middle_Test/ros2/install/turtlesim/lib/python3.8/site-packages/turtlesim/msg/_pose_s.c\n'}
[0.698310] (turtlesim) StdoutLine: {'line': b'-- Up-to-date: /ros2_test/AD_Middle_Test/ros2/install/turtlesim/lib/python3.8/site-packages/turtlesim/msg/__init__.py\n'}
[0.698489] (turtlesim) StdoutLine: {'line': b'-- Up-to-date: /ros2_test/AD_Middle_Test/ros2/install/turtlesim/lib/python3.8/site-packages/turtlesim/srv\n'}
[0.698641] (turtlesim) StdoutLine: {'line': b'-- Up-to-date: /ros2_test/AD_Middle_Test/ros2/install/turtlesim/lib/python3.8/site-packages/turtlesim/srv/_spawn_s.c\n'}
[0.698791] (turtlesim) StdoutLine: {'line': b'-- Up-to-date: /ros2_test/AD_Middle_Test/ros2/install/turtlesim/lib/python3.8/site-packages/turtlesim/srv/_kill.py\n'}
[0.698931] (turtlesim) StdoutLine: {'line': b'-- Up-to-date: /ros2_test/AD_Middle_Test/ros2/install/turtlesim/lib/python3.8/site-packages/turtlesim/srv/_set_pen.py\n'}
[0.699069] (turtlesim) StdoutLine: {'line': b'-- Up-to-date: /ros2_test/AD_Middle_Test/ros2/install/turtlesim/lib/python3.8/site-packages/turtlesim/srv/_spawn.py\n'}
[0.699206] (turtlesim) StdoutLine: {'line': b'-- Up-to-date: /ros2_test/AD_Middle_Test/ros2/install/turtlesim/lib/python3.8/site-packages/turtlesim/srv/_teleport_relative.py\n'}
[0.699392] (turtlesim) StdoutLine: {'line': b'-- Up-to-date: /ros2_test/AD_Middle_Test/ros2/install/turtlesim/lib/python3.8/site-packages/turtlesim/srv/__init__.py\n'}
[0.699533] (turtlesim) StdoutLine: {'line': b'-- Up-to-date: /ros2_test/AD_Middle_Test/ros2/install/turtlesim/lib/python3.8/site-packages/turtlesim/srv/_teleport_relative_s.c\n'}
[0.699670] (turtlesim) StdoutLine: {'line': b'-- Up-to-date: /ros2_test/AD_Middle_Test/ros2/install/turtlesim/lib/python3.8/site-packages/turtlesim/srv/_kill_s.c\n'}
[0.699807] (turtlesim) StdoutLine: {'line': b'-- Up-to-date: /ros2_test/AD_Middle_Test/ros2/install/turtlesim/lib/python3.8/site-packages/turtlesim/srv/_teleport_absolute.py\n'}
[0.699938] (-) TimerEvent: {}
[0.700172] (turtlesim) StdoutLine: {'line': b'-- Up-to-date: /ros2_test/AD_Middle_Test/ros2/install/turtlesim/lib/python3.8/site-packages/turtlesim/srv/_set_pen_s.c\n'}
[0.700330] (turtlesim) StdoutLine: {'line': b'-- Up-to-date: /ros2_test/AD_Middle_Test/ros2/install/turtlesim/lib/python3.8/site-packages/turtlesim/srv/_teleport_absolute_s.c\n'}
[0.700481] (turtlesim) StdoutLine: {'line': b'-- Up-to-date: /ros2_test/AD_Middle_Test/ros2/install/turtlesim/lib/python3.8/site-packages/turtlesim/turtlesim_s__rosidl_typesupport_fastrtps_c.cpython-38-x86_64-linux-gnu.so\n'}
[0.700630] (turtlesim) StdoutLine: {'line': b'-- Up-to-date: /ros2_test/AD_Middle_Test/ros2/install/turtlesim/lib/python3.8/site-packages/turtlesim/turtlesim_s__rosidl_typesupport_introspection_c.cpython-38-x86_64-linux-gnu.so\n'}
[0.700861] (turtlesim) StdoutLine: {'line': b'-- Up-to-date: /ros2_test/AD_Middle_Test/ros2/install/turtlesim/lib/python3.8/site-packages/turtlesim/turtlesim_s__rosidl_typesupport_c.cpython-38-x86_64-linux-gnu.so\n'}
[0.701054] (turtlesim) StdoutLine: {'line': b'-- Up-to-date: /ros2_test/AD_Middle_Test/ros2/install/turtlesim/lib/libturtlesim__python.so\n'}
[0.701406] (turtlesim) StdoutLine: {'line': b'-- Up-to-date: /ros2_test/AD_Middle_Test/ros2/install/turtlesim/share/turtlesim/action/RotateAbsolute.idl\n'}
[0.701597] (turtlesim) StdoutLine: {'line': b'-- Up-to-date: /ros2_test/AD_Middle_Test/ros2/install/turtlesim/share/turtlesim/msg/Color.idl\n'}
[0.701781] (turtlesim) StdoutLine: {'line': b'-- Up-to-date: /ros2_test/AD_Middle_Test/ros2/install/turtlesim/share/turtlesim/msg/Pose.idl\n'}
[0.701973] (turtlesim) StdoutLine: {'line': b'-- Up-to-date: /ros2_test/AD_Middle_Test/ros2/install/turtlesim/share/turtlesim/srv/Kill.idl\n'}
[0.702202] (turtlesim) StdoutLine: {'line': b'-- Up-to-date: /ros2_test/AD_Middle_Test/ros2/install/turtlesim/share/turtlesim/srv/SetPen.idl\n'}
[0.702356] (turtlesim) StdoutLine: {'line': b'-- Up-to-date: /ros2_test/AD_Middle_Test/ros2/install/turtlesim/share/turtlesim/srv/Spawn.idl\n'}
[0.702503] (turtlesim) StdoutLine: {'line': b'-- Up-to-date: /ros2_test/AD_Middle_Test/ros2/install/turtlesim/share/turtlesim/srv/TeleportAbsolute.idl\n'}
[0.702665] (turtlesim) StdoutLine: {'line': b'-- Up-to-date: /ros2_test/AD_Middle_Test/ros2/install/turtlesim/share/turtlesim/srv/TeleportRelative.idl\n'}
[0.702926] (turtlesim) StdoutLine: {'line': b'-- Up-to-date: /ros2_test/AD_Middle_Test/ros2/install/turtlesim/share/turtlesim/action/RotateAbsolute.action\n'}
[0.703075] (turtlesim) StdoutLine: {'line': b'-- Up-to-date: /ros2_test/AD_Middle_Test/ros2/install/turtlesim/share/turtlesim/msg/Color.msg\n'}
[0.703222] (turtlesim) StdoutLine: {'line': b'-- Up-to-date: /ros2_test/AD_Middle_Test/ros2/install/turtlesim/share/turtlesim/msg/Pose.msg\n'}
[0.703371] (turtlesim) StdoutLine: {'line': b'-- Up-to-date: /ros2_test/AD_Middle_Test/ros2/install/turtlesim/share/turtlesim/srv/Kill.srv\n'}
[0.703518] (turtlesim) StdoutLine: {'line': b'-- Up-to-date: /ros2_test/AD_Middle_Test/ros2/install/turtlesim/share/turtlesim/srv/Kill_Request.msg\n'}
[0.703664] (turtlesim) StdoutLine: {'line': b'-- Up-to-date: /ros2_test/AD_Middle_Test/ros2/install/turtlesim/share/turtlesim/srv/Kill_Response.msg\n'}
[0.703811] (turtlesim) StdoutLine: {'line': b'-- Up-to-date: /ros2_test/AD_Middle_Test/ros2/install/turtlesim/share/turtlesim/srv/SetPen.srv\n'}
[0.704004] (turtlesim) StdoutLine: {'line': b'-- Up-to-date: /ros2_test/AD_Middle_Test/ros2/install/turtlesim/share/turtlesim/srv/SetPen_Request.msg\n'}
[0.704277] (turtlesim) StdoutLine: {'line': b'-- Up-to-date: /ros2_test/AD_Middle_Test/ros2/install/turtlesim/share/turtlesim/srv/SetPen_Response.msg\n'}
[0.704420] (turtlesim) StdoutLine: {'line': b'-- Up-to-date: /ros2_test/AD_Middle_Test/ros2/install/turtlesim/share/turtlesim/srv/Spawn.srv\n'}
[0.704556] (turtlesim) StdoutLine: {'line': b'-- Up-to-date: /ros2_test/AD_Middle_Test/ros2/install/turtlesim/share/turtlesim/srv/Spawn_Request.msg\n'}
[0.704693] (turtlesim) StdoutLine: {'line': b'-- Up-to-date: /ros2_test/AD_Middle_Test/ros2/install/turtlesim/share/turtlesim/srv/Spawn_Response.msg\n'}
[0.704836] (turtlesim) StdoutLine: {'line': b'-- Up-to-date: /ros2_test/AD_Middle_Test/ros2/install/turtlesim/share/turtlesim/srv/TeleportAbsolute.srv\n'}
[0.705007] (turtlesim) StdoutLine: {'line': b'-- Up-to-date: /ros2_test/AD_Middle_Test/ros2/install/turtlesim/share/turtlesim/srv/TeleportAbsolute_Request.msg\n'}
[0.705146] (turtlesim) StdoutLine: {'line': b'-- Up-to-date: /ros2_test/AD_Middle_Test/ros2/install/turtlesim/share/turtlesim/srv/TeleportAbsolute_Response.msg\n'}
[0.705283] (turtlesim) StdoutLine: {'line': b'-- Up-to-date: /ros2_test/AD_Middle_Test/ros2/install/turtlesim/share/turtlesim/srv/TeleportRelative.srv\n'}
[0.705432] (turtlesim) StdoutLine: {'line': b'-- Up-to-date: /ros2_test/AD_Middle_Test/ros2/install/turtlesim/share/turtlesim/srv/TeleportRelative_Request.msg\n'}
[0.705569] (turtlesim) StdoutLine: {'line': b'-- Up-to-date: /ros2_test/AD_Middle_Test/ros2/install/turtlesim/share/turtlesim/srv/TeleportRelative_Response.msg\n'}
[0.705716] (turtlesim) StdoutLine: {'line': b'-- Up-to-date: /ros2_test/AD_Middle_Test/ros2/install/turtlesim/lib/turtlesim/turtlesim_node\n'}
[0.705862] (turtlesim) StdoutLine: {'line': b'-- Up-to-date: /ros2_test/AD_Middle_Test/ros2/install/turtlesim/lib/turtlesim/turtle_teleop_key\n'}
[0.706053] (turtlesim) StdoutLine: {'line': b'-- Up-to-date: /ros2_test/AD_Middle_Test/ros2/install/turtlesim/lib/turtlesim/draw_square\n'}
[0.706250] (turtlesim) StdoutLine: {'line': b'-- Up-to-date: /ros2_test/AD_Middle_Test/ros2/install/turtlesim/lib/turtlesim/mimic\n'}
[0.706653] (turtlesim) StdoutLine: {'line': b'-- Up-to-date: /ros2_test/AD_Middle_Test/ros2/install/turtlesim/share/turtlesim/images\n'}
[0.706853] (turtlesim) StdoutLine: {'line': b'-- Up-to-date: /ros2_test/AD_Middle_Test/ros2/install/turtlesim/share/turtlesim/images/ardent.png\n'}
[0.707100] (turtlesim) StdoutLine: {'line': b'-- Up-to-date: /ros2_test/AD_Middle_Test/ros2/install/turtlesim/share/turtlesim/images/bouncy.png\n'}
[0.707254] (turtlesim) StdoutLine: {'line': b'-- Up-to-date: /ros2_test/AD_Middle_Test/ros2/install/turtlesim/share/turtlesim/images/eloquent.png\n'}
[0.707402] (turtlesim) StdoutLine: {'line': b'-- Up-to-date: /ros2_test/AD_Middle_Test/ros2/install/turtlesim/share/turtlesim/images/dashing.png\n'}
[0.707617] (turtlesim) StdoutLine: {'line': b'-- Up-to-date: /ros2_test/AD_Middle_Test/ros2/install/turtlesim/share/turtlesim/images/crystal.png\n'}
[0.707765] (turtlesim) StdoutLine: {'line': b'-- Up-to-date: /ros2_test/AD_Middle_Test/ros2/install/turtlesim/share/turtlesim/launch\n'}
[0.707912] (turtlesim) StdoutLine: {'line': b'-- Up-to-date: /ros2_test/AD_Middle_Test/ros2/install/turtlesim/share/turtlesim/launch/multisim.launch.py\n'}
[0.708060] (turtlesim) StdoutLine: {'line': b'-- Up-to-date: /ros2_test/AD_Middle_Test/ros2/install/turtlesim/share/ament_index/resource_index/package_run_dependencies/turtlesim\n'}
[0.708208] (turtlesim) StdoutLine: {'line': b'-- Up-to-date: /ros2_test/AD_Middle_Test/ros2/install/turtlesim/share/ament_index/resource_index/parent_prefix_path/turtlesim\n'}
[0.708355] (turtlesim) StdoutLine: {'line': b'-- Up-to-date: /ros2_test/AD_Middle_Test/ros2/install/turtlesim/share/turtlesim/environment/ament_prefix_path.sh\n'}
[0.708503] (turtlesim) StdoutLine: {'line': b'-- Up-to-date: /ros2_test/AD_Middle_Test/ros2/install/turtlesim/share/turtlesim/environment/ament_prefix_path.dsv\n'}
[0.708694] (turtlesim) StdoutLine: {'line': b'-- Up-to-date: /ros2_test/AD_Middle_Test/ros2/install/turtlesim/share/turtlesim/environment/path.sh\n'}
[0.708974] (turtlesim) StdoutLine: {'line': b'-- Up-to-date: /ros2_test/AD_Middle_Test/ros2/install/turtlesim/share/turtlesim/environment/path.dsv\n'}
[0.709126] (turtlesim) StdoutLine: {'line': b'-- Up-to-date: /ros2_test/AD_Middle_Test/ros2/install/turtlesim/share/turtlesim/local_setup.bash\n'}
[0.709272] (turtlesim) StdoutLine: {'line': b'-- Up-to-date: /ros2_test/AD_Middle_Test/ros2/install/turtlesim/share/turtlesim/local_setup.sh\n'}
[0.709418] (turtlesim) StdoutLine: {'line': b'-- Up-to-date: /ros2_test/AD_Middle_Test/ros2/install/turtlesim/share/turtlesim/local_setup.zsh\n'}
[0.709565] (turtlesim) StdoutLine: {'line': b'-- Up-to-date: /ros2_test/AD_Middle_Test/ros2/install/turtlesim/share/turtlesim/local_setup.dsv\n'}
[0.709711] (turtlesim) StdoutLine: {'line': b'-- Installing: /ros2_test/AD_Middle_Test/ros2/install/turtlesim/share/turtlesim/package.dsv\n'}
[0.709858] (turtlesim) StdoutLine: {'line': b'-- Up-to-date: /ros2_test/AD_Middle_Test/ros2/install/turtlesim/share/ament_index/resource_index/packages/turtlesim\n'}
[0.710004] (turtlesim) StdoutLine: {'line': b'-- Up-to-date: /ros2_test/AD_Middle_Test/ros2/install/turtlesim/share/turtlesim/cmake/rosidl_cmake-extras.cmake\n'}
[0.710152] (turtlesim) StdoutLine: {'line': b'-- Up-to-date: /ros2_test/AD_Middle_Test/ros2/install/turtlesim/share/turtlesim/cmake/ament_cmake_export_dependencies-extras.cmake\n'}
[0.710299] (turtlesim) StdoutLine: {'line': b'-- Up-to-date: /ros2_test/AD_Middle_Test/ros2/install/turtlesim/share/turtlesim/cmake/ament_cmake_export_libraries-extras.cmake\n'}
[0.710446] (turtlesim) StdoutLine: {'line': b'-- Up-to-date: /ros2_test/AD_Middle_Test/ros2/install/turtlesim/share/turtlesim/cmake/rosidl_cmake_export_typesupport_libraries-extras.cmake\n'}
[0.710593] (turtlesim) StdoutLine: {'line': b'-- Up-to-date: /ros2_test/AD_Middle_Test/ros2/install/turtlesim/share/turtlesim/cmake/ament_cmake_export_include_directories-extras.cmake\n'}
[0.710802] (turtlesim) StdoutLine: {'line': b'-- Up-to-date: /ros2_test/AD_Middle_Test/ros2/install/turtlesim/share/turtlesim/cmake/turtlesimConfig.cmake\n'}
[0.710997] (turtlesim) StdoutLine: {'line': b'-- Up-to-date: /ros2_test/AD_Middle_Test/ros2/install/turtlesim/share/turtlesim/cmake/turtlesimConfig-version.cmake\n'}
[0.711149] (turtlesim) StdoutLine: {'line': b'-- Up-to-date: /ros2_test/AD_Middle_Test/ros2/install/turtlesim/share/turtlesim/package.xml\n'}
[0.712427] (turtlesim) CommandEnded: {'returncode': 0}
[0.731704] (turtlesim) JobEnded: {'identifier': 'turtlesim', 'rc': 0}
[0.800065] (-) TimerEvent: {}
[0.900401] (-) TimerEvent: {}
[1.000716] (-) TimerEvent: {}
[1.101007] (-) TimerEvent: {}
[1.201273] (-) TimerEvent: {}
[1.301528] (-) TimerEvent: {}
[1.401759] (-) TimerEvent: {}
[1.501973] (-) TimerEvent: {}
[1.602218] (-) TimerEvent: {}
[1.702495] (-) TimerEvent: {}
[1.802795] (-) TimerEvent: {}
[1.903075] (-) TimerEvent: {}
[2.003356] (-) TimerEvent: {}
[2.103627] (-) TimerEvent: {}
[2.203909] (-) TimerEvent: {}
[2.304205] (-) TimerEvent: {}
[2.404490] (-) TimerEvent: {}
[2.504763] (-) TimerEvent: {}
[2.576568] (simple_s) StderrLine: {'line': b'\x1b[01m\x1b[K/ros2_test/AD_Middle_Test/ros2/src/simple_s/src/listener.cpp:\x1b[m\x1b[K In member function \xe2\x80\x98\x1b[01m\x1b[Kvoid MinimalSubscriber::topic_callback(test_interfaces::msg::Test_<std::allocator<void> >::SharedPtr) const\x1b[m\x1b[K\xe2\x80\x99:\n'}
[2.576975] (simple_s) StderrLine: {'line': b'\x1b[01m\x1b[K/ros2_test/AD_Middle_Test/ros2/src/simple_s/src/listener.cpp:38:50:\x1b[m\x1b[K \x1b[01;31m\x1b[Kerror: \x1b[m\x1b[Kpassing \xe2\x80\x98\x1b[01m\x1b[Kconst value_type\x1b[m\x1b[K\xe2\x80\x99 {aka \xe2\x80\x98\x1b[01m\x1b[Kconst std::vector<long unsigned int>\x1b[m\x1b[K\xe2\x80\x99} as \xe2\x80\x98\x1b[01m\x1b[Kthis\x1b[m\x1b[K\xe2\x80\x99 argument discards qualifiers [\x1b[01;31m\x1b[K-fpermissive\x1b[m\x1b[K]\n'}
[2.577135] (simple_s) StderrLine: {'line': b'   38 |    latency[0].push_back(msg->timestamp - rec_time\x1b[01;31m\x1b[K)\x1b[m\x1b[K;\n'}
[2.577280] (simple_s) StderrLine: {'line': b'      |                                                  \x1b[01;31m\x1b[K^\x1b[m\x1b[K\n'}
[2.577420] (simple_s) StderrLine: {'line': b'In file included from \x1b[01m\x1b[K/usr/include/c++/9/vector:67\x1b[m\x1b[K,\n'}
[2.577559] (simple_s) StderrLine: {'line': b'                 from \x1b[01m\x1b[K/opt/ros/foxy/include/rclcpp/executor.hpp:27\x1b[m\x1b[K,\n'}
[2.577697] (simple_s) StderrLine: {'line': b'                 from \x1b[01m\x1b[K/opt/ros/foxy/include/rclcpp/executors/multi_threaded_executor.hpp:25\x1b[m\x1b[K,\n'}
[2.577834] (simple_s) StderrLine: {'line': b'                 from \x1b[01m\x1b[K/opt/ros/foxy/include/rclcpp/executors.hpp:21\x1b[m\x1b[K,\n'}
[2.577970] (simple_s) StderrLine: {'line': b'                 from \x1b[01m\x1b[K/opt/ros/foxy/include/rclcpp/rclcpp.hpp:145\x1b[m\x1b[K,\n'}
[2.578106] (simple_s) StderrLine: {'line': b'                 from \x1b[01m\x1b[K/ros2_test/AD_Middle_Test/ros2/src/simple_s/src/listener.cpp:3\x1b[m\x1b[K:\n'}
[2.578243] (simple_s) StderrLine: {'line': b'\x1b[01m\x1b[K/usr/include/c++/9/bits/stl_vector.h:1200:7:\x1b[m\x1b[K \x1b[01;36m\x1b[Knote: \x1b[m\x1b[K  in call to \xe2\x80\x98\x1b[01m\x1b[Kvoid std::vector<_Tp, _Alloc>::push_back(std::vector<_Tp, _Alloc>::value_type&&) [with _Tp = long unsigned int; _Alloc = std::allocator<long unsigned int>; std::vector<_Tp, _Alloc>::value_type = long unsigned int]\x1b[m\x1b[K\xe2\x80\x99\n'}
[2.578387] (simple_s) StderrLine: {'line': b' 1200 |       \x1b[01;36m\x1b[Kpush_back\x1b[m\x1b[K(value_type&& __x)\n'}
[2.578523] (simple_s) StderrLine: {'line': b'      |       \x1b[01;36m\x1b[K^~~~~~~~~\x1b[m\x1b[K\n'}
[2.578684] (simple_s) StderrLine: {'line': b'\x1b[01m\x1b[K/ros2_test/AD_Middle_Test/ros2/src/simple_s/src/listener.cpp:39:4:\x1b[m\x1b[K \x1b[01;31m\x1b[Kerror: \x1b[m\x1b[Kincrement of member \xe2\x80\x98\x1b[01m\x1b[KMinimalSubscriber::count_\x1b[m\x1b[K\xe2\x80\x99 in read-only object\n'}
[2.578828] (simple_s) StderrLine: {'line': b'   39 |    \x1b[01;31m\x1b[Kcount_\x1b[m\x1b[K++;\n'}
[2.578965] (simple_s) StderrLine: {'line': b'      |    \x1b[01;31m\x1b[K^~~~~~\x1b[m\x1b[K\n'}
[2.579206] (simple_s) StderrLine: {'line': b'\x1b[01m\x1b[K/ros2_test/AD_Middle_Test/ros2/src/simple_s/src/listener.cpp:\x1b[m\x1b[K In member function \xe2\x80\x98\x1b[01m\x1b[Kstd::vector<double, std::allocator<double> > MinimalSubscriber::analyze_latency(std::vector<long unsigned int>&)\x1b[m\x1b[K\xe2\x80\x99:\n'}
[2.579349] (simple_s) StderrLine: {'line': b'\x1b[01m\x1b[K/ros2_test/AD_Middle_Test/ros2/src/simple_s/src/listener.cpp:56:22:\x1b[m\x1b[K \x1b[01;31m\x1b[Kerror: \x1b[m\x1b[K\xe2\x80\x98\x1b[01m\x1b[Kaccumulate\x1b[m\x1b[K\xe2\x80\x99 is not a member of \xe2\x80\x98\x1b[01m\x1b[Kstd\x1b[m\x1b[K\xe2\x80\x99\n'}
[2.579489] (simple_s) StderrLine: {'line': b'   56 |    double sum = std::\x1b[01;31m\x1b[Kaccumulate\x1b[m\x1b[K(std::begin(p), std::end(p), 0.0);\n'}
[2.579634] (simple_s) StderrLine: {'line': b'      |                      \x1b[01;31m\x1b[K^~~~~~~~~~\x1b[m\x1b[K\n'}
[2.580952] (simple_s) StderrLine: {'line': b'\x1b[01m\x1b[K/ros2_test/AD_Middle_Test/ros2/src/simple_s/src/listener.cpp:63:19:\x1b[m\x1b[K \x1b[01;31m\x1b[Kerror: \x1b[m\x1b[K\xe2\x80\x98\x1b[01m\x1b[Ksqrt\x1b[m\x1b[K\xe2\x80\x99 was not declared in this scope\n'}
[2.581095] (simple_s) StderrLine: {'line': b'   63 |    double stdev = \x1b[01;31m\x1b[Ksqrt\x1b[m\x1b[K(accum/(size-1));\n'}
[2.581232] (simple_s) StderrLine: {'line': b'      |                   \x1b[01;31m\x1b[K^~~~\x1b[m\x1b[K\n'}
[2.604829] (-) TimerEvent: {}
[2.705081] (-) TimerEvent: {}
[2.805345] (-) TimerEvent: {}
[2.905588] (-) TimerEvent: {}
[3.005823] (-) TimerEvent: {}
[3.106058] (-) TimerEvent: {}
[3.166995] (simple_s) StderrLine: {'line': b'In file included from \x1b[01m\x1b[K/usr/include/x86_64-linux-gnu/c++/9/bits/c++allocator.h:33\x1b[m\x1b[K,\n'}
[3.167230] (simple_s) StderrLine: {'line': b'                 from \x1b[01m\x1b[K/usr/include/c++/9/bits/allocator.h:46\x1b[m\x1b[K,\n'}
[3.167375] (simple_s) StderrLine: {'line': b'                 from \x1b[01m\x1b[K/usr/include/c++/9/memory:63\x1b[m\x1b[K,\n'}
[3.167515] (simple_s) StderrLine: {'line': b'                 from \x1b[01m\x1b[K/ros2_test/AD_Middle_Test/ros2/src/simple_s/src/listener.cpp:1\x1b[m\x1b[K:\n'}
[3.167653] (simple_s) StderrLine: {'line': b'/usr/include/c++/9/ext/new_allocator.h: In instantiation of \xe2\x80\x98\x1b[01m\x1b[Kvoid __gnu_cxx::new_allocator<_Tp>::construct(_Up*, _Args&& ...) [with _Up = MinimalSubscriber; _Args = {}; _Tp = MinimalSubscriber]\x1b[m\x1b[K\xe2\x80\x99:\n'}
[3.167809] (simple_s) StderrLine: {'line': b'\x1b[01m\x1b[K/usr/include/c++/9/bits/alloc_traits.h:482:2:\x1b[m\x1b[K   required from \xe2\x80\x98\x1b[01m\x1b[Kstatic void std::allocator_traits<std::allocator<_Tp1> >::construct(std::allocator_traits<std::allocator<_Tp1> >::allocator_type&, _Up*, _Args&& ...) [with _Up = MinimalSubscriber; _Args = {}; _Tp = MinimalSubscriber; std::allocator_traits<std::allocator<_Tp1> >::allocator_type = std::allocator<MinimalSubscriber>]\x1b[m\x1b[K\xe2\x80\x99\n'}
[3.167964] (simple_s) StderrLine: {'line': b'\x1b[01m\x1b[K/usr/include/c++/9/bits/shared_ptr_base.h:548:39:\x1b[m\x1b[K   required from \xe2\x80\x98\x1b[01m\x1b[Kstd::_Sp_counted_ptr_inplace<_Tp, _Alloc, _Lp>::_Sp_counted_ptr_inplace(_Alloc, _Args&& ...) [with _Args = {}; _Tp = MinimalSubscriber; _Alloc = std::allocator<MinimalSubscriber>; __gnu_cxx::_Lock_policy _Lp = __gnu_cxx::_S_atomic]\x1b[m\x1b[K\xe2\x80\x99\n'}
[3.168119] (simple_s) StderrLine: {'line': b'\x1b[01m\x1b[K/usr/include/c++/9/bits/shared_ptr_base.h:679:16:\x1b[m\x1b[K   required from \xe2\x80\x98\x1b[01m\x1b[Kstd::__shared_count<_Lp>::__shared_count(_Tp*&, std::_Sp_alloc_shared_tag<_Alloc>, _Args&& ...) [with _Tp = MinimalSubscriber; _Alloc = std::allocator<MinimalSubscriber>; _Args = {}; __gnu_cxx::_Lock_policy _Lp = __gnu_cxx::_S_atomic]\x1b[m\x1b[K\xe2\x80\x99\n'}
[3.168261] (simple_s) StderrLine: {'line': b'\x1b[01m\x1b[K/usr/include/c++/9/bits/shared_ptr_base.h:1344:71:\x1b[m\x1b[K   required from \xe2\x80\x98\x1b[01m\x1b[Kstd::__shared_ptr<_Tp, _Lp>::__shared_ptr(std::_Sp_alloc_shared_tag<_Tp>, _Args&& ...) [with _Alloc = std::allocator<MinimalSubscriber>; _Args = {}; _Tp = MinimalSubscriber; __gnu_cxx::_Lock_policy _Lp = __gnu_cxx::_S_atomic]\x1b[m\x1b[K\xe2\x80\x99\n'}
[3.168401] (simple_s) StderrLine: {'line': b'\x1b[01m\x1b[K/usr/include/c++/9/bits/shared_ptr.h:359:59:\x1b[m\x1b[K   required from \xe2\x80\x98\x1b[01m\x1b[Kstd::shared_ptr<_Tp>::shared_ptr(std::_Sp_alloc_shared_tag<_Tp>, _Args&& ...) [with _Alloc = std::allocator<MinimalSubscriber>; _Args = {}; _Tp = MinimalSubscriber]\x1b[m\x1b[K\xe2\x80\x99\n'}
[3.168539] (simple_s) StderrLine: {'line': b'\x1b[01m\x1b[K/usr/include/c++/9/bits/shared_ptr.h:701:14:\x1b[m\x1b[K   required from \xe2\x80\x98\x1b[01m\x1b[Kstd::shared_ptr<_Tp> std::allocate_shared(const _Alloc&, _Args&& ...) [with _Tp = MinimalSubscriber; _Alloc = std::allocator<MinimalSubscriber>; _Args = {}]\x1b[m\x1b[K\xe2\x80\x99\n'}
[3.168683] (simple_s) StderrLine: {'line': b'\x1b[01m\x1b[K/usr/include/c++/9/bits/shared_ptr.h:717:39:\x1b[m\x1b[K   required from \xe2\x80\x98\x1b[01m\x1b[Kstd::shared_ptr<_Tp> std::make_shared(_Args&& ...) [with _Tp = MinimalSubscriber; _Args = {}]\x1b[m\x1b[K\xe2\x80\x99\n'}
[3.168822] (simple_s) StderrLine: {'line': b'\x1b[01m\x1b[K/ros2_test/AD_Middle_Test/ros2/src/simple_s/src/listener.cpp:75:51:\x1b[m\x1b[K   required from here\n'}
[3.168958] (simple_s) StderrLine: {'line': b'\x1b[01m\x1b[K/usr/include/c++/9/ext/new_allocator.h:145:20:\x1b[m\x1b[K \x1b[01;31m\x1b[Kerror: \x1b[m\x1b[Kno matching function for call to \xe2\x80\x98\x1b[01m\x1b[KMinimalSubscriber::MinimalSubscriber()\x1b[m\x1b[K\xe2\x80\x99\n'}
[3.169096] (simple_s) StderrLine: {'line': b'  145 |  noexcept(noexcept(\x1b[01;31m\x1b[K::new((void *)__p)\x1b[m\x1b[K\n'}
[3.169231] (simple_s) StderrLine: {'line': b'      |                    \x1b[01;31m\x1b[K^~~~~~~~~~~~~~~~~~\x1b[m\x1b[K\n'}
[3.169367] (simple_s) StderrLine: {'line': b'  146 | \x1b[01;31m\x1b[K       _Up(std::forward<_Args>(__args)...)\x1b[m\x1b[K))\n'}
[3.169502] (simple_s) StderrLine: {'line': b'      |        \x1b[01;31m\x1b[K~~~~~~~~~~~~~~~~~~~~~~~~~~~~~~~~~~~\x1b[m\x1b[K\n'}
[3.169637] (simple_s) StderrLine: {'line': b'\x1b[01m\x1b[K/ros2_test/AD_Middle_Test/ros2/src/simple_s/src/listener.cpp:12:3:\x1b[m\x1b[K \x1b[01;36m\x1b[Knote: \x1b[m\x1b[Kcandidate: \xe2\x80\x98\x1b[01m\x1b[KMinimalSubscriber::MinimalSubscriber(std::string, int)\x1b[m\x1b[K\xe2\x80\x99\n'}
[3.169773] (simple_s) StderrLine: {'line': b'   12 |   \x1b[01;36m\x1b[KMinimalSubscriber\x1b[m\x1b[K(string channel_name, int subscriber_num)\n'}
[3.169908] (simple_s) StderrLine: {'line': b'      |   \x1b[01;36m\x1b[K^~~~~~~~~~~~~~~~~\x1b[m\x1b[K\n'}
[3.170043] (simple_s) StderrLine: {'line': b'\x1b[01m\x1b[K/ros2_test/AD_Middle_Test/ros2/src/simple_s/src/listener.cpp:12:3:\x1b[m\x1b[K \x1b[01;36m\x1b[Knote: \x1b[m\x1b[K  candidate expects 2 arguments, 0 provided\n'}
[3.206128] (-) TimerEvent: {}
[3.306351] (-) TimerEvent: {}
[3.406617] (-) TimerEvent: {}
[3.506902] (-) TimerEvent: {}
[3.607165] (-) TimerEvent: {}
[3.707485] (-) TimerEvent: {}
[3.807825] (-) TimerEvent: {}
[3.908165] (-) TimerEvent: {}
[4.008473] (-) TimerEvent: {}
[4.108754] (-) TimerEvent: {}
[4.200538] (simple_s) StderrLine: {'line': b'make[2]: *** [CMakeFiles/listener.dir/build.make:63: CMakeFiles/listener.dir/src/listener.cpp.o] Error 1\n'}
[4.200849] (simple_s) StderrLine: {'line': b'make[1]: *** [CMakeFiles/Makefile2:80: CMakeFiles/listener.dir/all] Error 2\n'}
[4.200996] (simple_s) StderrLine: {'line': b'make[1]: *** Waiting for unfinished jobs....\n'}
[4.208821] (-) TimerEvent: {}
[4.309041] (-) TimerEvent: {}
[4.409212] (-) TimerEvent: {}
[4.509380] (-) TimerEvent: {}
[4.609548] (-) TimerEvent: {}
[4.709715] (-) TimerEvent: {}
[4.809882] (-) TimerEvent: {}
[4.910064] (-) TimerEvent: {}
[4.953590] (simple_s) StdoutLine: {'line': b'[ 75%] \x1b[32m\x1b[1mLinking CXX executable talker\x1b[0m\n'}
[5.010143] (-) TimerEvent: {}
[5.110400] (-) TimerEvent: {}
[5.159521] (simple_s) StdoutLine: {'line': b'[ 75%] Built target talker\n'}
[5.160720] (simple_s) StderrLine: {'line': b'make: *** [Makefile:141: all] Error 2\n'}
[5.163455] (simple_s) CommandEnded: {'returncode': 2}
[5.164011] (simple_s) JobEnded: {'identifier': 'simple_s', 'rc': 2}
[5.174201] (-) EventReactorShutdown: {}
