[2.214s] [01m[K/ros2_test/AD_Middle_Test/ros2/src/simple_s/src/intra_pipe.cpp:[m[K In function â€˜[01m[Kint main(int, char**)[m[Kâ€™:
[2.214s] [01m[K/ros2_test/AD_Middle_Test/ros2/src/simple_s/src/intra_pipe.cpp:183:26:[m[K [01;31m[Kerror: [m[Kassigning to an array from an initializer list
[2.214s]   183 |  sleep_times={10,10,10,10[01;31m[K}[m[K;
[2.214s]       |                          [01;31m[K^[m[K
[2.214s] [01m[K/ros2_test/AD_Middle_Test/ros2/src/simple_s/src/intra_pipe.cpp:186:27:[m[K [01;31m[Kerror: [m[Kassigning to an array from an initializer list
[2.215s]   186 |  sleep_times={10,20,50,100[01;31m[K}[m[K;
[2.215s]       |                           [01;31m[K^[m[K
[2.215s] [01m[K/ros2_test/AD_Middle_Test/ros2/src/simple_s/src/intra_pipe.cpp:189:27:[m[K [01;31m[Kerror: [m[Kassigning to an array from an initializer list
[2.215s]   189 |  sleep_times={100,50,20,10[01;31m[K}[m[K;
[2.215s]       |                           [01;31m[K^[m[K
[4.796s] make[2]: *** [CMakeFiles/intra_pipe.dir/build.make:63: CMakeFiles/intra_pipe.dir/src/intra_pipe.cpp.o] Error 1
[4.797s] make[1]: *** [CMakeFiles/Makefile2:163: CMakeFiles/intra_pipe.dir/all] Error 2
[4.797s] make: *** [Makefile:141: all] Error 2
