[0.087s] [35m[1mScanning dependencies of target listener[0m
[0.123s] [ 25%] [32mBuilding CXX object CMakeFiles/listener.dir/src/listener.cpp.o[0m
[1.934s] [01m[K/ros2_test/AD_Middle_Test/ros2/src/simple_s/src/listener.cpp:9:17:[m[K [01;31m[Kerror: [m[Kâ€˜[01m[Kmessage_filters[m[Kâ€™ is not a namespace-name
[1.934s]     9 | using namespace [01;31m[Kmessage_filters[m[K;
[1.934s]       |                 [01;31m[K^~~~~~~~~~~~~~~[m[K
[1.961s] [01m[K/ros2_test/AD_Middle_Test/ros2/src/simple_s/src/listener.cpp:87:3:[m[K [01;31m[Kerror: [m[Kâ€˜[01m[Kmessage_filters[m[Kâ€™ does not name a type
[1.961s]    87 |   [01;31m[Kmessage_filters[m[K::Subscriber<test_interfaces::msg::Test>::SharedPtr sub1;
[1.961s]       |   [01;31m[K^~~~~~~~~~~~~~~[m[K
[1.966s] [01m[K/ros2_test/AD_Middle_Test/ros2/src/simple_s/src/listener.cpp:88:3:[m[K [01;31m[Kerror: [m[Kâ€˜[01m[Kmessage_filters[m[Kâ€™ does not name a type
[1.966s]    88 |   [01;31m[Kmessage_filters[m[K::Subscriber<test_interfaces::msg::Test>::SharedPtr sub2;
[1.966s]       |   [01;31m[K^~~~~~~~~~~~~~~[m[K
[1.984s] [01m[K/ros2_test/AD_Middle_Test/ros2/src/simple_s/src/listener.cpp:[m[K In constructor â€˜[01m[KMinimalSubscriber::MinimalSubscriber(std::string, int)[m[Kâ€™:
[1.984s] [01m[K/ros2_test/AD_Middle_Test/ros2/src/simple_s/src/listener.cpp:52:4:[m[K [01;31m[Kerror: [m[Kâ€˜[01m[Ksub1[m[Kâ€™ was not declared in this scope
[1.984s]    52 |    [01;31m[Ksub1[m[K = message_filters::Subscriber<test_interfaces::msg::Test>(this,channel_name+'0',1);
[1.984s]       |    [01;31m[K^~~~[m[K
[1.984s] [01m[K/ros2_test/AD_Middle_Test/ros2/src/simple_s/src/listener.cpp:52:11:[m[K [01;31m[Kerror: [m[Kâ€˜[01m[Kmessage_filters[m[Kâ€™ has not been declared
[1.985s]    52 |    sub1 = [01;31m[Kmessage_filters[m[K::Subscriber<test_interfaces::msg::Test>(this,channel_name+'0',1);
[1.985s]       |           [01;31m[K^~~~~~~~~~~~~~~[m[K
[1.985s] [01m[K/ros2_test/AD_Middle_Test/ros2/src/simple_s/src/listener.cpp:52:65:[m[K [01;31m[Kerror: [m[Kexpected primary-expression before â€˜[01m[K>[m[Kâ€™ token
[1.985s]    52 |    sub1 = message_filters::Subscriber<test_interfaces::msg::Test[01;31m[K>[m[K(this,channel_name+'0',1);
[1.985s]       |                                                                 [01;31m[K^[m[K
[1.986s] [01m[K/ros2_test/AD_Middle_Test/ros2/src/simple_s/src/listener.cpp:52:85:[m[K [01;35m[Kwarning: [m[Kleft operand of comma operator has no effect [[01;35m[K-Wunused-value[m[K]
[1.986s]    52 |    sub1 = message_filters::Subscriber<test_interfaces::msg::Test>(this,channel_name+[01;35m[K'0'[m[K,1);
[1.986s]       |                                                                                     [01;35m[K^~~[m[K
[1.987s] [01m[K/ros2_test/AD_Middle_Test/ros2/src/simple_s/src/listener.cpp:53:4:[m[K [01;31m[Kerror: [m[Kâ€˜[01m[Ksub2[m[Kâ€™ was not declared in this scope
[1.987s]    53 |    [01;31m[Ksub2[m[K = message_filters::Subscriber<test_interfaces::msg::Test>(this,channel_name+'1',1);
[1.988s]       |    [01;31m[K^~~~[m[K
[1.988s] [01m[K/ros2_test/AD_Middle_Test/ros2/src/simple_s/src/listener.cpp:53:11:[m[K [01;31m[Kerror: [m[Kâ€˜[01m[Kmessage_filters[m[Kâ€™ has not been declared
[1.988s]    53 |    sub2 = [01;31m[Kmessage_filters[m[K::Subscriber<test_interfaces::msg::Test>(this,channel_name+'1',1);
[1.988s]       |           [01;31m[K^~~~~~~~~~~~~~~[m[K
[1.988s] [01m[K/ros2_test/AD_Middle_Test/ros2/src/simple_s/src/listener.cpp:53:65:[m[K [01;31m[Kerror: [m[Kexpected primary-expression before â€˜[01m[K>[m[Kâ€™ token
[1.989s]    53 |    sub2 = message_filters::Subscriber<test_interfaces::msg::Test[01;31m[K>[m[K(this,channel_name+'1',1);
[1.989s]       |                                                                 [01;31m[K^[m[K
[1.989s] [01m[K/ros2_test/AD_Middle_Test/ros2/src/simple_s/src/listener.cpp:53:85:[m[K [01;35m[Kwarning: [m[Kleft operand of comma operator has no effect [[01;35m[K-Wunused-value[m[K]
[1.989s]    53 |    sub2 = message_filters::Subscriber<test_interfaces::msg::Test>(this,channel_name+[01;35m[K'1'[m[K,1);
[1.989s]       |                                                                                     [01;35m[K^~~[m[K
[1.995s] [01m[K/ros2_test/AD_Middle_Test/ros2/src/simple_s/src/listener.cpp:54:4:[m[K [01;31m[Kerror: [m[Kâ€˜[01m[KTimeSynchronizer[m[Kâ€™ was not declared in this scope
[1.995s]    54 |    [01;31m[KTimeSynchronizer[m[K<Image, CameraInfo> sync(sub1, sub2, 10);
[1.995s]       |    [01;31m[K^~~~~~~~~~~~~~~~[m[K
[1.997s] [01m[K/ros2_test/AD_Middle_Test/ros2/src/simple_s/src/listener.cpp:54:21:[m[K [01;31m[Kerror: [m[Kâ€˜[01m[KImage[m[Kâ€™ was not declared in this scope
[1.997s]    54 |    TimeSynchronizer<[01;31m[KImage[m[K, CameraInfo> sync(sub1, sub2, 10);
[1.997s]       |                     [01;31m[K^~~~~[m[K
[2.001s] [01m[K/ros2_test/AD_Middle_Test/ros2/src/simple_s/src/listener.cpp:54:28:[m[K [01;31m[Kerror: [m[Kâ€˜[01m[KCameraInfo[m[Kâ€™ was not declared in this scope
[2.001s]    54 |    TimeSynchronizer<Image, [01;31m[KCameraInfo[m[K> sync(sub1, sub2, 10);
[2.001s]       |                            [01;31m[K^~~~~~~~~~[m[K
[2.003s] [01m[K/ros2_test/AD_Middle_Test/ros2/src/simple_s/src/listener.cpp:54:40:[m[K [01;31m[Kerror: [m[Kâ€˜[01m[Ksync[m[Kâ€™ was not declared in this scope
[2.003s]    54 |    TimeSynchronizer<Image, CameraInfo> [01;31m[Ksync[m[K(sub1, sub2, 10);
[2.003s]       |                                        [01;31m[K^~~~[m[K
[2.004s] [01m[K/ros2_test/AD_Middle_Test/ros2/src/simple_s/src/listener.cpp:55:75:[m[K [01;31m[Kerror: [m[Kâ€˜[01m[K_2[m[Kâ€™ was not declared in this scope; did you mean â€˜[01m[Kstd::placeholders::_2[m[Kâ€™?
[2.004s]    55 |    sync.registerCallback(std::bind(&MinimalSubscriber::topic_callback2,_1,[01;31m[K_2[m[K));
[2.004s]       |                                                                           [01;31m[K^~[m[K
[2.004s]       |                                                                           [32m[Kstd::placeholders::_2[m[K
[2.004s] In file included from [01m[K/opt/ros/foxy/include/rclcpp/context.hpp:19[m[K,
[2.005s]                  from [01m[K/opt/ros/foxy/include/rclcpp/contexts/default_context.hpp:18[m[K,
[2.005s]                  from [01m[K/opt/ros/foxy/include/rclcpp/executor.hpp:32[m[K,
[2.005s]                  from [01m[K/opt/ros/foxy/include/rclcpp/executors/multi_threaded_executor.hpp:25[m[K,
[2.005s]                  from [01m[K/opt/ros/foxy/include/rclcpp/executors.hpp:21[m[K,
[2.005s]                  from [01m[K/opt/ros/foxy/include/rclcpp/rclcpp.hpp:145[m[K,
[2.005s]                  from [01m[K/ros2_test/AD_Middle_Test/ros2/src/simple_s/src/listener.cpp:5[m[K:
[2.006s] [01m[K/usr/include/c++/9/functional:212:34:[m[K [01;36m[Knote: [m[Kâ€˜[01m[Kstd::placeholders::_2[m[Kâ€™ declared here
[2.006s]   212 |     extern const _Placeholder<2> [01;36m[K_2[m[K;
[2.006s]       |                                  [01;36m[K^~[m[K
[3.658s] make[2]: *** [CMakeFiles/listener.dir/build.make:63: CMakeFiles/listener.dir/src/listener.cpp.o] Error 1
[3.658s] make[1]: *** [CMakeFiles/Makefile2:80: CMakeFiles/listener.dir/all] Error 2
[3.659s] make: *** [Makefile:141: all] Error 2
