[1.436s] [01m[K/ros2_test/AD_Middle_Test/ros2/src/detect_s/src/camera.cpp:4:10:[m[K [01;31m[Kfatal error: [m[Krclcpp/rclcpp.hpp: No such file or directory
[1.437s]     4 | #include [01;31m[K"rclcpp/rclcpp.hpp"[m[K
[1.437s]       |          [01;31m[K^~~~~~~~~~~~~~~~~~~[m[K
[1.437s] compilation terminated.
[1.438s] make[2]: *** [CMakeFiles/camera.dir/build.make:63: CMakeFiles/camera.dir/src/camera.cpp.o] Error 1
[1.438s] make[1]: *** [CMakeFiles/Makefile2:78: CMakeFiles/camera.dir/all] Error 2
[1.438s] make: *** [Makefile:141: all] Error 2
