[0.020s] Invoking command in '/ros2_test/AD_Middle_Test/ros2/src/build/simple_s': /usr/bin/cmake --build /ros2_test/AD_Middle_Test/ros2/src/build/simple_s -- -j30 -l30
[0.089s] [35m[1mScanning dependencies of target intra_pipe[0m
[0.106s] [ 16%] [32mBuilding CXX object CMakeFiles/listener.dir/src/listener.cpp.o[0m
[0.107s] [ 50%] Built target talker
[0.121s] [ 66%] [32mBuilding CXX object CMakeFiles/intra_pipe.dir/src/intra_pipe.cpp.o[0m
[2.033s] [01m[K/ros2_test/AD_Middle_Test/ros2/src/simple_s/src/intra_pipe.cpp:[m[K In lambda function:
[2.033s] [01m[K/ros2_test/AD_Middle_Test/ros2/src/simple_s/src/intra_pipe.cpp:66:9:[m[K [01;31m[Kerror: [m[Kâ€˜[01m[Kstruct test_interfaces::msg::Test_<std::allocator<void> >[m[Kâ€™ has no member named â€˜[01m[Kid[m[Kâ€™
[2.033s]    66 |    msg->[01;31m[Kid[m[K = count++;
[2.033s]       |         [01;31m[K^~[m[K
[2.033s] [01m[K/ros2_test/AD_Middle_Test/ros2/src/simple_s/src/intra_pipe.cpp:72:9:[m[K [01;31m[Kerror: [m[Kâ€˜[01m[Kstruct test_interfaces::msg::Test_<std::allocator<void> >[m[Kâ€™ has no member named â€˜[01m[Ktimestamp[m[Kâ€™
[2.033s]    72 |    msg->[01;31m[Ktimestamp[m[K = this->now().nanoseconds();
[2.034s]       |         [01;31m[K^~~~~~~~~[m[K
[2.140s] [01m[K/ros2_test/AD_Middle_Test/ros2/src/simple_s/src/listener.cpp:[m[K In member function â€˜[01m[Kvoid MinimalSubscriber::topic_callback2(const SharedPtr&, const SharedPtr&)[m[Kâ€™:
[2.141s] [01m[K/ros2_test/AD_Middle_Test/ros2/src/simple_s/src/listener.cpp:95:56:[m[K [01;31m[Kerror: [m[Kâ€˜[01m[Kusing _stamp_type = struct builtin_interfaces::msg::Time_<std::allocator<void> >[m[Kâ€™ {aka â€˜[01m[Kstruct builtin_interfaces::msg::Time_<std::allocator<void> >[m[Kâ€™} has no member named â€˜[01m[Knanoseconds[m[Kâ€™; did you mean â€˜[01m[Knanosec[m[Kâ€™?
[2.141s]    95 |    latency[0].push_back((rec_time - msg0->header.stamp.[01;31m[Knanoseconds[m[K()));
[2.141s]       |                                                        [01;31m[K^~~~~~~~~~~[m[K
[2.141s]       |                                                        [32m[Knanosec[m[K
[2.141s] [01m[K/ros2_test/AD_Middle_Test/ros2/src/simple_s/src/listener.cpp:96:56:[m[K [01;31m[Kerror: [m[Kâ€˜[01m[Kusing _stamp_type = struct builtin_interfaces::msg::Time_<std::allocator<void> >[m[Kâ€™ {aka â€˜[01m[Kstruct builtin_interfaces::msg::Time_<std::allocator<void> >[m[Kâ€™} has no member named â€˜[01m[Knanoseconds[m[Kâ€™; did you mean â€˜[01m[Knanosec[m[Kâ€™?
[2.141s]    96 |    latency[1].push_back((rec_time - msg1->header.stamp.[01;31m[Knanoseconds[m[K()));
[2.142s]       |                                                        [01;31m[K^~~~~~~~~~~[m[K
[2.142s]       |                                                        [32m[Knanosec[m[K
[4.530s] make[2]: *** [CMakeFiles/listener.dir/build.make:63: CMakeFiles/listener.dir/src/listener.cpp.o] Error 1
[4.531s] make[1]: *** [CMakeFiles/Makefile2:82: CMakeFiles/listener.dir/all] Error 2
[4.531s] make[1]: *** Waiting for unfinished jobs....
[4.788s] make[2]: *** [CMakeFiles/intra_pipe.dir/build.make:63: CMakeFiles/intra_pipe.dir/src/intra_pipe.cpp.o] Error 1
[4.788s] make[1]: *** [CMakeFiles/Makefile2:163: CMakeFiles/intra_pipe.dir/all] Error 2
[4.788s] make: *** [Makefile:141: all] Error 2
[4.791s] Invoked command in '/ros2_test/AD_Middle_Test/ros2/src/build/simple_s' returned '2': /usr/bin/cmake --build /ros2_test/AD_Middle_Test/ros2/src/build/simple_s -- -j30 -l30
