[0.104s] [35m[1mScanning dependencies of target yoloDetect[0m
[0.104s] [35m[1mScanning dependencies of target cameraTimer[0m
[0.160s] [ 25%] [32mBuilding CXX object CMakeFiles/yoloDetect.dir/src/YoloDetect.cpp.o[0m
[0.171s] [ 50%] [32mBuilding CXX object CMakeFiles/cameraTimer.dir/src/CameraTimer.cpp.o[0m
[0.489s] [01m[K/ros2_test/AD_Middle_Test/ros2/src/detect_s/src/YoloDetect.cpp:16:10:[m[K [01;31m[Kfatal error: [m[Ktest_interfaces/msg/yolo_detect.hpp: No such file or directory
[0.489s]    16 | #include [01;31m[K"test_interfaces/msg/yolo_detect.hpp"[m[K
[0.489s]       |          [01;31m[K^~~~~~~~~~~~~~~~~~~~~~~~~~~~~~~~~~~~~[m[K
[0.489s] compilation terminated.
[0.492s] make[2]: *** [CMakeFiles/yoloDetect.dir/build.make:63: CMakeFiles/yoloDetect.dir/src/YoloDetect.cpp.o] Error 1
[0.493s] make[1]: *** [CMakeFiles/Makefile2:80: CMakeFiles/yoloDetect.dir/all] Error 2
[0.493s] make[1]: *** Waiting for unfinished jobs....
[5.254s] [ 75%] [32m[1mLinking CXX executable cameraTimer[0m
[5.540s] [ 75%] Built target cameraTimer
[5.541s] make: *** [Makefile:141: all] Error 2
