[0.000000] (-) TimerEvent: {}
[0.000282] (test_interfaces) JobQueued: {'identifier': 'test_interfaces', 'dependencies': OrderedDict()}
[0.000482] (turtlesim) JobQueued: {'identifier': 'turtlesim', 'dependencies': OrderedDict()}
[0.000603] (simple_s) JobQueued: {'identifier': 'simple_s', 'dependencies': OrderedDict([('test_interfaces', '/ros2_test/AD_Middle_Test/ros2/install/test_interfaces')])}
[0.000951] (test_interfaces) JobStarted: {'identifier': 'test_interfaces'}
[0.022332] (turtlesim) JobStarted: {'identifier': 'turtlesim'}
[0.039051] (test_interfaces) JobProgress: {'identifier': 'test_interfaces', 'progress': 'cmake'}
[0.040258] (test_interfaces) JobProgress: {'identifier': 'test_interfaces', 'progress': 'build'}
[0.041538] (test_interfaces) Command: {'cmd': ['/usr/bin/cmake', '--build', '/ros2_test/AD_Middle_Test/ros2/build/test_interfaces', '--', '-j4', '-l4'], 'cwd': '/ros2_test/AD_Middle_Test/ros2/build/test_interfaces', 'env': OrderedDict([('LESSOPEN', '| /usr/bin/lesspipe %s'), ('HOSTNAME', '3d2cb9766238'), ('ROS_PACKAGE_PATH', '/opt/ros/foxy/share'), ('SHLVL', '1'), ('LD_LIBRARY_PATH', '/ros2_test/AD_Middle_Test/ros2/install/test_interfaces/lib:/ros2_test/AD_Middle_Test/ros2/src/install/test_interfaces/lib:/ros2_test/AD_Middle_Test/ros2/src/install/turtlesim/lib:/ros2_test/AD_Middle_Test/ros2/install/turtlesim/lib:/opt/ros/foxy/opt/yaml_cpp_vendor/lib:/opt/ros/foxy/opt/rviz_ogre_vendor/lib:/opt/ros/foxy/lib'), ('HOME', '/root'), ('OLDPWD', '/ros2_test/AD_Middle_Test/ros2/src/simple_s'), ('ROS_PYTHON_VERSION', '3'), ('COLCON_PREFIX_PATH', '/ros2_test/AD_Middle_Test/ros2/install:/ros2_test/AD_Middle_Test/ros2/src/install:/opt/ros/foxy'), ('ROS_DISTRO', 'foxy'), ('_', '/usr/bin/colcon'), ('ROS_VERSION', '2'), ('PKG_CONFIG_PATH', '/opt/ros/foxy/lib/x86_64-linux-gnu/pkgconfig:/opt/ros/foxy/lib/pkgconfig'), ('TERM', 'xterm'), ('ROS_LOCALHOST_ONLY', '0'), ('PATH', '/opt/ros/foxy/bin:/usr/local/sbin:/usr/local/bin:/usr/sbin:/usr/bin:/sbin:/bin'), ('LANG', 'C.UTF-8'), ('LS_COLORS', 'rs=0:di=01;34:ln=01;36:mh=00:pi=40;33:so=01;35:do=01;35:bd=40;33;01:cd=40;33;01:or=40;31;01:mi=00:su=37;41:sg=30;43:ca=30;41:tw=30;42:ow=34;42:st=37;44:ex=01;32:*.tar=01;31:*.tgz=01;31:*.arc=01;31:*.arj=01;31:*.taz=01;31:*.lha=01;31:*.lz4=01;31:*.lzh=01;31:*.lzma=01;31:*.tlz=01;31:*.txz=01;31:*.tzo=01;31:*.t7z=01;31:*.zip=01;31:*.z=01;31:*.dz=01;31:*.gz=01;31:*.lrz=01;31:*.lz=01;31:*.lzo=01;31:*.xz=01;31:*.zst=01;31:*.tzst=01;31:*.bz2=01;31:*.bz=01;31:*.tbz=01;31:*.tbz2=01;31:*.tz=01;31:*.deb=01;31:*.rpm=01;31:*.jar=01;31:*.war=01;31:*.ear=01;31:*.sar=01;31:*.rar=01;31:*.alz=01;31:*.ace=01;31:*.zoo=01;31:*.cpio=01;31:*.7z=01;31:*.rz=01;31:*.cab=01;31:*.wim=01;31:*.swm=01;31:*.dwm=01;31:*.esd=01;31:*.jpg=01;35:*.jpeg=01;35:*.mjpg=01;35:*.mjpeg=01;35:*.gif=01;35:*.bmp=01;35:*.pbm=01;35:*.pgm=01;35:*.ppm=01;35:*.tga=01;35:*.xbm=01;35:*.xpm=01;35:*.tif=01;35:*.tiff=01;35:*.png=01;35:*.svg=01;35:*.svgz=01;35:*.mng=01;35:*.pcx=01;35:*.mov=01;35:*.mpg=01;35:*.mpeg=01;35:*.m2v=01;35:*.mkv=01;35:*.webm=01;35:*.ogm=01;35:*.mp4=01;35:*.m4v=01;35:*.mp4v=01;35:*.vob=01;35:*.qt=01;35:*.nuv=01;35:*.wmv=01;35:*.asf=01;35:*.rm=01;35:*.rmvb=01;35:*.flc=01;35:*.avi=01;35:*.fli=01;35:*.flv=01;35:*.gl=01;35:*.dl=01;35:*.xcf=01;35:*.xwd=01;35:*.yuv=01;35:*.cgm=01;35:*.emf=01;35:*.ogv=01;35:*.ogx=01;35:*.aac=00;36:*.au=00;36:*.flac=00;36:*.m4a=00;36:*.mid=00;36:*.midi=00;36:*.mka=00;36:*.mp3=00;36:*.mpc=00;36:*.ogg=00;36:*.ra=00;36:*.wav=00;36:*.oga=00;36:*.opus=00;36:*.spx=00;36:*.xspf=00;36:'), ('ROSDISTRO_INDEX_URL', 'https://raw.githubusercontent.com/osrf/docker_images/master/ros2/nightly/nightly/index-v4.yaml'), ('AMENT_PREFIX_PATH', '/ros2_test/AD_Middle_Test/ros2/install/test_interfaces:/ros2_test/AD_Middle_Test/ros2/src/install/test_interfaces:/ros2_test/AD_Middle_Test/ros2/src/install/turtlesim:/ros2_test/AD_Middle_Test/ros2/src/install/simple_s:/ros2_test/AD_Middle_Test/ros2/install/simple_s:/ros2_test/AD_Middle_Test/ros2/install/turtlesim:/opt/ros/foxy'), ('LESSCLOSE', '/usr/bin/lesspipe %s %s'), ('PWD', '/ros2_test/AD_Middle_Test/ros2/build/test_interfaces'), ('LC_ALL', 'C.UTF-8'), ('PYTHONPATH', '/ros2_test/AD_Middle_Test/ros2/install/test_interfaces/lib/python3.8/site-packages:/ros2_test/AD_Middle_Test/ros2/src/install/test_interfaces/lib/python3.8/site-packages:/ros2_test/AD_Middle_Test/ros2/src/install/turtlesim/lib/python3.8/site-packages:/ros2_test/AD_Middle_Test/ros2/install/turtlesim/lib/python3.8/site-packages:/opt/ros/foxy/lib/python3.8/site-packages'), ('COLCON', '1'), ('CMAKE_PREFIX_PATH', '/ros2_test/AD_Middle_Test/ros2/install/test_interfaces:/ros2_test/AD_Middle_Test/ros2/src/install/test_interfaces:/ros2_test/AD_Middle_Test/ros2/src/install/turtlesim:/ros2_test/AD_Middle_Test/ros2/src/install/simple_s:/ros2_test/AD_Middle_Test/ros2/install/simple_s:/ros2_test/AD_Middle_Test/ros2/install/turtlesim:/opt/ros/foxy')]), 'shell': False}
[0.049509] (turtlesim) JobProgress: {'identifier': 'turtlesim', 'progress': 'cmake'}
[0.050762] (turtlesim) JobProgress: {'identifier': 'turtlesim', 'progress': 'build'}
[0.051606] (turtlesim) Command: {'cmd': ['/usr/bin/cmake', '--build', '/ros2_test/AD_Middle_Test/ros2/build/turtlesim', '--', '-j4', '-l4'], 'cwd': '/ros2_test/AD_Middle_Test/ros2/build/turtlesim', 'env': OrderedDict([('LESSOPEN', '| /usr/bin/lesspipe %s'), ('HOSTNAME', '3d2cb9766238'), ('ROS_PACKAGE_PATH', '/opt/ros/foxy/share'), ('SHLVL', '1'), ('LD_LIBRARY_PATH', '/ros2_test/AD_Middle_Test/ros2/install/test_interfaces/lib:/ros2_test/AD_Middle_Test/ros2/src/install/test_interfaces/lib:/ros2_test/AD_Middle_Test/ros2/src/install/turtlesim/lib:/ros2_test/AD_Middle_Test/ros2/install/turtlesim/lib:/opt/ros/foxy/opt/yaml_cpp_vendor/lib:/opt/ros/foxy/opt/rviz_ogre_vendor/lib:/opt/ros/foxy/lib'), ('HOME', '/root'), ('OLDPWD', '/ros2_test/AD_Middle_Test/ros2/src/simple_s'), ('ROS_PYTHON_VERSION', '3'), ('COLCON_PREFIX_PATH', '/ros2_test/AD_Middle_Test/ros2/install:/ros2_test/AD_Middle_Test/ros2/src/install:/opt/ros/foxy'), ('ROS_DISTRO', 'foxy'), ('_', '/usr/bin/colcon'), ('ROS_VERSION', '2'), ('PKG_CONFIG_PATH', '/opt/ros/foxy/lib/x86_64-linux-gnu/pkgconfig:/opt/ros/foxy/lib/pkgconfig'), ('TERM', 'xterm'), ('ROS_LOCALHOST_ONLY', '0'), ('PATH', '/opt/ros/foxy/bin:/usr/local/sbin:/usr/local/bin:/usr/sbin:/usr/bin:/sbin:/bin'), ('LANG', 'C.UTF-8'), ('LS_COLORS', 'rs=0:di=01;34:ln=01;36:mh=00:pi=40;33:so=01;35:do=01;35:bd=40;33;01:cd=40;33;01:or=40;31;01:mi=00:su=37;41:sg=30;43:ca=30;41:tw=30;42:ow=34;42:st=37;44:ex=01;32:*.tar=01;31:*.tgz=01;31:*.arc=01;31:*.arj=01;31:*.taz=01;31:*.lha=01;31:*.lz4=01;31:*.lzh=01;31:*.lzma=01;31:*.tlz=01;31:*.txz=01;31:*.tzo=01;31:*.t7z=01;31:*.zip=01;31:*.z=01;31:*.dz=01;31:*.gz=01;31:*.lrz=01;31:*.lz=01;31:*.lzo=01;31:*.xz=01;31:*.zst=01;31:*.tzst=01;31:*.bz2=01;31:*.bz=01;31:*.tbz=01;31:*.tbz2=01;31:*.tz=01;31:*.deb=01;31:*.rpm=01;31:*.jar=01;31:*.war=01;31:*.ear=01;31:*.sar=01;31:*.rar=01;31:*.alz=01;31:*.ace=01;31:*.zoo=01;31:*.cpio=01;31:*.7z=01;31:*.rz=01;31:*.cab=01;31:*.wim=01;31:*.swm=01;31:*.dwm=01;31:*.esd=01;31:*.jpg=01;35:*.jpeg=01;35:*.mjpg=01;35:*.mjpeg=01;35:*.gif=01;35:*.bmp=01;35:*.pbm=01;35:*.pgm=01;35:*.ppm=01;35:*.tga=01;35:*.xbm=01;35:*.xpm=01;35:*.tif=01;35:*.tiff=01;35:*.png=01;35:*.svg=01;35:*.svgz=01;35:*.mng=01;35:*.pcx=01;35:*.mov=01;35:*.mpg=01;35:*.mpeg=01;35:*.m2v=01;35:*.mkv=01;35:*.webm=01;35:*.ogm=01;35:*.mp4=01;35:*.m4v=01;35:*.mp4v=01;35:*.vob=01;35:*.qt=01;35:*.nuv=01;35:*.wmv=01;35:*.asf=01;35:*.rm=01;35:*.rmvb=01;35:*.flc=01;35:*.avi=01;35:*.fli=01;35:*.flv=01;35:*.gl=01;35:*.dl=01;35:*.xcf=01;35:*.xwd=01;35:*.yuv=01;35:*.cgm=01;35:*.emf=01;35:*.ogv=01;35:*.ogx=01;35:*.aac=00;36:*.au=00;36:*.flac=00;36:*.m4a=00;36:*.mid=00;36:*.midi=00;36:*.mka=00;36:*.mp3=00;36:*.mpc=00;36:*.ogg=00;36:*.ra=00;36:*.wav=00;36:*.oga=00;36:*.opus=00;36:*.spx=00;36:*.xspf=00;36:'), ('ROSDISTRO_INDEX_URL', 'https://raw.githubusercontent.com/osrf/docker_images/master/ros2/nightly/nightly/index-v4.yaml'), ('AMENT_PREFIX_PATH', '/ros2_test/AD_Middle_Test/ros2/install/test_interfaces:/ros2_test/AD_Middle_Test/ros2/src/install/test_interfaces:/ros2_test/AD_Middle_Test/ros2/src/install/turtlesim:/ros2_test/AD_Middle_Test/ros2/src/install/simple_s:/ros2_test/AD_Middle_Test/ros2/install/simple_s:/ros2_test/AD_Middle_Test/ros2/install/turtlesim:/opt/ros/foxy'), ('LESSCLOSE', '/usr/bin/lesspipe %s %s'), ('PWD', '/ros2_test/AD_Middle_Test/ros2/build/turtlesim'), ('LC_ALL', 'C.UTF-8'), ('PYTHONPATH', '/ros2_test/AD_Middle_Test/ros2/install/test_interfaces/lib/python3.8/site-packages:/ros2_test/AD_Middle_Test/ros2/src/install/test_interfaces/lib/python3.8/site-packages:/ros2_test/AD_Middle_Test/ros2/src/install/turtlesim/lib/python3.8/site-packages:/ros2_test/AD_Middle_Test/ros2/install/turtlesim/lib/python3.8/site-packages:/opt/ros/foxy/lib/python3.8/site-packages'), ('COLCON', '1'), ('CMAKE_PREFIX_PATH', '/ros2_test/AD_Middle_Test/ros2/install/test_interfaces:/ros2_test/AD_Middle_Test/ros2/src/install/test_interfaces:/ros2_test/AD_Middle_Test/ros2/src/install/turtlesim:/ros2_test/AD_Middle_Test/ros2/src/install/simple_s:/ros2_test/AD_Middle_Test/ros2/install/simple_s:/ros2_test/AD_Middle_Test/ros2/install/turtlesim:/opt/ros/foxy')]), 'shell': False}
[0.099699] (-) TimerEvent: {}
[0.120773] (test_interfaces) StdoutLine: {'line': b'[  3%] Built target test_interfaces__cpp\n'}
[0.124941] (test_interfaces) StdoutLine: {'line': b'[ 12%] Built target test_interfaces__rosidl_generator_c\n'}
[0.149966] (turtlesim) StdoutLine: {'line': b'[  1%] Built target turtlesim__cpp\n'}
[0.153776] (turtlesim) StdoutLine: {'line': b'[ 11%] Built target turtlesim__rosidl_generator_c\n'}
[0.165260] (test_interfaces) StdoutLine: {'line': b'[ 22%] Built target test_interfaces__rosidl_typesupport_cpp\n'}
[0.170522] (test_interfaces) StdoutLine: {'line': b'[ 32%] Built target test_interfaces__rosidl_typesupport_fastrtps_cpp\n'}
[0.172114] (test_interfaces) StdoutLine: {'line': b'[ 41%] Built target test_interfaces__rosidl_typesupport_introspection_cpp\n'}
[0.181848] (test_interfaces) StdoutLine: {'line': b'[ 51%] Built target test_interfaces__rosidl_typesupport_c\n'}
[0.199770] (-) TimerEvent: {}
[0.201327] (turtlesim) StdoutLine: {'line': b'[ 21%] Built target turtlesim__rosidl_typesupport_cpp\n'}
[0.212804] (turtlesim) StdoutLine: {'line': b'[ 31%] Built target turtlesim__rosidl_typesupport_introspection_cpp\n'}
[0.217423] (test_interfaces) StdoutLine: {'line': b'[ 61%] Built target test_interfaces__rosidl_typesupport_introspection_c\n'}
[0.218830] (turtlesim) StdoutLine: {'line': b'[ 41%] Built target turtlesim__rosidl_typesupport_c\n'}
[0.220200] (test_interfaces) StdoutLine: {'line': b'[ 70%] Built target test_interfaces__rosidl_typesupport_fastrtps_c\n'}
[0.229025] (turtlesim) StdoutLine: {'line': b'[ 51%] Built target turtlesim__rosidl_typesupport_fastrtps_cpp\n'}
[0.245320] (turtlesim) StdoutLine: {'line': b'[ 61%] Built target turtlesim__rosidl_typesupport_introspection_c\n'}
[0.248403] (test_interfaces) StdoutLine: {'line': b'[ 70%] Built target test_interfaces\n'}
[0.270282] (turtlesim) StdoutLine: {'line': b'[ 71%] Built target turtlesim__rosidl_typesupport_fastrtps_c\n'}
[0.277401] (test_interfaces) StdoutLine: {'line': b'[ 74%] Built target test_interfaces__py\n'}
[0.297908] (turtlesim) StdoutLine: {'line': b'[ 71%] Built target turtlesim\n'}
[0.299852] (-) TimerEvent: {}
[0.313121] (test_interfaces) StdoutLine: {'line': b'[ 80%] Built target test_interfaces__python\n'}
[0.328771] (turtlesim) StdoutLine: {'line': b'[ 72%] Built target turtlesim__py\n'}
[0.347475] (turtlesim) StdoutLine: {'line': b'[ 74%] Built target draw_square\n'}
[0.358337] (turtlesim) StdoutLine: {'line': b'[ 76%] Built target turtle_teleop_key\n'}
[0.369785] (turtlesim) StdoutLine: {'line': b'[ 78%] Built target mimic\n'}
[0.373352] (test_interfaces) StdoutLine: {'line': b'[ 87%] Built target test_interfaces__rosidl_typesupport_introspection_c__pyext\n'}
[0.380034] (test_interfaces) StdoutLine: {'line': b'[ 93%] Built target test_interfaces__rosidl_typesupport_c__pyext\n'}
[0.382115] (test_interfaces) StdoutLine: {'line': b'[100%] Built target test_interfaces__rosidl_typesupport_fastrtps_c__pyext\n'}
[0.396977] (test_interfaces) CommandEnded: {'returncode': 0}
[0.400283] (-) TimerEvent: {}
[0.406526] (turtlesim) StdoutLine: {'line': b'[ 87%] Built target turtlesim__python\n'}
[0.412770] (turtlesim) StdoutLine: {'line': b'[ 93%] Built target turtlesim_node\n'}
[0.443954] (turtlesim) StdoutLine: {'line': b'[ 95%] Built target turtlesim__rosidl_typesupport_introspection_c__pyext\n'}
[0.446628] (turtlesim) StdoutLine: {'line': b'[ 97%] Built target turtlesim__rosidl_typesupport_c__pyext\n'}
[0.446958] (turtlesim) StdoutLine: {'line': b'[100%] Built target turtlesim__rosidl_typesupport_fastrtps_c__pyext\n'}
[0.462581] (turtlesim) CommandEnded: {'returncode': 0}
[0.478760] (test_interfaces) JobProgress: {'identifier': 'test_interfaces', 'progress': 'install'}
[0.492717] (test_interfaces) Command: {'cmd': ['/usr/bin/cmake', '--install', '/ros2_test/AD_Middle_Test/ros2/build/test_interfaces'], 'cwd': '/ros2_test/AD_Middle_Test/ros2/build/test_interfaces', 'env': OrderedDict([('LESSOPEN', '| /usr/bin/lesspipe %s'), ('HOSTNAME', '3d2cb9766238'), ('ROS_PACKAGE_PATH', '/opt/ros/foxy/share'), ('SHLVL', '1'), ('LD_LIBRARY_PATH', '/ros2_test/AD_Middle_Test/ros2/install/test_interfaces/lib:/ros2_test/AD_Middle_Test/ros2/src/install/test_interfaces/lib:/ros2_test/AD_Middle_Test/ros2/src/install/turtlesim/lib:/ros2_test/AD_Middle_Test/ros2/install/turtlesim/lib:/opt/ros/foxy/opt/yaml_cpp_vendor/lib:/opt/ros/foxy/opt/rviz_ogre_vendor/lib:/opt/ros/foxy/lib'), ('HOME', '/root'), ('OLDPWD', '/ros2_test/AD_Middle_Test/ros2/src/simple_s'), ('ROS_PYTHON_VERSION', '3'), ('COLCON_PREFIX_PATH', '/ros2_test/AD_Middle_Test/ros2/install:/ros2_test/AD_Middle_Test/ros2/src/install:/opt/ros/foxy'), ('ROS_DISTRO', 'foxy'), ('_', '/usr/bin/colcon'), ('ROS_VERSION', '2'), ('PKG_CONFIG_PATH', '/opt/ros/foxy/lib/x86_64-linux-gnu/pkgconfig:/opt/ros/foxy/lib/pkgconfig'), ('TERM', 'xterm'), ('ROS_LOCALHOST_ONLY', '0'), ('PATH', '/opt/ros/foxy/bin:/usr/local/sbin:/usr/local/bin:/usr/sbin:/usr/bin:/sbin:/bin'), ('LANG', 'C.UTF-8'), ('LS_COLORS', 'rs=0:di=01;34:ln=01;36:mh=00:pi=40;33:so=01;35:do=01;35:bd=40;33;01:cd=40;33;01:or=40;31;01:mi=00:su=37;41:sg=30;43:ca=30;41:tw=30;42:ow=34;42:st=37;44:ex=01;32:*.tar=01;31:*.tgz=01;31:*.arc=01;31:*.arj=01;31:*.taz=01;31:*.lha=01;31:*.lz4=01;31:*.lzh=01;31:*.lzma=01;31:*.tlz=01;31:*.txz=01;31:*.tzo=01;31:*.t7z=01;31:*.zip=01;31:*.z=01;31:*.dz=01;31:*.gz=01;31:*.lrz=01;31:*.lz=01;31:*.lzo=01;31:*.xz=01;31:*.zst=01;31:*.tzst=01;31:*.bz2=01;31:*.bz=01;31:*.tbz=01;31:*.tbz2=01;31:*.tz=01;31:*.deb=01;31:*.rpm=01;31:*.jar=01;31:*.war=01;31:*.ear=01;31:*.sar=01;31:*.rar=01;31:*.alz=01;31:*.ace=01;31:*.zoo=01;31:*.cpio=01;31:*.7z=01;31:*.rz=01;31:*.cab=01;31:*.wim=01;31:*.swm=01;31:*.dwm=01;31:*.esd=01;31:*.jpg=01;35:*.jpeg=01;35:*.mjpg=01;35:*.mjpeg=01;35:*.gif=01;35:*.bmp=01;35:*.pbm=01;35:*.pgm=01;35:*.ppm=01;35:*.tga=01;35:*.xbm=01;35:*.xpm=01;35:*.tif=01;35:*.tiff=01;35:*.png=01;35:*.svg=01;35:*.svgz=01;35:*.mng=01;35:*.pcx=01;35:*.mov=01;35:*.mpg=01;35:*.mpeg=01;35:*.m2v=01;35:*.mkv=01;35:*.webm=01;35:*.ogm=01;35:*.mp4=01;35:*.m4v=01;35:*.mp4v=01;35:*.vob=01;35:*.qt=01;35:*.nuv=01;35:*.wmv=01;35:*.asf=01;35:*.rm=01;35:*.rmvb=01;35:*.flc=01;35:*.avi=01;35:*.fli=01;35:*.flv=01;35:*.gl=01;35:*.dl=01;35:*.xcf=01;35:*.xwd=01;35:*.yuv=01;35:*.cgm=01;35:*.emf=01;35:*.ogv=01;35:*.ogx=01;35:*.aac=00;36:*.au=00;36:*.flac=00;36:*.m4a=00;36:*.mid=00;36:*.midi=00;36:*.mka=00;36:*.mp3=00;36:*.mpc=00;36:*.ogg=00;36:*.ra=00;36:*.wav=00;36:*.oga=00;36:*.opus=00;36:*.spx=00;36:*.xspf=00;36:'), ('ROSDISTRO_INDEX_URL', 'https://raw.githubusercontent.com/osrf/docker_images/master/ros2/nightly/nightly/index-v4.yaml'), ('AMENT_PREFIX_PATH', '/ros2_test/AD_Middle_Test/ros2/install/test_interfaces:/ros2_test/AD_Middle_Test/ros2/src/install/test_interfaces:/ros2_test/AD_Middle_Test/ros2/src/install/turtlesim:/ros2_test/AD_Middle_Test/ros2/src/install/simple_s:/ros2_test/AD_Middle_Test/ros2/install/simple_s:/ros2_test/AD_Middle_Test/ros2/install/turtlesim:/opt/ros/foxy'), ('LESSCLOSE', '/usr/bin/lesspipe %s %s'), ('PWD', '/ros2_test/AD_Middle_Test/ros2/build/test_interfaces'), ('LC_ALL', 'C.UTF-8'), ('PYTHONPATH', '/ros2_test/AD_Middle_Test/ros2/install/test_interfaces/lib/python3.8/site-packages:/ros2_test/AD_Middle_Test/ros2/src/install/test_interfaces/lib/python3.8/site-packages:/ros2_test/AD_Middle_Test/ros2/src/install/turtlesim/lib/python3.8/site-packages:/ros2_test/AD_Middle_Test/ros2/install/turtlesim/lib/python3.8/site-packages:/opt/ros/foxy/lib/python3.8/site-packages'), ('COLCON', '1'), ('CMAKE_PREFIX_PATH', '/ros2_test/AD_Middle_Test/ros2/install/test_interfaces:/ros2_test/AD_Middle_Test/ros2/src/install/test_interfaces:/ros2_test/AD_Middle_Test/ros2/src/install/turtlesim:/ros2_test/AD_Middle_Test/ros2/src/install/simple_s:/ros2_test/AD_Middle_Test/ros2/install/simple_s:/ros2_test/AD_Middle_Test/ros2/install/turtlesim:/opt/ros/foxy')]), 'shell': False}
[0.500365] (-) TimerEvent: {}
[0.506921] (test_interfaces) StdoutLine: {'line': b'-- Install configuration: ""\n'}
[0.507290] (test_interfaces) StdoutLine: {'line': b'-- Up-to-date: /ros2_test/AD_Middle_Test/ros2/install/test_interfaces/share/ament_index/resource_index/rosidl_interfaces/test_interfaces\n'}
[0.507491] (test_interfaces) StdoutLine: {'line': b'-- Up-to-date: /ros2_test/AD_Middle_Test/ros2/install/test_interfaces/lib/libtest_interfaces__rosidl_typesupport_c.so\n'}
[0.507874] (test_interfaces) StdoutLine: {'line': b'-- Up-to-date: /ros2_test/AD_Middle_Test/ros2/install/test_interfaces/share/test_interfaces/environment/library_path.sh\n'}
[0.508089] (test_interfaces) StdoutLine: {'line': b'-- Up-to-date: /ros2_test/AD_Middle_Test/ros2/install/test_interfaces/share/test_interfaces/environment/library_path.dsv\n'}
[0.508296] (test_interfaces) StdoutLine: {'line': b'-- Up-to-date: /ros2_test/AD_Middle_Test/ros2/install/test_interfaces/lib/libtest_interfaces__rosidl_typesupport_cpp.so\n'}
[0.508723] (test_interfaces) StdoutLine: {'line': b'-- Up-to-date: /ros2_test/AD_Middle_Test/ros2/install/test_interfaces/include/test_interfaces\n'}
[0.508981] (test_interfaces) StdoutLine: {'line': b'-- Up-to-date: /ros2_test/AD_Middle_Test/ros2/install/test_interfaces/include/test_interfaces/msg\n'}
[0.509135] (test_interfaces) StdoutLine: {'line': b'-- Up-to-date: /ros2_test/AD_Middle_Test/ros2/install/test_interfaces/include/test_interfaces/msg/test__rosidl_typesupport_fastrtps_c.h\n'}
[0.509310] (test_interfaces) StdoutLine: {'line': b'-- Up-to-date: /ros2_test/AD_Middle_Test/ros2/install/test_interfaces/include/test_interfaces/msg/rosidl_typesupport_fastrtps_c__visibility_control.h\n'}
[0.509604] (test_interfaces) StdoutLine: {'line': b'-- Up-to-date: /ros2_test/AD_Middle_Test/ros2/install/test_interfaces/lib/libtest_interfaces__rosidl_typesupport_fastrtps_c.so\n'}
[0.509904] (test_interfaces) StdoutLine: {'line': b'-- Up-to-date: /ros2_test/AD_Middle_Test/ros2/install/test_interfaces/include/test_interfaces\n'}
[0.510085] (test_interfaces) StdoutLine: {'line': b'-- Up-to-date: /ros2_test/AD_Middle_Test/ros2/install/test_interfaces/include/test_interfaces/msg\n'}
[0.510423] (test_interfaces) StdoutLine: {'line': b'-- Up-to-date: /ros2_test/AD_Middle_Test/ros2/install/test_interfaces/include/test_interfaces/msg/dds_fastrtps\n'}
[0.510576] (test_interfaces) StdoutLine: {'line': b'-- Up-to-date: /ros2_test/AD_Middle_Test/ros2/install/test_interfaces/include/test_interfaces/msg/rosidl_typesupport_fastrtps_cpp__visibility_control.h\n'}
[0.510745] (test_interfaces) StdoutLine: {'line': b'-- Up-to-date: /ros2_test/AD_Middle_Test/ros2/install/test_interfaces/include/test_interfaces/msg/test__rosidl_typesupport_fastrtps_cpp.hpp\n'}
[0.510992] (test_interfaces) StdoutLine: {'line': b'-- Up-to-date: /ros2_test/AD_Middle_Test/ros2/install/test_interfaces/lib/libtest_interfaces__rosidl_typesupport_fastrtps_cpp.so\n'}
[0.511439] (test_interfaces) StdoutLine: {'line': b'-- Up-to-date: /ros2_test/AD_Middle_Test/ros2/install/test_interfaces/include/test_interfaces\n'}
[0.511588] (test_interfaces) StdoutLine: {'line': b'-- Up-to-date: /ros2_test/AD_Middle_Test/ros2/install/test_interfaces/include/test_interfaces/msg\n'}
[0.511727] (test_interfaces) StdoutLine: {'line': b'-- Up-to-date: /ros2_test/AD_Middle_Test/ros2/install/test_interfaces/include/test_interfaces/msg/rosidl_typesupport_introspection_c__visibility_control.h\n'}
[0.512151] (test_interfaces) StdoutLine: {'line': b'-- Up-to-date: /ros2_test/AD_Middle_Test/ros2/install/test_interfaces/include/test_interfaces/msg/detail\n'}
[0.512299] (test_interfaces) StdoutLine: {'line': b'-- Up-to-date: /ros2_test/AD_Middle_Test/ros2/install/test_interfaces/include/test_interfaces/msg/detail/test__type_support.c\n'}
[0.512481] (test_interfaces) StdoutLine: {'line': b'-- Up-to-date: /ros2_test/AD_Middle_Test/ros2/install/test_interfaces/include/test_interfaces/msg/detail/test__rosidl_typesupport_introspection_c.h\n'}
[0.512624] (test_interfaces) StdoutLine: {'line': b'-- Up-to-date: /ros2_test/AD_Middle_Test/ros2/install/test_interfaces/lib/libtest_interfaces__rosidl_typesupport_introspection_c.so\n'}
[0.512769] (test_interfaces) StdoutLine: {'line': b'-- Up-to-date: /ros2_test/AD_Middle_Test/ros2/install/test_interfaces/include/test_interfaces\n'}
[0.513225] (test_interfaces) StdoutLine: {'line': b'-- Up-to-date: /ros2_test/AD_Middle_Test/ros2/install/test_interfaces/include/test_interfaces/msg\n'}
[0.513391] (test_interfaces) StdoutLine: {'line': b'-- Up-to-date: /ros2_test/AD_Middle_Test/ros2/install/test_interfaces/include/test_interfaces/msg/detail\n'}
[0.513713] (test_interfaces) StdoutLine: {'line': b'-- Up-to-date: /ros2_test/AD_Middle_Test/ros2/install/test_interfaces/include/test_interfaces/msg/detail/test__type_support.cpp\n'}
[0.513872] (test_interfaces) StdoutLine: {'line': b'-- Up-to-date: /ros2_test/AD_Middle_Test/ros2/install/test_interfaces/include/test_interfaces/msg/detail/test__rosidl_typesupport_introspection_cpp.hpp\n'}
[0.514177] (test_interfaces) StdoutLine: {'line': b'-- Up-to-date: /ros2_test/AD_Middle_Test/ros2/install/test_interfaces/lib/libtest_interfaces__rosidl_typesupport_introspection_cpp.so\n'}
[0.514573] (test_interfaces) StdoutLine: {'line': b'-- Up-to-date: /ros2_test/AD_Middle_Test/ros2/install/test_interfaces/include/test_interfaces\n'}
[0.514741] (test_interfaces) StdoutLine: {'line': b'-- Up-to-date: /ros2_test/AD_Middle_Test/ros2/install/test_interfaces/include/test_interfaces/msg\n'}
[0.514892] (test_interfaces) StdoutLine: {'line': b'-- Up-to-date: /ros2_test/AD_Middle_Test/ros2/install/test_interfaces/include/test_interfaces/msg/detail\n'}
[0.515038] (test_interfaces) StdoutLine: {'line': b'-- Up-to-date: /ros2_test/AD_Middle_Test/ros2/install/test_interfaces/include/test_interfaces/msg/detail/test__functions.c\n'}
[0.515274] (test_interfaces) StdoutLine: {'line': b'-- Up-to-date: /ros2_test/AD_Middle_Test/ros2/install/test_interfaces/include/test_interfaces/msg/detail/test__struct.h\n'}
[0.515570] (test_interfaces) StdoutLine: {'line': b'-- Up-to-date: /ros2_test/AD_Middle_Test/ros2/install/test_interfaces/include/test_interfaces/msg/detail/test__functions.h\n'}
[0.515725] (test_interfaces) StdoutLine: {'line': b'-- Up-to-date: /ros2_test/AD_Middle_Test/ros2/install/test_interfaces/include/test_interfaces/msg/detail/test__type_support.h\n'}
[0.515871] (test_interfaces) StdoutLine: {'line': b'-- Up-to-date: /ros2_test/AD_Middle_Test/ros2/install/test_interfaces/include/test_interfaces/msg/test.h\n'}
[0.516013] (test_interfaces) StdoutLine: {'line': b'-- Up-to-date: /ros2_test/AD_Middle_Test/ros2/install/test_interfaces/include/test_interfaces/msg/rosidl_generator_c__visibility_control.h\n'}
[0.516301] (test_interfaces) StdoutLine: {'line': b'-- Up-to-date: /ros2_test/AD_Middle_Test/ros2/install/test_interfaces/lib/libtest_interfaces__rosidl_generator_c.so\n'}
[0.516446] (test_interfaces) StdoutLine: {'line': b'-- Up-to-date: /ros2_test/AD_Middle_Test/ros2/install/test_interfaces/include/test_interfaces\n'}
[0.516585] (test_interfaces) StdoutLine: {'line': b'-- Up-to-date: /ros2_test/AD_Middle_Test/ros2/install/test_interfaces/include/test_interfaces/msg\n'}
[0.516723] (test_interfaces) StdoutLine: {'line': b'-- Up-to-date: /ros2_test/AD_Middle_Test/ros2/install/test_interfaces/include/test_interfaces/msg/test.hpp\n'}
[0.516862] (test_interfaces) StdoutLine: {'line': b'-- Up-to-date: /ros2_test/AD_Middle_Test/ros2/install/test_interfaces/include/test_interfaces/msg/detail\n'}
[0.517151] (test_interfaces) StdoutLine: {'line': b'-- Up-to-date: /ros2_test/AD_Middle_Test/ros2/install/test_interfaces/include/test_interfaces/msg/detail/test__builder.hpp\n'}
[0.517292] (test_interfaces) StdoutLine: {'line': b'-- Up-to-date: /ros2_test/AD_Middle_Test/ros2/install/test_interfaces/include/test_interfaces/msg/detail/test__struct.hpp\n'}
[0.517430] (test_interfaces) StdoutLine: {'line': b'-- Up-to-date: /ros2_test/AD_Middle_Test/ros2/install/test_interfaces/include/test_interfaces/msg/detail/test__traits.hpp\n'}
[0.517567] (test_interfaces) StdoutLine: {'line': b'-- Up-to-date: /ros2_test/AD_Middle_Test/ros2/install/test_interfaces/share/test_interfaces/environment/pythonpath.sh\n'}
[0.517828] (test_interfaces) StdoutLine: {'line': b'-- Up-to-date: /ros2_test/AD_Middle_Test/ros2/install/test_interfaces/share/test_interfaces/environment/pythonpath.dsv\n'}
[0.518011] (test_interfaces) StdoutLine: {'line': b'-- Up-to-date: /ros2_test/AD_Middle_Test/ros2/install/test_interfaces/lib/python3.8/site-packages/test_interfaces/__init__.py\n'}
[0.571170] (test_interfaces) StdoutLine: {'line': b'-- Up-to-date: /ros2_test/AD_Middle_Test/ros2/install/test_interfaces/lib/python3.8/site-packages/test_interfaces/msg\n'}
[0.571472] (test_interfaces) StdoutLine: {'line': b'-- Up-to-date: /ros2_test/AD_Middle_Test/ros2/install/test_interfaces/lib/python3.8/site-packages/test_interfaces/msg/_test_s.c\n'}
[0.571626] (test_interfaces) StdoutLine: {'line': b'-- Up-to-date: /ros2_test/AD_Middle_Test/ros2/install/test_interfaces/lib/python3.8/site-packages/test_interfaces/msg/_test.py\n'}
[0.571770] (test_interfaces) StdoutLine: {'line': b'-- Up-to-date: /ros2_test/AD_Middle_Test/ros2/install/test_interfaces/lib/python3.8/site-packages/test_interfaces/msg/__init__.py\n'}
[0.572102] (test_interfaces) StdoutLine: {'line': b'-- Up-to-date: /ros2_test/AD_Middle_Test/ros2/install/test_interfaces/lib/python3.8/site-packages/test_interfaces/test_interfaces_s__rosidl_typesupport_fastrtps_c.cpython-38-x86_64-linux-gnu.so\n'}
[0.573162] (test_interfaces) StdoutLine: {'line': b'-- Up-to-date: /ros2_test/AD_Middle_Test/ros2/install/test_interfaces/lib/python3.8/site-packages/test_interfaces/test_interfaces_s__rosidl_typesupport_introspection_c.cpython-38-x86_64-linux-gnu.so\n'}
[0.574344] (test_interfaces) StdoutLine: {'line': b'-- Up-to-date: /ros2_test/AD_Middle_Test/ros2/install/test_interfaces/lib/python3.8/site-packages/test_interfaces/test_interfaces_s__rosidl_typesupport_c.cpython-38-x86_64-linux-gnu.so\n'}
[0.575138] (test_interfaces) StdoutLine: {'line': b'-- Up-to-date: /ros2_test/AD_Middle_Test/ros2/install/test_interfaces/lib/libtest_interfaces__python.so\n'}
[0.575433] (test_interfaces) StdoutLine: {'line': b'-- Up-to-date: /ros2_test/AD_Middle_Test/ros2/install/test_interfaces/share/test_interfaces/msg/Test.idl\n'}
[0.575689] (test_interfaces) StdoutLine: {'line': b'-- Up-to-date: /ros2_test/AD_Middle_Test/ros2/install/test_interfaces/share/test_interfaces/msg/Test.msg\n'}
[0.575927] (test_interfaces) StdoutLine: {'line': b'-- Up-to-date: /ros2_test/AD_Middle_Test/ros2/install/test_interfaces/share/ament_index/resource_index/package_run_dependencies/test_interfaces\n'}
[0.576367] (test_interfaces) StdoutLine: {'line': b'-- Up-to-date: /ros2_test/AD_Middle_Test/ros2/install/test_interfaces/share/ament_index/resource_index/parent_prefix_path/test_interfaces\n'}
[0.576613] (test_interfaces) StdoutLine: {'line': b'-- Up-to-date: /ros2_test/AD_Middle_Test/ros2/install/test_interfaces/share/test_interfaces/environment/ament_prefix_path.sh\n'}
[0.576962] (test_interfaces) StdoutLine: {'line': b'-- Up-to-date: /ros2_test/AD_Middle_Test/ros2/install/test_interfaces/share/test_interfaces/environment/ament_prefix_path.dsv\n'}
[0.577209] (test_interfaces) StdoutLine: {'line': b'-- Up-to-date: /ros2_test/AD_Middle_Test/ros2/install/test_interfaces/share/test_interfaces/environment/path.sh\n'}
[0.577419] (test_interfaces) StdoutLine: {'line': b'-- Up-to-date: /ros2_test/AD_Middle_Test/ros2/install/test_interfaces/share/test_interfaces/environment/path.dsv\n'}
[0.577798] (test_interfaces) StdoutLine: {'line': b'-- Up-to-date: /ros2_test/AD_Middle_Test/ros2/install/test_interfaces/share/test_interfaces/local_setup.bash\n'}
[0.577951] (test_interfaces) StdoutLine: {'line': b'-- Up-to-date: /ros2_test/AD_Middle_Test/ros2/install/test_interfaces/share/test_interfaces/local_setup.sh\n'}
[0.578095] (test_interfaces) StdoutLine: {'line': b'-- Up-to-date: /ros2_test/AD_Middle_Test/ros2/install/test_interfaces/share/test_interfaces/local_setup.zsh\n'}
[0.578235] (test_interfaces) StdoutLine: {'line': b'-- Up-to-date: /ros2_test/AD_Middle_Test/ros2/install/test_interfaces/share/test_interfaces/local_setup.dsv\n'}
[0.578532] (test_interfaces) StdoutLine: {'line': b'-- Installing: /ros2_test/AD_Middle_Test/ros2/install/test_interfaces/share/test_interfaces/package.dsv\n'}
[0.578688] (test_interfaces) StdoutLine: {'line': b'-- Up-to-date: /ros2_test/AD_Middle_Test/ros2/install/test_interfaces/share/ament_index/resource_index/packages/test_interfaces\n'}
[0.578833] (test_interfaces) StdoutLine: {'line': b'-- Up-to-date: /ros2_test/AD_Middle_Test/ros2/install/test_interfaces/share/test_interfaces/cmake/rosidl_cmake-extras.cmake\n'}
[0.578977] (test_interfaces) StdoutLine: {'line': b'-- Up-to-date: /ros2_test/AD_Middle_Test/ros2/install/test_interfaces/share/test_interfaces/cmake/ament_cmake_export_dependencies-extras.cmake\n'}
[0.579798] (test_interfaces) StdoutLine: {'line': b'-- Up-to-date: /ros2_test/AD_Middle_Test/ros2/install/test_interfaces/share/test_interfaces/cmake/ament_cmake_export_libraries-extras.cmake\n'}
[0.581367] (test_interfaces) StdoutLine: {'line': b'-- Up-to-date: /ros2_test/AD_Middle_Test/ros2/install/test_interfaces/share/test_interfaces/cmake/ament_cmake_export_include_directories-extras.cmake\n'}
[0.581776] (test_interfaces) StdoutLine: {'line': b'-- Up-to-date: /ros2_test/AD_Middle_Test/ros2/install/test_interfaces/share/test_interfaces/cmake/rosidl_cmake_export_typesupport_libraries-extras.cmake\n'}
[0.582097] (test_interfaces) StdoutLine: {'line': b'-- Up-to-date: /ros2_test/AD_Middle_Test/ros2/install/test_interfaces/share/test_interfaces/cmake/test_interfacesConfig.cmake\n'}
[0.582357] (test_interfaces) StdoutLine: {'line': b'-- Up-to-date: /ros2_test/AD_Middle_Test/ros2/install/test_interfaces/share/test_interfaces/cmake/test_interfacesConfig-version.cmake\n'}
[0.582651] (test_interfaces) StdoutLine: {'line': b'-- Up-to-date: /ros2_test/AD_Middle_Test/ros2/install/test_interfaces/share/test_interfaces/package.xml\n'}
[0.582884] (test_interfaces) CommandEnded: {'returncode': 0}
[0.601454] (-) TimerEvent: {}
[0.609926] (test_interfaces) JobEnded: {'identifier': 'test_interfaces', 'rc': 0}
[0.615467] (simple_s) JobStarted: {'identifier': 'simple_s'}
[0.630778] (simple_s) JobProgress: {'identifier': 'simple_s', 'progress': 'cmake'}
[0.631827] (simple_s) JobProgress: {'identifier': 'simple_s', 'progress': 'build'}
[0.633729] (simple_s) Command: {'cmd': ['/usr/bin/cmake', '--build', '/ros2_test/AD_Middle_Test/ros2/build/simple_s', '--', '-j4', '-l4'], 'cwd': '/ros2_test/AD_Middle_Test/ros2/build/simple_s', 'env': OrderedDict([('LESSOPEN', '| /usr/bin/lesspipe %s'), ('HOSTNAME', '3d2cb9766238'), ('ROS_PACKAGE_PATH', '/opt/ros/foxy/share'), ('SHLVL', '1'), ('LD_LIBRARY_PATH', '/ros2_test/AD_Middle_Test/ros2/install/test_interfaces/lib:/ros2_test/AD_Middle_Test/ros2/src/install/test_interfaces/lib:/ros2_test/AD_Middle_Test/ros2/src/install/turtlesim/lib:/ros2_test/AD_Middle_Test/ros2/install/turtlesim/lib:/opt/ros/foxy/opt/yaml_cpp_vendor/lib:/opt/ros/foxy/opt/rviz_ogre_vendor/lib:/opt/ros/foxy/lib'), ('HOME', '/root'), ('OLDPWD', '/ros2_test/AD_Middle_Test/ros2/src/simple_s'), ('ROS_PYTHON_VERSION', '3'), ('COLCON_PREFIX_PATH', '/ros2_test/AD_Middle_Test/ros2/install:/ros2_test/AD_Middle_Test/ros2/src/install:/opt/ros/foxy'), ('ROS_DISTRO', 'foxy'), ('_', '/usr/bin/colcon'), ('ROS_VERSION', '2'), ('PKG_CONFIG_PATH', '/opt/ros/foxy/lib/x86_64-linux-gnu/pkgconfig:/opt/ros/foxy/lib/pkgconfig'), ('TERM', 'xterm'), ('ROS_LOCALHOST_ONLY', '0'), ('PATH', '/opt/ros/foxy/bin:/usr/local/sbin:/usr/local/bin:/usr/sbin:/usr/bin:/sbin:/bin'), ('LANG', 'C.UTF-8'), ('LS_COLORS', 'rs=0:di=01;34:ln=01;36:mh=00:pi=40;33:so=01;35:do=01;35:bd=40;33;01:cd=40;33;01:or=40;31;01:mi=00:su=37;41:sg=30;43:ca=30;41:tw=30;42:ow=34;42:st=37;44:ex=01;32:*.tar=01;31:*.tgz=01;31:*.arc=01;31:*.arj=01;31:*.taz=01;31:*.lha=01;31:*.lz4=01;31:*.lzh=01;31:*.lzma=01;31:*.tlz=01;31:*.txz=01;31:*.tzo=01;31:*.t7z=01;31:*.zip=01;31:*.z=01;31:*.dz=01;31:*.gz=01;31:*.lrz=01;31:*.lz=01;31:*.lzo=01;31:*.xz=01;31:*.zst=01;31:*.tzst=01;31:*.bz2=01;31:*.bz=01;31:*.tbz=01;31:*.tbz2=01;31:*.tz=01;31:*.deb=01;31:*.rpm=01;31:*.jar=01;31:*.war=01;31:*.ear=01;31:*.sar=01;31:*.rar=01;31:*.alz=01;31:*.ace=01;31:*.zoo=01;31:*.cpio=01;31:*.7z=01;31:*.rz=01;31:*.cab=01;31:*.wim=01;31:*.swm=01;31:*.dwm=01;31:*.esd=01;31:*.jpg=01;35:*.jpeg=01;35:*.mjpg=01;35:*.mjpeg=01;35:*.gif=01;35:*.bmp=01;35:*.pbm=01;35:*.pgm=01;35:*.ppm=01;35:*.tga=01;35:*.xbm=01;35:*.xpm=01;35:*.tif=01;35:*.tiff=01;35:*.png=01;35:*.svg=01;35:*.svgz=01;35:*.mng=01;35:*.pcx=01;35:*.mov=01;35:*.mpg=01;35:*.mpeg=01;35:*.m2v=01;35:*.mkv=01;35:*.webm=01;35:*.ogm=01;35:*.mp4=01;35:*.m4v=01;35:*.mp4v=01;35:*.vob=01;35:*.qt=01;35:*.nuv=01;35:*.wmv=01;35:*.asf=01;35:*.rm=01;35:*.rmvb=01;35:*.flc=01;35:*.avi=01;35:*.fli=01;35:*.flv=01;35:*.gl=01;35:*.dl=01;35:*.xcf=01;35:*.xwd=01;35:*.yuv=01;35:*.cgm=01;35:*.emf=01;35:*.ogv=01;35:*.ogx=01;35:*.aac=00;36:*.au=00;36:*.flac=00;36:*.m4a=00;36:*.mid=00;36:*.midi=00;36:*.mka=00;36:*.mp3=00;36:*.mpc=00;36:*.ogg=00;36:*.ra=00;36:*.wav=00;36:*.oga=00;36:*.opus=00;36:*.spx=00;36:*.xspf=00;36:'), ('ROSDISTRO_INDEX_URL', 'https://raw.githubusercontent.com/osrf/docker_images/master/ros2/nightly/nightly/index-v4.yaml'), ('AMENT_PREFIX_PATH', '/ros2_test/AD_Middle_Test/ros2/install/test_interfaces:/ros2_test/AD_Middle_Test/ros2/src/install/test_interfaces:/ros2_test/AD_Middle_Test/ros2/src/install/turtlesim:/ros2_test/AD_Middle_Test/ros2/src/install/simple_s:/ros2_test/AD_Middle_Test/ros2/install/simple_s:/ros2_test/AD_Middle_Test/ros2/install/turtlesim:/opt/ros/foxy'), ('LESSCLOSE', '/usr/bin/lesspipe %s %s'), ('PWD', '/ros2_test/AD_Middle_Test/ros2/build/simple_s'), ('LC_ALL', 'C.UTF-8'), ('PYTHONPATH', '/ros2_test/AD_Middle_Test/ros2/install/test_interfaces/lib/python3.8/site-packages:/ros2_test/AD_Middle_Test/ros2/src/install/test_interfaces/lib/python3.8/site-packages:/ros2_test/AD_Middle_Test/ros2/src/install/turtlesim/lib/python3.8/site-packages:/ros2_test/AD_Middle_Test/ros2/install/turtlesim/lib/python3.8/site-packages:/opt/ros/foxy/lib/python3.8/site-packages'), ('COLCON', '1'), ('CMAKE_PREFIX_PATH', '/ros2_test/AD_Middle_Test/ros2/install/test_interfaces:/ros2_test/AD_Middle_Test/ros2/src/install/test_interfaces:/ros2_test/AD_Middle_Test/ros2/src/install/turtlesim:/ros2_test/AD_Middle_Test/ros2/src/install/simple_s:/ros2_test/AD_Middle_Test/ros2/install/simple_s:/ros2_test/AD_Middle_Test/ros2/install/turtlesim:/opt/ros/foxy')]), 'shell': False}
[0.695860] (simple_s) StdoutLine: {'line': b'\x1b[35m\x1b[1mScanning dependencies of target talker\x1b[0m\n'}
[0.696187] (simple_s) StdoutLine: {'line': b'\x1b[35m\x1b[1mScanning dependencies of target listener\x1b[0m\n'}
[0.701665] (-) TimerEvent: {}
[0.706631] (turtlesim) JobProgress: {'identifier': 'turtlesim', 'progress': 'install'}
[0.706898] (turtlesim) Command: {'cmd': ['/usr/bin/cmake', '--install', '/ros2_test/AD_Middle_Test/ros2/build/turtlesim'], 'cwd': '/ros2_test/AD_Middle_Test/ros2/build/turtlesim', 'env': OrderedDict([('LESSOPEN', '| /usr/bin/lesspipe %s'), ('HOSTNAME', '3d2cb9766238'), ('ROS_PACKAGE_PATH', '/opt/ros/foxy/share'), ('SHLVL', '1'), ('LD_LIBRARY_PATH', '/ros2_test/AD_Middle_Test/ros2/install/test_interfaces/lib:/ros2_test/AD_Middle_Test/ros2/src/install/test_interfaces/lib:/ros2_test/AD_Middle_Test/ros2/src/install/turtlesim/lib:/ros2_test/AD_Middle_Test/ros2/install/turtlesim/lib:/opt/ros/foxy/opt/yaml_cpp_vendor/lib:/opt/ros/foxy/opt/rviz_ogre_vendor/lib:/opt/ros/foxy/lib'), ('HOME', '/root'), ('OLDPWD', '/ros2_test/AD_Middle_Test/ros2/src/simple_s'), ('ROS_PYTHON_VERSION', '3'), ('COLCON_PREFIX_PATH', '/ros2_test/AD_Middle_Test/ros2/install:/ros2_test/AD_Middle_Test/ros2/src/install:/opt/ros/foxy'), ('ROS_DISTRO', 'foxy'), ('_', '/usr/bin/colcon'), ('ROS_VERSION', '2'), ('PKG_CONFIG_PATH', '/opt/ros/foxy/lib/x86_64-linux-gnu/pkgconfig:/opt/ros/foxy/lib/pkgconfig'), ('TERM', 'xterm'), ('ROS_LOCALHOST_ONLY', '0'), ('PATH', '/opt/ros/foxy/bin:/usr/local/sbin:/usr/local/bin:/usr/sbin:/usr/bin:/sbin:/bin'), ('LANG', 'C.UTF-8'), ('LS_COLORS', 'rs=0:di=01;34:ln=01;36:mh=00:pi=40;33:so=01;35:do=01;35:bd=40;33;01:cd=40;33;01:or=40;31;01:mi=00:su=37;41:sg=30;43:ca=30;41:tw=30;42:ow=34;42:st=37;44:ex=01;32:*.tar=01;31:*.tgz=01;31:*.arc=01;31:*.arj=01;31:*.taz=01;31:*.lha=01;31:*.lz4=01;31:*.lzh=01;31:*.lzma=01;31:*.tlz=01;31:*.txz=01;31:*.tzo=01;31:*.t7z=01;31:*.zip=01;31:*.z=01;31:*.dz=01;31:*.gz=01;31:*.lrz=01;31:*.lz=01;31:*.lzo=01;31:*.xz=01;31:*.zst=01;31:*.tzst=01;31:*.bz2=01;31:*.bz=01;31:*.tbz=01;31:*.tbz2=01;31:*.tz=01;31:*.deb=01;31:*.rpm=01;31:*.jar=01;31:*.war=01;31:*.ear=01;31:*.sar=01;31:*.rar=01;31:*.alz=01;31:*.ace=01;31:*.zoo=01;31:*.cpio=01;31:*.7z=01;31:*.rz=01;31:*.cab=01;31:*.wim=01;31:*.swm=01;31:*.dwm=01;31:*.esd=01;31:*.jpg=01;35:*.jpeg=01;35:*.mjpg=01;35:*.mjpeg=01;35:*.gif=01;35:*.bmp=01;35:*.pbm=01;35:*.pgm=01;35:*.ppm=01;35:*.tga=01;35:*.xbm=01;35:*.xpm=01;35:*.tif=01;35:*.tiff=01;35:*.png=01;35:*.svg=01;35:*.svgz=01;35:*.mng=01;35:*.pcx=01;35:*.mov=01;35:*.mpg=01;35:*.mpeg=01;35:*.m2v=01;35:*.mkv=01;35:*.webm=01;35:*.ogm=01;35:*.mp4=01;35:*.m4v=01;35:*.mp4v=01;35:*.vob=01;35:*.qt=01;35:*.nuv=01;35:*.wmv=01;35:*.asf=01;35:*.rm=01;35:*.rmvb=01;35:*.flc=01;35:*.avi=01;35:*.fli=01;35:*.flv=01;35:*.gl=01;35:*.dl=01;35:*.xcf=01;35:*.xwd=01;35:*.yuv=01;35:*.cgm=01;35:*.emf=01;35:*.ogv=01;35:*.ogx=01;35:*.aac=00;36:*.au=00;36:*.flac=00;36:*.m4a=00;36:*.mid=00;36:*.midi=00;36:*.mka=00;36:*.mp3=00;36:*.mpc=00;36:*.ogg=00;36:*.ra=00;36:*.wav=00;36:*.oga=00;36:*.opus=00;36:*.spx=00;36:*.xspf=00;36:'), ('ROSDISTRO_INDEX_URL', 'https://raw.githubusercontent.com/osrf/docker_images/master/ros2/nightly/nightly/index-v4.yaml'), ('AMENT_PREFIX_PATH', '/ros2_test/AD_Middle_Test/ros2/install/test_interfaces:/ros2_test/AD_Middle_Test/ros2/src/install/test_interfaces:/ros2_test/AD_Middle_Test/ros2/src/install/turtlesim:/ros2_test/AD_Middle_Test/ros2/src/install/simple_s:/ros2_test/AD_Middle_Test/ros2/install/simple_s:/ros2_test/AD_Middle_Test/ros2/install/turtlesim:/opt/ros/foxy'), ('LESSCLOSE', '/usr/bin/lesspipe %s %s'), ('PWD', '/ros2_test/AD_Middle_Test/ros2/build/turtlesim'), ('LC_ALL', 'C.UTF-8'), ('PYTHONPATH', '/ros2_test/AD_Middle_Test/ros2/install/test_interfaces/lib/python3.8/site-packages:/ros2_test/AD_Middle_Test/ros2/src/install/test_interfaces/lib/python3.8/site-packages:/ros2_test/AD_Middle_Test/ros2/src/install/turtlesim/lib/python3.8/site-packages:/ros2_test/AD_Middle_Test/ros2/install/turtlesim/lib/python3.8/site-packages:/opt/ros/foxy/lib/python3.8/site-packages'), ('COLCON', '1'), ('CMAKE_PREFIX_PATH', '/ros2_test/AD_Middle_Test/ros2/install/test_interfaces:/ros2_test/AD_Middle_Test/ros2/src/install/test_interfaces:/ros2_test/AD_Middle_Test/ros2/src/install/turtlesim:/ros2_test/AD_Middle_Test/ros2/src/install/simple_s:/ros2_test/AD_Middle_Test/ros2/install/simple_s:/ros2_test/AD_Middle_Test/ros2/install/turtlesim:/opt/ros/foxy')]), 'shell': False}
[0.721430] (simple_s) StdoutLine: {'line': b'[ 33%] Built target intra_pipe\n'}
[0.723137] (turtlesim) StdoutLine: {'line': b'-- Install configuration: ""\n'}
[0.723405] (turtlesim) StdoutLine: {'line': b'-- Up-to-date: /ros2_test/AD_Middle_Test/ros2/install/turtlesim/share/ament_index/resource_index/rosidl_interfaces/turtlesim\n'}
[0.723698] (turtlesim) StdoutLine: {'line': b'-- Up-to-date: /ros2_test/AD_Middle_Test/ros2/install/turtlesim/lib/libturtlesim__rosidl_typesupport_c.so\n'}
[0.724122] (turtlesim) StdoutLine: {'line': b'-- Up-to-date: /ros2_test/AD_Middle_Test/ros2/install/turtlesim/share/turtlesim/environment/library_path.sh\n'}
[0.724339] (turtlesim) StdoutLine: {'line': b'-- Up-to-date: /ros2_test/AD_Middle_Test/ros2/install/turtlesim/share/turtlesim/environment/library_path.dsv\n'}
[0.724564] (turtlesim) StdoutLine: {'line': b'-- Up-to-date: /ros2_test/AD_Middle_Test/ros2/install/turtlesim/lib/libturtlesim__rosidl_typesupport_cpp.so\n'}
[0.724950] (turtlesim) StdoutLine: {'line': b'-- Up-to-date: /ros2_test/AD_Middle_Test/ros2/install/turtlesim/include/turtlesim\n'}
[0.725186] (turtlesim) StdoutLine: {'line': b'-- Up-to-date: /ros2_test/AD_Middle_Test/ros2/install/turtlesim/include/turtlesim/msg\n'}
[0.725335] (turtlesim) StdoutLine: {'line': b'-- Up-to-date: /ros2_test/AD_Middle_Test/ros2/install/turtlesim/include/turtlesim/msg/rosidl_typesupport_introspection_c__visibility_control.h\n'}
[0.725479] (turtlesim) StdoutLine: {'line': b'-- Up-to-date: /ros2_test/AD_Middle_Test/ros2/install/turtlesim/include/turtlesim/msg/detail\n'}
[0.725621] (turtlesim) StdoutLine: {'line': b'-- Up-to-date: /ros2_test/AD_Middle_Test/ros2/install/turtlesim/include/turtlesim/msg/detail/pose__type_support.c\n'}
[0.725763] (turtlesim) StdoutLine: {'line': b'-- Up-to-date: /ros2_test/AD_Middle_Test/ros2/install/turtlesim/include/turtlesim/msg/detail/pose__rosidl_typesupport_introspection_c.h\n'}
[0.726054] (turtlesim) StdoutLine: {'line': b'-- Up-to-date: /ros2_test/AD_Middle_Test/ros2/install/turtlesim/include/turtlesim/msg/detail/color__rosidl_typesupport_introspection_c.h\n'}
[0.726206] (turtlesim) StdoutLine: {'line': b'-- Up-to-date: /ros2_test/AD_Middle_Test/ros2/install/turtlesim/include/turtlesim/msg/detail/color__type_support.c\n'}
[0.726350] (turtlesim) StdoutLine: {'line': b'-- Up-to-date: /ros2_test/AD_Middle_Test/ros2/install/turtlesim/include/turtlesim/srv\n'}
[0.726493] (turtlesim) StdoutLine: {'line': b'-- Up-to-date: /ros2_test/AD_Middle_Test/ros2/install/turtlesim/include/turtlesim/srv/detail\n'}
[0.726635] (turtlesim) StdoutLine: {'line': b'-- Up-to-date: /ros2_test/AD_Middle_Test/ros2/install/turtlesim/include/turtlesim/srv/detail/set_pen__rosidl_typesupport_introspection_c.h\n'}
[0.726776] (turtlesim) StdoutLine: {'line': b'-- Up-to-date: /ros2_test/AD_Middle_Test/ros2/install/turtlesim/include/turtlesim/srv/detail/teleport_absolute__rosidl_typesupport_introspection_c.h\n'}
[0.726919] (turtlesim) StdoutLine: {'line': b'-- Up-to-date: /ros2_test/AD_Middle_Test/ros2/install/turtlesim/include/turtlesim/srv/detail/set_pen__type_support.c\n'}
[0.727060] (turtlesim) StdoutLine: {'line': b'-- Up-to-date: /ros2_test/AD_Middle_Test/ros2/install/turtlesim/include/turtlesim/srv/detail/teleport_relative__type_support.c\n'}
[0.727201] (turtlesim) StdoutLine: {'line': b'-- Up-to-date: /ros2_test/AD_Middle_Test/ros2/install/turtlesim/include/turtlesim/srv/detail/spawn__type_support.c\n'}
[0.727360] (turtlesim) StdoutLine: {'line': b'-- Up-to-date: /ros2_test/AD_Middle_Test/ros2/install/turtlesim/include/turtlesim/srv/detail/teleport_absolute__type_support.c\n'}
[0.727511] (turtlesim) StdoutLine: {'line': b'-- Up-to-date: /ros2_test/AD_Middle_Test/ros2/install/turtlesim/include/turtlesim/srv/detail/kill__type_support.c\n'}
[0.727654] (turtlesim) StdoutLine: {'line': b'-- Up-to-date: /ros2_test/AD_Middle_Test/ros2/install/turtlesim/include/turtlesim/srv/detail/teleport_relative__rosidl_typesupport_introspection_c.h\n'}
[0.727795] (turtlesim) StdoutLine: {'line': b'-- Up-to-date: /ros2_test/AD_Middle_Test/ros2/install/turtlesim/include/turtlesim/srv/detail/kill__rosidl_typesupport_introspection_c.h\n'}
[0.727947] (turtlesim) StdoutLine: {'line': b'-- Up-to-date: /ros2_test/AD_Middle_Test/ros2/install/turtlesim/include/turtlesim/srv/detail/spawn__rosidl_typesupport_introspection_c.h\n'}
[0.728088] (turtlesim) StdoutLine: {'line': b'-- Up-to-date: /ros2_test/AD_Middle_Test/ros2/install/turtlesim/include/turtlesim/action\n'}
[0.728229] (turtlesim) StdoutLine: {'line': b'-- Up-to-date: /ros2_test/AD_Middle_Test/ros2/install/turtlesim/include/turtlesim/action/detail\n'}
[0.728369] (turtlesim) StdoutLine: {'line': b'-- Up-to-date: /ros2_test/AD_Middle_Test/ros2/install/turtlesim/include/turtlesim/action/detail/rotate_absolute__rosidl_typesupport_introspection_c.h\n'}
[0.728515] (turtlesim) StdoutLine: {'line': b'-- Up-to-date: /ros2_test/AD_Middle_Test/ros2/install/turtlesim/include/turtlesim/action/detail/rotate_absolute__type_support.c\n'}
[0.728939] (turtlesim) StdoutLine: {'line': b'-- Up-to-date: /ros2_test/AD_Middle_Test/ros2/install/turtlesim/lib/libturtlesim__rosidl_typesupport_introspection_c.so\n'}
[0.729092] (turtlesim) StdoutLine: {'line': b'-- Up-to-date: /ros2_test/AD_Middle_Test/ros2/install/turtlesim/include/turtlesim\n'}
[0.729235] (turtlesim) StdoutLine: {'line': b'-- Up-to-date: /ros2_test/AD_Middle_Test/ros2/install/turtlesim/include/turtlesim/msg\n'}
[0.729378] (turtlesim) StdoutLine: {'line': b'-- Up-to-date: /ros2_test/AD_Middle_Test/ros2/install/turtlesim/include/turtlesim/msg/detail\n'}
[0.729520] (turtlesim) StdoutLine: {'line': b'-- Up-to-date: /ros2_test/AD_Middle_Test/ros2/install/turtlesim/include/turtlesim/msg/detail/color__type_support.cpp\n'}
[0.729662] (turtlesim) StdoutLine: {'line': b'-- Up-to-date: /ros2_test/AD_Middle_Test/ros2/install/turtlesim/include/turtlesim/msg/detail/color__rosidl_typesupport_introspection_cpp.hpp\n'}
[0.729803] (turtlesim) StdoutLine: {'line': b'-- Up-to-date: /ros2_test/AD_Middle_Test/ros2/install/turtlesim/include/turtlesim/msg/detail/pose__type_support.cpp\n'}
[0.729944] (turtlesim) StdoutLine: {'line': b'-- Up-to-date: /ros2_test/AD_Middle_Test/ros2/install/turtlesim/include/turtlesim/msg/detail/pose__rosidl_typesupport_introspection_cpp.hpp\n'}
[0.730085] (turtlesim) StdoutLine: {'line': b'-- Up-to-date: /ros2_test/AD_Middle_Test/ros2/install/turtlesim/include/turtlesim/srv\n'}
[0.730226] (turtlesim) StdoutLine: {'line': b'-- Up-to-date: /ros2_test/AD_Middle_Test/ros2/install/turtlesim/include/turtlesim/srv/detail\n'}
[0.730365] (turtlesim) StdoutLine: {'line': b'-- Up-to-date: /ros2_test/AD_Middle_Test/ros2/install/turtlesim/include/turtlesim/srv/detail/kill__type_support.cpp\n'}
[0.730506] (turtlesim) StdoutLine: {'line': b'-- Up-to-date: /ros2_test/AD_Middle_Test/ros2/install/turtlesim/include/turtlesim/srv/detail/kill__rosidl_typesupport_introspection_cpp.hpp\n'}
[0.730646] (turtlesim) StdoutLine: {'line': b'-- Up-to-date: /ros2_test/AD_Middle_Test/ros2/install/turtlesim/include/turtlesim/srv/detail/teleport_relative__rosidl_typesupport_introspection_cpp.hpp\n'}
[0.730787] (turtlesim) StdoutLine: {'line': b'-- Up-to-date: /ros2_test/AD_Middle_Test/ros2/install/turtlesim/include/turtlesim/srv/detail/teleport_absolute__type_support.cpp\n'}
[0.730928] (turtlesim) StdoutLine: {'line': b'-- Up-to-date: /ros2_test/AD_Middle_Test/ros2/install/turtlesim/include/turtlesim/srv/detail/set_pen__type_support.cpp\n'}
[0.731068] (turtlesim) StdoutLine: {'line': b'-- Up-to-date: /ros2_test/AD_Middle_Test/ros2/install/turtlesim/include/turtlesim/srv/detail/spawn__rosidl_typesupport_introspection_cpp.hpp\n'}
[0.731208] (turtlesim) StdoutLine: {'line': b'-- Up-to-date: /ros2_test/AD_Middle_Test/ros2/install/turtlesim/include/turtlesim/srv/detail/spawn__type_support.cpp\n'}
[0.731359] (turtlesim) StdoutLine: {'line': b'-- Up-to-date: /ros2_test/AD_Middle_Test/ros2/install/turtlesim/include/turtlesim/srv/detail/teleport_absolute__rosidl_typesupport_introspection_cpp.hpp\n'}
[0.731501] (turtlesim) StdoutLine: {'line': b'-- Up-to-date: /ros2_test/AD_Middle_Test/ros2/install/turtlesim/include/turtlesim/srv/detail/teleport_relative__type_support.cpp\n'}
[0.731641] (turtlesim) StdoutLine: {'line': b'-- Up-to-date: /ros2_test/AD_Middle_Test/ros2/install/turtlesim/include/turtlesim/srv/detail/set_pen__rosidl_typesupport_introspection_cpp.hpp\n'}
[0.731782] (turtlesim) StdoutLine: {'line': b'-- Up-to-date: /ros2_test/AD_Middle_Test/ros2/install/turtlesim/include/turtlesim/action\n'}
[0.731922] (turtlesim) StdoutLine: {'line': b'-- Up-to-date: /ros2_test/AD_Middle_Test/ros2/install/turtlesim/include/turtlesim/action/detail\n'}
[0.732062] (turtlesim) StdoutLine: {'line': b'-- Up-to-date: /ros2_test/AD_Middle_Test/ros2/install/turtlesim/include/turtlesim/action/detail/rotate_absolute__rosidl_typesupport_introspection_cpp.hpp\n'}
[0.732217] (turtlesim) StdoutLine: {'line': b'-- Up-to-date: /ros2_test/AD_Middle_Test/ros2/install/turtlesim/include/turtlesim/action/detail/rotate_absolute__type_support.cpp\n'}
[0.732359] (turtlesim) StdoutLine: {'line': b'-- Up-to-date: /ros2_test/AD_Middle_Test/ros2/install/turtlesim/lib/libturtlesim__rosidl_typesupport_introspection_cpp.so\n'}
[0.732500] (turtlesim) StdoutLine: {'line': b'-- Up-to-date: /ros2_test/AD_Middle_Test/ros2/install/turtlesim/include/turtlesim\n'}
[0.732641] (turtlesim) StdoutLine: {'line': b'-- Up-to-date: /ros2_test/AD_Middle_Test/ros2/install/turtlesim/include/turtlesim/msg\n'}
[0.732781] (turtlesim) StdoutLine: {'line': b'-- Up-to-date: /ros2_test/AD_Middle_Test/ros2/install/turtlesim/include/turtlesim/msg/color__rosidl_typesupport_fastrtps_c.h\n'}
[0.732929] (turtlesim) StdoutLine: {'line': b'-- Up-to-date: /ros2_test/AD_Middle_Test/ros2/install/turtlesim/include/turtlesim/msg/pose__rosidl_typesupport_fastrtps_c.h\n'}
[0.733070] (turtlesim) StdoutLine: {'line': b'-- Up-to-date: /ros2_test/AD_Middle_Test/ros2/install/turtlesim/include/turtlesim/msg/rosidl_typesupport_fastrtps_c__visibility_control.h\n'}
[0.733211] (turtlesim) StdoutLine: {'line': b'-- Up-to-date: /ros2_test/AD_Middle_Test/ros2/install/turtlesim/include/turtlesim/srv\n'}
[0.733351] (turtlesim) StdoutLine: {'line': b'-- Up-to-date: /ros2_test/AD_Middle_Test/ros2/install/turtlesim/include/turtlesim/srv/teleport_absolute__rosidl_typesupport_fastrtps_c.h\n'}
[0.733490] (turtlesim) StdoutLine: {'line': b'-- Up-to-date: /ros2_test/AD_Middle_Test/ros2/install/turtlesim/include/turtlesim/srv/set_pen__rosidl_typesupport_fastrtps_c.h\n'}
[0.733630] (turtlesim) StdoutLine: {'line': b'-- Up-to-date: /ros2_test/AD_Middle_Test/ros2/install/turtlesim/include/turtlesim/srv/kill__rosidl_typesupport_fastrtps_c.h\n'}
[0.733770] (turtlesim) StdoutLine: {'line': b'-- Up-to-date: /ros2_test/AD_Middle_Test/ros2/install/turtlesim/include/turtlesim/srv/teleport_relative__rosidl_typesupport_fastrtps_c.h\n'}
[0.733911] (turtlesim) StdoutLine: {'line': b'-- Up-to-date: /ros2_test/AD_Middle_Test/ros2/install/turtlesim/include/turtlesim/srv/spawn__rosidl_typesupport_fastrtps_c.h\n'}
[0.734640] (turtlesim) StdoutLine: {'line': b'-- Up-to-date: /ros2_test/AD_Middle_Test/ros2/install/turtlesim/include/turtlesim/action\n'}
[0.735060] (turtlesim) StdoutLine: {'line': b'-- Up-to-date: /ros2_test/AD_Middle_Test/ros2/install/turtlesim/include/turtlesim/action/rotate_absolute__rosidl_typesupport_fastrtps_c.h\n'}
[0.735390] (turtlesim) StdoutLine: {'line': b'-- Up-to-date: /ros2_test/AD_Middle_Test/ros2/install/turtlesim/lib/libturtlesim__rosidl_typesupport_fastrtps_c.so\n'}
[0.735606] (turtlesim) StdoutLine: {'line': b'-- Up-to-date: /ros2_test/AD_Middle_Test/ros2/install/turtlesim/include/turtlesim\n'}
[0.735863] (turtlesim) StdoutLine: {'line': b'-- Up-to-date: /ros2_test/AD_Middle_Test/ros2/install/turtlesim/include/turtlesim/msg\n'}
[0.736009] (turtlesim) StdoutLine: {'line': b'-- Up-to-date: /ros2_test/AD_Middle_Test/ros2/install/turtlesim/include/turtlesim/msg/dds_fastrtps\n'}
[0.736152] (turtlesim) StdoutLine: {'line': b'-- Up-to-date: /ros2_test/AD_Middle_Test/ros2/install/turtlesim/include/turtlesim/msg/rosidl_typesupport_fastrtps_cpp__visibility_control.h\n'}
[0.736295] (turtlesim) StdoutLine: {'line': b'-- Up-to-date: /ros2_test/AD_Middle_Test/ros2/install/turtlesim/include/turtlesim/msg/pose__rosidl_typesupport_fastrtps_cpp.hpp\n'}
[0.736436] (turtlesim) StdoutLine: {'line': b'-- Up-to-date: /ros2_test/AD_Middle_Test/ros2/install/turtlesim/include/turtlesim/msg/color__rosidl_typesupport_fastrtps_cpp.hpp\n'}
[0.736576] (turtlesim) StdoutLine: {'line': b'-- Up-to-date: /ros2_test/AD_Middle_Test/ros2/install/turtlesim/include/turtlesim/srv\n'}
[0.736716] (turtlesim) StdoutLine: {'line': b'-- Up-to-date: /ros2_test/AD_Middle_Test/ros2/install/turtlesim/include/turtlesim/srv/dds_fastrtps\n'}
[0.736863] (turtlesim) StdoutLine: {'line': b'-- Up-to-date: /ros2_test/AD_Middle_Test/ros2/install/turtlesim/include/turtlesim/srv/set_pen__rosidl_typesupport_fastrtps_cpp.hpp\n'}
[0.737003] (turtlesim) StdoutLine: {'line': b'-- Up-to-date: /ros2_test/AD_Middle_Test/ros2/install/turtlesim/include/turtlesim/srv/teleport_absolute__rosidl_typesupport_fastrtps_cpp.hpp\n'}
[0.737143] (turtlesim) StdoutLine: {'line': b'-- Up-to-date: /ros2_test/AD_Middle_Test/ros2/install/turtlesim/include/turtlesim/srv/spawn__rosidl_typesupport_fastrtps_cpp.hpp\n'}
[0.737282] (turtlesim) StdoutLine: {'line': b'-- Up-to-date: /ros2_test/AD_Middle_Test/ros2/install/turtlesim/include/turtlesim/srv/teleport_relative__rosidl_typesupport_fastrtps_cpp.hpp\n'}
[0.737422] (turtlesim) StdoutLine: {'line': b'-- Up-to-date: /ros2_test/AD_Middle_Test/ros2/install/turtlesim/include/turtlesim/srv/kill__rosidl_typesupport_fastrtps_cpp.hpp\n'}
[0.737562] (turtlesim) StdoutLine: {'line': b'-- Up-to-date: /ros2_test/AD_Middle_Test/ros2/install/turtlesim/include/turtlesim/action\n'}
[0.737702] (turtlesim) StdoutLine: {'line': b'-- Up-to-date: /ros2_test/AD_Middle_Test/ros2/install/turtlesim/include/turtlesim/action/rotate_absolute__rosidl_typesupport_fastrtps_cpp.hpp\n'}
[0.737842] (turtlesim) StdoutLine: {'line': b'-- Up-to-date: /ros2_test/AD_Middle_Test/ros2/install/turtlesim/include/turtlesim/action/dds_fastrtps\n'}
[0.737982] (turtlesim) StdoutLine: {'line': b'-- Up-to-date: /ros2_test/AD_Middle_Test/ros2/install/turtlesim/lib/libturtlesim__rosidl_typesupport_fastrtps_cpp.so\n'}
[0.738126] (turtlesim) StdoutLine: {'line': b'-- Up-to-date: /ros2_test/AD_Middle_Test/ros2/install/turtlesim/include/turtlesim\n'}
[0.738268] (turtlesim) StdoutLine: {'line': b'-- Up-to-date: /ros2_test/AD_Middle_Test/ros2/install/turtlesim/include/turtlesim/msg\n'}
[0.738407] (turtlesim) StdoutLine: {'line': b'-- Up-to-date: /ros2_test/AD_Middle_Test/ros2/install/turtlesim/include/turtlesim/msg/color.h\n'}
[0.738547] (turtlesim) StdoutLine: {'line': b'-- Up-to-date: /ros2_test/AD_Middle_Test/ros2/install/turtlesim/include/turtlesim/msg/pose.h\n'}
[0.738686] (turtlesim) StdoutLine: {'line': b'-- Up-to-date: /ros2_test/AD_Middle_Test/ros2/install/turtlesim/include/turtlesim/msg/detail\n'}
[0.738835] (turtlesim) StdoutLine: {'line': b'-- Up-to-date: /ros2_test/AD_Middle_Test/ros2/install/turtlesim/include/turtlesim/msg/detail/color__functions.h\n'}
[0.738976] (turtlesim) StdoutLine: {'line': b'-- Up-to-date: /ros2_test/AD_Middle_Test/ros2/install/turtlesim/include/turtlesim/msg/detail/color__struct.h\n'}
[0.739163] (turtlesim) StdoutLine: {'line': b'-- Up-to-date: /ros2_test/AD_Middle_Test/ros2/install/turtlesim/include/turtlesim/msg/detail/color__type_support.h\n'}
[0.739458] (turtlesim) StdoutLine: {'line': b'-- Up-to-date: /ros2_test/AD_Middle_Test/ros2/install/turtlesim/include/turtlesim/msg/detail/pose__functions.c\n'}
[0.739650] (turtlesim) StdoutLine: {'line': b'-- Up-to-date: /ros2_test/AD_Middle_Test/ros2/install/turtlesim/include/turtlesim/msg/detail/pose__type_support.h\n'}
[0.739793] (turtlesim) StdoutLine: {'line': b'-- Up-to-date: /ros2_test/AD_Middle_Test/ros2/install/turtlesim/include/turtlesim/msg/detail/color__functions.c\n'}
[0.739934] (turtlesim) StdoutLine: {'line': b'-- Up-to-date: /ros2_test/AD_Middle_Test/ros2/install/turtlesim/include/turtlesim/msg/detail/pose__functions.h\n'}
[0.740075] (turtlesim) StdoutLine: {'line': b'-- Up-to-date: /ros2_test/AD_Middle_Test/ros2/install/turtlesim/include/turtlesim/msg/detail/pose__struct.h\n'}
[0.740215] (turtlesim) StdoutLine: {'line': b'-- Up-to-date: /ros2_test/AD_Middle_Test/ros2/install/turtlesim/include/turtlesim/msg/rosidl_generator_c__visibility_control.h\n'}
[0.740356] (turtlesim) StdoutLine: {'line': b'-- Up-to-date: /ros2_test/AD_Middle_Test/ros2/install/turtlesim/include/turtlesim/srv\n'}
[0.740496] (turtlesim) StdoutLine: {'line': b'-- Up-to-date: /ros2_test/AD_Middle_Test/ros2/install/turtlesim/include/turtlesim/srv/spawn.h\n'}
[0.740637] (turtlesim) StdoutLine: {'line': b'-- Up-to-date: /ros2_test/AD_Middle_Test/ros2/install/turtlesim/include/turtlesim/srv/detail\n'}
[0.740784] (turtlesim) StdoutLine: {'line': b'-- Up-to-date: /ros2_test/AD_Middle_Test/ros2/install/turtlesim/include/turtlesim/srv/detail/teleport_absolute__type_support.h\n'}
[0.740924] (turtlesim) StdoutLine: {'line': b'-- Up-to-date: /ros2_test/AD_Middle_Test/ros2/install/turtlesim/include/turtlesim/srv/detail/spawn__struct.h\n'}
[0.741065] (turtlesim) StdoutLine: {'line': b'-- Up-to-date: /ros2_test/AD_Middle_Test/ros2/install/turtlesim/include/turtlesim/srv/detail/kill__functions.c\n'}
[0.741204] (turtlesim) StdoutLine: {'line': b'-- Up-to-date: /ros2_test/AD_Middle_Test/ros2/install/turtlesim/include/turtlesim/srv/detail/spawn__functions.h\n'}
[0.741344] (turtlesim) StdoutLine: {'line': b'-- Up-to-date: /ros2_test/AD_Middle_Test/ros2/install/turtlesim/include/turtlesim/srv/detail/set_pen__functions.h\n'}
[0.741484] (turtlesim) StdoutLine: {'line': b'-- Up-to-date: /ros2_test/AD_Middle_Test/ros2/install/turtlesim/include/turtlesim/srv/detail/spawn__type_support.h\n'}
[0.741624] (turtlesim) StdoutLine: {'line': b'-- Up-to-date: /ros2_test/AD_Middle_Test/ros2/install/turtlesim/include/turtlesim/srv/detail/teleport_relative__functions.c\n'}
[0.741764] (turtlesim) StdoutLine: {'line': b'-- Up-to-date: /ros2_test/AD_Middle_Test/ros2/install/turtlesim/include/turtlesim/srv/detail/kill__functions.h\n'}
[0.741905] (turtlesim) StdoutLine: {'line': b'-- Up-to-date: /ros2_test/AD_Middle_Test/ros2/install/turtlesim/include/turtlesim/srv/detail/teleport_relative__type_support.h\n'}
[0.742044] (turtlesim) StdoutLine: {'line': b'-- Up-to-date: /ros2_test/AD_Middle_Test/ros2/install/turtlesim/include/turtlesim/srv/detail/kill__type_support.h\n'}
[0.742184] (turtlesim) StdoutLine: {'line': b'-- Up-to-date: /ros2_test/AD_Middle_Test/ros2/install/turtlesim/include/turtlesim/srv/detail/teleport_relative__functions.h\n'}
[0.742324] (turtlesim) StdoutLine: {'line': b'-- Up-to-date: /ros2_test/AD_Middle_Test/ros2/install/turtlesim/include/turtlesim/srv/detail/set_pen__struct.h\n'}
[0.742463] (turtlesim) StdoutLine: {'line': b'-- Up-to-date: /ros2_test/AD_Middle_Test/ros2/install/turtlesim/include/turtlesim/srv/detail/set_pen__functions.c\n'}
[0.742602] (turtlesim) StdoutLine: {'line': b'-- Up-to-date: /ros2_test/AD_Middle_Test/ros2/install/turtlesim/include/turtlesim/srv/detail/teleport_absolute__functions.h\n'}
[0.742742] (turtlesim) StdoutLine: {'line': b'-- Up-to-date: /ros2_test/AD_Middle_Test/ros2/install/turtlesim/include/turtlesim/srv/detail/teleport_absolute__struct.h\n'}
[0.742882] (turtlesim) StdoutLine: {'line': b'-- Up-to-date: /ros2_test/AD_Middle_Test/ros2/install/turtlesim/include/turtlesim/srv/detail/spawn__functions.c\n'}
[0.743021] (turtlesim) StdoutLine: {'line': b'-- Up-to-date: /ros2_test/AD_Middle_Test/ros2/install/turtlesim/include/turtlesim/srv/detail/teleport_absolute__functions.c\n'}
[0.743166] (turtlesim) StdoutLine: {'line': b'-- Up-to-date: /ros2_test/AD_Middle_Test/ros2/install/turtlesim/include/turtlesim/srv/detail/kill__struct.h\n'}
[0.743317] (turtlesim) StdoutLine: {'line': b'-- Up-to-date: /ros2_test/AD_Middle_Test/ros2/install/turtlesim/include/turtlesim/srv/detail/teleport_relative__struct.h\n'}
[0.743459] (turtlesim) StdoutLine: {'line': b'-- Up-to-date: /ros2_test/AD_Middle_Test/ros2/install/turtlesim/include/turtlesim/srv/detail/set_pen__type_support.h\n'}
[0.743599] (turtlesim) StdoutLine: {'line': b'-- Up-to-date: /ros2_test/AD_Middle_Test/ros2/install/turtlesim/include/turtlesim/srv/set_pen.h\n'}
[0.743748] (turtlesim) StdoutLine: {'line': b'-- Up-to-date: /ros2_test/AD_Middle_Test/ros2/install/turtlesim/include/turtlesim/srv/kill.h\n'}
[0.743888] (turtlesim) StdoutLine: {'line': b'-- Up-to-date: /ros2_test/AD_Middle_Test/ros2/install/turtlesim/include/turtlesim/srv/teleport_relative.h\n'}
[0.744028] (turtlesim) StdoutLine: {'line': b'-- Up-to-date: /ros2_test/AD_Middle_Test/ros2/install/turtlesim/include/turtlesim/srv/teleport_absolute.h\n'}
[0.744167] (turtlesim) StdoutLine: {'line': b'-- Up-to-date: /ros2_test/AD_Middle_Test/ros2/install/turtlesim/include/turtlesim/action\n'}
[0.744312] (turtlesim) StdoutLine: {'line': b'-- Up-to-date: /ros2_test/AD_Middle_Test/ros2/install/turtlesim/include/turtlesim/action/detail\n'}
[0.744451] (turtlesim) StdoutLine: {'line': b'-- Up-to-date: /ros2_test/AD_Middle_Test/ros2/install/turtlesim/include/turtlesim/action/detail/rotate_absolute__functions.h\n'}
[0.744592] (turtlesim) StdoutLine: {'line': b'-- Up-to-date: /ros2_test/AD_Middle_Test/ros2/install/turtlesim/include/turtlesim/action/detail/rotate_absolute__struct.h\n'}
[0.744731] (turtlesim) StdoutLine: {'line': b'-- Up-to-date: /ros2_test/AD_Middle_Test/ros2/install/turtlesim/include/turtlesim/action/detail/rotate_absolute__functions.c\n'}
[0.744871] (turtlesim) StdoutLine: {'line': b'-- Up-to-date: /ros2_test/AD_Middle_Test/ros2/install/turtlesim/include/turtlesim/action/detail/rotate_absolute__type_support.h\n'}
[0.745010] (turtlesim) StdoutLine: {'line': b'-- Up-to-date: /ros2_test/AD_Middle_Test/ros2/install/turtlesim/include/turtlesim/action/rotate_absolute.h\n'}
[0.745150] (turtlesim) StdoutLine: {'line': b'-- Up-to-date: /ros2_test/AD_Middle_Test/ros2/install/turtlesim/lib/libturtlesim__rosidl_generator_c.so\n'}
[0.745289] (turtlesim) StdoutLine: {'line': b'-- Up-to-date: /ros2_test/AD_Middle_Test/ros2/install/turtlesim/include/turtlesim\n'}
[0.745429] (turtlesim) StdoutLine: {'line': b'-- Up-to-date: /ros2_test/AD_Middle_Test/ros2/install/turtlesim/include/turtlesim/msg\n'}
[0.745568] (turtlesim) StdoutLine: {'line': b'-- Up-to-date: /ros2_test/AD_Middle_Test/ros2/install/turtlesim/include/turtlesim/msg/color.hpp\n'}
[0.745707] (turtlesim) StdoutLine: {'line': b'-- Up-to-date: /ros2_test/AD_Middle_Test/ros2/install/turtlesim/include/turtlesim/msg/detail\n'}
[0.745847] (turtlesim) StdoutLine: {'line': b'-- Up-to-date: /ros2_test/AD_Middle_Test/ros2/install/turtlesim/include/turtlesim/msg/detail/pose__traits.hpp\n'}
[0.745987] (turtlesim) StdoutLine: {'line': b'-- Up-to-date: /ros2_test/AD_Middle_Test/ros2/install/turtlesim/include/turtlesim/msg/detail/color__struct.hpp\n'}
[0.746126] (turtlesim) StdoutLine: {'line': b'-- Up-to-date: /ros2_test/AD_Middle_Test/ros2/install/turtlesim/include/turtlesim/msg/detail/pose__struct.hpp\n'}
[0.746266] (turtlesim) StdoutLine: {'line': b'-- Up-to-date: /ros2_test/AD_Middle_Test/ros2/install/turtlesim/include/turtlesim/msg/detail/color__builder.hpp\n'}
[0.746406] (turtlesim) StdoutLine: {'line': b'-- Up-to-date: /ros2_test/AD_Middle_Test/ros2/install/turtlesim/include/turtlesim/msg/detail/color__traits.hpp\n'}
[0.746545] (turtlesim) StdoutLine: {'line': b'-- Up-to-date: /ros2_test/AD_Middle_Test/ros2/install/turtlesim/include/turtlesim/msg/detail/pose__builder.hpp\n'}
[0.746684] (turtlesim) StdoutLine: {'line': b'-- Up-to-date: /ros2_test/AD_Middle_Test/ros2/install/turtlesim/include/turtlesim/msg/pose.hpp\n'}
[0.746824] (turtlesim) StdoutLine: {'line': b'-- Up-to-date: /ros2_test/AD_Middle_Test/ros2/install/turtlesim/include/turtlesim/srv\n'}
[0.746963] (turtlesim) StdoutLine: {'line': b'-- Up-to-date: /ros2_test/AD_Middle_Test/ros2/install/turtlesim/include/turtlesim/srv/teleport_absolute.hpp\n'}
[0.747102] (turtlesim) StdoutLine: {'line': b'-- Up-to-date: /ros2_test/AD_Middle_Test/ros2/install/turtlesim/include/turtlesim/srv/spawn.hpp\n'}
[0.747250] (turtlesim) StdoutLine: {'line': b'-- Up-to-date: /ros2_test/AD_Middle_Test/ros2/install/turtlesim/include/turtlesim/srv/kill.hpp\n'}
[0.747396] (turtlesim) StdoutLine: {'line': b'-- Up-to-date: /ros2_test/AD_Middle_Test/ros2/install/turtlesim/include/turtlesim/srv/teleport_relative.hpp\n'}
[0.747536] (turtlesim) StdoutLine: {'line': b'-- Up-to-date: /ros2_test/AD_Middle_Test/ros2/install/turtlesim/include/turtlesim/srv/detail\n'}
[0.747676] (turtlesim) StdoutLine: {'line': b'-- Up-to-date: /ros2_test/AD_Middle_Test/ros2/install/turtlesim/include/turtlesim/srv/detail/set_pen__traits.hpp\n'}
[0.747815] (turtlesim) StdoutLine: {'line': b'-- Up-to-date: /ros2_test/AD_Middle_Test/ros2/install/turtlesim/include/turtlesim/srv/detail/teleport_absolute__struct.hpp\n'}
[0.747961] (turtlesim) StdoutLine: {'line': b'-- Up-to-date: /ros2_test/AD_Middle_Test/ros2/install/turtlesim/include/turtlesim/srv/detail/spawn__traits.hpp\n'}
[0.748100] (turtlesim) StdoutLine: {'line': b'-- Up-to-date: /ros2_test/AD_Middle_Test/ros2/install/turtlesim/include/turtlesim/srv/detail/kill__builder.hpp\n'}
[0.748246] (turtlesim) StdoutLine: {'line': b'-- Up-to-date: /ros2_test/AD_Middle_Test/ros2/install/turtlesim/include/turtlesim/srv/detail/kill__struct.hpp\n'}
[0.748387] (turtlesim) StdoutLine: {'line': b'-- Up-to-date: /ros2_test/AD_Middle_Test/ros2/install/turtlesim/include/turtlesim/srv/detail/teleport_relative__builder.hpp\n'}
[0.748527] (turtlesim) StdoutLine: {'line': b'-- Up-to-date: /ros2_test/AD_Middle_Test/ros2/install/turtlesim/include/turtlesim/srv/detail/kill__traits.hpp\n'}
[0.748666] (turtlesim) StdoutLine: {'line': b'-- Up-to-date: /ros2_test/AD_Middle_Test/ros2/install/turtlesim/include/turtlesim/srv/detail/spawn__builder.hpp\n'}
[0.748814] (turtlesim) StdoutLine: {'line': b'-- Up-to-date: /ros2_test/AD_Middle_Test/ros2/install/turtlesim/include/turtlesim/srv/detail/teleport_relative__traits.hpp\n'}
[0.748955] (turtlesim) StdoutLine: {'line': b'-- Up-to-date: /ros2_test/AD_Middle_Test/ros2/install/turtlesim/include/turtlesim/srv/detail/spawn__struct.hpp\n'}
[0.749095] (turtlesim) StdoutLine: {'line': b'-- Up-to-date: /ros2_test/AD_Middle_Test/ros2/install/turtlesim/include/turtlesim/srv/detail/teleport_absolute__builder.hpp\n'}
[0.749235] (turtlesim) StdoutLine: {'line': b'-- Up-to-date: /ros2_test/AD_Middle_Test/ros2/install/turtlesim/include/turtlesim/srv/detail/teleport_absolute__traits.hpp\n'}
[0.749375] (turtlesim) StdoutLine: {'line': b'-- Up-to-date: /ros2_test/AD_Middle_Test/ros2/install/turtlesim/include/turtlesim/srv/detail/set_pen__builder.hpp\n'}
[0.749515] (turtlesim) StdoutLine: {'line': b'-- Up-to-date: /ros2_test/AD_Middle_Test/ros2/install/turtlesim/include/turtlesim/srv/detail/set_pen__struct.hpp\n'}
[0.749654] (turtlesim) StdoutLine: {'line': b'-- Up-to-date: /ros2_test/AD_Middle_Test/ros2/install/turtlesim/include/turtlesim/srv/detail/teleport_relative__struct.hpp\n'}
[0.749794] (turtlesim) StdoutLine: {'line': b'-- Up-to-date: /ros2_test/AD_Middle_Test/ros2/install/turtlesim/include/turtlesim/srv/set_pen.hpp\n'}
[0.749934] (turtlesim) StdoutLine: {'line': b'-- Up-to-date: /ros2_test/AD_Middle_Test/ros2/install/turtlesim/include/turtlesim/action\n'}
[0.750073] (turtlesim) StdoutLine: {'line': b'-- Up-to-date: /ros2_test/AD_Middle_Test/ros2/install/turtlesim/include/turtlesim/action/rotate_absolute.hpp\n'}
[0.750213] (turtlesim) StdoutLine: {'line': b'-- Up-to-date: /ros2_test/AD_Middle_Test/ros2/install/turtlesim/include/turtlesim/action/detail\n'}
[0.750353] (turtlesim) StdoutLine: {'line': b'-- Up-to-date: /ros2_test/AD_Middle_Test/ros2/install/turtlesim/include/turtlesim/action/detail/rotate_absolute__builder.hpp\n'}
[0.750493] (turtlesim) StdoutLine: {'line': b'-- Up-to-date: /ros2_test/AD_Middle_Test/ros2/install/turtlesim/include/turtlesim/action/detail/rotate_absolute__traits.hpp\n'}
[0.750632] (turtlesim) StdoutLine: {'line': b'-- Up-to-date: /ros2_test/AD_Middle_Test/ros2/install/turtlesim/include/turtlesim/action/detail/rotate_absolute__struct.hpp\n'}
[0.750773] (turtlesim) StdoutLine: {'line': b'-- Up-to-date: /ros2_test/AD_Middle_Test/ros2/install/turtlesim/share/turtlesim/environment/pythonpath.sh\n'}
[0.750912] (turtlesim) StdoutLine: {'line': b'-- Up-to-date: /ros2_test/AD_Middle_Test/ros2/install/turtlesim/share/turtlesim/environment/pythonpath.dsv\n'}
[0.751052] (turtlesim) StdoutLine: {'line': b'-- Up-to-date: /ros2_test/AD_Middle_Test/ros2/install/turtlesim/lib/python3.8/site-packages/turtlesim/__init__.py\n'}
[0.751192] (simple_s) StdoutLine: {'line': b'[ 50%] \x1b[32mBuilding CXX object CMakeFiles/talker.dir/src/talker.cpp.o\x1b[0m\n'}
[0.751354] (simple_s) StdoutLine: {'line': b'[ 66%] \x1b[32mBuilding CXX object CMakeFiles/listener.dir/src/listener.cpp.o\x1b[0m\n'}
[0.793524] (turtlesim) StdoutLine: {'line': b'-- Up-to-date: /ros2_test/AD_Middle_Test/ros2/install/turtlesim/lib/python3.8/site-packages/turtlesim/action\n'}
[0.793929] (turtlesim) StdoutLine: {'line': b'-- Up-to-date: /ros2_test/AD_Middle_Test/ros2/install/turtlesim/lib/python3.8/site-packages/turtlesim/action/_rotate_absolute.py\n'}
[0.794300] (turtlesim) StdoutLine: {'line': b'-- Up-to-date: /ros2_test/AD_Middle_Test/ros2/install/turtlesim/lib/python3.8/site-packages/turtlesim/action/__init__.py\n'}
[0.794522] (turtlesim) StdoutLine: {'line': b'-- Up-to-date: /ros2_test/AD_Middle_Test/ros2/install/turtlesim/lib/python3.8/site-packages/turtlesim/action/_rotate_absolute_s.c\n'}
[0.794666] (turtlesim) StdoutLine: {'line': b'-- Up-to-date: /ros2_test/AD_Middle_Test/ros2/install/turtlesim/lib/python3.8/site-packages/turtlesim/msg\n'}
[0.794808] (turtlesim) StdoutLine: {'line': b'-- Up-to-date: /ros2_test/AD_Middle_Test/ros2/install/turtlesim/lib/python3.8/site-packages/turtlesim/msg/_pose.py\n'}
[0.794959] (turtlesim) StdoutLine: {'line': b'-- Up-to-date: /ros2_test/AD_Middle_Test/ros2/install/turtlesim/lib/python3.8/site-packages/turtlesim/msg/_color_s.c\n'}
[0.795136] (turtlesim) StdoutLine: {'line': b'-- Up-to-date: /ros2_test/AD_Middle_Test/ros2/install/turtlesim/lib/python3.8/site-packages/turtlesim/msg/_color.py\n'}
[0.795292] (turtlesim) StdoutLine: {'line': b'-- Up-to-date: /ros2_test/AD_Middle_Test/ros2/install/turtlesim/lib/python3.8/site-packages/turtlesim/msg/_pose_s.c\n'}
[0.795435] (turtlesim) StdoutLine: {'line': b'-- Up-to-date: /ros2_test/AD_Middle_Test/ros2/install/turtlesim/lib/python3.8/site-packages/turtlesim/msg/__init__.py\n'}
[0.795573] (turtlesim) StdoutLine: {'line': b'-- Up-to-date: /ros2_test/AD_Middle_Test/ros2/install/turtlesim/lib/python3.8/site-packages/turtlesim/srv\n'}
[0.795711] (turtlesim) StdoutLine: {'line': b'-- Up-to-date: /ros2_test/AD_Middle_Test/ros2/install/turtlesim/lib/python3.8/site-packages/turtlesim/srv/_spawn_s.c\n'}
[0.795855] (turtlesim) StdoutLine: {'line': b'-- Up-to-date: /ros2_test/AD_Middle_Test/ros2/install/turtlesim/lib/python3.8/site-packages/turtlesim/srv/_kill.py\n'}
[0.796006] (turtlesim) StdoutLine: {'line': b'-- Up-to-date: /ros2_test/AD_Middle_Test/ros2/install/turtlesim/lib/python3.8/site-packages/turtlesim/srv/_set_pen.py\n'}
[0.796182] (turtlesim) StdoutLine: {'line': b'-- Up-to-date: /ros2_test/AD_Middle_Test/ros2/install/turtlesim/lib/python3.8/site-packages/turtlesim/srv/_spawn.py\n'}
[0.796321] (turtlesim) StdoutLine: {'line': b'-- Up-to-date: /ros2_test/AD_Middle_Test/ros2/install/turtlesim/lib/python3.8/site-packages/turtlesim/srv/_teleport_relative.py\n'}
[0.796468] (turtlesim) StdoutLine: {'line': b'-- Up-to-date: /ros2_test/AD_Middle_Test/ros2/install/turtlesim/lib/python3.8/site-packages/turtlesim/srv/__init__.py\n'}
[0.796606] (turtlesim) StdoutLine: {'line': b'-- Up-to-date: /ros2_test/AD_Middle_Test/ros2/install/turtlesim/lib/python3.8/site-packages/turtlesim/srv/_teleport_relative_s.c\n'}
[0.796743] (turtlesim) StdoutLine: {'line': b'-- Up-to-date: /ros2_test/AD_Middle_Test/ros2/install/turtlesim/lib/python3.8/site-packages/turtlesim/srv/_kill_s.c\n'}
[0.796880] (turtlesim) StdoutLine: {'line': b'-- Up-to-date: /ros2_test/AD_Middle_Test/ros2/install/turtlesim/lib/python3.8/site-packages/turtlesim/srv/_teleport_absolute.py\n'}
[0.797063] (turtlesim) StdoutLine: {'line': b'-- Up-to-date: /ros2_test/AD_Middle_Test/ros2/install/turtlesim/lib/python3.8/site-packages/turtlesim/srv/_set_pen_s.c\n'}
[0.797203] (turtlesim) StdoutLine: {'line': b'-- Up-to-date: /ros2_test/AD_Middle_Test/ros2/install/turtlesim/lib/python3.8/site-packages/turtlesim/srv/_teleport_absolute_s.c\n'}
[0.797340] (turtlesim) StdoutLine: {'line': b'-- Up-to-date: /ros2_test/AD_Middle_Test/ros2/install/turtlesim/lib/python3.8/site-packages/turtlesim/turtlesim_s__rosidl_typesupport_fastrtps_c.cpython-38-x86_64-linux-gnu.so\n'}
[0.797484] (turtlesim) StdoutLine: {'line': b'-- Up-to-date: /ros2_test/AD_Middle_Test/ros2/install/turtlesim/lib/python3.8/site-packages/turtlesim/turtlesim_s__rosidl_typesupport_introspection_c.cpython-38-x86_64-linux-gnu.so\n'}
[0.797629] (turtlesim) StdoutLine: {'line': b'-- Up-to-date: /ros2_test/AD_Middle_Test/ros2/install/turtlesim/lib/python3.8/site-packages/turtlesim/turtlesim_s__rosidl_typesupport_c.cpython-38-x86_64-linux-gnu.so\n'}
[0.797827] (turtlesim) StdoutLine: {'line': b'-- Up-to-date: /ros2_test/AD_Middle_Test/ros2/install/turtlesim/lib/libturtlesim__python.so\n'}
[0.798189] (turtlesim) StdoutLine: {'line': b'-- Up-to-date: /ros2_test/AD_Middle_Test/ros2/install/turtlesim/share/turtlesim/action/RotateAbsolute.idl\n'}
[0.798391] (turtlesim) StdoutLine: {'line': b'-- Up-to-date: /ros2_test/AD_Middle_Test/ros2/install/turtlesim/share/turtlesim/msg/Color.idl\n'}
[0.798617] (turtlesim) StdoutLine: {'line': b'-- Up-to-date: /ros2_test/AD_Middle_Test/ros2/install/turtlesim/share/turtlesim/msg/Pose.idl\n'}
[0.798883] (turtlesim) StdoutLine: {'line': b'-- Up-to-date: /ros2_test/AD_Middle_Test/ros2/install/turtlesim/share/turtlesim/srv/Kill.idl\n'}
[0.799137] (turtlesim) StdoutLine: {'line': b'-- Up-to-date: /ros2_test/AD_Middle_Test/ros2/install/turtlesim/share/turtlesim/srv/SetPen.idl\n'}
[0.799355] (turtlesim) StdoutLine: {'line': b'-- Up-to-date: /ros2_test/AD_Middle_Test/ros2/install/turtlesim/share/turtlesim/srv/Spawn.idl\n'}
[0.799619] (turtlesim) StdoutLine: {'line': b'-- Up-to-date: /ros2_test/AD_Middle_Test/ros2/install/turtlesim/share/turtlesim/srv/TeleportAbsolute.idl\n'}
[0.799841] (turtlesim) StdoutLine: {'line': b'-- Up-to-date: /ros2_test/AD_Middle_Test/ros2/install/turtlesim/share/turtlesim/srv/TeleportRelative.idl\n'}
[0.800097] (turtlesim) StdoutLine: {'line': b'-- Up-to-date: /ros2_test/AD_Middle_Test/ros2/install/turtlesim/share/turtlesim/action/RotateAbsolute.action\n'}
[0.800307] (turtlesim) StdoutLine: {'line': b'-- Up-to-date: /ros2_test/AD_Middle_Test/ros2/install/turtlesim/share/turtlesim/msg/Color.msg\n'}
[0.800562] (turtlesim) StdoutLine: {'line': b'-- Up-to-date: /ros2_test/AD_Middle_Test/ros2/install/turtlesim/share/turtlesim/msg/Pose.msg\n'}
[0.800747] (turtlesim) StdoutLine: {'line': b'-- Up-to-date: /ros2_test/AD_Middle_Test/ros2/install/turtlesim/share/turtlesim/srv/Kill.srv\n'}
[0.800887] (turtlesim) StdoutLine: {'line': b'-- Up-to-date: /ros2_test/AD_Middle_Test/ros2/install/turtlesim/share/turtlesim/srv/Kill_Request.msg\n'}
[0.801067] (turtlesim) StdoutLine: {'line': b'-- Up-to-date: /ros2_test/AD_Middle_Test/ros2/install/turtlesim/share/turtlesim/srv/Kill_Response.msg\n'}
[0.801208] (turtlesim) StdoutLine: {'line': b'-- Up-to-date: /ros2_test/AD_Middle_Test/ros2/install/turtlesim/share/turtlesim/srv/SetPen.srv\n'}
[0.801344] (turtlesim) StdoutLine: {'line': b'-- Up-to-date: /ros2_test/AD_Middle_Test/ros2/install/turtlesim/share/turtlesim/srv/SetPen_Request.msg\n'}
[0.801481] (turtlesim) StdoutLine: {'line': b'-- Up-to-date: /ros2_test/AD_Middle_Test/ros2/install/turtlesim/share/turtlesim/srv/SetPen_Response.msg\n'}
[0.801618] (turtlesim) StdoutLine: {'line': b'-- Up-to-date: /ros2_test/AD_Middle_Test/ros2/install/turtlesim/share/turtlesim/srv/Spawn.srv\n'}
[0.801795] (-) TimerEvent: {}
[0.802019] (turtlesim) StdoutLine: {'line': b'-- Up-to-date: /ros2_test/AD_Middle_Test/ros2/install/turtlesim/share/turtlesim/srv/Spawn_Request.msg\n'}
[0.802173] (turtlesim) StdoutLine: {'line': b'-- Up-to-date: /ros2_test/AD_Middle_Test/ros2/install/turtlesim/share/turtlesim/srv/Spawn_Response.msg\n'}
[0.802326] (turtlesim) StdoutLine: {'line': b'-- Up-to-date: /ros2_test/AD_Middle_Test/ros2/install/turtlesim/share/turtlesim/srv/TeleportAbsolute.srv\n'}
[0.802522] (turtlesim) StdoutLine: {'line': b'-- Up-to-date: /ros2_test/AD_Middle_Test/ros2/install/turtlesim/share/turtlesim/srv/TeleportAbsolute_Request.msg\n'}
[0.802662] (turtlesim) StdoutLine: {'line': b'-- Up-to-date: /ros2_test/AD_Middle_Test/ros2/install/turtlesim/share/turtlesim/srv/TeleportAbsolute_Response.msg\n'}
[0.802799] (turtlesim) StdoutLine: {'line': b'-- Up-to-date: /ros2_test/AD_Middle_Test/ros2/install/turtlesim/share/turtlesim/srv/TeleportRelative.srv\n'}
[0.802945] (turtlesim) StdoutLine: {'line': b'-- Up-to-date: /ros2_test/AD_Middle_Test/ros2/install/turtlesim/share/turtlesim/srv/TeleportRelative_Request.msg\n'}
[0.803137] (turtlesim) StdoutLine: {'line': b'-- Up-to-date: /ros2_test/AD_Middle_Test/ros2/install/turtlesim/share/turtlesim/srv/TeleportRelative_Response.msg\n'}
[0.803301] (turtlesim) StdoutLine: {'line': b'-- Up-to-date: /ros2_test/AD_Middle_Test/ros2/install/turtlesim/lib/turtlesim/turtlesim_node\n'}
[0.803551] (turtlesim) StdoutLine: {'line': b'-- Up-to-date: /ros2_test/AD_Middle_Test/ros2/install/turtlesim/lib/turtlesim/turtle_teleop_key\n'}
[0.803808] (turtlesim) StdoutLine: {'line': b'-- Up-to-date: /ros2_test/AD_Middle_Test/ros2/install/turtlesim/lib/turtlesim/draw_square\n'}
[0.804006] (turtlesim) StdoutLine: {'line': b'-- Up-to-date: /ros2_test/AD_Middle_Test/ros2/install/turtlesim/lib/turtlesim/mimic\n'}
[0.804234] (turtlesim) StdoutLine: {'line': b'-- Up-to-date: /ros2_test/AD_Middle_Test/ros2/install/turtlesim/share/turtlesim/images\n'}
[0.804490] (turtlesim) StdoutLine: {'line': b'-- Up-to-date: /ros2_test/AD_Middle_Test/ros2/install/turtlesim/share/turtlesim/images/ardent.png\n'}
[0.804703] (turtlesim) StdoutLine: {'line': b'-- Up-to-date: /ros2_test/AD_Middle_Test/ros2/install/turtlesim/share/turtlesim/images/bouncy.png\n'}
[0.804956] (turtlesim) StdoutLine: {'line': b'-- Up-to-date: /ros2_test/AD_Middle_Test/ros2/install/turtlesim/share/turtlesim/images/eloquent.png\n'}
[0.805098] (turtlesim) StdoutLine: {'line': b'-- Up-to-date: /ros2_test/AD_Middle_Test/ros2/install/turtlesim/share/turtlesim/images/dashing.png\n'}
[0.805266] (turtlesim) StdoutLine: {'line': b'-- Up-to-date: /ros2_test/AD_Middle_Test/ros2/install/turtlesim/share/turtlesim/images/crystal.png\n'}
[0.805502] (turtlesim) StdoutLine: {'line': b'-- Up-to-date: /ros2_test/AD_Middle_Test/ros2/install/turtlesim/share/turtlesim/launch\n'}
[0.805756] (turtlesim) StdoutLine: {'line': b'-- Up-to-date: /ros2_test/AD_Middle_Test/ros2/install/turtlesim/share/turtlesim/launch/multisim.launch.py\n'}
[0.805996] (turtlesim) StdoutLine: {'line': b'-- Up-to-date: /ros2_test/AD_Middle_Test/ros2/install/turtlesim/share/ament_index/resource_index/package_run_dependencies/turtlesim\n'}
[0.806138] (turtlesim) StdoutLine: {'line': b'-- Up-to-date: /ros2_test/AD_Middle_Test/ros2/install/turtlesim/share/ament_index/resource_index/parent_prefix_path/turtlesim\n'}
[0.806276] (turtlesim) StdoutLine: {'line': b'-- Up-to-date: /ros2_test/AD_Middle_Test/ros2/install/turtlesim/share/turtlesim/environment/ament_prefix_path.sh\n'}
[0.806414] (turtlesim) StdoutLine: {'line': b'-- Up-to-date: /ros2_test/AD_Middle_Test/ros2/install/turtlesim/share/turtlesim/environment/ament_prefix_path.dsv\n'}
[0.806550] (turtlesim) StdoutLine: {'line': b'-- Up-to-date: /ros2_test/AD_Middle_Test/ros2/install/turtlesim/share/turtlesim/environment/path.sh\n'}
[0.806687] (turtlesim) StdoutLine: {'line': b'-- Up-to-date: /ros2_test/AD_Middle_Test/ros2/install/turtlesim/share/turtlesim/environment/path.dsv\n'}
[0.806823] (turtlesim) StdoutLine: {'line': b'-- Up-to-date: /ros2_test/AD_Middle_Test/ros2/install/turtlesim/share/turtlesim/local_setup.bash\n'}
[0.806960] (turtlesim) StdoutLine: {'line': b'-- Up-to-date: /ros2_test/AD_Middle_Test/ros2/install/turtlesim/share/turtlesim/local_setup.sh\n'}
[0.807097] (turtlesim) StdoutLine: {'line': b'-- Up-to-date: /ros2_test/AD_Middle_Test/ros2/install/turtlesim/share/turtlesim/local_setup.zsh\n'}
[0.807243] (turtlesim) StdoutLine: {'line': b'-- Up-to-date: /ros2_test/AD_Middle_Test/ros2/install/turtlesim/share/turtlesim/local_setup.dsv\n'}
[0.807386] (turtlesim) StdoutLine: {'line': b'-- Installing: /ros2_test/AD_Middle_Test/ros2/install/turtlesim/share/turtlesim/package.dsv\n'}
[0.807522] (turtlesim) StdoutLine: {'line': b'-- Up-to-date: /ros2_test/AD_Middle_Test/ros2/install/turtlesim/share/ament_index/resource_index/packages/turtlesim\n'}
[0.807658] (turtlesim) StdoutLine: {'line': b'-- Up-to-date: /ros2_test/AD_Middle_Test/ros2/install/turtlesim/share/turtlesim/cmake/rosidl_cmake-extras.cmake\n'}
[0.807795] (turtlesim) StdoutLine: {'line': b'-- Up-to-date: /ros2_test/AD_Middle_Test/ros2/install/turtlesim/share/turtlesim/cmake/ament_cmake_export_dependencies-extras.cmake\n'}
[0.807944] (turtlesim) StdoutLine: {'line': b'-- Up-to-date: /ros2_test/AD_Middle_Test/ros2/install/turtlesim/share/turtlesim/cmake/ament_cmake_export_libraries-extras.cmake\n'}
[0.808330] (turtlesim) StdoutLine: {'line': b'-- Up-to-date: /ros2_test/AD_Middle_Test/ros2/install/turtlesim/share/turtlesim/cmake/rosidl_cmake_export_typesupport_libraries-extras.cmake\n'}
[0.808884] (turtlesim) StdoutLine: {'line': b'-- Up-to-date: /ros2_test/AD_Middle_Test/ros2/install/turtlesim/share/turtlesim/cmake/ament_cmake_export_include_directories-extras.cmake\n'}
[0.811897] (turtlesim) StdoutLine: {'line': b'-- Up-to-date: /ros2_test/AD_Middle_Test/ros2/install/turtlesim/share/turtlesim/cmake/turtlesimConfig.cmake\n'}
[0.812233] (turtlesim) StdoutLine: {'line': b'-- Up-to-date: /ros2_test/AD_Middle_Test/ros2/install/turtlesim/share/turtlesim/cmake/turtlesimConfig-version.cmake\n'}
[0.812416] (turtlesim) StdoutLine: {'line': b'-- Up-to-date: /ros2_test/AD_Middle_Test/ros2/install/turtlesim/share/turtlesim/package.xml\n'}
[0.812685] (turtlesim) CommandEnded: {'returncode': 0}
[0.828928] (turtlesim) JobEnded: {'identifier': 'turtlesim', 'rc': 0}
[0.901917] (-) TimerEvent: {}
[1.002241] (-) TimerEvent: {}
[1.102558] (-) TimerEvent: {}
[1.202861] (-) TimerEvent: {}
[1.303172] (-) TimerEvent: {}
[1.403504] (-) TimerEvent: {}
[1.503800] (-) TimerEvent: {}
[1.604100] (-) TimerEvent: {}
[1.704418] (-) TimerEvent: {}
[1.804739] (-) TimerEvent: {}
[1.905061] (-) TimerEvent: {}
[2.005383] (-) TimerEvent: {}
[2.105699] (-) TimerEvent: {}
[2.206027] (-) TimerEvent: {}
[2.306347] (-) TimerEvent: {}
[2.406676] (-) TimerEvent: {}
[2.507005] (-) TimerEvent: {}
[2.546160] (simple_s) StderrLine: {'line': b'In file included from \x1b[01m\x1b[K/opt/ros/foxy/include/rclcpp/client.hpp:40\x1b[m\x1b[K,\n'}
[2.546636] (simple_s) StderrLine: {'line': b'                 from \x1b[01m\x1b[K/opt/ros/foxy/include/rclcpp/callback_group.hpp:23\x1b[m\x1b[K,\n'}
[2.546787] (simple_s) StderrLine: {'line': b'                 from \x1b[01m\x1b[K/opt/ros/foxy/include/rclcpp/any_executable.hpp:20\x1b[m\x1b[K,\n'}
[2.546929] (simple_s) StderrLine: {'line': b'                 from \x1b[01m\x1b[K/opt/ros/foxy/include/rclcpp/memory_strategy.hpp:24\x1b[m\x1b[K,\n'}
[2.547068] (simple_s) StderrLine: {'line': b'                 from \x1b[01m\x1b[K/opt/ros/foxy/include/rclcpp/memory_strategies.hpp:18\x1b[m\x1b[K,\n'}
[2.547206] (simple_s) StderrLine: {'line': b'                 from \x1b[01m\x1b[K/opt/ros/foxy/include/rclcpp/executor.hpp:33\x1b[m\x1b[K,\n'}
[2.547369] (simple_s) StderrLine: {'line': b'                 from \x1b[01m\x1b[K/opt/ros/foxy/include/rclcpp/executors/multi_threaded_executor.hpp:25\x1b[m\x1b[K,\n'}
[2.547509] (simple_s) StderrLine: {'line': b'                 from \x1b[01m\x1b[K/opt/ros/foxy/include/rclcpp/executors.hpp:21\x1b[m\x1b[K,\n'}
[2.547644] (simple_s) StderrLine: {'line': b'                 from \x1b[01m\x1b[K/opt/ros/foxy/include/rclcpp/rclcpp.hpp:145\x1b[m\x1b[K,\n'}
[2.547780] (simple_s) StderrLine: {'line': b'                 from \x1b[01m\x1b[K/ros2_test/AD_Middle_Test/ros2/src/simple_s/src/talker.cpp:3\x1b[m\x1b[K:\n'}
[2.547916] (simple_s) StderrLine: {'line': b'\x1b[01m\x1b[K/ros2_test/AD_Middle_Test/ros2/src/simple_s/src/talker.cpp:\x1b[m\x1b[K In member function \xe2\x80\x98\x1b[01m\x1b[Kvoid MinimalPublisher::timer_callback()\x1b[m\x1b[K\xe2\x80\x99:\n'}
[2.548053] (simple_s) StderrLine: {'line': b'\x1b[01m\x1b[K/ros2_test/AD_Middle_Test/ros2/src/simple_s/src/talker.cpp:28:76:\x1b[m\x1b[K \x1b[01;31m\x1b[Kerror: \x1b[m\x1b[Ktoo few arguments to function \xe2\x80\x98\x1b[01m\x1b[Klong long unsigned int strtoull(const char*, char**, int)\x1b[m\x1b[K\xe2\x80\x99\n'}
[2.548191] (simple_s) StderrLine: {'line': b'   28 |    RCLCPP_INFO(this->get_logger(), strtoull(message.header.frame_id.c_str()\x1b[01;31m\x1b[K)\x1b[m\x1b[K);              // CHANGE\n'}
[2.548327] (simple_s) StderrLine: {'line': b'      |                                                                            \x1b[01;31m\x1b[K^\x1b[m\x1b[K\n'}
[2.548470] (simple_s) StderrLine: {'line': b'\x1b[01m\x1b[K/opt/ros/foxy/include/rcutils/logging_macros.h:72:64:\x1b[m\x1b[K \x1b[01;36m\x1b[Knote: \x1b[m\x1b[Kin definition of macro \xe2\x80\x98\x1b[01m\x1b[KRCUTILS_LOG_COND_NAMED\x1b[m\x1b[K\xe2\x80\x99\n'}
[2.548607] (simple_s) StderrLine: {'line': b'   72 |       rcutils_log(&__rcutils_logging_location, severity, name, \x1b[01;36m\x1b[K__VA_ARGS__\x1b[m\x1b[K); \\\n'}
[2.548742] (simple_s) StderrLine: {'line': b'      |                                                                \x1b[01;36m\x1b[K^~~~~~~~~~~\x1b[m\x1b[K\n'}
[2.548876] (simple_s) StderrLine: {'line': b'\x1b[01m\x1b[K/opt/ros/foxy/include/rclcpp/logging.hpp:542:5:\x1b[m\x1b[K \x1b[01;36m\x1b[Knote: \x1b[m\x1b[Kin expansion of macro \xe2\x80\x98\x1b[01m\x1b[KRCUTILS_LOG_INFO_NAMED\x1b[m\x1b[K\xe2\x80\x99\n'}
[2.549012] (simple_s) StderrLine: {'line': b'  542 |     \x1b[01;36m\x1b[KRCUTILS_LOG_INFO_NAMED\x1b[m\x1b[K( \\\n'}
[2.549146] (simple_s) StderrLine: {'line': b'      |     \x1b[01;36m\x1b[K^~~~~~~~~~~~~~~~~~~~~~\x1b[m\x1b[K\n'}
[2.549281] (simple_s) StderrLine: {'line': b'\x1b[01m\x1b[K/opt/ros/foxy/include/rclcpp/logging.hpp:544:28:\x1b[m\x1b[K \x1b[01;36m\x1b[Knote: \x1b[m\x1b[Kin expansion of macro \xe2\x80\x98\x1b[01m\x1b[KRCLCPP_FIRST_ARG\x1b[m\x1b[K\xe2\x80\x99\n'}
[2.549416] (simple_s) StderrLine: {'line': b'  544 |       rclcpp::get_c_string(\x1b[01;36m\x1b[KRCLCPP_FIRST_ARG\x1b[m\x1b[K(__VA_ARGS__, "")), \\\n'}
[2.549551] (simple_s) StderrLine: {'line': b'      |                            \x1b[01;36m\x1b[K^~~~~~~~~~~~~~~~\x1b[m\x1b[K\n'}
[2.549686] (simple_s) StderrLine: {'line': b'\x1b[01m\x1b[K/ros2_test/AD_Middle_Test/ros2/src/simple_s/src/talker.cpp:28:4:\x1b[m\x1b[K \x1b[01;36m\x1b[Knote: \x1b[m\x1b[Kin expansion of macro \xe2\x80\x98\x1b[01m\x1b[KRCLCPP_INFO\x1b[m\x1b[K\xe2\x80\x99\n'}
[2.549821] (simple_s) StderrLine: {'line': b'   28 |    \x1b[01;36m\x1b[KRCLCPP_INFO\x1b[m\x1b[K(this->get_logger(), strtoull(message.header.frame_id.c_str()));              // CHANGE\n'}
[2.549955] (simple_s) StderrLine: {'line': b'      |    \x1b[01;36m\x1b[K^~~~~~~~~~~\x1b[m\x1b[K\n'}
[2.550089] (simple_s) StderrLine: {'line': b'In file included from \x1b[01m\x1b[K/usr/include/c++/9/cstdlib:75\x1b[m\x1b[K,\n'}
[2.550223] (simple_s) StderrLine: {'line': b'                 from \x1b[01m\x1b[K/usr/include/c++/9/ext/string_conversions.h:41\x1b[m\x1b[K,\n'}
[2.550357] (simple_s) StderrLine: {'line': b'                 from \x1b[01m\x1b[K/usr/include/c++/9/bits/basic_string.h:6493\x1b[m\x1b[K,\n'}
[2.550491] (simple_s) StderrLine: {'line': b'                 from \x1b[01m\x1b[K/usr/include/c++/9/string:55\x1b[m\x1b[K,\n'}
[2.550624] (simple_s) StderrLine: {'line': b'                 from \x1b[01m\x1b[K/usr/include/c++/9/stdexcept:39\x1b[m\x1b[K,\n'}
[2.550758] (simple_s) StderrLine: {'line': b'                 from \x1b[01m\x1b[K/usr/include/c++/9/array:39\x1b[m\x1b[K,\n'}
[2.550892] (simple_s) StderrLine: {'line': b'                 from \x1b[01m\x1b[K/usr/include/c++/9/tuple:39\x1b[m\x1b[K,\n'}
[2.551025] (simple_s) StderrLine: {'line': b'                 from \x1b[01m\x1b[K/usr/include/c++/9/bits/unique_ptr.h:37\x1b[m\x1b[K,\n'}
[2.551166] (simple_s) StderrLine: {'line': b'                 from \x1b[01m\x1b[K/usr/include/c++/9/memory:80\x1b[m\x1b[K,\n'}
[2.551313] (simple_s) StderrLine: {'line': b'                 from \x1b[01m\x1b[K/ros2_test/AD_Middle_Test/ros2/src/simple_s/src/talker.cpp:2\x1b[m\x1b[K:\n'}
[2.551455] (simple_s) StderrLine: {'line': b'\x1b[01m\x1b[K/usr/include/stdlib.h:205:31:\x1b[m\x1b[K \x1b[01;36m\x1b[Knote: \x1b[m\x1b[Kdeclared here\n'}
[2.551590] (simple_s) StderrLine: {'line': b'  205 | extern unsigned long long int \x1b[01;36m\x1b[Kstrtoull\x1b[m\x1b[K (const char *__restrict __nptr,\n'}
[2.551724] (simple_s) StderrLine: {'line': b'      |                               \x1b[01;36m\x1b[K^~~~~~~~\x1b[m\x1b[K\n'}
[2.607094] (-) TimerEvent: {}
[2.707427] (-) TimerEvent: {}
[2.807751] (-) TimerEvent: {}
[2.825448] (simple_s) StderrLine: {'line': b'In file included from \x1b[01m\x1b[K/opt/ros/foxy/include/rclcpp/client.hpp:40\x1b[m\x1b[K,\n'}
[2.825907] (simple_s) StderrLine: {'line': b'                 from \x1b[01m\x1b[K/opt/ros/foxy/include/rclcpp/callback_group.hpp:23\x1b[m\x1b[K,\n'}
[2.826050] (simple_s) StderrLine: {'line': b'                 from \x1b[01m\x1b[K/opt/ros/foxy/include/rclcpp/any_executable.hpp:20\x1b[m\x1b[K,\n'}
[2.826187] (simple_s) StderrLine: {'line': b'                 from \x1b[01m\x1b[K/opt/ros/foxy/include/rclcpp/memory_strategy.hpp:24\x1b[m\x1b[K,\n'}
[2.826620] (simple_s) StderrLine: {'line': b'                 from \x1b[01m\x1b[K/opt/ros/foxy/include/rclcpp/memory_strategies.hpp:18\x1b[m\x1b[K,\n'}
[2.826760] (simple_s) StderrLine: {'line': b'                 from \x1b[01m\x1b[K/opt/ros/foxy/include/rclcpp/executor.hpp:33\x1b[m\x1b[K,\n'}
[2.826895] (simple_s) StderrLine: {'line': b'                 from \x1b[01m\x1b[K/opt/ros/foxy/include/rclcpp/executors/multi_threaded_executor.hpp:25\x1b[m\x1b[K,\n'}
[2.827030] (simple_s) StderrLine: {'line': b'                 from \x1b[01m\x1b[K/opt/ros/foxy/include/rclcpp/executors.hpp:21\x1b[m\x1b[K,\n'}
[2.827165] (simple_s) StderrLine: {'line': b'                 from \x1b[01m\x1b[K/opt/ros/foxy/include/rclcpp/rclcpp.hpp:145\x1b[m\x1b[K,\n'}
[2.827324] (simple_s) StderrLine: {'line': b'                 from \x1b[01m\x1b[K/opt/ros/foxy/include/message_filters/subscriber.h:38\x1b[m\x1b[K,\n'}
[2.827461] (simple_s) StderrLine: {'line': b'                 from \x1b[01m\x1b[K/ros2_test/AD_Middle_Test/ros2/src/simple_s/src/listener.cpp:5\x1b[m\x1b[K:\n'}
[2.827596] (simple_s) StderrLine: {'line': b'\x1b[01m\x1b[K/ros2_test/AD_Middle_Test/ros2/src/simple_s/src/listener.cpp:\x1b[m\x1b[K In member function \xe2\x80\x98\x1b[01m\x1b[Kvoid MinimalSubscriber::topic_callback(test_interfaces::msg::Test_<std::allocator<void> >::SharedPtr)\x1b[m\x1b[K\xe2\x80\x99:\n'}
[2.827734] (simple_s) StderrLine: {'line': b'\x1b[01m\x1b[K/ros2_test/AD_Middle_Test/ros2/src/simple_s/src/listener.cpp:95:73:\x1b[m\x1b[K \x1b[01;31m\x1b[Kerror: \x1b[m\x1b[Ktoo few arguments to function \xe2\x80\x98\x1b[01m\x1b[Klong long unsigned int strtoull(const char*, char**, int)\x1b[m\x1b[K\xe2\x80\x99\n'}
[2.827870] (simple_s) StderrLine: {'line': b'   95 |    RCLCPP_INFO(this->get_logger(), strtoull(msg->header.frame_id.c_str()\x1b[01;31m\x1b[K)\x1b[m\x1b[K);              // CHANGE\n'}
[2.828006] (simple_s) StderrLine: {'line': b'      |                                                                         \x1b[01;31m\x1b[K^\x1b[m\x1b[K\n'}
[2.828140] (simple_s) StderrLine: {'line': b'\x1b[01m\x1b[K/opt/ros/foxy/include/rcutils/logging_macros.h:72:64:\x1b[m\x1b[K \x1b[01;36m\x1b[Knote: \x1b[m\x1b[Kin definition of macro \xe2\x80\x98\x1b[01m\x1b[KRCUTILS_LOG_COND_NAMED\x1b[m\x1b[K\xe2\x80\x99\n'}
[2.828276] (simple_s) StderrLine: {'line': b'   72 |       rcutils_log(&__rcutils_logging_location, severity, name, \x1b[01;36m\x1b[K__VA_ARGS__\x1b[m\x1b[K); \\\n'}
[2.828410] (simple_s) StderrLine: {'line': b'      |                                                                \x1b[01;36m\x1b[K^~~~~~~~~~~\x1b[m\x1b[K\n'}
[2.828544] (simple_s) StderrLine: {'line': b'\x1b[01m\x1b[K/opt/ros/foxy/include/rclcpp/logging.hpp:542:5:\x1b[m\x1b[K \x1b[01;36m\x1b[Knote: \x1b[m\x1b[Kin expansion of macro \xe2\x80\x98\x1b[01m\x1b[KRCUTILS_LOG_INFO_NAMED\x1b[m\x1b[K\xe2\x80\x99\n'}
[2.828679] (simple_s) StderrLine: {'line': b'  542 |     \x1b[01;36m\x1b[KRCUTILS_LOG_INFO_NAMED\x1b[m\x1b[K( \\\n'}
[2.828818] (simple_s) StderrLine: {'line': b'      |     \x1b[01;36m\x1b[K^~~~~~~~~~~~~~~~~~~~~~\x1b[m\x1b[K\n'}
[2.828953] (simple_s) StderrLine: {'line': b'\x1b[01m\x1b[K/opt/ros/foxy/include/rclcpp/logging.hpp:544:28:\x1b[m\x1b[K \x1b[01;36m\x1b[Knote: \x1b[m\x1b[Kin expansion of macro \xe2\x80\x98\x1b[01m\x1b[KRCLCPP_FIRST_ARG\x1b[m\x1b[K\xe2\x80\x99\n'}
[2.829087] (simple_s) StderrLine: {'line': b'  544 |       rclcpp::get_c_string(\x1b[01;36m\x1b[KRCLCPP_FIRST_ARG\x1b[m\x1b[K(__VA_ARGS__, "")), \\\n'}
[2.829221] (simple_s) StderrLine: {'line': b'      |                            \x1b[01;36m\x1b[K^~~~~~~~~~~~~~~~\x1b[m\x1b[K\n'}
[2.829363] (simple_s) StderrLine: {'line': b'\x1b[01m\x1b[K/ros2_test/AD_Middle_Test/ros2/src/simple_s/src/listener.cpp:95:4:\x1b[m\x1b[K \x1b[01;36m\x1b[Knote: \x1b[m\x1b[Kin expansion of macro \xe2\x80\x98\x1b[01m\x1b[KRCLCPP_INFO\x1b[m\x1b[K\xe2\x80\x99\n'}
[2.829500] (simple_s) StderrLine: {'line': b'   95 |    \x1b[01;36m\x1b[KRCLCPP_INFO\x1b[m\x1b[K(this->get_logger(), strtoull(msg->header.frame_id.c_str()));              // CHANGE\n'}
[2.829635] (simple_s) StderrLine: {'line': b'      |    \x1b[01;36m\x1b[K^~~~~~~~~~~\x1b[m\x1b[K\n'}
[2.829769] (simple_s) StderrLine: {'line': b'In file included from \x1b[01m\x1b[K/usr/include/c++/9/cstdlib:75\x1b[m\x1b[K,\n'}
[2.829903] (simple_s) StderrLine: {'line': b'                 from \x1b[01m\x1b[K/usr/include/c++/9/ext/string_conversions.h:41\x1b[m\x1b[K,\n'}
[2.830036] (simple_s) StderrLine: {'line': b'                 from \x1b[01m\x1b[K/usr/include/c++/9/bits/basic_string.h:6493\x1b[m\x1b[K,\n'}
[2.830170] (simple_s) StderrLine: {'line': b'                 from \x1b[01m\x1b[K/usr/include/c++/9/string:55\x1b[m\x1b[K,\n'}
[2.830304] (simple_s) StderrLine: {'line': b'                 from \x1b[01m\x1b[K/usr/include/c++/9/stdexcept:39\x1b[m\x1b[K,\n'}
[2.830439] (simple_s) StderrLine: {'line': b'                 from \x1b[01m\x1b[K/usr/include/c++/9/array:39\x1b[m\x1b[K,\n'}
[2.830572] (simple_s) StderrLine: {'line': b'                 from \x1b[01m\x1b[K/usr/include/c++/9/tuple:39\x1b[m\x1b[K,\n'}
[2.830711] (simple_s) StderrLine: {'line': b'                 from \x1b[01m\x1b[K/usr/include/c++/9/bits/unique_ptr.h:37\x1b[m\x1b[K,\n'}
[2.830846] (simple_s) StderrLine: {'line': b'                 from \x1b[01m\x1b[K/usr/include/c++/9/memory:80\x1b[m\x1b[K,\n'}
[2.830984] (simple_s) StderrLine: {'line': b'                 from \x1b[01m\x1b[K/ros2_test/AD_Middle_Test/ros2/src/simple_s/src/listener.cpp:1\x1b[m\x1b[K:\n'}
[2.831119] (simple_s) StderrLine: {'line': b'\x1b[01m\x1b[K/usr/include/stdlib.h:205:31:\x1b[m\x1b[K \x1b[01;36m\x1b[Knote: \x1b[m\x1b[Kdeclared here\n'}
[2.831261] (simple_s) StderrLine: {'line': b'  205 | extern unsigned long long int \x1b[01;36m\x1b[Kstrtoull\x1b[m\x1b[K (const char *__restrict __nptr,\n'}
[2.831405] (simple_s) StderrLine: {'line': b'      |                               \x1b[01;36m\x1b[K^~~~~~~~\x1b[m\x1b[K\n'}
[2.831539] (simple_s) StderrLine: {'line': b'In file included from \x1b[01m\x1b[K/opt/ros/foxy/include/rclcpp/client.hpp:40\x1b[m\x1b[K,\n'}
[2.831673] (simple_s) StderrLine: {'line': b'                 from \x1b[01m\x1b[K/opt/ros/foxy/include/rclcpp/callback_group.hpp:23\x1b[m\x1b[K,\n'}
[2.831807] (simple_s) StderrLine: {'line': b'                 from \x1b[01m\x1b[K/opt/ros/foxy/include/rclcpp/any_executable.hpp:20\x1b[m\x1b[K,\n'}
[2.831940] (simple_s) StderrLine: {'line': b'                 from \x1b[01m\x1b[K/opt/ros/foxy/include/rclcpp/memory_strategy.hpp:24\x1b[m\x1b[K,\n'}
[2.832074] (simple_s) StderrLine: {'line': b'                 from \x1b[01m\x1b[K/opt/ros/foxy/include/rclcpp/memory_strategies.hpp:18\x1b[m\x1b[K,\n'}
[2.832207] (simple_s) StderrLine: {'line': b'                 from \x1b[01m\x1b[K/opt/ros/foxy/include/rclcpp/executor.hpp:33\x1b[m\x1b[K,\n'}
[2.832341] (simple_s) StderrLine: {'line': b'                 from \x1b[01m\x1b[K/opt/ros/foxy/include/rclcpp/executors/multi_threaded_executor.hpp:25\x1b[m\x1b[K,\n'}
[2.832474] (simple_s) StderrLine: {'line': b'                 from \x1b[01m\x1b[K/opt/ros/foxy/include/rclcpp/executors.hpp:21\x1b[m\x1b[K,\n'}
[2.832608] (simple_s) StderrLine: {'line': b'                 from \x1b[01m\x1b[K/opt/ros/foxy/include/rclcpp/rclcpp.hpp:145\x1b[m\x1b[K,\n'}
[2.832742] (simple_s) StderrLine: {'line': b'                 from \x1b[01m\x1b[K/opt/ros/foxy/include/message_filters/subscriber.h:38\x1b[m\x1b[K,\n'}
[2.832877] (simple_s) StderrLine: {'line': b'                 from \x1b[01m\x1b[K/ros2_test/AD_Middle_Test/ros2/src/simple_s/src/listener.cpp:5\x1b[m\x1b[K:\n'}
[2.833017] (simple_s) StderrLine: {'line': b'\x1b[01m\x1b[K/ros2_test/AD_Middle_Test/ros2/src/simple_s/src/listener.cpp:97:73:\x1b[m\x1b[K \x1b[01;31m\x1b[Kerror: \x1b[m\x1b[Ktoo few arguments to function \xe2\x80\x98\x1b[01m\x1b[Klong long unsigned int strtoull(const char*, char**, int)\x1b[m\x1b[K\xe2\x80\x99\n'}
[2.833153] (simple_s) StderrLine: {'line': b'   97 |    RCLCPP_INFO(this->get_logger(), strtoull(msg->header.frame_id.c_str()\x1b[01;31m\x1b[K)\x1b[m\x1b[K);              // CHANGE\n'}
[2.833288] (simple_s) StderrLine: {'line': b'      |                                                                         \x1b[01;31m\x1b[K^\x1b[m\x1b[K\n'}
[2.833422] (simple_s) StderrLine: {'line': b'\x1b[01m\x1b[K/opt/ros/foxy/include/rcutils/logging_macros.h:72:64:\x1b[m\x1b[K \x1b[01;36m\x1b[Knote: \x1b[m\x1b[Kin definition of macro \xe2\x80\x98\x1b[01m\x1b[KRCUTILS_LOG_COND_NAMED\x1b[m\x1b[K\xe2\x80\x99\n'}
[2.833558] (simple_s) StderrLine: {'line': b'   72 |       rcutils_log(&__rcutils_logging_location, severity, name, \x1b[01;36m\x1b[K__VA_ARGS__\x1b[m\x1b[K); \\\n'}
[2.833692] (simple_s) StderrLine: {'line': b'      |                                                                \x1b[01;36m\x1b[K^~~~~~~~~~~\x1b[m\x1b[K\n'}
[2.833826] (simple_s) StderrLine: {'line': b'\x1b[01m\x1b[K/opt/ros/foxy/include/rclcpp/logging.hpp:542:5:\x1b[m\x1b[K \x1b[01;36m\x1b[Knote: \x1b[m\x1b[Kin expansion of macro \xe2\x80\x98\x1b[01m\x1b[KRCUTILS_LOG_INFO_NAMED\x1b[m\x1b[K\xe2\x80\x99\n'}
[2.833960] (simple_s) StderrLine: {'line': b'  542 |     \x1b[01;36m\x1b[KRCUTILS_LOG_INFO_NAMED\x1b[m\x1b[K( \\\n'}
[2.834093] (simple_s) StderrLine: {'line': b'      |     \x1b[01;36m\x1b[K^~~~~~~~~~~~~~~~~~~~~~\x1b[m\x1b[K\n'}
[2.834226] (simple_s) StderrLine: {'line': b'\x1b[01m\x1b[K/opt/ros/foxy/include/rclcpp/logging.hpp:544:28:\x1b[m\x1b[K \x1b[01;36m\x1b[Knote: \x1b[m\x1b[Kin expansion of macro \xe2\x80\x98\x1b[01m\x1b[KRCLCPP_FIRST_ARG\x1b[m\x1b[K\xe2\x80\x99\n'}
[2.834360] (simple_s) StderrLine: {'line': b'  544 |       rclcpp::get_c_string(\x1b[01;36m\x1b[KRCLCPP_FIRST_ARG\x1b[m\x1b[K(__VA_ARGS__, "")), \\\n'}
[2.834494] (simple_s) StderrLine: {'line': b'      |                            \x1b[01;36m\x1b[K^~~~~~~~~~~~~~~~\x1b[m\x1b[K\n'}
[2.834628] (simple_s) StderrLine: {'line': b'\x1b[01m\x1b[K/ros2_test/AD_Middle_Test/ros2/src/simple_s/src/listener.cpp:97:4:\x1b[m\x1b[K \x1b[01;36m\x1b[Knote: \x1b[m\x1b[Kin expansion of macro \xe2\x80\x98\x1b[01m\x1b[KRCLCPP_INFO\x1b[m\x1b[K\xe2\x80\x99\n'}
[2.834762] (simple_s) StderrLine: {'line': b'   97 |    \x1b[01;36m\x1b[KRCLCPP_INFO\x1b[m\x1b[K(this->get_logger(), strtoull(msg->header.frame_id.c_str()));              // CHANGE\n'}
[2.834897] (simple_s) StderrLine: {'line': b'      |    \x1b[01;36m\x1b[K^~~~~~~~~~~\x1b[m\x1b[K\n'}
[2.835030] (simple_s) StderrLine: {'line': b'In file included from \x1b[01m\x1b[K/usr/include/c++/9/cstdlib:75\x1b[m\x1b[K,\n'}
[2.835164] (simple_s) StderrLine: {'line': b'                 from \x1b[01m\x1b[K/usr/include/c++/9/ext/string_conversions.h:41\x1b[m\x1b[K,\n'}
[2.835309] (simple_s) StderrLine: {'line': b'                 from \x1b[01m\x1b[K/usr/include/c++/9/bits/basic_string.h:6493\x1b[m\x1b[K,\n'}
[2.835445] (simple_s) StderrLine: {'line': b'                 from \x1b[01m\x1b[K/usr/include/c++/9/string:55\x1b[m\x1b[K,\n'}
[2.835579] (simple_s) StderrLine: {'line': b'                 from \x1b[01m\x1b[K/usr/include/c++/9/stdexcept:39\x1b[m\x1b[K,\n'}
[2.835712] (simple_s) StderrLine: {'line': b'                 from \x1b[01m\x1b[K/usr/include/c++/9/array:39\x1b[m\x1b[K,\n'}
[2.835845] (simple_s) StderrLine: {'line': b'                 from \x1b[01m\x1b[K/usr/include/c++/9/tuple:39\x1b[m\x1b[K,\n'}
[2.835979] (simple_s) StderrLine: {'line': b'                 from \x1b[01m\x1b[K/usr/include/c++/9/bits/unique_ptr.h:37\x1b[m\x1b[K,\n'}
[2.836118] (simple_s) StderrLine: {'line': b'                 from \x1b[01m\x1b[K/usr/include/c++/9/memory:80\x1b[m\x1b[K,\n'}
[2.836252] (simple_s) StderrLine: {'line': b'                 from \x1b[01m\x1b[K/ros2_test/AD_Middle_Test/ros2/src/simple_s/src/listener.cpp:1\x1b[m\x1b[K:\n'}
[2.836398] (simple_s) StderrLine: {'line': b'\x1b[01m\x1b[K/usr/include/stdlib.h:205:31:\x1b[m\x1b[K \x1b[01;36m\x1b[Knote: \x1b[m\x1b[Kdeclared here\n'}
[2.836532] (simple_s) StderrLine: {'line': b'  205 | extern unsigned long long int \x1b[01;36m\x1b[Kstrtoull\x1b[m\x1b[K (const char *__restrict __nptr,\n'}
[2.836665] (simple_s) StderrLine: {'line': b'      |                               \x1b[01;36m\x1b[K^~~~~~~~\x1b[m\x1b[K\n'}
[2.907842] (-) TimerEvent: {}
[3.008151] (-) TimerEvent: {}
[3.108470] (-) TimerEvent: {}
[3.208778] (-) TimerEvent: {}
[3.309083] (-) TimerEvent: {}
[3.409391] (-) TimerEvent: {}
[3.492918] (simple_s) StderrLine: {'line': b'make[2]: *** [CMakeFiles/talker.dir/build.make:63: CMakeFiles/talker.dir/src/talker.cpp.o] Error 1\n'}
[3.493247] (simple_s) StderrLine: {'line': b'make[1]: *** [CMakeFiles/Makefile2:109: CMakeFiles/talker.dir/all] Error 2\n'}
[3.493392] (simple_s) StderrLine: {'line': b'make[1]: *** Waiting for unfinished jobs....\n'}
[3.509459] (-) TimerEvent: {}
[3.609732] (-) TimerEvent: {}
[3.710058] (-) TimerEvent: {}
[3.810376] (-) TimerEvent: {}
[3.910671] (-) TimerEvent: {}
[4.010936] (-) TimerEvent: {}
[4.111221] (-) TimerEvent: {}
[4.211519] (-) TimerEvent: {}
[4.311777] (-) TimerEvent: {}
[4.412051] (-) TimerEvent: {}
[4.512308] (-) TimerEvent: {}
[4.612559] (-) TimerEvent: {}
[4.712812] (-) TimerEvent: {}
[4.813068] (-) TimerEvent: {}
[4.913351] (-) TimerEvent: {}
[5.013643] (-) TimerEvent: {}
[5.113942] (-) TimerEvent: {}
[5.203679] (simple_s) StderrLine: {'line': b'make[2]: *** [CMakeFiles/listener.dir/build.make:63: CMakeFiles/listener.dir/src/listener.cpp.o] Error 1\n'}
[5.203966] (simple_s) StderrLine: {'line': b'make[1]: *** [CMakeFiles/Makefile2:82: CMakeFiles/listener.dir/all] Error 2\n'}
[5.204143] (simple_s) StderrLine: {'line': b'make: *** [Makefile:141: all] Error 2\n'}
[5.206564] (simple_s) CommandEnded: {'returncode': 2}
[5.207056] (simple_s) JobEnded: {'identifier': 'simple_s', 'rc': 2}
[5.214011] (-) TimerEvent: {}
[5.217284] (-) EventReactorShutdown: {}
