[0.000000] (-) TimerEvent: {}
[0.000378] (detect_s) JobQueued: {'identifier': 'detect_s', 'dependencies': OrderedDict()}
[0.000509] (test_interfaces) JobQueued: {'identifier': 'test_interfaces', 'dependencies': OrderedDict()}
[0.000844] (turtlesim) JobQueued: {'identifier': 'turtlesim', 'dependencies': OrderedDict()}
[0.001326] (simple_s) JobQueued: {'identifier': 'simple_s', 'dependencies': OrderedDict([('test_interfaces', '/ros2_test/AD_Middle_Test/ros2/src/install/test_interfaces')])}
[0.001381] (test_interfaces) JobStarted: {'identifier': 'test_interfaces'}
[0.022305] (detect_s) JobStarted: {'identifier': 'detect_s'}
[0.037216] (turtlesim) JobStarted: {'identifier': 'turtlesim'}
[0.054649] (test_interfaces) JobProgress: {'identifier': 'test_interfaces', 'progress': 'cmake'}
[0.055864] (test_interfaces) JobProgress: {'identifier': 'test_interfaces', 'progress': 'build'}
[0.057177] (test_interfaces) Command: {'cmd': ['/usr/bin/cmake', '--build', '/ros2_test/AD_Middle_Test/ros2/src/build/test_interfaces', '--', '-j5', '-l5'], 'cwd': '/ros2_test/AD_Middle_Test/ros2/src/build/test_interfaces', 'env': OrderedDict([('LESSOPEN', '| /usr/bin/lesspipe %s'), ('HOSTNAME', '3d2cb9766238'), ('ROS_PACKAGE_PATH', '/opt/ros/foxy/share'), ('SHLVL', '1'), ('LD_LIBRARY_PATH', '/ros2_test/AD_Middle_Test/ros2/src/install/turtlesim/lib:/ros2_test/AD_Middle_Test/ros2/src/install/test_interfaces/lib:/ros2_test/AD_Middle_Test/ros2/install/turtlesim/lib:/ros2_test/AD_Middle_Test/ros2/install/test_interfaces/lib:/opt/ros/foxy/opt/yaml_cpp_vendor/lib:/opt/ros/foxy/opt/rviz_ogre_vendor/lib:/opt/ros/foxy/lib'), ('HOME', '/root'), ('OLDPWD', '/ros2_test/AD_Middle_Test/ros2/src/simple_s'), ('ROS_PYTHON_VERSION', '3'), ('COLCON_PREFIX_PATH', '/ros2_test/AD_Middle_Test/ros2/src/install:/ros2_test/AD_Middle_Test/ros2/install:/opt/ros/foxy'), ('ROS_DISTRO', 'foxy'), ('_', '/usr/bin/colcon'), ('ROS_VERSION', '2'), ('PKG_CONFIG_PATH', '/opt/ros/foxy/lib/x86_64-linux-gnu/pkgconfig:/opt/ros/foxy/lib/pkgconfig'), ('TERM', 'xterm'), ('ROS_LOCALHOST_ONLY', '0'), ('PATH', '/opt/ros/foxy/bin:/usr/local/sbin:/usr/local/bin:/usr/sbin:/usr/bin:/sbin:/bin'), ('LANG', 'C.UTF-8'), ('LS_COLORS', 'rs=0:di=01;34:ln=01;36:mh=00:pi=40;33:so=01;35:do=01;35:bd=40;33;01:cd=40;33;01:or=40;31;01:mi=00:su=37;41:sg=30;43:ca=30;41:tw=30;42:ow=34;42:st=37;44:ex=01;32:*.tar=01;31:*.tgz=01;31:*.arc=01;31:*.arj=01;31:*.taz=01;31:*.lha=01;31:*.lz4=01;31:*.lzh=01;31:*.lzma=01;31:*.tlz=01;31:*.txz=01;31:*.tzo=01;31:*.t7z=01;31:*.zip=01;31:*.z=01;31:*.dz=01;31:*.gz=01;31:*.lrz=01;31:*.lz=01;31:*.lzo=01;31:*.xz=01;31:*.zst=01;31:*.tzst=01;31:*.bz2=01;31:*.bz=01;31:*.tbz=01;31:*.tbz2=01;31:*.tz=01;31:*.deb=01;31:*.rpm=01;31:*.jar=01;31:*.war=01;31:*.ear=01;31:*.sar=01;31:*.rar=01;31:*.alz=01;31:*.ace=01;31:*.zoo=01;31:*.cpio=01;31:*.7z=01;31:*.rz=01;31:*.cab=01;31:*.wim=01;31:*.swm=01;31:*.dwm=01;31:*.esd=01;31:*.jpg=01;35:*.jpeg=01;35:*.mjpg=01;35:*.mjpeg=01;35:*.gif=01;35:*.bmp=01;35:*.pbm=01;35:*.pgm=01;35:*.ppm=01;35:*.tga=01;35:*.xbm=01;35:*.xpm=01;35:*.tif=01;35:*.tiff=01;35:*.png=01;35:*.svg=01;35:*.svgz=01;35:*.mng=01;35:*.pcx=01;35:*.mov=01;35:*.mpg=01;35:*.mpeg=01;35:*.m2v=01;35:*.mkv=01;35:*.webm=01;35:*.ogm=01;35:*.mp4=01;35:*.m4v=01;35:*.mp4v=01;35:*.vob=01;35:*.qt=01;35:*.nuv=01;35:*.wmv=01;35:*.asf=01;35:*.rm=01;35:*.rmvb=01;35:*.flc=01;35:*.avi=01;35:*.fli=01;35:*.flv=01;35:*.gl=01;35:*.dl=01;35:*.xcf=01;35:*.xwd=01;35:*.yuv=01;35:*.cgm=01;35:*.emf=01;35:*.ogv=01;35:*.ogx=01;35:*.aac=00;36:*.au=00;36:*.flac=00;36:*.m4a=00;36:*.mid=00;36:*.midi=00;36:*.mka=00;36:*.mp3=00;36:*.mpc=00;36:*.ogg=00;36:*.ra=00;36:*.wav=00;36:*.oga=00;36:*.opus=00;36:*.spx=00;36:*.xspf=00;36:'), ('ROSDISTRO_INDEX_URL', 'https://raw.githubusercontent.com/osrf/docker_images/master/ros2/nightly/nightly/index-v4.yaml'), ('AMENT_PREFIX_PATH', '/ros2_test/AD_Middle_Test/ros2/src/install/turtlesim:/ros2_test/AD_Middle_Test/ros2/src/install/simple_s:/ros2_test/AD_Middle_Test/ros2/src/install/test_interfaces:/ros2_test/AD_Middle_Test/ros2/src/install/detect_s:/ros2_test/AD_Middle_Test/ros2/install/turtlesim:/ros2_test/AD_Middle_Test/ros2/install/simple_s:/ros2_test/AD_Middle_Test/ros2/install/test_interfaces:/ros2_test/AD_Middle_Test/ros2/install/detect_s:/opt/ros/foxy'), ('LESSCLOSE', '/usr/bin/lesspipe %s %s'), ('PWD', '/ros2_test/AD_Middle_Test/ros2/src/build/test_interfaces'), ('LC_ALL', 'C.UTF-8'), ('PYTHONPATH', '/ros2_test/AD_Middle_Test/ros2/src/install/turtlesim/lib/python3.8/site-packages:/ros2_test/AD_Middle_Test/ros2/src/install/test_interfaces/lib/python3.8/site-packages:/ros2_test/AD_Middle_Test/ros2/install/turtlesim/lib/python3.8/site-packages:/ros2_test/AD_Middle_Test/ros2/install/test_interfaces/lib/python3.8/site-packages:/opt/ros/foxy/lib/python3.8/site-packages'), ('COLCON', '1'), ('CMAKE_PREFIX_PATH', '/ros2_test/AD_Middle_Test/ros2/src/install/turtlesim:/ros2_test/AD_Middle_Test/ros2/src/install/simple_s:/ros2_test/AD_Middle_Test/ros2/src/install/test_interfaces:/ros2_test/AD_Middle_Test/ros2/src/install/detect_s:/ros2_test/AD_Middle_Test/ros2/install/turtlesim:/ros2_test/AD_Middle_Test/ros2/install/simple_s:/ros2_test/AD_Middle_Test/ros2/install/test_interfaces:/ros2_test/AD_Middle_Test/ros2/install/detect_s:/opt/ros/foxy')]), 'shell': False}
[0.063498] (detect_s) JobProgress: {'identifier': 'detect_s', 'progress': 'cmake'}
[0.064571] (detect_s) JobProgress: {'identifier': 'detect_s', 'progress': 'build'}
[0.065288] (detect_s) Command: {'cmd': ['/usr/bin/cmake', '--build', '/ros2_test/AD_Middle_Test/ros2/src/build/detect_s', '--', '-j5', '-l5'], 'cwd': '/ros2_test/AD_Middle_Test/ros2/src/build/detect_s', 'env': OrderedDict([('LESSOPEN', '| /usr/bin/lesspipe %s'), ('HOSTNAME', '3d2cb9766238'), ('ROS_PACKAGE_PATH', '/opt/ros/foxy/share'), ('SHLVL', '1'), ('LD_LIBRARY_PATH', '/ros2_test/AD_Middle_Test/ros2/src/install/turtlesim/lib:/ros2_test/AD_Middle_Test/ros2/src/install/test_interfaces/lib:/ros2_test/AD_Middle_Test/ros2/install/turtlesim/lib:/ros2_test/AD_Middle_Test/ros2/install/test_interfaces/lib:/opt/ros/foxy/opt/yaml_cpp_vendor/lib:/opt/ros/foxy/opt/rviz_ogre_vendor/lib:/opt/ros/foxy/lib'), ('HOME', '/root'), ('OLDPWD', '/ros2_test/AD_Middle_Test/ros2/src/simple_s'), ('ROS_PYTHON_VERSION', '3'), ('COLCON_PREFIX_PATH', '/ros2_test/AD_Middle_Test/ros2/src/install:/ros2_test/AD_Middle_Test/ros2/install:/opt/ros/foxy'), ('ROS_DISTRO', 'foxy'), ('_', '/usr/bin/colcon'), ('ROS_VERSION', '2'), ('PKG_CONFIG_PATH', '/opt/ros/foxy/lib/x86_64-linux-gnu/pkgconfig:/opt/ros/foxy/lib/pkgconfig'), ('TERM', 'xterm'), ('ROS_LOCALHOST_ONLY', '0'), ('PATH', '/opt/ros/foxy/bin:/usr/local/sbin:/usr/local/bin:/usr/sbin:/usr/bin:/sbin:/bin'), ('LANG', 'C.UTF-8'), ('LS_COLORS', 'rs=0:di=01;34:ln=01;36:mh=00:pi=40;33:so=01;35:do=01;35:bd=40;33;01:cd=40;33;01:or=40;31;01:mi=00:su=37;41:sg=30;43:ca=30;41:tw=30;42:ow=34;42:st=37;44:ex=01;32:*.tar=01;31:*.tgz=01;31:*.arc=01;31:*.arj=01;31:*.taz=01;31:*.lha=01;31:*.lz4=01;31:*.lzh=01;31:*.lzma=01;31:*.tlz=01;31:*.txz=01;31:*.tzo=01;31:*.t7z=01;31:*.zip=01;31:*.z=01;31:*.dz=01;31:*.gz=01;31:*.lrz=01;31:*.lz=01;31:*.lzo=01;31:*.xz=01;31:*.zst=01;31:*.tzst=01;31:*.bz2=01;31:*.bz=01;31:*.tbz=01;31:*.tbz2=01;31:*.tz=01;31:*.deb=01;31:*.rpm=01;31:*.jar=01;31:*.war=01;31:*.ear=01;31:*.sar=01;31:*.rar=01;31:*.alz=01;31:*.ace=01;31:*.zoo=01;31:*.cpio=01;31:*.7z=01;31:*.rz=01;31:*.cab=01;31:*.wim=01;31:*.swm=01;31:*.dwm=01;31:*.esd=01;31:*.jpg=01;35:*.jpeg=01;35:*.mjpg=01;35:*.mjpeg=01;35:*.gif=01;35:*.bmp=01;35:*.pbm=01;35:*.pgm=01;35:*.ppm=01;35:*.tga=01;35:*.xbm=01;35:*.xpm=01;35:*.tif=01;35:*.tiff=01;35:*.png=01;35:*.svg=01;35:*.svgz=01;35:*.mng=01;35:*.pcx=01;35:*.mov=01;35:*.mpg=01;35:*.mpeg=01;35:*.m2v=01;35:*.mkv=01;35:*.webm=01;35:*.ogm=01;35:*.mp4=01;35:*.m4v=01;35:*.mp4v=01;35:*.vob=01;35:*.qt=01;35:*.nuv=01;35:*.wmv=01;35:*.asf=01;35:*.rm=01;35:*.rmvb=01;35:*.flc=01;35:*.avi=01;35:*.fli=01;35:*.flv=01;35:*.gl=01;35:*.dl=01;35:*.xcf=01;35:*.xwd=01;35:*.yuv=01;35:*.cgm=01;35:*.emf=01;35:*.ogv=01;35:*.ogx=01;35:*.aac=00;36:*.au=00;36:*.flac=00;36:*.m4a=00;36:*.mid=00;36:*.midi=00;36:*.mka=00;36:*.mp3=00;36:*.mpc=00;36:*.ogg=00;36:*.ra=00;36:*.wav=00;36:*.oga=00;36:*.opus=00;36:*.spx=00;36:*.xspf=00;36:'), ('ROSDISTRO_INDEX_URL', 'https://raw.githubusercontent.com/osrf/docker_images/master/ros2/nightly/nightly/index-v4.yaml'), ('AMENT_PREFIX_PATH', '/ros2_test/AD_Middle_Test/ros2/src/install/turtlesim:/ros2_test/AD_Middle_Test/ros2/src/install/simple_s:/ros2_test/AD_Middle_Test/ros2/src/install/test_interfaces:/ros2_test/AD_Middle_Test/ros2/src/install/detect_s:/ros2_test/AD_Middle_Test/ros2/install/turtlesim:/ros2_test/AD_Middle_Test/ros2/install/simple_s:/ros2_test/AD_Middle_Test/ros2/install/test_interfaces:/ros2_test/AD_Middle_Test/ros2/install/detect_s:/opt/ros/foxy'), ('LESSCLOSE', '/usr/bin/lesspipe %s %s'), ('PWD', '/ros2_test/AD_Middle_Test/ros2/src/build/detect_s'), ('LC_ALL', 'C.UTF-8'), ('PYTHONPATH', '/ros2_test/AD_Middle_Test/ros2/src/install/turtlesim/lib/python3.8/site-packages:/ros2_test/AD_Middle_Test/ros2/src/install/test_interfaces/lib/python3.8/site-packages:/ros2_test/AD_Middle_Test/ros2/install/turtlesim/lib/python3.8/site-packages:/ros2_test/AD_Middle_Test/ros2/install/test_interfaces/lib/python3.8/site-packages:/opt/ros/foxy/lib/python3.8/site-packages'), ('COLCON', '1'), ('CMAKE_PREFIX_PATH', '/ros2_test/AD_Middle_Test/ros2/src/install/turtlesim:/ros2_test/AD_Middle_Test/ros2/src/install/simple_s:/ros2_test/AD_Middle_Test/ros2/src/install/test_interfaces:/ros2_test/AD_Middle_Test/ros2/src/install/detect_s:/ros2_test/AD_Middle_Test/ros2/install/turtlesim:/ros2_test/AD_Middle_Test/ros2/install/simple_s:/ros2_test/AD_Middle_Test/ros2/install/test_interfaces:/ros2_test/AD_Middle_Test/ros2/install/detect_s:/opt/ros/foxy')]), 'shell': False}
[0.071245] (turtlesim) JobProgress: {'identifier': 'turtlesim', 'progress': 'cmake'}
[0.072430] (turtlesim) JobProgress: {'identifier': 'turtlesim', 'progress': 'build'}
[0.072907] (turtlesim) Command: {'cmd': ['/usr/bin/cmake', '--build', '/ros2_test/AD_Middle_Test/ros2/src/build/turtlesim', '--', '-j5', '-l5'], 'cwd': '/ros2_test/AD_Middle_Test/ros2/src/build/turtlesim', 'env': OrderedDict([('LESSOPEN', '| /usr/bin/lesspipe %s'), ('HOSTNAME', '3d2cb9766238'), ('ROS_PACKAGE_PATH', '/opt/ros/foxy/share'), ('SHLVL', '1'), ('LD_LIBRARY_PATH', '/ros2_test/AD_Middle_Test/ros2/src/install/turtlesim/lib:/ros2_test/AD_Middle_Test/ros2/src/install/test_interfaces/lib:/ros2_test/AD_Middle_Test/ros2/install/turtlesim/lib:/ros2_test/AD_Middle_Test/ros2/install/test_interfaces/lib:/opt/ros/foxy/opt/yaml_cpp_vendor/lib:/opt/ros/foxy/opt/rviz_ogre_vendor/lib:/opt/ros/foxy/lib'), ('HOME', '/root'), ('OLDPWD', '/ros2_test/AD_Middle_Test/ros2/src/simple_s'), ('ROS_PYTHON_VERSION', '3'), ('COLCON_PREFIX_PATH', '/ros2_test/AD_Middle_Test/ros2/src/install:/ros2_test/AD_Middle_Test/ros2/install:/opt/ros/foxy'), ('ROS_DISTRO', 'foxy'), ('_', '/usr/bin/colcon'), ('ROS_VERSION', '2'), ('PKG_CONFIG_PATH', '/opt/ros/foxy/lib/x86_64-linux-gnu/pkgconfig:/opt/ros/foxy/lib/pkgconfig'), ('TERM', 'xterm'), ('ROS_LOCALHOST_ONLY', '0'), ('PATH', '/opt/ros/foxy/bin:/usr/local/sbin:/usr/local/bin:/usr/sbin:/usr/bin:/sbin:/bin'), ('LANG', 'C.UTF-8'), ('LS_COLORS', 'rs=0:di=01;34:ln=01;36:mh=00:pi=40;33:so=01;35:do=01;35:bd=40;33;01:cd=40;33;01:or=40;31;01:mi=00:su=37;41:sg=30;43:ca=30;41:tw=30;42:ow=34;42:st=37;44:ex=01;32:*.tar=01;31:*.tgz=01;31:*.arc=01;31:*.arj=01;31:*.taz=01;31:*.lha=01;31:*.lz4=01;31:*.lzh=01;31:*.lzma=01;31:*.tlz=01;31:*.txz=01;31:*.tzo=01;31:*.t7z=01;31:*.zip=01;31:*.z=01;31:*.dz=01;31:*.gz=01;31:*.lrz=01;31:*.lz=01;31:*.lzo=01;31:*.xz=01;31:*.zst=01;31:*.tzst=01;31:*.bz2=01;31:*.bz=01;31:*.tbz=01;31:*.tbz2=01;31:*.tz=01;31:*.deb=01;31:*.rpm=01;31:*.jar=01;31:*.war=01;31:*.ear=01;31:*.sar=01;31:*.rar=01;31:*.alz=01;31:*.ace=01;31:*.zoo=01;31:*.cpio=01;31:*.7z=01;31:*.rz=01;31:*.cab=01;31:*.wim=01;31:*.swm=01;31:*.dwm=01;31:*.esd=01;31:*.jpg=01;35:*.jpeg=01;35:*.mjpg=01;35:*.mjpeg=01;35:*.gif=01;35:*.bmp=01;35:*.pbm=01;35:*.pgm=01;35:*.ppm=01;35:*.tga=01;35:*.xbm=01;35:*.xpm=01;35:*.tif=01;35:*.tiff=01;35:*.png=01;35:*.svg=01;35:*.svgz=01;35:*.mng=01;35:*.pcx=01;35:*.mov=01;35:*.mpg=01;35:*.mpeg=01;35:*.m2v=01;35:*.mkv=01;35:*.webm=01;35:*.ogm=01;35:*.mp4=01;35:*.m4v=01;35:*.mp4v=01;35:*.vob=01;35:*.qt=01;35:*.nuv=01;35:*.wmv=01;35:*.asf=01;35:*.rm=01;35:*.rmvb=01;35:*.flc=01;35:*.avi=01;35:*.fli=01;35:*.flv=01;35:*.gl=01;35:*.dl=01;35:*.xcf=01;35:*.xwd=01;35:*.yuv=01;35:*.cgm=01;35:*.emf=01;35:*.ogv=01;35:*.ogx=01;35:*.aac=00;36:*.au=00;36:*.flac=00;36:*.m4a=00;36:*.mid=00;36:*.midi=00;36:*.mka=00;36:*.mp3=00;36:*.mpc=00;36:*.ogg=00;36:*.ra=00;36:*.wav=00;36:*.oga=00;36:*.opus=00;36:*.spx=00;36:*.xspf=00;36:'), ('ROSDISTRO_INDEX_URL', 'https://raw.githubusercontent.com/osrf/docker_images/master/ros2/nightly/nightly/index-v4.yaml'), ('AMENT_PREFIX_PATH', '/ros2_test/AD_Middle_Test/ros2/src/install/turtlesim:/ros2_test/AD_Middle_Test/ros2/src/install/simple_s:/ros2_test/AD_Middle_Test/ros2/src/install/test_interfaces:/ros2_test/AD_Middle_Test/ros2/src/install/detect_s:/ros2_test/AD_Middle_Test/ros2/install/turtlesim:/ros2_test/AD_Middle_Test/ros2/install/simple_s:/ros2_test/AD_Middle_Test/ros2/install/test_interfaces:/ros2_test/AD_Middle_Test/ros2/install/detect_s:/opt/ros/foxy'), ('LESSCLOSE', '/usr/bin/lesspipe %s %s'), ('PWD', '/ros2_test/AD_Middle_Test/ros2/src/build/turtlesim'), ('LC_ALL', 'C.UTF-8'), ('PYTHONPATH', '/ros2_test/AD_Middle_Test/ros2/src/install/turtlesim/lib/python3.8/site-packages:/ros2_test/AD_Middle_Test/ros2/src/install/test_interfaces/lib/python3.8/site-packages:/ros2_test/AD_Middle_Test/ros2/install/turtlesim/lib/python3.8/site-packages:/ros2_test/AD_Middle_Test/ros2/install/test_interfaces/lib/python3.8/site-packages:/opt/ros/foxy/lib/python3.8/site-packages'), ('COLCON', '1'), ('CMAKE_PREFIX_PATH', '/ros2_test/AD_Middle_Test/ros2/src/install/turtlesim:/ros2_test/AD_Middle_Test/ros2/src/install/simple_s:/ros2_test/AD_Middle_Test/ros2/src/install/test_interfaces:/ros2_test/AD_Middle_Test/ros2/src/install/detect_s:/ros2_test/AD_Middle_Test/ros2/install/turtlesim:/ros2_test/AD_Middle_Test/ros2/install/simple_s:/ros2_test/AD_Middle_Test/ros2/install/test_interfaces:/ros2_test/AD_Middle_Test/ros2/install/detect_s:/opt/ros/foxy')]), 'shell': False}
[0.099650] (-) TimerEvent: {}
[0.127534] (detect_s) StdoutLine: {'line': b'\x1b[35m\x1b[1mScanning dependencies of target yoloDetect\x1b[0m\n'}
[0.141118] (test_interfaces) StdoutLine: {'line': b'[  2%] Built target test_interfaces__cpp\n'}
[0.157548] (test_interfaces) StdoutLine: {'line': b'[ 12%] Built target test_interfaces__rosidl_generator_c\n'}
[0.172586] (detect_s) StdoutLine: {'line': b'[ 50%] Built target cameraTimer\n'}
[0.176052] (turtlesim) StdoutLine: {'line': b'[  1%] Built target turtlesim__cpp\n'}
[0.177271] (turtlesim) StdoutLine: {'line': b'[ 11%] Built target turtlesim__rosidl_generator_c\n'}
[0.184620] (detect_s) StdoutLine: {'line': b'[ 75%] \x1b[32mBuilding CXX object CMakeFiles/yoloDetect.dir/src/YoloDetect.cpp.o\x1b[0m\n'}
[0.199749] (-) TimerEvent: {}
[0.220321] (test_interfaces) StdoutLine: {'line': b'[ 23%] Built target test_interfaces__rosidl_typesupport_introspection_cpp\n'}
[0.221029] (test_interfaces) StdoutLine: {'line': b'[ 33%] Built target test_interfaces__rosidl_typesupport_cpp\n'}
[0.222182] (test_interfaces) StdoutLine: {'line': b'[ 43%] Built target test_interfaces__rosidl_typesupport_fastrtps_cpp\n'}
[0.240356] (test_interfaces) StdoutLine: {'line': b'[ 53%] Built target test_interfaces__rosidl_typesupport_introspection_c\n'}
[0.245756] (test_interfaces) StdoutLine: {'line': b'[ 64%] Built target test_interfaces__rosidl_typesupport_c\n'}
[0.255409] (turtlesim) StdoutLine: {'line': b'[ 21%] Built target turtlesim__rosidl_typesupport_cpp\n'}
[0.257688] (turtlesim) StdoutLine: {'line': b'[ 31%] Built target turtlesim__rosidl_typesupport_fastrtps_cpp\n'}
[0.257957] (turtlesim) StdoutLine: {'line': b'[ 41%] Built target turtlesim__rosidl_typesupport_introspection_cpp\n'}
[0.263921] (turtlesim) StdoutLine: {'line': b'[ 51%] Built target turtlesim__rosidl_typesupport_c\n'}
[0.279603] (test_interfaces) StdoutLine: {'line': b'[ 74%] Built target test_interfaces__rosidl_typesupport_fastrtps_c\n'}
[0.292992] (turtlesim) StdoutLine: {'line': b'[ 61%] Built target turtlesim__rosidl_typesupport_introspection_c\n'}
[0.299833] (-) TimerEvent: {}
[0.300681] (turtlesim) StdoutLine: {'line': b'[ 71%] Built target turtlesim__rosidl_typesupport_fastrtps_c\n'}
[0.307978] (test_interfaces) StdoutLine: {'line': b'[ 74%] Built target test_interfaces\n'}
[0.336891] (turtlesim) StdoutLine: {'line': b'[ 71%] Built target turtlesim\n'}
[0.349752] (test_interfaces) StdoutLine: {'line': b'[ 76%] Built target test_interfaces__py\n'}
[0.379044] (turtlesim) StdoutLine: {'line': b'[ 72%] Built target turtlesim__py\n'}
[0.397502] (turtlesim) StdoutLine: {'line': b'[ 74%] Built target mimic\n'}
[0.399920] (-) TimerEvent: {}
[0.402467] (test_interfaces) StdoutLine: {'line': b'[ 84%] Built target test_interfaces__python\n'}
[0.403113] (turtlesim) StdoutLine: {'line': b'[ 76%] Built target draw_square\n'}
[0.404912] (turtlesim) StdoutLine: {'line': b'[ 78%] Built target turtle_teleop_key\n'}
[0.434287] (turtlesim) StdoutLine: {'line': b'[ 84%] Built target turtlesim_node\n'}
[0.454553] (test_interfaces) StdoutLine: {'line': b'[ 89%] Built target test_interfaces__rosidl_typesupport_c__pyext\n'}
[0.454921] (test_interfaces) StdoutLine: {'line': b'[ 94%] Built target test_interfaces__rosidl_typesupport_introspection_c__pyext\n'}
[0.455081] (turtlesim) StdoutLine: {'line': b'[ 93%] Built target turtlesim__python\n'}
[0.474995] (test_interfaces) StdoutLine: {'line': b'[100%] Built target test_interfaces__rosidl_typesupport_fastrtps_c__pyext\n'}
[0.492452] (test_interfaces) CommandEnded: {'returncode': 0}
[0.494190] (turtlesim) StdoutLine: {'line': b'[ 95%] Built target turtlesim__rosidl_typesupport_c__pyext\n'}
[0.494422] (turtlesim) StdoutLine: {'line': b'[ 97%] Built target turtlesim__rosidl_typesupport_introspection_c__pyext\n'}
[0.495960] (turtlesim) StdoutLine: {'line': b'[100%] Built target turtlesim__rosidl_typesupport_fastrtps_c__pyext\n'}
[0.500000] (-) TimerEvent: {}
[0.523559] (turtlesim) CommandEnded: {'returncode': 0}
[0.600136] (test_interfaces) JobProgress: {'identifier': 'test_interfaces', 'progress': 'install'}
[0.600585] (-) TimerEvent: {}
[0.616069] (test_interfaces) Command: {'cmd': ['/usr/bin/cmake', '--install', '/ros2_test/AD_Middle_Test/ros2/src/build/test_interfaces'], 'cwd': '/ros2_test/AD_Middle_Test/ros2/src/build/test_interfaces', 'env': OrderedDict([('LESSOPEN', '| /usr/bin/lesspipe %s'), ('HOSTNAME', '3d2cb9766238'), ('ROS_PACKAGE_PATH', '/opt/ros/foxy/share'), ('SHLVL', '1'), ('LD_LIBRARY_PATH', '/ros2_test/AD_Middle_Test/ros2/src/install/turtlesim/lib:/ros2_test/AD_Middle_Test/ros2/src/install/test_interfaces/lib:/ros2_test/AD_Middle_Test/ros2/install/turtlesim/lib:/ros2_test/AD_Middle_Test/ros2/install/test_interfaces/lib:/opt/ros/foxy/opt/yaml_cpp_vendor/lib:/opt/ros/foxy/opt/rviz_ogre_vendor/lib:/opt/ros/foxy/lib'), ('HOME', '/root'), ('OLDPWD', '/ros2_test/AD_Middle_Test/ros2/src/simple_s'), ('ROS_PYTHON_VERSION', '3'), ('COLCON_PREFIX_PATH', '/ros2_test/AD_Middle_Test/ros2/src/install:/ros2_test/AD_Middle_Test/ros2/install:/opt/ros/foxy'), ('ROS_DISTRO', 'foxy'), ('_', '/usr/bin/colcon'), ('ROS_VERSION', '2'), ('PKG_CONFIG_PATH', '/opt/ros/foxy/lib/x86_64-linux-gnu/pkgconfig:/opt/ros/foxy/lib/pkgconfig'), ('TERM', 'xterm'), ('ROS_LOCALHOST_ONLY', '0'), ('PATH', '/opt/ros/foxy/bin:/usr/local/sbin:/usr/local/bin:/usr/sbin:/usr/bin:/sbin:/bin'), ('LANG', 'C.UTF-8'), ('LS_COLORS', 'rs=0:di=01;34:ln=01;36:mh=00:pi=40;33:so=01;35:do=01;35:bd=40;33;01:cd=40;33;01:or=40;31;01:mi=00:su=37;41:sg=30;43:ca=30;41:tw=30;42:ow=34;42:st=37;44:ex=01;32:*.tar=01;31:*.tgz=01;31:*.arc=01;31:*.arj=01;31:*.taz=01;31:*.lha=01;31:*.lz4=01;31:*.lzh=01;31:*.lzma=01;31:*.tlz=01;31:*.txz=01;31:*.tzo=01;31:*.t7z=01;31:*.zip=01;31:*.z=01;31:*.dz=01;31:*.gz=01;31:*.lrz=01;31:*.lz=01;31:*.lzo=01;31:*.xz=01;31:*.zst=01;31:*.tzst=01;31:*.bz2=01;31:*.bz=01;31:*.tbz=01;31:*.tbz2=01;31:*.tz=01;31:*.deb=01;31:*.rpm=01;31:*.jar=01;31:*.war=01;31:*.ear=01;31:*.sar=01;31:*.rar=01;31:*.alz=01;31:*.ace=01;31:*.zoo=01;31:*.cpio=01;31:*.7z=01;31:*.rz=01;31:*.cab=01;31:*.wim=01;31:*.swm=01;31:*.dwm=01;31:*.esd=01;31:*.jpg=01;35:*.jpeg=01;35:*.mjpg=01;35:*.mjpeg=01;35:*.gif=01;35:*.bmp=01;35:*.pbm=01;35:*.pgm=01;35:*.ppm=01;35:*.tga=01;35:*.xbm=01;35:*.xpm=01;35:*.tif=01;35:*.tiff=01;35:*.png=01;35:*.svg=01;35:*.svgz=01;35:*.mng=01;35:*.pcx=01;35:*.mov=01;35:*.mpg=01;35:*.mpeg=01;35:*.m2v=01;35:*.mkv=01;35:*.webm=01;35:*.ogm=01;35:*.mp4=01;35:*.m4v=01;35:*.mp4v=01;35:*.vob=01;35:*.qt=01;35:*.nuv=01;35:*.wmv=01;35:*.asf=01;35:*.rm=01;35:*.rmvb=01;35:*.flc=01;35:*.avi=01;35:*.fli=01;35:*.flv=01;35:*.gl=01;35:*.dl=01;35:*.xcf=01;35:*.xwd=01;35:*.yuv=01;35:*.cgm=01;35:*.emf=01;35:*.ogv=01;35:*.ogx=01;35:*.aac=00;36:*.au=00;36:*.flac=00;36:*.m4a=00;36:*.mid=00;36:*.midi=00;36:*.mka=00;36:*.mp3=00;36:*.mpc=00;36:*.ogg=00;36:*.ra=00;36:*.wav=00;36:*.oga=00;36:*.opus=00;36:*.spx=00;36:*.xspf=00;36:'), ('ROSDISTRO_INDEX_URL', 'https://raw.githubusercontent.com/osrf/docker_images/master/ros2/nightly/nightly/index-v4.yaml'), ('AMENT_PREFIX_PATH', '/ros2_test/AD_Middle_Test/ros2/src/install/turtlesim:/ros2_test/AD_Middle_Test/ros2/src/install/simple_s:/ros2_test/AD_Middle_Test/ros2/src/install/test_interfaces:/ros2_test/AD_Middle_Test/ros2/src/install/detect_s:/ros2_test/AD_Middle_Test/ros2/install/turtlesim:/ros2_test/AD_Middle_Test/ros2/install/simple_s:/ros2_test/AD_Middle_Test/ros2/install/test_interfaces:/ros2_test/AD_Middle_Test/ros2/install/detect_s:/opt/ros/foxy'), ('LESSCLOSE', '/usr/bin/lesspipe %s %s'), ('PWD', '/ros2_test/AD_Middle_Test/ros2/src/build/test_interfaces'), ('LC_ALL', 'C.UTF-8'), ('PYTHONPATH', '/ros2_test/AD_Middle_Test/ros2/src/install/turtlesim/lib/python3.8/site-packages:/ros2_test/AD_Middle_Test/ros2/src/install/test_interfaces/lib/python3.8/site-packages:/ros2_test/AD_Middle_Test/ros2/install/turtlesim/lib/python3.8/site-packages:/ros2_test/AD_Middle_Test/ros2/install/test_interfaces/lib/python3.8/site-packages:/opt/ros/foxy/lib/python3.8/site-packages'), ('COLCON', '1'), ('CMAKE_PREFIX_PATH', '/ros2_test/AD_Middle_Test/ros2/src/install/turtlesim:/ros2_test/AD_Middle_Test/ros2/src/install/simple_s:/ros2_test/AD_Middle_Test/ros2/src/install/test_interfaces:/ros2_test/AD_Middle_Test/ros2/src/install/detect_s:/ros2_test/AD_Middle_Test/ros2/install/turtlesim:/ros2_test/AD_Middle_Test/ros2/install/simple_s:/ros2_test/AD_Middle_Test/ros2/install/test_interfaces:/ros2_test/AD_Middle_Test/ros2/install/detect_s:/opt/ros/foxy')]), 'shell': False}
[0.631254] (test_interfaces) StdoutLine: {'line': b'-- Install configuration: ""\n'}
[0.631648] (test_interfaces) StdoutLine: {'line': b'-- Up-to-date: /ros2_test/AD_Middle_Test/ros2/src/install/test_interfaces/share/ament_index/resource_index/rosidl_interfaces/test_interfaces\n'}
[0.631867] (test_interfaces) StdoutLine: {'line': b'-- Up-to-date: /ros2_test/AD_Middle_Test/ros2/src/install/test_interfaces/lib/libtest_interfaces__rosidl_typesupport_c.so\n'}
[0.632308] (test_interfaces) StdoutLine: {'line': b'-- Up-to-date: /ros2_test/AD_Middle_Test/ros2/src/install/test_interfaces/share/test_interfaces/environment/library_path.sh\n'}
[0.632471] (test_interfaces) StdoutLine: {'line': b'-- Up-to-date: /ros2_test/AD_Middle_Test/ros2/src/install/test_interfaces/share/test_interfaces/environment/library_path.dsv\n'}
[0.632654] (test_interfaces) StdoutLine: {'line': b'-- Up-to-date: /ros2_test/AD_Middle_Test/ros2/src/install/test_interfaces/lib/libtest_interfaces__rosidl_typesupport_cpp.so\n'}
[0.633201] (test_interfaces) StdoutLine: {'line': b'-- Up-to-date: /ros2_test/AD_Middle_Test/ros2/src/install/test_interfaces/include/test_interfaces\n'}
[0.633398] (test_interfaces) StdoutLine: {'line': b'-- Up-to-date: /ros2_test/AD_Middle_Test/ros2/src/install/test_interfaces/include/test_interfaces/msg\n'}
[0.633541] (test_interfaces) StdoutLine: {'line': b'-- Up-to-date: /ros2_test/AD_Middle_Test/ros2/src/install/test_interfaces/include/test_interfaces/msg/test_image__rosidl_typesupport_fastrtps_c.h\n'}
[0.633713] (test_interfaces) StdoutLine: {'line': b'-- Up-to-date: /ros2_test/AD_Middle_Test/ros2/src/install/test_interfaces/include/test_interfaces/msg/test__rosidl_typesupport_fastrtps_c.h\n'}
[0.634003] (test_interfaces) StdoutLine: {'line': b'-- Up-to-date: /ros2_test/AD_Middle_Test/ros2/src/install/test_interfaces/include/test_interfaces/msg/rosidl_typesupport_fastrtps_c__visibility_control.h\n'}
[0.634259] (test_interfaces) StdoutLine: {'line': b'-- Up-to-date: /ros2_test/AD_Middle_Test/ros2/src/install/test_interfaces/lib/libtest_interfaces__rosidl_typesupport_fastrtps_c.so\n'}
[0.634477] (test_interfaces) StdoutLine: {'line': b'-- Up-to-date: /ros2_test/AD_Middle_Test/ros2/src/install/test_interfaces/include/test_interfaces\n'}
[0.634618] (test_interfaces) StdoutLine: {'line': b'-- Up-to-date: /ros2_test/AD_Middle_Test/ros2/src/install/test_interfaces/include/test_interfaces/msg\n'}
[0.634781] (test_interfaces) StdoutLine: {'line': b'-- Up-to-date: /ros2_test/AD_Middle_Test/ros2/src/install/test_interfaces/include/test_interfaces/msg/dds_fastrtps\n'}
[0.635023] (test_interfaces) StdoutLine: {'line': b'-- Up-to-date: /ros2_test/AD_Middle_Test/ros2/src/install/test_interfaces/include/test_interfaces/msg/rosidl_typesupport_fastrtps_cpp__visibility_control.h\n'}
[0.635164] (test_interfaces) StdoutLine: {'line': b'-- Up-to-date: /ros2_test/AD_Middle_Test/ros2/src/install/test_interfaces/include/test_interfaces/msg/test__rosidl_typesupport_fastrtps_cpp.hpp\n'}
[0.635519] (test_interfaces) StdoutLine: {'line': b'-- Up-to-date: /ros2_test/AD_Middle_Test/ros2/src/install/test_interfaces/include/test_interfaces/msg/test_image__rosidl_typesupport_fastrtps_cpp.hpp\n'}
[0.635703] (test_interfaces) StdoutLine: {'line': b'-- Up-to-date: /ros2_test/AD_Middle_Test/ros2/src/install/test_interfaces/lib/libtest_interfaces__rosidl_typesupport_fastrtps_cpp.so\n'}
[0.635848] (test_interfaces) StdoutLine: {'line': b'-- Up-to-date: /ros2_test/AD_Middle_Test/ros2/src/install/test_interfaces/include/test_interfaces\n'}
[0.636174] (test_interfaces) StdoutLine: {'line': b'-- Up-to-date: /ros2_test/AD_Middle_Test/ros2/src/install/test_interfaces/include/test_interfaces/msg\n'}
[0.636361] (test_interfaces) StdoutLine: {'line': b'-- Up-to-date: /ros2_test/AD_Middle_Test/ros2/src/install/test_interfaces/include/test_interfaces/msg/rosidl_typesupport_introspection_c__visibility_control.h\n'}
[0.636689] (test_interfaces) StdoutLine: {'line': b'-- Up-to-date: /ros2_test/AD_Middle_Test/ros2/src/install/test_interfaces/include/test_interfaces/msg/detail\n'}
[0.636961] (test_interfaces) StdoutLine: {'line': b'-- Up-to-date: /ros2_test/AD_Middle_Test/ros2/src/install/test_interfaces/include/test_interfaces/msg/detail/test_image__type_support.c\n'}
[0.637173] (test_interfaces) StdoutLine: {'line': b'-- Up-to-date: /ros2_test/AD_Middle_Test/ros2/src/install/test_interfaces/include/test_interfaces/msg/detail/test__type_support.c\n'}
[0.637318] (test_interfaces) StdoutLine: {'line': b'-- Up-to-date: /ros2_test/AD_Middle_Test/ros2/src/install/test_interfaces/include/test_interfaces/msg/detail/test__rosidl_typesupport_introspection_c.h\n'}
[0.637457] (test_interfaces) StdoutLine: {'line': b'-- Up-to-date: /ros2_test/AD_Middle_Test/ros2/src/install/test_interfaces/include/test_interfaces/msg/detail/test_image__rosidl_typesupport_introspection_c.h\n'}
[0.638029] (test_interfaces) StdoutLine: {'line': b'-- Up-to-date: /ros2_test/AD_Middle_Test/ros2/src/install/test_interfaces/lib/libtest_interfaces__rosidl_typesupport_introspection_c.so\n'}
[0.638244] (test_interfaces) StdoutLine: {'line': b'-- Up-to-date: /ros2_test/AD_Middle_Test/ros2/src/install/test_interfaces/include/test_interfaces\n'}
[0.638393] (test_interfaces) StdoutLine: {'line': b'-- Up-to-date: /ros2_test/AD_Middle_Test/ros2/src/install/test_interfaces/include/test_interfaces/msg\n'}
[0.638569] (test_interfaces) StdoutLine: {'line': b'-- Up-to-date: /ros2_test/AD_Middle_Test/ros2/src/install/test_interfaces/include/test_interfaces/msg/detail\n'}
[0.638800] (test_interfaces) StdoutLine: {'line': b'-- Up-to-date: /ros2_test/AD_Middle_Test/ros2/src/install/test_interfaces/include/test_interfaces/msg/detail/test__type_support.cpp\n'}
[0.639200] (test_interfaces) StdoutLine: {'line': b'-- Up-to-date: /ros2_test/AD_Middle_Test/ros2/src/install/test_interfaces/include/test_interfaces/msg/detail/test_image__type_support.cpp\n'}
[0.639398] (test_interfaces) StdoutLine: {'line': b'-- Up-to-date: /ros2_test/AD_Middle_Test/ros2/src/install/test_interfaces/include/test_interfaces/msg/detail/test_image__rosidl_typesupport_introspection_cpp.hpp\n'}
[0.639722] (test_interfaces) StdoutLine: {'line': b'-- Up-to-date: /ros2_test/AD_Middle_Test/ros2/src/install/test_interfaces/include/test_interfaces/msg/detail/test__rosidl_typesupport_introspection_cpp.hpp\n'}
[0.639864] (test_interfaces) StdoutLine: {'line': b'-- Up-to-date: /ros2_test/AD_Middle_Test/ros2/src/install/test_interfaces/lib/libtest_interfaces__rosidl_typesupport_introspection_cpp.so\n'}
[0.640003] (test_interfaces) StdoutLine: {'line': b'-- Up-to-date: /ros2_test/AD_Middle_Test/ros2/src/install/test_interfaces/include/test_interfaces\n'}
[0.640141] (test_interfaces) StdoutLine: {'line': b'-- Up-to-date: /ros2_test/AD_Middle_Test/ros2/src/install/test_interfaces/include/test_interfaces/msg\n'}
[0.640571] (test_interfaces) StdoutLine: {'line': b'-- Up-to-date: /ros2_test/AD_Middle_Test/ros2/src/install/test_interfaces/include/test_interfaces/msg/detail\n'}
[0.640749] (test_interfaces) StdoutLine: {'line': b'-- Up-to-date: /ros2_test/AD_Middle_Test/ros2/src/install/test_interfaces/include/test_interfaces/msg/detail/test_image__type_support.h\n'}
[0.640897] (test_interfaces) StdoutLine: {'line': b'-- Up-to-date: /ros2_test/AD_Middle_Test/ros2/src/install/test_interfaces/include/test_interfaces/msg/detail/test__functions.c\n'}
[0.641041] (test_interfaces) StdoutLine: {'line': b'-- Up-to-date: /ros2_test/AD_Middle_Test/ros2/src/install/test_interfaces/include/test_interfaces/msg/detail/test__struct.h\n'}
[0.641220] (test_interfaces) StdoutLine: {'line': b'-- Up-to-date: /ros2_test/AD_Middle_Test/ros2/src/install/test_interfaces/include/test_interfaces/msg/detail/test_image__struct.h\n'}
[0.641478] (test_interfaces) StdoutLine: {'line': b'-- Up-to-date: /ros2_test/AD_Middle_Test/ros2/src/install/test_interfaces/include/test_interfaces/msg/detail/test_image__functions.h\n'}
[0.641619] (test_interfaces) StdoutLine: {'line': b'-- Up-to-date: /ros2_test/AD_Middle_Test/ros2/src/install/test_interfaces/include/test_interfaces/msg/detail/test__functions.h\n'}
[0.641757] (test_interfaces) StdoutLine: {'line': b'-- Up-to-date: /ros2_test/AD_Middle_Test/ros2/src/install/test_interfaces/include/test_interfaces/msg/detail/test_image__functions.c\n'}
[0.641894] (test_interfaces) StdoutLine: {'line': b'-- Up-to-date: /ros2_test/AD_Middle_Test/ros2/src/install/test_interfaces/include/test_interfaces/msg/detail/test__type_support.h\n'}
[0.642074] (test_interfaces) StdoutLine: {'line': b'-- Up-to-date: /ros2_test/AD_Middle_Test/ros2/src/install/test_interfaces/include/test_interfaces/msg/test.h\n'}
[0.642317] (test_interfaces) StdoutLine: {'line': b'-- Up-to-date: /ros2_test/AD_Middle_Test/ros2/src/install/test_interfaces/include/test_interfaces/msg/test_image.h\n'}
[0.642457] (test_interfaces) StdoutLine: {'line': b'-- Up-to-date: /ros2_test/AD_Middle_Test/ros2/src/install/test_interfaces/include/test_interfaces/msg/rosidl_generator_c__visibility_control.h\n'}
[0.642601] (test_interfaces) StdoutLine: {'line': b'-- Up-to-date: /ros2_test/AD_Middle_Test/ros2/src/install/test_interfaces/lib/libtest_interfaces__rosidl_generator_c.so\n'}
[0.642739] (test_interfaces) StdoutLine: {'line': b'-- Up-to-date: /ros2_test/AD_Middle_Test/ros2/src/install/test_interfaces/include/test_interfaces\n'}
[0.643014] (test_interfaces) StdoutLine: {'line': b'-- Up-to-date: /ros2_test/AD_Middle_Test/ros2/src/install/test_interfaces/include/test_interfaces/msg\n'}
[0.643194] (test_interfaces) StdoutLine: {'line': b'-- Up-to-date: /ros2_test/AD_Middle_Test/ros2/src/install/test_interfaces/include/test_interfaces/msg/test_image.hpp\n'}
[0.643344] (test_interfaces) StdoutLine: {'line': b'-- Up-to-date: /ros2_test/AD_Middle_Test/ros2/src/install/test_interfaces/include/test_interfaces/msg/test.hpp\n'}
[0.643499] (test_interfaces) StdoutLine: {'line': b'-- Up-to-date: /ros2_test/AD_Middle_Test/ros2/src/install/test_interfaces/include/test_interfaces/msg/detail\n'}
[0.643732] (test_interfaces) StdoutLine: {'line': b'-- Up-to-date: /ros2_test/AD_Middle_Test/ros2/src/install/test_interfaces/include/test_interfaces/msg/detail/test__builder.hpp\n'}
[0.643966] (test_interfaces) StdoutLine: {'line': b'-- Up-to-date: /ros2_test/AD_Middle_Test/ros2/src/install/test_interfaces/include/test_interfaces/msg/detail/test__struct.hpp\n'}
[0.644107] (test_interfaces) StdoutLine: {'line': b'-- Up-to-date: /ros2_test/AD_Middle_Test/ros2/src/install/test_interfaces/include/test_interfaces/msg/detail/test_image__traits.hpp\n'}
[0.644263] (test_interfaces) StdoutLine: {'line': b'-- Up-to-date: /ros2_test/AD_Middle_Test/ros2/src/install/test_interfaces/include/test_interfaces/msg/detail/test_image__struct.hpp\n'}
[0.644407] (test_interfaces) StdoutLine: {'line': b'-- Up-to-date: /ros2_test/AD_Middle_Test/ros2/src/install/test_interfaces/include/test_interfaces/msg/detail/test_image__builder.hpp\n'}
[0.644576] (test_interfaces) StdoutLine: {'line': b'-- Up-to-date: /ros2_test/AD_Middle_Test/ros2/src/install/test_interfaces/include/test_interfaces/msg/detail/test__traits.hpp\n'}
[0.644734] (test_interfaces) StdoutLine: {'line': b'-- Up-to-date: /ros2_test/AD_Middle_Test/ros2/src/install/test_interfaces/share/test_interfaces/environment/pythonpath.sh\n'}
[0.644873] (test_interfaces) StdoutLine: {'line': b'-- Up-to-date: /ros2_test/AD_Middle_Test/ros2/src/install/test_interfaces/share/test_interfaces/environment/pythonpath.dsv\n'}
[0.645010] (test_interfaces) StdoutLine: {'line': b'-- Up-to-date: /ros2_test/AD_Middle_Test/ros2/src/install/test_interfaces/lib/python3.8/site-packages/test_interfaces/__init__.py\n'}
[0.696808] (test_interfaces) StdoutLine: {'line': b'-- Up-to-date: /ros2_test/AD_Middle_Test/ros2/src/install/test_interfaces/lib/python3.8/site-packages/test_interfaces/msg\n'}
[0.697142] (test_interfaces) StdoutLine: {'line': b'-- Up-to-date: /ros2_test/AD_Middle_Test/ros2/src/install/test_interfaces/lib/python3.8/site-packages/test_interfaces/msg/_test_s.c\n'}
[0.697301] (test_interfaces) StdoutLine: {'line': b'-- Up-to-date: /ros2_test/AD_Middle_Test/ros2/src/install/test_interfaces/lib/python3.8/site-packages/test_interfaces/msg/_test.py\n'}
[0.697622] (test_interfaces) StdoutLine: {'line': b'-- Up-to-date: /ros2_test/AD_Middle_Test/ros2/src/install/test_interfaces/lib/python3.8/site-packages/test_interfaces/msg/__init__.py\n'}
[0.697823] (test_interfaces) StdoutLine: {'line': b'-- Up-to-date: /ros2_test/AD_Middle_Test/ros2/src/install/test_interfaces/lib/python3.8/site-packages/test_interfaces/msg/_test_image.py\n'}
[0.697975] (test_interfaces) StdoutLine: {'line': b'-- Up-to-date: /ros2_test/AD_Middle_Test/ros2/src/install/test_interfaces/lib/python3.8/site-packages/test_interfaces/msg/_test_image_s.c\n'}
[0.698118] (test_interfaces) StdoutLine: {'line': b'-- Up-to-date: /ros2_test/AD_Middle_Test/ros2/src/install/test_interfaces/lib/python3.8/site-packages/test_interfaces/test_interfaces_s__rosidl_typesupport_fastrtps_c.cpython-38-x86_64-linux-gnu.so\n'}
[0.698800] (test_interfaces) StdoutLine: {'line': b'-- Up-to-date: /ros2_test/AD_Middle_Test/ros2/src/install/test_interfaces/lib/python3.8/site-packages/test_interfaces/test_interfaces_s__rosidl_typesupport_introspection_c.cpython-38-x86_64-linux-gnu.so\n'}
[0.699963] (test_interfaces) StdoutLine: {'line': b'-- Up-to-date: /ros2_test/AD_Middle_Test/ros2/src/install/test_interfaces/lib/python3.8/site-packages/test_interfaces/test_interfaces_s__rosidl_typesupport_c.cpython-38-x86_64-linux-gnu.so\n'}
[0.700722] (-) TimerEvent: {}
[0.701003] (test_interfaces) StdoutLine: {'line': b'-- Up-to-date: /ros2_test/AD_Middle_Test/ros2/src/install/test_interfaces/lib/libtest_interfaces__python.so\n'}
[0.701203] (test_interfaces) StdoutLine: {'line': b'-- Up-to-date: /ros2_test/AD_Middle_Test/ros2/src/install/test_interfaces/share/test_interfaces/msg/Test.idl\n'}
[0.701404] (test_interfaces) StdoutLine: {'line': b'-- Up-to-date: /ros2_test/AD_Middle_Test/ros2/src/install/test_interfaces/share/test_interfaces/msg/TestImage.idl\n'}
[0.701808] (test_interfaces) StdoutLine: {'line': b'-- Up-to-date: /ros2_test/AD_Middle_Test/ros2/src/install/test_interfaces/share/test_interfaces/msg/Test.msg\n'}
[0.702005] (test_interfaces) StdoutLine: {'line': b'-- Up-to-date: /ros2_test/AD_Middle_Test/ros2/src/install/test_interfaces/share/test_interfaces/msg/TestImage.msg\n'}
[0.702226] (test_interfaces) StdoutLine: {'line': b'-- Up-to-date: /ros2_test/AD_Middle_Test/ros2/src/install/test_interfaces/share/ament_index/resource_index/package_run_dependencies/test_interfaces\n'}
[0.702583] (test_interfaces) StdoutLine: {'line': b'-- Up-to-date: /ros2_test/AD_Middle_Test/ros2/src/install/test_interfaces/share/ament_index/resource_index/parent_prefix_path/test_interfaces\n'}
[0.702764] (test_interfaces) StdoutLine: {'line': b'-- Up-to-date: /ros2_test/AD_Middle_Test/ros2/src/install/test_interfaces/share/test_interfaces/environment/ament_prefix_path.sh\n'}
[0.702933] (test_interfaces) StdoutLine: {'line': b'-- Up-to-date: /ros2_test/AD_Middle_Test/ros2/src/install/test_interfaces/share/test_interfaces/environment/ament_prefix_path.dsv\n'}
[0.703103] (test_interfaces) StdoutLine: {'line': b'-- Up-to-date: /ros2_test/AD_Middle_Test/ros2/src/install/test_interfaces/share/test_interfaces/environment/path.sh\n'}
[0.703564] (test_interfaces) StdoutLine: {'line': b'-- Up-to-date: /ros2_test/AD_Middle_Test/ros2/src/install/test_interfaces/share/test_interfaces/environment/path.dsv\n'}
[0.703782] (test_interfaces) StdoutLine: {'line': b'-- Up-to-date: /ros2_test/AD_Middle_Test/ros2/src/install/test_interfaces/share/test_interfaces/local_setup.bash\n'}
[0.704067] (test_interfaces) StdoutLine: {'line': b'-- Up-to-date: /ros2_test/AD_Middle_Test/ros2/src/install/test_interfaces/share/test_interfaces/local_setup.sh\n'}
[0.704237] (test_interfaces) StdoutLine: {'line': b'-- Up-to-date: /ros2_test/AD_Middle_Test/ros2/src/install/test_interfaces/share/test_interfaces/local_setup.zsh\n'}
[0.704386] (test_interfaces) StdoutLine: {'line': b'-- Up-to-date: /ros2_test/AD_Middle_Test/ros2/src/install/test_interfaces/share/test_interfaces/local_setup.dsv\n'}
[0.704525] (test_interfaces) StdoutLine: {'line': b'-- Installing: /ros2_test/AD_Middle_Test/ros2/src/install/test_interfaces/share/test_interfaces/package.dsv\n'}
[0.704662] (test_interfaces) StdoutLine: {'line': b'-- Up-to-date: /ros2_test/AD_Middle_Test/ros2/src/install/test_interfaces/share/ament_index/resource_index/packages/test_interfaces\n'}
[0.704954] (test_interfaces) StdoutLine: {'line': b'-- Up-to-date: /ros2_test/AD_Middle_Test/ros2/src/install/test_interfaces/share/test_interfaces/cmake/rosidl_cmake-extras.cmake\n'}
[0.705118] (test_interfaces) StdoutLine: {'line': b'-- Up-to-date: /ros2_test/AD_Middle_Test/ros2/src/install/test_interfaces/share/test_interfaces/cmake/ament_cmake_export_dependencies-extras.cmake\n'}
[0.705265] (test_interfaces) StdoutLine: {'line': b'-- Up-to-date: /ros2_test/AD_Middle_Test/ros2/src/install/test_interfaces/share/test_interfaces/cmake/ament_cmake_export_libraries-extras.cmake\n'}
[0.705407] (test_interfaces) StdoutLine: {'line': b'-- Up-to-date: /ros2_test/AD_Middle_Test/ros2/src/install/test_interfaces/share/test_interfaces/cmake/ament_cmake_export_include_directories-extras.cmake\n'}
[0.705547] (test_interfaces) StdoutLine: {'line': b'-- Up-to-date: /ros2_test/AD_Middle_Test/ros2/src/install/test_interfaces/share/test_interfaces/cmake/rosidl_cmake_export_typesupport_libraries-extras.cmake\n'}
[0.705845] (test_interfaces) StdoutLine: {'line': b'-- Up-to-date: /ros2_test/AD_Middle_Test/ros2/src/install/test_interfaces/share/test_interfaces/cmake/test_interfacesConfig.cmake\n'}
[0.706406] (test_interfaces) StdoutLine: {'line': b'-- Up-to-date: /ros2_test/AD_Middle_Test/ros2/src/install/test_interfaces/share/test_interfaces/cmake/test_interfacesConfig-version.cmake\n'}
[0.708482] (test_interfaces) StdoutLine: {'line': b'-- Up-to-date: /ros2_test/AD_Middle_Test/ros2/src/install/test_interfaces/share/test_interfaces/package.xml\n'}
[0.708811] (test_interfaces) CommandEnded: {'returncode': 0}
[0.735336] (test_interfaces) JobEnded: {'identifier': 'test_interfaces', 'rc': 0}
[0.741040] (simple_s) JobStarted: {'identifier': 'simple_s'}
[0.757002] (simple_s) JobProgress: {'identifier': 'simple_s', 'progress': 'cmake'}
[0.758061] (simple_s) JobProgress: {'identifier': 'simple_s', 'progress': 'build'}
[0.758510] (simple_s) Command: {'cmd': ['/usr/bin/cmake', '--build', '/ros2_test/AD_Middle_Test/ros2/src/build/simple_s', '--', '-j5', '-l5'], 'cwd': '/ros2_test/AD_Middle_Test/ros2/src/build/simple_s', 'env': OrderedDict([('LESSOPEN', '| /usr/bin/lesspipe %s'), ('HOSTNAME', '3d2cb9766238'), ('ROS_PACKAGE_PATH', '/opt/ros/foxy/share'), ('SHLVL', '1'), ('LD_LIBRARY_PATH', '/ros2_test/AD_Middle_Test/ros2/src/install/test_interfaces/lib:/ros2_test/AD_Middle_Test/ros2/src/install/turtlesim/lib:/ros2_test/AD_Middle_Test/ros2/install/turtlesim/lib:/ros2_test/AD_Middle_Test/ros2/install/test_interfaces/lib:/opt/ros/foxy/opt/yaml_cpp_vendor/lib:/opt/ros/foxy/opt/rviz_ogre_vendor/lib:/opt/ros/foxy/lib'), ('HOME', '/root'), ('OLDPWD', '/ros2_test/AD_Middle_Test/ros2/src/simple_s'), ('ROS_PYTHON_VERSION', '3'), ('COLCON_PREFIX_PATH', '/ros2_test/AD_Middle_Test/ros2/src/install:/ros2_test/AD_Middle_Test/ros2/install:/opt/ros/foxy'), ('ROS_DISTRO', 'foxy'), ('_', '/usr/bin/colcon'), ('ROS_VERSION', '2'), ('PKG_CONFIG_PATH', '/opt/ros/foxy/lib/x86_64-linux-gnu/pkgconfig:/opt/ros/foxy/lib/pkgconfig'), ('TERM', 'xterm'), ('ROS_LOCALHOST_ONLY', '0'), ('PATH', '/opt/ros/foxy/bin:/usr/local/sbin:/usr/local/bin:/usr/sbin:/usr/bin:/sbin:/bin'), ('LANG', 'C.UTF-8'), ('LS_COLORS', 'rs=0:di=01;34:ln=01;36:mh=00:pi=40;33:so=01;35:do=01;35:bd=40;33;01:cd=40;33;01:or=40;31;01:mi=00:su=37;41:sg=30;43:ca=30;41:tw=30;42:ow=34;42:st=37;44:ex=01;32:*.tar=01;31:*.tgz=01;31:*.arc=01;31:*.arj=01;31:*.taz=01;31:*.lha=01;31:*.lz4=01;31:*.lzh=01;31:*.lzma=01;31:*.tlz=01;31:*.txz=01;31:*.tzo=01;31:*.t7z=01;31:*.zip=01;31:*.z=01;31:*.dz=01;31:*.gz=01;31:*.lrz=01;31:*.lz=01;31:*.lzo=01;31:*.xz=01;31:*.zst=01;31:*.tzst=01;31:*.bz2=01;31:*.bz=01;31:*.tbz=01;31:*.tbz2=01;31:*.tz=01;31:*.deb=01;31:*.rpm=01;31:*.jar=01;31:*.war=01;31:*.ear=01;31:*.sar=01;31:*.rar=01;31:*.alz=01;31:*.ace=01;31:*.zoo=01;31:*.cpio=01;31:*.7z=01;31:*.rz=01;31:*.cab=01;31:*.wim=01;31:*.swm=01;31:*.dwm=01;31:*.esd=01;31:*.jpg=01;35:*.jpeg=01;35:*.mjpg=01;35:*.mjpeg=01;35:*.gif=01;35:*.bmp=01;35:*.pbm=01;35:*.pgm=01;35:*.ppm=01;35:*.tga=01;35:*.xbm=01;35:*.xpm=01;35:*.tif=01;35:*.tiff=01;35:*.png=01;35:*.svg=01;35:*.svgz=01;35:*.mng=01;35:*.pcx=01;35:*.mov=01;35:*.mpg=01;35:*.mpeg=01;35:*.m2v=01;35:*.mkv=01;35:*.webm=01;35:*.ogm=01;35:*.mp4=01;35:*.m4v=01;35:*.mp4v=01;35:*.vob=01;35:*.qt=01;35:*.nuv=01;35:*.wmv=01;35:*.asf=01;35:*.rm=01;35:*.rmvb=01;35:*.flc=01;35:*.avi=01;35:*.fli=01;35:*.flv=01;35:*.gl=01;35:*.dl=01;35:*.xcf=01;35:*.xwd=01;35:*.yuv=01;35:*.cgm=01;35:*.emf=01;35:*.ogv=01;35:*.ogx=01;35:*.aac=00;36:*.au=00;36:*.flac=00;36:*.m4a=00;36:*.mid=00;36:*.midi=00;36:*.mka=00;36:*.mp3=00;36:*.mpc=00;36:*.ogg=00;36:*.ra=00;36:*.wav=00;36:*.oga=00;36:*.opus=00;36:*.spx=00;36:*.xspf=00;36:'), ('ROSDISTRO_INDEX_URL', 'https://raw.githubusercontent.com/osrf/docker_images/master/ros2/nightly/nightly/index-v4.yaml'), ('AMENT_PREFIX_PATH', '/ros2_test/AD_Middle_Test/ros2/src/install/turtlesim:/ros2_test/AD_Middle_Test/ros2/src/install/simple_s:/ros2_test/AD_Middle_Test/ros2/src/install/test_interfaces:/ros2_test/AD_Middle_Test/ros2/src/install/detect_s:/ros2_test/AD_Middle_Test/ros2/install/turtlesim:/ros2_test/AD_Middle_Test/ros2/install/simple_s:/ros2_test/AD_Middle_Test/ros2/install/test_interfaces:/ros2_test/AD_Middle_Test/ros2/install/detect_s:/opt/ros/foxy'), ('LESSCLOSE', '/usr/bin/lesspipe %s %s'), ('PWD', '/ros2_test/AD_Middle_Test/ros2/src/build/simple_s'), ('LC_ALL', 'C.UTF-8'), ('PYTHONPATH', '/ros2_test/AD_Middle_Test/ros2/src/install/test_interfaces/lib/python3.8/site-packages:/ros2_test/AD_Middle_Test/ros2/src/install/turtlesim/lib/python3.8/site-packages:/ros2_test/AD_Middle_Test/ros2/install/turtlesim/lib/python3.8/site-packages:/ros2_test/AD_Middle_Test/ros2/install/test_interfaces/lib/python3.8/site-packages:/opt/ros/foxy/lib/python3.8/site-packages'), ('COLCON', '1'), ('CMAKE_PREFIX_PATH', '/ros2_test/AD_Middle_Test/ros2/src/install/test_interfaces:/ros2_test/AD_Middle_Test/ros2/src/install/turtlesim:/ros2_test/AD_Middle_Test/ros2/src/install/simple_s:/ros2_test/AD_Middle_Test/ros2/src/install/detect_s:/ros2_test/AD_Middle_Test/ros2/install/turtlesim:/ros2_test/AD_Middle_Test/ros2/install/simple_s:/ros2_test/AD_Middle_Test/ros2/install/test_interfaces:/ros2_test/AD_Middle_Test/ros2/install/detect_s:/opt/ros/foxy')]), 'shell': False}
[0.797505] (turtlesim) JobProgress: {'identifier': 'turtlesim', 'progress': 'install'}
[0.798082] (turtlesim) Command: {'cmd': ['/usr/bin/cmake', '--install', '/ros2_test/AD_Middle_Test/ros2/src/build/turtlesim'], 'cwd': '/ros2_test/AD_Middle_Test/ros2/src/build/turtlesim', 'env': OrderedDict([('LESSOPEN', '| /usr/bin/lesspipe %s'), ('HOSTNAME', '3d2cb9766238'), ('ROS_PACKAGE_PATH', '/opt/ros/foxy/share'), ('SHLVL', '1'), ('LD_LIBRARY_PATH', '/ros2_test/AD_Middle_Test/ros2/src/install/turtlesim/lib:/ros2_test/AD_Middle_Test/ros2/src/install/test_interfaces/lib:/ros2_test/AD_Middle_Test/ros2/install/turtlesim/lib:/ros2_test/AD_Middle_Test/ros2/install/test_interfaces/lib:/opt/ros/foxy/opt/yaml_cpp_vendor/lib:/opt/ros/foxy/opt/rviz_ogre_vendor/lib:/opt/ros/foxy/lib'), ('HOME', '/root'), ('OLDPWD', '/ros2_test/AD_Middle_Test/ros2/src/simple_s'), ('ROS_PYTHON_VERSION', '3'), ('COLCON_PREFIX_PATH', '/ros2_test/AD_Middle_Test/ros2/src/install:/ros2_test/AD_Middle_Test/ros2/install:/opt/ros/foxy'), ('ROS_DISTRO', 'foxy'), ('_', '/usr/bin/colcon'), ('ROS_VERSION', '2'), ('PKG_CONFIG_PATH', '/opt/ros/foxy/lib/x86_64-linux-gnu/pkgconfig:/opt/ros/foxy/lib/pkgconfig'), ('TERM', 'xterm'), ('ROS_LOCALHOST_ONLY', '0'), ('PATH', '/opt/ros/foxy/bin:/usr/local/sbin:/usr/local/bin:/usr/sbin:/usr/bin:/sbin:/bin'), ('LANG', 'C.UTF-8'), ('LS_COLORS', 'rs=0:di=01;34:ln=01;36:mh=00:pi=40;33:so=01;35:do=01;35:bd=40;33;01:cd=40;33;01:or=40;31;01:mi=00:su=37;41:sg=30;43:ca=30;41:tw=30;42:ow=34;42:st=37;44:ex=01;32:*.tar=01;31:*.tgz=01;31:*.arc=01;31:*.arj=01;31:*.taz=01;31:*.lha=01;31:*.lz4=01;31:*.lzh=01;31:*.lzma=01;31:*.tlz=01;31:*.txz=01;31:*.tzo=01;31:*.t7z=01;31:*.zip=01;31:*.z=01;31:*.dz=01;31:*.gz=01;31:*.lrz=01;31:*.lz=01;31:*.lzo=01;31:*.xz=01;31:*.zst=01;31:*.tzst=01;31:*.bz2=01;31:*.bz=01;31:*.tbz=01;31:*.tbz2=01;31:*.tz=01;31:*.deb=01;31:*.rpm=01;31:*.jar=01;31:*.war=01;31:*.ear=01;31:*.sar=01;31:*.rar=01;31:*.alz=01;31:*.ace=01;31:*.zoo=01;31:*.cpio=01;31:*.7z=01;31:*.rz=01;31:*.cab=01;31:*.wim=01;31:*.swm=01;31:*.dwm=01;31:*.esd=01;31:*.jpg=01;35:*.jpeg=01;35:*.mjpg=01;35:*.mjpeg=01;35:*.gif=01;35:*.bmp=01;35:*.pbm=01;35:*.pgm=01;35:*.ppm=01;35:*.tga=01;35:*.xbm=01;35:*.xpm=01;35:*.tif=01;35:*.tiff=01;35:*.png=01;35:*.svg=01;35:*.svgz=01;35:*.mng=01;35:*.pcx=01;35:*.mov=01;35:*.mpg=01;35:*.mpeg=01;35:*.m2v=01;35:*.mkv=01;35:*.webm=01;35:*.ogm=01;35:*.mp4=01;35:*.m4v=01;35:*.mp4v=01;35:*.vob=01;35:*.qt=01;35:*.nuv=01;35:*.wmv=01;35:*.asf=01;35:*.rm=01;35:*.rmvb=01;35:*.flc=01;35:*.avi=01;35:*.fli=01;35:*.flv=01;35:*.gl=01;35:*.dl=01;35:*.xcf=01;35:*.xwd=01;35:*.yuv=01;35:*.cgm=01;35:*.emf=01;35:*.ogv=01;35:*.ogx=01;35:*.aac=00;36:*.au=00;36:*.flac=00;36:*.m4a=00;36:*.mid=00;36:*.midi=00;36:*.mka=00;36:*.mp3=00;36:*.mpc=00;36:*.ogg=00;36:*.ra=00;36:*.wav=00;36:*.oga=00;36:*.opus=00;36:*.spx=00;36:*.xspf=00;36:'), ('ROSDISTRO_INDEX_URL', 'https://raw.githubusercontent.com/osrf/docker_images/master/ros2/nightly/nightly/index-v4.yaml'), ('AMENT_PREFIX_PATH', '/ros2_test/AD_Middle_Test/ros2/src/install/turtlesim:/ros2_test/AD_Middle_Test/ros2/src/install/simple_s:/ros2_test/AD_Middle_Test/ros2/src/install/test_interfaces:/ros2_test/AD_Middle_Test/ros2/src/install/detect_s:/ros2_test/AD_Middle_Test/ros2/install/turtlesim:/ros2_test/AD_Middle_Test/ros2/install/simple_s:/ros2_test/AD_Middle_Test/ros2/install/test_interfaces:/ros2_test/AD_Middle_Test/ros2/install/detect_s:/opt/ros/foxy'), ('LESSCLOSE', '/usr/bin/lesspipe %s %s'), ('PWD', '/ros2_test/AD_Middle_Test/ros2/src/build/turtlesim'), ('LC_ALL', 'C.UTF-8'), ('PYTHONPATH', '/ros2_test/AD_Middle_Test/ros2/src/install/turtlesim/lib/python3.8/site-packages:/ros2_test/AD_Middle_Test/ros2/src/install/test_interfaces/lib/python3.8/site-packages:/ros2_test/AD_Middle_Test/ros2/install/turtlesim/lib/python3.8/site-packages:/ros2_test/AD_Middle_Test/ros2/install/test_interfaces/lib/python3.8/site-packages:/opt/ros/foxy/lib/python3.8/site-packages'), ('COLCON', '1'), ('CMAKE_PREFIX_PATH', '/ros2_test/AD_Middle_Test/ros2/src/install/turtlesim:/ros2_test/AD_Middle_Test/ros2/src/install/simple_s:/ros2_test/AD_Middle_Test/ros2/src/install/test_interfaces:/ros2_test/AD_Middle_Test/ros2/src/install/detect_s:/ros2_test/AD_Middle_Test/ros2/install/turtlesim:/ros2_test/AD_Middle_Test/ros2/install/simple_s:/ros2_test/AD_Middle_Test/ros2/install/test_interfaces:/ros2_test/AD_Middle_Test/ros2/install/detect_s:/opt/ros/foxy')]), 'shell': False}
[0.801480] (-) TimerEvent: {}
[0.813179] (turtlesim) StdoutLine: {'line': b'-- Install configuration: ""\n'}
[0.813469] (turtlesim) StdoutLine: {'line': b'-- Up-to-date: /ros2_test/AD_Middle_Test/ros2/src/install/turtlesim/share/ament_index/resource_index/rosidl_interfaces/turtlesim\n'}
[0.813722] (turtlesim) StdoutLine: {'line': b'-- Up-to-date: /ros2_test/AD_Middle_Test/ros2/src/install/turtlesim/lib/libturtlesim__rosidl_typesupport_c.so\n'}
[0.814136] (turtlesim) StdoutLine: {'line': b'-- Up-to-date: /ros2_test/AD_Middle_Test/ros2/src/install/turtlesim/share/turtlesim/environment/library_path.sh\n'}
[0.814338] (turtlesim) StdoutLine: {'line': b'-- Up-to-date: /ros2_test/AD_Middle_Test/ros2/src/install/turtlesim/share/turtlesim/environment/library_path.dsv\n'}
[0.814595] (turtlesim) StdoutLine: {'line': b'-- Up-to-date: /ros2_test/AD_Middle_Test/ros2/src/install/turtlesim/lib/libturtlesim__rosidl_typesupport_cpp.so\n'}
[0.814985] (turtlesim) StdoutLine: {'line': b'-- Up-to-date: /ros2_test/AD_Middle_Test/ros2/src/install/turtlesim/include/turtlesim\n'}
[0.815224] (turtlesim) StdoutLine: {'line': b'-- Up-to-date: /ros2_test/AD_Middle_Test/ros2/src/install/turtlesim/include/turtlesim/msg\n'}
[0.815371] (turtlesim) StdoutLine: {'line': b'-- Up-to-date: /ros2_test/AD_Middle_Test/ros2/src/install/turtlesim/include/turtlesim/msg/rosidl_typesupport_introspection_c__visibility_control.h\n'}
[0.815513] (turtlesim) StdoutLine: {'line': b'-- Up-to-date: /ros2_test/AD_Middle_Test/ros2/src/install/turtlesim/include/turtlesim/msg/detail\n'}
[0.815651] (turtlesim) StdoutLine: {'line': b'-- Up-to-date: /ros2_test/AD_Middle_Test/ros2/src/install/turtlesim/include/turtlesim/msg/detail/pose__type_support.c\n'}
[0.815790] (turtlesim) StdoutLine: {'line': b'-- Up-to-date: /ros2_test/AD_Middle_Test/ros2/src/install/turtlesim/include/turtlesim/msg/detail/pose__rosidl_typesupport_introspection_c.h\n'}
[0.816091] (turtlesim) StdoutLine: {'line': b'-- Up-to-date: /ros2_test/AD_Middle_Test/ros2/src/install/turtlesim/include/turtlesim/msg/detail/color__rosidl_typesupport_introspection_c.h\n'}
[0.816248] (turtlesim) StdoutLine: {'line': b'-- Up-to-date: /ros2_test/AD_Middle_Test/ros2/src/install/turtlesim/include/turtlesim/msg/detail/color__type_support.c\n'}
[0.816392] (turtlesim) StdoutLine: {'line': b'-- Up-to-date: /ros2_test/AD_Middle_Test/ros2/src/install/turtlesim/include/turtlesim/srv\n'}
[0.816531] (turtlesim) StdoutLine: {'line': b'-- Up-to-date: /ros2_test/AD_Middle_Test/ros2/src/install/turtlesim/include/turtlesim/srv/detail\n'}
[0.816669] (turtlesim) StdoutLine: {'line': b'-- Up-to-date: /ros2_test/AD_Middle_Test/ros2/src/install/turtlesim/include/turtlesim/srv/detail/set_pen__rosidl_typesupport_introspection_c.h\n'}
[0.816807] (turtlesim) StdoutLine: {'line': b'-- Up-to-date: /ros2_test/AD_Middle_Test/ros2/src/install/turtlesim/include/turtlesim/srv/detail/teleport_absolute__rosidl_typesupport_introspection_c.h\n'}
[0.816946] (turtlesim) StdoutLine: {'line': b'-- Up-to-date: /ros2_test/AD_Middle_Test/ros2/src/install/turtlesim/include/turtlesim/srv/detail/set_pen__type_support.c\n'}
[0.817094] (turtlesim) StdoutLine: {'line': b'-- Up-to-date: /ros2_test/AD_Middle_Test/ros2/src/install/turtlesim/include/turtlesim/srv/detail/teleport_relative__type_support.c\n'}
[0.817233] (turtlesim) StdoutLine: {'line': b'-- Up-to-date: /ros2_test/AD_Middle_Test/ros2/src/install/turtlesim/include/turtlesim/srv/detail/spawn__type_support.c\n'}
[0.817377] (turtlesim) StdoutLine: {'line': b'-- Up-to-date: /ros2_test/AD_Middle_Test/ros2/src/install/turtlesim/include/turtlesim/srv/detail/teleport_absolute__type_support.c\n'}
[0.817517] (turtlesim) StdoutLine: {'line': b'-- Up-to-date: /ros2_test/AD_Middle_Test/ros2/src/install/turtlesim/include/turtlesim/srv/detail/kill__type_support.c\n'}
[0.817654] (turtlesim) StdoutLine: {'line': b'-- Up-to-date: /ros2_test/AD_Middle_Test/ros2/src/install/turtlesim/include/turtlesim/srv/detail/teleport_relative__rosidl_typesupport_introspection_c.h\n'}
[0.817792] (turtlesim) StdoutLine: {'line': b'-- Up-to-date: /ros2_test/AD_Middle_Test/ros2/src/install/turtlesim/include/turtlesim/srv/detail/kill__rosidl_typesupport_introspection_c.h\n'}
[0.817941] (turtlesim) StdoutLine: {'line': b'-- Up-to-date: /ros2_test/AD_Middle_Test/ros2/src/install/turtlesim/include/turtlesim/srv/detail/spawn__rosidl_typesupport_introspection_c.h\n'}
[0.818079] (turtlesim) StdoutLine: {'line': b'-- Up-to-date: /ros2_test/AD_Middle_Test/ros2/src/install/turtlesim/include/turtlesim/action\n'}
[0.818216] (turtlesim) StdoutLine: {'line': b'-- Up-to-date: /ros2_test/AD_Middle_Test/ros2/src/install/turtlesim/include/turtlesim/action/detail\n'}
[0.818353] (turtlesim) StdoutLine: {'line': b'-- Up-to-date: /ros2_test/AD_Middle_Test/ros2/src/install/turtlesim/include/turtlesim/action/detail/rotate_absolute__rosidl_typesupport_introspection_c.h\n'}
[0.818490] (turtlesim) StdoutLine: {'line': b'-- Up-to-date: /ros2_test/AD_Middle_Test/ros2/src/install/turtlesim/include/turtlesim/action/detail/rotate_absolute__type_support.c\n'}
[0.818845] (turtlesim) StdoutLine: {'line': b'-- Up-to-date: /ros2_test/AD_Middle_Test/ros2/src/install/turtlesim/lib/libturtlesim__rosidl_typesupport_introspection_c.so\n'}
[0.818994] (turtlesim) StdoutLine: {'line': b'-- Up-to-date: /ros2_test/AD_Middle_Test/ros2/src/install/turtlesim/include/turtlesim\n'}
[0.819134] (turtlesim) StdoutLine: {'line': b'-- Up-to-date: /ros2_test/AD_Middle_Test/ros2/src/install/turtlesim/include/turtlesim/msg\n'}
[0.819273] (turtlesim) StdoutLine: {'line': b'-- Up-to-date: /ros2_test/AD_Middle_Test/ros2/src/install/turtlesim/include/turtlesim/msg/detail\n'}
[0.819411] (turtlesim) StdoutLine: {'line': b'-- Up-to-date: /ros2_test/AD_Middle_Test/ros2/src/install/turtlesim/include/turtlesim/msg/detail/color__type_support.cpp\n'}
[0.819549] (turtlesim) StdoutLine: {'line': b'-- Up-to-date: /ros2_test/AD_Middle_Test/ros2/src/install/turtlesim/include/turtlesim/msg/detail/color__rosidl_typesupport_introspection_cpp.hpp\n'}
[0.819687] (turtlesim) StdoutLine: {'line': b'-- Up-to-date: /ros2_test/AD_Middle_Test/ros2/src/install/turtlesim/include/turtlesim/msg/detail/pose__type_support.cpp\n'}
[0.819824] (turtlesim) StdoutLine: {'line': b'-- Up-to-date: /ros2_test/AD_Middle_Test/ros2/src/install/turtlesim/include/turtlesim/msg/detail/pose__rosidl_typesupport_introspection_cpp.hpp\n'}
[0.819962] (turtlesim) StdoutLine: {'line': b'-- Up-to-date: /ros2_test/AD_Middle_Test/ros2/src/install/turtlesim/include/turtlesim/srv\n'}
[0.820098] (turtlesim) StdoutLine: {'line': b'-- Up-to-date: /ros2_test/AD_Middle_Test/ros2/src/install/turtlesim/include/turtlesim/srv/detail\n'}
[0.820244] (turtlesim) StdoutLine: {'line': b'-- Up-to-date: /ros2_test/AD_Middle_Test/ros2/src/install/turtlesim/include/turtlesim/srv/detail/kill__type_support.cpp\n'}
[0.820387] (turtlesim) StdoutLine: {'line': b'-- Up-to-date: /ros2_test/AD_Middle_Test/ros2/src/install/turtlesim/include/turtlesim/srv/detail/kill__rosidl_typesupport_introspection_cpp.hpp\n'}
[0.820524] (turtlesim) StdoutLine: {'line': b'-- Up-to-date: /ros2_test/AD_Middle_Test/ros2/src/install/turtlesim/include/turtlesim/srv/detail/teleport_relative__rosidl_typesupport_introspection_cpp.hpp\n'}
[0.820672] (turtlesim) StdoutLine: {'line': b'-- Up-to-date: /ros2_test/AD_Middle_Test/ros2/src/install/turtlesim/include/turtlesim/srv/detail/teleport_absolute__type_support.cpp\n'}
[0.820811] (turtlesim) StdoutLine: {'line': b'-- Up-to-date: /ros2_test/AD_Middle_Test/ros2/src/install/turtlesim/include/turtlesim/srv/detail/set_pen__type_support.cpp\n'}
[0.820948] (turtlesim) StdoutLine: {'line': b'-- Up-to-date: /ros2_test/AD_Middle_Test/ros2/src/install/turtlesim/include/turtlesim/srv/detail/spawn__rosidl_typesupport_introspection_cpp.hpp\n'}
[0.821085] (turtlesim) StdoutLine: {'line': b'-- Up-to-date: /ros2_test/AD_Middle_Test/ros2/src/install/turtlesim/include/turtlesim/srv/detail/spawn__type_support.cpp\n'}
[0.821222] (turtlesim) StdoutLine: {'line': b'-- Up-to-date: /ros2_test/AD_Middle_Test/ros2/src/install/turtlesim/include/turtlesim/srv/detail/teleport_absolute__rosidl_typesupport_introspection_cpp.hpp\n'}
[0.821359] (turtlesim) StdoutLine: {'line': b'-- Up-to-date: /ros2_test/AD_Middle_Test/ros2/src/install/turtlesim/include/turtlesim/srv/detail/teleport_relative__type_support.cpp\n'}
[0.821497] (turtlesim) StdoutLine: {'line': b'-- Up-to-date: /ros2_test/AD_Middle_Test/ros2/src/install/turtlesim/include/turtlesim/srv/detail/set_pen__rosidl_typesupport_introspection_cpp.hpp\n'}
[0.821633] (turtlesim) StdoutLine: {'line': b'-- Up-to-date: /ros2_test/AD_Middle_Test/ros2/src/install/turtlesim/include/turtlesim/action\n'}
[0.821770] (turtlesim) StdoutLine: {'line': b'-- Up-to-date: /ros2_test/AD_Middle_Test/ros2/src/install/turtlesim/include/turtlesim/action/detail\n'}
[0.821913] (turtlesim) StdoutLine: {'line': b'-- Up-to-date: /ros2_test/AD_Middle_Test/ros2/src/install/turtlesim/include/turtlesim/action/detail/rotate_absolute__rosidl_typesupport_introspection_cpp.hpp\n'}
[0.822051] (turtlesim) StdoutLine: {'line': b'-- Up-to-date: /ros2_test/AD_Middle_Test/ros2/src/install/turtlesim/include/turtlesim/action/detail/rotate_absolute__type_support.cpp\n'}
[0.822190] (turtlesim) StdoutLine: {'line': b'-- Up-to-date: /ros2_test/AD_Middle_Test/ros2/src/install/turtlesim/lib/libturtlesim__rosidl_typesupport_introspection_cpp.so\n'}
[0.822341] (turtlesim) StdoutLine: {'line': b'-- Up-to-date: /ros2_test/AD_Middle_Test/ros2/src/install/turtlesim/include/turtlesim\n'}
[0.822479] (turtlesim) StdoutLine: {'line': b'-- Up-to-date: /ros2_test/AD_Middle_Test/ros2/src/install/turtlesim/include/turtlesim/msg\n'}
[0.822616] (turtlesim) StdoutLine: {'line': b'-- Up-to-date: /ros2_test/AD_Middle_Test/ros2/src/install/turtlesim/include/turtlesim/msg/color__rosidl_typesupport_fastrtps_c.h\n'}
[0.822754] (turtlesim) StdoutLine: {'line': b'-- Up-to-date: /ros2_test/AD_Middle_Test/ros2/src/install/turtlesim/include/turtlesim/msg/pose__rosidl_typesupport_fastrtps_c.h\n'}
[0.823398] (turtlesim) StdoutLine: {'line': b'-- Up-to-date: /ros2_test/AD_Middle_Test/ros2/src/install/turtlesim/include/turtlesim/msg/rosidl_typesupport_fastrtps_c__visibility_control.h\n'}
[0.823656] (turtlesim) StdoutLine: {'line': b'-- Up-to-date: /ros2_test/AD_Middle_Test/ros2/src/install/turtlesim/include/turtlesim/srv\n'}
[0.823801] (turtlesim) StdoutLine: {'line': b'-- Up-to-date: /ros2_test/AD_Middle_Test/ros2/src/install/turtlesim/include/turtlesim/srv/teleport_absolute__rosidl_typesupport_fastrtps_c.h\n'}
[0.823971] (turtlesim) StdoutLine: {'line': b'-- Up-to-date: /ros2_test/AD_Middle_Test/ros2/src/install/turtlesim/include/turtlesim/srv/set_pen__rosidl_typesupport_fastrtps_c.h\n'}
[0.824112] (turtlesim) StdoutLine: {'line': b'-- Up-to-date: /ros2_test/AD_Middle_Test/ros2/src/install/turtlesim/include/turtlesim/srv/kill__rosidl_typesupport_fastrtps_c.h\n'}
[0.824259] (turtlesim) StdoutLine: {'line': b'-- Up-to-date: /ros2_test/AD_Middle_Test/ros2/src/install/turtlesim/include/turtlesim/srv/teleport_relative__rosidl_typesupport_fastrtps_c.h\n'}
[0.824516] (turtlesim) StdoutLine: {'line': b'-- Up-to-date: /ros2_test/AD_Middle_Test/ros2/src/install/turtlesim/include/turtlesim/srv/spawn__rosidl_typesupport_fastrtps_c.h\n'}
[0.824843] (turtlesim) StdoutLine: {'line': b'-- Up-to-date: /ros2_test/AD_Middle_Test/ros2/src/install/turtlesim/include/turtlesim/action\n'}
[0.825195] (turtlesim) StdoutLine: {'line': b'-- Up-to-date: /ros2_test/AD_Middle_Test/ros2/src/install/turtlesim/include/turtlesim/action/rotate_absolute__rosidl_typesupport_fastrtps_c.h\n'}
[0.825548] (turtlesim) StdoutLine: {'line': b'-- Up-to-date: /ros2_test/AD_Middle_Test/ros2/src/install/turtlesim/lib/libturtlesim__rosidl_typesupport_fastrtps_c.so\n'}
[0.825873] (turtlesim) StdoutLine: {'line': b'-- Up-to-date: /ros2_test/AD_Middle_Test/ros2/src/install/turtlesim/include/turtlesim\n'}
[0.826088] (turtlesim) StdoutLine: {'line': b'-- Up-to-date: /ros2_test/AD_Middle_Test/ros2/src/install/turtlesim/include/turtlesim/msg\n'}
[0.826309] (turtlesim) StdoutLine: {'line': b'-- Up-to-date: /ros2_test/AD_Middle_Test/ros2/src/install/turtlesim/include/turtlesim/msg/dds_fastrtps\n'}
[0.826450] (turtlesim) StdoutLine: {'line': b'-- Up-to-date: /ros2_test/AD_Middle_Test/ros2/src/install/turtlesim/include/turtlesim/msg/rosidl_typesupport_fastrtps_cpp__visibility_control.h\n'}
[0.826588] (turtlesim) StdoutLine: {'line': b'-- Up-to-date: /ros2_test/AD_Middle_Test/ros2/src/install/turtlesim/include/turtlesim/msg/pose__rosidl_typesupport_fastrtps_cpp.hpp\n'}
[0.826726] (turtlesim) StdoutLine: {'line': b'-- Up-to-date: /ros2_test/AD_Middle_Test/ros2/src/install/turtlesim/include/turtlesim/msg/color__rosidl_typesupport_fastrtps_cpp.hpp\n'}
[0.826863] (turtlesim) StdoutLine: {'line': b'-- Up-to-date: /ros2_test/AD_Middle_Test/ros2/src/install/turtlesim/include/turtlesim/srv\n'}
[0.827001] (turtlesim) StdoutLine: {'line': b'-- Up-to-date: /ros2_test/AD_Middle_Test/ros2/src/install/turtlesim/include/turtlesim/srv/dds_fastrtps\n'}
[0.827137] (turtlesim) StdoutLine: {'line': b'-- Up-to-date: /ros2_test/AD_Middle_Test/ros2/src/install/turtlesim/include/turtlesim/srv/set_pen__rosidl_typesupport_fastrtps_cpp.hpp\n'}
[0.827273] (turtlesim) StdoutLine: {'line': b'-- Up-to-date: /ros2_test/AD_Middle_Test/ros2/src/install/turtlesim/include/turtlesim/srv/teleport_absolute__rosidl_typesupport_fastrtps_cpp.hpp\n'}
[0.827410] (turtlesim) StdoutLine: {'line': b'-- Up-to-date: /ros2_test/AD_Middle_Test/ros2/src/install/turtlesim/include/turtlesim/srv/spawn__rosidl_typesupport_fastrtps_cpp.hpp\n'}
[0.827546] (turtlesim) StdoutLine: {'line': b'-- Up-to-date: /ros2_test/AD_Middle_Test/ros2/src/install/turtlesim/include/turtlesim/srv/teleport_relative__rosidl_typesupport_fastrtps_cpp.hpp\n'}
[0.827682] (turtlesim) StdoutLine: {'line': b'-- Up-to-date: /ros2_test/AD_Middle_Test/ros2/src/install/turtlesim/include/turtlesim/srv/kill__rosidl_typesupport_fastrtps_cpp.hpp\n'}
[0.827818] (turtlesim) StdoutLine: {'line': b'-- Up-to-date: /ros2_test/AD_Middle_Test/ros2/src/install/turtlesim/include/turtlesim/action\n'}
[0.827963] (turtlesim) StdoutLine: {'line': b'-- Up-to-date: /ros2_test/AD_Middle_Test/ros2/src/install/turtlesim/include/turtlesim/action/rotate_absolute__rosidl_typesupport_fastrtps_cpp.hpp\n'}
[0.828101] (turtlesim) StdoutLine: {'line': b'-- Up-to-date: /ros2_test/AD_Middle_Test/ros2/src/install/turtlesim/include/turtlesim/action/dds_fastrtps\n'}
[0.828341] (turtlesim) StdoutLine: {'line': b'-- Up-to-date: /ros2_test/AD_Middle_Test/ros2/src/install/turtlesim/lib/libturtlesim__rosidl_typesupport_fastrtps_cpp.so\n'}
[0.828489] (turtlesim) StdoutLine: {'line': b'-- Up-to-date: /ros2_test/AD_Middle_Test/ros2/src/install/turtlesim/include/turtlesim\n'}
[0.828637] (turtlesim) StdoutLine: {'line': b'-- Up-to-date: /ros2_test/AD_Middle_Test/ros2/src/install/turtlesim/include/turtlesim/msg\n'}
[0.828775] (turtlesim) StdoutLine: {'line': b'-- Up-to-date: /ros2_test/AD_Middle_Test/ros2/src/install/turtlesim/include/turtlesim/msg/color.h\n'}
[0.828911] (turtlesim) StdoutLine: {'line': b'-- Up-to-date: /ros2_test/AD_Middle_Test/ros2/src/install/turtlesim/include/turtlesim/msg/pose.h\n'}
[0.829049] (turtlesim) StdoutLine: {'line': b'-- Up-to-date: /ros2_test/AD_Middle_Test/ros2/src/install/turtlesim/include/turtlesim/msg/detail\n'}
[0.829192] (turtlesim) StdoutLine: {'line': b'-- Up-to-date: /ros2_test/AD_Middle_Test/ros2/src/install/turtlesim/include/turtlesim/msg/detail/color__functions.h\n'}
[0.829329] (turtlesim) StdoutLine: {'line': b'-- Up-to-date: /ros2_test/AD_Middle_Test/ros2/src/install/turtlesim/include/turtlesim/msg/detail/color__struct.h\n'}
[0.829464] (turtlesim) StdoutLine: {'line': b'-- Up-to-date: /ros2_test/AD_Middle_Test/ros2/src/install/turtlesim/include/turtlesim/msg/detail/color__type_support.h\n'}
[0.829600] (turtlesim) StdoutLine: {'line': b'-- Up-to-date: /ros2_test/AD_Middle_Test/ros2/src/install/turtlesim/include/turtlesim/msg/detail/pose__functions.c\n'}
[0.829736] (turtlesim) StdoutLine: {'line': b'-- Up-to-date: /ros2_test/AD_Middle_Test/ros2/src/install/turtlesim/include/turtlesim/msg/detail/pose__type_support.h\n'}
[0.829872] (turtlesim) StdoutLine: {'line': b'-- Up-to-date: /ros2_test/AD_Middle_Test/ros2/src/install/turtlesim/include/turtlesim/msg/detail/color__functions.c\n'}
[0.830008] (turtlesim) StdoutLine: {'line': b'-- Up-to-date: /ros2_test/AD_Middle_Test/ros2/src/install/turtlesim/include/turtlesim/msg/detail/pose__functions.h\n'}
[0.830144] (turtlesim) StdoutLine: {'line': b'-- Up-to-date: /ros2_test/AD_Middle_Test/ros2/src/install/turtlesim/include/turtlesim/msg/detail/pose__struct.h\n'}
[0.830279] (turtlesim) StdoutLine: {'line': b'-- Up-to-date: /ros2_test/AD_Middle_Test/ros2/src/install/turtlesim/include/turtlesim/msg/rosidl_generator_c__visibility_control.h\n'}
[0.830416] (turtlesim) StdoutLine: {'line': b'-- Up-to-date: /ros2_test/AD_Middle_Test/ros2/src/install/turtlesim/include/turtlesim/srv\n'}
[0.830552] (turtlesim) StdoutLine: {'line': b'-- Up-to-date: /ros2_test/AD_Middle_Test/ros2/src/install/turtlesim/include/turtlesim/srv/spawn.h\n'}
[0.830687] (turtlesim) StdoutLine: {'line': b'-- Up-to-date: /ros2_test/AD_Middle_Test/ros2/src/install/turtlesim/include/turtlesim/srv/detail\n'}
[0.830824] (turtlesim) StdoutLine: {'line': b'-- Up-to-date: /ros2_test/AD_Middle_Test/ros2/src/install/turtlesim/include/turtlesim/srv/detail/teleport_absolute__type_support.h\n'}
[0.830961] (turtlesim) StdoutLine: {'line': b'-- Up-to-date: /ros2_test/AD_Middle_Test/ros2/src/install/turtlesim/include/turtlesim/srv/detail/spawn__struct.h\n'}
[0.831097] (turtlesim) StdoutLine: {'line': b'-- Up-to-date: /ros2_test/AD_Middle_Test/ros2/src/install/turtlesim/include/turtlesim/srv/detail/kill__functions.c\n'}
[0.831234] (turtlesim) StdoutLine: {'line': b'-- Up-to-date: /ros2_test/AD_Middle_Test/ros2/src/install/turtlesim/include/turtlesim/srv/detail/spawn__functions.h\n'}
[0.831370] (turtlesim) StdoutLine: {'line': b'-- Up-to-date: /ros2_test/AD_Middle_Test/ros2/src/install/turtlesim/include/turtlesim/srv/detail/set_pen__functions.h\n'}
[0.831507] (turtlesim) StdoutLine: {'line': b'-- Up-to-date: /ros2_test/AD_Middle_Test/ros2/src/install/turtlesim/include/turtlesim/srv/detail/spawn__type_support.h\n'}
[0.831643] (turtlesim) StdoutLine: {'line': b'-- Up-to-date: /ros2_test/AD_Middle_Test/ros2/src/install/turtlesim/include/turtlesim/srv/detail/teleport_relative__functions.c\n'}
[0.831779] (turtlesim) StdoutLine: {'line': b'-- Up-to-date: /ros2_test/AD_Middle_Test/ros2/src/install/turtlesim/include/turtlesim/srv/detail/kill__functions.h\n'}
[0.831915] (turtlesim) StdoutLine: {'line': b'-- Up-to-date: /ros2_test/AD_Middle_Test/ros2/src/install/turtlesim/include/turtlesim/srv/detail/teleport_relative__type_support.h\n'}
[0.832052] (turtlesim) StdoutLine: {'line': b'-- Up-to-date: /ros2_test/AD_Middle_Test/ros2/src/install/turtlesim/include/turtlesim/srv/detail/kill__type_support.h\n'}
[0.832188] (turtlesim) StdoutLine: {'line': b'-- Up-to-date: /ros2_test/AD_Middle_Test/ros2/src/install/turtlesim/include/turtlesim/srv/detail/teleport_relative__functions.h\n'}
[0.832336] (turtlesim) StdoutLine: {'line': b'-- Up-to-date: /ros2_test/AD_Middle_Test/ros2/src/install/turtlesim/include/turtlesim/srv/detail/set_pen__struct.h\n'}
[0.832474] (turtlesim) StdoutLine: {'line': b'-- Up-to-date: /ros2_test/AD_Middle_Test/ros2/src/install/turtlesim/include/turtlesim/srv/detail/set_pen__functions.c\n'}
[0.832618] (turtlesim) StdoutLine: {'line': b'-- Up-to-date: /ros2_test/AD_Middle_Test/ros2/src/install/turtlesim/include/turtlesim/srv/detail/teleport_absolute__functions.h\n'}
[0.832758] (turtlesim) StdoutLine: {'line': b'-- Up-to-date: /ros2_test/AD_Middle_Test/ros2/src/install/turtlesim/include/turtlesim/srv/detail/teleport_absolute__struct.h\n'}
[0.832895] (turtlesim) StdoutLine: {'line': b'-- Up-to-date: /ros2_test/AD_Middle_Test/ros2/src/install/turtlesim/include/turtlesim/srv/detail/spawn__functions.c\n'}
[0.833031] (turtlesim) StdoutLine: {'line': b'-- Up-to-date: /ros2_test/AD_Middle_Test/ros2/src/install/turtlesim/include/turtlesim/srv/detail/teleport_absolute__functions.c\n'}
[0.833166] (turtlesim) StdoutLine: {'line': b'-- Up-to-date: /ros2_test/AD_Middle_Test/ros2/src/install/turtlesim/include/turtlesim/srv/detail/kill__struct.h\n'}
[0.833310] (turtlesim) StdoutLine: {'line': b'-- Up-to-date: /ros2_test/AD_Middle_Test/ros2/src/install/turtlesim/include/turtlesim/srv/detail/teleport_relative__struct.h\n'}
[0.833448] (turtlesim) StdoutLine: {'line': b'-- Up-to-date: /ros2_test/AD_Middle_Test/ros2/src/install/turtlesim/include/turtlesim/srv/detail/set_pen__type_support.h\n'}
[0.833584] (turtlesim) StdoutLine: {'line': b'-- Up-to-date: /ros2_test/AD_Middle_Test/ros2/src/install/turtlesim/include/turtlesim/srv/set_pen.h\n'}
[0.833719] (turtlesim) StdoutLine: {'line': b'-- Up-to-date: /ros2_test/AD_Middle_Test/ros2/src/install/turtlesim/include/turtlesim/srv/kill.h\n'}
[0.833855] (turtlesim) StdoutLine: {'line': b'-- Up-to-date: /ros2_test/AD_Middle_Test/ros2/src/install/turtlesim/include/turtlesim/srv/teleport_relative.h\n'}
[0.833991] (turtlesim) StdoutLine: {'line': b'-- Up-to-date: /ros2_test/AD_Middle_Test/ros2/src/install/turtlesim/include/turtlesim/srv/teleport_absolute.h\n'}
[0.834127] (turtlesim) StdoutLine: {'line': b'-- Up-to-date: /ros2_test/AD_Middle_Test/ros2/src/install/turtlesim/include/turtlesim/action\n'}
[0.834262] (turtlesim) StdoutLine: {'line': b'-- Up-to-date: /ros2_test/AD_Middle_Test/ros2/src/install/turtlesim/include/turtlesim/action/detail\n'}
[0.834398] (turtlesim) StdoutLine: {'line': b'-- Up-to-date: /ros2_test/AD_Middle_Test/ros2/src/install/turtlesim/include/turtlesim/action/detail/rotate_absolute__functions.h\n'}
[0.834534] (turtlesim) StdoutLine: {'line': b'-- Up-to-date: /ros2_test/AD_Middle_Test/ros2/src/install/turtlesim/include/turtlesim/action/detail/rotate_absolute__struct.h\n'}
[0.834670] (turtlesim) StdoutLine: {'line': b'-- Up-to-date: /ros2_test/AD_Middle_Test/ros2/src/install/turtlesim/include/turtlesim/action/detail/rotate_absolute__functions.c\n'}
[0.834806] (turtlesim) StdoutLine: {'line': b'-- Up-to-date: /ros2_test/AD_Middle_Test/ros2/src/install/turtlesim/include/turtlesim/action/detail/rotate_absolute__type_support.h\n'}
[0.834943] (turtlesim) StdoutLine: {'line': b'-- Up-to-date: /ros2_test/AD_Middle_Test/ros2/src/install/turtlesim/include/turtlesim/action/rotate_absolute.h\n'}
[0.835078] (turtlesim) StdoutLine: {'line': b'-- Up-to-date: /ros2_test/AD_Middle_Test/ros2/src/install/turtlesim/lib/libturtlesim__rosidl_generator_c.so\n'}
[0.835214] (turtlesim) StdoutLine: {'line': b'-- Up-to-date: /ros2_test/AD_Middle_Test/ros2/src/install/turtlesim/include/turtlesim\n'}
[0.835350] (turtlesim) StdoutLine: {'line': b'-- Up-to-date: /ros2_test/AD_Middle_Test/ros2/src/install/turtlesim/include/turtlesim/msg\n'}
[0.835485] (turtlesim) StdoutLine: {'line': b'-- Up-to-date: /ros2_test/AD_Middle_Test/ros2/src/install/turtlesim/include/turtlesim/msg/color.hpp\n'}
[0.835621] (turtlesim) StdoutLine: {'line': b'-- Up-to-date: /ros2_test/AD_Middle_Test/ros2/src/install/turtlesim/include/turtlesim/msg/detail\n'}
[0.835757] (turtlesim) StdoutLine: {'line': b'-- Up-to-date: /ros2_test/AD_Middle_Test/ros2/src/install/turtlesim/include/turtlesim/msg/detail/pose__traits.hpp\n'}
[0.835893] (turtlesim) StdoutLine: {'line': b'-- Up-to-date: /ros2_test/AD_Middle_Test/ros2/src/install/turtlesim/include/turtlesim/msg/detail/color__struct.hpp\n'}
[0.836034] (turtlesim) StdoutLine: {'line': b'-- Up-to-date: /ros2_test/AD_Middle_Test/ros2/src/install/turtlesim/include/turtlesim/msg/detail/pose__struct.hpp\n'}
[0.836171] (turtlesim) StdoutLine: {'line': b'-- Up-to-date: /ros2_test/AD_Middle_Test/ros2/src/install/turtlesim/include/turtlesim/msg/detail/color__builder.hpp\n'}
[0.836319] (turtlesim) StdoutLine: {'line': b'-- Up-to-date: /ros2_test/AD_Middle_Test/ros2/src/install/turtlesim/include/turtlesim/msg/detail/color__traits.hpp\n'}
[0.836458] (turtlesim) StdoutLine: {'line': b'-- Up-to-date: /ros2_test/AD_Middle_Test/ros2/src/install/turtlesim/include/turtlesim/msg/detail/pose__builder.hpp\n'}
[0.836594] (turtlesim) StdoutLine: {'line': b'-- Up-to-date: /ros2_test/AD_Middle_Test/ros2/src/install/turtlesim/include/turtlesim/msg/pose.hpp\n'}
[0.836730] (turtlesim) StdoutLine: {'line': b'-- Up-to-date: /ros2_test/AD_Middle_Test/ros2/src/install/turtlesim/include/turtlesim/srv\n'}
[0.836866] (turtlesim) StdoutLine: {'line': b'-- Up-to-date: /ros2_test/AD_Middle_Test/ros2/src/install/turtlesim/include/turtlesim/srv/teleport_absolute.hpp\n'}
[0.837003] (turtlesim) StdoutLine: {'line': b'-- Up-to-date: /ros2_test/AD_Middle_Test/ros2/src/install/turtlesim/include/turtlesim/srv/spawn.hpp\n'}
[0.837139] (turtlesim) StdoutLine: {'line': b'-- Up-to-date: /ros2_test/AD_Middle_Test/ros2/src/install/turtlesim/include/turtlesim/srv/kill.hpp\n'}
[0.837275] (turtlesim) StdoutLine: {'line': b'-- Up-to-date: /ros2_test/AD_Middle_Test/ros2/src/install/turtlesim/include/turtlesim/srv/teleport_relative.hpp\n'}
[0.837417] (turtlesim) StdoutLine: {'line': b'-- Up-to-date: /ros2_test/AD_Middle_Test/ros2/src/install/turtlesim/include/turtlesim/srv/detail\n'}
[0.837554] (turtlesim) StdoutLine: {'line': b'-- Up-to-date: /ros2_test/AD_Middle_Test/ros2/src/install/turtlesim/include/turtlesim/srv/detail/set_pen__traits.hpp\n'}
[0.837690] (turtlesim) StdoutLine: {'line': b'-- Up-to-date: /ros2_test/AD_Middle_Test/ros2/src/install/turtlesim/include/turtlesim/srv/detail/teleport_absolute__struct.hpp\n'}
[0.837827] (turtlesim) StdoutLine: {'line': b'-- Up-to-date: /ros2_test/AD_Middle_Test/ros2/src/install/turtlesim/include/turtlesim/srv/detail/spawn__traits.hpp\n'}
[0.837973] (turtlesim) StdoutLine: {'line': b'-- Up-to-date: /ros2_test/AD_Middle_Test/ros2/src/install/turtlesim/include/turtlesim/srv/detail/kill__builder.hpp\n'}
[0.838109] (turtlesim) StdoutLine: {'line': b'-- Up-to-date: /ros2_test/AD_Middle_Test/ros2/src/install/turtlesim/include/turtlesim/srv/detail/kill__struct.hpp\n'}
[0.838246] (turtlesim) StdoutLine: {'line': b'-- Up-to-date: /ros2_test/AD_Middle_Test/ros2/src/install/turtlesim/include/turtlesim/srv/detail/teleport_relative__builder.hpp\n'}
[0.838382] (turtlesim) StdoutLine: {'line': b'-- Up-to-date: /ros2_test/AD_Middle_Test/ros2/src/install/turtlesim/include/turtlesim/srv/detail/kill__traits.hpp\n'}
[0.838519] (turtlesim) StdoutLine: {'line': b'-- Up-to-date: /ros2_test/AD_Middle_Test/ros2/src/install/turtlesim/include/turtlesim/srv/detail/spawn__builder.hpp\n'}
[0.838655] (turtlesim) StdoutLine: {'line': b'-- Up-to-date: /ros2_test/AD_Middle_Test/ros2/src/install/turtlesim/include/turtlesim/srv/detail/teleport_relative__traits.hpp\n'}
[0.838791] (turtlesim) StdoutLine: {'line': b'-- Up-to-date: /ros2_test/AD_Middle_Test/ros2/src/install/turtlesim/include/turtlesim/srv/detail/spawn__struct.hpp\n'}
[0.838927] (turtlesim) StdoutLine: {'line': b'-- Up-to-date: /ros2_test/AD_Middle_Test/ros2/src/install/turtlesim/include/turtlesim/srv/detail/teleport_absolute__builder.hpp\n'}
[0.839064] (turtlesim) StdoutLine: {'line': b'-- Up-to-date: /ros2_test/AD_Middle_Test/ros2/src/install/turtlesim/include/turtlesim/srv/detail/teleport_absolute__traits.hpp\n'}
[0.839200] (turtlesim) StdoutLine: {'line': b'-- Up-to-date: /ros2_test/AD_Middle_Test/ros2/src/install/turtlesim/include/turtlesim/srv/detail/set_pen__builder.hpp\n'}
[0.839337] (turtlesim) StdoutLine: {'line': b'-- Up-to-date: /ros2_test/AD_Middle_Test/ros2/src/install/turtlesim/include/turtlesim/srv/detail/set_pen__struct.hpp\n'}
[0.839481] (turtlesim) StdoutLine: {'line': b'-- Up-to-date: /ros2_test/AD_Middle_Test/ros2/src/install/turtlesim/include/turtlesim/srv/detail/teleport_relative__struct.hpp\n'}
[0.839618] (turtlesim) StdoutLine: {'line': b'-- Up-to-date: /ros2_test/AD_Middle_Test/ros2/src/install/turtlesim/include/turtlesim/srv/set_pen.hpp\n'}
[0.839753] (turtlesim) StdoutLine: {'line': b'-- Up-to-date: /ros2_test/AD_Middle_Test/ros2/src/install/turtlesim/include/turtlesim/action\n'}
[0.839889] (turtlesim) StdoutLine: {'line': b'-- Up-to-date: /ros2_test/AD_Middle_Test/ros2/src/install/turtlesim/include/turtlesim/action/rotate_absolute.hpp\n'}
[0.840025] (turtlesim) StdoutLine: {'line': b'-- Up-to-date: /ros2_test/AD_Middle_Test/ros2/src/install/turtlesim/include/turtlesim/action/detail\n'}
[0.840161] (turtlesim) StdoutLine: {'line': b'-- Up-to-date: /ros2_test/AD_Middle_Test/ros2/src/install/turtlesim/include/turtlesim/action/detail/rotate_absolute__builder.hpp\n'}
[0.840308] (turtlesim) StdoutLine: {'line': b'-- Up-to-date: /ros2_test/AD_Middle_Test/ros2/src/install/turtlesim/include/turtlesim/action/detail/rotate_absolute__traits.hpp\n'}
[0.840447] (turtlesim) StdoutLine: {'line': b'-- Up-to-date: /ros2_test/AD_Middle_Test/ros2/src/install/turtlesim/include/turtlesim/action/detail/rotate_absolute__struct.hpp\n'}
[0.840583] (turtlesim) StdoutLine: {'line': b'-- Up-to-date: /ros2_test/AD_Middle_Test/ros2/src/install/turtlesim/share/turtlesim/environment/pythonpath.sh\n'}
[0.840719] (turtlesim) StdoutLine: {'line': b'-- Up-to-date: /ros2_test/AD_Middle_Test/ros2/src/install/turtlesim/share/turtlesim/environment/pythonpath.dsv\n'}
[0.840854] (turtlesim) StdoutLine: {'line': b'-- Up-to-date: /ros2_test/AD_Middle_Test/ros2/src/install/turtlesim/lib/python3.8/site-packages/turtlesim/__init__.py\n'}
[0.855834] (simple_s) StdoutLine: {'line': b'[ 33%] Built target listener\n'}
[0.859510] (simple_s) StdoutLine: {'line': b'[ 66%] Built target intra_pipe\n'}
[0.863224] (simple_s) StdoutLine: {'line': b'[100%] Built target talker\n'}
[0.877869] (simple_s) CommandEnded: {'returncode': 0}
[0.883755] (turtlesim) StdoutLine: {'line': b'-- Up-to-date: /ros2_test/AD_Middle_Test/ros2/src/install/turtlesim/lib/python3.8/site-packages/turtlesim/action\n'}
[0.884268] (turtlesim) StdoutLine: {'line': b'-- Up-to-date: /ros2_test/AD_Middle_Test/ros2/src/install/turtlesim/lib/python3.8/site-packages/turtlesim/action/_rotate_absolute.py\n'}
[0.884627] (turtlesim) StdoutLine: {'line': b'-- Up-to-date: /ros2_test/AD_Middle_Test/ros2/src/install/turtlesim/lib/python3.8/site-packages/turtlesim/action/__init__.py\n'}
[0.884818] (turtlesim) StdoutLine: {'line': b'-- Up-to-date: /ros2_test/AD_Middle_Test/ros2/src/install/turtlesim/lib/python3.8/site-packages/turtlesim/action/_rotate_absolute_s.c\n'}
[0.884960] (turtlesim) StdoutLine: {'line': b'-- Up-to-date: /ros2_test/AD_Middle_Test/ros2/src/install/turtlesim/lib/python3.8/site-packages/turtlesim/msg\n'}
[0.885100] (turtlesim) StdoutLine: {'line': b'-- Up-to-date: /ros2_test/AD_Middle_Test/ros2/src/install/turtlesim/lib/python3.8/site-packages/turtlesim/msg/_pose.py\n'}
[0.885272] (turtlesim) StdoutLine: {'line': b'-- Up-to-date: /ros2_test/AD_Middle_Test/ros2/src/install/turtlesim/lib/python3.8/site-packages/turtlesim/msg/_color_s.c\n'}
[0.885421] (turtlesim) StdoutLine: {'line': b'-- Up-to-date: /ros2_test/AD_Middle_Test/ros2/src/install/turtlesim/lib/python3.8/site-packages/turtlesim/msg/_color.py\n'}
[0.885558] (turtlesim) StdoutLine: {'line': b'-- Up-to-date: /ros2_test/AD_Middle_Test/ros2/src/install/turtlesim/lib/python3.8/site-packages/turtlesim/msg/_pose_s.c\n'}
[0.885694] (turtlesim) StdoutLine: {'line': b'-- Up-to-date: /ros2_test/AD_Middle_Test/ros2/src/install/turtlesim/lib/python3.8/site-packages/turtlesim/msg/__init__.py\n'}
[0.885841] (turtlesim) StdoutLine: {'line': b'-- Up-to-date: /ros2_test/AD_Middle_Test/ros2/src/install/turtlesim/lib/python3.8/site-packages/turtlesim/srv\n'}
[0.885979] (turtlesim) StdoutLine: {'line': b'-- Up-to-date: /ros2_test/AD_Middle_Test/ros2/src/install/turtlesim/lib/python3.8/site-packages/turtlesim/srv/_spawn_s.c\n'}
[0.886120] (turtlesim) StdoutLine: {'line': b'-- Up-to-date: /ros2_test/AD_Middle_Test/ros2/src/install/turtlesim/lib/python3.8/site-packages/turtlesim/srv/_kill.py\n'}
[0.886260] (turtlesim) StdoutLine: {'line': b'-- Up-to-date: /ros2_test/AD_Middle_Test/ros2/src/install/turtlesim/lib/python3.8/site-packages/turtlesim/srv/_set_pen.py\n'}
[0.886430] (turtlesim) StdoutLine: {'line': b'-- Up-to-date: /ros2_test/AD_Middle_Test/ros2/src/install/turtlesim/lib/python3.8/site-packages/turtlesim/srv/_spawn.py\n'}
[0.886566] (turtlesim) StdoutLine: {'line': b'-- Up-to-date: /ros2_test/AD_Middle_Test/ros2/src/install/turtlesim/lib/python3.8/site-packages/turtlesim/srv/_teleport_relative.py\n'}
[0.886701] (turtlesim) StdoutLine: {'line': b'-- Up-to-date: /ros2_test/AD_Middle_Test/ros2/src/install/turtlesim/lib/python3.8/site-packages/turtlesim/srv/__init__.py\n'}
[0.886837] (turtlesim) StdoutLine: {'line': b'-- Up-to-date: /ros2_test/AD_Middle_Test/ros2/src/install/turtlesim/lib/python3.8/site-packages/turtlesim/srv/_teleport_relative_s.c\n'}
[0.886973] (turtlesim) StdoutLine: {'line': b'-- Up-to-date: /ros2_test/AD_Middle_Test/ros2/src/install/turtlesim/lib/python3.8/site-packages/turtlesim/srv/_kill_s.c\n'}
[0.887109] (turtlesim) StdoutLine: {'line': b'-- Up-to-date: /ros2_test/AD_Middle_Test/ros2/src/install/turtlesim/lib/python3.8/site-packages/turtlesim/srv/_teleport_absolute.py\n'}
[0.887248] (turtlesim) StdoutLine: {'line': b'-- Up-to-date: /ros2_test/AD_Middle_Test/ros2/src/install/turtlesim/lib/python3.8/site-packages/turtlesim/srv/_set_pen_s.c\n'}
[0.887415] (turtlesim) StdoutLine: {'line': b'-- Up-to-date: /ros2_test/AD_Middle_Test/ros2/src/install/turtlesim/lib/python3.8/site-packages/turtlesim/srv/_teleport_absolute_s.c\n'}
[0.887551] (turtlesim) StdoutLine: {'line': b'-- Up-to-date: /ros2_test/AD_Middle_Test/ros2/src/install/turtlesim/lib/python3.8/site-packages/turtlesim/turtlesim_s__rosidl_typesupport_fastrtps_c.cpython-38-x86_64-linux-gnu.so\n'}
[0.887691] (turtlesim) StdoutLine: {'line': b'-- Up-to-date: /ros2_test/AD_Middle_Test/ros2/src/install/turtlesim/lib/python3.8/site-packages/turtlesim/turtlesim_s__rosidl_typesupport_introspection_c.cpython-38-x86_64-linux-gnu.so\n'}
[0.887829] (turtlesim) StdoutLine: {'line': b'-- Up-to-date: /ros2_test/AD_Middle_Test/ros2/src/install/turtlesim/lib/python3.8/site-packages/turtlesim/turtlesim_s__rosidl_typesupport_c.cpython-38-x86_64-linux-gnu.so\n'}
[0.888043] (turtlesim) StdoutLine: {'line': b'-- Up-to-date: /ros2_test/AD_Middle_Test/ros2/src/install/turtlesim/lib/libturtlesim__python.so\n'}
[0.888604] (turtlesim) StdoutLine: {'line': b'-- Up-to-date: /ros2_test/AD_Middle_Test/ros2/src/install/turtlesim/share/turtlesim/action/RotateAbsolute.idl\n'}
[0.888785] (turtlesim) StdoutLine: {'line': b'-- Up-to-date: /ros2_test/AD_Middle_Test/ros2/src/install/turtlesim/share/turtlesim/msg/Color.idl\n'}
[0.888981] (turtlesim) StdoutLine: {'line': b'-- Up-to-date: /ros2_test/AD_Middle_Test/ros2/src/install/turtlesim/share/turtlesim/msg/Pose.idl\n'}
[0.889200] (turtlesim) StdoutLine: {'line': b'-- Up-to-date: /ros2_test/AD_Middle_Test/ros2/src/install/turtlesim/share/turtlesim/srv/Kill.idl\n'}
[0.889396] (turtlesim) StdoutLine: {'line': b'-- Up-to-date: /ros2_test/AD_Middle_Test/ros2/src/install/turtlesim/share/turtlesim/srv/SetPen.idl\n'}
[0.889594] (turtlesim) StdoutLine: {'line': b'-- Up-to-date: /ros2_test/AD_Middle_Test/ros2/src/install/turtlesim/share/turtlesim/srv/Spawn.idl\n'}
[0.889791] (turtlesim) StdoutLine: {'line': b'-- Up-to-date: /ros2_test/AD_Middle_Test/ros2/src/install/turtlesim/share/turtlesim/srv/TeleportAbsolute.idl\n'}
[0.889986] (turtlesim) StdoutLine: {'line': b'-- Up-to-date: /ros2_test/AD_Middle_Test/ros2/src/install/turtlesim/share/turtlesim/srv/TeleportRelative.idl\n'}
[0.890180] (turtlesim) StdoutLine: {'line': b'-- Up-to-date: /ros2_test/AD_Middle_Test/ros2/src/install/turtlesim/share/turtlesim/action/RotateAbsolute.action\n'}
[0.890378] (turtlesim) StdoutLine: {'line': b'-- Up-to-date: /ros2_test/AD_Middle_Test/ros2/src/install/turtlesim/share/turtlesim/msg/Color.msg\n'}
[0.890591] (turtlesim) StdoutLine: {'line': b'-- Up-to-date: /ros2_test/AD_Middle_Test/ros2/src/install/turtlesim/share/turtlesim/msg/Pose.msg\n'}
[0.890786] (turtlesim) StdoutLine: {'line': b'-- Up-to-date: /ros2_test/AD_Middle_Test/ros2/src/install/turtlesim/share/turtlesim/srv/Kill.srv\n'}
[0.890981] (turtlesim) StdoutLine: {'line': b'-- Up-to-date: /ros2_test/AD_Middle_Test/ros2/src/install/turtlesim/share/turtlesim/srv/Kill_Request.msg\n'}
[0.891121] (turtlesim) StdoutLine: {'line': b'-- Up-to-date: /ros2_test/AD_Middle_Test/ros2/src/install/turtlesim/share/turtlesim/srv/Kill_Response.msg\n'}
[0.891256] (turtlesim) StdoutLine: {'line': b'-- Up-to-date: /ros2_test/AD_Middle_Test/ros2/src/install/turtlesim/share/turtlesim/srv/SetPen.srv\n'}
[0.891423] (turtlesim) StdoutLine: {'line': b'-- Up-to-date: /ros2_test/AD_Middle_Test/ros2/src/install/turtlesim/share/turtlesim/srv/SetPen_Request.msg\n'}
[0.891560] (turtlesim) StdoutLine: {'line': b'-- Up-to-date: /ros2_test/AD_Middle_Test/ros2/src/install/turtlesim/share/turtlesim/srv/SetPen_Response.msg\n'}
[0.891705] (turtlesim) StdoutLine: {'line': b'-- Up-to-date: /ros2_test/AD_Middle_Test/ros2/src/install/turtlesim/share/turtlesim/srv/Spawn.srv\n'}
[0.891841] (turtlesim) StdoutLine: {'line': b'-- Up-to-date: /ros2_test/AD_Middle_Test/ros2/src/install/turtlesim/share/turtlesim/srv/Spawn_Request.msg\n'}
[0.891978] (turtlesim) StdoutLine: {'line': b'-- Up-to-date: /ros2_test/AD_Middle_Test/ros2/src/install/turtlesim/share/turtlesim/srv/Spawn_Response.msg\n'}
[0.892144] (turtlesim) StdoutLine: {'line': b'-- Up-to-date: /ros2_test/AD_Middle_Test/ros2/src/install/turtlesim/share/turtlesim/srv/TeleportAbsolute.srv\n'}
[0.892298] (turtlesim) StdoutLine: {'line': b'-- Up-to-date: /ros2_test/AD_Middle_Test/ros2/src/install/turtlesim/share/turtlesim/srv/TeleportAbsolute_Request.msg\n'}
[0.892435] (turtlesim) StdoutLine: {'line': b'-- Up-to-date: /ros2_test/AD_Middle_Test/ros2/src/install/turtlesim/share/turtlesim/srv/TeleportAbsolute_Response.msg\n'}
[0.892570] (turtlesim) StdoutLine: {'line': b'-- Up-to-date: /ros2_test/AD_Middle_Test/ros2/src/install/turtlesim/share/turtlesim/srv/TeleportRelative.srv\n'}
[0.892739] (turtlesim) StdoutLine: {'line': b'-- Up-to-date: /ros2_test/AD_Middle_Test/ros2/src/install/turtlesim/share/turtlesim/srv/TeleportRelative_Request.msg\n'}
[0.892876] (turtlesim) StdoutLine: {'line': b'-- Up-to-date: /ros2_test/AD_Middle_Test/ros2/src/install/turtlesim/share/turtlesim/srv/TeleportRelative_Response.msg\n'}
[0.893011] (turtlesim) StdoutLine: {'line': b'-- Up-to-date: /ros2_test/AD_Middle_Test/ros2/src/install/turtlesim/lib/turtlesim/turtlesim_node\n'}
[0.893147] (turtlesim) StdoutLine: {'line': b'-- Up-to-date: /ros2_test/AD_Middle_Test/ros2/src/install/turtlesim/lib/turtlesim/turtle_teleop_key\n'}
[0.893285] (turtlesim) StdoutLine: {'line': b'-- Up-to-date: /ros2_test/AD_Middle_Test/ros2/src/install/turtlesim/lib/turtlesim/draw_square\n'}
[0.893472] (turtlesim) StdoutLine: {'line': b'-- Up-to-date: /ros2_test/AD_Middle_Test/ros2/src/install/turtlesim/lib/turtlesim/mimic\n'}
[0.893697] (turtlesim) StdoutLine: {'line': b'-- Up-to-date: /ros2_test/AD_Middle_Test/ros2/src/install/turtlesim/share/turtlesim/images\n'}
[0.893934] (turtlesim) StdoutLine: {'line': b'-- Up-to-date: /ros2_test/AD_Middle_Test/ros2/src/install/turtlesim/share/turtlesim/images/ardent.png\n'}
[0.894130] (turtlesim) StdoutLine: {'line': b'-- Up-to-date: /ros2_test/AD_Middle_Test/ros2/src/install/turtlesim/share/turtlesim/images/bouncy.png\n'}
[0.894323] (turtlesim) StdoutLine: {'line': b'-- Up-to-date: /ros2_test/AD_Middle_Test/ros2/src/install/turtlesim/share/turtlesim/images/eloquent.png\n'}
[0.894519] (turtlesim) StdoutLine: {'line': b'-- Up-to-date: /ros2_test/AD_Middle_Test/ros2/src/install/turtlesim/share/turtlesim/images/dashing.png\n'}
[0.894715] (turtlesim) StdoutLine: {'line': b'-- Up-to-date: /ros2_test/AD_Middle_Test/ros2/src/install/turtlesim/share/turtlesim/images/crystal.png\n'}
[0.894918] (turtlesim) StdoutLine: {'line': b'-- Up-to-date: /ros2_test/AD_Middle_Test/ros2/src/install/turtlesim/share/turtlesim/launch\n'}
[0.895111] (turtlesim) StdoutLine: {'line': b'-- Up-to-date: /ros2_test/AD_Middle_Test/ros2/src/install/turtlesim/share/turtlesim/launch/multisim.launch.py\n'}
[0.895327] (turtlesim) StdoutLine: {'line': b'-- Up-to-date: /ros2_test/AD_Middle_Test/ros2/src/install/turtlesim/share/ament_index/resource_index/package_run_dependencies/turtlesim\n'}
[0.895526] (turtlesim) StdoutLine: {'line': b'-- Up-to-date: /ros2_test/AD_Middle_Test/ros2/src/install/turtlesim/share/ament_index/resource_index/parent_prefix_path/turtlesim\n'}
[0.895732] (turtlesim) StdoutLine: {'line': b'-- Up-to-date: /ros2_test/AD_Middle_Test/ros2/src/install/turtlesim/share/turtlesim/environment/ament_prefix_path.sh\n'}
[0.895929] (turtlesim) StdoutLine: {'line': b'-- Up-to-date: /ros2_test/AD_Middle_Test/ros2/src/install/turtlesim/share/turtlesim/environment/ament_prefix_path.dsv\n'}
[0.896119] (turtlesim) StdoutLine: {'line': b'-- Up-to-date: /ros2_test/AD_Middle_Test/ros2/src/install/turtlesim/share/turtlesim/environment/path.sh\n'}
[0.896439] (turtlesim) StdoutLine: {'line': b'-- Up-to-date: /ros2_test/AD_Middle_Test/ros2/src/install/turtlesim/share/turtlesim/environment/path.dsv\n'}
[0.896700] (turtlesim) StdoutLine: {'line': b'-- Up-to-date: /ros2_test/AD_Middle_Test/ros2/src/install/turtlesim/share/turtlesim/local_setup.bash\n'}
[0.896841] (turtlesim) StdoutLine: {'line': b'-- Up-to-date: /ros2_test/AD_Middle_Test/ros2/src/install/turtlesim/share/turtlesim/local_setup.sh\n'}
[0.897124] (turtlesim) StdoutLine: {'line': b'-- Up-to-date: /ros2_test/AD_Middle_Test/ros2/src/install/turtlesim/share/turtlesim/local_setup.zsh\n'}
[0.897277] (turtlesim) StdoutLine: {'line': b'-- Up-to-date: /ros2_test/AD_Middle_Test/ros2/src/install/turtlesim/share/turtlesim/local_setup.dsv\n'}
[0.897438] (turtlesim) StdoutLine: {'line': b'-- Installing: /ros2_test/AD_Middle_Test/ros2/src/install/turtlesim/share/turtlesim/package.dsv\n'}
[0.897579] (turtlesim) StdoutLine: {'line': b'-- Up-to-date: /ros2_test/AD_Middle_Test/ros2/src/install/turtlesim/share/ament_index/resource_index/packages/turtlesim\n'}
[0.897716] (turtlesim) StdoutLine: {'line': b'-- Up-to-date: /ros2_test/AD_Middle_Test/ros2/src/install/turtlesim/share/turtlesim/cmake/rosidl_cmake-extras.cmake\n'}
[0.897853] (turtlesim) StdoutLine: {'line': b'-- Up-to-date: /ros2_test/AD_Middle_Test/ros2/src/install/turtlesim/share/turtlesim/cmake/ament_cmake_export_dependencies-extras.cmake\n'}
[0.898006] (turtlesim) StdoutLine: {'line': b'-- Up-to-date: /ros2_test/AD_Middle_Test/ros2/src/install/turtlesim/share/turtlesim/cmake/ament_cmake_export_libraries-extras.cmake\n'}
[0.898512] (turtlesim) StdoutLine: {'line': b'-- Up-to-date: /ros2_test/AD_Middle_Test/ros2/src/install/turtlesim/share/turtlesim/cmake/rosidl_cmake_export_typesupport_libraries-extras.cmake\n'}
[0.899124] (turtlesim) StdoutLine: {'line': b'-- Up-to-date: /ros2_test/AD_Middle_Test/ros2/src/install/turtlesim/share/turtlesim/cmake/ament_cmake_export_include_directories-extras.cmake\n'}
[0.901761] (-) TimerEvent: {}
[0.902572] (turtlesim) StdoutLine: {'line': b'-- Up-to-date: /ros2_test/AD_Middle_Test/ros2/src/install/turtlesim/share/turtlesim/cmake/turtlesimConfig.cmake\n'}
[0.902864] (turtlesim) StdoutLine: {'line': b'-- Up-to-date: /ros2_test/AD_Middle_Test/ros2/src/install/turtlesim/share/turtlesim/cmake/turtlesimConfig-version.cmake\n'}
[0.903110] (turtlesim) StdoutLine: {'line': b'-- Up-to-date: /ros2_test/AD_Middle_Test/ros2/src/install/turtlesim/share/turtlesim/package.xml\n'}
[0.903354] (turtlesim) CommandEnded: {'returncode': 0}
[0.919658] (turtlesim) JobEnded: {'identifier': 'turtlesim', 'rc': 0}
[0.926766] (simple_s) JobProgress: {'identifier': 'simple_s', 'progress': 'install'}
[0.927173] (simple_s) Command: {'cmd': ['/usr/bin/cmake', '--install', '/ros2_test/AD_Middle_Test/ros2/src/build/simple_s'], 'cwd': '/ros2_test/AD_Middle_Test/ros2/src/build/simple_s', 'env': OrderedDict([('LESSOPEN', '| /usr/bin/lesspipe %s'), ('HOSTNAME', '3d2cb9766238'), ('ROS_PACKAGE_PATH', '/opt/ros/foxy/share'), ('SHLVL', '1'), ('LD_LIBRARY_PATH', '/ros2_test/AD_Middle_Test/ros2/src/install/test_interfaces/lib:/ros2_test/AD_Middle_Test/ros2/src/install/turtlesim/lib:/ros2_test/AD_Middle_Test/ros2/install/turtlesim/lib:/ros2_test/AD_Middle_Test/ros2/install/test_interfaces/lib:/opt/ros/foxy/opt/yaml_cpp_vendor/lib:/opt/ros/foxy/opt/rviz_ogre_vendor/lib:/opt/ros/foxy/lib'), ('HOME', '/root'), ('OLDPWD', '/ros2_test/AD_Middle_Test/ros2/src/simple_s'), ('ROS_PYTHON_VERSION', '3'), ('COLCON_PREFIX_PATH', '/ros2_test/AD_Middle_Test/ros2/src/install:/ros2_test/AD_Middle_Test/ros2/install:/opt/ros/foxy'), ('ROS_DISTRO', 'foxy'), ('_', '/usr/bin/colcon'), ('ROS_VERSION', '2'), ('PKG_CONFIG_PATH', '/opt/ros/foxy/lib/x86_64-linux-gnu/pkgconfig:/opt/ros/foxy/lib/pkgconfig'), ('TERM', 'xterm'), ('ROS_LOCALHOST_ONLY', '0'), ('PATH', '/opt/ros/foxy/bin:/usr/local/sbin:/usr/local/bin:/usr/sbin:/usr/bin:/sbin:/bin'), ('LANG', 'C.UTF-8'), ('LS_COLORS', 'rs=0:di=01;34:ln=01;36:mh=00:pi=40;33:so=01;35:do=01;35:bd=40;33;01:cd=40;33;01:or=40;31;01:mi=00:su=37;41:sg=30;43:ca=30;41:tw=30;42:ow=34;42:st=37;44:ex=01;32:*.tar=01;31:*.tgz=01;31:*.arc=01;31:*.arj=01;31:*.taz=01;31:*.lha=01;31:*.lz4=01;31:*.lzh=01;31:*.lzma=01;31:*.tlz=01;31:*.txz=01;31:*.tzo=01;31:*.t7z=01;31:*.zip=01;31:*.z=01;31:*.dz=01;31:*.gz=01;31:*.lrz=01;31:*.lz=01;31:*.lzo=01;31:*.xz=01;31:*.zst=01;31:*.tzst=01;31:*.bz2=01;31:*.bz=01;31:*.tbz=01;31:*.tbz2=01;31:*.tz=01;31:*.deb=01;31:*.rpm=01;31:*.jar=01;31:*.war=01;31:*.ear=01;31:*.sar=01;31:*.rar=01;31:*.alz=01;31:*.ace=01;31:*.zoo=01;31:*.cpio=01;31:*.7z=01;31:*.rz=01;31:*.cab=01;31:*.wim=01;31:*.swm=01;31:*.dwm=01;31:*.esd=01;31:*.jpg=01;35:*.jpeg=01;35:*.mjpg=01;35:*.mjpeg=01;35:*.gif=01;35:*.bmp=01;35:*.pbm=01;35:*.pgm=01;35:*.ppm=01;35:*.tga=01;35:*.xbm=01;35:*.xpm=01;35:*.tif=01;35:*.tiff=01;35:*.png=01;35:*.svg=01;35:*.svgz=01;35:*.mng=01;35:*.pcx=01;35:*.mov=01;35:*.mpg=01;35:*.mpeg=01;35:*.m2v=01;35:*.mkv=01;35:*.webm=01;35:*.ogm=01;35:*.mp4=01;35:*.m4v=01;35:*.mp4v=01;35:*.vob=01;35:*.qt=01;35:*.nuv=01;35:*.wmv=01;35:*.asf=01;35:*.rm=01;35:*.rmvb=01;35:*.flc=01;35:*.avi=01;35:*.fli=01;35:*.flv=01;35:*.gl=01;35:*.dl=01;35:*.xcf=01;35:*.xwd=01;35:*.yuv=01;35:*.cgm=01;35:*.emf=01;35:*.ogv=01;35:*.ogx=01;35:*.aac=00;36:*.au=00;36:*.flac=00;36:*.m4a=00;36:*.mid=00;36:*.midi=00;36:*.mka=00;36:*.mp3=00;36:*.mpc=00;36:*.ogg=00;36:*.ra=00;36:*.wav=00;36:*.oga=00;36:*.opus=00;36:*.spx=00;36:*.xspf=00;36:'), ('ROSDISTRO_INDEX_URL', 'https://raw.githubusercontent.com/osrf/docker_images/master/ros2/nightly/nightly/index-v4.yaml'), ('AMENT_PREFIX_PATH', '/ros2_test/AD_Middle_Test/ros2/src/install/turtlesim:/ros2_test/AD_Middle_Test/ros2/src/install/simple_s:/ros2_test/AD_Middle_Test/ros2/src/install/test_interfaces:/ros2_test/AD_Middle_Test/ros2/src/install/detect_s:/ros2_test/AD_Middle_Test/ros2/install/turtlesim:/ros2_test/AD_Middle_Test/ros2/install/simple_s:/ros2_test/AD_Middle_Test/ros2/install/test_interfaces:/ros2_test/AD_Middle_Test/ros2/install/detect_s:/opt/ros/foxy'), ('LESSCLOSE', '/usr/bin/lesspipe %s %s'), ('PWD', '/ros2_test/AD_Middle_Test/ros2/src/build/simple_s'), ('LC_ALL', 'C.UTF-8'), ('PYTHONPATH', '/ros2_test/AD_Middle_Test/ros2/src/install/test_interfaces/lib/python3.8/site-packages:/ros2_test/AD_Middle_Test/ros2/src/install/turtlesim/lib/python3.8/site-packages:/ros2_test/AD_Middle_Test/ros2/install/turtlesim/lib/python3.8/site-packages:/ros2_test/AD_Middle_Test/ros2/install/test_interfaces/lib/python3.8/site-packages:/opt/ros/foxy/lib/python3.8/site-packages'), ('COLCON', '1'), ('CMAKE_PREFIX_PATH', '/ros2_test/AD_Middle_Test/ros2/src/install/test_interfaces:/ros2_test/AD_Middle_Test/ros2/src/install/turtlesim:/ros2_test/AD_Middle_Test/ros2/src/install/simple_s:/ros2_test/AD_Middle_Test/ros2/src/install/detect_s:/ros2_test/AD_Middle_Test/ros2/install/turtlesim:/ros2_test/AD_Middle_Test/ros2/install/simple_s:/ros2_test/AD_Middle_Test/ros2/install/test_interfaces:/ros2_test/AD_Middle_Test/ros2/install/detect_s:/opt/ros/foxy')]), 'shell': False}
[0.942148] (simple_s) StdoutLine: {'line': b'-- Install configuration: ""\n'}
[0.942553] (simple_s) StdoutLine: {'line': b'-- Up-to-date: /ros2_test/AD_Middle_Test/ros2/src/install/simple_s/lib/simple_s/talker\n'}
[0.943177] (simple_s) StdoutLine: {'line': b'-- Up-to-date: /ros2_test/AD_Middle_Test/ros2/src/install/simple_s/lib/simple_s/listener\n'}
[0.943796] (simple_s) StdoutLine: {'line': b'-- Up-to-date: /ros2_test/AD_Middle_Test/ros2/src/install/simple_s/lib/simple_s/intra_pipe\n'}
[0.944186] (simple_s) StdoutLine: {'line': b'-- Up-to-date: /ros2_test/AD_Middle_Test/ros2/src/install/simple_s/share/ament_index/resource_index/package_run_dependencies/simple_s\n'}
[0.944390] (simple_s) StdoutLine: {'line': b'-- Up-to-date: /ros2_test/AD_Middle_Test/ros2/src/install/simple_s/share/ament_index/resource_index/parent_prefix_path/simple_s\n'}
[0.944592] (simple_s) StdoutLine: {'line': b'-- Up-to-date: /ros2_test/AD_Middle_Test/ros2/src/install/simple_s/share/simple_s/environment/ament_prefix_path.sh\n'}
[0.944820] (simple_s) StdoutLine: {'line': b'-- Up-to-date: /ros2_test/AD_Middle_Test/ros2/src/install/simple_s/share/simple_s/environment/ament_prefix_path.dsv\n'}
[0.945012] (simple_s) StdoutLine: {'line': b'-- Up-to-date: /ros2_test/AD_Middle_Test/ros2/src/install/simple_s/share/simple_s/environment/path.sh\n'}
[0.945206] (simple_s) StdoutLine: {'line': b'-- Up-to-date: /ros2_test/AD_Middle_Test/ros2/src/install/simple_s/share/simple_s/environment/path.dsv\n'}
[0.945345] (simple_s) StdoutLine: {'line': b'-- Up-to-date: /ros2_test/AD_Middle_Test/ros2/src/install/simple_s/share/simple_s/local_setup.bash\n'}
[0.945560] (simple_s) StdoutLine: {'line': b'-- Up-to-date: /ros2_test/AD_Middle_Test/ros2/src/install/simple_s/share/simple_s/local_setup.sh\n'}
[0.945731] (simple_s) StdoutLine: {'line': b'-- Up-to-date: /ros2_test/AD_Middle_Test/ros2/src/install/simple_s/share/simple_s/local_setup.zsh\n'}
[0.945868] (simple_s) StdoutLine: {'line': b'-- Up-to-date: /ros2_test/AD_Middle_Test/ros2/src/install/simple_s/share/simple_s/local_setup.dsv\n'}
[0.946009] (simple_s) StdoutLine: {'line': b'-- Installing: /ros2_test/AD_Middle_Test/ros2/src/install/simple_s/share/simple_s/package.dsv\n'}
[0.946146] (simple_s) StdoutLine: {'line': b'-- Up-to-date: /ros2_test/AD_Middle_Test/ros2/src/install/simple_s/share/ament_index/resource_index/packages/simple_s\n'}
[0.946283] (simple_s) StdoutLine: {'line': b'-- Up-to-date: /ros2_test/AD_Middle_Test/ros2/src/install/simple_s/share/simple_s/cmake/simple_sConfig.cmake\n'}
[0.946419] (simple_s) StdoutLine: {'line': b'-- Up-to-date: /ros2_test/AD_Middle_Test/ros2/src/install/simple_s/share/simple_s/cmake/simple_sConfig-version.cmake\n'}
[0.946555] (simple_s) StdoutLine: {'line': b'-- Up-to-date: /ros2_test/AD_Middle_Test/ros2/src/install/simple_s/share/simple_s/package.xml\n'}
[0.947546] (simple_s) CommandEnded: {'returncode': 0}
[0.959700] (simple_s) JobEnded: {'identifier': 'simple_s', 'rc': 0}
[1.001837] (-) TimerEvent: {}
[1.102068] (-) TimerEvent: {}
[1.202293] (-) TimerEvent: {}
[1.302542] (-) TimerEvent: {}
[1.402800] (-) TimerEvent: {}
[1.503064] (-) TimerEvent: {}
[1.603340] (-) TimerEvent: {}
[1.703604] (-) TimerEvent: {}
[1.803873] (-) TimerEvent: {}
[1.904151] (-) TimerEvent: {}
[2.004484] (-) TimerEvent: {}
[2.104753] (-) TimerEvent: {}
[2.205024] (-) TimerEvent: {}
[2.305288] (-) TimerEvent: {}
[2.405540] (-) TimerEvent: {}
[2.505760] (-) TimerEvent: {}
[2.606001] (-) TimerEvent: {}
[2.615143] (detect_s) StderrLine: {'line': b'\x1b[01m\x1b[K/ros2_test/AD_Middle_Test/ros2/src/detect_s/src/YoloDetect.cpp:\x1b[m\x1b[K In member function \xe2\x80\x98\x1b[01m\x1b[Kvoid YoloDetect::topic_callback(test_interfaces::msg::TestImage_<std::allocator<void> >::SharedPtr)\x1b[m\x1b[K\xe2\x80\x99:\n'}
[2.615427] (detect_s) StderrLine: {'line': b'\x1b[01m\x1b[K/ros2_test/AD_Middle_Test/ros2/src/detect_s/src/YoloDetect.cpp:97:30:\x1b[m\x1b[K \x1b[01;31m\x1b[Kerror: \x1b[m\x1b[Kcannot convert \xe2\x80\x98\x1b[01m\x1b[Ktest_interfaces::msg::TestImage_<std::allocator<void> >::_mat_data_type\x1b[m\x1b[K\xe2\x80\x99 {aka \xe2\x80\x98\x1b[01m\x1b[Kstd::__cxx11::basic_string<char>\x1b[m\x1b[K\xe2\x80\x99} to \xe2\x80\x98\x1b[01m\x1b[Kunsigned char*\x1b[m\x1b[K\xe2\x80\x99 in initialization\n'}
[2.615597] (detect_s) StderrLine: {'line': b'   97 |    unsigned char* toC = \x1b[01;31m\x1b[Kmsg->mat_data\x1b[m\x1b[K;\n'}
[2.615741] (detect_s) StderrLine: {'line': b'      |                         \x1b[01;31m\x1b[K~~~~~^~~~~~~~\x1b[m\x1b[K\n'}
[2.615881] (detect_s) StderrLine: {'line': b'      |                              \x1b[01;31m\x1b[K|\x1b[m\x1b[K\n'}
[2.616018] (detect_s) StderrLine: {'line': b'      |                              \x1b[01;31m\x1b[Ktest_interfaces::msg::TestImage_<std::allocator<void> >::_mat_data_type {aka std::__cxx11::basic_string<char>}\x1b[m\x1b[K\n'}
[2.706093] (-) TimerEvent: {}
[2.806383] (-) TimerEvent: {}
[2.906671] (-) TimerEvent: {}
[3.006950] (-) TimerEvent: {}
[3.107223] (-) TimerEvent: {}
[3.207518] (-) TimerEvent: {}
[3.307880] (-) TimerEvent: {}
[3.408274] (-) TimerEvent: {}
[3.508636] (-) TimerEvent: {}
[3.608936] (-) TimerEvent: {}
[3.709222] (-) TimerEvent: {}
[3.809510] (-) TimerEvent: {}
[3.909758] (-) TimerEvent: {}
[4.010020] (-) TimerEvent: {}
[4.110276] (-) TimerEvent: {}
[4.210574] (-) TimerEvent: {}
[4.310896] (-) TimerEvent: {}
[4.316558] (detect_s) StderrLine: {'line': b'make[2]: *** [CMakeFiles/yoloDetect.dir/build.make:63: CMakeFiles/yoloDetect.dir/src/YoloDetect.cpp.o] Error 1\n'}
[4.316834] (detect_s) StderrLine: {'line': b'make[1]: *** [CMakeFiles/Makefile2:80: CMakeFiles/yoloDetect.dir/all] Error 2\n'}
[4.317036] (detect_s) StderrLine: {'line': b'make: *** [Makefile:141: all] Error 2\n'}
[4.319604] (detect_s) CommandEnded: {'returncode': 2}
[4.320101] (detect_s) JobEnded: {'identifier': 'detect_s', 'rc': 2}
[4.330380] (-) EventReactorShutdown: {}
