[0.107s] [35m[1mScanning dependencies of target yoloDetect[0m
[0.141s] [ 50%] Built target cameraTimer
[0.190s] [ 75%] [32mBuilding CXX object CMakeFiles/yoloDetect.dir/src/YoloDetect.cpp.o[0m
[2.607s] [01m[K/ros2_test/AD_Middle_Test/ros2/src/detect_s/src/YoloDetect.cpp:[m[K In member function â€˜[01m[Kvoid YoloDetect::topic_callback(test_interfaces::msg::TestImage_<std::allocator<void> >::SharedPtr)[m[Kâ€™:
[2.608s] [01m[K/ros2_test/AD_Middle_Test/ros2/src/detect_s/src/YoloDetect.cpp:88:93:[m[K [01;31m[Kerror: [m[Kâ€˜[01m[Kreinterpre[m[Kâ€™ was not declared in this scope
[2.608s]    88 |    std::copy(reinterpret_cast<unsigned char *>(const_cast<char *>((msg->mat_data).c_str())),[01;31m[Kreinterpre[m[K
[2.608s]       |                                                                                             [01;31m[K^~~~~~~~~~[m[K
[2.608s] [01m[K/ros2_test/AD_Middle_Test/ros2/src/detect_s/src/YoloDetect.cpp:87:8:[m[K [01;35m[Kwarning: [m[Kunused variable â€˜[01m[Kdatasize[m[Kâ€™ [[01;35m[K-Wunused-variable[m[K]
[2.608s]    87 |    int [01;35m[Kdatasize[m[K = msg->rows*msg->cols*msg->elt_size;
[2.608s]       |        [01;35m[K^~~~~~~~[m[K
[4.304s] make[2]: *** [CMakeFiles/yoloDetect.dir/build.make:63: CMakeFiles/yoloDetect.dir/src/YoloDetect.cpp.o] Error 1
[4.304s] make[1]: *** [CMakeFiles/Makefile2:80: CMakeFiles/yoloDetect.dir/all] Error 2
[4.305s] make: *** [Makefile:141: all] Error 2
