[0.103s] [35m[1mScanning dependencies of target yoloDetect[0m
[0.139s] [ 50%] Built target cameraTimer
[0.160s] [ 75%] [32mBuilding CXX object CMakeFiles/yoloDetect.dir/src/YoloDetect.cpp.o[0m
[2.611s] [01m[K/ros2_test/AD_Middle_Test/ros2/src/detect_s/src/YoloDetect.cpp:[m[K In member function â€˜[01m[Kvoid YoloDetect::topic_callback(test_interfaces::msg::TestImage_<std::allocator<void> >::SharedPtr)[m[Kâ€™:
[2.611s] [01m[K/ros2_test/AD_Middle_Test/ros2/src/detect_s/src/YoloDetect.cpp:88:84:[m[K [01;31m[Kerror: [m[Kâ€˜[01m[Kusing _image_data_type = struct sensor_msgs::msg::Image_<std::allocator<void> >[m[Kâ€™ {aka â€˜[01m[Kstruct sensor_msgs::msg::Image_<std::allocator<void> >[m[Kâ€™} has no member named â€˜[01m[Kelt_size[m[Kâ€™
[2.611s]    88 |    int datasize = msg->image_data.height * msg->image_data.width * msg->image_data.[01;31m[Kelt_size[m[K;
[2.611s]       |                                                                                    [01;31m[K^~~~~~~~[m[K
[4.297s] make[2]: *** [CMakeFiles/yoloDetect.dir/build.make:63: CMakeFiles/yoloDetect.dir/src/YoloDetect.cpp.o] Error 1
[4.297s] make[1]: *** [CMakeFiles/Makefile2:80: CMakeFiles/yoloDetect.dir/all] Error 2
[4.298s] make: *** [Makefile:141: all] Error 2
