[0.105s] [35m[1mScanning dependencies of target camera[0m
[0.166s] [ 50%] [32mBuilding CXX object CMakeFiles/camera.dir/src/camera.cpp.o[0m
[2.595s] [01m[K/ros2_test/AD_Middle_Test/ros2/src/detect_s/src/camera.cpp:[m[K In constructor â€˜[01m[KCamera::Camera(int, int64_t, std::string)[m[Kâ€™:
[2.595s] [01m[K/ros2_test/AD_Middle_Test/ros2/src/detect_s/src/camera.cpp:23:87:[m[K [01;31m[Kerror: [m[Kâ€˜[01m[KCV_LOAD_IMAGE_COLOR[m[Kâ€™ is not a member of â€˜[01m[Kcv[m[Kâ€™
[2.595s]    23 |    cv::Mat image = cv::imread("/ros2_test/AD_Middle_Test/ros2/src/detect_s/a.jpg",cv::[01;31m[KCV_LOAD_IMAGE_COLOR[m[K);
[2.595s]       |                                                                                       [01;31m[K^~~~~~~~~~~~~~~~~~~[m[K
[2.595s] [01m[K/ros2_test/AD_Middle_Test/ros2/src/detect_s/src/camera.cpp:24:27:[m[K [01;31m[Kerror: [m[Kexpected primary-expression before â€˜[01m[K;[m[Kâ€™ token
[2.595s]    24 |    message.image.height = [01;31m[K;[m[K
[2.595s]       |                           [01;31m[K^[m[K
[2.596s] [01m[K/ros2_test/AD_Middle_Test/ros2/src/detect_s/src/camera.cpp:13:32:[m[K [01;35m[Kwarning: [m[Kunused parameter â€˜[01m[Kstr_size[m[Kâ€™ [[01;35m[K-Wunused-parameter[m[K]
[2.596s]    13 |   Camera(int sleep_ms, [01;35m[Kint64_t str_size[m[K, string channel_name)
[2.596s]       |                        [01;35m[K~~~~~~~~^~~~~~~~[m[K
[4.649s] make[2]: *** [CMakeFiles/camera.dir/build.make:63: CMakeFiles/camera.dir/src/camera.cpp.o] Error 1
[4.649s] make[1]: *** [CMakeFiles/Makefile2:78: CMakeFiles/camera.dir/all] Error 2
[4.649s] make: *** [Makefile:141: all] Error 2
