[0.105s] [35m[1mScanning dependencies of target cameraTimer[0m
[0.106s] [35m[1mScanning dependencies of target yoloDetect[0m
[0.178s] [ 25%] [32mBuilding CXX object CMakeFiles/cameraTimer.dir/src/CameraTimer.cpp.o[0m
[0.181s] [ 50%] [32mBuilding CXX object CMakeFiles/yoloDetect.dir/src/YoloDetect.cpp.o[0m
[2.578s] [01m[K/ros2_test/AD_Middle_Test/ros2/src/detect_s/src/CameraTimer.cpp:[m[K In member function â€˜[01m[Kvoid CameraTimer::timer_callback()[m[Kâ€™:
[2.578s] [01m[K/ros2_test/AD_Middle_Test/ros2/src/detect_s/src/CameraTimer.cpp:50:20:[m[K [01;35m[Kwarning: [m[Kcomparison of integer expressions of different signedness: â€˜[01m[Kint[m[Kâ€™ and â€˜[01m[Ksize_t[m[Kâ€™ {aka â€˜[01m[Klong unsigned int[m[Kâ€™} [[01;35m[K-Wsign-compare[m[K]
[2.578s]    50 |      for(int k =0;[01;35m[Kk<image.elemSize()[m[K;k++){
[2.578s]       |                   [01;35m[K~^~~~~~~~~~~~~~~~~[m[K
[2.709s] [01m[K/ros2_test/AD_Middle_Test/ros2/src/detect_s/src/YoloDetect.cpp:[m[K In member function â€˜[01m[Kvoid YoloDetect::topic_callback(test_interfaces::msg::TestImage_<std::allocator<void> >::SharedPtr)[m[Kâ€™:
[2.709s] [01m[K/ros2_test/AD_Middle_Test/ros2/src/detect_s/src/YoloDetect.cpp:96:18:[m[K [01;31m[Kerror: [m[Kâ€˜[01m[Kimage[m[Kâ€™ was not declared in this scope
[2.709s]    96 |    for(int i=0;i<[01;31m[Kimage[m[K.rows;i++){
[2.709s]       |                  [01;31m[K^~~~~[m[K
[2.712s] [01m[K/ros2_test/AD_Middle_Test/ros2/src/detect_s/src/YoloDetect.cpp:86:8:[m[K [01;35m[Kwarning: [m[Kunused variable â€˜[01m[Kdatasize[m[Kâ€™ [[01;35m[K-Wunused-variable[m[K]
[2.712s]    86 |    int [01;35m[Kdatasize[m[K = msg->rows*msg->cols*msg->elt_size;
[2.712s]       |        [01;35m[K^~~~~~~~[m[K
[4.423s] make[2]: *** [CMakeFiles/yoloDetect.dir/build.make:63: CMakeFiles/yoloDetect.dir/src/YoloDetect.cpp.o] Error 1
[4.424s] make[1]: *** [CMakeFiles/Makefile2:80: CMakeFiles/yoloDetect.dir/all] Error 2
[4.424s] make[1]: *** Waiting for unfinished jobs....
[5.201s] [ 75%] [32m[1mLinking CXX executable cameraTimer[0m
[5.718s] [ 75%] Built target cameraTimer
[5.719s] make: *** [Makefile:141: all] Error 2
