[0.082s] [35m[1mScanning dependencies of target listener[0m
[0.110s] [ 50%] Built target talker
[0.120s] [ 75%] [32mBuilding CXX object CMakeFiles/listener.dir/src/listener.cpp.o[0m
[2.155s] [01m[K/ros2_test/AD_Middle_Test/ros2/src/simple_s/src/listener.cpp:[m[K In function â€˜[01m[Kvoid topic_callback2(const SharedPtr&, const SharedPtr&)[m[Kâ€™:
[2.155s] [01m[K/ros2_test/AD_Middle_Test/ros2/src/simple_s/src/listener.cpp:46:67:[m[K [01;35m[Kwarning: [m[Kunused parameter â€˜[01m[Kmsg0[m[Kâ€™ [[01;35m[K-Wunused-parameter[m[K]
[2.155s]    46 | void topic_callback2([01;35m[Kconst test_interfaces::msg::Test::SharedPtr& msg0[m[K,const test_interfaces::msg::Test::SharedPtr& msg1)
[2.156s]       |                      [01;35m[K~~~~~~~~~~~~~~~~~~~~~~~~~~~~~~~~~~~~~~~~~~~~~^~~~[m[K
[2.156s] [01m[K/ros2_test/AD_Middle_Test/ros2/src/simple_s/src/listener.cpp:46:117:[m[K [01;35m[Kwarning: [m[Kunused parameter â€˜[01m[Kmsg1[m[Kâ€™ [[01;35m[K-Wunused-parameter[m[K]
[2.156s]    46 | void topic_callback2(const test_interfaces::msg::Test::SharedPtr& msg0,[01;35m[Kconst test_interfaces::msg::Test::SharedPtr& msg1[m[K)
[2.156s]       |                                                                        [01;35m[K~~~~~~~~~~~~~~~~~~~~~~~~~~~~~~~~~~~~~~~~~~~~~^~~~[m[K
[2.191s] [01m[K/ros2_test/AD_Middle_Test/ros2/src/simple_s/src/listener.cpp:[m[K In constructor â€˜[01m[KMinimalSubscriber::MinimalSubscriber(std::string, int)[m[Kâ€™:
[2.192s] [01m[K/ros2_test/AD_Middle_Test/ros2/src/simple_s/src/listener.cpp:72:87:[m[K [01;31m[Kerror: [m[Kno matching function for call to â€˜[01m[Kmessage_filters::TimeSynchronizer<test_interfaces::msg::Test_<std::allocator<void> >, test_interfaces::msg::Test_<std::allocator<void> > >::registerCallback(void (&)(const SharedPtr&, const SharedPtr&), const std::_Placeholder<1>&, const std::_Placeholder<2>&)[m[Kâ€™
[2.192s]    72 |    sync_->registerCallback(topic_callback2,std::placeholders::_1,std::placeholders::_2[01;31m[K)[m[K;
[2.192s]       |                                                                                       [01;31m[K^[m[K
[2.192s] In file included from [01m[K/ros2_test/AD_Middle_Test/ros2/src/simple_s/src/listener.cpp:6[m[K:
[2.192s] [01m[K/opt/ros/foxy/include/message_filters/synchronizer.h:308:14:[m[K [01;36m[Knote: [m[Kcandidate: â€˜[01m[Ktemplate<class C, class T> message_filters::Connection message_filters::Synchronizer<Policy>::registerCallback(C&, T*) [with C = C; T = T; Policy = message_filters::sync_policies::ExactTime<test_interfaces::msg::Test_<std::allocator<void> >, test_interfaces::msg::Test_<std::allocator<void> >, message_filters::NullType, message_filters::NullType, message_filters::NullType, message_filters::NullType, message_filters::NullType, message_filters::NullType, message_filters::NullType>][m[Kâ€™
[2.193s]   308 |   Connection [01;36m[KregisterCallback[m[K(C& callback, T* t)
[2.193s]       |              [01;36m[K^~~~~~~~~~~~~~~~[m[K
[2.193s] [01m[K/opt/ros/foxy/include/message_filters/synchronizer.h:308:14:[m[K [01;36m[Knote: [m[K  template argument deduction/substitution failed:
[2.193s] [01m[K/ros2_test/AD_Middle_Test/ros2/src/simple_s/src/listener.cpp:72:87:[m[K [01;36m[Knote: [m[K  mismatched types â€˜[01m[KT*[m[Kâ€™ and â€˜[01m[Kstd::_Placeholder<1>[m[Kâ€™
[2.193s]    72 |    sync_->registerCallback(topic_callback2,std::placeholders::_1,std::placeholders::_2[01;36m[K)[m[K;
[2.193s]       |                                                                                       [01;36m[K^[m[K
[2.193s] In file included from [01m[K/ros2_test/AD_Middle_Test/ros2/src/simple_s/src/listener.cpp:6[m[K:
[2.194s] [01m[K/opt/ros/foxy/include/message_filters/synchronizer.h:302:14:[m[K [01;36m[Knote: [m[Kcandidate: â€˜[01m[Ktemplate<class C, class T> message_filters::Connection message_filters::Synchronizer<Policy>::registerCallback(const C&, T*) [with C = C; T = T; Policy = message_filters::sync_policies::ExactTime<test_interfaces::msg::Test_<std::allocator<void> >, test_interfaces::msg::Test_<std::allocator<void> >, message_filters::NullType, message_filters::NullType, message_filters::NullType, message_filters::NullType, message_filters::NullType, message_filters::NullType, message_filters::NullType>][m[Kâ€™
[2.194s]   302 |   Connection [01;36m[KregisterCallback[m[K(const C& callback, T* t)
[2.194s]       |              [01;36m[K^~~~~~~~~~~~~~~~[m[K
[2.194s] [01m[K/opt/ros/foxy/include/message_filters/synchronizer.h:302:14:[m[K [01;36m[Knote: [m[K  template argument deduction/substitution failed:
[2.194s] [01m[K/ros2_test/AD_Middle_Test/ros2/src/simple_s/src/listener.cpp:72:87:[m[K [01;36m[Knote: [m[K  mismatched types â€˜[01m[KT*[m[Kâ€™ and â€˜[01m[Kstd::_Placeholder<1>[m[Kâ€™
[2.194s]    72 |    sync_->registerCallback(topic_callback2,std::placeholders::_1,std::placeholders::_2[01;36m[K)[m[K;
[2.194s]       |                                                                                       [01;36m[K^[m[K
[2.194s] In file included from [01m[K/ros2_test/AD_Middle_Test/ros2/src/simple_s/src/listener.cpp:6[m[K:
[2.195s] [01m[K/opt/ros/foxy/include/message_filters/synchronizer.h:296:14:[m[K [01;36m[Knote: [m[Kcandidate: â€˜[01m[Ktemplate<class C> message_filters::Connection message_filters::Synchronizer<Policy>::registerCallback(const C&) [with C = C; Policy = message_filters::sync_policies::ExactTime<test_interfaces::msg::Test_<std::allocator<void> >, test_interfaces::msg::Test_<std::allocator<void> >, message_filters::NullType, message_filters::NullType, message_filters::NullType, message_filters::NullType, message_filters::NullType, message_filters::NullType, message_filters::NullType>][m[Kâ€™
[2.195s]   296 |   Connection [01;36m[KregisterCallback[m[K(const C& callback)
[2.195s]       |              [01;36m[K^~~~~~~~~~~~~~~~[m[K
[2.195s] [01m[K/opt/ros/foxy/include/message_filters/synchronizer.h:296:14:[m[K [01;36m[Knote: [m[K  template argument deduction/substitution failed:
[2.195s] [01m[K/ros2_test/AD_Middle_Test/ros2/src/simple_s/src/listener.cpp:72:87:[m[K [01;36m[Knote: [m[K  candidate expects 1 argument, 3 provided
[2.195s]    72 |    sync_->registerCallback(topic_callback2,std::placeholders::_1,std::placeholders::_2[01;36m[K)[m[K;
[2.195s]       |                                                                                       [01;36m[K^[m[K
[2.196s] In file included from [01m[K/ros2_test/AD_Middle_Test/ros2/src/simple_s/src/listener.cpp:6[m[K:
[2.196s] [01m[K/opt/ros/foxy/include/message_filters/synchronizer.h:290:14:[m[K [01;36m[Knote: [m[Kcandidate: â€˜[01m[Ktemplate<class C> message_filters::Connection message_filters::Synchronizer<Policy>::registerCallback(C&) [with C = C; Policy = message_filters::sync_policies::ExactTime<test_interfaces::msg::Test_<std::allocator<void> >, test_interfaces::msg::Test_<std::allocator<void> >, message_filters::NullType, message_filters::NullType, message_filters::NullType, message_filters::NullType, message_filters::NullType, message_filters::NullType, message_filters::NullType>][m[Kâ€™
[2.196s]   290 |   Connection [01;36m[KregisterCallback[m[K(C& callback)
[2.196s]       |              [01;36m[K^~~~~~~~~~~~~~~~[m[K
[2.196s] [01m[K/opt/ros/foxy/include/message_filters/synchronizer.h:290:14:[m[K [01;36m[Knote: [m[K  template argument deduction/substitution failed:
[2.196s] [01m[K/ros2_test/AD_Middle_Test/ros2/src/simple_s/src/listener.cpp:72:87:[m[K [01;36m[Knote: [m[K  candidate expects 1 argument, 3 provided
[2.196s]    72 |    sync_->registerCallback(topic_callback2,std::placeholders::_1,std::placeholders::_2[01;36m[K)[m[K;
[2.197s]       |                                                                                       [01;36m[K^[m[K
[4.289s] make[2]: *** [CMakeFiles/listener.dir/build.make:63: CMakeFiles/listener.dir/src/listener.cpp.o] Error 1
[4.289s] make[1]: *** [CMakeFiles/Makefile2:80: CMakeFiles/listener.dir/all] Error 2
[4.289s] make: *** [Makefile:141: all] Error 2
