[0.082s] [35m[1mScanning dependencies of target intra_pipe[0m
[0.109s] [ 33%] Built target listener
[0.110s] [ 66%] Built target talker
[0.121s] [ 83%] [32mBuilding CXX object CMakeFiles/intra_pipe.dir/src/intra_pipe.cpp.o[0m
[2.050s] [01m[K/ros2_test/AD_Middle_Test/ros2/src/simple_s/src/intra_pipe.cpp:133:13:[m[K [01;31m[Kerror: [m[Kâ€˜[01m[KSynchronizer[m[Kâ€™ was not declared in this scope; did you mean â€˜[01m[Kmessage_filters::Synchronizer[m[Kâ€™?
[2.050s]   133 |  shared_ptr<[01;31m[KSynchronizer[m[K<sync_policies::ApproximateTime<test_interfaces::msg::Test,test_interfaces::msg::Test>>>sync_;
[2.051s]       |             [01;31m[K^~~~~~~~~~~~[m[K
[2.051s]       |             [32m[Kmessage_filters::Synchronizer[m[K
[2.051s] In file included from [01m[K/ros2_test/AD_Middle_Test/ros2/src/simple_s/src/intra_pipe.cpp:10[m[K:
[2.051s] [01m[K/opt/ros/foxy/include/message_filters/synchronizer.h:53:7:[m[K [01;36m[Knote: [m[Kâ€˜[01m[Kmessage_filters::Synchronizer[m[Kâ€™ declared here
[2.051s]    53 | class [01;36m[KSynchronizer[m[K : public noncopyable, public Policy
[2.051s]       |       [01;36m[K^~~~~~~~~~~~[m[K
[2.051s] [01m[K/ros2_test/AD_Middle_Test/ros2/src/simple_s/src/intra_pipe.cpp:133:26:[m[K [01;31m[Kerror: [m[Kâ€˜[01m[Ksync_policies[m[Kâ€™ was not declared in this scope; did you mean â€˜[01m[Kmessage_filters::sync_policies[m[Kâ€™?
[2.052s]   133 |  shared_ptr<Synchronizer<[01;31m[Ksync_policies[m[K::ApproximateTime<test_interfaces::msg::Test,test_interfaces::msg::Test>>>sync_;
[2.052s]       |                          [01;31m[K^~~~~~~~~~~~~[m[K
[2.052s]       |                          [32m[Kmessage_filters::sync_policies[m[K
[2.052s] In file included from [01m[K/ros2_test/AD_Middle_Test/ros2/src/simple_s/src/intra_pipe.cpp:11[m[K:
[2.052s] [01m[K/opt/ros/foxy/include/message_filters/sync_policies/approximate_time.h:72:11:[m[K [01;36m[Knote: [m[Kâ€˜[01m[Kmessage_filters::sync_policies[m[Kâ€™ declared here
[2.052s]    72 | namespace [01;36m[Ksync_policies[m[K
[2.052s]       |           [01;36m[K^~~~~~~~~~~~~[m[K
[2.053s] [01m[K/ros2_test/AD_Middle_Test/ros2/src/simple_s/src/intra_pipe.cpp:133:110:[m[K [01;31m[Kerror: [m[Ktemplate argument 1 is invalid
[2.053s]   133 |  shared_ptr<Synchronizer<sync_policies::ApproximateTime<test_interfaces::msg::Test,test_interfaces::msg::Test[01;31m[K>>[m[K>sync_;
[2.053s]       |                                                                                                              [01;31m[K^~[m[K
[2.053s] [01m[K/ros2_test/AD_Middle_Test/ros2/src/simple_s/src/intra_pipe.cpp:133:112:[m[K [01;31m[Kerror: [m[Kexpected unqualified-id before â€˜[01m[K>[m[Kâ€™ token
[2.053s]   133 |  shared_ptr<Synchronizer<sync_policies::ApproximateTime<test_interfaces::msg::Test,test_interfaces::msg::Test>>[01;31m[K>[m[Ksync_;
[2.053s]       |                                                                                                                [01;31m[K^[m[K
[2.058s] [01m[K/ros2_test/AD_Middle_Test/ros2/src/simple_s/src/intra_pipe.cpp:[m[K In constructor â€˜[01m[KConsumer::Consumer(const string&, const string&, const int&)[m[Kâ€™:
[2.059s] [01m[K/ros2_test/AD_Middle_Test/ros2/src/simple_s/src/intra_pipe.cpp:105:43:[m[K [01;31m[Kerror: [m[Kno matching function for call to â€˜[01m[Kmessage_filters::Subscriber<test_interfaces::msg::Test_<std::allocator<void> > >::subscribe(Consumer*, std::__cxx11::basic_string<char>, int)[m[Kâ€™
[2.059s]   105 |    sub1.subscribe(this,channel_name+'0',10[01;31m[K)[m[K;
[2.059s]       |                                           [01;31m[K^[m[K
[2.059s] In file included from [01m[K/ros2_test/AD_Middle_Test/ros2/src/simple_s/src/intra_pipe.cpp:9[m[K:
[2.059s] [01m[K/opt/ros/foxy/include/message_filters/subscriber.h:145:8:[m[K [01;36m[Knote: [m[Kcandidate: â€˜[01m[Kvoid message_filters::Subscriber<M>::subscribe(rclcpp::Node::SharedPtr, const string&, rmw_qos_profile_t) [with M = test_interfaces::msg::Test_<std::allocator<void> >; rclcpp::Node::SharedPtr = std::shared_ptr<rclcpp::Node>; std::string = std::__cxx11::basic_string<char>; rmw_qos_profile_t = rmw_qos_profile_t][m[Kâ€™
[2.060s]   145 |   void [01;36m[Ksubscribe[m[K(rclcpp::Node::SharedPtr node, const std::string& topic, const rmw_qos_profile_t qos = rmw_qos_profile_default)
[2.060s]       |        [01;36m[K^~~~~~~~~[m[K
[2.060s] [01m[K/opt/ros/foxy/include/message_filters/subscriber.h:145:42:[m[K [01;36m[Knote: [m[K  no known conversion for argument 1 from â€˜[01m[KConsumer*[m[Kâ€™ to â€˜[01m[Krclcpp::Node::SharedPtr[m[Kâ€™ {aka â€˜[01m[Kstd::shared_ptr<rclcpp::Node>[m[Kâ€™}
[2.060s]   145 |   void subscribe([01;36m[Krclcpp::Node::SharedPtr node[m[K, const std::string& topic, const rmw_qos_profile_t qos = rmw_qos_profile_default)
[2.060s]       |                  [01;36m[K~~~~~~~~~~~~~~~~~~~~~~~~^~~~[m[K
[2.060s] [01m[K/opt/ros/foxy/include/message_filters/subscriber.h:162:8:[m[K [01;36m[Knote: [m[Kcandidate: â€˜[01m[Kvoid message_filters::Subscriber<M>::subscribe(rclcpp::Node*, const string&, rmw_qos_profile_t) [with M = test_interfaces::msg::Test_<std::allocator<void> >; std::string = std::__cxx11::basic_string<char>; rmw_qos_profile_t = rmw_qos_profile_t][m[Kâ€™
[2.060s]   162 |   void [01;36m[Ksubscribe[m[K(rclcpp::Node * node, const std::string& topic, const rmw_qos_profile_t qos = rmw_qos_profile_default)
[2.061s]       |        [01;36m[K^~~~~~~~~[m[K
[2.061s] [01m[K/opt/ros/foxy/include/message_filters/subscriber.h:162:89:[m[K [01;36m[Knote: [m[K  no known conversion for argument 3 from â€˜[01m[Kint[m[Kâ€™ to â€˜[01m[Krmw_qos_profile_t[m[Kâ€™
[2.061s]   162 |   void subscribe(rclcpp::Node * node, const std::string& topic, [01;36m[Kconst rmw_qos_profile_t qos = rmw_qos_profile_default[m[K)
[2.061s]       |                                                                 [01;36m[K~~~~~~~~~~~~~~~~~~~~~~~~^~~~~~~~~~~~~~~~~~~~~~~~~~~~~[m[K
[2.061s] [01m[K/opt/ros/foxy/include/message_filters/subscriber.h:184:8:[m[K [01;36m[Knote: [m[Kcandidate: â€˜[01m[Kvoid message_filters::Subscriber<M>::subscribe() [with M = test_interfaces::msg::Test_<std::allocator<void> >][m[Kâ€™
[2.061s]   184 |   void [01;36m[Ksubscribe[m[K()
[2.061s]       |        [01;36m[K^~~~~~~~~[m[K
[2.062s] [01m[K/opt/ros/foxy/include/message_filters/subscriber.h:184:8:[m[K [01;36m[Knote: [m[K  candidate expects 0 arguments, 3 provided
[2.062s] [01m[K/ros2_test/AD_Middle_Test/ros2/src/simple_s/src/intra_pipe.cpp:106:43:[m[K [01;31m[Kerror: [m[Kno matching function for call to â€˜[01m[Kmessage_filters::Subscriber<test_interfaces::msg::Test_<std::allocator<void> > >::subscribe(Consumer*, std::__cxx11::basic_string<char>, int)[m[Kâ€™
[2.062s]   106 |    sub2.subscribe(this,channel_name+'1',10[01;31m[K)[m[K;
[2.062s]       |                                           [01;31m[K^[m[K
[2.062s] In file included from [01m[K/ros2_test/AD_Middle_Test/ros2/src/simple_s/src/intra_pipe.cpp:9[m[K:
[2.062s] [01m[K/opt/ros/foxy/include/message_filters/subscriber.h:145:8:[m[K [01;36m[Knote: [m[Kcandidate: â€˜[01m[Kvoid message_filters::Subscriber<M>::subscribe(rclcpp::Node::SharedPtr, const string&, rmw_qos_profile_t) [with M = test_interfaces::msg::Test_<std::allocator<void> >; rclcpp::Node::SharedPtr = std::shared_ptr<rclcpp::Node>; std::string = std::__cxx11::basic_string<char>; rmw_qos_profile_t = rmw_qos_profile_t][m[Kâ€™
[2.062s]   145 |   void [01;36m[Ksubscribe[m[K(rclcpp::Node::SharedPtr node, const std::string& topic, const rmw_qos_profile_t qos = rmw_qos_profile_default)
[2.062s]       |        [01;36m[K^~~~~~~~~[m[K
[2.063s] [01m[K/opt/ros/foxy/include/message_filters/subscriber.h:145:42:[m[K [01;36m[Knote: [m[K  no known conversion for argument 1 from â€˜[01m[KConsumer*[m[Kâ€™ to â€˜[01m[Krclcpp::Node::SharedPtr[m[Kâ€™ {aka â€˜[01m[Kstd::shared_ptr<rclcpp::Node>[m[Kâ€™}
[2.063s]   145 |   void subscribe([01;36m[Krclcpp::Node::SharedPtr node[m[K, const std::string& topic, const rmw_qos_profile_t qos = rmw_qos_profile_default)
[2.063s]       |                  [01;36m[K~~~~~~~~~~~~~~~~~~~~~~~~^~~~[m[K
[2.063s] [01m[K/opt/ros/foxy/include/message_filters/subscriber.h:162:8:[m[K [01;36m[Knote: [m[Kcandidate: â€˜[01m[Kvoid message_filters::Subscriber<M>::subscribe(rclcpp::Node*, const string&, rmw_qos_profile_t) [with M = test_interfaces::msg::Test_<std::allocator<void> >; std::string = std::__cxx11::basic_string<char>; rmw_qos_profile_t = rmw_qos_profile_t][m[Kâ€™
[2.063s]   162 |   void [01;36m[Ksubscribe[m[K(rclcpp::Node * node, const std::string& topic, const rmw_qos_profile_t qos = rmw_qos_profile_default)
[2.063s]       |        [01;36m[K^~~~~~~~~[m[K
[2.064s] [01m[K/opt/ros/foxy/include/message_filters/subscriber.h:162:89:[m[K [01;36m[Knote: [m[K  no known conversion for argument 3 from â€˜[01m[Kint[m[Kâ€™ to â€˜[01m[Krmw_qos_profile_t[m[Kâ€™
[2.064s]   162 |   void subscribe(rclcpp::Node * node, const std::string& topic, [01;36m[Kconst rmw_qos_profile_t qos = rmw_qos_profile_default[m[K)
[2.064s]       |                                                                 [01;36m[K~~~~~~~~~~~~~~~~~~~~~~~~^~~~~~~~~~~~~~~~~~~~~~~~~~~~~[m[K
[2.064s] [01m[K/opt/ros/foxy/include/message_filters/subscriber.h:184:8:[m[K [01;36m[Knote: [m[Kcandidate: â€˜[01m[Kvoid message_filters::Subscriber<M>::subscribe() [with M = test_interfaces::msg::Test_<std::allocator<void> >][m[Kâ€™
[2.064s]   184 |   void [01;36m[Ksubscribe[m[K()
[2.064s]       |        [01;36m[K^~~~~~~~~[m[K
[2.064s] [01m[K/opt/ros/foxy/include/message_filters/subscriber.h:184:8:[m[K [01;36m[Knote: [m[K  candidate expects 0 arguments, 3 provided
[2.065s] [01m[K/ros2_test/AD_Middle_Test/ros2/src/simple_s/src/intra_pipe.cpp:109:10:[m[K [01;31m[Kerror: [m[Kâ€˜[01m[Kstruct Consumer[m[Kâ€™ has no member named â€˜[01m[Ksync_[m[Kâ€™
[2.065s]   109 |    this->[01;31m[Ksync_[m[K= std::make_shared<Synchronizer<sync_policies::ApproximateTime<test_interfaces::msg::Test,test_interfaces::msg::Test>>>(sync_policies::ApproximateTime<test_interfaces::msg::Test,test_interfaces::msg::Test>(10),sub1,sub2);
[2.065s]       |          [01;31m[K^~~~~[m[K
[2.065s] [01m[K/ros2_test/AD_Middle_Test/ros2/src/simple_s/src/intra_pipe.cpp:109:34:[m[K [01;31m[Kerror: [m[Kâ€˜[01m[KSynchronizer[m[Kâ€™ was not declared in this scope; did you mean â€˜[01m[Kmessage_filters::Synchronizer[m[Kâ€™?
[2.065s]   109 |    this->sync_= std::make_shared<[01;31m[KSynchronizer[m[K<sync_policies::ApproximateTime<test_interfaces::msg::Test,test_interfaces::msg::Test>>>(sync_policies::ApproximateTime<test_interfaces::msg::Test,test_interfaces::msg::Test>(10),sub1,sub2);
[2.065s]       |                                  [01;31m[K^~~~~~~~~~~~[m[K
[2.065s]       |                                  [32m[Kmessage_filters::Synchronizer[m[K
[2.065s] In file included from [01m[K/ros2_test/AD_Middle_Test/ros2/src/simple_s/src/intra_pipe.cpp:10[m[K:
[2.066s] [01m[K/opt/ros/foxy/include/message_filters/synchronizer.h:53:7:[m[K [01;36m[Knote: [m[Kâ€˜[01m[Kmessage_filters::Synchronizer[m[Kâ€™ declared here
[2.066s]    53 | class [01;36m[KSynchronizer[m[K : public noncopyable, public Policy
[2.066s]       |       [01;36m[K^~~~~~~~~~~~[m[K
[2.066s] [01m[K/ros2_test/AD_Middle_Test/ros2/src/simple_s/src/intra_pipe.cpp:109:47:[m[K [01;31m[Kerror: [m[Kâ€˜[01m[Ksync_policies[m[Kâ€™ was not declared in this scope; did you mean â€˜[01m[Kmessage_filters::sync_policies[m[Kâ€™?
[2.066s]   109 |    this->sync_= std::make_shared<Synchronizer<[01;31m[Ksync_policies[m[K::ApproximateTime<test_interfaces::msg::Test,test_interfaces::msg::Test>>>(sync_policies::ApproximateTime<test_interfaces::msg::Test,test_interfaces::msg::Test>(10),sub1,sub2);
[2.066s]       |                                               [01;31m[K^~~~~~~~~~~~~[m[K
[2.066s]       |                                               [32m[Kmessage_filters::sync_policies[m[K
[2.067s] In file included from [01m[K/ros2_test/AD_Middle_Test/ros2/src/simple_s/src/intra_pipe.cpp:11[m[K:
[2.067s] [01m[K/opt/ros/foxy/include/message_filters/sync_policies/approximate_time.h:72:11:[m[K [01;36m[Knote: [m[Kâ€˜[01m[Kmessage_filters::sync_policies[m[Kâ€™ declared here
[2.067s]    72 | namespace [01;36m[Ksync_policies[m[K
[2.067s]       |           [01;36m[K^~~~~~~~~~~~~[m[K
[2.067s] [01m[K/ros2_test/AD_Middle_Test/ros2/src/simple_s/src/intra_pipe.cpp:109:22:[m[K [01;31m[Kerror: [m[Kparse error in template argument list
[2.067s]   109 |    this->sync_= std::[01;31m[Kmake_shared<Synchronizer<sync_policies::ApproximateTime<test_interfaces::msg::Test,test_interfaces::msg::Test>>[m[K>(sync_policies::ApproximateTime<test_interfaces::msg::Test,test_interfaces::msg::Test>(10),sub1,sub2);
[2.067s]       |                      [01;31m[K^~~~~~~~~~~~~~~~~~~~~~~~~~~~~~~~~~~~~~~~~~~~~~~~~~~~~~~~~~~~~~~~~~~~~~~~~~~~~~~~~~~~~~~~~~~~~~~~~~~~~~~~~~~~~~~[m[K
[2.068s] [01m[K/ros2_test/AD_Middle_Test/ros2/src/simple_s/src/intra_pipe.cpp:109:135:[m[K [01;31m[Kerror: [m[Kâ€˜[01m[Ksync_policies[m[Kâ€™ is not a class, namespace, or enumeration
[2.068s]   109 |    this->sync_= std::make_shared<Synchronizer<sync_policies::ApproximateTime<test_interfaces::msg::Test,test_interfaces::msg::Test>>>([01;31m[Ksync_policies[m[K::ApproximateTime<test_interfaces::msg::Test,test_interfaces::msg::Test>(10),sub1,sub2);
[2.068s]       |                                                                                                                                       [01;31m[K^~~~~~~~~~~~~[m[K
[2.068s] [01m[K/ros2_test/AD_Middle_Test/ros2/src/simple_s/src/intra_pipe.cpp:109:192:[m[K [01;31m[Kerror: [m[Kexpected primary-expression before â€˜[01m[K,[m[Kâ€™ token
[2.068s]   109 |    this->sync_= std::make_shared<Synchronizer<sync_policies::ApproximateTime<test_interfaces::msg::Test,test_interfaces::msg::Test>>>(sync_policies::ApproximateTime<test_interfaces::msg::Test[01;31m[K,[m[Ktest_interfaces::msg::Test>(10),sub1,sub2);
[2.068s]       |                                                                                                                                                                                                [01;31m[K^[m[K
[2.068s] [01m[K/ros2_test/AD_Middle_Test/ros2/src/simple_s/src/intra_pipe.cpp:109:219:[m[K [01;31m[Kerror: [m[Kexpected primary-expression before â€˜[01m[K>[m[Kâ€™ token
[2.068s]   109 |    this->sync_= std::make_shared<Synchronizer<sync_policies::ApproximateTime<test_interfaces::msg::Test,test_interfaces::msg::Test>>>(sync_policies::ApproximateTime<test_interfaces::msg::Test,test_interfaces::msg::Test[01;31m[K>[m[K(10),sub1,sub2);
[2.069s]       |                                                                                                                                                                                                                           [01;31m[K^[m[K
[2.069s] [01m[K/ros2_test/AD_Middle_Test/ros2/src/simple_s/src/intra_pipe.cpp:110:10:[m[K [01;31m[Kerror: [m[Kâ€˜[01m[Kstruct Consumer[m[Kâ€™ has no member named â€˜[01m[Ksync_[m[Kâ€™
[2.069s]   110 |    this->[01;31m[Ksync_[m[K->registerCallback(&Consumer::topic_callback2,this);
[2.069s]       |          [01;31m[K^~~~~[m[K
[3.951s] make[2]: *** [CMakeFiles/intra_pipe.dir/build.make:63: CMakeFiles/intra_pipe.dir/src/intra_pipe.cpp.o] Error 1
[3.952s] make[1]: *** [CMakeFiles/Makefile2:163: CMakeFiles/intra_pipe.dir/all] Error 2
[3.952s] make: *** [Makefile:141: all] Error 2
