[0.104s] [35m[1mScanning dependencies of target yoloDetect[0m
[0.140s] [ 50%] Built target cameraTimer
[0.159s] [ 75%] [32mBuilding CXX object CMakeFiles/yoloDetect.dir/src/YoloDetect.cpp.o[0m
[2.581s] [01m[K/ros2_test/AD_Middle_Test/ros2/src/detect_s/src/YoloDetect.cpp:[m[K In member function â€˜[01m[Kvoid YoloDetect::topic_callback(test_interfaces::msg::TestImage_<std::allocator<void> >::SharedPtr)[m[Kâ€™:
[2.582s] [01m[K/ros2_test/AD_Middle_Test/ros2/src/detect_s/src/YoloDetect.cpp:91:13:[m[K [01;31m[Kerror: [m[Krequest for member â€˜[01m[Kresize[m[Kâ€™ in â€˜[01m[Ktmp.cv::Mat::data[m[Kâ€™, which is of non-class type â€˜[01m[Kuchar*[m[Kâ€™ {aka â€˜[01m[Kunsigned char*[m[Kâ€™}
[2.582s]    91 |    tmp.data.[01;31m[Kresize[m[K(datasize);
[2.582s]       |             [01;31m[K^~~~~~[m[K
[4.271s] make[2]: *** [CMakeFiles/yoloDetect.dir/build.make:63: CMakeFiles/yoloDetect.dir/src/YoloDetect.cpp.o] Error 1
[4.271s] make[1]: *** [CMakeFiles/Makefile2:80: CMakeFiles/yoloDetect.dir/all] Error 2
[4.272s] make: *** [Makefile:141: all] Error 2
