[0.107s] [35m[1mScanning dependencies of target yoloDetect[0m
[0.108s] [35m[1mScanning dependencies of target cameraTimer[0m
[0.184s] [ 25%] [32mBuilding CXX object CMakeFiles/yoloDetect.dir/src/YoloDetect.cpp.o[0m
[0.187s] [ 50%] [32mBuilding CXX object CMakeFiles/cameraTimer.dir/src/CameraTimer.cpp.o[0m
[2.569s] [01m[K/ros2_test/AD_Middle_Test/ros2/src/detect_s/src/CameraTimer.cpp:[m[K In member function â€˜[01m[Kvoid CameraTimer::timer_callback()[m[Kâ€™:
[2.569s] [01m[K/ros2_test/AD_Middle_Test/ros2/src/detect_s/src/CameraTimer.cpp:50:20:[m[K [01;35m[Kwarning: [m[Kcomparison of integer expressions of different signedness: â€˜[01m[Kint[m[Kâ€™ and â€˜[01m[Ksize_t[m[Kâ€™ {aka â€˜[01m[Klong unsigned int[m[Kâ€™} [[01;35m[K-Wsign-compare[m[K]
[2.569s]    50 |      for(int k =0;[01;35m[Kk<image.elemSize()[m[K;k++){
[2.569s]       |                   [01;35m[K~^~~~~~~~~~~~~~~~~[m[K
[2.571s] [01m[K/ros2_test/AD_Middle_Test/ros2/src/detect_s/src/CameraTimer.cpp:53:71:[m[K [01;31m[Kerror: [m[Kexpected â€˜[01m[K;[m[Kâ€™ before â€˜[01m[KimgS[m[Kâ€™
[2.571s]    53 |    if(message->mat_data[imgS] == '\0')cout<<"one null in:"<<imgS<<endl
[2.571s]       |                                                                       [01;31m[K^[m[K
[2.571s]       |                                                                       [32m[K;[m[K
[2.571s]    54 |    [32m[KimgS[m[K++;
[2.572s]       |    [32m[K~~~~[m[K                                                                
[3.904s] make[2]: *** [CMakeFiles/cameraTimer.dir/build.make:63: CMakeFiles/cameraTimer.dir/src/CameraTimer.cpp.o] Error 1
[3.904s] make[1]: *** [CMakeFiles/Makefile2:107: CMakeFiles/cameraTimer.dir/all] Error 2
[3.905s] make[1]: *** Waiting for unfinished jobs....
[6.419s] [ 75%] [32m[1mLinking CXX executable yoloDetect[0m
[6.994s] [ 75%] Built target yoloDetect
[6.995s] make: *** [Makefile:141: all] Error 2
