[0.083s] -- Found ament_cmake: 0.8.1 (/opt/ros/foxy/share/ament_cmake/cmake)
[0.120s] -- Using PYTHON_EXECUTABLE: /usr/bin/python3
[0.452s] -- Found rclcpp: 0.8.3 (/opt/ros/foxy/share/rclcpp/cmake)
[0.526s] -- Found rosidl_adapter: 0.8.2 (/opt/ros/foxy/share/rosidl_adapter/cmake)
[0.556s] -- Found rmw_implementation_cmake: 0.8.1 (/opt/ros/foxy/share/rmw_implementation_cmake/cmake)
[0.560s] -- Using RMW implementation 'rmw_fastrtps_cpp' as default
[0.677s] -- Found std_msgs: 0.8.1 (/opt/ros/foxy/share/std_msgs/cmake)
[0.685s] -- Found sensor_msgs: 0.8.1 (/opt/ros/foxy/share/sensor_msgs/cmake)
[0.710s] -- Found test_interfaces: 0.0.0 (/ros2_test/AD_Middle_Test/ros2/install/test_interfaces/share/test_interfaces/cmake)
[0.723s] -- Found message_filters: 3.2.3 (/opt/ros/foxy/share/message_filters/cmake)
[0.992s] -- Found ament_lint_auto: 0.9.1 (/opt/ros/foxy/share/ament_lint_auto/cmake)
[1.105s] -- Added test 'copyright' to check for copyright in CMake / C / C++ / Python code
[1.108s] -- Added test 'cppcheck' to perform static code analysis on C / C++ code
[1.109s] -- Configured cppcheck include dirs: /ros2_test/AD_Middle_Test/ros2/src/detect_s/include
[1.111s] -- Added test 'cpplint' to check C / C++ code against the Google style
[1.112s] -- Added test 'lint_cmake' to check CMake code style
[1.114s] -- Added test 'uncrustify' to check C / C++ code style
[1.115s] -- Added test 'xmllint' to check XML markup files
[1.119s] -- Configuring done
[1.229s] -- Generating done
[1.232s] -- Build files have been written to: /ros2_test/AD_Middle_Test/ros2/build/detect_s
[1.265s] [35m[1mScanning dependencies of target trackerRos2[0m
[1.295s] [ 50%] Built target line
[1.295s] [ 50%] Built target yoloDetect
[1.295s] [ 75%] Built target cameraTimer
[1.328s] [ 87%] [32mBuilding CXX object CMakeFiles/trackerRos2.dir/src/TrackerRos2.cpp.o[0m
[4.952s] [01m[K/ros2_test/AD_Middle_Test/ros2/src/detect_s/src/TrackerRos2.cpp:95:14:[m[K [01;31m[Kerror: [m[Kâ€˜[01m[KSynchronizer[m[Kâ€™ was not declared in this scope; did you mean â€˜[01m[Kmessage_filters::Synchronizer[m[Kâ€™?
[4.952s]    95 |   shared_ptr<[01;31m[KSynchronizer[m[K<sync_policies::ApproximateTime<test_interfaces::msg::TestImage,test_interfaces::msg::YoloResult>>>sync_;
[4.953s]       |              [01;31m[K^~~~~~~~~~~~[m[K
[4.953s]       |              [32m[Kmessage_filters::Synchronizer[m[K
[4.953s] In file included from [01m[K/ros2_test/AD_Middle_Test/ros2/src/detect_s/src/TrackerRos2.cpp:6[m[K:
[4.953s] [01m[K/opt/ros/foxy/include/message_filters/synchronizer.h:53:7:[m[K [01;36m[Knote: [m[Kâ€˜[01m[Kmessage_filters::Synchronizer[m[Kâ€™ declared here
[4.953s]    53 | class [01;36m[KSynchronizer[m[K : public noncopyable, public Policy
[4.953s]       |       [01;36m[K^~~~~~~~~~~~[m[K
[4.953s] [01m[K/ros2_test/AD_Middle_Test/ros2/src/detect_s/src/TrackerRos2.cpp:95:27:[m[K [01;31m[Kerror: [m[Kâ€˜[01m[Ksync_policies[m[Kâ€™ was not declared in this scope; did you mean â€˜[01m[Kmessage_filters::sync_policies[m[Kâ€™?
[4.954s]    95 |   shared_ptr<Synchronizer<[01;31m[Ksync_policies[m[K::ApproximateTime<test_interfaces::msg::TestImage,test_interfaces::msg::YoloResult>>>sync_;
[4.954s]       |                           [01;31m[K^~~~~~~~~~~~~[m[K
[4.954s]       |                           [32m[Kmessage_filters::sync_policies[m[K
[4.954s] In file included from [01m[K/ros2_test/AD_Middle_Test/ros2/src/detect_s/src/TrackerRos2.cpp:7[m[K:
[4.954s] [01m[K/opt/ros/foxy/include/message_filters/sync_policies/approximate_time.h:72:11:[m[K [01;36m[Knote: [m[Kâ€˜[01m[Kmessage_filters::sync_policies[m[Kâ€™ declared here
[4.954s]    72 | namespace [01;36m[Ksync_policies[m[K
[4.954s]       |           [01;36m[K^~~~~~~~~~~~~[m[K
[4.954s] [01m[K/ros2_test/AD_Middle_Test/ros2/src/detect_s/src/TrackerRos2.cpp:95:122:[m[K [01;31m[Kerror: [m[Ktemplate argument 1 is invalid
[4.955s]    95 |   shared_ptr<Synchronizer<sync_policies::ApproximateTime<test_interfaces::msg::TestImage,test_interfaces::msg::YoloResult[01;31m[K>>[m[K>sync_;
[4.955s]       |                                                                                                                          [01;31m[K^~[m[K
[4.955s] [01m[K/ros2_test/AD_Middle_Test/ros2/src/detect_s/src/TrackerRos2.cpp:95:124:[m[K [01;31m[Kerror: [m[Kexpected unqualified-id before â€˜[01m[K>[m[Kâ€™ token
[4.955s]    95 |   shared_ptr<Synchronizer<sync_policies::ApproximateTime<test_interfaces::msg::TestImage,test_interfaces::msg::YoloResult>>[01;31m[K>[m[Ksync_;
[4.955s]       |                                                                                                                            [01;31m[K^[m[K
[4.959s] [01m[K/ros2_test/AD_Middle_Test/ros2/src/detect_s/src/TrackerRos2.cpp:[m[K In constructor â€˜[01m[KTrackerRos2::TrackerRos2(std::string, std::string, std::string, std::string)[m[Kâ€™:
[4.960s] [01m[K/ros2_test/AD_Middle_Test/ros2/src/detect_s/src/TrackerRos2.cpp:34:47:[m[K [01;31m[Kerror: [m[Kno matching function for call to â€˜[01m[Kmessage_filters::Subscriber<test_interfaces::msg::TestImage_<std::allocator<void> > >::subscribe(TrackerRos2*, std::string&, rclcpp::QoS&)[m[Kâ€™
[4.960s]    34 |    sub1.subscribe(this,image_channel_name,qos_[01;31m[K)[m[K;
[4.960s]       |                                               [01;31m[K^[m[K
[4.960s] In file included from [01m[K/ros2_test/AD_Middle_Test/ros2/src/detect_s/src/TrackerRos2.cpp:5[m[K:
[4.961s] [01m[K/opt/ros/foxy/include/message_filters/subscriber.h:145:8:[m[K [01;36m[Knote: [m[Kcandidate: â€˜[01m[Kvoid message_filters::Subscriber<M>::subscribe(rclcpp::Node::SharedPtr, const string&, rmw_qos_profile_t) [with M = test_interfaces::msg::TestImage_<std::allocator<void> >; rclcpp::Node::SharedPtr = std::shared_ptr<rclcpp::Node>; std::string = std::__cxx11::basic_string<char>; rmw_qos_profile_t = rmw_qos_profile_t][m[Kâ€™
[4.961s]   145 |   void [01;36m[Ksubscribe[m[K(rclcpp::Node::SharedPtr node, const std::string& topic, const rmw_qos_profile_t qos = rmw_qos_profile_default)
[4.961s]       |        [01;36m[K^~~~~~~~~[m[K
[4.961s] [01m[K/opt/ros/foxy/include/message_filters/subscriber.h:145:42:[m[K [01;36m[Knote: [m[K  no known conversion for argument 1 from â€˜[01m[KTrackerRos2*[m[Kâ€™ to â€˜[01m[Krclcpp::Node::SharedPtr[m[Kâ€™ {aka â€˜[01m[Kstd::shared_ptr<rclcpp::Node>[m[Kâ€™}
[4.961s]   145 |   void subscribe([01;36m[Krclcpp::Node::SharedPtr node[m[K, const std::string& topic, const rmw_qos_profile_t qos = rmw_qos_profile_default)
[4.961s]       |                  [01;36m[K~~~~~~~~~~~~~~~~~~~~~~~~^~~~[m[K
[4.962s] [01m[K/opt/ros/foxy/include/message_filters/subscriber.h:162:8:[m[K [01;36m[Knote: [m[Kcandidate: â€˜[01m[Kvoid message_filters::Subscriber<M>::subscribe(rclcpp::Node*, const string&, rmw_qos_profile_t) [with M = test_interfaces::msg::TestImage_<std::allocator<void> >; std::string = std::__cxx11::basic_string<char>; rmw_qos_profile_t = rmw_qos_profile_t][m[Kâ€™
[4.962s]   162 |   void [01;36m[Ksubscribe[m[K(rclcpp::Node * node, const std::string& topic, const rmw_qos_profile_t qos = rmw_qos_profile_default)
[4.962s]       |        [01;36m[K^~~~~~~~~[m[K
[4.962s] [01m[K/opt/ros/foxy/include/message_filters/subscriber.h:162:89:[m[K [01;36m[Knote: [m[K  no known conversion for argument 3 from â€˜[01m[Krclcpp::QoS[m[Kâ€™ to â€˜[01m[Krmw_qos_profile_t[m[Kâ€™
[4.962s]   162 |   void subscribe(rclcpp::Node * node, const std::string& topic, [01;36m[Kconst rmw_qos_profile_t qos = rmw_qos_profile_default[m[K)
[4.962s]       |                                                                 [01;36m[K~~~~~~~~~~~~~~~~~~~~~~~~^~~~~~~~~~~~~~~~~~~~~~~~~~~~~[m[K
[4.962s] [01m[K/opt/ros/foxy/include/message_filters/subscriber.h:184:8:[m[K [01;36m[Knote: [m[Kcandidate: â€˜[01m[Kvoid message_filters::Subscriber<M>::subscribe() [with M = test_interfaces::msg::TestImage_<std::allocator<void> >][m[Kâ€™
[4.963s]   184 |   void [01;36m[Ksubscribe[m[K()
[4.963s]       |        [01;36m[K^~~~~~~~~[m[K
[4.963s] [01m[K/opt/ros/foxy/include/message_filters/subscriber.h:184:8:[m[K [01;36m[Knote: [m[K  candidate expects 0 arguments, 3 provided
[4.963s] [01m[K/ros2_test/AD_Middle_Test/ros2/src/detect_s/src/TrackerRos2.cpp:35:46:[m[K [01;31m[Kerror: [m[Kno matching function for call to â€˜[01m[Kmessage_filters::Subscriber<test_interfaces::msg::YoloResult_<std::allocator<void> > >::subscribe(TrackerRos2*, std::string&, rclcpp::QoS&)[m[Kâ€™
[4.963s]    35 |    sub2.subscribe(this,yolo_channel_name,qos_[01;31m[K)[m[K;
[4.963s]       |                                              [01;31m[K^[m[K
[4.963s] In file included from [01m[K/ros2_test/AD_Middle_Test/ros2/src/detect_s/src/TrackerRos2.cpp:5[m[K:
[4.964s] [01m[K/opt/ros/foxy/include/message_filters/subscriber.h:145:8:[m[K [01;36m[Knote: [m[Kcandidate: â€˜[01m[Kvoid message_filters::Subscriber<M>::subscribe(rclcpp::Node::SharedPtr, const string&, rmw_qos_profile_t) [with M = test_interfaces::msg::YoloResult_<std::allocator<void> >; rclcpp::Node::SharedPtr = std::shared_ptr<rclcpp::Node>; std::string = std::__cxx11::basic_string<char>; rmw_qos_profile_t = rmw_qos_profile_t][m[Kâ€™
[4.964s]   145 |   void [01;36m[Ksubscribe[m[K(rclcpp::Node::SharedPtr node, const std::string& topic, const rmw_qos_profile_t qos = rmw_qos_profile_default)
[4.964s]       |        [01;36m[K^~~~~~~~~[m[K
[4.964s] [01m[K/opt/ros/foxy/include/message_filters/subscriber.h:145:42:[m[K [01;36m[Knote: [m[K  no known conversion for argument 1 from â€˜[01m[KTrackerRos2*[m[Kâ€™ to â€˜[01m[Krclcpp::Node::SharedPtr[m[Kâ€™ {aka â€˜[01m[Kstd::shared_ptr<rclcpp::Node>[m[Kâ€™}
[4.964s]   145 |   void subscribe([01;36m[Krclcpp::Node::SharedPtr node[m[K, const std::string& topic, const rmw_qos_profile_t qos = rmw_qos_profile_default)
[4.964s]       |                  [01;36m[K~~~~~~~~~~~~~~~~~~~~~~~~^~~~[m[K
[4.964s] [01m[K/opt/ros/foxy/include/message_filters/subscriber.h:162:8:[m[K [01;36m[Knote: [m[Kcandidate: â€˜[01m[Kvoid message_filters::Subscriber<M>::subscribe(rclcpp::Node*, const string&, rmw_qos_profile_t) [with M = test_interfaces::msg::YoloResult_<std::allocator<void> >; std::string = std::__cxx11::basic_string<char>; rmw_qos_profile_t = rmw_qos_profile_t][m[Kâ€™
[4.964s]   162 |   void [01;36m[Ksubscribe[m[K(rclcpp::Node * node, const std::string& topic, const rmw_qos_profile_t qos = rmw_qos_profile_default)
[4.965s]       |        [01;36m[K^~~~~~~~~[m[K
[4.965s] [01m[K/opt/ros/foxy/include/message_filters/subscriber.h:162:89:[m[K [01;36m[Knote: [m[K  no known conversion for argument 3 from â€˜[01m[Krclcpp::QoS[m[Kâ€™ to â€˜[01m[Krmw_qos_profile_t[m[Kâ€™
[4.965s]   162 |   void subscribe(rclcpp::Node * node, const std::string& topic, [01;36m[Kconst rmw_qos_profile_t qos = rmw_qos_profile_default[m[K)
[4.965s]       |                                                                 [01;36m[K~~~~~~~~~~~~~~~~~~~~~~~~^~~~~~~~~~~~~~~~~~~~~~~~~~~~~[m[K
[4.965s] [01m[K/opt/ros/foxy/include/message_filters/subscriber.h:184:8:[m[K [01;36m[Knote: [m[Kcandidate: â€˜[01m[Kvoid message_filters::Subscriber<M>::subscribe() [with M = test_interfaces::msg::YoloResult_<std::allocator<void> >][m[Kâ€™
[4.965s]   184 |   void [01;36m[Ksubscribe[m[K()
[4.965s]       |        [01;36m[K^~~~~~~~~[m[K
[4.966s] [01m[K/opt/ros/foxy/include/message_filters/subscriber.h:184:8:[m[K [01;36m[Knote: [m[K  candidate expects 0 arguments, 3 provided
[4.966s] [01m[K/ros2_test/AD_Middle_Test/ros2/src/detect_s/src/TrackerRos2.cpp:36:10:[m[K [01;31m[Kerror: [m[Kâ€˜[01m[Kclass TrackerRos2[m[Kâ€™ has no member named â€˜[01m[Ksync_[m[Kâ€™
[4.966s]    36 |    this->[01;31m[Ksync_[m[K= std::make_shared<Synchronizer<sync_policies::ApproximateTime<test_interfaces::msg::TestImage,test_interfaces::msg::YoloResult>>>(sync_policies::ApproximateTime<test_interfaces::msg::TestImage,test_interfaces::msg::YoloResult>(10),sub1,sub2);
[4.966s]       |          [01;31m[K^~~~~[m[K
[4.966s] [01m[K/ros2_test/AD_Middle_Test/ros2/src/detect_s/src/TrackerRos2.cpp:36:34:[m[K [01;31m[Kerror: [m[Kâ€˜[01m[KSynchronizer[m[Kâ€™ was not declared in this scope; did you mean â€˜[01m[Kmessage_filters::Synchronizer[m[Kâ€™?
[4.967s]    36 |    this->sync_= std::make_shared<[01;31m[KSynchronizer[m[K<sync_policies::ApproximateTime<test_interfaces::msg::TestImage,test_interfaces::msg::YoloResult>>>(sync_policies::ApproximateTime<test_interfaces::msg::TestImage,test_interfaces::msg::YoloResult>(10),sub1,sub2);
[4.967s]       |                                  [01;31m[K^~~~~~~~~~~~[m[K
[4.967s]       |                                  [32m[Kmessage_filters::Synchronizer[m[K
[4.967s] In file included from [01m[K/ros2_test/AD_Middle_Test/ros2/src/detect_s/src/TrackerRos2.cpp:6[m[K:
[4.967s] [01m[K/opt/ros/foxy/include/message_filters/synchronizer.h:53:7:[m[K [01;36m[Knote: [m[Kâ€˜[01m[Kmessage_filters::Synchronizer[m[Kâ€™ declared here
[4.967s]    53 | class [01;36m[KSynchronizer[m[K : public noncopyable, public Policy
[4.967s]       |       [01;36m[K^~~~~~~~~~~~[m[K
[4.967s] [01m[K/ros2_test/AD_Middle_Test/ros2/src/detect_s/src/TrackerRos2.cpp:36:47:[m[K [01;31m[Kerror: [m[Kâ€˜[01m[Ksync_policies[m[Kâ€™ was not declared in this scope; did you mean â€˜[01m[Kmessage_filters::sync_policies[m[Kâ€™?
[4.968s]    36 |    this->sync_= std::make_shared<Synchronizer<[01;31m[Ksync_policies[m[K::ApproximateTime<test_interfaces::msg::TestImage,test_interfaces::msg::YoloResult>>>(sync_policies::ApproximateTime<test_interfaces::msg::TestImage,test_interfaces::msg::YoloResult>(10),sub1,sub2);
[4.968s]       |                                               [01;31m[K^~~~~~~~~~~~~[m[K
[4.968s]       |                                               [32m[Kmessage_filters::sync_policies[m[K
[4.968s] In file included from [01m[K/ros2_test/AD_Middle_Test/ros2/src/detect_s/src/TrackerRos2.cpp:7[m[K:
[4.968s] [01m[K/opt/ros/foxy/include/message_filters/sync_policies/approximate_time.h:72:11:[m[K [01;36m[Knote: [m[Kâ€˜[01m[Kmessage_filters::sync_policies[m[Kâ€™ declared here
[4.968s]    72 | namespace [01;36m[Ksync_policies[m[K
[4.968s]       |           [01;36m[K^~~~~~~~~~~~~[m[K
[4.969s] [01m[K/ros2_test/AD_Middle_Test/ros2/src/detect_s/src/TrackerRos2.cpp:36:22:[m[K [01;31m[Kerror: [m[Kparse error in template argument list
[4.969s]    36 |    this->sync_= std::[01;31m[Kmake_shared<Synchronizer<sync_policies::ApproximateTime<test_interfaces::msg::TestImage,test_interfaces::msg::YoloResult>>[m[K>(sync_policies::ApproximateTime<test_interfaces::msg::TestImage,test_interfaces::msg::YoloResult>(10),sub1,sub2);
[4.969s]       |                      [01;31m[K^~~~~~~~~~~~~~~~~~~~~~~~~~~~~~~~~~~~~~~~~~~~~~~~~~~~~~~~~~~~~~~~~~~~~~~~~~~~~~~~~~~~~~~~~~~~~~~~~~~~~~~~~~~~~~~~~~~~~~~~~~[m[K
[4.969s] [01m[K/ros2_test/AD_Middle_Test/ros2/src/detect_s/src/TrackerRos2.cpp:36:146:[m[K [01;31m[Kerror: [m[Kâ€˜[01m[Ksync_policies[m[Kâ€™ is not a class, namespace, or enumeration
[4.969s]    36 |    this->sync_= std::make_shared<Synchronizer<sync_policies::ApproximateTime<test_interfaces::msg::TestImage,test_interfaces::msg::YoloResult>>>([01;31m[Ksync_policies[m[K::ApproximateTime<test_interfaces::msg::TestImage,test_interfaces::msg::YoloResult>(10),sub1,sub2);
[4.969s]       |                                                                                                                                                  [01;31m[K^~~~~~~~~~~~~[m[K
[4.969s] [01m[K/ros2_test/AD_Middle_Test/ros2/src/detect_s/src/TrackerRos2.cpp:36:208:[m[K [01;31m[Kerror: [m[Kexpected primary-expression before â€˜[01m[K,[m[Kâ€™ token
[4.970s]    36 | this->sync_= std::make_shared<Synchronizer<sync_policies::ApproximateTime<test_interfaces::msg::TestImage,test_interfaces::msg::YoloResult>>>(sync_policies::ApproximateTime<test_interfaces::msg::TestImage[01;31m[K,[m[Ktest_interfaces::msg::YoloResult>(10),sub1,sub2);
[4.970s]       |                                                                                                                                                                                                             [01;31m[K^[m[K
[4.970s] 
[4.970s] [01m[K/ros2_test/AD_Middle_Test/ros2/src/detect_s/src/TrackerRos2.cpp:36:241:[m[K [01;31m[Kerror: [m[Kexpected primary-expression before â€˜[01m[K>[m[Kâ€™ token
[4.970s]    36 | nchronizer<sync_policies::ApproximateTime<test_interfaces::msg::TestImage,test_interfaces::msg::YoloResult>>>(sync_policies::ApproximateTime<test_interfaces::msg::TestImage,test_interfaces::msg::YoloResult[01;31m[K>[m[K(10),sub1,sub2);
[4.970s]       |                                                                                                                                                                                                              [01;31m[K^[m[K
[4.970s] 
[4.970s] [01m[K/ros2_test/AD_Middle_Test/ros2/src/detect_s/src/TrackerRos2.cpp:37:10:[m[K [01;31m[Kerror: [m[Kâ€˜[01m[Kclass TrackerRos2[m[Kâ€™ has no member named â€˜[01m[Ksync_[m[Kâ€™
[4.971s]    37 |    this->[01;31m[Ksync_[m[K->registerCallback(&TrackerRos2::topic_callback,this);
[4.971s]       |          [01;31m[K^~~~~[m[K
[4.971s] [01m[K/ros2_test/AD_Middle_Test/ros2/src/detect_s/src/TrackerRos2.cpp:[m[K In member function â€˜[01m[Kvoid TrackerRos2::topic_callback(test_interfaces::msg::TestImage_<std::allocator<void> >::SharedPtr, test_interfaces::msg::YoloResult)[m[Kâ€™:
[4.971s] [01m[K/ros2_test/AD_Middle_Test/ros2/src/detect_s/src/TrackerRos2.cpp:49:41:[m[K [01;31m[Kerror: [m[Kbase operand of â€˜[01m[K->[m[Kâ€™ has non-pointer type â€˜[01m[Kconst YoloResult[m[Kâ€™ {aka â€˜[01m[Kconst test_interfaces::msg::YoloResult_<std::allocator<void> >[m[Kâ€™}
[4.971s]    49 |    sb.tra_la[1].push_back((rec_time-msg1[01;31m[K->[m[Kheader.stamp).nanoseconds());
[4.971s]       |                                         [01;31m[K^~[m[K
[4.971s] [01m[K/ros2_test/AD_Middle_Test/ros2/src/detect_s/src/TrackerRos2.cpp:55:9:[m[K [01;31m[Kerror: [m[Kbase operand of â€˜[01m[K->[m[Kâ€™ has non-pointer type â€˜[01m[Kconst YoloResult[m[Kâ€™ {aka â€˜[01m[Kconst test_interfaces::msg::YoloResult_<std::allocator<void> >[m[Kâ€™}
[4.972s]    55 |  if(msg1[01;31m[K->[m[Kresult_num>0){
[4.972s]       |         [01;31m[K^~[m[K
[4.972s] [01m[K/ros2_test/AD_Middle_Test/ros2/src/detect_s/src/TrackerRos2.cpp:56:24:[m[K [01;31m[Kerror: [m[Kbase operand of â€˜[01m[K->[m[Kâ€™ has non-pointer type â€˜[01m[Kconst YoloResult[m[Kâ€™ {aka â€˜[01m[Kconst test_interfaces::msg::YoloResult_<std::allocator<void> >[m[Kâ€™}
[4.972s]    56 | resultbox = Rect2d(msg1[01;31m[K->[m[Kresult_array[0].x, msg1->result_array[0].y, msg1->result_array[0].w, msg1->result_array[0].h);
[4.972s]       |                        [01;31m[K^~[m[K
[4.972s] [01m[K/ros2_test/AD_Middle_Test/ros2/src/detect_s/src/TrackerRos2.cpp:56:49:[m[K [01;31m[Kerror: [m[Kbase operand of â€˜[01m[K->[m[Kâ€™ has non-pointer type â€˜[01m[Kconst YoloResult[m[Kâ€™ {aka â€˜[01m[Kconst test_interfaces::msg::YoloResult_<std::allocator<void> >[m[Kâ€™}
[4.972s]    56 | resultbox = Rect2d(msg1->result_array[0].x, msg1[01;31m[K->[m[Kresult_array[0].y, msg1->result_array[0].w, msg1->result_array[0].h);
[4.973s]       |                                                 [01;31m[K^~[m[K
[4.973s] [01m[K/ros2_test/AD_Middle_Test/ros2/src/detect_s/src/TrackerRos2.cpp:56:74:[m[K [01;31m[Kerror: [m[Kbase operand of â€˜[01m[K->[m[Kâ€™ has non-pointer type â€˜[01m[Kconst YoloResult[m[Kâ€™ {aka â€˜[01m[Kconst test_interfaces::msg::YoloResult_<std::allocator<void> >[m[Kâ€™}
[4.973s]    56 | resultbox = Rect2d(msg1->result_array[0].x, msg1->result_array[0].y, msg1[01;31m[K->[m[Kresult_array[0].w, msg1->result_array[0].h);
[4.973s]       |                                                                          [01;31m[K^~[m[K
[4.973s] [01m[K/ros2_test/AD_Middle_Test/ros2/src/detect_s/src/TrackerRos2.cpp:56:99:[m[K [01;31m[Kerror: [m[Kbase operand of â€˜[01m[K->[m[Kâ€™ has non-pointer type â€˜[01m[Kconst YoloResult[m[Kâ€™ {aka â€˜[01m[Kconst test_interfaces::msg::YoloResult_<std::allocator<void> >[m[Kâ€™}
[4.973s]    56 | resultbox = Rect2d(msg1->result_array[0].x, msg1->result_array[0].y, msg1->result_array[0].w, msg1[01;31m[K->[m[Kresult_array[0].h);
[4.973s]       |                                                                                                   [01;31m[K^~[m[K
[8.388s] make[2]: *** [CMakeFiles/trackerRos2.dir/build.make:63: CMakeFiles/trackerRos2.dir/src/TrackerRos2.cpp.o] Error 1
[8.388s] make[1]: *** [CMakeFiles/Makefile2:84: CMakeFiles/trackerRos2.dir/all] Error 2
[8.388s] make: *** [Makefile:141: all] Error 2
