[0.106s] [35m[1mScanning dependencies of target line[0m
[0.144s] [ 33%] Built target yoloDetect
[0.153s] [ 66%] Built target cameraTimer
[0.164s] [ 83%] [32mBuilding CXX object CMakeFiles/line.dir/src/Line.cpp.o[0m
[2.720s] [01m[K/ros2_test/AD_Middle_Test/ros2/src/detect_s/src/Line.cpp:[m[K In member function â€˜[01m[Kvoid Line::topic_callback(test_interfaces::msg::TestImage_<std::allocator<void> >::SharedPtr)[m[Kâ€™:
[2.721s] [01m[K/ros2_test/AD_Middle_Test/ros2/src/detect_s/src/Line.cpp:41:1:[m[K [01;31m[Kerror: [m[Kâ€˜[01m[KPoint[m[Kâ€™ was not declared in this scope; did you mean â€˜[01m[Kcv::Point[m[Kâ€™?
[2.721s]    41 | [01;31m[KPoint[m[K*result = new Point[4];
[2.721s]       | [01;31m[K^~~~~[m[K
[2.721s]       | [32m[Kcv::Point[m[K
[2.721s] In file included from [01m[K/usr/local/include/opencv2/core.hpp:58[m[K,
[2.721s]                  from [01m[K/usr/local/include/opencv2/highgui.hpp:46[m[K,
[2.722s]                  from [01m[K/usr/local/include/opencv2/highgui/highgui.hpp:48[m[K,
[2.722s]                  from [01m[K/ros2_test/AD_Middle_Test/ros2/src/detect_s/src/Line.cpp:9[m[K:
[2.722s] [01m[K/usr/local/include/opencv2/core/types.hpp:192:17:[m[K [01;36m[Knote: [m[Kâ€˜[01m[Kcv::Point[m[Kâ€™ declared here
[2.722s]   192 | typedef Point2i [01;36m[KPoint[m[K;
[2.722s]       |                 [01;36m[K^~~~~[m[K
[2.724s] [01m[K/ros2_test/AD_Middle_Test/ros2/src/detect_s/src/Line.cpp:41:7:[m[K [01;31m[Kerror: [m[Kâ€˜[01m[Kresult[m[Kâ€™ was not declared in this scope
[2.724s]    41 | Point*[01;31m[Kresult[m[K = new Point[4];
[2.724s]       |       [01;31m[K^~~~~~[m[K
[2.725s] [01m[K/ros2_test/AD_Middle_Test/ros2/src/detect_s/src/Line.cpp:41:20:[m[K [01;31m[Kerror: [m[Kâ€˜[01m[KPoint[m[Kâ€™ does not name a type; did you mean â€˜[01m[KcvPoint[m[Kâ€™?
[2.725s]    41 | Point*result = new [01;31m[KPoint[m[K[4];
[2.725s]       |                    [01;31m[K^~~~~[m[K
[2.725s]       |                    [32m[KcvPoint[m[K
[2.733s] [01m[K/ros2_test/AD_Middle_Test/ros2/src/detect_s/src/Line.cpp:42:1:[m[K [01;31m[Kerror: [m[Kâ€˜[01m[Klines_process[m[Kâ€™ was not declared in this scope
[2.734s]    42 | [01;31m[Klines_process[m[K(tmp,result);
[2.734s]       | [01;31m[K^~~~~~~~~~~~~[m[K
[4.980s] make[2]: *** [CMakeFiles/line.dir/build.make:63: CMakeFiles/line.dir/src/Line.cpp.o] Error 1
[4.980s] make[1]: *** [CMakeFiles/Makefile2:82: CMakeFiles/line.dir/all] Error 2
[4.981s] make: *** [Makefile:141: all] Error 2
