[2.459s] [01m[K/ros2_test/AD_Middle_Test/ros2/src/detect_s/src/camera.cpp:5:10:[m[K [01;31m[Kfatal error: [m[Ktest_interfaces/msg/TestImage.hpp: No such file or directory
[2.459s]     5 | #include [01;31m[K"test_interfaces/msg/TestImage.hpp"[m[K     // CHANGE
[2.459s]       |          [01;31m[K^~~~~~~~~~~~~~~~~~~~~~~~~~~~~~~~~~~[m[K
[2.459s] compilation terminated.
[2.461s] make[2]: *** [CMakeFiles/camera.dir/build.make:63: CMakeFiles/camera.dir/src/camera.cpp.o] Error 1
[2.461s] make[1]: *** [CMakeFiles/Makefile2:78: CMakeFiles/camera.dir/all] Error 2
[2.462s] make: *** [Makefile:141: all] Error 2
