[0.086s] [35m[1mScanning dependencies of target listener[0m
[0.123s] [ 25%] [32mBuilding CXX object CMakeFiles/listener.dir/src/listener.cpp.o[0m
[2.100s] [01m[K/ros2_test/AD_Middle_Test/ros2/src/simple_s/src/listener.cpp:[m[K In constructor â€˜[01m[KMinimalSubscriber::MinimalSubscriber(std::string, int)[m[Kâ€™:
[2.100s] [01m[K/ros2_test/AD_Middle_Test/ros2/src/simple_s/src/listener.cpp:55:98:[m[K [01;31m[Kerror: [m[Kno match for â€˜[01m[Koperator=[m[Kâ€™ (operand types are â€˜[01m[Kstd::shared_ptr<message_filters::Subscriber<test_interfaces::msg::Test_<std::allocator<void> > > >[m[Kâ€™ and â€˜[01m[Kmessage_filters::Subscriber<test_interfaces::msg::Test_<std::allocator<void> > >*[m[Kâ€™)
[2.100s]    55 |    this->sub1 = new message_filters::Subscriber<test_interfaces::msg::Test>(this,channel_name+'0'[01;31m[K)[m[K;
[2.100s]       |                                                                                                  [01;31m[K^[m[K
[2.101s] In file included from [01m[K/usr/include/c++/9/memory:81[m[K,
[2.101s]                  from [01m[K/ros2_test/AD_Middle_Test/ros2/src/simple_s/src/listener.cpp:1[m[K:
[2.101s] [01m[K/usr/include/c++/9/bits/shared_ptr.h:309:19:[m[K [01;36m[Knote: [m[Kcandidate: â€˜[01m[Kstd::shared_ptr<_Tp>& std::shared_ptr<_Tp>::operator=(const std::shared_ptr<_Tp>&) [with _Tp = message_filters::Subscriber<test_interfaces::msg::Test_<std::allocator<void> > >][m[Kâ€™
[2.101s]   309 |       shared_ptr& [01;36m[Koperator[m[K=(const shared_ptr&) noexcept = default;
[2.101s]       |                   [01;36m[K^~~~~~~~[m[K
[2.105s] [01m[K/usr/include/c++/9/bits/shared_ptr.h:309:29:[m[K [01;36m[Knote: [m[K  no known conversion for argument 1 from â€˜[01m[Kmessage_filters::Subscriber<test_interfaces::msg::Test_<std::allocator<void> > >*[m[Kâ€™ to â€˜[01m[Kconst std::shared_ptr<message_filters::Subscriber<test_interfaces::msg::Test_<std::allocator<void> > > >&[m[Kâ€™
[2.105s]   309 |       shared_ptr& operator=([01;36m[Kconst shared_ptr&[m[K) noexcept = default;
[2.105s]       |                             [01;36m[K^~~~~~~~~~~~~~~~~[m[K
[2.105s] [01m[K/usr/include/c++/9/bits/shared_ptr.h:313:2:[m[K [01;36m[Knote: [m[Kcandidate: â€˜[01m[Ktemplate<class _Yp> std::shared_ptr<_Tp>::_Assignable<const std::shared_ptr<_Yp>&> std::shared_ptr<_Tp>::operator=(const std::shared_ptr<_Yp>&) [with _Yp = _Yp; _Tp = message_filters::Subscriber<test_interfaces::msg::Test_<std::allocator<void> > >][m[Kâ€™
[2.105s]   313 |  [01;36m[Koperator[m[K=(const shared_ptr<_Yp>& __r) noexcept
[2.105s]       |  [01;36m[K^~~~~~~~[m[K
[2.106s] [01m[K/usr/include/c++/9/bits/shared_ptr.h:313:2:[m[K [01;36m[Knote: [m[K  template argument deduction/substitution failed:
[2.106s] [01m[K/ros2_test/AD_Middle_Test/ros2/src/simple_s/src/listener.cpp:55:98:[m[K [01;36m[Knote: [m[K  mismatched types â€˜[01m[Kconst std::shared_ptr<_Tp>[m[Kâ€™ and â€˜[01m[Kmessage_filters::Subscriber<test_interfaces::msg::Test_<std::allocator<void> > >*[m[Kâ€™
[2.106s]    55 |    this->sub1 = new message_filters::Subscriber<test_interfaces::msg::Test>(this,channel_name+'0'[01;36m[K)[m[K;
[2.106s]       |                                                                                                  [01;36m[K^[m[K
[2.106s] In file included from [01m[K/usr/include/c++/9/memory:81[m[K,
[2.107s]                  from [01m[K/ros2_test/AD_Middle_Test/ros2/src/simple_s/src/listener.cpp:1[m[K:
[2.107s] [01m[K/usr/include/c++/9/bits/shared_ptr.h:324:2:[m[K [01;36m[Knote: [m[Kcandidate: â€˜[01m[Ktemplate<class _Yp> std::shared_ptr<_Tp>::_Assignable<std::auto_ptr<_Up> > std::shared_ptr<_Tp>::operator=(std::auto_ptr<_Up>&&) [with _Yp = _Yp; _Tp = message_filters::Subscriber<test_interfaces::msg::Test_<std::allocator<void> > >][m[Kâ€™
[2.107s]   324 |  [01;36m[Koperator[m[K=(auto_ptr<_Yp>&& __r)
[2.107s]       |  [01;36m[K^~~~~~~~[m[K
[2.107s] [01m[K/usr/include/c++/9/bits/shared_ptr.h:324:2:[m[K [01;36m[Knote: [m[K  template argument deduction/substitution failed:
[2.108s] [01m[K/ros2_test/AD_Middle_Test/ros2/src/simple_s/src/listener.cpp:55:98:[m[K [01;36m[Knote: [m[K  mismatched types â€˜[01m[Kstd::auto_ptr<_Up>[m[Kâ€™ and â€˜[01m[Kmessage_filters::Subscriber<test_interfaces::msg::Test_<std::allocator<void> > >*[m[Kâ€™
[2.108s]    55 |    this->sub1 = new message_filters::Subscriber<test_interfaces::msg::Test>(this,channel_name+'0'[01;36m[K)[m[K;
[2.108s]       |                                                                                                  [01;36m[K^[m[K
[2.108s] In file included from [01m[K/usr/include/c++/9/memory:81[m[K,
[2.108s]                  from [01m[K/ros2_test/AD_Middle_Test/ros2/src/simple_s/src/listener.cpp:1[m[K:
[2.109s] [01m[K/usr/include/c++/9/bits/shared_ptr.h:333:7:[m[K [01;36m[Knote: [m[Kcandidate: â€˜[01m[Kstd::shared_ptr<_Tp>& std::shared_ptr<_Tp>::operator=(std::shared_ptr<_Tp>&&) [with _Tp = message_filters::Subscriber<test_interfaces::msg::Test_<std::allocator<void> > >][m[Kâ€™
[2.109s]   333 |       [01;36m[Koperator[m[K=(shared_ptr&& __r) noexcept
[2.109s]       |       [01;36m[K^~~~~~~~[m[K
[2.109s] [01m[K/usr/include/c++/9/bits/shared_ptr.h:333:30:[m[K [01;36m[Knote: [m[K  no known conversion for argument 1 from â€˜[01m[Kmessage_filters::Subscriber<test_interfaces::msg::Test_<std::allocator<void> > >*[m[Kâ€™ to â€˜[01m[Kstd::shared_ptr<message_filters::Subscriber<test_interfaces::msg::Test_<std::allocator<void> > > >&&[m[Kâ€™
[2.109s]   333 |       operator=([01;36m[Kshared_ptr&& __r[m[K) noexcept
[2.109s]       |                 [01;36m[K~~~~~~~~~~~~~^~~[m[K
[2.110s] [01m[K/usr/include/c++/9/bits/shared_ptr.h:341:2:[m[K [01;36m[Knote: [m[Kcandidate: â€˜[01m[Ktemplate<class _Yp> std::shared_ptr<_Tp>::_Assignable<std::shared_ptr<_Yp> > std::shared_ptr<_Tp>::operator=(std::shared_ptr<_Yp>&&) [with _Yp = _Yp; _Tp = message_filters::Subscriber<test_interfaces::msg::Test_<std::allocator<void> > >][m[Kâ€™
[2.110s]   341 |  [01;36m[Koperator[m[K=(shared_ptr<_Yp>&& __r) noexcept
[2.110s]       |  [01;36m[K^~~~~~~~[m[K
[2.110s] [01m[K/usr/include/c++/9/bits/shared_ptr.h:341:2:[m[K [01;36m[Knote: [m[K  template argument deduction/substitution failed:
[2.110s] [01m[K/ros2_test/AD_Middle_Test/ros2/src/simple_s/src/listener.cpp:55:98:[m[K [01;36m[Knote: [m[K  mismatched types â€˜[01m[Kstd::shared_ptr<_Tp>[m[Kâ€™ and â€˜[01m[Kmessage_filters::Subscriber<test_interfaces::msg::Test_<std::allocator<void> > >*[m[Kâ€™
[2.111s]    55 |    this->sub1 = new message_filters::Subscriber<test_interfaces::msg::Test>(this,channel_name+'0'[01;36m[K)[m[K;
[2.111s]       |                                                                                                  [01;36m[K^[m[K
[2.111s] In file included from [01m[K/usr/include/c++/9/memory:81[m[K,
[2.111s]                  from [01m[K/ros2_test/AD_Middle_Test/ros2/src/simple_s/src/listener.cpp:1[m[K:
[2.111s] [01m[K/usr/include/c++/9/bits/shared_ptr.h:349:2:[m[K [01;36m[Knote: [m[Kcandidate: â€˜[01m[Ktemplate<class _Yp, class _Del> std::shared_ptr<_Tp>::_Assignable<std::unique_ptr<_Up, _Ep> > std::shared_ptr<_Tp>::operator=(std::unique_ptr<_Up, _Ep>&&) [with _Yp = _Yp; _Del = _Del; _Tp = message_filters::Subscriber<test_interfaces::msg::Test_<std::allocator<void> > >][m[Kâ€™
[2.112s]   349 |  [01;36m[Koperator[m[K=(unique_ptr<_Yp, _Del>&& __r)
[2.112s]       |  [01;36m[K^~~~~~~~[m[K
[2.112s] [01m[K/usr/include/c++/9/bits/shared_ptr.h:349:2:[m[K [01;36m[Knote: [m[K  template argument deduction/substitution failed:
[2.112s] [01m[K/ros2_test/AD_Middle_Test/ros2/src/simple_s/src/listener.cpp:55:98:[m[K [01;36m[Knote: [m[K  mismatched types â€˜[01m[Kstd::unique_ptr<_Tp, _Dp>[m[Kâ€™ and â€˜[01m[Kmessage_filters::Subscriber<test_interfaces::msg::Test_<std::allocator<void> > >*[m[Kâ€™
[2.112s]    55 |    this->sub1 = new message_filters::Subscriber<test_interfaces::msg::Test>(this,channel_name+'0'[01;36m[K)[m[K;
[2.112s]       |                                                                                                  [01;36m[K^[m[K
[2.113s] [01m[K/ros2_test/AD_Middle_Test/ros2/src/simple_s/src/listener.cpp:56:98:[m[K [01;31m[Kerror: [m[Kno match for â€˜[01m[Koperator=[m[Kâ€™ (operand types are â€˜[01m[Kstd::shared_ptr<message_filters::Subscriber<test_interfaces::msg::Test_<std::allocator<void> > > >[m[Kâ€™ and â€˜[01m[Kmessage_filters::Subscriber<test_interfaces::msg::Test_<std::allocator<void> > >*[m[Kâ€™)
[2.113s]    56 |    this->sub2 = new message_filters::Subscriber<test_interfaces::msg::Test>(this,channel_name+'1'[01;31m[K)[m[K;
[2.113s]       |                                                                                                  [01;31m[K^[m[K
[2.114s] In file included from [01m[K/usr/include/c++/9/memory:81[m[K,
[2.114s]                  from [01m[K/ros2_test/AD_Middle_Test/ros2/src/simple_s/src/listener.cpp:1[m[K:
[2.114s] [01m[K/usr/include/c++/9/bits/shared_ptr.h:309:19:[m[K [01;36m[Knote: [m[Kcandidate: â€˜[01m[Kstd::shared_ptr<_Tp>& std::shared_ptr<_Tp>::operator=(const std::shared_ptr<_Tp>&) [with _Tp = message_filters::Subscriber<test_interfaces::msg::Test_<std::allocator<void> > >][m[Kâ€™
[2.114s]   309 |       shared_ptr& [01;36m[Koperator[m[K=(const shared_ptr&) noexcept = default;
[2.114s]       |                   [01;36m[K^~~~~~~~[m[K
[2.114s] [01m[K/usr/include/c++/9/bits/shared_ptr.h:309:29:[m[K [01;36m[Knote: [m[K  no known conversion for argument 1 from â€˜[01m[Kmessage_filters::Subscriber<test_interfaces::msg::Test_<std::allocator<void> > >*[m[Kâ€™ to â€˜[01m[Kconst std::shared_ptr<message_filters::Subscriber<test_interfaces::msg::Test_<std::allocator<void> > > >&[m[Kâ€™
[2.115s]   309 |       shared_ptr& operator=([01;36m[Kconst shared_ptr&[m[K) noexcept = default;
[2.115s]       |                             [01;36m[K^~~~~~~~~~~~~~~~~[m[K
[2.115s] [01m[K/usr/include/c++/9/bits/shared_ptr.h:313:2:[m[K [01;36m[Knote: [m[Kcandidate: â€˜[01m[Ktemplate<class _Yp> std::shared_ptr<_Tp>::_Assignable<const std::shared_ptr<_Yp>&> std::shared_ptr<_Tp>::operator=(const std::shared_ptr<_Yp>&) [with _Yp = _Yp; _Tp = message_filters::Subscriber<test_interfaces::msg::Test_<std::allocator<void> > >][m[Kâ€™
[2.115s]   313 |  [01;36m[Koperator[m[K=(const shared_ptr<_Yp>& __r) noexcept
[2.115s]       |  [01;36m[K^~~~~~~~[m[K
[2.116s] [01m[K/usr/include/c++/9/bits/shared_ptr.h:313:2:[m[K [01;36m[Knote: [m[K  template argument deduction/substitution failed:
[2.116s] [01m[K/ros2_test/AD_Middle_Test/ros2/src/simple_s/src/listener.cpp:56:98:[m[K [01;36m[Knote: [m[K  mismatched types â€˜[01m[Kconst std::shared_ptr<_Tp>[m[Kâ€™ and â€˜[01m[Kmessage_filters::Subscriber<test_interfaces::msg::Test_<std::allocator<void> > >*[m[Kâ€™
[2.116s]    56 |    this->sub2 = new message_filters::Subscriber<test_interfaces::msg::Test>(this,channel_name+'1'[01;36m[K)[m[K;
[2.116s]       |                                                                                                  [01;36m[K^[m[K
[2.116s] In file included from [01m[K/usr/include/c++/9/memory:81[m[K,
[2.117s]                  from [01m[K/ros2_test/AD_Middle_Test/ros2/src/simple_s/src/listener.cpp:1[m[K:
[2.117s] [01m[K/usr/include/c++/9/bits/shared_ptr.h:324:2:[m[K [01;36m[Knote: [m[Kcandidate: â€˜[01m[Ktemplate<class _Yp> std::shared_ptr<_Tp>::_Assignable<std::auto_ptr<_Up> > std::shared_ptr<_Tp>::operator=(std::auto_ptr<_Up>&&) [with _Yp = _Yp; _Tp = message_filters::Subscriber<test_interfaces::msg::Test_<std::allocator<void> > >][m[Kâ€™
[2.117s]   324 |  [01;36m[Koperator[m[K=(auto_ptr<_Yp>&& __r)
[2.117s]       |  [01;36m[K^~~~~~~~[m[K
[2.117s] [01m[K/usr/include/c++/9/bits/shared_ptr.h:324:2:[m[K [01;36m[Knote: [m[K  template argument deduction/substitution failed:
[2.118s] [01m[K/ros2_test/AD_Middle_Test/ros2/src/simple_s/src/listener.cpp:56:98:[m[K [01;36m[Knote: [m[K  mismatched types â€˜[01m[Kstd::auto_ptr<_Up>[m[Kâ€™ and â€˜[01m[Kmessage_filters::Subscriber<test_interfaces::msg::Test_<std::allocator<void> > >*[m[Kâ€™
[2.118s]    56 |    this->sub2 = new message_filters::Subscriber<test_interfaces::msg::Test>(this,channel_name+'1'[01;36m[K)[m[K;
[2.118s]       |                                                                                                  [01;36m[K^[m[K
[2.118s] In file included from [01m[K/usr/include/c++/9/memory:81[m[K,
[2.118s]                  from [01m[K/ros2_test/AD_Middle_Test/ros2/src/simple_s/src/listener.cpp:1[m[K:
[2.118s] [01m[K/usr/include/c++/9/bits/shared_ptr.h:333:7:[m[K [01;36m[Knote: [m[Kcandidate: â€˜[01m[Kstd::shared_ptr<_Tp>& std::shared_ptr<_Tp>::operator=(std::shared_ptr<_Tp>&&) [with _Tp = message_filters::Subscriber<test_interfaces::msg::Test_<std::allocator<void> > >][m[Kâ€™
[2.119s]   333 |       [01;36m[Koperator[m[K=(shared_ptr&& __r) noexcept
[2.119s]       |       [01;36m[K^~~~~~~~[m[K
[2.119s] [01m[K/usr/include/c++/9/bits/shared_ptr.h:333:30:[m[K [01;36m[Knote: [m[K  no known conversion for argument 1 from â€˜[01m[Kmessage_filters::Subscriber<test_interfaces::msg::Test_<std::allocator<void> > >*[m[Kâ€™ to â€˜[01m[Kstd::shared_ptr<message_filters::Subscriber<test_interfaces::msg::Test_<std::allocator<void> > > >&&[m[Kâ€™
[2.119s]   333 |       operator=([01;36m[Kshared_ptr&& __r[m[K) noexcept
[2.119s]       |                 [01;36m[K~~~~~~~~~~~~~^~~[m[K
[2.120s] [01m[K/usr/include/c++/9/bits/shared_ptr.h:341:2:[m[K [01;36m[Knote: [m[Kcandidate: â€˜[01m[Ktemplate<class _Yp> std::shared_ptr<_Tp>::_Assignable<std::shared_ptr<_Yp> > std::shared_ptr<_Tp>::operator=(std::shared_ptr<_Yp>&&) [with _Yp = _Yp; _Tp = message_filters::Subscriber<test_interfaces::msg::Test_<std::allocator<void> > >][m[Kâ€™
[2.120s]   341 |  [01;36m[Koperator[m[K=(shared_ptr<_Yp>&& __r) noexcept
[2.120s]       |  [01;36m[K^~~~~~~~[m[K
[2.133s] [01m[K/usr/include/c++/9/bits/shared_ptr.h:341:2:[m[K [01;36m[Knote: [m[K  template argument deduction/substitution failed:
[2.133s] [01m[K/ros2_test/AD_Middle_Test/ros2/src/simple_s/src/listener.cpp:56:98:[m[K [01;36m[Knote: [m[K  mismatched types â€˜[01m[Kstd::shared_ptr<_Tp>[m[Kâ€™ and â€˜[01m[Kmessage_filters::Subscriber<test_interfaces::msg::Test_<std::allocator<void> > >*[m[Kâ€™
[2.133s]    56 |    this->sub2 = new message_filters::Subscriber<test_interfaces::msg::Test>(this,channel_name+'1'[01;36m[K)[m[K;
[2.133s]       |                                                                                                  [01;36m[K^[m[K
[2.133s] In file included from [01m[K/usr/include/c++/9/memory:81[m[K,
[2.133s]                  from [01m[K/ros2_test/AD_Middle_Test/ros2/src/simple_s/src/listener.cpp:1[m[K:
[2.133s] [01m[K/usr/include/c++/9/bits/shared_ptr.h:349:2:[m[K [01;36m[Knote: [m[Kcandidate: â€˜[01m[Ktemplate<class _Yp, class _Del> std::shared_ptr<_Tp>::_Assignable<std::unique_ptr<_Up, _Ep> > std::shared_ptr<_Tp>::operator=(std::unique_ptr<_Up, _Ep>&&) [with _Yp = _Yp; _Del = _Del; _Tp = message_filters::Subscriber<test_interfaces::msg::Test_<std::allocator<void> > >][m[Kâ€™
[2.134s]   349 |  [01;36m[Koperator[m[K=(unique_ptr<_Yp, _Del>&& __r)
[2.134s]       |  [01;36m[K^~~~~~~~[m[K
[2.134s] [01m[K/usr/include/c++/9/bits/shared_ptr.h:349:2:[m[K [01;36m[Knote: [m[K  template argument deduction/substitution failed:
[2.134s] [01m[K/ros2_test/AD_Middle_Test/ros2/src/simple_s/src/listener.cpp:56:98:[m[K [01;36m[Knote: [m[K  mismatched types â€˜[01m[Kstd::unique_ptr<_Tp, _Dp>[m[Kâ€™ and â€˜[01m[Kmessage_filters::Subscriber<test_interfaces::msg::Test_<std::allocator<void> > >*[m[Kâ€™
[2.134s]    56 |    this->sub2 = new message_filters::Subscriber<test_interfaces::msg::Test>(this,channel_name+'1'[01;36m[K)[m[K;
[2.134s]       |                                                                                                  [01;36m[K^[m[K
[2.222s] [01m[K/ros2_test/AD_Middle_Test/ros2/src/simple_s/src/listener.cpp:58:165:[m[K [01;31m[Kerror: [m[Kno match for â€˜[01m[Koperator=[m[Kâ€™ (operand types are â€˜[01m[Kstd::shared_ptr<message_filters::Synchronizer<message_filters::sync_policies::ApproximateTime<test_interfaces::msg::Test_<std::allocator<void> >, test_interfaces::msg::Test_<std::allocator<void> > > > >[m[Kâ€™ and â€˜[01m[Kmessage_filters::Synchronizer<message_filters::sync_policies::ApproximateTime<test_interfaces::msg::Test_<std::allocator<void> >, test_interfaces::msg::Test_<std::allocator<void> > > >*[m[Kâ€™)
[2.222s]    58 |    this->sync = new Synchronizer<sync_policies::ApproximateTime<test_interfaces::msg::Test,test_interfaces::msg::Test>>(MySyncPolicy(10),*(this->sub1),*(this->sub2)[01;31m[K)[m[K;
[2.222s]       |                                                                                                                                                                     [01;31m[K^[m[K
[2.223s] In file included from [01m[K/usr/include/c++/9/memory:81[m[K,
[2.223s]                  from [01m[K/ros2_test/AD_Middle_Test/ros2/src/simple_s/src/listener.cpp:1[m[K:
[2.223s] [01m[K/usr/include/c++/9/bits/shared_ptr.h:309:19:[m[K [01;36m[Knote: [m[Kcandidate: â€˜[01m[Kstd::shared_ptr<_Tp>& std::shared_ptr<_Tp>::operator=(const std::shared_ptr<_Tp>&) [with _Tp = message_filters::Synchronizer<message_filters::sync_policies::ApproximateTime<test_interfaces::msg::Test_<std::allocator<void> >, test_interfaces::msg::Test_<std::allocator<void> > > >][m[Kâ€™
[2.223s]   309 |       shared_ptr& [01;36m[Koperator[m[K=(const shared_ptr&) noexcept = default;
[2.223s]       |                   [01;36m[K^~~~~~~~[m[K
[2.224s] [01m[K/usr/include/c++/9/bits/shared_ptr.h:309:29:[m[K [01;36m[Knote: [m[K  no known conversion for argument 1 from â€˜[01m[Kmessage_filters::Synchronizer<message_filters::sync_policies::ApproximateTime<test_interfaces::msg::Test_<std::allocator<void> >, test_interfaces::msg::Test_<std::allocator<void> > > >*[m[Kâ€™ to â€˜[01m[Kconst std::shared_ptr<message_filters::Synchronizer<message_filters::sync_policies::ApproximateTime<test_interfaces::msg::Test_<std::allocator<void> >, test_interfaces::msg::Test_<std::allocator<void> > > > >&[m[Kâ€™
[2.224s]   309 |       shared_ptr& operator=([01;36m[Kconst shared_ptr&[m[K) noexcept = default;
[2.224s]       |                             [01;36m[K^~~~~~~~~~~~~~~~~[m[K
[2.224s] [01m[K/usr/include/c++/9/bits/shared_ptr.h:313:2:[m[K [01;36m[Knote: [m[Kcandidate: â€˜[01m[Ktemplate<class _Yp> std::shared_ptr<_Tp>::_Assignable<const std::shared_ptr<_Yp>&> std::shared_ptr<_Tp>::operator=(const std::shared_ptr<_Yp>&) [with _Yp = _Yp; _Tp = message_filters::Synchronizer<message_filters::sync_policies::ApproximateTime<test_interfaces::msg::Test_<std::allocator<void> >, test_interfaces::msg::Test_<std::allocator<void> > > >][m[Kâ€™
[2.224s]   313 |  [01;36m[Koperator[m[K=(const shared_ptr<_Yp>& __r) noexcept
[2.224s]       |  [01;36m[K^~~~~~~~[m[K
[2.225s] [01m[K/usr/include/c++/9/bits/shared_ptr.h:313:2:[m[K [01;36m[Knote: [m[K  template argument deduction/substitution failed:
[2.225s] [01m[K/ros2_test/AD_Middle_Test/ros2/src/simple_s/src/listener.cpp:58:165:[m[K [01;36m[Knote: [m[K  mismatched types â€˜[01m[Kconst std::shared_ptr<_Tp>[m[Kâ€™ and â€˜[01m[Kmessage_filters::Synchronizer<message_filters::sync_policies::ApproximateTime<test_interfaces::msg::Test_<std::allocator<void> >, test_interfaces::msg::Test_<std::allocator<void> > > >*[m[Kâ€™
[2.225s]    58 |    this->sync = new Synchronizer<sync_policies::ApproximateTime<test_interfaces::msg::Test,test_interfaces::msg::Test>>(MySyncPolicy(10),*(this->sub1),*(this->sub2)[01;36m[K)[m[K;
[2.225s]       |                                                                                                                                                                     [01;36m[K^[m[K
[2.226s] In file included from [01m[K/usr/include/c++/9/memory:81[m[K,
[2.226s]                  from [01m[K/ros2_test/AD_Middle_Test/ros2/src/simple_s/src/listener.cpp:1[m[K:
[2.226s] [01m[K/usr/include/c++/9/bits/shared_ptr.h:324:2:[m[K [01;36m[Knote: [m[Kcandidate: â€˜[01m[Ktemplate<class _Yp> std::shared_ptr<_Tp>::_Assignable<std::auto_ptr<_Up> > std::shared_ptr<_Tp>::operator=(std::auto_ptr<_Up>&&) [with _Yp = _Yp; _Tp = message_filters::Synchronizer<message_filters::sync_policies::ApproximateTime<test_interfaces::msg::Test_<std::allocator<void> >, test_interfaces::msg::Test_<std::allocator<void> > > >][m[Kâ€™
[2.226s]   324 |  [01;36m[Koperator[m[K=(auto_ptr<_Yp>&& __r)
[2.226s]       |  [01;36m[K^~~~~~~~[m[K
[2.226s] [01m[K/usr/include/c++/9/bits/shared_ptr.h:324:2:[m[K [01;36m[Knote: [m[K  template argument deduction/substitution failed:
[2.227s] [01m[K/ros2_test/AD_Middle_Test/ros2/src/simple_s/src/listener.cpp:58:165:[m[K [01;36m[Knote: [m[K  mismatched types â€˜[01m[Kstd::auto_ptr<_Up>[m[Kâ€™ and â€˜[01m[Kmessage_filters::Synchronizer<message_filters::sync_policies::ApproximateTime<test_interfaces::msg::Test_<std::allocator<void> >, test_interfaces::msg::Test_<std::allocator<void> > > >*[m[Kâ€™
[2.227s]    58 |    this->sync = new Synchronizer<sync_policies::ApproximateTime<test_interfaces::msg::Test,test_interfaces::msg::Test>>(MySyncPolicy(10),*(this->sub1),*(this->sub2)[01;36m[K)[m[K;
[2.227s]       |                                                                                                                                                                     [01;36m[K^[m[K
[2.227s] In file included from [01m[K/usr/include/c++/9/memory:81[m[K,
[2.227s]                  from [01m[K/ros2_test/AD_Middle_Test/ros2/src/simple_s/src/listener.cpp:1[m[K:
[2.228s] [01m[K/usr/include/c++/9/bits/shared_ptr.h:333:7:[m[K [01;36m[Knote: [m[Kcandidate: â€˜[01m[Kstd::shared_ptr<_Tp>& std::shared_ptr<_Tp>::operator=(std::shared_ptr<_Tp>&&) [with _Tp = message_filters::Synchronizer<message_filters::sync_policies::ApproximateTime<test_interfaces::msg::Test_<std::allocator<void> >, test_interfaces::msg::Test_<std::allocator<void> > > >][m[Kâ€™
[2.228s]   333 |       [01;36m[Koperator[m[K=(shared_ptr&& __r) noexcept
[2.228s]       |       [01;36m[K^~~~~~~~[m[K
[2.228s] [01m[K/usr/include/c++/9/bits/shared_ptr.h:333:30:[m[K [01;36m[Knote: [m[K  no known conversion for argument 1 from â€˜[01m[Kmessage_filters::Synchronizer<message_filters::sync_policies::ApproximateTime<test_interfaces::msg::Test_<std::allocator<void> >, test_interfaces::msg::Test_<std::allocator<void> > > >*[m[Kâ€™ to â€˜[01m[Kstd::shared_ptr<message_filters::Synchronizer<message_filters::sync_policies::ApproximateTime<test_interfaces::msg::Test_<std::allocator<void> >, test_interfaces::msg::Test_<std::allocator<void> > > > >&&[m[Kâ€™
[2.228s]   333 |       operator=([01;36m[Kshared_ptr&& __r[m[K) noexcept
[2.229s]       |                 [01;36m[K~~~~~~~~~~~~~^~~[m[K
[2.229s] [01m[K/usr/include/c++/9/bits/shared_ptr.h:341:2:[m[K [01;36m[Knote: [m[Kcandidate: â€˜[01m[Ktemplate<class _Yp> std::shared_ptr<_Tp>::_Assignable<std::shared_ptr<_Yp> > std::shared_ptr<_Tp>::operator=(std::shared_ptr<_Yp>&&) [with _Yp = _Yp; _Tp = message_filters::Synchronizer<message_filters::sync_policies::ApproximateTime<test_interfaces::msg::Test_<std::allocator<void> >, test_interfaces::msg::Test_<std::allocator<void> > > >][m[Kâ€™
[2.229s]   341 |  [01;36m[Koperator[m[K=(shared_ptr<_Yp>&& __r) noexcept
[2.229s]       |  [01;36m[K^~~~~~~~[m[K
[2.229s] [01m[K/usr/include/c++/9/bits/shared_ptr.h:341:2:[m[K [01;36m[Knote: [m[K  template argument deduction/substitution failed:
[2.230s] [01m[K/ros2_test/AD_Middle_Test/ros2/src/simple_s/src/listener.cpp:58:165:[m[K [01;36m[Knote: [m[K  mismatched types â€˜[01m[Kstd::shared_ptr<_Tp>[m[Kâ€™ and â€˜[01m[Kmessage_filters::Synchronizer<message_filters::sync_policies::ApproximateTime<test_interfaces::msg::Test_<std::allocator<void> >, test_interfaces::msg::Test_<std::allocator<void> > > >*[m[Kâ€™
[2.230s]    58 |    this->sync = new Synchronizer<sync_policies::ApproximateTime<test_interfaces::msg::Test,test_interfaces::msg::Test>>(MySyncPolicy(10),*(this->sub1),*(this->sub2)[01;36m[K)[m[K;
[2.230s]       |                                                                                                                                                                     [01;36m[K^[m[K
[2.230s] In file included from [01m[K/usr/include/c++/9/memory:81[m[K,
[2.230s]                  from [01m[K/ros2_test/AD_Middle_Test/ros2/src/simple_s/src/listener.cpp:1[m[K:
[2.231s] [01m[K/usr/include/c++/9/bits/shared_ptr.h:349:2:[m[K [01;36m[Knote: [m[Kcandidate: â€˜[01m[Ktemplate<class _Yp, class _Del> std::shared_ptr<_Tp>::_Assignable<std::unique_ptr<_Up, _Ep> > std::shared_ptr<_Tp>::operator=(std::unique_ptr<_Up, _Ep>&&) [with _Yp = _Yp; _Del = _Del; _Tp = message_filters::Synchronizer<message_filters::sync_policies::ApproximateTime<test_interfaces::msg::Test_<std::allocator<void> >, test_interfaces::msg::Test_<std::allocator<void> > > >][m[Kâ€™
[2.231s]   349 |  [01;36m[Koperator[m[K=(unique_ptr<_Yp, _Del>&& __r)
[2.231s]       |  [01;36m[K^~~~~~~~[m[K
[2.231s] [01m[K/usr/include/c++/9/bits/shared_ptr.h:349:2:[m[K [01;36m[Knote: [m[K  template argument deduction/substitution failed:
[2.231s] [01m[K/ros2_test/AD_Middle_Test/ros2/src/simple_s/src/listener.cpp:58:165:[m[K [01;36m[Knote: [m[K  mismatched types â€˜[01m[Kstd::unique_ptr<_Tp, _Dp>[m[Kâ€™ and â€˜[01m[Kmessage_filters::Synchronizer<message_filters::sync_policies::ApproximateTime<test_interfaces::msg::Test_<std::allocator<void> >, test_interfaces::msg::Test_<std::allocator<void> > > >*[m[Kâ€™
[2.232s]    58 |    this->sync = new Synchronizer<sync_policies::ApproximateTime<test_interfaces::msg::Test,test_interfaces::msg::Test>>(MySyncPolicy(10),*(this->sub1),*(this->sub2)[01;36m[K)[m[K;
[2.232s]       |                                                                                                                                                                     [01;36m[K^[m[K
[2.233s] [01m[K/ros2_test/AD_Middle_Test/ros2/src/simple_s/src/listener.cpp:59:82:[m[K [01;31m[Kerror: [m[Kâ€˜[01m[K_2[m[Kâ€™ was not declared in this scope; did you mean â€˜[01m[Kstd::placeholders::_2[m[Kâ€™?
[2.233s]    59 |    this->sync->registerCallback(std::bind(&MinimalSubscriber::topic_callback2,_1,[01;31m[K_2[m[K));
[2.233s]       |                                                                                  [01;31m[K^~[m[K
[2.233s]       |                                                                                  [32m[Kstd::placeholders::_2[m[K
[2.234s] In file included from [01m[K/opt/ros/foxy/include/rclcpp/context.hpp:19[m[K,
[2.234s]                  from [01m[K/opt/ros/foxy/include/rclcpp/contexts/default_context.hpp:18[m[K,
[2.234s]                  from [01m[K/opt/ros/foxy/include/rclcpp/executor.hpp:32[m[K,
[2.234s]                  from [01m[K/opt/ros/foxy/include/rclcpp/executors/multi_threaded_executor.hpp:25[m[K,
[2.234s]                  from [01m[K/opt/ros/foxy/include/rclcpp/executors.hpp:21[m[K,
[2.234s]                  from [01m[K/opt/ros/foxy/include/rclcpp/rclcpp.hpp:145[m[K,
[2.235s]                  from [01m[K/opt/ros/foxy/include/message_filters/subscriber.h:38[m[K,
[2.235s]                  from [01m[K/ros2_test/AD_Middle_Test/ros2/src/simple_s/src/listener.cpp:5[m[K:
[2.235s] [01m[K/usr/include/c++/9/functional:212:34:[m[K [01;36m[Knote: [m[Kâ€˜[01m[Kstd::placeholders::_2[m[Kâ€™ declared here
[2.235s]   212 |     extern const _Placeholder<2> [01;36m[K_2[m[K;
[2.235s]       |                                  [01;36m[K^~[m[K
[4.387s] make[2]: *** [CMakeFiles/listener.dir/build.make:63: CMakeFiles/listener.dir/src/listener.cpp.o] Error 1
[4.387s] make[1]: *** [CMakeFiles/Makefile2:80: CMakeFiles/listener.dir/all] Error 2
[4.388s] make: *** [Makefile:141: all] Error 2
