[0.086s] [35m[1mScanning dependencies of target listener[0m
[0.123s] [ 25%] [32mBuilding CXX object CMakeFiles/listener.dir/src/listener.cpp.o[0m
[2.031s] [01m[K/ros2_test/AD_Middle_Test/ros2/src/simple_s/src/listener.cpp:95:58:[m[K [01;31m[Kerror: [m[Kâ€˜[01m[Knodelet_s[m[Kâ€™ was not declared in this scope
[2.031s]    95 |   shared_ptr<Synchronizer<sync_policies::ApproximateTime<[01;31m[Knodelet_s[m[K::Test,nodelet_s::Test>>>sync;
[2.032s]       |                                                          [01;31m[K^~~~~~~~~[m[K
[2.032s] [01m[K/ros2_test/AD_Middle_Test/ros2/src/simple_s/src/listener.cpp:95:89:[m[K [01;31m[Kerror: [m[Kwrong number of template arguments (1, should be at least 2)
[2.032s]    95 |   shared_ptr<Synchronizer<sync_policies::ApproximateTime<nodelet_s::Test,nodelet_s::Test[01;31m[K>>[m[K>sync;
[2.032s]       |                                                                                         [01;31m[K^~[m[K
[2.032s] In file included from [01m[K/ros2_test/AD_Middle_Test/ros2/src/simple_s/src/listener.cpp:7[m[K:
[2.033s] [01m[K/opt/ros/foxy/include/message_filters/sync_policies/approximate_time.h:77:8:[m[K [01;36m[Knote: [m[Kprovided for â€˜[01m[Ktemplate<class M0, class M1, class M2, class M3, class M4, class M5, class M6, class M7, class M8> struct message_filters::sync_policies::ApproximateTime[m[Kâ€™
[2.033s]    77 | struct [01;36m[KApproximateTime[m[K : public PolicyBase<M0, M1, M2, M3, M4, M5, M6, M7, M8>
[2.033s]       |        [01;36m[K^~~~~~~~~~~~~~~[m[K
[2.033s] [01m[K/ros2_test/AD_Middle_Test/ros2/src/simple_s/src/listener.cpp:95:91:[m[K [01;31m[Kerror: [m[Ktemplate argument 1 is invalid
[2.033s]    95 |   shared_ptr<Synchronizer<sync_policies::ApproximateTime<nodelet_s::Test,nodelet_s::Test>>[01;31m[K>[m[Ksync;
[2.034s]       |                                                                                           [01;31m[K^[m[K
[2.034s] [01m[K/ros2_test/AD_Middle_Test/ros2/src/simple_s/src/listener.cpp:95:92:[m[K [01;31m[Kerror: [m[Ktemplate argument 1 is invalid
[2.034s]    95 |   shared_ptr<Synchronizer<sync_policies::ApproximateTime<nodelet_s::Test,nodelet_s::Test>>>[01;31m[Ksync[m[K;
[2.034s]       |                                                                                            [01;31m[K^~~~[m[K
[2.142s] [01m[K/ros2_test/AD_Middle_Test/ros2/src/simple_s/src/listener.cpp:[m[K In constructor â€˜[01m[KMinimalSubscriber::MinimalSubscriber(std::string, int)[m[Kâ€™:
[2.142s] [01m[K/ros2_test/AD_Middle_Test/ros2/src/simple_s/src/listener.cpp:60:10:[m[K [01;31m[Kerror: [m[Kâ€˜[01m[Kclass MinimalSubscriber[m[Kâ€™ has no member named â€˜[01m[Ksync[m[Kâ€™
[2.142s]    60 |    this->[01;31m[Ksync[m[K=make_shared<Sychronizer<test_interfaces::msg::Test,test_interfaces::msg::Test>>(myP,this->sub1,this->sub2);
[2.142s]       |          [01;31m[K^~~~[m[K
[2.147s] [01m[K/ros2_test/AD_Middle_Test/ros2/src/simple_s/src/listener.cpp:60:27:[m[K [01;31m[Kerror: [m[Kâ€˜[01m[KSychronizer[m[Kâ€™ was not declared in this scope
[2.147s]    60 |    this->sync=make_shared<[01;31m[KSychronizer[m[K<test_interfaces::msg::Test,test_interfaces::msg::Test>>(myP,this->sub1,this->sub2);
[2.147s]       |                           [01;31m[K^~~~~~~~~~~[m[K
[2.147s] [01m[K/ros2_test/AD_Middle_Test/ros2/src/simple_s/src/listener.cpp:60:15:[m[K [01;31m[Kerror: [m[Kparse error in template argument list
[2.147s]    60 |    this->sync=[01;31m[Kmake_shared<Sychronizer<test_interfaces::msg::Test,test_interfaces::msg::Test[m[K>>(myP,this->sub1,this->sub2);
[2.148s]       |               [01;31m[K^~~~~~~~~~~~~~~~~~~~~~~~~~~~~~~~~~~~~~~~~~~~~~~~~~~~~~~~~~~~~~~~~~~~~~~~~~~~~[m[K
[2.148s] [01m[K/ros2_test/AD_Middle_Test/ros2/src/simple_s/src/listener.cpp:60:95:[m[K [01;35m[Kwarning: [m[Kleft operand of comma operator has no effect [[01;35m[K-Wunused-value[m[K]
[2.148s]    60 |    this->sync=make_shared<Sychronizer<test_interfaces::msg::Test,test_interfaces::msg::Test>>([01;35m[KmyP[m[K,this->sub1,this->sub2);
[2.148s]       |                                                                                               [01;35m[K^~~[m[K
[2.148s] [01m[K/ros2_test/AD_Middle_Test/ros2/src/simple_s/src/listener.cpp:60:105:[m[K [01;35m[Kwarning: [m[Kright operand of comma operator has no effect [[01;35m[K-Wunused-value[m[K]
[2.149s]    60 |    this->sync=make_shared<Sychronizer<test_interfaces::msg::Test,test_interfaces::msg::Test>>(myP,[01;35m[Kthis->sub1[m[K,this->sub2);
[2.149s]       |                                                                                                   [01;35m[K~~~~~~^~~~[m[K
[2.149s] [01m[K/ros2_test/AD_Middle_Test/ros2/src/simple_s/src/listener.cpp:60:92:[m[K [01;31m[Kerror: [m[Kno match for â€˜[01m[Koperator>[m[Kâ€™ (operand types are â€˜[01m[K<unresolved overloaded function type>[m[Kâ€™ and â€˜[01m[Kmessage_filters::Subscriber<test_interfaces::msg::Test_<std::allocator<void> > >[m[Kâ€™)
[2.149s]    60 |    this->sync=[01;31m[Kmake_shared<Sychronizer<test_interfaces::msg::Test,test_interfaces::msg::Test>>(myP,this->sub1,this->sub2)[m[K;
[2.149s]       |               [01;31m[K~~~~~~~~~~~~~~~~~~~~~~~~~~~~~~~~~~~~~~~~~~~~~~~~~~~~~~~~~~~~~~~~~~~~~~~~~~~~~^~~~~~~~~~~~~~~~~~~~~~~~~~~~~[m[K
[2.150s] In file included from [01m[K/usr/include/c++/9/bits/stl_algobase.h:64[m[K,
[2.150s]                  from [01m[K/usr/include/c++/9/memory:62[m[K,
[2.150s]                  from [01m[K/ros2_test/AD_Middle_Test/ros2/src/simple_s/src/listener.cpp:1[m[K:
[2.150s] [01m[K/usr/include/c++/9/bits/stl_pair.h:467:5:[m[K [01;36m[Knote: [m[Kcandidate: â€˜[01m[Ktemplate<class _T1, class _T2> constexpr bool std::operator>(const std::pair<_T1, _T2>&, const std::pair<_T1, _T2>&)[m[Kâ€™
[2.151s]   467 |     [01;36m[Koperator[m[K>(const pair<_T1, _T2>& __x, const pair<_T1, _T2>& __y)
[2.151s]       |     [01;36m[K^~~~~~~~[m[K
[2.151s] [01m[K/usr/include/c++/9/bits/stl_pair.h:467:5:[m[K [01;36m[Knote: [m[K  template argument deduction/substitution failed:
[2.151s] [01m[K/ros2_test/AD_Middle_Test/ros2/src/simple_s/src/listener.cpp:60:120:[m[K [01;36m[Knote: [m[K  â€˜[01m[Kmessage_filters::Subscriber<test_interfaces::msg::Test_<std::allocator<void> > >[m[Kâ€™ is not derived from â€˜[01m[Kconst std::pair<_T1, _T2>[m[Kâ€™
[2.151s]    60 |    this->sync=make_shared<Sychronizer<test_interfaces::msg::Test,test_interfaces::msg::Test>>(myP,this->sub1,this->sub2[01;36m[K)[m[K;
[2.151s]       |                                                                                                                        [01;36m[K^[m[K
[2.152s] In file included from [01m[K/usr/include/c++/9/bits/stl_algobase.h:67[m[K,
[2.152s]                  from [01m[K/usr/include/c++/9/memory:62[m[K,
[2.152s]                  from [01m[K/ros2_test/AD_Middle_Test/ros2/src/simple_s/src/listener.cpp:1[m[K:
[2.152s] [01m[K/usr/include/c++/9/bits/stl_iterator.h:343:5:[m[K [01;36m[Knote: [m[Kcandidate: â€˜[01m[Ktemplate<class _Iterator> bool std::operator>(const std::reverse_iterator<_Iterator>&, const std::reverse_iterator<_Iterator>&)[m[Kâ€™
[2.152s]   343 |     [01;36m[Koperator[m[K>(const reverse_iterator<_Iterator>& __x,
[2.153s]       |     [01;36m[K^~~~~~~~[m[K
[2.153s] [01m[K/usr/include/c++/9/bits/stl_iterator.h:343:5:[m[K [01;36m[Knote: [m[K  template argument deduction/substitution failed:
[2.153s] [01m[K/ros2_test/AD_Middle_Test/ros2/src/simple_s/src/listener.cpp:60:120:[m[K [01;36m[Knote: [m[K  â€˜[01m[Kmessage_filters::Subscriber<test_interfaces::msg::Test_<std::allocator<void> > >[m[Kâ€™ is not derived from â€˜[01m[Kconst std::reverse_iterator<_Iterator>[m[Kâ€™
[2.153s]    60 |    this->sync=make_shared<Sychronizer<test_interfaces::msg::Test,test_interfaces::msg::Test>>(myP,this->sub1,this->sub2[01;36m[K)[m[K;
[2.153s]       |                                                                                                                        [01;36m[K^[m[K
[2.154s] In file included from [01m[K/usr/include/c++/9/bits/stl_algobase.h:67[m[K,
[2.154s]                  from [01m[K/usr/include/c++/9/memory:62[m[K,
[2.154s]                  from [01m[K/ros2_test/AD_Middle_Test/ros2/src/simple_s/src/listener.cpp:1[m[K:
[2.154s] [01m[K/usr/include/c++/9/bits/stl_iterator.h:381:5:[m[K [01;36m[Knote: [m[Kcandidate: â€˜[01m[Ktemplate<class _IteratorL, class _IteratorR> bool std::operator>(const std::reverse_iterator<_Iterator>&, const std::reverse_iterator<_IteratorR>&)[m[Kâ€™
[2.154s]   381 |     [01;36m[Koperator[m[K>(const reverse_iterator<_IteratorL>& __x,
[2.154s]       |     [01;36m[K^~~~~~~~[m[K
[2.155s] [01m[K/usr/include/c++/9/bits/stl_iterator.h:381:5:[m[K [01;36m[Knote: [m[K  template argument deduction/substitution failed:
[2.155s] [01m[K/ros2_test/AD_Middle_Test/ros2/src/simple_s/src/listener.cpp:60:120:[m[K [01;36m[Knote: [m[K  â€˜[01m[Kmessage_filters::Subscriber<test_interfaces::msg::Test_<std::allocator<void> > >[m[Kâ€™ is not derived from â€˜[01m[Kconst std::reverse_iterator<_IteratorR>[m[Kâ€™
[2.155s]    60 |    this->sync=make_shared<Sychronizer<test_interfaces::msg::Test,test_interfaces::msg::Test>>(myP,this->sub1,this->sub2[01;36m[K)[m[K;
[2.155s]       |                                                                                                                        [01;36m[K^[m[K
[2.156s] In file included from [01m[K/usr/include/c++/9/bits/stl_algobase.h:67[m[K,
[2.156s]                  from [01m[K/usr/include/c++/9/memory:62[m[K,
[2.156s]                  from [01m[K/ros2_test/AD_Middle_Test/ros2/src/simple_s/src/listener.cpp:1[m[K:
[2.156s] [01m[K/usr/include/c++/9/bits/stl_iterator.h:1187:5:[m[K [01;36m[Knote: [m[Kcandidate: â€˜[01m[Ktemplate<class _IteratorL, class _IteratorR> bool std::operator>(const std::move_iterator<_IteratorL>&, const std::move_iterator<_IteratorR>&)[m[Kâ€™
[2.156s]  1187 |     [01;36m[Koperator[m[K>(const move_iterator<_IteratorL>& __x,
[2.156s]       |     [01;36m[K^~~~~~~~[m[K
[2.157s] [01m[K/usr/include/c++/9/bits/stl_iterator.h:1187:5:[m[K [01;36m[Knote: [m[K  template argument deduction/substitution failed:
[2.157s] [01m[K/ros2_test/AD_Middle_Test/ros2/src/simple_s/src/listener.cpp:60:120:[m[K [01;36m[Knote: [m[K  â€˜[01m[Kmessage_filters::Subscriber<test_interfaces::msg::Test_<std::allocator<void> > >[m[Kâ€™ is not derived from â€˜[01m[Kconst std::move_iterator<_IteratorR>[m[Kâ€™
[2.157s]    60 |    this->sync=make_shared<Sychronizer<test_interfaces::msg::Test,test_interfaces::msg::Test>>(myP,this->sub1,this->sub2[01;36m[K)[m[K;
[2.157s]       |                                                                                                                        [01;36m[K^[m[K
[2.157s] In file included from [01m[K/usr/include/c++/9/bits/stl_algobase.h:67[m[K,
[2.158s]                  from [01m[K/usr/include/c++/9/memory:62[m[K,
[2.158s]                  from [01m[K/ros2_test/AD_Middle_Test/ros2/src/simple_s/src/listener.cpp:1[m[K:
[2.158s] [01m[K/usr/include/c++/9/bits/stl_iterator.h:1193:5:[m[K [01;36m[Knote: [m[Kcandidate: â€˜[01m[Ktemplate<class _Iterator> bool std::operator>(const std::move_iterator<_IteratorL>&, const std::move_iterator<_IteratorL>&)[m[Kâ€™
[2.158s]  1193 |     [01;36m[Koperator[m[K>(const move_iterator<_Iterator>& __x,
[2.158s]       |     [01;36m[K^~~~~~~~[m[K
[2.158s] [01m[K/usr/include/c++/9/bits/stl_iterator.h:1193:5:[m[K [01;36m[Knote: [m[K  template argument deduction/substitution failed:
[2.159s] [01m[K/ros2_test/AD_Middle_Test/ros2/src/simple_s/src/listener.cpp:60:120:[m[K [01;36m[Knote: [m[K  â€˜[01m[Kmessage_filters::Subscriber<test_interfaces::msg::Test_<std::allocator<void> > >[m[Kâ€™ is not derived from â€˜[01m[Kconst std::move_iterator<_IteratorL>[m[Kâ€™
[2.159s]    60 |    this->sync=make_shared<Sychronizer<test_interfaces::msg::Test,test_interfaces::msg::Test>>(myP,this->sub1,this->sub2[01;36m[K)[m[K;
[2.159s]       |                                                                                                                        [01;36m[K^[m[K
[2.160s] In file included from [01m[K/usr/include/c++/9/string:55[m[K,
[2.160s]                  from [01m[K/usr/include/c++/9/stdexcept:39[m[K,
[2.160s]                  from [01m[K/usr/include/c++/9/array:39[m[K,
[2.161s]                  from [01m[K/usr/include/c++/9/tuple:39[m[K,
[2.161s]                  from [01m[K/usr/include/c++/9/bits/unique_ptr.h:37[m[K,
[2.161s]                  from [01m[K/usr/include/c++/9/memory:80[m[K,
[2.161s]                  from [01m[K/ros2_test/AD_Middle_Test/ros2/src/simple_s/src/listener.cpp:1[m[K:
[2.161s] [01m[K/usr/include/c++/9/bits/basic_string.h:6264:5:[m[K [01;36m[Knote: [m[Kcandidate: â€˜[01m[Ktemplate<class _CharT, class _Traits, class _Alloc> bool std::operator>(const std::__cxx11::basic_string<_CharT, _Traits, _Alloc>&, const std::__cxx11::basic_string<_CharT, _Traits, _Alloc>&)[m[Kâ€™
[2.161s]  6264 |     [01;36m[Koperator[m[K>(const basic_string<_CharT, _Traits, _Alloc>& __lhs,
[2.161s]       |     [01;36m[K^~~~~~~~[m[K
[2.162s] [01m[K/usr/include/c++/9/bits/basic_string.h:6264:5:[m[K [01;36m[Knote: [m[K  template argument deduction/substitution failed:
[2.162s] [01m[K/ros2_test/AD_Middle_Test/ros2/src/simple_s/src/listener.cpp:60:120:[m[K [01;36m[Knote: [m[K  â€˜[01m[Kmessage_filters::Subscriber<test_interfaces::msg::Test_<std::allocator<void> > >[m[Kâ€™ is not derived from â€˜[01m[Kconst std::__cxx11::basic_string<_CharT, _Traits, _Alloc>[m[Kâ€™
[2.162s]    60 |    this->sync=make_shared<Sychronizer<test_interfaces::msg::Test,test_interfaces::msg::Test>>(myP,this->sub1,this->sub2[01;36m[K)[m[K;
[2.162s]       |                                                                                                                        [01;36m[K^[m[K
[2.163s] In file included from [01m[K/usr/include/c++/9/string:55[m[K,
[2.163s]                  from [01m[K/usr/include/c++/9/stdexcept:39[m[K,
[2.163s]                  from [01m[K/usr/include/c++/9/array:39[m[K,
[2.163s]                  from [01m[K/usr/include/c++/9/tuple:39[m[K,
[2.163s]                  from [01m[K/usr/include/c++/9/bits/unique_ptr.h:37[m[K,
[2.163s]                  from [01m[K/usr/include/c++/9/memory:80[m[K,
[2.163s]                  from [01m[K/ros2_test/AD_Middle_Test/ros2/src/simple_s/src/listener.cpp:1[m[K:
[2.164s] [01m[K/usr/include/c++/9/bits/basic_string.h:6277:5:[m[K [01;36m[Knote: [m[Kcandidate: â€˜[01m[Ktemplate<class _CharT, class _Traits, class _Alloc> bool std::operator>(const std::__cxx11::basic_string<_CharT, _Traits, _Alloc>&, const _CharT*)[m[Kâ€™
[2.164s]  6277 |     [01;36m[Koperator[m[K>(const basic_string<_CharT, _Traits, _Alloc>& __lhs,
[2.164s]       |     [01;36m[K^~~~~~~~[m[K
[2.164s] [01m[K/usr/include/c++/9/bits/basic_string.h:6277:5:[m[K [01;36m[Knote: [m[K  template argument deduction/substitution failed:
[2.164s] [01m[K/ros2_test/AD_Middle_Test/ros2/src/simple_s/src/listener.cpp:60:120:[m[K [01;36m[Knote: [m[K  mismatched types â€˜[01m[Kconst _CharT*[m[Kâ€™ and â€˜[01m[Kmessage_filters::Subscriber<test_interfaces::msg::Test_<std::allocator<void> > >[m[Kâ€™
[2.165s]    60 |    this->sync=make_shared<Sychronizer<test_interfaces::msg::Test,test_interfaces::msg::Test>>(myP,this->sub1,this->sub2[01;36m[K)[m[K;
[2.165s]       |                                                                                                                        [01;36m[K^[m[K
[2.165s] In file included from [01m[K/usr/include/c++/9/string:55[m[K,
[2.165s]                  from [01m[K/usr/include/c++/9/stdexcept:39[m[K,
[2.165s]                  from [01m[K/usr/include/c++/9/array:39[m[K,
[2.165s]                  from [01m[K/usr/include/c++/9/tuple:39[m[K,
[2.167s]                  from [01m[K/usr/include/c++/9/bits/unique_ptr.h:37[m[K,
[2.167s]                  from [01m[K/usr/include/c++/9/memory:80[m[K,
[2.167s]                  from [01m[K/ros2_test/AD_Middle_Test/ros2/src/simple_s/src/listener.cpp:1[m[K:
[2.167s] [01m[K/usr/include/c++/9/bits/basic_string.h:6289:5:[m[K [01;36m[Knote: [m[Kcandidate: â€˜[01m[Ktemplate<class _CharT, class _Traits, class _Alloc> bool std::operator>(const _CharT*, const std::__cxx11::basic_string<_CharT, _Traits, _Alloc>&)[m[Kâ€™
[2.167s]  6289 |     [01;36m[Koperator[m[K>(const _CharT* __lhs,
[2.167s]       |     [01;36m[K^~~~~~~~[m[K
[2.167s] [01m[K/usr/include/c++/9/bits/basic_string.h:6289:5:[m[K [01;36m[Knote: [m[K  template argument deduction/substitution failed:
[2.168s] [01m[K/ros2_test/AD_Middle_Test/ros2/src/simple_s/src/listener.cpp:60:120:[m[K [01;36m[Knote: [m[K  â€˜[01m[Kmessage_filters::Subscriber<test_interfaces::msg::Test_<std::allocator<void> > >[m[Kâ€™ is not derived from â€˜[01m[Kconst std::__cxx11::basic_string<_CharT, _Traits, _Alloc>[m[Kâ€™
[2.168s]    60 |    this->sync=make_shared<Sychronizer<test_interfaces::msg::Test,test_interfaces::msg::Test>>(myP,this->sub1,this->sub2[01;36m[K)[m[K;
[2.168s]       |                                                                                                                        [01;36m[K^[m[K
[2.168s] In file included from [01m[K/usr/include/c++/9/tuple:39[m[K,
[2.168s]                  from [01m[K/usr/include/c++/9/bits/unique_ptr.h:37[m[K,
[2.168s]                  from [01m[K/usr/include/c++/9/memory:80[m[K,
[2.168s]                  from [01m[K/ros2_test/AD_Middle_Test/ros2/src/simple_s/src/listener.cpp:1[m[K:
[2.169s] [01m[K/usr/include/c++/9/array:270:5:[m[K [01;36m[Knote: [m[Kcandidate: â€˜[01m[Ktemplate<class _Tp, long unsigned int _Nm> bool std::operator>(const std::array<_Tp, _Nm>&, const std::array<_Tp, _Nm>&)[m[Kâ€™
[2.169s]   270 |     [01;36m[Koperator[m[K>(const array<_Tp, _Nm>& __one, const array<_Tp, _Nm>& __two)
[2.169s]       |     [01;36m[K^~~~~~~~[m[K
[2.169s] [01m[K/usr/include/c++/9/array:270:5:[m[K [01;36m[Knote: [m[K  template argument deduction/substitution failed:
[2.169s] [01m[K/ros2_test/AD_Middle_Test/ros2/src/simple_s/src/listener.cpp:60:120:[m[K [01;36m[Knote: [m[K  â€˜[01m[Kmessage_filters::Subscriber<test_interfaces::msg::Test_<std::allocator<void> > >[m[Kâ€™ is not derived from â€˜[01m[Kconst std::array<_Tp, _Nm>[m[Kâ€™
[2.169s]    60 |    this->sync=make_shared<Sychronizer<test_interfaces::msg::Test,test_interfaces::msg::Test>>(myP,this->sub1,this->sub2[01;36m[K)[m[K;
[2.169s]       |                                                                                                                        [01;36m[K^[m[K
[2.169s] In file included from [01m[K/usr/include/c++/9/bits/unique_ptr.h:37[m[K,
[2.170s]                  from [01m[K/usr/include/c++/9/memory:80[m[K,
[2.170s]                  from [01m[K/ros2_test/AD_Middle_Test/ros2/src/simple_s/src/listener.cpp:1[m[K:
[2.176s] [01m[K/usr/include/c++/9/tuple:1451:5:[m[K [01;36m[Knote: [m[Kcandidate: â€˜[01m[Ktemplate<class ... _TElements, class ... _UElements> constexpr bool std::operator>(const std::tuple<_Tps ...>&, const std::tuple<_Elements ...>&)[m[Kâ€™
[2.176s]  1451 |     [01;36m[Koperator[m[K>(const tuple<_TElements...>& __t,
[2.176s]       |     [01;36m[K^~~~~~~~[m[K
[2.177s] [01m[K/usr/include/c++/9/tuple:1451:5:[m[K [01;36m[Knote: [m[K  template argument deduction/substitution failed:
[2.177s] [01m[K/ros2_test/AD_Middle_Test/ros2/src/simple_s/src/listener.cpp:60:120:[m[K [01;36m[Knote: [m[K  â€˜[01m[Kmessage_filters::Subscriber<test_interfaces::msg::Test_<std::allocator<void> > >[m[Kâ€™ is not derived from â€˜[01m[Kconst std::tuple<_Elements ...>[m[Kâ€™
[2.177s]    60 |    this->sync=make_shared<Sychronizer<test_interfaces::msg::Test,test_interfaces::msg::Test>>(myP,this->sub1,this->sub2[01;36m[K)[m[K;
[2.177s]       |                                                                                                                        [01;36m[K^[m[K
[2.177s] In file included from [01m[K/usr/include/c++/9/memory:80[m[K,
[2.177s]                  from [01m[K/ros2_test/AD_Middle_Test/ros2/src/simple_s/src/listener.cpp:1[m[K:
[2.177s] [01m[K/usr/include/c++/9/bits/unique_ptr.h:790:5:[m[K [01;36m[Knote: [m[Kcandidate: â€˜[01m[Ktemplate<class _Tp, class _Dp, class _Up, class _Ep> bool std::operator>(const std::unique_ptr<_Tp, _Dp>&, const std::unique_ptr<_Up, _Ep>&)[m[Kâ€™
[2.178s]   790 |     [01;36m[Koperator[m[K>(const unique_ptr<_Tp, _Dp>& __x,
[2.178s]       |     [01;36m[K^~~~~~~~[m[K
[2.178s] [01m[K/usr/include/c++/9/bits/unique_ptr.h:790:5:[m[K [01;36m[Knote: [m[K  template argument deduction/substitution failed:
[2.178s] [01m[K/ros2_test/AD_Middle_Test/ros2/src/simple_s/src/listener.cpp:60:120:[m[K [01;36m[Knote: [m[K  â€˜[01m[Kmessage_filters::Subscriber<test_interfaces::msg::Test_<std::allocator<void> > >[m[Kâ€™ is not derived from â€˜[01m[Kconst std::unique_ptr<_Up, _Ep>[m[Kâ€™
[2.178s]    60 |    this->sync=make_shared<Sychronizer<test_interfaces::msg::Test,test_interfaces::msg::Test>>(myP,this->sub1,this->sub2[01;36m[K)[m[K;
[2.178s]       |                                                                                                                        [01;36m[K^[m[K
[2.178s] In file included from [01m[K/usr/include/c++/9/memory:80[m[K,
[2.179s]                  from [01m[K/ros2_test/AD_Middle_Test/ros2/src/simple_s/src/listener.cpp:1[m[K:
[2.179s] [01m[K/usr/include/c++/9/bits/unique_ptr.h:796:5:[m[K [01;36m[Knote: [m[Kcandidate: â€˜[01m[Ktemplate<class _Tp, class _Dp> bool std::operator>(const std::unique_ptr<_Tp, _Dp>&, std::nullptr_t)[m[Kâ€™
[2.179s]   796 |     [01;36m[Koperator[m[K>(const unique_ptr<_Tp, _Dp>& __x, nullptr_t)
[2.179s]       |     [01;36m[K^~~~~~~~[m[K
[2.179s] [01m[K/usr/include/c++/9/bits/unique_ptr.h:796:5:[m[K [01;36m[Knote: [m[K  template argument deduction/substitution failed:
[2.179s] [01m[K/ros2_test/AD_Middle_Test/ros2/src/simple_s/src/listener.cpp:60:120:[m[K [01;36m[Knote: [m[K  couldnâ€™t deduce template parameter â€˜[01m[K_Tp[m[Kâ€™
[2.179s]    60 |    this->sync=make_shared<Sychronizer<test_interfaces::msg::Test,test_interfaces::msg::Test>>(myP,this->sub1,this->sub2[01;36m[K)[m[K;
[2.179s]       |                                                                                                                        [01;36m[K^[m[K
[2.180s] In file included from [01m[K/usr/include/c++/9/memory:80[m[K,
[2.180s]                  from [01m[K/ros2_test/AD_Middle_Test/ros2/src/simple_s/src/listener.cpp:1[m[K:
[2.180s] [01m[K/usr/include/c++/9/bits/unique_ptr.h:802:5:[m[K [01;36m[Knote: [m[Kcandidate: â€˜[01m[Ktemplate<class _Tp, class _Dp> bool std::operator>(std::nullptr_t, const std::unique_ptr<_Tp, _Dp>&)[m[Kâ€™
[2.180s]   802 |     [01;36m[Koperator[m[K>(nullptr_t, const unique_ptr<_Tp, _Dp>& __x)
[2.180s]       |     [01;36m[K^~~~~~~~[m[K
[2.180s] [01m[K/usr/include/c++/9/bits/unique_ptr.h:802:5:[m[K [01;36m[Knote: [m[K  template argument deduction/substitution failed:
[2.180s] [01m[K/ros2_test/AD_Middle_Test/ros2/src/simple_s/src/listener.cpp:60:120:[m[K [01;36m[Knote: [m[K  â€˜[01m[Kmessage_filters::Subscriber<test_interfaces::msg::Test_<std::allocator<void> > >[m[Kâ€™ is not derived from â€˜[01m[Kconst std::unique_ptr<_Tp, _Dp>[m[Kâ€™
[2.181s]    60 |    this->sync=make_shared<Sychronizer<test_interfaces::msg::Test,test_interfaces::msg::Test>>(myP,this->sub1,this->sub2[01;36m[K)[m[K;
[2.181s]       |                                                                                                                        [01;36m[K^[m[K
[2.181s] In file included from [01m[K/usr/include/c++/9/bits/shared_ptr.h:52[m[K,
[2.181s]                  from [01m[K/usr/include/c++/9/memory:81[m[K,
[2.181s]                  from [01m[K/ros2_test/AD_Middle_Test/ros2/src/simple_s/src/listener.cpp:1[m[K:
[2.181s] [01m[K/usr/include/c++/9/bits/shared_ptr_base.h:1487:5:[m[K [01;36m[Knote: [m[Kcandidate: â€˜[01m[Ktemplate<class _Tp1, class _Tp2, __gnu_cxx::_Lock_policy _Lp> bool std::operator>(const std::__shared_ptr<_Tp1, _Lp>&, const std::__shared_ptr<_Tp2, _Lp>&)[m[Kâ€™
[2.181s]  1487 |     [01;36m[Koperator[m[K>(const __shared_ptr<_Tp1, _Lp>& __a,
[2.182s]       |     [01;36m[K^~~~~~~~[m[K
[2.182s] [01m[K/usr/include/c++/9/bits/shared_ptr_base.h:1487:5:[m[K [01;36m[Knote: [m[K  template argument deduction/substitution failed:
[2.182s] [01m[K/ros2_test/AD_Middle_Test/ros2/src/simple_s/src/listener.cpp:60:120:[m[K [01;36m[Knote: [m[K  â€˜[01m[Kmessage_filters::Subscriber<test_interfaces::msg::Test_<std::allocator<void> > >[m[Kâ€™ is not derived from â€˜[01m[Kconst std::__shared_ptr<_Tp2, _Lp>[m[Kâ€™
[2.182s]    60 |    this->sync=make_shared<Sychronizer<test_interfaces::msg::Test,test_interfaces::msg::Test>>(myP,this->sub1,this->sub2[01;36m[K)[m[K;
[2.182s]       |                                                                                                                        [01;36m[K^[m[K
[2.182s] In file included from [01m[K/usr/include/c++/9/bits/shared_ptr.h:52[m[K,
[2.182s]                  from [01m[K/usr/include/c++/9/memory:81[m[K,
[2.182s]                  from [01m[K/ros2_test/AD_Middle_Test/ros2/src/simple_s/src/listener.cpp:1[m[K:
[2.183s] [01m[K/usr/include/c++/9/bits/shared_ptr_base.h:1493:5:[m[K [01;36m[Knote: [m[Kcandidate: â€˜[01m[Ktemplate<class _Tp, __gnu_cxx::_Lock_policy _Lp> bool std::operator>(const std::__shared_ptr<_Tp, _Lp>&, std::nullptr_t)[m[Kâ€™
[2.183s]  1493 |     [01;36m[Koperator[m[K>(const __shared_ptr<_Tp, _Lp>& __a, nullptr_t) noexcept
[2.183s]       |     [01;36m[K^~~~~~~~[m[K
[2.183s] [01m[K/usr/include/c++/9/bits/shared_ptr_base.h:1493:5:[m[K [01;36m[Knote: [m[K  template argument deduction/substitution failed:
[2.183s] [01m[K/ros2_test/AD_Middle_Test/ros2/src/simple_s/src/listener.cpp:60:120:[m[K [01;36m[Knote: [m[K  couldnâ€™t deduce template parameter â€˜[01m[K_Tp[m[Kâ€™
[2.183s]    60 |    this->sync=make_shared<Sychronizer<test_interfaces::msg::Test,test_interfaces::msg::Test>>(myP,this->sub1,this->sub2[01;36m[K)[m[K;
[2.183s]       |                                                                                                                        [01;36m[K^[m[K
[2.184s] In file included from [01m[K/usr/include/c++/9/bits/shared_ptr.h:52[m[K,
[2.184s]                  from [01m[K/usr/include/c++/9/memory:81[m[K,
[2.184s]                  from [01m[K/ros2_test/AD_Middle_Test/ros2/src/simple_s/src/listener.cpp:1[m[K:
[2.184s] [01m[K/usr/include/c++/9/bits/shared_ptr_base.h:1498:5:[m[K [01;36m[Knote: [m[Kcandidate: â€˜[01m[Ktemplate<class _Tp, __gnu_cxx::_Lock_policy _Lp> bool std::operator>(std::nullptr_t, const std::__shared_ptr<_Tp, _Lp>&)[m[Kâ€™
[2.184s]  1498 |     [01;36m[Koperator[m[K>(nullptr_t, const __shared_ptr<_Tp, _Lp>& __a) noexcept
[2.184s]       |     [01;36m[K^~~~~~~~[m[K
[2.185s] [01m[K/usr/include/c++/9/bits/shared_ptr_base.h:1498:5:[m[K [01;36m[Knote: [m[K  template argument deduction/substitution failed:
[2.185s] [01m[K/ros2_test/AD_Middle_Test/ros2/src/simple_s/src/listener.cpp:60:120:[m[K [01;36m[Knote: [m[K  â€˜[01m[Kmessage_filters::Subscriber<test_interfaces::msg::Test_<std::allocator<void> > >[m[Kâ€™ is not derived from â€˜[01m[Kconst std::__shared_ptr<_Tp, _Lp>[m[Kâ€™
[2.185s]    60 |    this->sync=make_shared<Sychronizer<test_interfaces::msg::Test,test_interfaces::msg::Test>>(myP,this->sub1,this->sub2[01;36m[K)[m[K;
[2.185s]       |                                                                                                                        [01;36m[K^[m[K
[2.185s] In file included from [01m[K/usr/include/c++/9/memory:81[m[K,
[2.185s]                  from [01m[K/ros2_test/AD_Middle_Test/ros2/src/simple_s/src/listener.cpp:1[m[K:
[2.185s] [01m[K/usr/include/c++/9/bits/shared_ptr.h:454:5:[m[K [01;36m[Knote: [m[Kcandidate: â€˜[01m[Ktemplate<class _Tp, class _Up> bool std::operator>(const std::shared_ptr<_Tp>&, const std::shared_ptr<_Tp>&)[m[Kâ€™
[2.185s]   454 |     [01;36m[Koperator[m[K>(const shared_ptr<_Tp>& __a, const shared_ptr<_Up>& __b) noexcept
[2.186s]       |     [01;36m[K^~~~~~~~[m[K
[2.186s] [01m[K/usr/include/c++/9/bits/shared_ptr.h:454:5:[m[K [01;36m[Knote: [m[K  template argument deduction/substitution failed:
[2.186s] [01m[K/ros2_test/AD_Middle_Test/ros2/src/simple_s/src/listener.cpp:60:120:[m[K [01;36m[Knote: [m[K  â€˜[01m[Kmessage_filters::Subscriber<test_interfaces::msg::Test_<std::allocator<void> > >[m[Kâ€™ is not derived from â€˜[01m[Kconst std::shared_ptr<_Tp>[m[Kâ€™
[2.186s]    60 |    this->sync=make_shared<Sychronizer<test_interfaces::msg::Test,test_interfaces::msg::Test>>(myP,this->sub1,this->sub2[01;36m[K)[m[K;
[2.186s]       |                                                                                                                        [01;36m[K^[m[K
[2.186s] In file included from [01m[K/usr/include/c++/9/memory:81[m[K,
[2.186s]                  from [01m[K/ros2_test/AD_Middle_Test/ros2/src/simple_s/src/listener.cpp:1[m[K:
[2.187s] [01m[K/usr/include/c++/9/bits/shared_ptr.h:459:5:[m[K [01;36m[Knote: [m[Kcandidate: â€˜[01m[Ktemplate<class _Tp> bool std::operator>(const std::shared_ptr<_Tp>&, std::nullptr_t)[m[Kâ€™
[2.187s]   459 |     [01;36m[Koperator[m[K>(const shared_ptr<_Tp>& __a, nullptr_t) noexcept
[2.187s]       |     [01;36m[K^~~~~~~~[m[K
[2.187s] [01m[K/usr/include/c++/9/bits/shared_ptr.h:459:5:[m[K [01;36m[Knote: [m[K  template argument deduction/substitution failed:
[2.187s] [01m[K/ros2_test/AD_Middle_Test/ros2/src/simple_s/src/listener.cpp:60:120:[m[K [01;36m[Knote: [m[K  couldnâ€™t deduce template parameter â€˜[01m[K_Tp[m[Kâ€™
[2.187s]    60 |    this->sync=make_shared<Sychronizer<test_interfaces::msg::Test,test_interfaces::msg::Test>>(myP,this->sub1,this->sub2[01;36m[K)[m[K;
[2.187s]       |                                                                                                                        [01;36m[K^[m[K
[2.188s] In file included from [01m[K/usr/include/c++/9/memory:81[m[K,
[2.188s]                  from [01m[K/ros2_test/AD_Middle_Test/ros2/src/simple_s/src/listener.cpp:1[m[K:
[2.188s] [01m[K/usr/include/c++/9/bits/shared_ptr.h:464:5:[m[K [01;36m[Knote: [m[Kcandidate: â€˜[01m[Ktemplate<class _Tp> bool std::operator>(std::nullptr_t, const std::shared_ptr<_Tp>&)[m[Kâ€™
[2.188s]   464 |     [01;36m[Koperator[m[K>(nullptr_t, const shared_ptr<_Tp>& __a) noexcept
[2.188s]       |     [01;36m[K^~~~~~~~[m[K
[2.188s] [01m[K/usr/include/c++/9/bits/shared_ptr.h:464:5:[m[K [01;36m[Knote: [m[K  template argument deduction/substitution failed:
[2.188s] [01m[K/ros2_test/AD_Middle_Test/ros2/src/simple_s/src/listener.cpp:60:120:[m[K [01;36m[Knote: [m[K  â€˜[01m[Kmessage_filters::Subscriber<test_interfaces::msg::Test_<std::allocator<void> > >[m[Kâ€™ is not derived from â€˜[01m[Kconst std::shared_ptr<_Tp>[m[Kâ€™
[2.188s]    60 |    this->sync=make_shared<Sychronizer<test_interfaces::msg::Test,test_interfaces::msg::Test>>(myP,this->sub1,this->sub2[01;36m[K)[m[K;
[2.189s]       |                                                                                                                        [01;36m[K^[m[K
[2.189s] In file included from [01m[K/usr/include/c++/9/vector:67[m[K,
[2.189s]                  from [01m[K/ros2_test/AD_Middle_Test/ros2/src/simple_s/src/listener.cpp:2[m[K:
[2.189s] [01m[K/usr/include/c++/9/bits/stl_vector.h:1918:5:[m[K [01;36m[Knote: [m[Kcandidate: â€˜[01m[Ktemplate<class _Tp, class _Alloc> bool std::operator>(const std::vector<_Tp, _Alloc>&, const std::vector<_Tp, _Alloc>&)[m[Kâ€™
[2.189s]  1918 |     [01;36m[Koperator[m[K>(const vector<_Tp, _Alloc>& __x, const vector<_Tp, _Alloc>& __y)
[2.189s]       |     [01;36m[K^~~~~~~~[m[K
[2.189s] [01m[K/usr/include/c++/9/bits/stl_vector.h:1918:5:[m[K [01;36m[Knote: [m[K  template argument deduction/substitution failed:
[2.190s] [01m[K/ros2_test/AD_Middle_Test/ros2/src/simple_s/src/listener.cpp:60:120:[m[K [01;36m[Knote: [m[K  â€˜[01m[Kmessage_filters::Subscriber<test_interfaces::msg::Test_<std::allocator<void> > >[m[Kâ€™ is not derived from â€˜[01m[Kconst std::vector<_Tp, _Alloc>[m[Kâ€™
[2.190s]    60 |    this->sync=make_shared<Sychronizer<test_interfaces::msg::Test,test_interfaces::msg::Test>>(myP,this->sub1,this->sub2[01;36m[K)[m[K;
[2.190s]       |                                                                                                                        [01;36m[K^[m[K
[2.190s] In file included from [01m[K/usr/include/c++/9/future:39[m[K,
[2.190s]                  from [01m[K/opt/ros/foxy/include/rclcpp/executors.hpp:18[m[K,
[2.190s]                  from [01m[K/opt/ros/foxy/include/rclcpp/rclcpp.hpp:145[m[K,
[2.190s]                  from [01m[K/opt/ros/foxy/include/message_filters/subscriber.h:38[m[K,
[2.191s]                  from [01m[K/ros2_test/AD_Middle_Test/ros2/src/simple_s/src/listener.cpp:5[m[K:
[2.191s] [01m[K/usr/include/c++/9/thread:302:3:[m[K [01;36m[Knote: [m[Kcandidate: â€˜[01m[Kbool std::operator>(std::thread::id, std::thread::id)[m[Kâ€™
[2.210s]   302 |   [01;36m[Koperator[m[K>(thread::id __x, thread::id __y) noexcept
[2.210s]       |   [01;36m[K^~~~~~~~[m[K
[2.210s] [01m[K/usr/include/c++/9/thread:302:24:[m[K [01;36m[Knote: [m[K  no known conversion for argument 1 from â€˜[01m[K<unresolved overloaded function type>[m[Kâ€™ to â€˜[01m[Kstd::thread::id[m[Kâ€™
[2.210s]   302 |   operator>([01;36m[Kthread::id __x[m[K, thread::id __y) noexcept
[2.210s]       |             [01;36m[K~~~~~~~~~~~^~~[m[K
[2.210s] In file included from [01m[K/usr/include/c++/9/set:61[m[K,
[2.210s]                  from [01m[K/opt/ros/foxy/include/rclcpp/executors/multi_threaded_executor.hpp:21[m[K,
[2.211s]                  from [01m[K/opt/ros/foxy/include/rclcpp/executors.hpp:21[m[K,
[2.211s]                  from [01m[K/opt/ros/foxy/include/rclcpp/rclcpp.hpp:145[m[K,
[2.211s]                  from [01m[K/opt/ros/foxy/include/message_filters/subscriber.h:38[m[K,
[2.211s]                  from [01m[K/ros2_test/AD_Middle_Test/ros2/src/simple_s/src/listener.cpp:5[m[K:
[2.211s] [01m[K/usr/include/c++/9/bits/stl_set.h:1010:5:[m[K [01;36m[Knote: [m[Kcandidate: â€˜[01m[Ktemplate<class _Key, class _Compare, class _Alloc> bool std::operator>(const std::set<_Key, _Compare, _Alloc>&, const std::set<_Key, _Compare, _Alloc>&)[m[Kâ€™
[2.211s]  1010 |     [01;36m[Koperator[m[K>(const set<_Key, _Compare, _Alloc>& __x,
[2.211s]       |     [01;36m[K^~~~~~~~[m[K
[2.211s] [01m[K/usr/include/c++/9/bits/stl_set.h:1010:5:[m[K [01;36m[Knote: [m[K  template argument deduction/substitution failed:
[2.212s] [01m[K/ros2_test/AD_Middle_Test/ros2/src/simple_s/src/listener.cpp:60:120:[m[K [01;36m[Knote: [m[K  â€˜[01m[Kmessage_filters::Subscriber<test_interfaces::msg::Test_<std::allocator<void> > >[m[Kâ€™ is not derived from â€˜[01m[Kconst std::set<_Key, _Compare, _Alloc>[m[Kâ€™
[2.212s]    60 |    this->sync=make_shared<Sychronizer<test_interfaces::msg::Test,test_interfaces::msg::Test>>(myP,this->sub1,this->sub2[01;36m[K)[m[K;
[2.212s]       |                                                                                                                        [01;36m[K^[m[K
[2.212s] In file included from [01m[K/usr/include/c++/9/set:62[m[K,
[2.212s]                  from [01m[K/opt/ros/foxy/include/rclcpp/executors/multi_threaded_executor.hpp:21[m[K,
[2.212s]                  from [01m[K/opt/ros/foxy/include/rclcpp/executors.hpp:21[m[K,
[2.212s]                  from [01m[K/opt/ros/foxy/include/rclcpp/rclcpp.hpp:145[m[K,
[2.213s]                  from [01m[K/opt/ros/foxy/include/message_filters/subscriber.h:38[m[K,
[2.213s]                  from [01m[K/ros2_test/AD_Middle_Test/ros2/src/simple_s/src/listener.cpp:5[m[K:
[2.213s] [01m[K/usr/include/c++/9/bits/stl_multiset.h:995:5:[m[K [01;36m[Knote: [m[Kcandidate: â€˜[01m[Ktemplate<class _Key, class _Compare, class _Alloc> bool std::operator>(const std::multiset<_Key, _Compare, _Alloc>&, const std::multiset<_Key, _Compare, _Alloc>&)[m[Kâ€™
[2.213s]   995 |     [01;36m[Koperator[m[K>(const multiset<_Key,_Compare,_Alloc>& __x,
[2.213s]       |     [01;36m[K^~~~~~~~[m[K
[2.213s] [01m[K/usr/include/c++/9/bits/stl_multiset.h:995:5:[m[K [01;36m[Knote: [m[K  template argument deduction/substitution failed:
[2.213s] [01m[K/ros2_test/AD_Middle_Test/ros2/src/simple_s/src/listener.cpp:60:120:[m[K [01;36m[Knote: [m[K  â€˜[01m[Kmessage_filters::Subscriber<test_interfaces::msg::Test_<std::allocator<void> > >[m[Kâ€™ is not derived from â€˜[01m[Kconst std::multiset<_Key, _Compare, _Alloc>[m[Kâ€™
[2.214s]    60 |    this->sync=make_shared<Sychronizer<test_interfaces::msg::Test,test_interfaces::msg::Test>>(myP,this->sub1,this->sub2[01;36m[K)[m[K;
[2.214s]       |                                                                                                                        [01;36m[K^[m[K
[2.214s] In file included from [01m[K/usr/include/c++/9/list:63[m[K,
[2.214s]                  from [01m[K/opt/ros/foxy/include/rclcpp/executor.hpp:23[m[K,
[2.214s]                  from [01m[K/opt/ros/foxy/include/rclcpp/executors/multi_threaded_executor.hpp:25[m[K,
[2.214s]                  from [01m[K/opt/ros/foxy/include/rclcpp/executors.hpp:21[m[K,
[2.214s]                  from [01m[K/opt/ros/foxy/include/rclcpp/rclcpp.hpp:145[m[K,
[2.215s]                  from [01m[K/opt/ros/foxy/include/message_filters/subscriber.h:38[m[K,
[2.215s]                  from [01m[K/ros2_test/AD_Middle_Test/ros2/src/simple_s/src/listener.cpp:5[m[K:
[2.215s] [01m[K/usr/include/c++/9/bits/stl_list.h:2038:5:[m[K [01;36m[Knote: [m[Kcandidate: â€˜[01m[Ktemplate<class _Tp, class _Alloc> bool std::operator>(const std::__cxx11::list<_Tp, _Alloc>&, const std::__cxx11::list<_Tp, _Alloc>&)[m[Kâ€™
[2.215s]  2038 |     [01;36m[Koperator[m[K>(const list<_Tp, _Alloc>& __x, const list<_Tp, _Alloc>& __y)
[2.215s]       |     [01;36m[K^~~~~~~~[m[K
[2.215s] [01m[K/usr/include/c++/9/bits/stl_list.h:2038:5:[m[K [01;36m[Knote: [m[K  template argument deduction/substitution failed:
[2.215s] [01m[K/ros2_test/AD_Middle_Test/ros2/src/simple_s/src/listener.cpp:60:120:[m[K [01;36m[Knote: [m[K  â€˜[01m[Kmessage_filters::Subscriber<test_interfaces::msg::Test_<std::allocator<void> > >[m[Kâ€™ is not derived from â€˜[01m[Kconst std::__cxx11::list<_Tp, _Alloc>[m[Kâ€™
[2.215s]    60 |    this->sync=make_shared<Sychronizer<test_interfaces::msg::Test,test_interfaces::msg::Test>>(myP,this->sub1,this->sub2[01;36m[K)[m[K;
[2.216s]       |                                                                                                                        [01;36m[K^[m[K
[2.216s] In file included from [01m[K/usr/include/c++/9/map:61[m[K,
[2.216s]                  from [01m[K/opt/ros/foxy/include/rclcpp/client.hpp:20[m[K,
[2.216s]                  from [01m[K/opt/ros/foxy/include/rclcpp/callback_group.hpp:23[m[K,
[2.216s]                  from [01m[K/opt/ros/foxy/include/rclcpp/any_executable.hpp:20[m[K,
[2.216s]                  from [01m[K/opt/ros/foxy/include/rclcpp/memory_strategy.hpp:24[m[K,
[2.216s]                  from [01m[K/opt/ros/foxy/include/rclcpp/memory_strategies.hpp:18[m[K,
[2.217s]                  from [01m[K/opt/ros/foxy/include/rclcpp/executor.hpp:33[m[K,
[2.217s]                  from [01m[K/opt/ros/foxy/include/rclcpp/executors/multi_threaded_executor.hpp:25[m[K,
[2.217s]                  from [01m[K/opt/ros/foxy/include/rclcpp/executors.hpp:21[m[K,
[2.217s]                  from [01m[K/opt/ros/foxy/include/rclcpp/rclcpp.hpp:145[m[K,
[2.217s]                  from [01m[K/opt/ros/foxy/include/message_filters/subscriber.h:38[m[K,
[2.217s]                  from [01m[K/ros2_test/AD_Middle_Test/ros2/src/simple_s/src/listener.cpp:5[m[K:
[2.217s] [01m[K/usr/include/c++/9/bits/stl_map.h:1486:5:[m[K [01;36m[Knote: [m[Kcandidate: â€˜[01m[Ktemplate<class _Key, class _Tp, class _Compare, class _Alloc> bool std::operator>(const std::map<_Key, _Tp, _Compare, _Alloc>&, const std::map<_Key, _Tp, _Compare, _Alloc>&)[m[Kâ€™
[2.218s]  1486 |     [01;36m[Koperator[m[K>(const map<_Key, _Tp, _Compare, _Alloc>& __x,
[2.218s]       |     [01;36m[K^~~~~~~~[m[K
[2.218s] [01m[K/usr/include/c++/9/bits/stl_map.h:1486:5:[m[K [01;36m[Knote: [m[K  template argument deduction/substitution failed:
[2.218s] [01m[K/ros2_test/AD_Middle_Test/ros2/src/simple_s/src/listener.cpp:60:120:[m[K [01;36m[Knote: [m[K  â€˜[01m[Kmessage_filters::Subscriber<test_interfaces::msg::Test_<std::allocator<void> > >[m[Kâ€™ is not derived from â€˜[01m[Kconst std::map<_Key, _Tp, _Compare, _Alloc>[m[Kâ€™
[2.218s]    60 |    this->sync=make_shared<Sychronizer<test_interfaces::msg::Test,test_interfaces::msg::Test>>(myP,this->sub1,this->sub2[01;36m[K)[m[K;
[2.218s]       |                                                                                                                        [01;36m[K^[m[K
[2.218s] In file included from [01m[K/usr/include/c++/9/map:62[m[K,
[2.218s]                  from [01m[K/opt/ros/foxy/include/rclcpp/client.hpp:20[m[K,
[2.219s]                  from [01m[K/opt/ros/foxy/include/rclcpp/callback_group.hpp:23[m[K,
[2.219s]                  from [01m[K/opt/ros/foxy/include/rclcpp/any_executable.hpp:20[m[K,
[2.219s]                  from [01m[K/opt/ros/foxy/include/rclcpp/memory_strategy.hpp:24[m[K,
[2.219s]                  from [01m[K/opt/ros/foxy/include/rclcpp/memory_strategies.hpp:18[m[K,
[2.219s]                  from [01m[K/opt/ros/foxy/include/rclcpp/executor.hpp:33[m[K,
[2.219s]                  from [01m[K/opt/ros/foxy/include/rclcpp/executors/multi_threaded_executor.hpp:25[m[K,
[2.219s]                  from [01m[K/opt/ros/foxy/include/rclcpp/executors.hpp:21[m[K,
[2.220s]                  from [01m[K/opt/ros/foxy/include/rclcpp/rclcpp.hpp:145[m[K,
[2.220s]                  from [01m[K/opt/ros/foxy/include/message_filters/subscriber.h:38[m[K,
[2.220s]                  from [01m[K/ros2_test/AD_Middle_Test/ros2/src/simple_s/src/listener.cpp:5[m[K:
[2.220s] [01m[K/usr/include/c++/9/bits/stl_multimap.h:1150:5:[m[K [01;36m[Knote: [m[Kcandidate: â€˜[01m[Ktemplate<class _Key, class _Tp, class _Compare, class _Alloc> bool std::operator>(const std::multimap<_Key, _Tp, _Compare, _Alloc>&, const std::multimap<_Key, _Tp, _Compare, _Alloc>&)[m[Kâ€™
[2.220s]  1150 |     [01;36m[Koperator[m[K>(const multimap<_Key, _Tp, _Compare, _Alloc>& __x,
[2.220s]       |     [01;36m[K^~~~~~~~[m[K
[2.220s] [01m[K/usr/include/c++/9/bits/stl_multimap.h:1150:5:[m[K [01;36m[Knote: [m[K  template argument deduction/substitution failed:
[2.221s] [01m[K/ros2_test/AD_Middle_Test/ros2/src/simple_s/src/listener.cpp:60:120:[m[K [01;36m[Knote: [m[K  â€˜[01m[Kmessage_filters::Subscriber<test_interfaces::msg::Test_<std::allocator<void> > >[m[Kâ€™ is not derived from â€˜[01m[Kconst std::multimap<_Key, _Tp, _Compare, _Alloc>[m[Kâ€™
[2.221s]    60 |    this->sync=make_shared<Sychronizer<test_interfaces::msg::Test,test_interfaces::msg::Test>>(myP,this->sub1,this->sub2[01;36m[K)[m[K;
[2.221s]       |                                                                                                                        [01;36m[K^[m[K
[2.221s] In file included from [01m[K/usr/include/c++/9/deque:67[m[K,
[2.221s]                  from [01m[K/opt/ros/foxy/include/message_filters/synchronizer.h:38[m[K,
[2.221s]                  from [01m[K/ros2_test/AD_Middle_Test/ros2/src/simple_s/src/listener.cpp:6[m[K:
[2.221s] [01m[K/usr/include/c++/9/bits/stl_deque.h:327:5:[m[K [01;36m[Knote: [m[Kcandidate: â€˜[01m[Ktemplate<class _Tp, class _Ref, class _Ptr> bool std::operator>(const std::_Deque_iterator<_Tp, _Ref, _Ptr>&, const std::_Deque_iterator<_Tp, _Ref, _Ptr>&)[m[Kâ€™
[2.221s]   327 |     [01;36m[Koperator[m[K>(const _Deque_iterator<_Tp, _Ref, _Ptr>& __x,
[2.222s]       |     [01;36m[K^~~~~~~~[m[K
[2.222s] [01m[K/usr/include/c++/9/bits/stl_deque.h:327:5:[m[K [01;36m[Knote: [m[K  template argument deduction/substitution failed:
[2.222s] [01m[K/ros2_test/AD_Middle_Test/ros2/src/simple_s/src/listener.cpp:60:120:[m[K [01;36m[Knote: [m[K  â€˜[01m[Kmessage_filters::Subscriber<test_interfaces::msg::Test_<std::allocator<void> > >[m[Kâ€™ is not derived from â€˜[01m[Kconst std::_Deque_iterator<_Tp, _Ref, _Ptr>[m[Kâ€™
[2.222s]    60 |    this->sync=make_shared<Sychronizer<test_interfaces::msg::Test,test_interfaces::msg::Test>>(myP,this->sub1,this->sub2[01;36m[K)[m[K;
[2.222s]       |                                                                                                                        [01;36m[K^[m[K
[2.222s] In file included from [01m[K/usr/include/c++/9/deque:67[m[K,
[2.222s]                  from [01m[K/opt/ros/foxy/include/message_filters/synchronizer.h:38[m[K,
[2.223s]                  from [01m[K/ros2_test/AD_Middle_Test/ros2/src/simple_s/src/listener.cpp:6[m[K:
[2.239s] [01m[K/usr/include/c++/9/bits/stl_deque.h:334:5:[m[K [01;36m[Knote: [m[Kcandidate: â€˜[01m[Ktemplate<class _Tp, class _RefL, class _PtrL, class _RefR, class _PtrR> bool std::operator>(const std::_Deque_iterator<_Tp, _Ref, _Ptr>&, const std::_Deque_iterator<_Tp, _RefR, _PtrR>&)[m[Kâ€™
[2.239s]   334 |     [01;36m[Koperator[m[K>(const _Deque_iterator<_Tp, _RefL, _PtrL>& __x,
[2.239s]       |     [01;36m[K^~~~~~~~[m[K
[2.239s] [01m[K/usr/include/c++/9/bits/stl_deque.h:334:5:[m[K [01;36m[Knote: [m[K  template argument deduction/substitution failed:
[2.239s] [01m[K/ros2_test/AD_Middle_Test/ros2/src/simple_s/src/listener.cpp:60:120:[m[K [01;36m[Knote: [m[K  â€˜[01m[Kmessage_filters::Subscriber<test_interfaces::msg::Test_<std::allocator<void> > >[m[Kâ€™ is not derived from â€˜[01m[Kconst std::_Deque_iterator<_Tp, _RefR, _PtrR>[m[Kâ€™
[2.240s]    60 |    this->sync=make_shared<Sychronizer<test_interfaces::msg::Test,test_interfaces::msg::Test>>(myP,this->sub1,this->sub2[01;36m[K)[m[K;
[2.240s]       |                                                                                                                        [01;36m[K^[m[K
[2.240s] In file included from [01m[K/usr/include/c++/9/deque:67[m[K,
[2.240s]                  from [01m[K/opt/ros/foxy/include/message_filters/synchronizer.h:38[m[K,
[2.240s]                  from [01m[K/ros2_test/AD_Middle_Test/ros2/src/simple_s/src/listener.cpp:6[m[K:
[2.240s] [01m[K/usr/include/c++/9/bits/stl_deque.h:2345:5:[m[K [01;36m[Knote: [m[Kcandidate: â€˜[01m[Ktemplate<class _Tp, class _Alloc> bool std::operator>(const std::deque<_Tp, _Alloc>&, const std::deque<_Tp, _Alloc>&)[m[Kâ€™
[2.240s]  2345 |     [01;36m[Koperator[m[K>(const deque<_Tp, _Alloc>& __x,
[2.240s]       |     [01;36m[K^~~~~~~~[m[K
[2.241s] [01m[K/usr/include/c++/9/bits/stl_deque.h:2345:5:[m[K [01;36m[Knote: [m[K  template argument deduction/substitution failed:
[2.241s] [01m[K/ros2_test/AD_Middle_Test/ros2/src/simple_s/src/listener.cpp:60:120:[m[K [01;36m[Knote: [m[K  â€˜[01m[Kmessage_filters::Subscriber<test_interfaces::msg::Test_<std::allocator<void> > >[m[Kâ€™ is not derived from â€˜[01m[Kconst std::deque<_Tp, _Alloc>[m[Kâ€™
[2.241s]    60 |    this->sync=make_shared<Sychronizer<test_interfaces::msg::Test,test_interfaces::msg::Test>>(myP,this->sub1,this->sub2[01;36m[K)[m[K;
[2.241s]       |                                                                                                                        [01;36m[K^[m[K
[2.241s] [01m[K/ros2_test/AD_Middle_Test/ros2/src/simple_s/src/listener.cpp:61:10:[m[K [01;31m[Kerror: [m[Kâ€˜[01m[Kclass MinimalSubscriber[m[Kâ€™ has no member named â€˜[01m[Ksync[m[Kâ€™
[2.241s]    61 |    this->[01;31m[Ksync[m[K->registerCallback(std::bind(&MinimalSubscriber::topic_callback2,_1,_2));
[2.241s]       |          [01;31m[K^~~~[m[K
[2.242s] In file included from [01m[K/opt/ros/foxy/include/rclcpp/context.hpp:19[m[K,
[2.242s]                  from [01m[K/opt/ros/foxy/include/rclcpp/contexts/default_context.hpp:18[m[K,
[2.242s]                  from [01m[K/opt/ros/foxy/include/rclcpp/executor.hpp:32[m[K,
[2.242s]                  from [01m[K/opt/ros/foxy/include/rclcpp/executors/multi_threaded_executor.hpp:25[m[K,
[2.242s]                  from [01m[K/opt/ros/foxy/include/rclcpp/executors.hpp:21[m[K,
[2.242s]                  from [01m[K/opt/ros/foxy/include/rclcpp/rclcpp.hpp:145[m[K,
[2.242s]                  from [01m[K/opt/ros/foxy/include/message_filters/subscriber.h:38[m[K,
[2.243s]                  from [01m[K/ros2_test/AD_Middle_Test/ros2/src/simple_s/src/listener.cpp:5[m[K:
[2.243s] /usr/include/c++/9/functional: In instantiation of â€˜[01m[Kstruct std::_Bind_check_arity<void (MinimalSubscriber::*)(const std::shared_ptr<test_interfaces::msg::Test_<std::allocator<void> > >&, const std::shared_ptr<test_interfaces::msg::Test_<std::allocator<void> > >&), const std::_Placeholder<1>&, const std::_Placeholder<2>&>[m[Kâ€™:
[2.243s] [01m[K/usr/include/c++/9/functional:787:12:[m[K   required from â€˜[01m[Kstruct std::_Bind_helper<false, void (MinimalSubscriber::*)(const std::shared_ptr<test_interfaces::msg::Test_<std::allocator<void> > >&, const std::shared_ptr<test_interfaces::msg::Test_<std::allocator<void> > >&), const std::_Placeholder<1>&, const std::_Placeholder<2>&>[m[Kâ€™
[2.243s] [01m[K/usr/include/c++/9/functional:808:5:[m[K   required by substitution of â€˜[01m[Ktemplate<class _Func, class ... _BoundArgs> typename std::_Bind_helper<std::__is_socketlike<_Func>::value, _Func, _BoundArgs ...>::type std::bind(_Func&&, _BoundArgs&& ...) [with _Func = void (MinimalSubscriber::*)(const std::shared_ptr<test_interfaces::msg::Test_<std::allocator<void> > >&, const std::shared_ptr<test_interfaces::msg::Test_<std::allocator<void> > >&); _BoundArgs = {const std::_Placeholder<1>&, const std::_Placeholder<2>&}][m[Kâ€™
[2.243s] [01m[K/ros2_test/AD_Middle_Test/ros2/src/simple_s/src/listener.cpp:61:84:[m[K   required from here
[2.243s] [01m[K/usr/include/c++/9/functional:775:7:[m[K [01;31m[Kerror: [m[Kstatic assertion failed: Wrong number of arguments for pointer-to-member
[2.243s]   774 |       static_assert(_Varargs::[01;31m[Kvalue[m[K
[2.243s]       |                               [01;31m[K~~~~~[m[K
[2.244s]   775 | [01;31m[K      ? sizeof...(_BoundArgs) >= _Arity::value + 1[m[K
[2.244s]       |       [01;31m[K^~~~~~~~~~~~~~~~~~~~~~~~~~~~~~~~~~~~~~~~~~~~[m[K
[2.244s]   776 | [01;31m[K      : sizeof...(_BoundArgs) == _Arity::value + 1[m[K,
[2.244s]       |       [01;31m[K~~~~~~~~~~~~~~~~~~~~~~~~~~~~~~~~~~~~~~~~~~~~[m[K
[3.964s] make[2]: *** [CMakeFiles/listener.dir/build.make:63: CMakeFiles/listener.dir/src/listener.cpp.o] Error 1
[3.964s] make[1]: *** [CMakeFiles/Makefile2:80: CMakeFiles/listener.dir/all] Error 2
[3.964s] make: *** [Makefile:141: all] Error 2
