[2.814s] [01m[K/ros2_test/AD_Middle_Test/ros2/src/simple_s/src/talker.cpp:[m[K In member function â€˜[01m[Kvoid MinimalPublisher::timer_callback()[m[Kâ€™:
[2.814s] [01m[K/ros2_test/AD_Middle_Test/ros2/src/simple_s/src/talker.cpp:23:19:[m[K [01;31m[Kerror: [m[Kâ€˜[01m[Ksimple_s[m[Kâ€™ has not been declared
[2.814s]    23 |    auto message = [01;31m[Ksimple_s[m[K::msg::Test();                               // CHANGE
[2.814s]       |                   [01;31m[K^~~~~~~~[m[K
[3.824s] make[2]: *** [CMakeFiles/talker.dir/build.make:63: CMakeFiles/talker.dir/src/talker.cpp.o] Error 1
[3.825s] make[1]: *** [CMakeFiles/Makefile2:107: CMakeFiles/talker.dir/all] Error 2
[3.825s] make[1]: *** Waiting for unfinished jobs....
[6.295s] make: *** [Makefile:141: all] Error 2
