[0.064s] -- Found ament_cmake: 0.8.1 (/opt/ros/foxy/share/ament_cmake/cmake)
[0.105s] -- Found PythonInterp: /usr/bin/python3 (found suitable version "3.8.2", minimum required is "3") 
[0.105s] -- Using PYTHON_EXECUTABLE: /usr/bin/python3
[0.389s] -- Found rclcpp: 0.8.3 (/opt/ros/foxy/share/rclcpp/cmake)
[0.445s] -- Found rosidl_adapter: 0.8.2 (/opt/ros/foxy/share/rosidl_adapter/cmake)
[0.475s] -- Found rmw_implementation_cmake: 0.8.1 (/opt/ros/foxy/share/rmw_implementation_cmake/cmake)
[0.478s] -- Using RMW implementation 'rmw_fastrtps_cpp' as default
[0.591s] -- Found std_msgs: 0.8.1 (/opt/ros/foxy/share/std_msgs/cmake)
[0.600s] -- Found test_interfaces: 0.0.0 (/ros2_test/AD_Middle_Test/ros2/src/install/test_interfaces/share/test_interfaces/cmake)
[0.662s] -- Found ament_lint_auto: 0.9.1 (/opt/ros/foxy/share/ament_lint_auto/cmake)
[0.773s] -- Added test 'copyright' to check for copyright in CMake / C / C++ / Python code
[0.774s] -- Added test 'cppcheck' to perform static code analysis on C / C++ code
[0.775s] -- Configured cppcheck include dirs: 
[0.776s] -- Added test 'cpplint' to check C / C++ code against the Google style
[0.777s] -- Added test 'lint_cmake' to check CMake code style
[0.779s] -- Added test 'uncrustify' to check C / C++ code style
[0.779s] -- Added test 'xmllint' to check XML markup files
[0.783s] -- Configuring done
[0.813s] -- Generating done
[0.816s] -- Build files have been written to: /ros2_test/AD_Middle_Test/ros2/src/build/simple_s
[0.852s] [35m[1mScanning dependencies of target listener[0m
[0.852s] [35m[1mScanning dependencies of target talker[0m
[0.891s] [ 25%] [32mBuilding CXX object CMakeFiles/talker.dir/src/talker.cpp.o[0m
[0.893s] [ 50%] [32mBuilding CXX object CMakeFiles/listener.dir/src/listener.cpp.o[0m
[2.814s] [01m[K/ros2_test/AD_Middle_Test/ros2/src/simple_s/src/talker.cpp:[m[K In member function â€˜[01m[Kvoid MinimalPublisher::timer_callback()[m[Kâ€™:
[2.814s] [01m[K/ros2_test/AD_Middle_Test/ros2/src/simple_s/src/talker.cpp:23:19:[m[K [01;31m[Kerror: [m[Kâ€˜[01m[Ksimple_s[m[Kâ€™ has not been declared
[2.814s]    23 |    auto message = [01;31m[Ksimple_s[m[K::msg::Test();                               // CHANGE
[2.814s]       |                   [01;31m[K^~~~~~~~[m[K
[3.824s] make[2]: *** [CMakeFiles/talker.dir/build.make:63: CMakeFiles/talker.dir/src/talker.cpp.o] Error 1
[3.825s] make[1]: *** [CMakeFiles/Makefile2:107: CMakeFiles/talker.dir/all] Error 2
[3.825s] make[1]: *** Waiting for unfinished jobs....
[6.058s] [ 75%] [32m[1mLinking CXX executable listener[0m
[6.294s] [ 75%] Built target listener
[6.295s] make: *** [Makefile:141: all] Error 2
