[0.346s] [01m[K/ros2_test/AD_Middle_Test/ros2/src/detect_s/src/camera.cpp:5:10:[m[K [01;31m[Kfatal error: [m[Ktest_interfaces/msg/TestImage.hpp: No such file or directory
[0.346s]     5 | #include [01;31m[K"test_interfaces/msg/TestImage.hpp"[m[K     // CHANGE
[0.346s]       |          [01;31m[K^~~~~~~~~~~~~~~~~~~~~~~~~~~~~~~~~~~[m[K
[0.347s] compilation terminated.
[0.348s] make[2]: *** [CMakeFiles/camera.dir/build.make:63: CMakeFiles/camera.dir/src/camera.cpp.o] Error 1
[0.349s] make[1]: *** [CMakeFiles/Makefile2:78: CMakeFiles/camera.dir/all] Error 2
[0.349s] make: *** [Makefile:141: all] Error 2
