[0.021s] Invoking command in '/ros2_test/AD_Middle_Test/ros2/src/build/simple_s': /usr/bin/cmake --build /ros2_test/AD_Middle_Test/ros2/src/build/simple_s -- -j1 -l1
[0.081s] [35m[1mScanning dependencies of target listener[0m
[0.118s] [ 25%] [32mBuilding CXX object CMakeFiles/listener.dir/src/listener.cpp.o[0m
[2.025s] [01m[K/ros2_test/AD_Middle_Test/ros2/src/simple_s/src/listener.cpp:93:58:[m[K [01;31m[Kerror: [m[Kâ€˜[01m[Knodelet_s[m[Kâ€™ was not declared in this scope
[2.025s]    93 |   shared_ptr<Synchronizer<sync_policies::ApproximateTime<[01;31m[Knodelet_s[m[K::Test,nodelet_s::Test>>>sync
[2.025s]       |                                                          [01;31m[K^~~~~~~~~[m[K
[2.026s] [01m[K/ros2_test/AD_Middle_Test/ros2/src/simple_s/src/listener.cpp:93:89:[m[K [01;31m[Kerror: [m[Kwrong number of template arguments (1, should be at least 2)
[2.026s]    93 |   shared_ptr<Synchronizer<sync_policies::ApproximateTime<nodelet_s::Test,nodelet_s::Test[01;31m[K>>[m[K>sync
[2.026s]       |                                                                                         [01;31m[K^~[m[K
[2.026s] In file included from [01m[K/ros2_test/AD_Middle_Test/ros2/src/simple_s/src/listener.cpp:7[m[K:
[2.026s] [01m[K/opt/ros/foxy/include/message_filters/sync_policies/approximate_time.h:77:8:[m[K [01;36m[Knote: [m[Kprovided for â€˜[01m[Ktemplate<class M0, class M1, class M2, class M3, class M4, class M5, class M6, class M7, class M8> struct message_filters::sync_policies::ApproximateTime[m[Kâ€™
[2.027s]    77 | struct [01;36m[KApproximateTime[m[K : public PolicyBase<M0, M1, M2, M3, M4, M5, M6, M7, M8>
[2.027s]       |        [01;36m[K^~~~~~~~~~~~~~~[m[K
[2.027s] [01m[K/ros2_test/AD_Middle_Test/ros2/src/simple_s/src/listener.cpp:93:91:[m[K [01;31m[Kerror: [m[Ktemplate argument 1 is invalid
[2.027s]    93 |   shared_ptr<Synchronizer<sync_policies::ApproximateTime<nodelet_s::Test,nodelet_s::Test>>[01;31m[K>[m[Ksync
[2.027s]       |                                                                                           [01;31m[K^[m[K
[2.028s] [01m[K/ros2_test/AD_Middle_Test/ros2/src/simple_s/src/listener.cpp:93:92:[m[K [01;31m[Kerror: [m[Ktemplate argument 1 is invalid
[2.028s]    93 |   shared_ptr<Synchronizer<sync_policies::ApproximateTime<nodelet_s::Test,nodelet_s::Test>>>[01;31m[Ksync[m[K
[2.028s]       |                                                                                            [01;31m[K^~~~[m[K
[2.028s] [01m[K/ros2_test/AD_Middle_Test/ros2/src/simple_s/src/listener.cpp:95:1:[m[K [01;31m[Kerror: [m[Kexpected unqualified-id before â€˜[01m[K}[m[Kâ€™ token
[2.028s]    95 | [01;31m[K}[m[K;
[2.028s]       | [01;31m[K^[m[K
[2.050s] [01m[K/ros2_test/AD_Middle_Test/ros2/src/simple_s/src/listener.cpp:[m[K In constructor â€˜[01m[KMinimalSubscriber::MinimalSubscriber(std::string, int)[m[Kâ€™:
[2.050s] [01m[K/ros2_test/AD_Middle_Test/ros2/src/simple_s/src/listener.cpp:55:100:[m[K [01;31m[Kerror: [m[Kno matching function for call to â€˜[01m[Kmessage_filters::Subscriber<test_interfaces::msg::Test_<std::allocator<void> > >::Subscriber(MinimalSubscriber*, std::__cxx11::basic_string<char>, int)[m[Kâ€™
[2.050s]    55 |    this->sub1 = new message_filters::Subscriber<test_interfaces::msg::Test>(this,channel_name+'0',1[01;31m[K)[m[K;
[2.050s]       |                                                                                                    [01;31m[K^[m[K
[2.050s] In file included from [01m[K/ros2_test/AD_Middle_Test/ros2/src/simple_s/src/listener.cpp:5[m[K:
[2.051s] [01m[K/opt/ros/foxy/include/message_filters/subscriber.h:129:3:[m[K [01;36m[Knote: [m[Kcandidate: â€˜[01m[Kmessage_filters::Subscriber<M>::Subscriber() [with M = test_interfaces::msg::Test_<std::allocator<void> >][m[Kâ€™
[2.051s]   129 |   [01;36m[KSubscriber[m[K() = default;
[2.051s]       |   [01;36m[K^~~~~~~~~~[m[K
[2.051s] [01m[K/opt/ros/foxy/include/message_filters/subscriber.h:129:3:[m[K [01;36m[Knote: [m[K  candidate expects 0 arguments, 3 provided
[2.051s] [01m[K/opt/ros/foxy/include/message_filters/subscriber.h:121:3:[m[K [01;36m[Knote: [m[Kcandidate: â€˜[01m[Kmessage_filters::Subscriber<M>::Subscriber(rclcpp::Node*, const string&, rmw_qos_profile_t) [with M = test_interfaces::msg::Test_<std::allocator<void> >; std::string = std::__cxx11::basic_string<char>; rmw_qos_profile_t = rmw_qos_profile_t][m[Kâ€™
[2.052s]   121 |   [01;36m[KSubscriber[m[K(rclcpp::Node* node, const std::string& topic, const rmw_qos_profile_t qos = rmw_qos_profile_default)
[2.052s]       |   [01;36m[K^~~~~~~~~~[m[K
[2.052s] [01m[K/opt/ros/foxy/include/message_filters/subscriber.h:121:84:[m[K [01;36m[Knote: [m[K  no known conversion for argument 3 from â€˜[01m[Kint[m[Kâ€™ to â€˜[01m[Krmw_qos_profile_t[m[Kâ€™
[2.052s]   121 |   Subscriber(rclcpp::Node* node, const std::string& topic, [01;36m[Kconst rmw_qos_profile_t qos = rmw_qos_profile_default[m[K)
[2.052s]       |                                                            [01;36m[K~~~~~~~~~~~~~~~~~~~~~~~~^~~~~~~~~~~~~~~~~~~~~~~~~~~~~[m[K
[2.053s] [01m[K/opt/ros/foxy/include/message_filters/subscriber.h:116:3:[m[K [01;36m[Knote: [m[Kcandidate: â€˜[01m[Kmessage_filters::Subscriber<M>::Subscriber(rclcpp::Node::SharedPtr, const string&, rmw_qos_profile_t) [with M = test_interfaces::msg::Test_<std::allocator<void> >; rclcpp::Node::SharedPtr = std::shared_ptr<rclcpp::Node>; std::string = std::__cxx11::basic_string<char>; rmw_qos_profile_t = rmw_qos_profile_t][m[Kâ€™
[2.053s]   116 |   [01;36m[KSubscriber[m[K(rclcpp::Node::SharedPtr node, const std::string& topic, const rmw_qos_profile_t qos = rmw_qos_profile_default)
[2.053s]       |   [01;36m[K^~~~~~~~~~[m[K
[2.053s] [01m[K/opt/ros/foxy/include/message_filters/subscriber.h:116:38:[m[K [01;36m[Knote: [m[K  no known conversion for argument 1 from â€˜[01m[KMinimalSubscriber*[m[Kâ€™ to â€˜[01m[Krclcpp::Node::SharedPtr[m[Kâ€™ {aka â€˜[01m[Kstd::shared_ptr<rclcpp::Node>[m[Kâ€™}
[2.053s]   116 |   Subscriber([01;36m[Krclcpp::Node::SharedPtr node[m[K, const std::string& topic, const rmw_qos_profile_t qos = rmw_qos_profile_default)
[2.053s]       |              [01;36m[K~~~~~~~~~~~~~~~~~~~~~~~~^~~~[m[K
[2.054s] [01m[K/ros2_test/AD_Middle_Test/ros2/src/simple_s/src/listener.cpp:56:100:[m[K [01;31m[Kerror: [m[Kno matching function for call to â€˜[01m[Kmessage_filters::Subscriber<test_interfaces::msg::Test_<std::allocator<void> > >::Subscriber(MinimalSubscriber*, std::__cxx11::basic_string<char>, int)[m[Kâ€™
[2.054s]    56 |    this->sub2 = new message_filters::Subscriber<test_interfaces::msg::Test>(this,channel_name+'1',1[01;31m[K)[m[K;
[2.054s]       |                                                                                                    [01;31m[K^[m[K
[2.054s] In file included from [01m[K/ros2_test/AD_Middle_Test/ros2/src/simple_s/src/listener.cpp:5[m[K:
[2.054s] [01m[K/opt/ros/foxy/include/message_filters/subscriber.h:129:3:[m[K [01;36m[Knote: [m[Kcandidate: â€˜[01m[Kmessage_filters::Subscriber<M>::Subscriber() [with M = test_interfaces::msg::Test_<std::allocator<void> >][m[Kâ€™
[2.055s]   129 |   [01;36m[KSubscriber[m[K() = default;
[2.055s]       |   [01;36m[K^~~~~~~~~~[m[K
[2.055s] [01m[K/opt/ros/foxy/include/message_filters/subscriber.h:129:3:[m[K [01;36m[Knote: [m[K  candidate expects 0 arguments, 3 provided
[2.055s] [01m[K/opt/ros/foxy/include/message_filters/subscriber.h:121:3:[m[K [01;36m[Knote: [m[Kcandidate: â€˜[01m[Kmessage_filters::Subscriber<M>::Subscriber(rclcpp::Node*, const string&, rmw_qos_profile_t) [with M = test_interfaces::msg::Test_<std::allocator<void> >; std::string = std::__cxx11::basic_string<char>; rmw_qos_profile_t = rmw_qos_profile_t][m[Kâ€™
[2.055s]   121 |   [01;36m[KSubscriber[m[K(rclcpp::Node* node, const std::string& topic, const rmw_qos_profile_t qos = rmw_qos_profile_default)
[2.056s]       |   [01;36m[K^~~~~~~~~~[m[K
[2.056s] [01m[K/opt/ros/foxy/include/message_filters/subscriber.h:121:84:[m[K [01;36m[Knote: [m[K  no known conversion for argument 3 from â€˜[01m[Kint[m[Kâ€™ to â€˜[01m[Krmw_qos_profile_t[m[Kâ€™
[2.056s]   121 |   Subscriber(rclcpp::Node* node, const std::string& topic, [01;36m[Kconst rmw_qos_profile_t qos = rmw_qos_profile_default[m[K)
[2.056s]       |                                                            [01;36m[K~~~~~~~~~~~~~~~~~~~~~~~~^~~~~~~~~~~~~~~~~~~~~~~~~~~~~[m[K
[2.056s] [01m[K/opt/ros/foxy/include/message_filters/subscriber.h:116:3:[m[K [01;36m[Knote: [m[Kcandidate: â€˜[01m[Kmessage_filters::Subscriber<M>::Subscriber(rclcpp::Node::SharedPtr, const string&, rmw_qos_profile_t) [with M = test_interfaces::msg::Test_<std::allocator<void> >; rclcpp::Node::SharedPtr = std::shared_ptr<rclcpp::Node>; std::string = std::__cxx11::basic_string<char>; rmw_qos_profile_t = rmw_qos_profile_t][m[Kâ€™
[2.057s]   116 |   [01;36m[KSubscriber[m[K(rclcpp::Node::SharedPtr node, const std::string& topic, const rmw_qos_profile_t qos = rmw_qos_profile_default)
[2.057s]       |   [01;36m[K^~~~~~~~~~[m[K
[2.057s] [01m[K/opt/ros/foxy/include/message_filters/subscriber.h:116:38:[m[K [01;36m[Knote: [m[K  no known conversion for argument 1 from â€˜[01m[KMinimalSubscriber*[m[Kâ€™ to â€˜[01m[Krclcpp::Node::SharedPtr[m[Kâ€™ {aka â€˜[01m[Kstd::shared_ptr<rclcpp::Node>[m[Kâ€™}
[2.057s]   116 |   Subscriber([01;36m[Krclcpp::Node::SharedPtr node[m[K, const std::string& topic, const rmw_qos_profile_t qos = rmw_qos_profile_default)
[2.057s]       |              [01;36m[K~~~~~~~~~~~~~~~~~~~~~~~~^~~~[m[K
[2.058s] [01m[K/ros2_test/AD_Middle_Test/ros2/src/simple_s/src/listener.cpp:58:10:[m[K [01;31m[Kerror: [m[Kâ€˜[01m[Kclass MinimalSubscriber[m[Kâ€™ has no member named â€˜[01m[Ksync[m[Kâ€™
[2.058s]    58 |    this->[01;31m[Ksync[m[K = new Synchronizer<sync_policies::ApproximateTime<nodelet_s::Test,nodelet_s::Test>>(MySyncPolicy(10),*(this->sub1),*(this->sub2));
[2.058s]       |          [01;31m[K^~~~[m[K
[2.061s] [01m[K/ros2_test/AD_Middle_Test/ros2/src/simple_s/src/listener.cpp:58:65:[m[K [01;31m[Kerror: [m[Kâ€˜[01m[Knodelet_s[m[Kâ€™ was not declared in this scope
[2.061s]    58 |    this->sync = new Synchronizer<sync_policies::ApproximateTime<[01;31m[Knodelet_s[m[K::Test,nodelet_s::Test>>(MySyncPolicy(10),*(this->sub1),*(this->sub2));
[2.061s]       |                                                                 [01;31m[K^~~~~~~~~[m[K
[2.062s] [01m[K/ros2_test/AD_Middle_Test/ros2/src/simple_s/src/listener.cpp:58:96:[m[K [01;31m[Kerror: [m[Kwrong number of template arguments (1, should be at least 2)
[2.062s]    58 |    this->sync = new Synchronizer<sync_policies::ApproximateTime<nodelet_s::Test,nodelet_s::Test[01;31m[K>>[m[K(MySyncPolicy(10),*(this->sub1),*(this->sub2));
[2.062s]       |                                                                                                [01;31m[K^~[m[K
[2.062s] In file included from [01m[K/ros2_test/AD_Middle_Test/ros2/src/simple_s/src/listener.cpp:7[m[K:
[2.062s] [01m[K/opt/ros/foxy/include/message_filters/sync_policies/approximate_time.h:77:8:[m[K [01;36m[Knote: [m[Kprovided for â€˜[01m[Ktemplate<class M0, class M1, class M2, class M3, class M4, class M5, class M6, class M7, class M8> struct message_filters::sync_policies::ApproximateTime[m[Kâ€™
[2.063s]    77 | struct [01;36m[KApproximateTime[m[K : public PolicyBase<M0, M1, M2, M3, M4, M5, M6, M7, M8>
[2.063s]       |        [01;36m[K^~~~~~~~~~~~~~~[m[K
[2.151s] [01m[K/ros2_test/AD_Middle_Test/ros2/src/simple_s/src/listener.cpp:58:143:[m[K [01;31m[Kerror: [m[Ktemplate argument 1 is invalid
[2.152s]    58 |    this->sync = new Synchronizer<sync_policies::ApproximateTime<nodelet_s::Test,nodelet_s::Test>>(MySyncPolicy(10),*(this->sub1),*(this->sub2)[01;31m[K)[m[K;
[2.152s]       |                                                                                                                                               [01;31m[K^[m[K
[2.152s] [01m[K/ros2_test/AD_Middle_Test/ros2/src/simple_s/src/listener.cpp:59:10:[m[K [01;31m[Kerror: [m[Kâ€˜[01m[Kclass MinimalSubscriber[m[Kâ€™ has no member named â€˜[01m[Ksync[m[Kâ€™
[2.152s]    59 |    this->[01;31m[Ksync[m[K->registerCallback(std::bind(&MinimalSubscriber::topic_callback2,_1,_2));
[2.152s]       |          [01;31m[K^~~~[m[K
[2.153s] [01m[K/ros2_test/AD_Middle_Test/ros2/src/simple_s/src/listener.cpp:59:82:[m[K [01;31m[Kerror: [m[Kâ€˜[01m[K_2[m[Kâ€™ was not declared in this scope; did you mean â€˜[01m[Kstd::placeholders::_2[m[Kâ€™?
[2.153s]    59 |    this->sync->registerCallback(std::bind(&MinimalSubscriber::topic_callback2,_1,[01;31m[K_2[m[K));
[2.154s]       |                                                                                  [01;31m[K^~[m[K
[2.154s]       |                                                                                  [32m[Kstd::placeholders::_2[m[K
[2.154s] In file included from [01m[K/opt/ros/foxy/include/rclcpp/context.hpp:19[m[K,
[2.154s]                  from [01m[K/opt/ros/foxy/include/rclcpp/contexts/default_context.hpp:18[m[K,
[2.154s]                  from [01m[K/opt/ros/foxy/include/rclcpp/executor.hpp:32[m[K,
[2.155s]                  from [01m[K/opt/ros/foxy/include/rclcpp/executors/multi_threaded_executor.hpp:25[m[K,
[2.155s]                  from [01m[K/opt/ros/foxy/include/rclcpp/executors.hpp:21[m[K,
[2.155s]                  from [01m[K/opt/ros/foxy/include/rclcpp/rclcpp.hpp:145[m[K,
[2.155s]                  from [01m[K/opt/ros/foxy/include/message_filters/subscriber.h:38[m[K,
[2.155s]                  from [01m[K/ros2_test/AD_Middle_Test/ros2/src/simple_s/src/listener.cpp:5[m[K:
[2.155s] [01m[K/usr/include/c++/9/functional:212:34:[m[K [01;36m[Knote: [m[Kâ€˜[01m[Kstd::placeholders::_2[m[Kâ€™ declared here
[2.156s]   212 |     extern const _Placeholder<2> [01;36m[K_2[m[K;
[2.156s]       |                                  [01;36m[K^~[m[K
[3.835s] make[2]: *** [CMakeFiles/listener.dir/build.make:63: CMakeFiles/listener.dir/src/listener.cpp.o] Error 1
[3.835s] make[1]: *** [CMakeFiles/Makefile2:80: CMakeFiles/listener.dir/all] Error 2
[3.835s] make: *** [Makefile:141: all] Error 2
[3.836s] Invoked command in '/ros2_test/AD_Middle_Test/ros2/src/build/simple_s' returned '2': /usr/bin/cmake --build /ros2_test/AD_Middle_Test/ros2/src/build/simple_s -- -j1 -l1
