[2.582s] [01m[K/ros2_test/AD_Middle_Test/ros2/src/detect_s/src/CameraTimer.cpp:[m[K In member function â€˜[01m[Kvoid CameraTimer::timer_callback()[m[Kâ€™:
[2.583s] [01m[K/ros2_test/AD_Middle_Test/ros2/src/detect_s/src/CameraTimer.cpp:47:17:[m[K [01;35m[Kwarning: [m[Kcomparison of integer expressions of different signedness: â€˜[01m[Kint[m[Kâ€™ and â€˜[01m[Ksize_t[m[Kâ€™ {aka â€˜[01m[Klong unsigned int[m[Kâ€™} [[01;35m[K-Wsign-compare[m[K]
[2.583s]    47 |    for(int i=0;[01;35m[Ki<dataSize[m[K;i++){
[2.583s]       |                [01;35m[K~^~~~~~~~~[m[K
[2.694s] [01m[K/ros2_test/AD_Middle_Test/ros2/src/detect_s/src/YoloDetect.cpp:[m[K In member function â€˜[01m[Kvoid YoloDetect::topic_callback(test_interfaces::msg::TestImage_<std::allocator<void> >::SharedPtr)[m[Kâ€™:
[2.694s] [01m[K/ros2_test/AD_Middle_Test/ros2/src/detect_s/src/YoloDetect.cpp:91:7:[m[K [01;31m[Kerror: [m[Kbase operand of â€˜[01m[K->[m[Kâ€™ has non-pointer type â€˜[01m[Kcv::Mat[m[Kâ€™
[2.694s]    91 |    tmp[01;31m[K->[m[Kdata.resize(datasize);
[2.694s]       |       [01;31m[K^~[m[K
[4.414s] make[2]: *** [CMakeFiles/yoloDetect.dir/build.make:63: CMakeFiles/yoloDetect.dir/src/YoloDetect.cpp.o] Error 1
[4.414s] make[1]: *** [CMakeFiles/Makefile2:80: CMakeFiles/yoloDetect.dir/all] Error 2
[4.414s] make[1]: *** Waiting for unfinished jobs....
[5.728s] make: *** [Makefile:141: all] Error 2
