[0.086s] [35m[1mScanning dependencies of target listener[0m
[0.123s] [ 25%] [32mBuilding CXX object CMakeFiles/listener.dir/src/listener.cpp.o[0m
[2.109s] [01m[K/ros2_test/AD_Middle_Test/ros2/src/simple_s/src/listener.cpp:94:26:[m[K [01;31m[Kerror: [m[Ktype/value mismatch at argument 1 in template parameter list for â€˜[01m[Ktemplate<class _Tp> class std::shared_ptr[m[Kâ€™
[2.110s]    94 |   shared_ptr<Synchronizer[01;31m[K>[m[K sync;
[2.110s]       |                          [01;31m[K^[m[K
[2.110s] [01m[K/ros2_test/AD_Middle_Test/ros2/src/simple_s/src/listener.cpp:94:26:[m[K [01;36m[Knote: [m[K  expected a type, got â€˜[01m[KSynchronizer[m[Kâ€™
[2.133s] [01m[K/ros2_test/AD_Middle_Test/ros2/src/simple_s/src/listener.cpp:[m[K In constructor â€˜[01m[KMinimalSubscriber::MinimalSubscriber(std::string, int)[m[Kâ€™:
[2.133s] [01m[K/ros2_test/AD_Middle_Test/ros2/src/simple_s/src/listener.cpp:59:32:[m[K [01;31m[Kerror: [m[Kâ€˜[01m[KSychronizer[m[Kâ€™ was not declared in this scope
[2.133s]    59 |    this->sync=std::make_shared<[01;31m[KSychronizer[m[K>(myP,this->sub1,this->sub2);
[2.133s]       |                                [01;31m[K^~~~~~~~~~~[m[K
[2.134s] [01m[K/ros2_test/AD_Middle_Test/ros2/src/simple_s/src/listener.cpp:59:70:[m[K [01;31m[Kerror: [m[Kno matching function for call to â€˜[01m[Kmake_shared<<expression error> >(message_filters::sync_policies::ApproximateTime<test_interfaces::msg::Test_<std::allocator<void> >, test_interfaces::msg::Test_<std::allocator<void> > >&, message_filters::Subscriber<test_interfaces::msg::Test_<std::allocator<void> > >&, message_filters::Subscriber<test_interfaces::msg::Test_<std::allocator<void> > >&)[m[Kâ€™
[2.134s]    59 |    this->sync=std::make_shared<Sychronizer>(myP,this->sub1,this->sub2[01;31m[K)[m[K;
[2.134s]       |                                                                      [01;31m[K^[m[K
[2.134s] In file included from [01m[K/usr/include/c++/9/memory:81[m[K,
[2.134s]                  from [01m[K/ros2_test/AD_Middle_Test/ros2/src/simple_s/src/listener.cpp:1[m[K:
[2.135s] [01m[K/usr/include/c++/9/bits/shared_ptr.h:714:5:[m[K [01;36m[Knote: [m[Kcandidate: â€˜[01m[Ktemplate<class _Tp, class ... _Args> std::shared_ptr<_Tp> std::make_shared(_Args&& ...)[m[Kâ€™
[2.135s]   714 |     [01;36m[Kmake_shared[m[K(_Args&&... __args)
[2.135s]       |     [01;36m[K^~~~~~~~~~~[m[K
[2.135s] [01m[K/usr/include/c++/9/bits/shared_ptr.h:714:5:[m[K [01;36m[Knote: [m[K  template argument deduction/substitution failed:
[2.136s] [01m[K/ros2_test/AD_Middle_Test/ros2/src/simple_s/src/listener.cpp:59:70:[m[K [01;31m[Kerror: [m[Ktemplate argument 1 is invalid
[2.136s]    59 |    this->sync=std::make_shared<Sychronizer>(myP,this->sub1,this->sub2[01;31m[K)[m[K;
[2.136s]       |                                                                      [01;31m[K^[m[K
[2.136s] [01m[K/ros2_test/AD_Middle_Test/ros2/src/simple_s/src/listener.cpp:60:15:[m[K [01;31m[Kerror: [m[Krequest for member â€˜[01m[KregisterCallback[m[Kâ€™ in â€˜[01m[K((MinimalSubscriber*)this)->MinimalSubscriber::sync[m[Kâ€™, which is of non-class type â€˜[01m[Kint[m[Kâ€™
[2.136s]    60 |    this->sync.[01;31m[KregisterCallback[m[K(std::bind(&MinimalSubscriber::topic_callback2,_1,_2));
[2.136s]       |               [01;31m[K^~~~~~~~~~~~~~~~[m[K
[2.138s] In file included from [01m[K/opt/ros/foxy/include/rclcpp/context.hpp:19[m[K,
[2.138s]                  from [01m[K/opt/ros/foxy/include/rclcpp/contexts/default_context.hpp:18[m[K,
[2.138s]                  from [01m[K/opt/ros/foxy/include/rclcpp/executor.hpp:32[m[K,
[2.138s]                  from [01m[K/opt/ros/foxy/include/rclcpp/executors/multi_threaded_executor.hpp:25[m[K,
[2.138s]                  from [01m[K/opt/ros/foxy/include/rclcpp/executors.hpp:21[m[K,
[2.139s]                  from [01m[K/opt/ros/foxy/include/rclcpp/rclcpp.hpp:145[m[K,
[2.139s]                  from [01m[K/opt/ros/foxy/include/message_filters/subscriber.h:38[m[K,
[2.139s]                  from [01m[K/ros2_test/AD_Middle_Test/ros2/src/simple_s/src/listener.cpp:5[m[K:
[2.139s] /usr/include/c++/9/functional: In instantiation of â€˜[01m[Kstruct std::_Bind_check_arity<void (MinimalSubscriber::*)(const std::shared_ptr<test_interfaces::msg::Test_<std::allocator<void> > >&, const std::shared_ptr<test_interfaces::msg::Test_<std::allocator<void> > >&), const std::_Placeholder<1>&, const std::_Placeholder<2>&>[m[Kâ€™:
[2.139s] [01m[K/usr/include/c++/9/functional:787:12:[m[K   required from â€˜[01m[Kstruct std::_Bind_helper<false, void (MinimalSubscriber::*)(const std::shared_ptr<test_interfaces::msg::Test_<std::allocator<void> > >&, const std::shared_ptr<test_interfaces::msg::Test_<std::allocator<void> > >&), const std::_Placeholder<1>&, const std::_Placeholder<2>&>[m[Kâ€™
[2.140s] [01m[K/usr/include/c++/9/functional:808:5:[m[K   required by substitution of â€˜[01m[Ktemplate<class _Func, class ... _BoundArgs> typename std::_Bind_helper<std::__is_socketlike<_Func>::value, _Func, _BoundArgs ...>::type std::bind(_Func&&, _BoundArgs&& ...) [with _Func = void (MinimalSubscriber::*)(const std::shared_ptr<test_interfaces::msg::Test_<std::allocator<void> > >&, const std::shared_ptr<test_interfaces::msg::Test_<std::allocator<void> > >&); _BoundArgs = {const std::_Placeholder<1>&, const std::_Placeholder<2>&}][m[Kâ€™
[2.140s] [01m[K/ros2_test/AD_Middle_Test/ros2/src/simple_s/src/listener.cpp:60:83:[m[K   required from here
[2.140s] [01m[K/usr/include/c++/9/functional:775:7:[m[K [01;31m[Kerror: [m[Kstatic assertion failed: Wrong number of arguments for pointer-to-member
[2.140s]   774 |       static_assert(_Varargs::[01;31m[Kvalue[m[K
[2.140s]       |                               [01;31m[K~~~~~[m[K
[2.140s]   775 | [01;31m[K      ? sizeof...(_BoundArgs) >= _Arity::value + 1[m[K
[2.141s]       |       [01;31m[K^~~~~~~~~~~~~~~~~~~~~~~~~~~~~~~~~~~~~~~~~~~~[m[K
[2.141s]   776 | [01;31m[K      : sizeof...(_BoundArgs) == _Arity::value + 1[m[K,
[2.141s]       |       [01;31m[K~~~~~~~~~~~~~~~~~~~~~~~~~~~~~~~~~~~~~~~~~~~~[m[K
[3.901s] make[2]: *** [CMakeFiles/listener.dir/build.make:63: CMakeFiles/listener.dir/src/listener.cpp.o] Error 1
[3.901s] make[1]: *** [CMakeFiles/Makefile2:80: CMakeFiles/listener.dir/all] Error 2
[3.902s] make: *** [Makefile:141: all] Error 2
