[2.574s] [01m[K/ros2_test/AD_Middle_Test/ros2/src/detect_s/src/YoloDetect.cpp:[m[K In member function â€˜[01m[Kvoid YoloDetect::topic_callback(test_interfaces::msg::TestImage_<std::allocator<void> >::SharedPtr)[m[Kâ€™:
[2.575s] [01m[K/ros2_test/AD_Middle_Test/ros2/src/detect_s/src/YoloDetect.cpp:97:46:[m[K [01;31m[Kerror: [m[Kinvalid cast from type â€˜[01m[Ktest_interfaces::msg::TestImage_<std::allocator<void> >::_mat_data_type[m[Kâ€™ {aka â€˜[01m[Kstd::__cxx11::basic_string<char>[m[Kâ€™} to type â€˜[01m[Kunsigned char*[m[Kâ€™
[2.575s]    97 |    unsigned char* toC = (unsigned char*)msg->[01;31m[Kmat_data[m[K;
[2.575s]       |                                              [01;31m[K^~~~~~~~[m[K
[4.263s] make[2]: *** [CMakeFiles/yoloDetect.dir/build.make:63: CMakeFiles/yoloDetect.dir/src/YoloDetect.cpp.o] Error 1
[4.263s] make[1]: *** [CMakeFiles/Makefile2:80: CMakeFiles/yoloDetect.dir/all] Error 2
[4.263s] make: *** [Makefile:141: all] Error 2
