[3.447s] [01m[K/ros2_test/AD_Middle_Test/ros2/src/detect_s/src/CameraTimer.cpp:[m[K In member function â€˜[01m[Kvoid CameraTimer::timer_callback()[m[Kâ€™:
[3.447s] [01m[K/ros2_test/AD_Middle_Test/ros2/src/detect_s/src/CameraTimer.cpp:66:13:[m[K [01;31m[Kerror: [m[Kâ€˜[01m[Kstruct test_interfaces::msg::TestImage_<std::allocator<void> >[m[Kâ€™ has no member named â€˜[01m[Ktest_a[m[Kâ€™
[3.447s]    66 |    message->[01;31m[Ktest_a[m[K = tmpI;
[3.447s]       |             [01;31m[K^~~~~~[m[K
[3.449s] [01m[K/ros2_test/AD_Middle_Test/ros2/src/detect_s/src/CameraTimer.cpp:71:30:[m[K [01;31m[Kerror: [m[Kâ€˜[01m[KimgS[m[Kâ€™ was not declared in this scope
[3.449s]    71 |    cout<<"cp finish, imgS:"<<[01;31m[KimgS[m[K<<" data size:"<<(message->mat_data).size()<<endl;
[3.449s]       |                              [01;31m[K^~~~[m[K
[3.595s] [01m[K/ros2_test/AD_Middle_Test/ros2/src/detect_s/src/YoloDetect.cpp:[m[K In member function â€˜[01m[Kvoid YoloDetect::topic_callback(test_interfaces::msg::TestImage_<std::allocator<void> >::SharedPtr)[m[Kâ€™:
[3.595s] [01m[K/ros2_test/AD_Middle_Test/ros2/src/detect_s/src/YoloDetect.cpp:88:59:[m[K [01;31m[Kerror: [m[Kâ€˜[01m[Kusing element_type = struct test_interfaces::msg::TestImage_<std::allocator<void> >[m[Kâ€™ {aka â€˜[01m[Kstruct test_interfaces::msg::TestImage_<std::allocator<void> >[m[Kâ€™} has no member named â€˜[01m[Ktest_a[m[Kâ€™
[3.595s]    88 |    memcpy((unsigned char*)tmp.data,(unsigned char*)&(msg->[01;31m[Ktest_a[m[K.data[0]),datasize);
[3.595s]       |                                                           [01;31m[K^~~~~~[m[K
[5.362s] make[2]: *** [CMakeFiles/cameraTimer.dir/build.make:63: CMakeFiles/cameraTimer.dir/src/CameraTimer.cpp.o] Error 1
[5.362s] make[1]: *** [CMakeFiles/Makefile2:107: CMakeFiles/cameraTimer.dir/all] Error 2
[5.363s] make[1]: *** Waiting for unfinished jobs....
[6.116s] make[2]: *** [CMakeFiles/yoloDetect.dir/build.make:63: CMakeFiles/yoloDetect.dir/src/YoloDetect.cpp.o] Error 1
[6.117s] make[1]: *** [CMakeFiles/Makefile2:80: CMakeFiles/yoloDetect.dir/all] Error 2
[6.117s] make: *** [Makefile:141: all] Error 2
