[0.083s] -- Found ament_cmake: 0.8.1 (/opt/ros/foxy/share/ament_cmake/cmake)
[0.120s] -- Using PYTHON_EXECUTABLE: /usr/bin/python3
[0.459s] -- Found rclcpp: 0.8.3 (/opt/ros/foxy/share/rclcpp/cmake)
[0.524s] -- Found rosidl_adapter: 0.8.2 (/opt/ros/foxy/share/rosidl_adapter/cmake)
[0.553s] -- Found rmw_implementation_cmake: 0.8.1 (/opt/ros/foxy/share/rmw_implementation_cmake/cmake)
[0.557s] -- Using RMW implementation 'rmw_fastrtps_cpp' as default
[0.674s] -- Found std_msgs: 0.8.1 (/opt/ros/foxy/share/std_msgs/cmake)
[0.682s] -- Found sensor_msgs: 0.8.1 (/opt/ros/foxy/share/sensor_msgs/cmake)
[0.705s] -- Found test_interfaces: 0.0.0 (/ros2_test/AD_Middle_Test/ros2/src/install/test_interfaces/share/test_interfaces/cmake)
[0.717s] -- Found message_filters: 3.2.3 (/opt/ros/foxy/share/message_filters/cmake)
[0.859s] -- Found ament_lint_auto: 0.9.1 (/opt/ros/foxy/share/ament_lint_auto/cmake)
[0.970s] -- Added test 'copyright' to check for copyright in CMake / C / C++ / Python code
[0.972s] -- Added test 'cppcheck' to perform static code analysis on C / C++ code
[0.973s] -- Configured cppcheck include dirs: /ros2_test/AD_Middle_Test/ros2/src/detect_s/include
[0.974s] -- Added test 'cpplint' to check C / C++ code against the Google style
[0.975s] -- Added test 'lint_cmake' to check CMake code style
[0.976s] -- Added test 'uncrustify' to check C / C++ code style
[0.977s] -- Added test 'xmllint' to check XML markup files
[0.981s] -- Configuring done
[1.039s] -- Generating done
[1.041s] -- Build files have been written to: /ros2_test/AD_Middle_Test/ros2/build/detect_s
[1.076s] [35m[1mScanning dependencies of target cameraTimer[0m
[1.076s] [35m[1mScanning dependencies of target yoloDetect[0m
[1.117s] [ 25%] [32mBuilding CXX object CMakeFiles/cameraTimer.dir/src/CameraTimer.cpp.o[0m
[1.119s] [ 50%] [32mBuilding CXX object CMakeFiles/yoloDetect.dir/src/YoloDetect.cpp.o[0m
[3.439s] [01m[K/ros2_test/AD_Middle_Test/ros2/src/detect_s/src/CameraTimer.cpp:[m[K In member function â€˜[01m[Kvoid CameraTimer::timer_callback()[m[Kâ€™:
[3.439s] [01m[K/ros2_test/AD_Middle_Test/ros2/src/detect_s/src/CameraTimer.cpp:66:13:[m[K [01;31m[Kerror: [m[Kâ€˜[01m[Kstruct test_interfaces::msg::TestImage_<std::allocator<void> >[m[Kâ€™ has no member named â€˜[01m[Kimage_data[m[Kâ€™; did you mean â€˜[01m[Kmat_data[m[Kâ€™?
[3.439s]    66 |    message->[01;31m[Kimage_data[m[K = tmpI;
[3.439s]       |             [01;31m[K^~~~~~~~~~[m[K
[3.440s]       |             [32m[Kmat_data[m[K
[3.551s] In file included from [01m[K/opt/ros/foxy/include/rclcpp/client.hpp:40[m[K,
[3.552s]                  from [01m[K/opt/ros/foxy/include/rclcpp/callback_group.hpp:23[m[K,
[3.552s]                  from [01m[K/opt/ros/foxy/include/rclcpp/any_executable.hpp:20[m[K,
[3.552s]                  from [01m[K/opt/ros/foxy/include/rclcpp/memory_strategy.hpp:24[m[K,
[3.552s]                  from [01m[K/opt/ros/foxy/include/rclcpp/memory_strategies.hpp:18[m[K,
[3.552s]                  from [01m[K/opt/ros/foxy/include/rclcpp/executor.hpp:33[m[K,
[3.552s]                  from [01m[K/opt/ros/foxy/include/rclcpp/executors/multi_threaded_executor.hpp:25[m[K,
[3.552s]                  from [01m[K/opt/ros/foxy/include/rclcpp/executors.hpp:21[m[K,
[3.552s]                  from [01m[K/opt/ros/foxy/include/rclcpp/rclcpp.hpp:145[m[K,
[3.553s]                  from [01m[K/opt/ros/foxy/include/message_filters/subscriber.h:38[m[K,
[3.553s]                  from [01m[K/ros2_test/AD_Middle_Test/ros2/src/detect_s/src/YoloDetect.cpp:5[m[K:
[3.553s] [01m[K/ros2_test/AD_Middle_Test/ros2/src/detect_s/src/YoloDetect.cpp:[m[K In member function â€˜[01m[Kvoid YoloDetect::topic_callback(test_interfaces::msg::TestImage_<std::allocator<void> >::SharedPtr)[m[Kâ€™:
[3.553s] [01m[K/ros2_test/AD_Middle_Test/ros2/src/detect_s/src/YoloDetect.cpp:85:116:[m[K [01;31m[Kerror: [m[Kâ€˜[01m[Kusing element_type = struct test_interfaces::msg::TestImage_<std::allocator<void> >[m[Kâ€™ {aka â€˜[01m[Kstruct test_interfaces::msg::TestImage_<std::allocator<void> >[m[Kâ€™} has no member named â€˜[01m[Kimage_data[m[Kâ€™; did you mean â€˜[01m[Kmat_data[m[Kâ€™?
[3.553s]    85 |    RCLCPP_INFO(this->get_logger(), "msg rows '%d',image rows:%d,cols:'%d',image cols:%d", msg->rows,msg->cols,msg->[01;31m[Kimage_data[m[K.height,msg->image_data.width);              // CHANGE
[3.553s]       |                                                                                                                    [01;31m[K^~~~~~~~~~[m[K
[3.553s] [01m[K/opt/ros/foxy/include/rcutils/logging_macros.h:72:64:[m[K [01;36m[Knote: [m[Kin definition of macro â€˜[01m[KRCUTILS_LOG_COND_NAMED[m[Kâ€™
[3.554s]    72 |       rcutils_log(&__rcutils_logging_location, severity, name, [01;36m[K__VA_ARGS__[m[K); \
[3.554s]       |                                                                [01;36m[K^~~~~~~~~~~[m[K
[3.554s] [01m[K/opt/ros/foxy/include/rclcpp/logging.hpp:542:5:[m[K [01;36m[Knote: [m[Kin expansion of macro â€˜[01m[KRCUTILS_LOG_INFO_NAMED[m[Kâ€™
[3.554s]   542 |     [01;36m[KRCUTILS_LOG_INFO_NAMED[m[K( \
[3.554s]       |     [01;36m[K^~~~~~~~~~~~~~~~~~~~~~[m[K
[3.554s] [01m[K/opt/ros/foxy/include/rclcpp/logging.hpp:545:9:[m[K [01;36m[Knote: [m[Kin expansion of macro â€˜[01m[KRCLCPP_ALL_BUT_FIRST_ARGS[m[Kâ€™
[3.554s]   545 |         [01;36m[KRCLCPP_ALL_BUT_FIRST_ARGS[m[K(__VA_ARGS__,"")); \
[3.555s]       |         [01;36m[K^~~~~~~~~~~~~~~~~~~~~~~~~[m[K
[3.555s] [01m[K/ros2_test/AD_Middle_Test/ros2/src/detect_s/src/YoloDetect.cpp:85:4:[m[K [01;36m[Knote: [m[Kin expansion of macro â€˜[01m[KRCLCPP_INFO[m[Kâ€™
[3.555s]    85 |    [01;36m[KRCLCPP_INFO[m[K(this->get_logger(), "msg rows '%d',image rows:%d,cols:'%d',image cols:%d", msg->rows,msg->cols,msg->image_data.height,msg->image_data.width);              // CHANGE
[3.555s]       |    [01;36m[K^~~~~~~~~~~[m[K
[3.555s] [01m[K/ros2_test/AD_Middle_Test/ros2/src/detect_s/src/YoloDetect.cpp:85:139:[m[K [01;31m[Kerror: [m[Kâ€˜[01m[Kusing element_type = struct test_interfaces::msg::TestImage_<std::allocator<void> >[m[Kâ€™ {aka â€˜[01m[Kstruct test_interfaces::msg::TestImage_<std::allocator<void> >[m[Kâ€™} has no member named â€˜[01m[Kimage_data[m[Kâ€™; did you mean â€˜[01m[Kmat_data[m[Kâ€™?
[3.555s]    85 |    RCLCPP_INFO(this->get_logger(), "msg rows '%d',image rows:%d,cols:'%d',image cols:%d", msg->rows,msg->cols,msg->image_data.height,msg->[01;31m[Kimage_data[m[K.width);              // CHANGE
[3.555s]       |                                                                                                                                           [01;31m[K^~~~~~~~~~[m[K
[3.556s] [01m[K/opt/ros/foxy/include/rcutils/logging_macros.h:72:64:[m[K [01;36m[Knote: [m[Kin definition of macro â€˜[01m[KRCUTILS_LOG_COND_NAMED[m[Kâ€™
[3.556s]    72 |       rcutils_log(&__rcutils_logging_location, severity, name, [01;36m[K__VA_ARGS__[m[K); \
[3.556s]       |                                                                [01;36m[K^~~~~~~~~~~[m[K
[3.556s] [01m[K/opt/ros/foxy/include/rclcpp/logging.hpp:542:5:[m[K [01;36m[Knote: [m[Kin expansion of macro â€˜[01m[KRCUTILS_LOG_INFO_NAMED[m[Kâ€™
[3.556s]   542 |     [01;36m[KRCUTILS_LOG_INFO_NAMED[m[K( \
[3.556s]       |     [01;36m[K^~~~~~~~~~~~~~~~~~~~~~[m[K
[3.556s] [01m[K/opt/ros/foxy/include/rclcpp/logging.hpp:545:9:[m[K [01;36m[Knote: [m[Kin expansion of macro â€˜[01m[KRCLCPP_ALL_BUT_FIRST_ARGS[m[Kâ€™
[3.556s]   545 |         [01;36m[KRCLCPP_ALL_BUT_FIRST_ARGS[m[K(__VA_ARGS__,"")); \
[3.557s]       |         [01;36m[K^~~~~~~~~~~~~~~~~~~~~~~~~[m[K
[3.557s] [01m[K/ros2_test/AD_Middle_Test/ros2/src/detect_s/src/YoloDetect.cpp:85:4:[m[K [01;36m[Knote: [m[Kin expansion of macro â€˜[01m[KRCLCPP_INFO[m[Kâ€™
[3.557s]    85 |    [01;36m[KRCLCPP_INFO[m[K(this->get_logger(), "msg rows '%d',image rows:%d,cols:'%d',image cols:%d", msg->rows,msg->cols,msg->image_data.height,msg->image_data.width);              // CHANGE
[3.557s]       |    [01;36m[K^~~~~~~~~~~[m[K
[3.557s] [01m[K/ros2_test/AD_Middle_Test/ros2/src/detect_s/src/YoloDetect.cpp:88:59:[m[K [01;31m[Kerror: [m[Kâ€˜[01m[Kusing element_type = struct test_interfaces::msg::TestImage_<std::allocator<void> >[m[Kâ€™ {aka â€˜[01m[Kstruct test_interfaces::msg::TestImage_<std::allocator<void> >[m[Kâ€™} has no member named â€˜[01m[Kimage_data[m[Kâ€™; did you mean â€˜[01m[Kmat_data[m[Kâ€™?
[3.557s]    88 |    memcpy((unsigned char*)tmp.data,(unsigned char*)&(msg->[01;31m[Kimage_data[m[K.data[0]),datasize);
[3.557s]       |                                                           [01;31m[K^~~~~~~~~~[m[K
[3.558s]       |                                                           [32m[Kmat_data[m[K
[4.744s] make[2]: *** [CMakeFiles/cameraTimer.dir/build.make:63: CMakeFiles/cameraTimer.dir/src/CameraTimer.cpp.o] Error 1
[4.745s] make[1]: *** [CMakeFiles/Makefile2:107: CMakeFiles/cameraTimer.dir/all] Error 2
[4.745s] make[1]: *** Waiting for unfinished jobs....
[5.281s] make[2]: *** [CMakeFiles/yoloDetect.dir/build.make:63: CMakeFiles/yoloDetect.dir/src/YoloDetect.cpp.o] Error 1
[5.281s] make[1]: *** [CMakeFiles/Makefile2:80: CMakeFiles/yoloDetect.dir/all] Error 2
[5.281s] make: *** [Makefile:141: all] Error 2
