[0.045s] Invoking command in '/ros2_test/AD_Middle_Test/ros2/src/build/detect_s': /usr/bin/cmake --build /ros2_test/AD_Middle_Test/ros2/src/build/detect_s -- -j5 -l5
[0.105s] [35m[1mScanning dependencies of target yoloDetect[0m
[0.136s] [ 50%] Built target cameraTimer
[0.166s] [ 75%] [32mBuilding CXX object CMakeFiles/yoloDetect.dir/src/YoloDetect.cpp.o[0m
[2.574s] [01m[K/ros2_test/AD_Middle_Test/ros2/src/detect_s/src/YoloDetect.cpp:[m[K In member function â€˜[01m[Kvoid YoloDetect::topic_callback(test_interfaces::msg::TestImage_<std::allocator<void> >::SharedPtr)[m[Kâ€™:
[2.574s] [01m[K/ros2_test/AD_Middle_Test/ros2/src/detect_s/src/YoloDetect.cpp:88:27:[m[K [01;31m[Kerror: [m[Kcannot convert â€˜[01m[Ksensor_msgs::msg::Image_<std::allocator<void> >::_data_type[m[Kâ€™ {aka â€˜[01m[Kstd::vector<unsigned char, std::allocator<unsigned char> >[m[Kâ€™} to â€˜[01m[Kuchar*[m[Kâ€™ {aka â€˜[01m[Kunsigned char*[m[Kâ€™} in assignment
[2.574s]    88 |    tmp.data = [01;31m[Kmsg->test_a.data[m[K;
[2.575s]       |               [01;31m[K~~~~~~~~~~~~^~~~[m[K
[2.575s]       |                           [01;31m[K|[m[K
[2.575s]       |                           [01;31m[Ksensor_msgs::msg::Image_<std::allocator<void> >::_data_type {aka std::vector<unsigned char, std::allocator<unsigned char> >}[m[K
[4.268s] make[2]: *** [CMakeFiles/yoloDetect.dir/build.make:63: CMakeFiles/yoloDetect.dir/src/YoloDetect.cpp.o] Error 1
[4.268s] make[1]: *** [CMakeFiles/Makefile2:80: CMakeFiles/yoloDetect.dir/all] Error 2
[4.269s] make: *** [Makefile:141: all] Error 2
[4.271s] Invoked command in '/ros2_test/AD_Middle_Test/ros2/src/build/detect_s' returned '2': /usr/bin/cmake --build /ros2_test/AD_Middle_Test/ros2/src/build/detect_s -- -j5 -l5
