[0.000000] (-) TimerEvent: {}
[0.000737] (test_interfaces) JobQueued: {'identifier': 'test_interfaces', 'dependencies': OrderedDict()}
[0.001250] (turtlesim) JobQueued: {'identifier': 'turtlesim', 'dependencies': OrderedDict()}
[0.001300] (simple_s) JobQueued: {'identifier': 'simple_s', 'dependencies': OrderedDict([('test_interfaces', '/ros2_test/AD_Middle_Test/ros2/src/install/test_interfaces')])}
[0.001352] (test_interfaces) JobStarted: {'identifier': 'test_interfaces'}
[0.022168] (turtlesim) JobStarted: {'identifier': 'turtlesim'}
[0.039708] (test_interfaces) JobProgress: {'identifier': 'test_interfaces', 'progress': 'cmake'}
[0.040899] (test_interfaces) JobProgress: {'identifier': 'test_interfaces', 'progress': 'build'}
[0.042328] (test_interfaces) Command: {'cmd': ['/usr/bin/cmake', '--build', '/ros2_test/AD_Middle_Test/ros2/src/build/test_interfaces', '--', '-j30', '-l30'], 'cwd': '/ros2_test/AD_Middle_Test/ros2/src/build/test_interfaces', 'env': OrderedDict([('LESSOPEN', '| /usr/bin/lesspipe %s'), ('HOSTNAME', '3d2cb9766238'), ('ROS_PACKAGE_PATH', '/opt/ros/foxy/share'), ('SHLVL', '1'), ('LD_LIBRARY_PATH', '/ros2_test/AD_Middle_Test/ros2/src/install/test_interfaces/lib:/ros2_test/AD_Middle_Test/ros2/src/install/turtlesim/lib:/ros2_test/AD_Middle_Test/ros2/install/turtlesim/lib:/opt/ros/foxy/opt/yaml_cpp_vendor/lib:/opt/ros/foxy/opt/rviz_ogre_vendor/lib:/opt/ros/foxy/lib'), ('HOME', '/root'), ('OLDPWD', '/ros2_test/AD_Middle_Test/ros2/src/build'), ('ROS_PYTHON_VERSION', '3'), ('COLCON_PREFIX_PATH', '/ros2_test/AD_Middle_Test/ros2/src/install:/ros2_test/AD_Middle_Test/ros2/install:/opt/ros/foxy'), ('ROS_DISTRO', 'foxy'), ('_', '/usr/bin/colcon'), ('ROS_VERSION', '2'), ('PKG_CONFIG_PATH', '/opt/ros/foxy/lib/x86_64-linux-gnu/pkgconfig:/opt/ros/foxy/lib/pkgconfig'), ('TERM', 'xterm'), ('ROS_LOCALHOST_ONLY', '0'), ('PATH', '/opt/ros/foxy/bin:/usr/local/sbin:/usr/local/bin:/usr/sbin:/usr/bin:/sbin:/bin'), ('LANG', 'C.UTF-8'), ('LS_COLORS', 'rs=0:di=01;34:ln=01;36:mh=00:pi=40;33:so=01;35:do=01;35:bd=40;33;01:cd=40;33;01:or=40;31;01:mi=00:su=37;41:sg=30;43:ca=30;41:tw=30;42:ow=34;42:st=37;44:ex=01;32:*.tar=01;31:*.tgz=01;31:*.arc=01;31:*.arj=01;31:*.taz=01;31:*.lha=01;31:*.lz4=01;31:*.lzh=01;31:*.lzma=01;31:*.tlz=01;31:*.txz=01;31:*.tzo=01;31:*.t7z=01;31:*.zip=01;31:*.z=01;31:*.dz=01;31:*.gz=01;31:*.lrz=01;31:*.lz=01;31:*.lzo=01;31:*.xz=01;31:*.zst=01;31:*.tzst=01;31:*.bz2=01;31:*.bz=01;31:*.tbz=01;31:*.tbz2=01;31:*.tz=01;31:*.deb=01;31:*.rpm=01;31:*.jar=01;31:*.war=01;31:*.ear=01;31:*.sar=01;31:*.rar=01;31:*.alz=01;31:*.ace=01;31:*.zoo=01;31:*.cpio=01;31:*.7z=01;31:*.rz=01;31:*.cab=01;31:*.wim=01;31:*.swm=01;31:*.dwm=01;31:*.esd=01;31:*.jpg=01;35:*.jpeg=01;35:*.mjpg=01;35:*.mjpeg=01;35:*.gif=01;35:*.bmp=01;35:*.pbm=01;35:*.pgm=01;35:*.ppm=01;35:*.tga=01;35:*.xbm=01;35:*.xpm=01;35:*.tif=01;35:*.tiff=01;35:*.png=01;35:*.svg=01;35:*.svgz=01;35:*.mng=01;35:*.pcx=01;35:*.mov=01;35:*.mpg=01;35:*.mpeg=01;35:*.m2v=01;35:*.mkv=01;35:*.webm=01;35:*.ogm=01;35:*.mp4=01;35:*.m4v=01;35:*.mp4v=01;35:*.vob=01;35:*.qt=01;35:*.nuv=01;35:*.wmv=01;35:*.asf=01;35:*.rm=01;35:*.rmvb=01;35:*.flc=01;35:*.avi=01;35:*.fli=01;35:*.flv=01;35:*.gl=01;35:*.dl=01;35:*.xcf=01;35:*.xwd=01;35:*.yuv=01;35:*.cgm=01;35:*.emf=01;35:*.ogv=01;35:*.ogx=01;35:*.aac=00;36:*.au=00;36:*.flac=00;36:*.m4a=00;36:*.mid=00;36:*.midi=00;36:*.mka=00;36:*.mp3=00;36:*.mpc=00;36:*.ogg=00;36:*.ra=00;36:*.wav=00;36:*.oga=00;36:*.opus=00;36:*.spx=00;36:*.xspf=00;36:'), ('ROSDISTRO_INDEX_URL', 'https://raw.githubusercontent.com/osrf/docker_images/master/ros2/nightly/nightly/index-v4.yaml'), ('AMENT_PREFIX_PATH', '/ros2_test/AD_Middle_Test/ros2/src/install/test_interfaces:/ros2_test/AD_Middle_Test/ros2/src/install/turtlesim:/ros2_test/AD_Middle_Test/ros2/src/install/simple_s:/ros2_test/AD_Middle_Test/ros2/install/simple_s:/ros2_test/AD_Middle_Test/ros2/install/turtlesim:/opt/ros/foxy'), ('LESSCLOSE', '/usr/bin/lesspipe %s %s'), ('PWD', '/ros2_test/AD_Middle_Test/ros2/src/build/test_interfaces'), ('LC_ALL', 'C.UTF-8'), ('PYTHONPATH', '/ros2_test/AD_Middle_Test/ros2/src/install/test_interfaces/lib/python3.8/site-packages:/ros2_test/AD_Middle_Test/ros2/src/install/turtlesim/lib/python3.8/site-packages:/ros2_test/AD_Middle_Test/ros2/install/turtlesim/lib/python3.8/site-packages:/opt/ros/foxy/lib/python3.8/site-packages'), ('COLCON', '1'), ('CMAKE_PREFIX_PATH', '/ros2_test/AD_Middle_Test/ros2/src/install/test_interfaces:/ros2_test/AD_Middle_Test/ros2/src/install/turtlesim:/ros2_test/AD_Middle_Test/ros2/src/install/simple_s:/ros2_test/AD_Middle_Test/ros2/install/simple_s:/ros2_test/AD_Middle_Test/ros2/install/turtlesim:/opt/ros/foxy')]), 'shell': False}
[0.051217] (turtlesim) JobProgress: {'identifier': 'turtlesim', 'progress': 'cmake'}
[0.052535] (turtlesim) JobProgress: {'identifier': 'turtlesim', 'progress': 'build'}
[0.054859] (turtlesim) Command: {'cmd': ['/usr/bin/cmake', '--build', '/ros2_test/AD_Middle_Test/ros2/src/build/turtlesim', '--', '-j30', '-l30'], 'cwd': '/ros2_test/AD_Middle_Test/ros2/src/build/turtlesim', 'env': OrderedDict([('LESSOPEN', '| /usr/bin/lesspipe %s'), ('HOSTNAME', '3d2cb9766238'), ('ROS_PACKAGE_PATH', '/opt/ros/foxy/share'), ('SHLVL', '1'), ('LD_LIBRARY_PATH', '/ros2_test/AD_Middle_Test/ros2/src/install/test_interfaces/lib:/ros2_test/AD_Middle_Test/ros2/src/install/turtlesim/lib:/ros2_test/AD_Middle_Test/ros2/install/turtlesim/lib:/opt/ros/foxy/opt/yaml_cpp_vendor/lib:/opt/ros/foxy/opt/rviz_ogre_vendor/lib:/opt/ros/foxy/lib'), ('HOME', '/root'), ('OLDPWD', '/ros2_test/AD_Middle_Test/ros2/src/build'), ('ROS_PYTHON_VERSION', '3'), ('COLCON_PREFIX_PATH', '/ros2_test/AD_Middle_Test/ros2/src/install:/ros2_test/AD_Middle_Test/ros2/install:/opt/ros/foxy'), ('ROS_DISTRO', 'foxy'), ('_', '/usr/bin/colcon'), ('ROS_VERSION', '2'), ('PKG_CONFIG_PATH', '/opt/ros/foxy/lib/x86_64-linux-gnu/pkgconfig:/opt/ros/foxy/lib/pkgconfig'), ('TERM', 'xterm'), ('ROS_LOCALHOST_ONLY', '0'), ('PATH', '/opt/ros/foxy/bin:/usr/local/sbin:/usr/local/bin:/usr/sbin:/usr/bin:/sbin:/bin'), ('LANG', 'C.UTF-8'), ('LS_COLORS', 'rs=0:di=01;34:ln=01;36:mh=00:pi=40;33:so=01;35:do=01;35:bd=40;33;01:cd=40;33;01:or=40;31;01:mi=00:su=37;41:sg=30;43:ca=30;41:tw=30;42:ow=34;42:st=37;44:ex=01;32:*.tar=01;31:*.tgz=01;31:*.arc=01;31:*.arj=01;31:*.taz=01;31:*.lha=01;31:*.lz4=01;31:*.lzh=01;31:*.lzma=01;31:*.tlz=01;31:*.txz=01;31:*.tzo=01;31:*.t7z=01;31:*.zip=01;31:*.z=01;31:*.dz=01;31:*.gz=01;31:*.lrz=01;31:*.lz=01;31:*.lzo=01;31:*.xz=01;31:*.zst=01;31:*.tzst=01;31:*.bz2=01;31:*.bz=01;31:*.tbz=01;31:*.tbz2=01;31:*.tz=01;31:*.deb=01;31:*.rpm=01;31:*.jar=01;31:*.war=01;31:*.ear=01;31:*.sar=01;31:*.rar=01;31:*.alz=01;31:*.ace=01;31:*.zoo=01;31:*.cpio=01;31:*.7z=01;31:*.rz=01;31:*.cab=01;31:*.wim=01;31:*.swm=01;31:*.dwm=01;31:*.esd=01;31:*.jpg=01;35:*.jpeg=01;35:*.mjpg=01;35:*.mjpeg=01;35:*.gif=01;35:*.bmp=01;35:*.pbm=01;35:*.pgm=01;35:*.ppm=01;35:*.tga=01;35:*.xbm=01;35:*.xpm=01;35:*.tif=01;35:*.tiff=01;35:*.png=01;35:*.svg=01;35:*.svgz=01;35:*.mng=01;35:*.pcx=01;35:*.mov=01;35:*.mpg=01;35:*.mpeg=01;35:*.m2v=01;35:*.mkv=01;35:*.webm=01;35:*.ogm=01;35:*.mp4=01;35:*.m4v=01;35:*.mp4v=01;35:*.vob=01;35:*.qt=01;35:*.nuv=01;35:*.wmv=01;35:*.asf=01;35:*.rm=01;35:*.rmvb=01;35:*.flc=01;35:*.avi=01;35:*.fli=01;35:*.flv=01;35:*.gl=01;35:*.dl=01;35:*.xcf=01;35:*.xwd=01;35:*.yuv=01;35:*.cgm=01;35:*.emf=01;35:*.ogv=01;35:*.ogx=01;35:*.aac=00;36:*.au=00;36:*.flac=00;36:*.m4a=00;36:*.mid=00;36:*.midi=00;36:*.mka=00;36:*.mp3=00;36:*.mpc=00;36:*.ogg=00;36:*.ra=00;36:*.wav=00;36:*.oga=00;36:*.opus=00;36:*.spx=00;36:*.xspf=00;36:'), ('ROSDISTRO_INDEX_URL', 'https://raw.githubusercontent.com/osrf/docker_images/master/ros2/nightly/nightly/index-v4.yaml'), ('AMENT_PREFIX_PATH', '/ros2_test/AD_Middle_Test/ros2/src/install/test_interfaces:/ros2_test/AD_Middle_Test/ros2/src/install/turtlesim:/ros2_test/AD_Middle_Test/ros2/src/install/simple_s:/ros2_test/AD_Middle_Test/ros2/install/simple_s:/ros2_test/AD_Middle_Test/ros2/install/turtlesim:/opt/ros/foxy'), ('LESSCLOSE', '/usr/bin/lesspipe %s %s'), ('PWD', '/ros2_test/AD_Middle_Test/ros2/src/build/turtlesim'), ('LC_ALL', 'C.UTF-8'), ('PYTHONPATH', '/ros2_test/AD_Middle_Test/ros2/src/install/test_interfaces/lib/python3.8/site-packages:/ros2_test/AD_Middle_Test/ros2/src/install/turtlesim/lib/python3.8/site-packages:/ros2_test/AD_Middle_Test/ros2/install/turtlesim/lib/python3.8/site-packages:/opt/ros/foxy/lib/python3.8/site-packages'), ('COLCON', '1'), ('CMAKE_PREFIX_PATH', '/ros2_test/AD_Middle_Test/ros2/src/install/test_interfaces:/ros2_test/AD_Middle_Test/ros2/src/install/turtlesim:/ros2_test/AD_Middle_Test/ros2/src/install/simple_s:/ros2_test/AD_Middle_Test/ros2/install/simple_s:/ros2_test/AD_Middle_Test/ros2/install/turtlesim:/opt/ros/foxy')]), 'shell': False}
[0.099516] (-) TimerEvent: {}
[0.122261] (test_interfaces) StdoutLine: {'line': b'[  3%] Built target test_interfaces__cpp\n'}
[0.124042] (test_interfaces) StdoutLine: {'line': b'[ 12%] Built target test_interfaces__rosidl_generator_c\n'}
[0.138653] (turtlesim) StdoutLine: {'line': b'[  1%] Built target turtlesim__cpp\n'}
[0.142451] (turtlesim) StdoutLine: {'line': b'[ 11%] Built target turtlesim__rosidl_generator_c\n'}
[0.154725] (test_interfaces) StdoutLine: {'line': b'[ 22%] Built target test_interfaces__rosidl_typesupport_cpp\n'}
[0.155670] (test_interfaces) StdoutLine: {'line': b'[ 32%] Built target test_interfaces__rosidl_typesupport_introspection_cpp\n'}
[0.156729] (test_interfaces) StdoutLine: {'line': b'[ 41%] Built target test_interfaces__rosidl_typesupport_c\n'}
[0.156953] (test_interfaces) StdoutLine: {'line': b'[ 51%] Built target test_interfaces__rosidl_typesupport_introspection_c\n'}
[0.159424] (test_interfaces) StdoutLine: {'line': b'[ 61%] Built target test_interfaces__rosidl_typesupport_fastrtps_cpp\n'}
[0.175409] (turtlesim) StdoutLine: {'line': b'[ 21%] Built target turtlesim__rosidl_typesupport_cpp\n'}
[0.178055] (turtlesim) StdoutLine: {'line': b'[ 31%] Built target turtlesim__rosidl_typesupport_introspection_cpp\n'}
[0.179057] (turtlesim) StdoutLine: {'line': b'[ 41%] Built target turtlesim__rosidl_typesupport_c\n'}
[0.180304] (turtlesim) StdoutLine: {'line': b'[ 51%] Built target turtlesim__rosidl_typesupport_introspection_c\n'}
[0.183473] (turtlesim) StdoutLine: {'line': b'[ 61%] Built target turtlesim__rosidl_typesupport_fastrtps_cpp\n'}
[0.194340] (test_interfaces) StdoutLine: {'line': b'[ 70%] Built target test_interfaces__rosidl_typesupport_fastrtps_c\n'}
[0.199579] (-) TimerEvent: {}
[0.221940] (test_interfaces) StdoutLine: {'line': b'[ 70%] Built target test_interfaces\n'}
[0.225259] (turtlesim) StdoutLine: {'line': b'[ 71%] Built target turtlesim__rosidl_typesupport_fastrtps_c\n'}
[0.250157] (test_interfaces) StdoutLine: {'line': b'[ 74%] Built target test_interfaces__py\n'}
[0.253208] (turtlesim) StdoutLine: {'line': b'[ 71%] Built target turtlesim\n'}
[0.283741] (turtlesim) StdoutLine: {'line': b'[ 72%] Built target turtlesim__py\n'}
[0.286024] (test_interfaces) StdoutLine: {'line': b'[ 80%] Built target test_interfaces__python\n'}
[0.296631] (turtlesim) StdoutLine: {'line': b'[ 74%] Built target mimic\n'}
[0.297124] (turtlesim) StdoutLine: {'line': b'[ 76%] Built target draw_square\n'}
[0.297934] (turtlesim) StdoutLine: {'line': b'[ 78%] Built target turtle_teleop_key\n'}
[0.299671] (-) TimerEvent: {}
[0.319293] (turtlesim) StdoutLine: {'line': b'[ 84%] Built target turtlesim_node\n'}
[0.322316] (test_interfaces) StdoutLine: {'line': b'[ 93%] Built target test_interfaces__rosidl_typesupport_introspection_c__pyext\n'}
[0.322548] (test_interfaces) StdoutLine: {'line': b'[ 93%] Built target test_interfaces__rosidl_typesupport_c__pyext\n'}
[0.322704] (test_interfaces) StdoutLine: {'line': b'[100%] Built target test_interfaces__rosidl_typesupport_fastrtps_c__pyext\n'}
[0.327870] (turtlesim) StdoutLine: {'line': b'[ 93%] Built target turtlesim__python\n'}
[0.338074] (test_interfaces) CommandEnded: {'returncode': 0}
[0.365752] (turtlesim) StdoutLine: {'line': b'[ 95%] Built target turtlesim__rosidl_typesupport_c__pyext\n'}
[0.366267] (turtlesim) StdoutLine: {'line': b'[ 97%] Built target turtlesim__rosidl_typesupport_introspection_c__pyext\n'}
[0.366545] (turtlesim) StdoutLine: {'line': b'[100%] Built target turtlesim__rosidl_typesupport_fastrtps_c__pyext\n'}
[0.382586] (turtlesim) CommandEnded: {'returncode': 0}
[0.399825] (-) TimerEvent: {}
[0.407031] (test_interfaces) JobProgress: {'identifier': 'test_interfaces', 'progress': 'install'}
[0.422512] (test_interfaces) Command: {'cmd': ['/usr/bin/cmake', '--install', '/ros2_test/AD_Middle_Test/ros2/src/build/test_interfaces'], 'cwd': '/ros2_test/AD_Middle_Test/ros2/src/build/test_interfaces', 'env': OrderedDict([('LESSOPEN', '| /usr/bin/lesspipe %s'), ('HOSTNAME', '3d2cb9766238'), ('ROS_PACKAGE_PATH', '/opt/ros/foxy/share'), ('SHLVL', '1'), ('LD_LIBRARY_PATH', '/ros2_test/AD_Middle_Test/ros2/src/install/test_interfaces/lib:/ros2_test/AD_Middle_Test/ros2/src/install/turtlesim/lib:/ros2_test/AD_Middle_Test/ros2/install/turtlesim/lib:/opt/ros/foxy/opt/yaml_cpp_vendor/lib:/opt/ros/foxy/opt/rviz_ogre_vendor/lib:/opt/ros/foxy/lib'), ('HOME', '/root'), ('OLDPWD', '/ros2_test/AD_Middle_Test/ros2/src/build'), ('ROS_PYTHON_VERSION', '3'), ('COLCON_PREFIX_PATH', '/ros2_test/AD_Middle_Test/ros2/src/install:/ros2_test/AD_Middle_Test/ros2/install:/opt/ros/foxy'), ('ROS_DISTRO', 'foxy'), ('_', '/usr/bin/colcon'), ('ROS_VERSION', '2'), ('PKG_CONFIG_PATH', '/opt/ros/foxy/lib/x86_64-linux-gnu/pkgconfig:/opt/ros/foxy/lib/pkgconfig'), ('TERM', 'xterm'), ('ROS_LOCALHOST_ONLY', '0'), ('PATH', '/opt/ros/foxy/bin:/usr/local/sbin:/usr/local/bin:/usr/sbin:/usr/bin:/sbin:/bin'), ('LANG', 'C.UTF-8'), ('LS_COLORS', 'rs=0:di=01;34:ln=01;36:mh=00:pi=40;33:so=01;35:do=01;35:bd=40;33;01:cd=40;33;01:or=40;31;01:mi=00:su=37;41:sg=30;43:ca=30;41:tw=30;42:ow=34;42:st=37;44:ex=01;32:*.tar=01;31:*.tgz=01;31:*.arc=01;31:*.arj=01;31:*.taz=01;31:*.lha=01;31:*.lz4=01;31:*.lzh=01;31:*.lzma=01;31:*.tlz=01;31:*.txz=01;31:*.tzo=01;31:*.t7z=01;31:*.zip=01;31:*.z=01;31:*.dz=01;31:*.gz=01;31:*.lrz=01;31:*.lz=01;31:*.lzo=01;31:*.xz=01;31:*.zst=01;31:*.tzst=01;31:*.bz2=01;31:*.bz=01;31:*.tbz=01;31:*.tbz2=01;31:*.tz=01;31:*.deb=01;31:*.rpm=01;31:*.jar=01;31:*.war=01;31:*.ear=01;31:*.sar=01;31:*.rar=01;31:*.alz=01;31:*.ace=01;31:*.zoo=01;31:*.cpio=01;31:*.7z=01;31:*.rz=01;31:*.cab=01;31:*.wim=01;31:*.swm=01;31:*.dwm=01;31:*.esd=01;31:*.jpg=01;35:*.jpeg=01;35:*.mjpg=01;35:*.mjpeg=01;35:*.gif=01;35:*.bmp=01;35:*.pbm=01;35:*.pgm=01;35:*.ppm=01;35:*.tga=01;35:*.xbm=01;35:*.xpm=01;35:*.tif=01;35:*.tiff=01;35:*.png=01;35:*.svg=01;35:*.svgz=01;35:*.mng=01;35:*.pcx=01;35:*.mov=01;35:*.mpg=01;35:*.mpeg=01;35:*.m2v=01;35:*.mkv=01;35:*.webm=01;35:*.ogm=01;35:*.mp4=01;35:*.m4v=01;35:*.mp4v=01;35:*.vob=01;35:*.qt=01;35:*.nuv=01;35:*.wmv=01;35:*.asf=01;35:*.rm=01;35:*.rmvb=01;35:*.flc=01;35:*.avi=01;35:*.fli=01;35:*.flv=01;35:*.gl=01;35:*.dl=01;35:*.xcf=01;35:*.xwd=01;35:*.yuv=01;35:*.cgm=01;35:*.emf=01;35:*.ogv=01;35:*.ogx=01;35:*.aac=00;36:*.au=00;36:*.flac=00;36:*.m4a=00;36:*.mid=00;36:*.midi=00;36:*.mka=00;36:*.mp3=00;36:*.mpc=00;36:*.ogg=00;36:*.ra=00;36:*.wav=00;36:*.oga=00;36:*.opus=00;36:*.spx=00;36:*.xspf=00;36:'), ('ROSDISTRO_INDEX_URL', 'https://raw.githubusercontent.com/osrf/docker_images/master/ros2/nightly/nightly/index-v4.yaml'), ('AMENT_PREFIX_PATH', '/ros2_test/AD_Middle_Test/ros2/src/install/test_interfaces:/ros2_test/AD_Middle_Test/ros2/src/install/turtlesim:/ros2_test/AD_Middle_Test/ros2/src/install/simple_s:/ros2_test/AD_Middle_Test/ros2/install/simple_s:/ros2_test/AD_Middle_Test/ros2/install/turtlesim:/opt/ros/foxy'), ('LESSCLOSE', '/usr/bin/lesspipe %s %s'), ('PWD', '/ros2_test/AD_Middle_Test/ros2/src/build/test_interfaces'), ('LC_ALL', 'C.UTF-8'), ('PYTHONPATH', '/ros2_test/AD_Middle_Test/ros2/src/install/test_interfaces/lib/python3.8/site-packages:/ros2_test/AD_Middle_Test/ros2/src/install/turtlesim/lib/python3.8/site-packages:/ros2_test/AD_Middle_Test/ros2/install/turtlesim/lib/python3.8/site-packages:/opt/ros/foxy/lib/python3.8/site-packages'), ('COLCON', '1'), ('CMAKE_PREFIX_PATH', '/ros2_test/AD_Middle_Test/ros2/src/install/test_interfaces:/ros2_test/AD_Middle_Test/ros2/src/install/turtlesim:/ros2_test/AD_Middle_Test/ros2/src/install/simple_s:/ros2_test/AD_Middle_Test/ros2/install/simple_s:/ros2_test/AD_Middle_Test/ros2/install/turtlesim:/opt/ros/foxy')]), 'shell': False}
[0.436035] (test_interfaces) StdoutLine: {'line': b'-- Install configuration: ""\n'}
[0.436271] (test_interfaces) StdoutLine: {'line': b'-- Up-to-date: /ros2_test/AD_Middle_Test/ros2/src/install/test_interfaces/share/ament_index/resource_index/rosidl_interfaces/test_interfaces\n'}
[0.436545] (test_interfaces) StdoutLine: {'line': b'-- Up-to-date: /ros2_test/AD_Middle_Test/ros2/src/install/test_interfaces/lib/libtest_interfaces__rosidl_typesupport_c.so\n'}
[0.436977] (test_interfaces) StdoutLine: {'line': b'-- Up-to-date: /ros2_test/AD_Middle_Test/ros2/src/install/test_interfaces/share/test_interfaces/environment/library_path.sh\n'}
[0.437168] (test_interfaces) StdoutLine: {'line': b'-- Up-to-date: /ros2_test/AD_Middle_Test/ros2/src/install/test_interfaces/share/test_interfaces/environment/library_path.dsv\n'}
[0.437459] (test_interfaces) StdoutLine: {'line': b'-- Up-to-date: /ros2_test/AD_Middle_Test/ros2/src/install/test_interfaces/lib/libtest_interfaces__rosidl_typesupport_cpp.so\n'}
[0.437813] (test_interfaces) StdoutLine: {'line': b'-- Up-to-date: /ros2_test/AD_Middle_Test/ros2/src/install/test_interfaces/include/test_interfaces\n'}
[0.438023] (test_interfaces) StdoutLine: {'line': b'-- Up-to-date: /ros2_test/AD_Middle_Test/ros2/src/install/test_interfaces/include/test_interfaces/msg\n'}
[0.438250] (test_interfaces) StdoutLine: {'line': b'-- Up-to-date: /ros2_test/AD_Middle_Test/ros2/src/install/test_interfaces/include/test_interfaces/msg/test__rosidl_typesupport_fastrtps_c.h\n'}
[0.438418] (test_interfaces) StdoutLine: {'line': b'-- Up-to-date: /ros2_test/AD_Middle_Test/ros2/src/install/test_interfaces/include/test_interfaces/msg/rosidl_typesupport_fastrtps_c__visibility_control.h\n'}
[0.438560] (test_interfaces) StdoutLine: {'line': b'-- Up-to-date: /ros2_test/AD_Middle_Test/ros2/src/install/test_interfaces/lib/libtest_interfaces__rosidl_typesupport_fastrtps_c.so\n'}
[0.438840] (test_interfaces) StdoutLine: {'line': b'-- Up-to-date: /ros2_test/AD_Middle_Test/ros2/src/install/test_interfaces/include/test_interfaces\n'}
[0.439154] (test_interfaces) StdoutLine: {'line': b'-- Up-to-date: /ros2_test/AD_Middle_Test/ros2/src/install/test_interfaces/include/test_interfaces/msg\n'}
[0.439294] (test_interfaces) StdoutLine: {'line': b'-- Up-to-date: /ros2_test/AD_Middle_Test/ros2/src/install/test_interfaces/include/test_interfaces/msg/dds_fastrtps\n'}
[0.439433] (test_interfaces) StdoutLine: {'line': b'-- Up-to-date: /ros2_test/AD_Middle_Test/ros2/src/install/test_interfaces/include/test_interfaces/msg/rosidl_typesupport_fastrtps_cpp__visibility_control.h\n'}
[0.439601] (test_interfaces) StdoutLine: {'line': b'-- Up-to-date: /ros2_test/AD_Middle_Test/ros2/src/install/test_interfaces/include/test_interfaces/msg/test__rosidl_typesupport_fastrtps_cpp.hpp\n'}
[0.439741] (test_interfaces) StdoutLine: {'line': b'-- Up-to-date: /ros2_test/AD_Middle_Test/ros2/src/install/test_interfaces/lib/libtest_interfaces__rosidl_typesupport_fastrtps_cpp.so\n'}
[0.440056] (test_interfaces) StdoutLine: {'line': b'-- Up-to-date: /ros2_test/AD_Middle_Test/ros2/src/install/test_interfaces/include/test_interfaces\n'}
[0.440250] (test_interfaces) StdoutLine: {'line': b'-- Up-to-date: /ros2_test/AD_Middle_Test/ros2/src/install/test_interfaces/include/test_interfaces/msg\n'}
[0.440391] (test_interfaces) StdoutLine: {'line': b'-- Up-to-date: /ros2_test/AD_Middle_Test/ros2/src/install/test_interfaces/include/test_interfaces/msg/rosidl_typesupport_introspection_c__visibility_control.h\n'}
[0.440557] (test_interfaces) StdoutLine: {'line': b'-- Up-to-date: /ros2_test/AD_Middle_Test/ros2/src/install/test_interfaces/include/test_interfaces/msg/detail\n'}
[0.440791] (test_interfaces) StdoutLine: {'line': b'-- Up-to-date: /ros2_test/AD_Middle_Test/ros2/src/install/test_interfaces/include/test_interfaces/msg/detail/test__type_support.c\n'}
[0.440933] (test_interfaces) StdoutLine: {'line': b'-- Up-to-date: /ros2_test/AD_Middle_Test/ros2/src/install/test_interfaces/include/test_interfaces/msg/detail/test__rosidl_typesupport_introspection_c.h\n'}
[0.441182] (test_interfaces) StdoutLine: {'line': b'-- Up-to-date: /ros2_test/AD_Middle_Test/ros2/src/install/test_interfaces/lib/libtest_interfaces__rosidl_typesupport_introspection_c.so\n'}
[0.441335] (test_interfaces) StdoutLine: {'line': b'-- Up-to-date: /ros2_test/AD_Middle_Test/ros2/src/install/test_interfaces/include/test_interfaces\n'}
[0.441657] (test_interfaces) StdoutLine: {'line': b'-- Up-to-date: /ros2_test/AD_Middle_Test/ros2/src/install/test_interfaces/include/test_interfaces/msg\n'}
[0.441875] (test_interfaces) StdoutLine: {'line': b'-- Up-to-date: /ros2_test/AD_Middle_Test/ros2/src/install/test_interfaces/include/test_interfaces/msg/detail\n'}
[0.442187] (test_interfaces) StdoutLine: {'line': b'-- Up-to-date: /ros2_test/AD_Middle_Test/ros2/src/install/test_interfaces/include/test_interfaces/msg/detail/test__type_support.cpp\n'}
[0.442569] (test_interfaces) StdoutLine: {'line': b'-- Up-to-date: /ros2_test/AD_Middle_Test/ros2/src/install/test_interfaces/include/test_interfaces/msg/detail/test__rosidl_typesupport_introspection_cpp.hpp\n'}
[0.442751] (test_interfaces) StdoutLine: {'line': b'-- Up-to-date: /ros2_test/AD_Middle_Test/ros2/src/install/test_interfaces/lib/libtest_interfaces__rosidl_typesupport_introspection_cpp.so\n'}
[0.442918] (test_interfaces) StdoutLine: {'line': b'-- Up-to-date: /ros2_test/AD_Middle_Test/ros2/src/install/test_interfaces/include/test_interfaces\n'}
[0.443060] (test_interfaces) StdoutLine: {'line': b'-- Up-to-date: /ros2_test/AD_Middle_Test/ros2/src/install/test_interfaces/include/test_interfaces/msg\n'}
[0.443376] (test_interfaces) StdoutLine: {'line': b'-- Up-to-date: /ros2_test/AD_Middle_Test/ros2/src/install/test_interfaces/include/test_interfaces/msg/detail\n'}
[0.443592] (test_interfaces) StdoutLine: {'line': b'-- Up-to-date: /ros2_test/AD_Middle_Test/ros2/src/install/test_interfaces/include/test_interfaces/msg/detail/test__functions.c\n'}
[0.443786] (test_interfaces) StdoutLine: {'line': b'-- Up-to-date: /ros2_test/AD_Middle_Test/ros2/src/install/test_interfaces/include/test_interfaces/msg/detail/test__struct.h\n'}
[0.443927] (test_interfaces) StdoutLine: {'line': b'-- Up-to-date: /ros2_test/AD_Middle_Test/ros2/src/install/test_interfaces/include/test_interfaces/msg/detail/test__functions.h\n'}
[0.444151] (test_interfaces) StdoutLine: {'line': b'-- Up-to-date: /ros2_test/AD_Middle_Test/ros2/src/install/test_interfaces/include/test_interfaces/msg/detail/test__type_support.h\n'}
[0.444292] (test_interfaces) StdoutLine: {'line': b'-- Up-to-date: /ros2_test/AD_Middle_Test/ros2/src/install/test_interfaces/include/test_interfaces/msg/test.h\n'}
[0.444430] (test_interfaces) StdoutLine: {'line': b'-- Up-to-date: /ros2_test/AD_Middle_Test/ros2/src/install/test_interfaces/include/test_interfaces/msg/rosidl_generator_c__visibility_control.h\n'}
[0.444569] (test_interfaces) StdoutLine: {'line': b'-- Up-to-date: /ros2_test/AD_Middle_Test/ros2/src/install/test_interfaces/lib/libtest_interfaces__rosidl_generator_c.so\n'}
[0.444707] (test_interfaces) StdoutLine: {'line': b'-- Up-to-date: /ros2_test/AD_Middle_Test/ros2/src/install/test_interfaces/include/test_interfaces\n'}
[0.444929] (test_interfaces) StdoutLine: {'line': b'-- Up-to-date: /ros2_test/AD_Middle_Test/ros2/src/install/test_interfaces/include/test_interfaces/msg\n'}
[0.445070] (test_interfaces) StdoutLine: {'line': b'-- Up-to-date: /ros2_test/AD_Middle_Test/ros2/src/install/test_interfaces/include/test_interfaces/msg/test.hpp\n'}
[0.445209] (test_interfaces) StdoutLine: {'line': b'-- Up-to-date: /ros2_test/AD_Middle_Test/ros2/src/install/test_interfaces/include/test_interfaces/msg/detail\n'}
[0.445347] (test_interfaces) StdoutLine: {'line': b'-- Up-to-date: /ros2_test/AD_Middle_Test/ros2/src/install/test_interfaces/include/test_interfaces/msg/detail/test__builder.hpp\n'}
[0.445484] (test_interfaces) StdoutLine: {'line': b'-- Up-to-date: /ros2_test/AD_Middle_Test/ros2/src/install/test_interfaces/include/test_interfaces/msg/detail/test__struct.hpp\n'}
[0.445701] (test_interfaces) StdoutLine: {'line': b'-- Up-to-date: /ros2_test/AD_Middle_Test/ros2/src/install/test_interfaces/include/test_interfaces/msg/detail/test__traits.hpp\n'}
[0.445851] (test_interfaces) StdoutLine: {'line': b'-- Up-to-date: /ros2_test/AD_Middle_Test/ros2/src/install/test_interfaces/share/test_interfaces/environment/pythonpath.sh\n'}
[0.445990] (test_interfaces) StdoutLine: {'line': b'-- Up-to-date: /ros2_test/AD_Middle_Test/ros2/src/install/test_interfaces/share/test_interfaces/environment/pythonpath.dsv\n'}
[0.446129] (test_interfaces) StdoutLine: {'line': b'-- Up-to-date: /ros2_test/AD_Middle_Test/ros2/src/install/test_interfaces/lib/python3.8/site-packages/test_interfaces/__init__.py\n'}
[0.499182] (test_interfaces) StdoutLine: {'line': b'-- Up-to-date: /ros2_test/AD_Middle_Test/ros2/src/install/test_interfaces/lib/python3.8/site-packages/test_interfaces/msg\n'}
[0.499517] (test_interfaces) StdoutLine: {'line': b'-- Up-to-date: /ros2_test/AD_Middle_Test/ros2/src/install/test_interfaces/lib/python3.8/site-packages/test_interfaces/msg/_test_s.c\n'}
[0.499678] (test_interfaces) StdoutLine: {'line': b'-- Up-to-date: /ros2_test/AD_Middle_Test/ros2/src/install/test_interfaces/lib/python3.8/site-packages/test_interfaces/msg/_test.py\n'}
[0.499815] (-) TimerEvent: {}
[0.500052] (test_interfaces) StdoutLine: {'line': b'-- Up-to-date: /ros2_test/AD_Middle_Test/ros2/src/install/test_interfaces/lib/python3.8/site-packages/test_interfaces/msg/__init__.py\n'}
[0.500371] (test_interfaces) StdoutLine: {'line': b'-- Up-to-date: /ros2_test/AD_Middle_Test/ros2/src/install/test_interfaces/lib/python3.8/site-packages/test_interfaces/test_interfaces_s__rosidl_typesupport_fastrtps_c.cpython-38-x86_64-linux-gnu.so\n'}
[0.501050] (test_interfaces) StdoutLine: {'line': b'-- Up-to-date: /ros2_test/AD_Middle_Test/ros2/src/install/test_interfaces/lib/python3.8/site-packages/test_interfaces/test_interfaces_s__rosidl_typesupport_introspection_c.cpython-38-x86_64-linux-gnu.so\n'}
[0.502113] (test_interfaces) StdoutLine: {'line': b'-- Up-to-date: /ros2_test/AD_Middle_Test/ros2/src/install/test_interfaces/lib/python3.8/site-packages/test_interfaces/test_interfaces_s__rosidl_typesupport_c.cpython-38-x86_64-linux-gnu.so\n'}
[0.502961] (test_interfaces) StdoutLine: {'line': b'-- Up-to-date: /ros2_test/AD_Middle_Test/ros2/src/install/test_interfaces/lib/libtest_interfaces__python.so\n'}
[0.503363] (test_interfaces) StdoutLine: {'line': b'-- Up-to-date: /ros2_test/AD_Middle_Test/ros2/src/install/test_interfaces/share/test_interfaces/msg/Test.idl\n'}
[0.503536] (test_interfaces) StdoutLine: {'line': b'-- Up-to-date: /ros2_test/AD_Middle_Test/ros2/src/install/test_interfaces/share/test_interfaces/msg/Test.msg\n'}
[0.503737] (test_interfaces) StdoutLine: {'line': b'-- Up-to-date: /ros2_test/AD_Middle_Test/ros2/src/install/test_interfaces/share/ament_index/resource_index/package_run_dependencies/test_interfaces\n'}
[0.503932] (test_interfaces) StdoutLine: {'line': b'-- Up-to-date: /ros2_test/AD_Middle_Test/ros2/src/install/test_interfaces/share/ament_index/resource_index/parent_prefix_path/test_interfaces\n'}
[0.504253] (test_interfaces) StdoutLine: {'line': b'-- Up-to-date: /ros2_test/AD_Middle_Test/ros2/src/install/test_interfaces/share/test_interfaces/environment/ament_prefix_path.sh\n'}
[0.504450] (test_interfaces) StdoutLine: {'line': b'-- Up-to-date: /ros2_test/AD_Middle_Test/ros2/src/install/test_interfaces/share/test_interfaces/environment/ament_prefix_path.dsv\n'}
[0.504650] (test_interfaces) StdoutLine: {'line': b'-- Up-to-date: /ros2_test/AD_Middle_Test/ros2/src/install/test_interfaces/share/test_interfaces/environment/path.sh\n'}
[0.504896] (test_interfaces) StdoutLine: {'line': b'-- Up-to-date: /ros2_test/AD_Middle_Test/ros2/src/install/test_interfaces/share/test_interfaces/environment/path.dsv\n'}
[0.505089] (test_interfaces) StdoutLine: {'line': b'-- Up-to-date: /ros2_test/AD_Middle_Test/ros2/src/install/test_interfaces/share/test_interfaces/local_setup.bash\n'}
[0.505260] (test_interfaces) StdoutLine: {'line': b'-- Up-to-date: /ros2_test/AD_Middle_Test/ros2/src/install/test_interfaces/share/test_interfaces/local_setup.sh\n'}
[0.505473] (test_interfaces) StdoutLine: {'line': b'-- Up-to-date: /ros2_test/AD_Middle_Test/ros2/src/install/test_interfaces/share/test_interfaces/local_setup.zsh\n'}
[0.505718] (test_interfaces) StdoutLine: {'line': b'-- Up-to-date: /ros2_test/AD_Middle_Test/ros2/src/install/test_interfaces/share/test_interfaces/local_setup.dsv\n'}
[0.505857] (test_interfaces) StdoutLine: {'line': b'-- Installing: /ros2_test/AD_Middle_Test/ros2/src/install/test_interfaces/share/test_interfaces/package.dsv\n'}
[0.505995] (test_interfaces) StdoutLine: {'line': b'-- Up-to-date: /ros2_test/AD_Middle_Test/ros2/src/install/test_interfaces/share/ament_index/resource_index/packages/test_interfaces\n'}
[0.506133] (test_interfaces) StdoutLine: {'line': b'-- Up-to-date: /ros2_test/AD_Middle_Test/ros2/src/install/test_interfaces/share/test_interfaces/cmake/rosidl_cmake-extras.cmake\n'}
[0.506272] (test_interfaces) StdoutLine: {'line': b'-- Up-to-date: /ros2_test/AD_Middle_Test/ros2/src/install/test_interfaces/share/test_interfaces/cmake/ament_cmake_export_libraries-extras.cmake\n'}
[0.506536] (test_interfaces) StdoutLine: {'line': b'-- Up-to-date: /ros2_test/AD_Middle_Test/ros2/src/install/test_interfaces/share/test_interfaces/cmake/ament_cmake_export_include_directories-extras.cmake\n'}
[0.506703] (test_interfaces) StdoutLine: {'line': b'-- Up-to-date: /ros2_test/AD_Middle_Test/ros2/src/install/test_interfaces/share/test_interfaces/cmake/rosidl_cmake_export_typesupport_libraries-extras.cmake\n'}
[0.506875] (test_interfaces) StdoutLine: {'line': b'-- Up-to-date: /ros2_test/AD_Middle_Test/ros2/src/install/test_interfaces/share/test_interfaces/cmake/test_interfacesConfig.cmake\n'}
[0.507022] (test_interfaces) StdoutLine: {'line': b'-- Up-to-date: /ros2_test/AD_Middle_Test/ros2/src/install/test_interfaces/share/test_interfaces/cmake/test_interfacesConfig-version.cmake\n'}
[0.507164] (test_interfaces) StdoutLine: {'line': b'-- Up-to-date: /ros2_test/AD_Middle_Test/ros2/src/install/test_interfaces/share/test_interfaces/package.xml\n'}
[0.508378] (test_interfaces) CommandEnded: {'returncode': 0}
[0.536260] (test_interfaces) JobEnded: {'identifier': 'test_interfaces', 'rc': 0}
[0.541852] (simple_s) JobStarted: {'identifier': 'simple_s'}
[0.557494] (simple_s) JobProgress: {'identifier': 'simple_s', 'progress': 'cmake'}
[0.558528] (simple_s) JobProgress: {'identifier': 'simple_s', 'progress': 'build'}
[0.558962] (simple_s) Command: {'cmd': ['/usr/bin/cmake', '--build', '/ros2_test/AD_Middle_Test/ros2/src/build/simple_s', '--', '-j30', '-l30'], 'cwd': '/ros2_test/AD_Middle_Test/ros2/src/build/simple_s', 'env': OrderedDict([('LESSOPEN', '| /usr/bin/lesspipe %s'), ('HOSTNAME', '3d2cb9766238'), ('ROS_PACKAGE_PATH', '/opt/ros/foxy/share'), ('SHLVL', '1'), ('LD_LIBRARY_PATH', '/ros2_test/AD_Middle_Test/ros2/src/install/test_interfaces/lib:/ros2_test/AD_Middle_Test/ros2/src/install/turtlesim/lib:/ros2_test/AD_Middle_Test/ros2/install/turtlesim/lib:/opt/ros/foxy/opt/yaml_cpp_vendor/lib:/opt/ros/foxy/opt/rviz_ogre_vendor/lib:/opt/ros/foxy/lib'), ('HOME', '/root'), ('OLDPWD', '/ros2_test/AD_Middle_Test/ros2/src/build'), ('ROS_PYTHON_VERSION', '3'), ('COLCON_PREFIX_PATH', '/ros2_test/AD_Middle_Test/ros2/src/install:/ros2_test/AD_Middle_Test/ros2/install:/opt/ros/foxy'), ('ROS_DISTRO', 'foxy'), ('_', '/usr/bin/colcon'), ('ROS_VERSION', '2'), ('PKG_CONFIG_PATH', '/opt/ros/foxy/lib/x86_64-linux-gnu/pkgconfig:/opt/ros/foxy/lib/pkgconfig'), ('TERM', 'xterm'), ('ROS_LOCALHOST_ONLY', '0'), ('PATH', '/opt/ros/foxy/bin:/usr/local/sbin:/usr/local/bin:/usr/sbin:/usr/bin:/sbin:/bin'), ('LANG', 'C.UTF-8'), ('LS_COLORS', 'rs=0:di=01;34:ln=01;36:mh=00:pi=40;33:so=01;35:do=01;35:bd=40;33;01:cd=40;33;01:or=40;31;01:mi=00:su=37;41:sg=30;43:ca=30;41:tw=30;42:ow=34;42:st=37;44:ex=01;32:*.tar=01;31:*.tgz=01;31:*.arc=01;31:*.arj=01;31:*.taz=01;31:*.lha=01;31:*.lz4=01;31:*.lzh=01;31:*.lzma=01;31:*.tlz=01;31:*.txz=01;31:*.tzo=01;31:*.t7z=01;31:*.zip=01;31:*.z=01;31:*.dz=01;31:*.gz=01;31:*.lrz=01;31:*.lz=01;31:*.lzo=01;31:*.xz=01;31:*.zst=01;31:*.tzst=01;31:*.bz2=01;31:*.bz=01;31:*.tbz=01;31:*.tbz2=01;31:*.tz=01;31:*.deb=01;31:*.rpm=01;31:*.jar=01;31:*.war=01;31:*.ear=01;31:*.sar=01;31:*.rar=01;31:*.alz=01;31:*.ace=01;31:*.zoo=01;31:*.cpio=01;31:*.7z=01;31:*.rz=01;31:*.cab=01;31:*.wim=01;31:*.swm=01;31:*.dwm=01;31:*.esd=01;31:*.jpg=01;35:*.jpeg=01;35:*.mjpg=01;35:*.mjpeg=01;35:*.gif=01;35:*.bmp=01;35:*.pbm=01;35:*.pgm=01;35:*.ppm=01;35:*.tga=01;35:*.xbm=01;35:*.xpm=01;35:*.tif=01;35:*.tiff=01;35:*.png=01;35:*.svg=01;35:*.svgz=01;35:*.mng=01;35:*.pcx=01;35:*.mov=01;35:*.mpg=01;35:*.mpeg=01;35:*.m2v=01;35:*.mkv=01;35:*.webm=01;35:*.ogm=01;35:*.mp4=01;35:*.m4v=01;35:*.mp4v=01;35:*.vob=01;35:*.qt=01;35:*.nuv=01;35:*.wmv=01;35:*.asf=01;35:*.rm=01;35:*.rmvb=01;35:*.flc=01;35:*.avi=01;35:*.fli=01;35:*.flv=01;35:*.gl=01;35:*.dl=01;35:*.xcf=01;35:*.xwd=01;35:*.yuv=01;35:*.cgm=01;35:*.emf=01;35:*.ogv=01;35:*.ogx=01;35:*.aac=00;36:*.au=00;36:*.flac=00;36:*.m4a=00;36:*.mid=00;36:*.midi=00;36:*.mka=00;36:*.mp3=00;36:*.mpc=00;36:*.ogg=00;36:*.ra=00;36:*.wav=00;36:*.oga=00;36:*.opus=00;36:*.spx=00;36:*.xspf=00;36:'), ('ROSDISTRO_INDEX_URL', 'https://raw.githubusercontent.com/osrf/docker_images/master/ros2/nightly/nightly/index-v4.yaml'), ('AMENT_PREFIX_PATH', '/ros2_test/AD_Middle_Test/ros2/src/install/test_interfaces:/ros2_test/AD_Middle_Test/ros2/src/install/turtlesim:/ros2_test/AD_Middle_Test/ros2/src/install/simple_s:/ros2_test/AD_Middle_Test/ros2/install/simple_s:/ros2_test/AD_Middle_Test/ros2/install/turtlesim:/opt/ros/foxy'), ('LESSCLOSE', '/usr/bin/lesspipe %s %s'), ('PWD', '/ros2_test/AD_Middle_Test/ros2/src/build/simple_s'), ('LC_ALL', 'C.UTF-8'), ('PYTHONPATH', '/ros2_test/AD_Middle_Test/ros2/src/install/test_interfaces/lib/python3.8/site-packages:/ros2_test/AD_Middle_Test/ros2/src/install/turtlesim/lib/python3.8/site-packages:/ros2_test/AD_Middle_Test/ros2/install/turtlesim/lib/python3.8/site-packages:/opt/ros/foxy/lib/python3.8/site-packages'), ('COLCON', '1'), ('CMAKE_PREFIX_PATH', '/ros2_test/AD_Middle_Test/ros2/src/install/test_interfaces:/ros2_test/AD_Middle_Test/ros2/src/install/turtlesim:/ros2_test/AD_Middle_Test/ros2/src/install/simple_s:/ros2_test/AD_Middle_Test/ros2/install/simple_s:/ros2_test/AD_Middle_Test/ros2/install/turtlesim:/opt/ros/foxy')]), 'shell': False}
[0.599920] (-) TimerEvent: {}
[0.606320] (turtlesim) JobProgress: {'identifier': 'turtlesim', 'progress': 'install'}
[0.607445] (turtlesim) Command: {'cmd': ['/usr/bin/cmake', '--install', '/ros2_test/AD_Middle_Test/ros2/src/build/turtlesim'], 'cwd': '/ros2_test/AD_Middle_Test/ros2/src/build/turtlesim', 'env': OrderedDict([('LESSOPEN', '| /usr/bin/lesspipe %s'), ('HOSTNAME', '3d2cb9766238'), ('ROS_PACKAGE_PATH', '/opt/ros/foxy/share'), ('SHLVL', '1'), ('LD_LIBRARY_PATH', '/ros2_test/AD_Middle_Test/ros2/src/install/test_interfaces/lib:/ros2_test/AD_Middle_Test/ros2/src/install/turtlesim/lib:/ros2_test/AD_Middle_Test/ros2/install/turtlesim/lib:/opt/ros/foxy/opt/yaml_cpp_vendor/lib:/opt/ros/foxy/opt/rviz_ogre_vendor/lib:/opt/ros/foxy/lib'), ('HOME', '/root'), ('OLDPWD', '/ros2_test/AD_Middle_Test/ros2/src/build'), ('ROS_PYTHON_VERSION', '3'), ('COLCON_PREFIX_PATH', '/ros2_test/AD_Middle_Test/ros2/src/install:/ros2_test/AD_Middle_Test/ros2/install:/opt/ros/foxy'), ('ROS_DISTRO', 'foxy'), ('_', '/usr/bin/colcon'), ('ROS_VERSION', '2'), ('PKG_CONFIG_PATH', '/opt/ros/foxy/lib/x86_64-linux-gnu/pkgconfig:/opt/ros/foxy/lib/pkgconfig'), ('TERM', 'xterm'), ('ROS_LOCALHOST_ONLY', '0'), ('PATH', '/opt/ros/foxy/bin:/usr/local/sbin:/usr/local/bin:/usr/sbin:/usr/bin:/sbin:/bin'), ('LANG', 'C.UTF-8'), ('LS_COLORS', 'rs=0:di=01;34:ln=01;36:mh=00:pi=40;33:so=01;35:do=01;35:bd=40;33;01:cd=40;33;01:or=40;31;01:mi=00:su=37;41:sg=30;43:ca=30;41:tw=30;42:ow=34;42:st=37;44:ex=01;32:*.tar=01;31:*.tgz=01;31:*.arc=01;31:*.arj=01;31:*.taz=01;31:*.lha=01;31:*.lz4=01;31:*.lzh=01;31:*.lzma=01;31:*.tlz=01;31:*.txz=01;31:*.tzo=01;31:*.t7z=01;31:*.zip=01;31:*.z=01;31:*.dz=01;31:*.gz=01;31:*.lrz=01;31:*.lz=01;31:*.lzo=01;31:*.xz=01;31:*.zst=01;31:*.tzst=01;31:*.bz2=01;31:*.bz=01;31:*.tbz=01;31:*.tbz2=01;31:*.tz=01;31:*.deb=01;31:*.rpm=01;31:*.jar=01;31:*.war=01;31:*.ear=01;31:*.sar=01;31:*.rar=01;31:*.alz=01;31:*.ace=01;31:*.zoo=01;31:*.cpio=01;31:*.7z=01;31:*.rz=01;31:*.cab=01;31:*.wim=01;31:*.swm=01;31:*.dwm=01;31:*.esd=01;31:*.jpg=01;35:*.jpeg=01;35:*.mjpg=01;35:*.mjpeg=01;35:*.gif=01;35:*.bmp=01;35:*.pbm=01;35:*.pgm=01;35:*.ppm=01;35:*.tga=01;35:*.xbm=01;35:*.xpm=01;35:*.tif=01;35:*.tiff=01;35:*.png=01;35:*.svg=01;35:*.svgz=01;35:*.mng=01;35:*.pcx=01;35:*.mov=01;35:*.mpg=01;35:*.mpeg=01;35:*.m2v=01;35:*.mkv=01;35:*.webm=01;35:*.ogm=01;35:*.mp4=01;35:*.m4v=01;35:*.mp4v=01;35:*.vob=01;35:*.qt=01;35:*.nuv=01;35:*.wmv=01;35:*.asf=01;35:*.rm=01;35:*.rmvb=01;35:*.flc=01;35:*.avi=01;35:*.fli=01;35:*.flv=01;35:*.gl=01;35:*.dl=01;35:*.xcf=01;35:*.xwd=01;35:*.yuv=01;35:*.cgm=01;35:*.emf=01;35:*.ogv=01;35:*.ogx=01;35:*.aac=00;36:*.au=00;36:*.flac=00;36:*.m4a=00;36:*.mid=00;36:*.midi=00;36:*.mka=00;36:*.mp3=00;36:*.mpc=00;36:*.ogg=00;36:*.ra=00;36:*.wav=00;36:*.oga=00;36:*.opus=00;36:*.spx=00;36:*.xspf=00;36:'), ('ROSDISTRO_INDEX_URL', 'https://raw.githubusercontent.com/osrf/docker_images/master/ros2/nightly/nightly/index-v4.yaml'), ('AMENT_PREFIX_PATH', '/ros2_test/AD_Middle_Test/ros2/src/install/test_interfaces:/ros2_test/AD_Middle_Test/ros2/src/install/turtlesim:/ros2_test/AD_Middle_Test/ros2/src/install/simple_s:/ros2_test/AD_Middle_Test/ros2/install/simple_s:/ros2_test/AD_Middle_Test/ros2/install/turtlesim:/opt/ros/foxy'), ('LESSCLOSE', '/usr/bin/lesspipe %s %s'), ('PWD', '/ros2_test/AD_Middle_Test/ros2/src/build/turtlesim'), ('LC_ALL', 'C.UTF-8'), ('PYTHONPATH', '/ros2_test/AD_Middle_Test/ros2/src/install/test_interfaces/lib/python3.8/site-packages:/ros2_test/AD_Middle_Test/ros2/src/install/turtlesim/lib/python3.8/site-packages:/ros2_test/AD_Middle_Test/ros2/install/turtlesim/lib/python3.8/site-packages:/opt/ros/foxy/lib/python3.8/site-packages'), ('COLCON', '1'), ('CMAKE_PREFIX_PATH', '/ros2_test/AD_Middle_Test/ros2/src/install/test_interfaces:/ros2_test/AD_Middle_Test/ros2/src/install/turtlesim:/ros2_test/AD_Middle_Test/ros2/src/install/simple_s:/ros2_test/AD_Middle_Test/ros2/install/simple_s:/ros2_test/AD_Middle_Test/ros2/install/turtlesim:/opt/ros/foxy')]), 'shell': False}
[0.621885] (turtlesim) StdoutLine: {'line': b'-- Install configuration: ""\n'}
[0.622127] (turtlesim) StdoutLine: {'line': b'-- Up-to-date: /ros2_test/AD_Middle_Test/ros2/src/install/turtlesim/share/ament_index/resource_index/rosidl_interfaces/turtlesim\n'}
[0.622433] (turtlesim) StdoutLine: {'line': b'-- Up-to-date: /ros2_test/AD_Middle_Test/ros2/src/install/turtlesim/lib/libturtlesim__rosidl_typesupport_c.so\n'}
[0.622848] (turtlesim) StdoutLine: {'line': b'-- Up-to-date: /ros2_test/AD_Middle_Test/ros2/src/install/turtlesim/share/turtlesim/environment/library_path.sh\n'}
[0.623091] (turtlesim) StdoutLine: {'line': b'-- Up-to-date: /ros2_test/AD_Middle_Test/ros2/src/install/turtlesim/share/turtlesim/environment/library_path.dsv\n'}
[0.623241] (simple_s) StdoutLine: {'line': b'\x1b[35m\x1b[1mScanning dependencies of target listener\x1b[0m\n'}
[0.623452] (turtlesim) StdoutLine: {'line': b'-- Up-to-date: /ros2_test/AD_Middle_Test/ros2/src/install/turtlesim/lib/libturtlesim__rosidl_typesupport_cpp.so\n'}
[0.623675] (turtlesim) StdoutLine: {'line': b'-- Up-to-date: /ros2_test/AD_Middle_Test/ros2/src/install/turtlesim/include/turtlesim\n'}
[0.623985] (turtlesim) StdoutLine: {'line': b'-- Up-to-date: /ros2_test/AD_Middle_Test/ros2/src/install/turtlesim/include/turtlesim/msg\n'}
[0.624386] (turtlesim) StdoutLine: {'line': b'-- Up-to-date: /ros2_test/AD_Middle_Test/ros2/src/install/turtlesim/include/turtlesim/msg/rosidl_typesupport_introspection_c__visibility_control.h\n'}
[0.624717] (turtlesim) StdoutLine: {'line': b'-- Up-to-date: /ros2_test/AD_Middle_Test/ros2/src/install/turtlesim/include/turtlesim/msg/detail\n'}
[0.624862] (turtlesim) StdoutLine: {'line': b'-- Up-to-date: /ros2_test/AD_Middle_Test/ros2/src/install/turtlesim/include/turtlesim/msg/detail/pose__type_support.c\n'}
[0.625004] (turtlesim) StdoutLine: {'line': b'-- Up-to-date: /ros2_test/AD_Middle_Test/ros2/src/install/turtlesim/include/turtlesim/msg/detail/pose__rosidl_typesupport_introspection_c.h\n'}
[0.625200] (turtlesim) StdoutLine: {'line': b'-- Up-to-date: /ros2_test/AD_Middle_Test/ros2/src/install/turtlesim/include/turtlesim/msg/detail/color__rosidl_typesupport_introspection_c.h\n'}
[0.625344] (turtlesim) StdoutLine: {'line': b'-- Up-to-date: /ros2_test/AD_Middle_Test/ros2/src/install/turtlesim/include/turtlesim/msg/detail/color__type_support.c\n'}
[0.625526] (turtlesim) StdoutLine: {'line': b'-- Up-to-date: /ros2_test/AD_Middle_Test/ros2/src/install/turtlesim/include/turtlesim/srv\n'}
[0.625875] (turtlesim) StdoutLine: {'line': b'-- Up-to-date: /ros2_test/AD_Middle_Test/ros2/src/install/turtlesim/include/turtlesim/srv/detail\n'}
[0.626267] (turtlesim) StdoutLine: {'line': b'-- Up-to-date: /ros2_test/AD_Middle_Test/ros2/src/install/turtlesim/include/turtlesim/srv/detail/set_pen__rosidl_typesupport_introspection_c.h\n'}
[0.626524] (turtlesim) StdoutLine: {'line': b'-- Up-to-date: /ros2_test/AD_Middle_Test/ros2/src/install/turtlesim/include/turtlesim/srv/detail/teleport_absolute__rosidl_typesupport_introspection_c.h\n'}
[0.626669] (turtlesim) StdoutLine: {'line': b'-- Up-to-date: /ros2_test/AD_Middle_Test/ros2/src/install/turtlesim/include/turtlesim/srv/detail/set_pen__type_support.c\n'}
[0.626834] (turtlesim) StdoutLine: {'line': b'-- Up-to-date: /ros2_test/AD_Middle_Test/ros2/src/install/turtlesim/include/turtlesim/srv/detail/teleport_relative__type_support.c\n'}
[0.627019] (turtlesim) StdoutLine: {'line': b'-- Up-to-date: /ros2_test/AD_Middle_Test/ros2/src/install/turtlesim/include/turtlesim/srv/detail/spawn__type_support.c\n'}
[0.627168] (turtlesim) StdoutLine: {'line': b'-- Up-to-date: /ros2_test/AD_Middle_Test/ros2/src/install/turtlesim/include/turtlesim/srv/detail/teleport_absolute__type_support.c\n'}
[0.627379] (turtlesim) StdoutLine: {'line': b'-- Up-to-date: /ros2_test/AD_Middle_Test/ros2/src/install/turtlesim/include/turtlesim/srv/detail/kill__type_support.c\n'}
[0.627732] (turtlesim) StdoutLine: {'line': b'-- Up-to-date: /ros2_test/AD_Middle_Test/ros2/src/install/turtlesim/include/turtlesim/srv/detail/teleport_relative__rosidl_typesupport_introspection_c.h\n'}
[0.627948] (turtlesim) StdoutLine: {'line': b'-- Up-to-date: /ros2_test/AD_Middle_Test/ros2/src/install/turtlesim/include/turtlesim/srv/detail/kill__rosidl_typesupport_introspection_c.h\n'}
[0.628102] (turtlesim) StdoutLine: {'line': b'-- Up-to-date: /ros2_test/AD_Middle_Test/ros2/src/install/turtlesim/include/turtlesim/srv/detail/spawn__rosidl_typesupport_introspection_c.h\n'}
[0.628287] (turtlesim) StdoutLine: {'line': b'-- Up-to-date: /ros2_test/AD_Middle_Test/ros2/src/install/turtlesim/include/turtlesim/action\n'}
[0.628430] (turtlesim) StdoutLine: {'line': b'-- Up-to-date: /ros2_test/AD_Middle_Test/ros2/src/install/turtlesim/include/turtlesim/action/detail\n'}
[0.628570] (turtlesim) StdoutLine: {'line': b'-- Up-to-date: /ros2_test/AD_Middle_Test/ros2/src/install/turtlesim/include/turtlesim/action/detail/rotate_absolute__rosidl_typesupport_introspection_c.h\n'}
[0.628796] (turtlesim) StdoutLine: {'line': b'-- Up-to-date: /ros2_test/AD_Middle_Test/ros2/src/install/turtlesim/include/turtlesim/action/detail/rotate_absolute__type_support.c\n'}
[0.629153] (turtlesim) StdoutLine: {'line': b'-- Up-to-date: /ros2_test/AD_Middle_Test/ros2/src/install/turtlesim/lib/libturtlesim__rosidl_typesupport_introspection_c.so\n'}
[0.629419] (turtlesim) StdoutLine: {'line': b'-- Up-to-date: /ros2_test/AD_Middle_Test/ros2/src/install/turtlesim/include/turtlesim\n'}
[0.629564] (turtlesim) StdoutLine: {'line': b'-- Up-to-date: /ros2_test/AD_Middle_Test/ros2/src/install/turtlesim/include/turtlesim/msg\n'}
[0.629711] (turtlesim) StdoutLine: {'line': b'-- Up-to-date: /ros2_test/AD_Middle_Test/ros2/src/install/turtlesim/include/turtlesim/msg/detail\n'}
[0.629891] (turtlesim) StdoutLine: {'line': b'-- Up-to-date: /ros2_test/AD_Middle_Test/ros2/src/install/turtlesim/include/turtlesim/msg/detail/color__type_support.cpp\n'}
[0.630033] (turtlesim) StdoutLine: {'line': b'-- Up-to-date: /ros2_test/AD_Middle_Test/ros2/src/install/turtlesim/include/turtlesim/msg/detail/color__rosidl_typesupport_introspection_cpp.hpp\n'}
[0.630260] (turtlesim) StdoutLine: {'line': b'-- Up-to-date: /ros2_test/AD_Middle_Test/ros2/src/install/turtlesim/include/turtlesim/msg/detail/pose__type_support.cpp\n'}
[0.630639] (turtlesim) StdoutLine: {'line': b'-- Up-to-date: /ros2_test/AD_Middle_Test/ros2/src/install/turtlesim/include/turtlesim/msg/detail/pose__rosidl_typesupport_introspection_cpp.hpp\n'}
[0.631024] (turtlesim) StdoutLine: {'line': b'-- Up-to-date: /ros2_test/AD_Middle_Test/ros2/src/install/turtlesim/include/turtlesim/srv\n'}
[0.631388] (turtlesim) StdoutLine: {'line': b'-- Up-to-date: /ros2_test/AD_Middle_Test/ros2/src/install/turtlesim/include/turtlesim/srv/detail\n'}
[0.631784] (turtlesim) StdoutLine: {'line': b'-- Up-to-date: /ros2_test/AD_Middle_Test/ros2/src/install/turtlesim/include/turtlesim/srv/detail/kill__type_support.cpp\n'}
[0.632104] (turtlesim) StdoutLine: {'line': b'-- Up-to-date: /ros2_test/AD_Middle_Test/ros2/src/install/turtlesim/include/turtlesim/srv/detail/kill__rosidl_typesupport_introspection_cpp.hpp\n'}
[0.632253] (turtlesim) StdoutLine: {'line': b'-- Up-to-date: /ros2_test/AD_Middle_Test/ros2/src/install/turtlesim/include/turtlesim/srv/detail/teleport_relative__rosidl_typesupport_introspection_cpp.hpp\n'}
[0.632395] (turtlesim) StdoutLine: {'line': b'-- Up-to-date: /ros2_test/AD_Middle_Test/ros2/src/install/turtlesim/include/turtlesim/srv/detail/teleport_absolute__type_support.cpp\n'}
[0.632572] (turtlesim) StdoutLine: {'line': b'-- Up-to-date: /ros2_test/AD_Middle_Test/ros2/src/install/turtlesim/include/turtlesim/srv/detail/set_pen__type_support.cpp\n'}
[0.632715] (turtlesim) StdoutLine: {'line': b'-- Up-to-date: /ros2_test/AD_Middle_Test/ros2/src/install/turtlesim/include/turtlesim/srv/detail/spawn__rosidl_typesupport_introspection_cpp.hpp\n'}
[0.632920] (turtlesim) StdoutLine: {'line': b'-- Up-to-date: /ros2_test/AD_Middle_Test/ros2/src/install/turtlesim/include/turtlesim/srv/detail/spawn__type_support.cpp\n'}
[0.633304] (turtlesim) StdoutLine: {'line': b'-- Up-to-date: /ros2_test/AD_Middle_Test/ros2/src/install/turtlesim/include/turtlesim/srv/detail/teleport_absolute__rosidl_typesupport_introspection_cpp.hpp\n'}
[0.633661] (turtlesim) StdoutLine: {'line': b'-- Up-to-date: /ros2_test/AD_Middle_Test/ros2/src/install/turtlesim/include/turtlesim/srv/detail/teleport_relative__type_support.cpp\n'}
[0.634060] (turtlesim) StdoutLine: {'line': b'-- Up-to-date: /ros2_test/AD_Middle_Test/ros2/src/install/turtlesim/include/turtlesim/srv/detail/set_pen__rosidl_typesupport_introspection_cpp.hpp\n'}
[0.634411] (turtlesim) StdoutLine: {'line': b'-- Up-to-date: /ros2_test/AD_Middle_Test/ros2/src/install/turtlesim/include/turtlesim/action\n'}
[0.634634] (turtlesim) StdoutLine: {'line': b'-- Up-to-date: /ros2_test/AD_Middle_Test/ros2/src/install/turtlesim/include/turtlesim/action/detail\n'}
[0.634858] (turtlesim) StdoutLine: {'line': b'-- Up-to-date: /ros2_test/AD_Middle_Test/ros2/src/install/turtlesim/include/turtlesim/action/detail/rotate_absolute__rosidl_typesupport_introspection_cpp.hpp\n'}
[0.635009] (turtlesim) StdoutLine: {'line': b'-- Up-to-date: /ros2_test/AD_Middle_Test/ros2/src/install/turtlesim/include/turtlesim/action/detail/rotate_absolute__type_support.cpp\n'}
[0.635152] (turtlesim) StdoutLine: {'line': b'-- Up-to-date: /ros2_test/AD_Middle_Test/ros2/src/install/turtlesim/lib/libturtlesim__rosidl_typesupport_introspection_cpp.so\n'}
[0.635305] (turtlesim) StdoutLine: {'line': b'-- Up-to-date: /ros2_test/AD_Middle_Test/ros2/src/install/turtlesim/include/turtlesim\n'}
[0.635447] (turtlesim) StdoutLine: {'line': b'-- Up-to-date: /ros2_test/AD_Middle_Test/ros2/src/install/turtlesim/include/turtlesim/msg\n'}
[0.635589] (turtlesim) StdoutLine: {'line': b'-- Up-to-date: /ros2_test/AD_Middle_Test/ros2/src/install/turtlesim/include/turtlesim/msg/color__rosidl_typesupport_fastrtps_c.h\n'}
[0.635731] (turtlesim) StdoutLine: {'line': b'-- Up-to-date: /ros2_test/AD_Middle_Test/ros2/src/install/turtlesim/include/turtlesim/msg/pose__rosidl_typesupport_fastrtps_c.h\n'}
[0.635879] (turtlesim) StdoutLine: {'line': b'-- Up-to-date: /ros2_test/AD_Middle_Test/ros2/src/install/turtlesim/include/turtlesim/msg/rosidl_typesupport_fastrtps_c__visibility_control.h\n'}
[0.636020] (turtlesim) StdoutLine: {'line': b'-- Up-to-date: /ros2_test/AD_Middle_Test/ros2/src/install/turtlesim/include/turtlesim/srv\n'}
[0.636160] (turtlesim) StdoutLine: {'line': b'-- Up-to-date: /ros2_test/AD_Middle_Test/ros2/src/install/turtlesim/include/turtlesim/srv/teleport_absolute__rosidl_typesupport_fastrtps_c.h\n'}
[0.636300] (turtlesim) StdoutLine: {'line': b'-- Up-to-date: /ros2_test/AD_Middle_Test/ros2/src/install/turtlesim/include/turtlesim/srv/set_pen__rosidl_typesupport_fastrtps_c.h\n'}
[0.636440] (turtlesim) StdoutLine: {'line': b'-- Up-to-date: /ros2_test/AD_Middle_Test/ros2/src/install/turtlesim/include/turtlesim/srv/kill__rosidl_typesupport_fastrtps_c.h\n'}
[0.636581] (turtlesim) StdoutLine: {'line': b'-- Up-to-date: /ros2_test/AD_Middle_Test/ros2/src/install/turtlesim/include/turtlesim/srv/teleport_relative__rosidl_typesupport_fastrtps_c.h\n'}
[0.636722] (turtlesim) StdoutLine: {'line': b'-- Up-to-date: /ros2_test/AD_Middle_Test/ros2/src/install/turtlesim/include/turtlesim/srv/spawn__rosidl_typesupport_fastrtps_c.h\n'}
[0.636861] (turtlesim) StdoutLine: {'line': b'-- Up-to-date: /ros2_test/AD_Middle_Test/ros2/src/install/turtlesim/include/turtlesim/action\n'}
[0.637002] (turtlesim) StdoutLine: {'line': b'-- Up-to-date: /ros2_test/AD_Middle_Test/ros2/src/install/turtlesim/include/turtlesim/action/rotate_absolute__rosidl_typesupport_fastrtps_c.h\n'}
[0.637142] (turtlesim) StdoutLine: {'line': b'-- Up-to-date: /ros2_test/AD_Middle_Test/ros2/src/install/turtlesim/lib/libturtlesim__rosidl_typesupport_fastrtps_c.so\n'}
[0.637283] (turtlesim) StdoutLine: {'line': b'-- Up-to-date: /ros2_test/AD_Middle_Test/ros2/src/install/turtlesim/include/turtlesim\n'}
[0.637423] (turtlesim) StdoutLine: {'line': b'-- Up-to-date: /ros2_test/AD_Middle_Test/ros2/src/install/turtlesim/include/turtlesim/msg\n'}
[0.637564] (turtlesim) StdoutLine: {'line': b'-- Up-to-date: /ros2_test/AD_Middle_Test/ros2/src/install/turtlesim/include/turtlesim/msg/dds_fastrtps\n'}
[0.637705] (turtlesim) StdoutLine: {'line': b'-- Up-to-date: /ros2_test/AD_Middle_Test/ros2/src/install/turtlesim/include/turtlesim/msg/rosidl_typesupport_fastrtps_cpp__visibility_control.h\n'}
[0.637845] (turtlesim) StdoutLine: {'line': b'-- Up-to-date: /ros2_test/AD_Middle_Test/ros2/src/install/turtlesim/include/turtlesim/msg/pose__rosidl_typesupport_fastrtps_cpp.hpp\n'}
[0.637986] (turtlesim) StdoutLine: {'line': b'-- Up-to-date: /ros2_test/AD_Middle_Test/ros2/src/install/turtlesim/include/turtlesim/msg/color__rosidl_typesupport_fastrtps_cpp.hpp\n'}
[0.638125] (turtlesim) StdoutLine: {'line': b'-- Up-to-date: /ros2_test/AD_Middle_Test/ros2/src/install/turtlesim/include/turtlesim/srv\n'}
[0.638265] (turtlesim) StdoutLine: {'line': b'-- Up-to-date: /ros2_test/AD_Middle_Test/ros2/src/install/turtlesim/include/turtlesim/srv/dds_fastrtps\n'}
[0.638405] (turtlesim) StdoutLine: {'line': b'-- Up-to-date: /ros2_test/AD_Middle_Test/ros2/src/install/turtlesim/include/turtlesim/srv/set_pen__rosidl_typesupport_fastrtps_cpp.hpp\n'}
[0.638545] (turtlesim) StdoutLine: {'line': b'-- Up-to-date: /ros2_test/AD_Middle_Test/ros2/src/install/turtlesim/include/turtlesim/srv/teleport_absolute__rosidl_typesupport_fastrtps_cpp.hpp\n'}
[0.638685] (turtlesim) StdoutLine: {'line': b'-- Up-to-date: /ros2_test/AD_Middle_Test/ros2/src/install/turtlesim/include/turtlesim/srv/spawn__rosidl_typesupport_fastrtps_cpp.hpp\n'}
[0.638838] (turtlesim) StdoutLine: {'line': b'-- Up-to-date: /ros2_test/AD_Middle_Test/ros2/src/install/turtlesim/include/turtlesim/srv/teleport_relative__rosidl_typesupport_fastrtps_cpp.hpp\n'}
[0.638982] (turtlesim) StdoutLine: {'line': b'-- Up-to-date: /ros2_test/AD_Middle_Test/ros2/src/install/turtlesim/include/turtlesim/srv/kill__rosidl_typesupport_fastrtps_cpp.hpp\n'}
[0.639122] (turtlesim) StdoutLine: {'line': b'-- Up-to-date: /ros2_test/AD_Middle_Test/ros2/src/install/turtlesim/include/turtlesim/action\n'}
[0.639274] (turtlesim) StdoutLine: {'line': b'-- Up-to-date: /ros2_test/AD_Middle_Test/ros2/src/install/turtlesim/include/turtlesim/action/rotate_absolute__rosidl_typesupport_fastrtps_cpp.hpp\n'}
[0.639416] (turtlesim) StdoutLine: {'line': b'-- Up-to-date: /ros2_test/AD_Middle_Test/ros2/src/install/turtlesim/include/turtlesim/action/dds_fastrtps\n'}
[0.639555] (turtlesim) StdoutLine: {'line': b'-- Up-to-date: /ros2_test/AD_Middle_Test/ros2/src/install/turtlesim/lib/libturtlesim__rosidl_typesupport_fastrtps_cpp.so\n'}
[0.639695] (turtlesim) StdoutLine: {'line': b'-- Up-to-date: /ros2_test/AD_Middle_Test/ros2/src/install/turtlesim/include/turtlesim\n'}
[0.639849] (turtlesim) StdoutLine: {'line': b'-- Up-to-date: /ros2_test/AD_Middle_Test/ros2/src/install/turtlesim/include/turtlesim/msg\n'}
[0.639990] (turtlesim) StdoutLine: {'line': b'-- Up-to-date: /ros2_test/AD_Middle_Test/ros2/src/install/turtlesim/include/turtlesim/msg/color.h\n'}
[0.640129] (turtlesim) StdoutLine: {'line': b'-- Up-to-date: /ros2_test/AD_Middle_Test/ros2/src/install/turtlesim/include/turtlesim/msg/pose.h\n'}
[0.640269] (turtlesim) StdoutLine: {'line': b'-- Up-to-date: /ros2_test/AD_Middle_Test/ros2/src/install/turtlesim/include/turtlesim/msg/detail\n'}
[0.640409] (turtlesim) StdoutLine: {'line': b'-- Up-to-date: /ros2_test/AD_Middle_Test/ros2/src/install/turtlesim/include/turtlesim/msg/detail/color__functions.h\n'}
[0.640550] (turtlesim) StdoutLine: {'line': b'-- Up-to-date: /ros2_test/AD_Middle_Test/ros2/src/install/turtlesim/include/turtlesim/msg/detail/color__struct.h\n'}
[0.640690] (turtlesim) StdoutLine: {'line': b'-- Up-to-date: /ros2_test/AD_Middle_Test/ros2/src/install/turtlesim/include/turtlesim/msg/detail/color__type_support.h\n'}
[0.640831] (turtlesim) StdoutLine: {'line': b'-- Up-to-date: /ros2_test/AD_Middle_Test/ros2/src/install/turtlesim/include/turtlesim/msg/detail/pose__functions.c\n'}
[0.640971] (turtlesim) StdoutLine: {'line': b'-- Up-to-date: /ros2_test/AD_Middle_Test/ros2/src/install/turtlesim/include/turtlesim/msg/detail/pose__type_support.h\n'}
[0.641111] (turtlesim) StdoutLine: {'line': b'-- Up-to-date: /ros2_test/AD_Middle_Test/ros2/src/install/turtlesim/include/turtlesim/msg/detail/color__functions.c\n'}
[0.641249] (turtlesim) StdoutLine: {'line': b'-- Up-to-date: /ros2_test/AD_Middle_Test/ros2/src/install/turtlesim/include/turtlesim/msg/detail/pose__functions.h\n'}
[0.641387] (turtlesim) StdoutLine: {'line': b'-- Up-to-date: /ros2_test/AD_Middle_Test/ros2/src/install/turtlesim/include/turtlesim/msg/detail/pose__struct.h\n'}
[0.641525] (turtlesim) StdoutLine: {'line': b'-- Up-to-date: /ros2_test/AD_Middle_Test/ros2/src/install/turtlesim/include/turtlesim/msg/rosidl_generator_c__visibility_control.h\n'}
[0.641664] (turtlesim) StdoutLine: {'line': b'-- Up-to-date: /ros2_test/AD_Middle_Test/ros2/src/install/turtlesim/include/turtlesim/srv\n'}
[0.641802] (turtlesim) StdoutLine: {'line': b'-- Up-to-date: /ros2_test/AD_Middle_Test/ros2/src/install/turtlesim/include/turtlesim/srv/spawn.h\n'}
[0.641940] (turtlesim) StdoutLine: {'line': b'-- Up-to-date: /ros2_test/AD_Middle_Test/ros2/src/install/turtlesim/include/turtlesim/srv/detail\n'}
[0.642078] (turtlesim) StdoutLine: {'line': b'-- Up-to-date: /ros2_test/AD_Middle_Test/ros2/src/install/turtlesim/include/turtlesim/srv/detail/teleport_absolute__type_support.h\n'}
[0.642216] (turtlesim) StdoutLine: {'line': b'-- Up-to-date: /ros2_test/AD_Middle_Test/ros2/src/install/turtlesim/include/turtlesim/srv/detail/spawn__struct.h\n'}
[0.642354] (turtlesim) StdoutLine: {'line': b'-- Up-to-date: /ros2_test/AD_Middle_Test/ros2/src/install/turtlesim/include/turtlesim/srv/detail/kill__functions.c\n'}
[0.642492] (turtlesim) StdoutLine: {'line': b'-- Up-to-date: /ros2_test/AD_Middle_Test/ros2/src/install/turtlesim/include/turtlesim/srv/detail/spawn__functions.h\n'}
[0.642630] (turtlesim) StdoutLine: {'line': b'-- Up-to-date: /ros2_test/AD_Middle_Test/ros2/src/install/turtlesim/include/turtlesim/srv/detail/set_pen__functions.h\n'}
[0.642781] (turtlesim) StdoutLine: {'line': b'-- Up-to-date: /ros2_test/AD_Middle_Test/ros2/src/install/turtlesim/include/turtlesim/srv/detail/spawn__type_support.h\n'}
[0.642924] (turtlesim) StdoutLine: {'line': b'-- Up-to-date: /ros2_test/AD_Middle_Test/ros2/src/install/turtlesim/include/turtlesim/srv/detail/teleport_relative__functions.c\n'}
[0.643062] (turtlesim) StdoutLine: {'line': b'-- Up-to-date: /ros2_test/AD_Middle_Test/ros2/src/install/turtlesim/include/turtlesim/srv/detail/kill__functions.h\n'}
[0.643200] (turtlesim) StdoutLine: {'line': b'-- Up-to-date: /ros2_test/AD_Middle_Test/ros2/src/install/turtlesim/include/turtlesim/srv/detail/teleport_relative__type_support.h\n'}
[0.643339] (turtlesim) StdoutLine: {'line': b'-- Up-to-date: /ros2_test/AD_Middle_Test/ros2/src/install/turtlesim/include/turtlesim/srv/detail/kill__type_support.h\n'}
[0.643477] (turtlesim) StdoutLine: {'line': b'-- Up-to-date: /ros2_test/AD_Middle_Test/ros2/src/install/turtlesim/include/turtlesim/srv/detail/teleport_relative__functions.h\n'}
[0.643615] (turtlesim) StdoutLine: {'line': b'-- Up-to-date: /ros2_test/AD_Middle_Test/ros2/src/install/turtlesim/include/turtlesim/srv/detail/set_pen__struct.h\n'}
[0.643753] (turtlesim) StdoutLine: {'line': b'-- Up-to-date: /ros2_test/AD_Middle_Test/ros2/src/install/turtlesim/include/turtlesim/srv/detail/set_pen__functions.c\n'}
[0.643891] (turtlesim) StdoutLine: {'line': b'-- Up-to-date: /ros2_test/AD_Middle_Test/ros2/src/install/turtlesim/include/turtlesim/srv/detail/teleport_absolute__functions.h\n'}
[0.644033] (turtlesim) StdoutLine: {'line': b'-- Up-to-date: /ros2_test/AD_Middle_Test/ros2/src/install/turtlesim/include/turtlesim/srv/detail/teleport_absolute__struct.h\n'}
[0.644172] (turtlesim) StdoutLine: {'line': b'-- Up-to-date: /ros2_test/AD_Middle_Test/ros2/src/install/turtlesim/include/turtlesim/srv/detail/spawn__functions.c\n'}
[0.644310] (turtlesim) StdoutLine: {'line': b'-- Up-to-date: /ros2_test/AD_Middle_Test/ros2/src/install/turtlesim/include/turtlesim/srv/detail/teleport_absolute__functions.c\n'}
[0.644449] (turtlesim) StdoutLine: {'line': b'-- Up-to-date: /ros2_test/AD_Middle_Test/ros2/src/install/turtlesim/include/turtlesim/srv/detail/kill__struct.h\n'}
[0.644593] (turtlesim) StdoutLine: {'line': b'-- Up-to-date: /ros2_test/AD_Middle_Test/ros2/src/install/turtlesim/include/turtlesim/srv/detail/teleport_relative__struct.h\n'}
[0.644732] (turtlesim) StdoutLine: {'line': b'-- Up-to-date: /ros2_test/AD_Middle_Test/ros2/src/install/turtlesim/include/turtlesim/srv/detail/set_pen__type_support.h\n'}
[0.644870] (turtlesim) StdoutLine: {'line': b'-- Up-to-date: /ros2_test/AD_Middle_Test/ros2/src/install/turtlesim/include/turtlesim/srv/set_pen.h\n'}
[0.645008] (turtlesim) StdoutLine: {'line': b'-- Up-to-date: /ros2_test/AD_Middle_Test/ros2/src/install/turtlesim/include/turtlesim/srv/kill.h\n'}
[0.645146] (turtlesim) StdoutLine: {'line': b'-- Up-to-date: /ros2_test/AD_Middle_Test/ros2/src/install/turtlesim/include/turtlesim/srv/teleport_relative.h\n'}
[0.645284] (turtlesim) StdoutLine: {'line': b'-- Up-to-date: /ros2_test/AD_Middle_Test/ros2/src/install/turtlesim/include/turtlesim/srv/teleport_absolute.h\n'}
[0.645421] (turtlesim) StdoutLine: {'line': b'-- Up-to-date: /ros2_test/AD_Middle_Test/ros2/src/install/turtlesim/include/turtlesim/action\n'}
[0.645559] (turtlesim) StdoutLine: {'line': b'-- Up-to-date: /ros2_test/AD_Middle_Test/ros2/src/install/turtlesim/include/turtlesim/action/detail\n'}
[0.645698] (turtlesim) StdoutLine: {'line': b'-- Up-to-date: /ros2_test/AD_Middle_Test/ros2/src/install/turtlesim/include/turtlesim/action/detail/rotate_absolute__functions.h\n'}
[0.645836] (turtlesim) StdoutLine: {'line': b'-- Up-to-date: /ros2_test/AD_Middle_Test/ros2/src/install/turtlesim/include/turtlesim/action/detail/rotate_absolute__struct.h\n'}
[0.645974] (turtlesim) StdoutLine: {'line': b'-- Up-to-date: /ros2_test/AD_Middle_Test/ros2/src/install/turtlesim/include/turtlesim/action/detail/rotate_absolute__functions.c\n'}
[0.646112] (turtlesim) StdoutLine: {'line': b'-- Up-to-date: /ros2_test/AD_Middle_Test/ros2/src/install/turtlesim/include/turtlesim/action/detail/rotate_absolute__type_support.h\n'}
[0.646255] (turtlesim) StdoutLine: {'line': b'-- Up-to-date: /ros2_test/AD_Middle_Test/ros2/src/install/turtlesim/include/turtlesim/action/rotate_absolute.h\n'}
[0.646393] (turtlesim) StdoutLine: {'line': b'-- Up-to-date: /ros2_test/AD_Middle_Test/ros2/src/install/turtlesim/lib/libturtlesim__rosidl_generator_c.so\n'}
[0.646530] (turtlesim) StdoutLine: {'line': b'-- Up-to-date: /ros2_test/AD_Middle_Test/ros2/src/install/turtlesim/include/turtlesim\n'}
[0.646712] (turtlesim) StdoutLine: {'line': b'-- Up-to-date: /ros2_test/AD_Middle_Test/ros2/src/install/turtlesim/include/turtlesim/msg\n'}
[0.646869] (turtlesim) StdoutLine: {'line': b'-- Up-to-date: /ros2_test/AD_Middle_Test/ros2/src/install/turtlesim/include/turtlesim/msg/color.hpp\n'}
[0.647010] (turtlesim) StdoutLine: {'line': b'-- Up-to-date: /ros2_test/AD_Middle_Test/ros2/src/install/turtlesim/include/turtlesim/msg/detail\n'}
[0.647148] (turtlesim) StdoutLine: {'line': b'-- Up-to-date: /ros2_test/AD_Middle_Test/ros2/src/install/turtlesim/include/turtlesim/msg/detail/pose__traits.hpp\n'}
[0.647286] (turtlesim) StdoutLine: {'line': b'-- Up-to-date: /ros2_test/AD_Middle_Test/ros2/src/install/turtlesim/include/turtlesim/msg/detail/color__struct.hpp\n'}
[0.647423] (turtlesim) StdoutLine: {'line': b'-- Up-to-date: /ros2_test/AD_Middle_Test/ros2/src/install/turtlesim/include/turtlesim/msg/detail/pose__struct.hpp\n'}
[0.647560] (turtlesim) StdoutLine: {'line': b'-- Up-to-date: /ros2_test/AD_Middle_Test/ros2/src/install/turtlesim/include/turtlesim/msg/detail/color__builder.hpp\n'}
[0.647698] (turtlesim) StdoutLine: {'line': b'-- Up-to-date: /ros2_test/AD_Middle_Test/ros2/src/install/turtlesim/include/turtlesim/msg/detail/color__traits.hpp\n'}
[0.647836] (turtlesim) StdoutLine: {'line': b'-- Up-to-date: /ros2_test/AD_Middle_Test/ros2/src/install/turtlesim/include/turtlesim/msg/detail/pose__builder.hpp\n'}
[0.647974] (turtlesim) StdoutLine: {'line': b'-- Up-to-date: /ros2_test/AD_Middle_Test/ros2/src/install/turtlesim/include/turtlesim/msg/pose.hpp\n'}
[0.648111] (turtlesim) StdoutLine: {'line': b'-- Up-to-date: /ros2_test/AD_Middle_Test/ros2/src/install/turtlesim/include/turtlesim/srv\n'}
[0.648249] (turtlesim) StdoutLine: {'line': b'-- Up-to-date: /ros2_test/AD_Middle_Test/ros2/src/install/turtlesim/include/turtlesim/srv/teleport_absolute.hpp\n'}
[0.648387] (turtlesim) StdoutLine: {'line': b'-- Up-to-date: /ros2_test/AD_Middle_Test/ros2/src/install/turtlesim/include/turtlesim/srv/spawn.hpp\n'}
[0.648524] (turtlesim) StdoutLine: {'line': b'-- Up-to-date: /ros2_test/AD_Middle_Test/ros2/src/install/turtlesim/include/turtlesim/srv/kill.hpp\n'}
[0.648662] (turtlesim) StdoutLine: {'line': b'-- Up-to-date: /ros2_test/AD_Middle_Test/ros2/src/install/turtlesim/include/turtlesim/srv/teleport_relative.hpp\n'}
[0.648805] (turtlesim) StdoutLine: {'line': b'-- Up-to-date: /ros2_test/AD_Middle_Test/ros2/src/install/turtlesim/include/turtlesim/srv/detail\n'}
[0.648943] (turtlesim) StdoutLine: {'line': b'-- Up-to-date: /ros2_test/AD_Middle_Test/ros2/src/install/turtlesim/include/turtlesim/srv/detail/set_pen__traits.hpp\n'}
[0.649081] (turtlesim) StdoutLine: {'line': b'-- Up-to-date: /ros2_test/AD_Middle_Test/ros2/src/install/turtlesim/include/turtlesim/srv/detail/teleport_absolute__struct.hpp\n'}
[0.649219] (turtlesim) StdoutLine: {'line': b'-- Up-to-date: /ros2_test/AD_Middle_Test/ros2/src/install/turtlesim/include/turtlesim/srv/detail/spawn__traits.hpp\n'}
[0.649365] (turtlesim) StdoutLine: {'line': b'-- Up-to-date: /ros2_test/AD_Middle_Test/ros2/src/install/turtlesim/include/turtlesim/srv/detail/kill__builder.hpp\n'}
[0.649504] (turtlesim) StdoutLine: {'line': b'-- Up-to-date: /ros2_test/AD_Middle_Test/ros2/src/install/turtlesim/include/turtlesim/srv/detail/kill__struct.hpp\n'}
[0.649641] (turtlesim) StdoutLine: {'line': b'-- Up-to-date: /ros2_test/AD_Middle_Test/ros2/src/install/turtlesim/include/turtlesim/srv/detail/teleport_relative__builder.hpp\n'}
[0.649779] (turtlesim) StdoutLine: {'line': b'-- Up-to-date: /ros2_test/AD_Middle_Test/ros2/src/install/turtlesim/include/turtlesim/srv/detail/kill__traits.hpp\n'}
[0.649922] (turtlesim) StdoutLine: {'line': b'-- Up-to-date: /ros2_test/AD_Middle_Test/ros2/src/install/turtlesim/include/turtlesim/srv/detail/spawn__builder.hpp\n'}
[0.650060] (turtlesim) StdoutLine: {'line': b'-- Up-to-date: /ros2_test/AD_Middle_Test/ros2/src/install/turtlesim/include/turtlesim/srv/detail/teleport_relative__traits.hpp\n'}
[0.650198] (turtlesim) StdoutLine: {'line': b'-- Up-to-date: /ros2_test/AD_Middle_Test/ros2/src/install/turtlesim/include/turtlesim/srv/detail/spawn__struct.hpp\n'}
[0.650336] (turtlesim) StdoutLine: {'line': b'-- Up-to-date: /ros2_test/AD_Middle_Test/ros2/src/install/turtlesim/include/turtlesim/srv/detail/teleport_absolute__builder.hpp\n'}
[0.650474] (turtlesim) StdoutLine: {'line': b'-- Up-to-date: /ros2_test/AD_Middle_Test/ros2/src/install/turtlesim/include/turtlesim/srv/detail/teleport_absolute__traits.hpp\n'}
[0.650612] (turtlesim) StdoutLine: {'line': b'-- Up-to-date: /ros2_test/AD_Middle_Test/ros2/src/install/turtlesim/include/turtlesim/srv/detail/set_pen__builder.hpp\n'}
[0.650750] (turtlesim) StdoutLine: {'line': b'-- Up-to-date: /ros2_test/AD_Middle_Test/ros2/src/install/turtlesim/include/turtlesim/srv/detail/set_pen__struct.hpp\n'}
[0.650901] (turtlesim) StdoutLine: {'line': b'-- Up-to-date: /ros2_test/AD_Middle_Test/ros2/src/install/turtlesim/include/turtlesim/srv/detail/teleport_relative__struct.hpp\n'}
[0.651041] (turtlesim) StdoutLine: {'line': b'-- Up-to-date: /ros2_test/AD_Middle_Test/ros2/src/install/turtlesim/include/turtlesim/srv/set_pen.hpp\n'}
[0.651179] (turtlesim) StdoutLine: {'line': b'-- Up-to-date: /ros2_test/AD_Middle_Test/ros2/src/install/turtlesim/include/turtlesim/action\n'}
[0.651317] (turtlesim) StdoutLine: {'line': b'-- Up-to-date: /ros2_test/AD_Middle_Test/ros2/src/install/turtlesim/include/turtlesim/action/rotate_absolute.hpp\n'}
[0.651456] (turtlesim) StdoutLine: {'line': b'-- Up-to-date: /ros2_test/AD_Middle_Test/ros2/src/install/turtlesim/include/turtlesim/action/detail\n'}
[0.651594] (turtlesim) StdoutLine: {'line': b'-- Up-to-date: /ros2_test/AD_Middle_Test/ros2/src/install/turtlesim/include/turtlesim/action/detail/rotate_absolute__builder.hpp\n'}
[0.651732] (turtlesim) StdoutLine: {'line': b'-- Up-to-date: /ros2_test/AD_Middle_Test/ros2/src/install/turtlesim/include/turtlesim/action/detail/rotate_absolute__traits.hpp\n'}
[0.651870] (turtlesim) StdoutLine: {'line': b'-- Up-to-date: /ros2_test/AD_Middle_Test/ros2/src/install/turtlesim/include/turtlesim/action/detail/rotate_absolute__struct.hpp\n'}
[0.652008] (turtlesim) StdoutLine: {'line': b'-- Up-to-date: /ros2_test/AD_Middle_Test/ros2/src/install/turtlesim/share/turtlesim/environment/pythonpath.sh\n'}
[0.652146] (turtlesim) StdoutLine: {'line': b'-- Up-to-date: /ros2_test/AD_Middle_Test/ros2/src/install/turtlesim/share/turtlesim/environment/pythonpath.dsv\n'}
[0.652284] (turtlesim) StdoutLine: {'line': b'-- Up-to-date: /ros2_test/AD_Middle_Test/ros2/src/install/turtlesim/lib/python3.8/site-packages/turtlesim/__init__.py\n'}
[0.652422] (simple_s) StdoutLine: {'line': b'[ 50%] Built target talker\n'}
[0.661409] (simple_s) StdoutLine: {'line': b'[ 75%] \x1b[32mBuilding CXX object CMakeFiles/listener.dir/src/listener.cpp.o\x1b[0m\n'}
[0.690210] (turtlesim) StdoutLine: {'line': b'-- Up-to-date: /ros2_test/AD_Middle_Test/ros2/src/install/turtlesim/lib/python3.8/site-packages/turtlesim/action\n'}
[0.690437] (turtlesim) StdoutLine: {'line': b'-- Up-to-date: /ros2_test/AD_Middle_Test/ros2/src/install/turtlesim/lib/python3.8/site-packages/turtlesim/action/_rotate_absolute.py\n'}
[0.690591] (turtlesim) StdoutLine: {'line': b'-- Up-to-date: /ros2_test/AD_Middle_Test/ros2/src/install/turtlesim/lib/python3.8/site-packages/turtlesim/action/__init__.py\n'}
[0.690742] (turtlesim) StdoutLine: {'line': b'-- Up-to-date: /ros2_test/AD_Middle_Test/ros2/src/install/turtlesim/lib/python3.8/site-packages/turtlesim/action/_rotate_absolute_s.c\n'}
[0.691079] (turtlesim) StdoutLine: {'line': b'-- Up-to-date: /ros2_test/AD_Middle_Test/ros2/src/install/turtlesim/lib/python3.8/site-packages/turtlesim/msg\n'}
[0.691307] (turtlesim) StdoutLine: {'line': b'-- Up-to-date: /ros2_test/AD_Middle_Test/ros2/src/install/turtlesim/lib/python3.8/site-packages/turtlesim/msg/_pose.py\n'}
[0.691510] (turtlesim) StdoutLine: {'line': b'-- Up-to-date: /ros2_test/AD_Middle_Test/ros2/src/install/turtlesim/lib/python3.8/site-packages/turtlesim/msg/_color_s.c\n'}
[0.691654] (turtlesim) StdoutLine: {'line': b'-- Up-to-date: /ros2_test/AD_Middle_Test/ros2/src/install/turtlesim/lib/python3.8/site-packages/turtlesim/msg/_color.py\n'}
[0.691793] (turtlesim) StdoutLine: {'line': b'-- Up-to-date: /ros2_test/AD_Middle_Test/ros2/src/install/turtlesim/lib/python3.8/site-packages/turtlesim/msg/_pose_s.c\n'}
[0.691942] (turtlesim) StdoutLine: {'line': b'-- Up-to-date: /ros2_test/AD_Middle_Test/ros2/src/install/turtlesim/lib/python3.8/site-packages/turtlesim/msg/__init__.py\n'}
[0.692134] (turtlesim) StdoutLine: {'line': b'-- Up-to-date: /ros2_test/AD_Middle_Test/ros2/src/install/turtlesim/lib/python3.8/site-packages/turtlesim/srv\n'}
[0.692275] (turtlesim) StdoutLine: {'line': b'-- Up-to-date: /ros2_test/AD_Middle_Test/ros2/src/install/turtlesim/lib/python3.8/site-packages/turtlesim/srv/_spawn_s.c\n'}
[0.692413] (turtlesim) StdoutLine: {'line': b'-- Up-to-date: /ros2_test/AD_Middle_Test/ros2/src/install/turtlesim/lib/python3.8/site-packages/turtlesim/srv/_kill.py\n'}
[0.692551] (turtlesim) StdoutLine: {'line': b'-- Up-to-date: /ros2_test/AD_Middle_Test/ros2/src/install/turtlesim/lib/python3.8/site-packages/turtlesim/srv/_set_pen.py\n'}
[0.692689] (turtlesim) StdoutLine: {'line': b'-- Up-to-date: /ros2_test/AD_Middle_Test/ros2/src/install/turtlesim/lib/python3.8/site-packages/turtlesim/srv/_spawn.py\n'}
[0.692828] (turtlesim) StdoutLine: {'line': b'-- Up-to-date: /ros2_test/AD_Middle_Test/ros2/src/install/turtlesim/lib/python3.8/site-packages/turtlesim/srv/_teleport_relative.py\n'}
[0.692975] (turtlesim) StdoutLine: {'line': b'-- Up-to-date: /ros2_test/AD_Middle_Test/ros2/src/install/turtlesim/lib/python3.8/site-packages/turtlesim/srv/__init__.py\n'}
[0.693124] (turtlesim) StdoutLine: {'line': b'-- Up-to-date: /ros2_test/AD_Middle_Test/ros2/src/install/turtlesim/lib/python3.8/site-packages/turtlesim/srv/_teleport_relative_s.c\n'}
[0.693273] (turtlesim) StdoutLine: {'line': b'-- Up-to-date: /ros2_test/AD_Middle_Test/ros2/src/install/turtlesim/lib/python3.8/site-packages/turtlesim/srv/_kill_s.c\n'}
[0.693423] (turtlesim) StdoutLine: {'line': b'-- Up-to-date: /ros2_test/AD_Middle_Test/ros2/src/install/turtlesim/lib/python3.8/site-packages/turtlesim/srv/_teleport_absolute.py\n'}
[0.693574] (turtlesim) StdoutLine: {'line': b'-- Up-to-date: /ros2_test/AD_Middle_Test/ros2/src/install/turtlesim/lib/python3.8/site-packages/turtlesim/srv/_set_pen_s.c\n'}
[0.693723] (turtlesim) StdoutLine: {'line': b'-- Up-to-date: /ros2_test/AD_Middle_Test/ros2/src/install/turtlesim/lib/python3.8/site-packages/turtlesim/srv/_teleport_absolute_s.c\n'}
[0.693873] (turtlesim) StdoutLine: {'line': b'-- Up-to-date: /ros2_test/AD_Middle_Test/ros2/src/install/turtlesim/lib/python3.8/site-packages/turtlesim/turtlesim_s__rosidl_typesupport_fastrtps_c.cpython-38-x86_64-linux-gnu.so\n'}
[0.694093] (turtlesim) StdoutLine: {'line': b'-- Up-to-date: /ros2_test/AD_Middle_Test/ros2/src/install/turtlesim/lib/python3.8/site-packages/turtlesim/turtlesim_s__rosidl_typesupport_introspection_c.cpython-38-x86_64-linux-gnu.so\n'}
[0.694243] (turtlesim) StdoutLine: {'line': b'-- Up-to-date: /ros2_test/AD_Middle_Test/ros2/src/install/turtlesim/lib/python3.8/site-packages/turtlesim/turtlesim_s__rosidl_typesupport_c.cpython-38-x86_64-linux-gnu.so\n'}
[0.694677] (turtlesim) StdoutLine: {'line': b'-- Up-to-date: /ros2_test/AD_Middle_Test/ros2/src/install/turtlesim/lib/libturtlesim__python.so\n'}
[0.695076] (turtlesim) StdoutLine: {'line': b'-- Up-to-date: /ros2_test/AD_Middle_Test/ros2/src/install/turtlesim/share/turtlesim/action/RotateAbsolute.idl\n'}
[0.695297] (turtlesim) StdoutLine: {'line': b'-- Up-to-date: /ros2_test/AD_Middle_Test/ros2/src/install/turtlesim/share/turtlesim/msg/Color.idl\n'}
[0.695456] (turtlesim) StdoutLine: {'line': b'-- Up-to-date: /ros2_test/AD_Middle_Test/ros2/src/install/turtlesim/share/turtlesim/msg/Pose.idl\n'}
[0.695688] (turtlesim) StdoutLine: {'line': b'-- Up-to-date: /ros2_test/AD_Middle_Test/ros2/src/install/turtlesim/share/turtlesim/srv/Kill.idl\n'}
[0.695841] (turtlesim) StdoutLine: {'line': b'-- Up-to-date: /ros2_test/AD_Middle_Test/ros2/src/install/turtlesim/share/turtlesim/srv/SetPen.idl\n'}
[0.695990] (turtlesim) StdoutLine: {'line': b'-- Up-to-date: /ros2_test/AD_Middle_Test/ros2/src/install/turtlesim/share/turtlesim/srv/Spawn.idl\n'}
[0.696139] (turtlesim) StdoutLine: {'line': b'-- Up-to-date: /ros2_test/AD_Middle_Test/ros2/src/install/turtlesim/share/turtlesim/srv/TeleportAbsolute.idl\n'}
[0.696337] (turtlesim) StdoutLine: {'line': b'-- Up-to-date: /ros2_test/AD_Middle_Test/ros2/src/install/turtlesim/share/turtlesim/srv/TeleportRelative.idl\n'}
[0.696615] (turtlesim) StdoutLine: {'line': b'-- Up-to-date: /ros2_test/AD_Middle_Test/ros2/src/install/turtlesim/share/turtlesim/action/RotateAbsolute.action\n'}
[0.696770] (turtlesim) StdoutLine: {'line': b'-- Up-to-date: /ros2_test/AD_Middle_Test/ros2/src/install/turtlesim/share/turtlesim/msg/Color.msg\n'}
[0.696920] (turtlesim) StdoutLine: {'line': b'-- Up-to-date: /ros2_test/AD_Middle_Test/ros2/src/install/turtlesim/share/turtlesim/msg/Pose.msg\n'}
[0.697071] (turtlesim) StdoutLine: {'line': b'-- Up-to-date: /ros2_test/AD_Middle_Test/ros2/src/install/turtlesim/share/turtlesim/srv/Kill.srv\n'}
[0.697313] (turtlesim) StdoutLine: {'line': b'-- Up-to-date: /ros2_test/AD_Middle_Test/ros2/src/install/turtlesim/share/turtlesim/srv/Kill_Request.msg\n'}
[0.697464] (turtlesim) StdoutLine: {'line': b'-- Up-to-date: /ros2_test/AD_Middle_Test/ros2/src/install/turtlesim/share/turtlesim/srv/Kill_Response.msg\n'}
[0.697614] (turtlesim) StdoutLine: {'line': b'-- Up-to-date: /ros2_test/AD_Middle_Test/ros2/src/install/turtlesim/share/turtlesim/srv/SetPen.srv\n'}
[0.697763] (turtlesim) StdoutLine: {'line': b'-- Up-to-date: /ros2_test/AD_Middle_Test/ros2/src/install/turtlesim/share/turtlesim/srv/SetPen_Request.msg\n'}
[0.697912] (turtlesim) StdoutLine: {'line': b'-- Up-to-date: /ros2_test/AD_Middle_Test/ros2/src/install/turtlesim/share/turtlesim/srv/SetPen_Response.msg\n'}
[0.698121] (turtlesim) StdoutLine: {'line': b'-- Up-to-date: /ros2_test/AD_Middle_Test/ros2/src/install/turtlesim/share/turtlesim/srv/Spawn.srv\n'}
[0.698262] (turtlesim) StdoutLine: {'line': b'-- Up-to-date: /ros2_test/AD_Middle_Test/ros2/src/install/turtlesim/share/turtlesim/srv/Spawn_Request.msg\n'}
[0.698400] (turtlesim) StdoutLine: {'line': b'-- Up-to-date: /ros2_test/AD_Middle_Test/ros2/src/install/turtlesim/share/turtlesim/srv/Spawn_Response.msg\n'}
[0.698538] (turtlesim) StdoutLine: {'line': b'-- Up-to-date: /ros2_test/AD_Middle_Test/ros2/src/install/turtlesim/share/turtlesim/srv/TeleportAbsolute.srv\n'}
[0.698687] (turtlesim) StdoutLine: {'line': b'-- Up-to-date: /ros2_test/AD_Middle_Test/ros2/src/install/turtlesim/share/turtlesim/srv/TeleportAbsolute_Request.msg\n'}
[0.698851] (turtlesim) StdoutLine: {'line': b'-- Up-to-date: /ros2_test/AD_Middle_Test/ros2/src/install/turtlesim/share/turtlesim/srv/TeleportAbsolute_Response.msg\n'}
[0.699005] (turtlesim) StdoutLine: {'line': b'-- Up-to-date: /ros2_test/AD_Middle_Test/ros2/src/install/turtlesim/share/turtlesim/srv/TeleportRelative.srv\n'}
[0.699155] (turtlesim) StdoutLine: {'line': b'-- Up-to-date: /ros2_test/AD_Middle_Test/ros2/src/install/turtlesim/share/turtlesim/srv/TeleportRelative_Request.msg\n'}
[0.699305] (turtlesim) StdoutLine: {'line': b'-- Up-to-date: /ros2_test/AD_Middle_Test/ros2/src/install/turtlesim/share/turtlesim/srv/TeleportRelative_Response.msg\n'}
[0.699455] (turtlesim) StdoutLine: {'line': b'-- Up-to-date: /ros2_test/AD_Middle_Test/ros2/src/install/turtlesim/lib/turtlesim/turtlesim_node\n'}
[0.699672] (turtlesim) StdoutLine: {'line': b'-- Up-to-date: /ros2_test/AD_Middle_Test/ros2/src/install/turtlesim/lib/turtlesim/turtle_teleop_key\n'}
[0.699823] (turtlesim) StdoutLine: {'line': b'-- Up-to-date: /ros2_test/AD_Middle_Test/ros2/src/install/turtlesim/lib/turtlesim/draw_square\n'}
[0.699970] (-) TimerEvent: {}
[0.700229] (turtlesim) StdoutLine: {'line': b'-- Up-to-date: /ros2_test/AD_Middle_Test/ros2/src/install/turtlesim/lib/turtlesim/mimic\n'}
[0.700526] (turtlesim) StdoutLine: {'line': b'-- Up-to-date: /ros2_test/AD_Middle_Test/ros2/src/install/turtlesim/share/turtlesim/images\n'}
[0.700682] (turtlesim) StdoutLine: {'line': b'-- Up-to-date: /ros2_test/AD_Middle_Test/ros2/src/install/turtlesim/share/turtlesim/images/ardent.png\n'}
[0.700833] (turtlesim) StdoutLine: {'line': b'-- Up-to-date: /ros2_test/AD_Middle_Test/ros2/src/install/turtlesim/share/turtlesim/images/bouncy.png\n'}
[0.700982] (turtlesim) StdoutLine: {'line': b'-- Up-to-date: /ros2_test/AD_Middle_Test/ros2/src/install/turtlesim/share/turtlesim/images/eloquent.png\n'}
[0.701132] (turtlesim) StdoutLine: {'line': b'-- Up-to-date: /ros2_test/AD_Middle_Test/ros2/src/install/turtlesim/share/turtlesim/images/dashing.png\n'}
[0.701281] (turtlesim) StdoutLine: {'line': b'-- Up-to-date: /ros2_test/AD_Middle_Test/ros2/src/install/turtlesim/share/turtlesim/images/crystal.png\n'}
[0.701484] (turtlesim) StdoutLine: {'line': b'-- Up-to-date: /ros2_test/AD_Middle_Test/ros2/src/install/turtlesim/share/turtlesim/launch\n'}
[0.701745] (turtlesim) StdoutLine: {'line': b'-- Up-to-date: /ros2_test/AD_Middle_Test/ros2/src/install/turtlesim/share/turtlesim/launch/multisim.launch.py\n'}
[0.701901] (turtlesim) StdoutLine: {'line': b'-- Up-to-date: /ros2_test/AD_Middle_Test/ros2/src/install/turtlesim/share/ament_index/resource_index/package_run_dependencies/turtlesim\n'}
[0.702053] (turtlesim) StdoutLine: {'line': b'-- Up-to-date: /ros2_test/AD_Middle_Test/ros2/src/install/turtlesim/share/ament_index/resource_index/parent_prefix_path/turtlesim\n'}
[0.702203] (turtlesim) StdoutLine: {'line': b'-- Up-to-date: /ros2_test/AD_Middle_Test/ros2/src/install/turtlesim/share/turtlesim/environment/ament_prefix_path.sh\n'}
[0.702353] (turtlesim) StdoutLine: {'line': b'-- Up-to-date: /ros2_test/AD_Middle_Test/ros2/src/install/turtlesim/share/turtlesim/environment/ament_prefix_path.dsv\n'}
[0.702505] (turtlesim) StdoutLine: {'line': b'-- Up-to-date: /ros2_test/AD_Middle_Test/ros2/src/install/turtlesim/share/turtlesim/environment/path.sh\n'}
[0.702655] (turtlesim) StdoutLine: {'line': b'-- Up-to-date: /ros2_test/AD_Middle_Test/ros2/src/install/turtlesim/share/turtlesim/environment/path.dsv\n'}
[0.702825] (turtlesim) StdoutLine: {'line': b'-- Up-to-date: /ros2_test/AD_Middle_Test/ros2/src/install/turtlesim/share/turtlesim/local_setup.bash\n'}
[0.702981] (turtlesim) StdoutLine: {'line': b'-- Up-to-date: /ros2_test/AD_Middle_Test/ros2/src/install/turtlesim/share/turtlesim/local_setup.sh\n'}
[0.703131] (turtlesim) StdoutLine: {'line': b'-- Up-to-date: /ros2_test/AD_Middle_Test/ros2/src/install/turtlesim/share/turtlesim/local_setup.zsh\n'}
[0.703410] (turtlesim) StdoutLine: {'line': b'-- Up-to-date: /ros2_test/AD_Middle_Test/ros2/src/install/turtlesim/share/turtlesim/local_setup.dsv\n'}
[0.703563] (turtlesim) StdoutLine: {'line': b'-- Installing: /ros2_test/AD_Middle_Test/ros2/src/install/turtlesim/share/turtlesim/package.dsv\n'}
[0.703704] (turtlesim) StdoutLine: {'line': b'-- Up-to-date: /ros2_test/AD_Middle_Test/ros2/src/install/turtlesim/share/ament_index/resource_index/packages/turtlesim\n'}
[0.703844] (turtlesim) StdoutLine: {'line': b'-- Up-to-date: /ros2_test/AD_Middle_Test/ros2/src/install/turtlesim/share/turtlesim/cmake/rosidl_cmake-extras.cmake\n'}
[0.703982] (turtlesim) StdoutLine: {'line': b'-- Up-to-date: /ros2_test/AD_Middle_Test/ros2/src/install/turtlesim/share/turtlesim/cmake/ament_cmake_export_dependencies-extras.cmake\n'}
[0.704132] (turtlesim) StdoutLine: {'line': b'-- Up-to-date: /ros2_test/AD_Middle_Test/ros2/src/install/turtlesim/share/turtlesim/cmake/ament_cmake_export_libraries-extras.cmake\n'}
[0.704271] (turtlesim) StdoutLine: {'line': b'-- Up-to-date: /ros2_test/AD_Middle_Test/ros2/src/install/turtlesim/share/turtlesim/cmake/rosidl_cmake_export_typesupport_libraries-extras.cmake\n'}
[0.704415] (turtlesim) StdoutLine: {'line': b'-- Up-to-date: /ros2_test/AD_Middle_Test/ros2/src/install/turtlesim/share/turtlesim/cmake/ament_cmake_export_include_directories-extras.cmake\n'}
[0.704554] (turtlesim) StdoutLine: {'line': b'-- Up-to-date: /ros2_test/AD_Middle_Test/ros2/src/install/turtlesim/share/turtlesim/cmake/turtlesimConfig.cmake\n'}
[0.704692] (turtlesim) StdoutLine: {'line': b'-- Up-to-date: /ros2_test/AD_Middle_Test/ros2/src/install/turtlesim/share/turtlesim/cmake/turtlesimConfig-version.cmake\n'}
[0.704842] (turtlesim) StdoutLine: {'line': b'-- Up-to-date: /ros2_test/AD_Middle_Test/ros2/src/install/turtlesim/share/turtlesim/package.xml\n'}
[0.706039] (turtlesim) CommandEnded: {'returncode': 0}
[0.725018] (turtlesim) JobEnded: {'identifier': 'turtlesim', 'rc': 0}
[0.800061] (-) TimerEvent: {}
[0.900291] (-) TimerEvent: {}
[1.000517] (-) TimerEvent: {}
[1.100735] (-) TimerEvent: {}
[1.200957] (-) TimerEvent: {}
[1.301185] (-) TimerEvent: {}
[1.401419] (-) TimerEvent: {}
[1.501642] (-) TimerEvent: {}
[1.601879] (-) TimerEvent: {}
[1.702139] (-) TimerEvent: {}
[1.802403] (-) TimerEvent: {}
[1.902683] (-) TimerEvent: {}
[2.002979] (-) TimerEvent: {}
[2.103221] (-) TimerEvent: {}
[2.203489] (-) TimerEvent: {}
[2.303749] (-) TimerEvent: {}
[2.404015] (-) TimerEvent: {}
[2.504287] (-) TimerEvent: {}
[2.604544] (-) TimerEvent: {}
[2.704823] (-) TimerEvent: {}
[2.805110] (-) TimerEvent: {}
[2.905351] (-) TimerEvent: {}
[3.005601] (-) TimerEvent: {}
[3.030570] (simple_s) StderrLine: {'line': b'In file included from \x1b[01m\x1b[K/opt/ros/foxy/include/message_filters/synchronizer.h:47\x1b[m\x1b[K,\n'}
[3.031432] (simple_s) StderrLine: {'line': b'                 from \x1b[01m\x1b[K/ros2_test/AD_Middle_Test/ros2/src/simple_s/src/listener.cpp:6\x1b[m\x1b[K:\n'}
[3.032127] (simple_s) StderrLine: {'line': b'/opt/ros/foxy/include/message_filters/signal9.h: In instantiation of \xe2\x80\x98\x1b[01m\x1b[Kmessage_filters::Connection message_filters::Signal9<M0, M1, M2, M3, M4, M5, M6, M7, M8>::addCallback(C&) [with C = const std::_Bind<void (MinimalSubscriber::*(MinimalSubscriber*, std::_Placeholder<1>, std::_Placeholder<2>))(const std::shared_ptr<test_interfaces::msg::Test_<std::allocator<void> > >&, const std::shared_ptr<test_interfaces::msg::Test_<std::allocator<void> > >&)>; M0 = test_interfaces::msg::Test_<std::allocator<void> >; M1 = test_interfaces::msg::Test_<std::allocator<void> >; M2 = message_filters::NullType; M3 = message_filters::NullType; M4 = message_filters::NullType; M5 = message_filters::NullType; M6 = message_filters::NullType; M7 = message_filters::NullType; M8 = message_filters::NullType]\x1b[m\x1b[K\xe2\x80\x99:\n'}
[3.032498] (simple_s) StderrLine: {'line': b'\x1b[01m\x1b[K/opt/ros/foxy/include/message_filters/synchronizer.h:298:40:\x1b[m\x1b[K   required from \xe2\x80\x98\x1b[01m\x1b[Kmessage_filters::Connection message_filters::Synchronizer<Policy>::registerCallback(const C&) [with C = std::_Bind<void (MinimalSubscriber::*(MinimalSubscriber*, std::_Placeholder<1>, std::_Placeholder<2>))(const std::shared_ptr<test_interfaces::msg::Test_<std::allocator<void> > >&, const std::shared_ptr<test_interfaces::msg::Test_<std::allocator<void> > >&)>; Policy = message_filters::sync_policies::ApproximateTime<test_interfaces::msg::Test_<std::allocator<void> >, test_interfaces::msg::Test_<std::allocator<void> > >]\x1b[m\x1b[K\xe2\x80\x99\n'}
[3.032651] (simple_s) StderrLine: {'line': b'\x1b[01m\x1b[K/ros2_test/AD_Middle_Test/ros2/src/simple_s/src/listener.cpp:63:129:\x1b[m\x1b[K   required from here\n'}
[3.032792] (simple_s) StderrLine: {'line': b'\x1b[01m\x1b[K/opt/ros/foxy/include/message_filters/signal9.h:280:267:\x1b[m\x1b[K \x1b[01;31m\x1b[Kerror: \x1b[m\x1b[Kno matching function for call to \xe2\x80\x98\x1b[01m\x1b[Kmessage_filters::Signal9<test_interfaces::msg::Test_<std::allocator<void> >, test_interfaces::msg::Test_<std::allocator<void> >, message_filters::NullType, message_filters::NullType, message_filters::NullType, message_filters::NullType, message_filters::NullType, message_filters::NullType, message_filters::NullType>::addCallback<const M0ConstPtr&, const M1ConstPtr&, const M2ConstPtr&, const M3ConstPtr&, const M4ConstPtr&, const M5ConstPtr&, const M6ConstPtr&, const M7ConstPtr&, const M8ConstPtr&>(std::_Bind_helper<false, const std::_Bind<void (MinimalSubscriber::*(MinimalSubscriber*, std::_Placeholder<1>, std::_Placeholder<2>))(const std::shared_ptr<test_interfaces::msg::Test_<std::allocator<void> > >&, const std::shared_ptr<test_interfaces::msg::Test_<std::allocator<void> > >&)>&, const std::_Placeholder<1>&, const std::_Placeholder<2>&, const std::_Placeholder<3>&, const std::_Placeholder<4>&, const std::_Placeholder<5>&, const std::_Placeholder<6>&, const std::_Placeholder<7>&, const std::_Placeholder<8>&, const std::_Placeholder<9>&>::type)\x1b[m\x1b[K\xe2\x80\x99\n'}
[3.032959] (simple_s) StderrLine: {'line': b'  280 |                      const M8ConstPtr&>(std::bind(callback, std::placeholders::_1, std::placeholders::_2, std::placeholders::_3, std::placeholders::_4, std::placeholders::_5, std::placeholders::_6, std::placeholders::_7, std::placeholders::_8, std::placeholders::_9)\x1b[01;31m\x1b[K)\x1b[m\x1b[K;\n'}
[3.033106] (simple_s) StderrLine: {'line': b'      |                                                                                                                                                                                                                                                                           \x1b[01;31m\x1b[K^\x1b[m\x1b[K\n'}
[3.033245] (simple_s) StderrLine: {'line': b'In file included from \x1b[01m\x1b[K/opt/ros/foxy/include/message_filters/synchronizer.h:47\x1b[m\x1b[K,\n'}
[3.033382] (simple_s) StderrLine: {'line': b'                 from \x1b[01m\x1b[K/ros2_test/AD_Middle_Test/ros2/src/simple_s/src/listener.cpp:6\x1b[m\x1b[K:\n'}
[3.033525] (simple_s) StderrLine: {'line': b'\x1b[01m\x1b[K/opt/ros/foxy/include/message_filters/signal9.h:170:14:\x1b[m\x1b[K \x1b[01;36m\x1b[Knote: \x1b[m\x1b[Kcandidate: \xe2\x80\x98\x1b[01m\x1b[Kmessage_filters::Connection message_filters::Signal9<M0, M1, M2, M3, M4, M5, M6, M7, M8>::addCallback(const std::function<void(P0, P1, P2, P3, P4, P5, P6, P7, P8)>&) [with P0 = const std::shared_ptr<const test_interfaces::msg::Test_<std::allocator<void> > >&; P1 = const std::shared_ptr<const test_interfaces::msg::Test_<std::allocator<void> > >&; P2 = const std::shared_ptr<const message_filters::NullType>&; P3 = const std::shared_ptr<const message_filters::NullType>&; P4 = const std::shared_ptr<const message_filters::NullType>&; P5 = const std::shared_ptr<const message_filters::NullType>&; P6 = const std::shared_ptr<const message_filters::NullType>&; P7 = const std::shared_ptr<const message_filters::NullType>&; P8 = const std::shared_ptr<const message_filters::NullType>&; M0 = test_interfaces::msg::Test_<std::allocator<void> >; M1 = test_interfaces::msg::Test_<std::allocator<void> >; M2 = message_filters::NullType; M3 = message_filters::NullType; M4 = message_filters::NullType; M5 = message_filters::NullType; M6 = message_filters::NullType; M7 = message_filters::NullType; M8 = message_filters::NullType]\x1b[m\x1b[K\xe2\x80\x99\n'}
[3.033687] (simple_s) StderrLine: {'line': b'  170 |   Connection \x1b[01;36m\x1b[KaddCallback\x1b[m\x1b[K(const std::function<void(P0, P1, P2, P3, P4, P5, P6, P7, P8)>& callback)\n'}
[3.033825] (simple_s) StderrLine: {'line': b'      |              \x1b[01;36m\x1b[K^~~~~~~~~~~\x1b[m\x1b[K\n'}
[3.033960] (simple_s) StderrLine: {'line': b'\x1b[01m\x1b[K/opt/ros/foxy/include/message_filters/signal9.h:170:89:\x1b[m\x1b[K \x1b[01;36m\x1b[Knote: \x1b[m\x1b[K  no known conversion for argument 1 from \xe2\x80\x98\x1b[01m\x1b[Kstd::_Bind_helper<false, const std::_Bind<void (MinimalSubscriber::*(MinimalSubscriber*, std::_Placeholder<1>, std::_Placeholder<2>))(const std::shared_ptr<test_interfaces::msg::Test_<std::allocator<void> > >&, const std::shared_ptr<test_interfaces::msg::Test_<std::allocator<void> > >&)>&, const std::_Placeholder<1>&, const std::_Placeholder<2>&, const std::_Placeholder<3>&, const std::_Placeholder<4>&, const std::_Placeholder<5>&, const std::_Placeholder<6>&, const std::_Placeholder<7>&, const std::_Placeholder<8>&, const std::_Placeholder<9>&>::type\x1b[m\x1b[K\xe2\x80\x99 {aka \xe2\x80\x98\x1b[01m\x1b[Kstd::_Bind<std::_Bind<void (MinimalSubscriber::*(MinimalSubscriber*, std::_Placeholder<1>, std::_Placeholder<2>))(const std::shared_ptr<test_interfaces::msg::Test_<std::allocator<void> > >&, const std::shared_ptr<test_interfaces::msg::Test_<std::allocator<void> > >&)>(std::_Placeholder<1>, std::_Placeholder<2>, std::_Placeholder<3>, std::_Placeholder<4>, std::_Placeholder<5>, std::_Placeholder<6>, std::_Placeholder<7>, std::_Placeholder<8>, std::_Placeholder<9>)>\x1b[m\x1b[K\xe2\x80\x99} to \xe2\x80\x98\x1b[01m\x1b[Kconst std::function<void(const std::shared_ptr<const test_interfaces::msg::Test_<std::allocator<void> > >&, const std::shared_ptr<const test_interfaces::msg::Test_<std::allocator<void> > >&, const std::shared_ptr<const message_filters::NullType>&, const std::shared_ptr<const message_filters::NullType>&, const std::shared_ptr<const message_filters::NullType>&, const std::shared_ptr<const message_filters::NullType>&, const std::shared_ptr<const message_filters::NullType>&, const std::shared_ptr<const message_filters::NullType>&, const std::shared_ptr<const message_filters::NullType>&)>&\x1b[m\x1b[K\xe2\x80\x99\n'}
[3.034120] (simple_s) StderrLine: {'line': b'  170 |   Connection addCallback(\x1b[01;36m\x1b[Kconst std::function<void(P0, P1, P2, P3, P4, P5, P6, P7, P8)>& callback\x1b[m\x1b[K)\n'}
[3.034256] (simple_s) StderrLine: {'line': b'      |                          \x1b[01;36m\x1b[K~~~~~~~~~~~~~~~~~~~~~~~~~~~~~~~~~~~~~~~~~~~~~~~~~~~~~~~~~~~~~~~^~~~~~~~\x1b[m\x1b[K\n'}
[3.034391] (simple_s) StderrLine: {'line': b'\x1b[01m\x1b[K/opt/ros/foxy/include/message_filters/signal9.h:180:14:\x1b[m\x1b[K \x1b[01;36m\x1b[Knote: \x1b[m\x1b[Kcandidate: \xe2\x80\x98\x1b[01m\x1b[Ktemplate<class P0, class P1> message_filters::Connection message_filters::Signal9<M0, M1, M2, M3, M4, M5, M6, M7, M8>::addCallback(void (*)(P0, P1)) [with P0 = P0; P1 = P1; M0 = test_interfaces::msg::Test_<std::allocator<void> >; M1 = test_interfaces::msg::Test_<std::allocator<void> >; M2 = message_filters::NullType; M3 = message_filters::NullType; M4 = message_filters::NullType; M5 = message_filters::NullType; M6 = message_filters::NullType; M7 = message_filters::NullType; M8 = message_filters::NullType]\x1b[m\x1b[K\xe2\x80\x99\n'}
[3.034540] (simple_s) StderrLine: {'line': b'  180 |   Connection \x1b[01;36m\x1b[KaddCallback\x1b[m\x1b[K(void(*callback)(P0, P1))\n'}
[3.034684] (simple_s) StderrLine: {'line': b'      |              \x1b[01;36m\x1b[K^~~~~~~~~~~\x1b[m\x1b[K\n'}
[3.034837] (simple_s) StderrLine: {'line': b'\x1b[01m\x1b[K/opt/ros/foxy/include/message_filters/signal9.h:180:14:\x1b[m\x1b[K \x1b[01;36m\x1b[Knote: \x1b[m\x1b[K  template argument deduction/substitution failed:\n'}
[3.034983] (simple_s) StderrLine: {'line': b'In file included from \x1b[01m\x1b[K/opt/ros/foxy/include/message_filters/synchronizer.h:47\x1b[m\x1b[K,\n'}
[3.035119] (simple_s) StderrLine: {'line': b'                 from \x1b[01m\x1b[K/ros2_test/AD_Middle_Test/ros2/src/simple_s/src/listener.cpp:6\x1b[m\x1b[K:\n'}
[3.035254] (simple_s) StderrLine: {'line': b'\x1b[01m\x1b[K/opt/ros/foxy/include/message_filters/signal9.h:280:267:\x1b[m\x1b[K \x1b[01;31m\x1b[Kerror: \x1b[m\x1b[Kwrong number of template arguments (9, should be 2)\n'}
[3.035390] (simple_s) StderrLine: {'line': b'  280 |                      const M8ConstPtr&>(std::bind(callback, std::placeholders::_1, std::placeholders::_2, std::placeholders::_3, std::placeholders::_4, std::placeholders::_5, std::placeholders::_6, std::placeholders::_7, std::placeholders::_8, std::placeholders::_9)\x1b[01;31m\x1b[K)\x1b[m\x1b[K;\n'}
[3.035527] (simple_s) StderrLine: {'line': b'      |                                                                                                                                                                                                                                                                           \x1b[01;31m\x1b[K^\x1b[m\x1b[K\n'}
[3.035670] (simple_s) StderrLine: {'line': b'In file included from \x1b[01m\x1b[K/opt/ros/foxy/include/message_filters/synchronizer.h:47\x1b[m\x1b[K,\n'}
[3.035805] (simple_s) StderrLine: {'line': b'                 from \x1b[01m\x1b[K/ros2_test/AD_Middle_Test/ros2/src/simple_s/src/listener.cpp:6\x1b[m\x1b[K:\n'}
[3.035940] (simple_s) StderrLine: {'line': b'\x1b[01m\x1b[K/opt/ros/foxy/include/message_filters/signal9.h:186:14:\x1b[m\x1b[K \x1b[01;36m\x1b[Knote: \x1b[m\x1b[Kcandidate: \xe2\x80\x98\x1b[01m\x1b[Ktemplate<class P0, class P1, class P2> message_filters::Connection message_filters::Signal9<M0, M1, M2, M3, M4, M5, M6, M7, M8>::addCallback(void (*)(P0, P1, P2)) [with P0 = P0; P1 = P1; P2 = P2; M0 = test_interfaces::msg::Test_<std::allocator<void> >; M1 = test_interfaces::msg::Test_<std::allocator<void> >; M2 = message_filters::NullType; M3 = message_filters::NullType; M4 = message_filters::NullType; M5 = message_filters::NullType; M6 = message_filters::NullType; M7 = message_filters::NullType; M8 = message_filters::NullType]\x1b[m\x1b[K\xe2\x80\x99\n'}
[3.036086] (simple_s) StderrLine: {'line': b'  186 |   Connection \x1b[01;36m\x1b[KaddCallback\x1b[m\x1b[K(void(*callback)(P0, P1, P2))\n'}
[3.036221] (simple_s) StderrLine: {'line': b'      |              \x1b[01;36m\x1b[K^~~~~~~~~~~\x1b[m\x1b[K\n'}
[3.036356] (simple_s) StderrLine: {'line': b'\x1b[01m\x1b[K/opt/ros/foxy/include/message_filters/signal9.h:186:14:\x1b[m\x1b[K \x1b[01;36m\x1b[Knote: \x1b[m\x1b[K  template argument deduction/substitution failed:\n'}
[3.036491] (simple_s) StderrLine: {'line': b'In file included from \x1b[01m\x1b[K/opt/ros/foxy/include/message_filters/synchronizer.h:47\x1b[m\x1b[K,\n'}
[3.036625] (simple_s) StderrLine: {'line': b'                 from \x1b[01m\x1b[K/ros2_test/AD_Middle_Test/ros2/src/simple_s/src/listener.cpp:6\x1b[m\x1b[K:\n'}
[3.036759] (simple_s) StderrLine: {'line': b'\x1b[01m\x1b[K/opt/ros/foxy/include/message_filters/signal9.h:280:267:\x1b[m\x1b[K \x1b[01;31m\x1b[Kerror: \x1b[m\x1b[Kwrong number of template arguments (9, should be 3)\n'}
[3.036894] (simple_s) StderrLine: {'line': b'  280 |                      const M8ConstPtr&>(std::bind(callback, std::placeholders::_1, std::placeholders::_2, std::placeholders::_3, std::placeholders::_4, std::placeholders::_5, std::placeholders::_6, std::placeholders::_7, std::placeholders::_8, std::placeholders::_9)\x1b[01;31m\x1b[K)\x1b[m\x1b[K;\n'}
[3.037030] (simple_s) StderrLine: {'line': b'      |                                                                                                                                                                                                                                                                           \x1b[01;31m\x1b[K^\x1b[m\x1b[K\n'}
[3.037167] (simple_s) StderrLine: {'line': b'In file included from \x1b[01m\x1b[K/opt/ros/foxy/include/message_filters/synchronizer.h:47\x1b[m\x1b[K,\n'}
[3.037301] (simple_s) StderrLine: {'line': b'                 from \x1b[01m\x1b[K/ros2_test/AD_Middle_Test/ros2/src/simple_s/src/listener.cpp:6\x1b[m\x1b[K:\n'}
[3.037435] (simple_s) StderrLine: {'line': b'\x1b[01m\x1b[K/opt/ros/foxy/include/message_filters/signal9.h:192:14:\x1b[m\x1b[K \x1b[01;36m\x1b[Knote: \x1b[m\x1b[Kcandidate: \xe2\x80\x98\x1b[01m\x1b[Ktemplate<class P0, class P1, class P2, class P3> message_filters::Connection message_filters::Signal9<M0, M1, M2, M3, M4, M5, M6, M7, M8>::addCallback(void (*)(P0, P1, P2, P3)) [with P0 = P0; P1 = P1; P2 = P2; P3 = P3; M0 = test_interfaces::msg::Test_<std::allocator<void> >; M1 = test_interfaces::msg::Test_<std::allocator<void> >; M2 = message_filters::NullType; M3 = message_filters::NullType; M4 = message_filters::NullType; M5 = message_filters::NullType; M6 = message_filters::NullType; M7 = message_filters::NullType; M8 = message_filters::NullType]\x1b[m\x1b[K\xe2\x80\x99\n'}
[3.037593] (simple_s) StderrLine: {'line': b'  192 |   Connection \x1b[01;36m\x1b[KaddCallback\x1b[m\x1b[K(void(*callback)(P0, P1, P2, P3))\n'}
[3.037733] (simple_s) StderrLine: {'line': b'      |              \x1b[01;36m\x1b[K^~~~~~~~~~~\x1b[m\x1b[K\n'}
[3.037868] (simple_s) StderrLine: {'line': b'\x1b[01m\x1b[K/opt/ros/foxy/include/message_filters/signal9.h:192:14:\x1b[m\x1b[K \x1b[01;36m\x1b[Knote: \x1b[m\x1b[K  template argument deduction/substitution failed:\n'}
[3.038003] (simple_s) StderrLine: {'line': b'In file included from \x1b[01m\x1b[K/opt/ros/foxy/include/message_filters/synchronizer.h:47\x1b[m\x1b[K,\n'}
[3.038138] (simple_s) StderrLine: {'line': b'                 from \x1b[01m\x1b[K/ros2_test/AD_Middle_Test/ros2/src/simple_s/src/listener.cpp:6\x1b[m\x1b[K:\n'}
[3.038272] (simple_s) StderrLine: {'line': b'\x1b[01m\x1b[K/opt/ros/foxy/include/message_filters/signal9.h:280:267:\x1b[m\x1b[K \x1b[01;31m\x1b[Kerror: \x1b[m\x1b[Kwrong number of template arguments (9, should be 4)\n'}
[3.038406] (simple_s) StderrLine: {'line': b'  280 |                      const M8ConstPtr&>(std::bind(callback, std::placeholders::_1, std::placeholders::_2, std::placeholders::_3, std::placeholders::_4, std::placeholders::_5, std::placeholders::_6, std::placeholders::_7, std::placeholders::_8, std::placeholders::_9)\x1b[01;31m\x1b[K)\x1b[m\x1b[K;\n'}
[3.038543] (simple_s) StderrLine: {'line': b'      |                                                                                                                                                                                                                                                                           \x1b[01;31m\x1b[K^\x1b[m\x1b[K\n'}
[3.038679] (simple_s) StderrLine: {'line': b'In file included from \x1b[01m\x1b[K/opt/ros/foxy/include/message_filters/synchronizer.h:47\x1b[m\x1b[K,\n'}
[3.038824] (simple_s) StderrLine: {'line': b'                 from \x1b[01m\x1b[K/ros2_test/AD_Middle_Test/ros2/src/simple_s/src/listener.cpp:6\x1b[m\x1b[K:\n'}
[3.038962] (simple_s) StderrLine: {'line': b'\x1b[01m\x1b[K/opt/ros/foxy/include/message_filters/signal9.h:198:14:\x1b[m\x1b[K \x1b[01;36m\x1b[Knote: \x1b[m\x1b[Kcandidate: \xe2\x80\x98\x1b[01m\x1b[Ktemplate<class P0, class P1, class P2, class P3, class P4> message_filters::Connection message_filters::Signal9<M0, M1, M2, M3, M4, M5, M6, M7, M8>::addCallback(void (*)(P0, P1, P2, P3, P4)) [with P0 = P0; P1 = P1; P2 = P2; P3 = P3; P4 = P4; M0 = test_interfaces::msg::Test_<std::allocator<void> >; M1 = test_interfaces::msg::Test_<std::allocator<void> >; M2 = message_filters::NullType; M3 = message_filters::NullType; M4 = message_filters::NullType; M5 = message_filters::NullType; M6 = message_filters::NullType; M7 = message_filters::NullType; M8 = message_filters::NullType]\x1b[m\x1b[K\xe2\x80\x99\n'}
[3.039104] (simple_s) StderrLine: {'line': b'  198 |   Connection \x1b[01;36m\x1b[KaddCallback\x1b[m\x1b[K(void(*callback)(P0, P1, P2, P3, P4))\n'}
[3.039239] (simple_s) StderrLine: {'line': b'      |              \x1b[01;36m\x1b[K^~~~~~~~~~~\x1b[m\x1b[K\n'}
[3.039374] (simple_s) StderrLine: {'line': b'\x1b[01m\x1b[K/opt/ros/foxy/include/message_filters/signal9.h:198:14:\x1b[m\x1b[K \x1b[01;36m\x1b[Knote: \x1b[m\x1b[K  template argument deduction/substitution failed:\n'}
[3.039509] (simple_s) StderrLine: {'line': b'In file included from \x1b[01m\x1b[K/opt/ros/foxy/include/message_filters/synchronizer.h:47\x1b[m\x1b[K,\n'}
[3.039644] (simple_s) StderrLine: {'line': b'                 from \x1b[01m\x1b[K/ros2_test/AD_Middle_Test/ros2/src/simple_s/src/listener.cpp:6\x1b[m\x1b[K:\n'}
[3.039778] (simple_s) StderrLine: {'line': b'\x1b[01m\x1b[K/opt/ros/foxy/include/message_filters/signal9.h:280:267:\x1b[m\x1b[K \x1b[01;31m\x1b[Kerror: \x1b[m\x1b[Kwrong number of template arguments (9, should be 5)\n'}
[3.039913] (simple_s) StderrLine: {'line': b'  280 |                      const M8ConstPtr&>(std::bind(callback, std::placeholders::_1, std::placeholders::_2, std::placeholders::_3, std::placeholders::_4, std::placeholders::_5, std::placeholders::_6, std::placeholders::_7, std::placeholders::_8, std::placeholders::_9)\x1b[01;31m\x1b[K)\x1b[m\x1b[K;\n'}
[3.040056] (simple_s) StderrLine: {'line': b'      |                                                                                                                                                                                                                                                                           \x1b[01;31m\x1b[K^\x1b[m\x1b[K\n'}
[3.040193] (simple_s) StderrLine: {'line': b'In file included from \x1b[01m\x1b[K/opt/ros/foxy/include/message_filters/synchronizer.h:47\x1b[m\x1b[K,\n'}
[3.040329] (simple_s) StderrLine: {'line': b'                 from \x1b[01m\x1b[K/ros2_test/AD_Middle_Test/ros2/src/simple_s/src/listener.cpp:6\x1b[m\x1b[K:\n'}
[3.040464] (simple_s) StderrLine: {'line': b'\x1b[01m\x1b[K/opt/ros/foxy/include/message_filters/signal9.h:204:14:\x1b[m\x1b[K \x1b[01;36m\x1b[Knote: \x1b[m\x1b[Kcandidate: \xe2\x80\x98\x1b[01m\x1b[Ktemplate<class P0, class P1, class P2, class P3, class P4, class P5> message_filters::Connection message_filters::Signal9<M0, M1, M2, M3, M4, M5, M6, M7, M8>::addCallback(void (*)(P0, P1, P2, P3, P4, P5)) [with P0 = P0; P1 = P1; P2 = P2; P3 = P3; P4 = P4; P5 = P5; M0 = test_interfaces::msg::Test_<std::allocator<void> >; M1 = test_interfaces::msg::Test_<std::allocator<void> >; M2 = message_filters::NullType; M3 = message_filters::NullType; M4 = message_filters::NullType; M5 = message_filters::NullType; M6 = message_filters::NullType; M7 = message_filters::NullType; M8 = message_filters::NullType]\x1b[m\x1b[K\xe2\x80\x99\n'}
[3.040618] (simple_s) StderrLine: {'line': b'  204 |   Connection \x1b[01;36m\x1b[KaddCallback\x1b[m\x1b[K(void(*callback)(P0, P1, P2, P3, P4, P5))\n'}
[3.040755] (simple_s) StderrLine: {'line': b'      |              \x1b[01;36m\x1b[K^~~~~~~~~~~\x1b[m\x1b[K\n'}
[3.040889] (simple_s) StderrLine: {'line': b'\x1b[01m\x1b[K/opt/ros/foxy/include/message_filters/signal9.h:204:14:\x1b[m\x1b[K \x1b[01;36m\x1b[Knote: \x1b[m\x1b[K  template argument deduction/substitution failed:\n'}
[3.041024] (simple_s) StderrLine: {'line': b'In file included from \x1b[01m\x1b[K/opt/ros/foxy/include/message_filters/synchronizer.h:47\x1b[m\x1b[K,\n'}
[3.041158] (simple_s) StderrLine: {'line': b'                 from \x1b[01m\x1b[K/ros2_test/AD_Middle_Test/ros2/src/simple_s/src/listener.cpp:6\x1b[m\x1b[K:\n'}
[3.041293] (simple_s) StderrLine: {'line': b'\x1b[01m\x1b[K/opt/ros/foxy/include/message_filters/signal9.h:280:267:\x1b[m\x1b[K \x1b[01;31m\x1b[Kerror: \x1b[m\x1b[Kwrong number of template arguments (9, should be 6)\n'}
[3.041428] (simple_s) StderrLine: {'line': b'  280 |                      const M8ConstPtr&>(std::bind(callback, std::placeholders::_1, std::placeholders::_2, std::placeholders::_3, std::placeholders::_4, std::placeholders::_5, std::placeholders::_6, std::placeholders::_7, std::placeholders::_8, std::placeholders::_9)\x1b[01;31m\x1b[K)\x1b[m\x1b[K;\n'}
[3.041566] (simple_s) StderrLine: {'line': b'      |                                                                                                                                                                                                                                                                           \x1b[01;31m\x1b[K^\x1b[m\x1b[K\n'}
[3.041703] (simple_s) StderrLine: {'line': b'In file included from \x1b[01m\x1b[K/opt/ros/foxy/include/message_filters/synchronizer.h:47\x1b[m\x1b[K,\n'}
[3.041838] (simple_s) StderrLine: {'line': b'                 from \x1b[01m\x1b[K/ros2_test/AD_Middle_Test/ros2/src/simple_s/src/listener.cpp:6\x1b[m\x1b[K:\n'}
[3.041972] (simple_s) StderrLine: {'line': b'\x1b[01m\x1b[K/opt/ros/foxy/include/message_filters/signal9.h:210:14:\x1b[m\x1b[K \x1b[01;36m\x1b[Knote: \x1b[m\x1b[Kcandidate: \xe2\x80\x98\x1b[01m\x1b[Ktemplate<class P0, class P1, class P2, class P3, class P4, class P5, class P6> message_filters::Connection message_filters::Signal9<M0, M1, M2, M3, M4, M5, M6, M7, M8>::addCallback(void (*)(P0, P1, P2, P3, P4, P5, P6)) [with P0 = P0; P1 = P1; P2 = P2; P3 = P3; P4 = P4; P5 = P5; P6 = P6; M0 = test_interfaces::msg::Test_<std::allocator<void> >; M1 = test_interfaces::msg::Test_<std::allocator<void> >; M2 = message_filters::NullType; M3 = message_filters::NullType; M4 = message_filters::NullType; M5 = message_filters::NullType; M6 = message_filters::NullType; M7 = message_filters::NullType; M8 = message_filters::NullType]\x1b[m\x1b[K\xe2\x80\x99\n'}
[3.042120] (simple_s) StderrLine: {'line': b'  210 |   Connection \x1b[01;36m\x1b[KaddCallback\x1b[m\x1b[K(void(*callback)(P0, P1, P2, P3, P4, P5, P6))\n'}
[3.042257] (simple_s) StderrLine: {'line': b'      |              \x1b[01;36m\x1b[K^~~~~~~~~~~\x1b[m\x1b[K\n'}
[3.042392] (simple_s) StderrLine: {'line': b'\x1b[01m\x1b[K/opt/ros/foxy/include/message_filters/signal9.h:210:14:\x1b[m\x1b[K \x1b[01;36m\x1b[Knote: \x1b[m\x1b[K  template argument deduction/substitution failed:\n'}
[3.042528] (simple_s) StderrLine: {'line': b'In file included from \x1b[01m\x1b[K/opt/ros/foxy/include/message_filters/synchronizer.h:47\x1b[m\x1b[K,\n'}
[3.042662] (simple_s) StderrLine: {'line': b'                 from \x1b[01m\x1b[K/ros2_test/AD_Middle_Test/ros2/src/simple_s/src/listener.cpp:6\x1b[m\x1b[K:\n'}
[3.042805] (simple_s) StderrLine: {'line': b'\x1b[01m\x1b[K/opt/ros/foxy/include/message_filters/signal9.h:280:267:\x1b[m\x1b[K \x1b[01;31m\x1b[Kerror: \x1b[m\x1b[Kwrong number of template arguments (9, should be 7)\n'}
[3.042944] (simple_s) StderrLine: {'line': b'  280 |                      const M8ConstPtr&>(std::bind(callback, std::placeholders::_1, std::placeholders::_2, std::placeholders::_3, std::placeholders::_4, std::placeholders::_5, std::placeholders::_6, std::placeholders::_7, std::placeholders::_8, std::placeholders::_9)\x1b[01;31m\x1b[K)\x1b[m\x1b[K;\n'}
[3.043082] (simple_s) StderrLine: {'line': b'      |                                                                                                                                                                                                                                                                           \x1b[01;31m\x1b[K^\x1b[m\x1b[K\n'}
[3.043223] (simple_s) StderrLine: {'line': b'\x1b[01m\x1b[K/opt/ros/foxy/include/message_filters/signal9.h:216:14:\x1b[m\x1b[K \x1b[01;36m\x1b[Knote: \x1b[m\x1b[Kcandidate: \xe2\x80\x98\x1b[01m\x1b[Ktemplate<class P0, class P1, class P2, class P3, class P4, class P5, class P6, class P7> message_filters::Connection message_filters::Signal9<M0, M1, M2, M3, M4, M5, M6, M7, M8>::addCallback(void (*)(P0, P1, P2, P3, P4, P5, P6, P7)) [with P0 = P0; P1 = P1; P2 = P2; P3 = P3; P4 = P4; P5 = P5; P6 = P6; P7 = P7; M0 = test_interfaces::msg::Test_<std::allocator<void> >; M1 = test_interfaces::msg::Test_<std::allocator<void> >; M2 = message_filters::NullType; M3 = message_filters::NullType; M4 = message_filters::NullType; M5 = message_filters::NullType; M6 = message_filters::NullType; M7 = message_filters::NullType; M8 = message_filters::NullType]\x1b[m\x1b[K\xe2\x80\x99\n'}
[3.043375] (simple_s) StderrLine: {'line': b'  216 |   Connection \x1b[01;36m\x1b[KaddCallback\x1b[m\x1b[K(void(*callback)(P0, P1, P2, P3, P4, P5, P6, P7))\n'}
[3.043511] (simple_s) StderrLine: {'line': b'      |              \x1b[01;36m\x1b[K^~~~~~~~~~~\x1b[m\x1b[K\n'}
[3.043646] (simple_s) StderrLine: {'line': b'\x1b[01m\x1b[K/opt/ros/foxy/include/message_filters/signal9.h:216:14:\x1b[m\x1b[K \x1b[01;36m\x1b[Knote: \x1b[m\x1b[K  template argument deduction/substitution failed:\n'}
[3.043781] (simple_s) StderrLine: {'line': b'\x1b[01m\x1b[K/opt/ros/foxy/include/message_filters/signal9.h:280:267:\x1b[m\x1b[K \x1b[01;31m\x1b[Kerror: \x1b[m\x1b[Kwrong number of template arguments (9, should be 8)\n'}
[3.043917] (simple_s) StderrLine: {'line': b'  280 |                      const M8ConstPtr&>(std::bind(callback, std::placeholders::_1, std::placeholders::_2, std::placeholders::_3, std::placeholders::_4, std::placeholders::_5, std::placeholders::_6, std::placeholders::_7, std::placeholders::_8, std::placeholders::_9)\x1b[01;31m\x1b[K)\x1b[m\x1b[K;\n'}
[3.044054] (simple_s) StderrLine: {'line': b'      |                                                                                                                                                                                                                                                                           \x1b[01;31m\x1b[K^\x1b[m\x1b[K\n'}
[3.044195] (simple_s) StderrLine: {'line': b'\x1b[01m\x1b[K/opt/ros/foxy/include/message_filters/signal9.h:222:14:\x1b[m\x1b[K \x1b[01;36m\x1b[Knote: \x1b[m\x1b[Kcandidate: \xe2\x80\x98\x1b[01m\x1b[Kmessage_filters::Connection message_filters::Signal9<M0, M1, M2, M3, M4, M5, M6, M7, M8>::addCallback(void (*)(P0, P1, P2, P3, P4, P5, P6, P7, P8)) [with P0 = const std::shared_ptr<const test_interfaces::msg::Test_<std::allocator<void> > >&; P1 = const std::shared_ptr<const test_interfaces::msg::Test_<std::allocator<void> > >&; P2 = const std::shared_ptr<const message_filters::NullType>&; P3 = const std::shared_ptr<const message_filters::NullType>&; P4 = const std::shared_ptr<const message_filters::NullType>&; P5 = const std::shared_ptr<const message_filters::NullType>&; P6 = const std::shared_ptr<const message_filters::NullType>&; P7 = const std::shared_ptr<const message_filters::NullType>&; P8 = const std::shared_ptr<const message_filters::NullType>&; M0 = test_interfaces::msg::Test_<std::allocator<void> >; M1 = test_interfaces::msg::Test_<std::allocator<void> >; M2 = message_filters::NullType; M3 = message_filters::NullType; M4 = message_filters::NullType; M5 = message_filters::NullType; M6 = message_filters::NullType; M7 = message_filters::NullType; M8 = message_filters::NullType]\x1b[m\x1b[K\xe2\x80\x99\n'}
[3.044346] (simple_s) StderrLine: {'line': b'  222 |   Connection \x1b[01;36m\x1b[KaddCallback\x1b[m\x1b[K(void(*callback)(P0, P1, P2, P3, P4, P5, P6, P7, P8))\n'}
[3.044483] (simple_s) StderrLine: {'line': b'      |              \x1b[01;36m\x1b[K^~~~~~~~~~~\x1b[m\x1b[K\n'}
[3.044618] (simple_s) StderrLine: {'line': b'\x1b[01m\x1b[K/opt/ros/foxy/include/message_filters/signal9.h:222:32:\x1b[m\x1b[K \x1b[01;36m\x1b[Knote: \x1b[m\x1b[K  no known conversion for argument 1 from \xe2\x80\x98\x1b[01m\x1b[Kstd::_Bind_helper<false, const std::_Bind<void (MinimalSubscriber::*(MinimalSubscriber*, std::_Placeholder<1>, std::_Placeholder<2>))(const std::shared_ptr<test_interfaces::msg::Test_<std::allocator<void> > >&, const std::shared_ptr<test_interfaces::msg::Test_<std::allocator<void> > >&)>&, const std::_Placeholder<1>&, const std::_Placeholder<2>&, const std::_Placeholder<3>&, const std::_Placeholder<4>&, const std::_Placeholder<5>&, const std::_Placeholder<6>&, const std::_Placeholder<7>&, const std::_Placeholder<8>&, const std::_Placeholder<9>&>::type\x1b[m\x1b[K\xe2\x80\x99 {aka \xe2\x80\x98\x1b[01m\x1b[Kstd::_Bind<std::_Bind<void (MinimalSubscriber::*(MinimalSubscriber*, std::_Placeholder<1>, std::_Placeholder<2>))(const std::shared_ptr<test_interfaces::msg::Test_<std::allocator<void> > >&, const std::shared_ptr<test_interfaces::msg::Test_<std::allocator<void> > >&)>(std::_Placeholder<1>, std::_Placeholder<2>, std::_Placeholder<3>, std::_Placeholder<4>, std::_Placeholder<5>, std::_Placeholder<6>, std::_Placeholder<7>, std::_Placeholder<8>, std::_Placeholder<9>)>\x1b[m\x1b[K\xe2\x80\x99} to \xe2\x80\x98\x1b[01m\x1b[Kvoid (*)(const std::shared_ptr<const test_interfaces::msg::Test_<std::allocator<void> > >&, const std::shared_ptr<const test_interfaces::msg::Test_<std::allocator<void> > >&, const std::shared_ptr<const message_filters::NullType>&, const std::shared_ptr<const message_filters::NullType>&, const std::shared_ptr<const message_filters::NullType>&, const std::shared_ptr<const message_filters::NullType>&, const std::shared_ptr<const message_filters::NullType>&, const std::shared_ptr<const message_filters::NullType>&, const std::shared_ptr<const message_filters::NullType>&)\x1b[m\x1b[K\xe2\x80\x99\n'}
[3.044785] (simple_s) StderrLine: {'line': b'  222 |   Connection addCallback(\x1b[01;36m\x1b[Kvoid(*callback)(P0, P1, P2, P3, P4, P5, P6, P7, P8)\x1b[m\x1b[K)\n'}
[3.044922] (simple_s) StderrLine: {'line': b'      |                          \x1b[01;36m\x1b[K~~~~~~^~~~~~~~~~~~~~~~~~~~~~~~~~~~~~~~~~~~~~~~~~~~~\x1b[m\x1b[K\n'}
[3.045064] (simple_s) StderrLine: {'line': b'\x1b[01m\x1b[K/opt/ros/foxy/include/message_filters/signal9.h:228:14:\x1b[m\x1b[K \x1b[01;36m\x1b[Knote: \x1b[m\x1b[Kcandidate: \xe2\x80\x98\x1b[01m\x1b[Ktemplate<class T, class P0, class P1> message_filters::Connection message_filters::Signal9<M0, M1, M2, M3, M4, M5, M6, M7, M8>::addCallback(void (T::*)(P0, P1), T*) [with T = T; P0 = P0; P1 = P1; M0 = test_interfaces::msg::Test_<std::allocator<void> >; M1 = test_interfaces::msg::Test_<std::allocator<void> >; M2 = message_filters::NullType; M3 = message_filters::NullType; M4 = message_filters::NullType; M5 = message_filters::NullType; M6 = message_filters::NullType; M7 = message_filters::NullType; M8 = message_filters::NullType]\x1b[m\x1b[K\xe2\x80\x99\n'}
[3.045206] (simple_s) StderrLine: {'line': b'  228 |   Connection \x1b[01;36m\x1b[KaddCallback\x1b[m\x1b[K(void(T::*callback)(P0, P1), T* t)\n'}
[3.045342] (simple_s) StderrLine: {'line': b'      |              \x1b[01;36m\x1b[K^~~~~~~~~~~\x1b[m\x1b[K\n'}
[3.045476] (simple_s) StderrLine: {'line': b'\x1b[01m\x1b[K/opt/ros/foxy/include/message_filters/signal9.h:228:14:\x1b[m\x1b[K \x1b[01;36m\x1b[Knote: \x1b[m\x1b[K  template argument deduction/substitution failed:\n'}
[3.045612] (simple_s) StderrLine: {'line': b'\x1b[01m\x1b[K/opt/ros/foxy/include/message_filters/signal9.h:280:267:\x1b[m\x1b[K \x1b[01;31m\x1b[Kerror: \x1b[m\x1b[Kwrong number of template arguments (9, should be 3)\n'}
[3.045747] (simple_s) StderrLine: {'line': b'  280 |                      const M8ConstPtr&>(std::bind(callback, std::placeholders::_1, std::placeholders::_2, std::placeholders::_3, std::placeholders::_4, std::placeholders::_5, std::placeholders::_6, std::placeholders::_7, std::placeholders::_8, std::placeholders::_9)\x1b[01;31m\x1b[K)\x1b[m\x1b[K;\n'}
[3.045884] (simple_s) StderrLine: {'line': b'      |                                                                                                                                                                                                                                                                           \x1b[01;31m\x1b[K^\x1b[m\x1b[K\n'}
[3.046021] (simple_s) StderrLine: {'line': b'\x1b[01m\x1b[K/opt/ros/foxy/include/message_filters/signal9.h:234:14:\x1b[m\x1b[K \x1b[01;36m\x1b[Knote: \x1b[m\x1b[Kcandidate: \xe2\x80\x98\x1b[01m\x1b[Ktemplate<class T, class P0, class P1, class P2> message_filters::Connection message_filters::Signal9<M0, M1, M2, M3, M4, M5, M6, M7, M8>::addCallback(void (T::*)(P0, P1, P2), T*) [with T = T; P0 = P0; P1 = P1; P2 = P2; M0 = test_interfaces::msg::Test_<std::allocator<void> >; M1 = test_interfaces::msg::Test_<std::allocator<void> >; M2 = message_filters::NullType; M3 = message_filters::NullType; M4 = message_filters::NullType; M5 = message_filters::NullType; M6 = message_filters::NullType; M7 = message_filters::NullType; M8 = message_filters::NullType]\x1b[m\x1b[K\xe2\x80\x99\n'}
[3.046163] (simple_s) StderrLine: {'line': b'  234 |   Connection \x1b[01;36m\x1b[KaddCallback\x1b[m\x1b[K(void(T::*callback)(P0, P1, P2), T* t)\n'}
[3.046299] (simple_s) StderrLine: {'line': b'      |              \x1b[01;36m\x1b[K^~~~~~~~~~~\x1b[m\x1b[K\n'}
[3.046434] (simple_s) StderrLine: {'line': b'\x1b[01m\x1b[K/opt/ros/foxy/include/message_filters/signal9.h:234:14:\x1b[m\x1b[K \x1b[01;36m\x1b[Knote: \x1b[m\x1b[K  template argument deduction/substitution failed:\n'}
[3.046574] (simple_s) StderrLine: {'line': b'\x1b[01m\x1b[K/opt/ros/foxy/include/message_filters/signal9.h:280:267:\x1b[m\x1b[K \x1b[01;31m\x1b[Kerror: \x1b[m\x1b[Kwrong number of template arguments (9, should be 4)\n'}
[3.046710] (simple_s) StderrLine: {'line': b'  280 |                      const M8ConstPtr&>(std::bind(callback, std::placeholders::_1, std::placeholders::_2, std::placeholders::_3, std::placeholders::_4, std::placeholders::_5, std::placeholders::_6, std::placeholders::_7, std::placeholders::_8, std::placeholders::_9)\x1b[01;31m\x1b[K)\x1b[m\x1b[K;\n'}
[3.046871] (simple_s) StderrLine: {'line': b'      |                                                                                                                                                                                                                                                                           \x1b[01;31m\x1b[K^\x1b[m\x1b[K\n'}
[3.047012] (simple_s) StderrLine: {'line': b'\x1b[01m\x1b[K/opt/ros/foxy/include/message_filters/signal9.h:240:14:\x1b[m\x1b[K \x1b[01;36m\x1b[Knote: \x1b[m\x1b[Kcandidate: \xe2\x80\x98\x1b[01m\x1b[Ktemplate<class T, class P0, class P1, class P2, class P3> message_filters::Connection message_filters::Signal9<M0, M1, M2, M3, M4, M5, M6, M7, M8>::addCallback(void (T::*)(P0, P1, P2, P3), T*) [with T = T; P0 = P0; P1 = P1; P2 = P2; P3 = P3; M0 = test_interfaces::msg::Test_<std::allocator<void> >; M1 = test_interfaces::msg::Test_<std::allocator<void> >; M2 = message_filters::NullType; M3 = message_filters::NullType; M4 = message_filters::NullType; M5 = message_filters::NullType; M6 = message_filters::NullType; M7 = message_filters::NullType; M8 = message_filters::NullType]\x1b[m\x1b[K\xe2\x80\x99\n'}
[3.047155] (simple_s) StderrLine: {'line': b'  240 |   Connection \x1b[01;36m\x1b[KaddCallback\x1b[m\x1b[K(void(T::*callback)(P0, P1, P2, P3), T* t)\n'}
[3.047290] (simple_s) StderrLine: {'line': b'      |              \x1b[01;36m\x1b[K^~~~~~~~~~~\x1b[m\x1b[K\n'}
[3.047424] (simple_s) StderrLine: {'line': b'\x1b[01m\x1b[K/opt/ros/foxy/include/message_filters/signal9.h:240:14:\x1b[m\x1b[K \x1b[01;36m\x1b[Knote: \x1b[m\x1b[K  template argument deduction/substitution failed:\n'}
[3.047560] (simple_s) StderrLine: {'line': b'\x1b[01m\x1b[K/opt/ros/foxy/include/message_filters/signal9.h:280:267:\x1b[m\x1b[K \x1b[01;31m\x1b[Kerror: \x1b[m\x1b[Kwrong number of template arguments (9, should be 5)\n'}
[3.047694] (simple_s) StderrLine: {'line': b'  280 |                      const M8ConstPtr&>(std::bind(callback, std::placeholders::_1, std::placeholders::_2, std::placeholders::_3, std::placeholders::_4, std::placeholders::_5, std::placeholders::_6, std::placeholders::_7, std::placeholders::_8, std::placeholders::_9)\x1b[01;31m\x1b[K)\x1b[m\x1b[K;\n'}
[3.047831] (simple_s) StderrLine: {'line': b'      |                                                                                                                                                                                                                                                                           \x1b[01;31m\x1b[K^\x1b[m\x1b[K\n'}
[3.047968] (simple_s) StderrLine: {'line': b'\x1b[01m\x1b[K/opt/ros/foxy/include/message_filters/signal9.h:246:14:\x1b[m\x1b[K \x1b[01;36m\x1b[Knote: \x1b[m\x1b[Kcandidate: \xe2\x80\x98\x1b[01m\x1b[Ktemplate<class T, class P0, class P1, class P2, class P3, class P4> message_filters::Connection message_filters::Signal9<M0, M1, M2, M3, M4, M5, M6, M7, M8>::addCallback(void (T::*)(P0, P1, P2, P3, P4), T*) [with T = T; P0 = P0; P1 = P1; P2 = P2; P3 = P3; P4 = P4; M0 = test_interfaces::msg::Test_<std::allocator<void> >; M1 = test_interfaces::msg::Test_<std::allocator<void> >; M2 = message_filters::NullType; M3 = message_filters::NullType; M4 = message_filters::NullType; M5 = message_filters::NullType; M6 = message_filters::NullType; M7 = message_filters::NullType; M8 = message_filters::NullType]\x1b[m\x1b[K\xe2\x80\x99\n'}
[3.048109] (simple_s) StderrLine: {'line': b'  246 |   Connection \x1b[01;36m\x1b[KaddCallback\x1b[m\x1b[K(void(T::*callback)(P0, P1, P2, P3, P4), T* t)\n'}
[3.048245] (simple_s) StderrLine: {'line': b'      |              \x1b[01;36m\x1b[K^~~~~~~~~~~\x1b[m\x1b[K\n'}
[3.048378] (simple_s) StderrLine: {'line': b'\x1b[01m\x1b[K/opt/ros/foxy/include/message_filters/signal9.h:246:14:\x1b[m\x1b[K \x1b[01;36m\x1b[Knote: \x1b[m\x1b[K  template argument deduction/substitution failed:\n'}
[3.048513] (simple_s) StderrLine: {'line': b'\x1b[01m\x1b[K/opt/ros/foxy/include/message_filters/signal9.h:280:267:\x1b[m\x1b[K \x1b[01;31m\x1b[Kerror: \x1b[m\x1b[Kwrong number of template arguments (9, should be 6)\n'}
[3.048653] (simple_s) StderrLine: {'line': b'  280 |                      const M8ConstPtr&>(std::bind(callback, std::placeholders::_1, std::placeholders::_2, std::placeholders::_3, std::placeholders::_4, std::placeholders::_5, std::placeholders::_6, std::placeholders::_7, std::placeholders::_8, std::placeholders::_9)\x1b[01;31m\x1b[K)\x1b[m\x1b[K;\n'}
[3.048791] (simple_s) StderrLine: {'line': b'      |                                                                                                                                                                                                                                                                           \x1b[01;31m\x1b[K^\x1b[m\x1b[K\n'}
[3.048936] (simple_s) StderrLine: {'line': b'\x1b[01m\x1b[K/opt/ros/foxy/include/message_filters/signal9.h:252:14:\x1b[m\x1b[K \x1b[01;36m\x1b[Knote: \x1b[m\x1b[Kcandidate: \xe2\x80\x98\x1b[01m\x1b[Ktemplate<class T, class P0, class P1, class P2, class P3, class P4, class P5> message_filters::Connection message_filters::Signal9<M0, M1, M2, M3, M4, M5, M6, M7, M8>::addCallback(void (T::*)(P0, P1, P2, P3, P4, P5), T*) [with T = T; P0 = P0; P1 = P1; P2 = P2; P3 = P3; P4 = P4; P5 = P5; M0 = test_interfaces::msg::Test_<std::allocator<void> >; M1 = test_interfaces::msg::Test_<std::allocator<void> >; M2 = message_filters::NullType; M3 = message_filters::NullType; M4 = message_filters::NullType; M5 = message_filters::NullType; M6 = message_filters::NullType; M7 = message_filters::NullType; M8 = message_filters::NullType]\x1b[m\x1b[K\xe2\x80\x99\n'}
[3.049084] (simple_s) StderrLine: {'line': b'  252 |   Connection \x1b[01;36m\x1b[KaddCallback\x1b[m\x1b[K(void(T::*callback)(P0, P1, P2, P3, P4, P5), T* t)\n'}
[3.049219] (simple_s) StderrLine: {'line': b'      |              \x1b[01;36m\x1b[K^~~~~~~~~~~\x1b[m\x1b[K\n'}
[3.049354] (simple_s) StderrLine: {'line': b'\x1b[01m\x1b[K/opt/ros/foxy/include/message_filters/signal9.h:252:14:\x1b[m\x1b[K \x1b[01;36m\x1b[Knote: \x1b[m\x1b[K  template argument deduction/substitution failed:\n'}
[3.049489] (simple_s) StderrLine: {'line': b'\x1b[01m\x1b[K/opt/ros/foxy/include/message_filters/signal9.h:280:267:\x1b[m\x1b[K \x1b[01;31m\x1b[Kerror: \x1b[m\x1b[Kwrong number of template arguments (9, should be 7)\n'}
[3.049623] (simple_s) StderrLine: {'line': b'  280 |                      const M8ConstPtr&>(std::bind(callback, std::placeholders::_1, std::placeholders::_2, std::placeholders::_3, std::placeholders::_4, std::placeholders::_5, std::placeholders::_6, std::placeholders::_7, std::placeholders::_8, std::placeholders::_9)\x1b[01;31m\x1b[K)\x1b[m\x1b[K;\n'}
[3.049760] (simple_s) StderrLine: {'line': b'      |                                                                                                                                                                                                                                                                           \x1b[01;31m\x1b[K^\x1b[m\x1b[K\n'}
[3.049896] (simple_s) StderrLine: {'line': b'\x1b[01m\x1b[K/opt/ros/foxy/include/message_filters/signal9.h:258:14:\x1b[m\x1b[K \x1b[01;36m\x1b[Knote: \x1b[m\x1b[Kcandidate: \xe2\x80\x98\x1b[01m\x1b[Ktemplate<class T, class P0, class P1, class P2, class P3, class P4, class P5, class P6> message_filters::Connection message_filters::Signal9<M0, M1, M2, M3, M4, M5, M6, M7, M8>::addCallback(void (T::*)(P0, P1, P2, P3, P4, P5, P6), T*) [with T = T; P0 = P0; P1 = P1; P2 = P2; P3 = P3; P4 = P4; P5 = P5; P6 = P6; M0 = test_interfaces::msg::Test_<std::allocator<void> >; M1 = test_interfaces::msg::Test_<std::allocator<void> >; M2 = message_filters::NullType; M3 = message_filters::NullType; M4 = message_filters::NullType; M5 = message_filters::NullType; M6 = message_filters::NullType; M7 = message_filters::NullType; M8 = message_filters::NullType]\x1b[m\x1b[K\xe2\x80\x99\n'}
[3.050041] (simple_s) StderrLine: {'line': b'  258 |   Connection \x1b[01;36m\x1b[KaddCallback\x1b[m\x1b[K(void(T::*callback)(P0, P1, P2, P3, P4, P5, P6), T* t)\n'}
[3.050176] (simple_s) StderrLine: {'line': b'      |              \x1b[01;36m\x1b[K^~~~~~~~~~~\x1b[m\x1b[K\n'}
[3.050317] (simple_s) StderrLine: {'line': b'\x1b[01m\x1b[K/opt/ros/foxy/include/message_filters/signal9.h:258:14:\x1b[m\x1b[K \x1b[01;36m\x1b[Knote: \x1b[m\x1b[K  template argument deduction/substitution failed:\n'}
[3.050452] (simple_s) StderrLine: {'line': b'\x1b[01m\x1b[K/opt/ros/foxy/include/message_filters/signal9.h:280:267:\x1b[m\x1b[K \x1b[01;31m\x1b[Kerror: \x1b[m\x1b[Kwrong number of template arguments (9, should be 8)\n'}
[3.050586] (simple_s) StderrLine: {'line': b'  280 |                      const M8ConstPtr&>(std::bind(callback, std::placeholders::_1, std::placeholders::_2, std::placeholders::_3, std::placeholders::_4, std::placeholders::_5, std::placeholders::_6, std::placeholders::_7, std::placeholders::_8, std::placeholders::_9)\x1b[01;31m\x1b[K)\x1b[m\x1b[K;\n'}
[3.050723] (simple_s) StderrLine: {'line': b'      |                                                                                                                                                                                                                                                                           \x1b[01;31m\x1b[K^\x1b[m\x1b[K\n'}
[3.050870] (simple_s) StderrLine: {'line': b'\x1b[01m\x1b[K/opt/ros/foxy/include/message_filters/signal9.h:264:14:\x1b[m\x1b[K \x1b[01;36m\x1b[Knote: \x1b[m\x1b[Kcandidate: \xe2\x80\x98\x1b[01m\x1b[Ktemplate<class T, class P0, class P1, class P2, class P3, class P4, class P5, class P6, class P7> message_filters::Connection message_filters::Signal9<M0, M1, M2, M3, M4, M5, M6, M7, M8>::addCallback(void (T::*)(P0, P1, P2, P3, P4, P5, P6, P7), T*) [with T = T; P0 = P0; P1 = P1; P2 = P2; P3 = P3; P4 = P4; P5 = P5; P6 = P6; P7 = P7; M0 = test_interfaces::msg::Test_<std::allocator<void> >; M1 = test_interfaces::msg::Test_<std::allocator<void> >; M2 = message_filters::NullType; M3 = message_filters::NullType; M4 = message_filters::NullType; M5 = message_filters::NullType; M6 = message_filters::NullType; M7 = message_filters::NullType; M8 = message_filters::NullType]\x1b[m\x1b[K\xe2\x80\x99\n'}
[3.051028] (simple_s) StderrLine: {'line': b'  264 |   Connection \x1b[01;36m\x1b[KaddCallback\x1b[m\x1b[K(void(T::*callback)(P0, P1, P2, P3, P4, P5, P6, P7), T* t)\n'}
[3.051165] (simple_s) StderrLine: {'line': b'      |              \x1b[01;36m\x1b[K^~~~~~~~~~~\x1b[m\x1b[K\n'}
[3.051299] (simple_s) StderrLine: {'line': b'\x1b[01m\x1b[K/opt/ros/foxy/include/message_filters/signal9.h:264:14:\x1b[m\x1b[K \x1b[01;36m\x1b[Knote: \x1b[m\x1b[K  template argument deduction/substitution failed:\n'}
[3.051434] (simple_s) StderrLine: {'line': b'/opt/ros/foxy/include/message_filters/signal9.h: In substitution of \xe2\x80\x98\x1b[01m\x1b[Ktemplate<class T, class P0, class P1, class P2, class P3, class P4, class P5, class P6, class P7> message_filters::Connection message_filters::Signal9<test_interfaces::msg::Test_<std::allocator<void> >, test_interfaces::msg::Test_<std::allocator<void> >, message_filters::NullType, message_filters::NullType, message_filters::NullType, message_filters::NullType, message_filters::NullType, message_filters::NullType, message_filters::NullType>::addCallback<T, P0, P1, P2, P3, P4, P5, P6, P7>(void (T::*)(P0, P1, P2, P3, P4, P5, P6, P7), T*) [with T = const std::shared_ptr<const test_interfaces::msg::Test_<std::allocator<void> > >&; P0 = const std::shared_ptr<const test_interfaces::msg::Test_<std::allocator<void> > >&; P1 = const std::shared_ptr<const message_filters::NullType>&; P2 = const std::shared_ptr<const message_filters::NullType>&; P3 = const std::shared_ptr<const message_filters::NullType>&; P4 = const std::shared_ptr<const message_filters::NullType>&; P5 = const std::shared_ptr<const message_filters::NullType>&; P6 = const std::shared_ptr<const message_filters::NullType>&; P7 = const std::shared_ptr<const message_filters::NullType>&]\x1b[m\x1b[K\xe2\x80\x99:\n'}
[3.051585] (simple_s) StderrLine: {'line': b'\x1b[01m\x1b[K/opt/ros/foxy/include/message_filters/signal9.h:280:267:\x1b[m\x1b[K   required from \xe2\x80\x98\x1b[01m\x1b[Kmessage_filters::Connection message_filters::Signal9<M0, M1, M2, M3, M4, M5, M6, M7, M8>::addCallback(C&) [with C = const std::_Bind<void (MinimalSubscriber::*(MinimalSubscriber*, std::_Placeholder<1>, std::_Placeholder<2>))(const std::shared_ptr<test_interfaces::msg::Test_<std::allocator<void> > >&, const std::shared_ptr<test_interfaces::msg::Test_<std::allocator<void> > >&)>; M0 = test_interfaces::msg::Test_<std::allocator<void> >; M1 = test_interfaces::msg::Test_<std::allocator<void> >; M2 = message_filters::NullType; M3 = message_filters::NullType; M4 = message_filters::NullType; M5 = message_filters::NullType; M6 = message_filters::NullType; M7 = message_filters::NullType; M8 = message_filters::NullType]\x1b[m\x1b[K\xe2\x80\x99\n'}
[3.051735] (simple_s) StderrLine: {'line': b'\x1b[01m\x1b[K/opt/ros/foxy/include/message_filters/synchronizer.h:298:40:\x1b[m\x1b[K   required from \xe2\x80\x98\x1b[01m\x1b[Kmessage_filters::Connection message_filters::Synchronizer<Policy>::registerCallback(const C&) [with C = std::_Bind<void (MinimalSubscriber::*(MinimalSubscriber*, std::_Placeholder<1>, std::_Placeholder<2>))(const std::shared_ptr<test_interfaces::msg::Test_<std::allocator<void> > >&, const std::shared_ptr<test_interfaces::msg::Test_<std::allocator<void> > >&)>; Policy = message_filters::sync_policies::ApproximateTime<test_interfaces::msg::Test_<std::allocator<void> >, test_interfaces::msg::Test_<std::allocator<void> > >]\x1b[m\x1b[K\xe2\x80\x99\n'}
[3.051876] (simple_s) StderrLine: {'line': b'\x1b[01m\x1b[K/ros2_test/AD_Middle_Test/ros2/src/simple_s/src/listener.cpp:63:129:\x1b[m\x1b[K   required from here\n'}
[3.052012] (simple_s) StderrLine: {'line': b'\x1b[01m\x1b[K/opt/ros/foxy/include/message_filters/signal9.h:264:14:\x1b[m\x1b[K \x1b[01;31m\x1b[Kerror: \x1b[m\x1b[Kforming pointer to reference type \xe2\x80\x98\x1b[01m\x1b[Kconst std::shared_ptr<const test_interfaces::msg::Test_<std::allocator<void> > >&\x1b[m\x1b[K\xe2\x80\x99\n'}
[3.052155] (simple_s) StderrLine: {'line': b'/opt/ros/foxy/include/message_filters/signal9.h: In instantiation of \xe2\x80\x98\x1b[01m\x1b[Kmessage_filters::Connection message_filters::Signal9<M0, M1, M2, M3, M4, M5, M6, M7, M8>::addCallback(C&) [with C = const std::_Bind<void (MinimalSubscriber::*(MinimalSubscriber*, std::_Placeholder<1>, std::_Placeholder<2>))(const std::shared_ptr<test_interfaces::msg::Test_<std::allocator<void> > >&, const std::shared_ptr<test_interfaces::msg::Test_<std::allocator<void> > >&)>; M0 = test_interfaces::msg::Test_<std::allocator<void> >; M1 = test_interfaces::msg::Test_<std::allocator<void> >; M2 = message_filters::NullType; M3 = message_filters::NullType; M4 = message_filters::NullType; M5 = message_filters::NullType; M6 = message_filters::NullType; M7 = message_filters::NullType; M8 = message_filters::NullType]\x1b[m\x1b[K\xe2\x80\x99:\n'}
[3.052308] (simple_s) StderrLine: {'line': b'\x1b[01m\x1b[K/opt/ros/foxy/include/message_filters/synchronizer.h:298:40:\x1b[m\x1b[K   required from \xe2\x80\x98\x1b[01m\x1b[Kmessage_filters::Connection message_filters::Synchronizer<Policy>::registerCallback(const C&) [with C = std::_Bind<void (MinimalSubscriber::*(MinimalSubscriber*, std::_Placeholder<1>, std::_Placeholder<2>))(const std::shared_ptr<test_interfaces::msg::Test_<std::allocator<void> > >&, const std::shared_ptr<test_interfaces::msg::Test_<std::allocator<void> > >&)>; Policy = message_filters::sync_policies::ApproximateTime<test_interfaces::msg::Test_<std::allocator<void> >, test_interfaces::msg::Test_<std::allocator<void> > >]\x1b[m\x1b[K\xe2\x80\x99\n'}
[3.052450] (simple_s) StderrLine: {'line': b'\x1b[01m\x1b[K/ros2_test/AD_Middle_Test/ros2/src/simple_s/src/listener.cpp:63:129:\x1b[m\x1b[K   required from here\n'}
[3.052585] (simple_s) StderrLine: {'line': b'\x1b[01m\x1b[K/opt/ros/foxy/include/message_filters/signal9.h:270:14:\x1b[m\x1b[K \x1b[01;36m\x1b[Knote: \x1b[m\x1b[Kcandidate: \xe2\x80\x98\x1b[01m\x1b[Ktemplate<class C> message_filters::Connection message_filters::Signal9<M0, M1, M2, M3, M4, M5, M6, M7, M8>::addCallback(C&) [with C = C; M0 = test_interfaces::msg::Test_<std::allocator<void> >; M1 = test_interfaces::msg::Test_<std::allocator<void> >; M2 = message_filters::NullType; M3 = message_filters::NullType; M4 = message_filters::NullType; M5 = message_filters::NullType; M6 = message_filters::NullType; M7 = message_filters::NullType; M8 = message_filters::NullType]\x1b[m\x1b[K\xe2\x80\x99\n'}
[3.052731] (simple_s) StderrLine: {'line': b'  270 |   Connection \x1b[01;36m\x1b[KaddCallback\x1b[m\x1b[K( C& callback)\n'}
[3.052867] (simple_s) StderrLine: {'line': b'      |              \x1b[01;36m\x1b[K^~~~~~~~~~~\x1b[m\x1b[K\n'}
[3.053002] (simple_s) StderrLine: {'line': b'\x1b[01m\x1b[K/opt/ros/foxy/include/message_filters/signal9.h:270:14:\x1b[m\x1b[K \x1b[01;36m\x1b[Knote: \x1b[m\x1b[K  template argument deduction/substitution failed:\n'}
[3.053137] (simple_s) StderrLine: {'line': b'\x1b[01m\x1b[K/opt/ros/foxy/include/message_filters/signal9.h:280:267:\x1b[m\x1b[K \x1b[01;31m\x1b[Kerror: \x1b[m\x1b[Kwrong number of template arguments (9, should be 1)\n'}
[3.053273] (simple_s) StderrLine: {'line': b'  280 |                      const M8ConstPtr&>(std::bind(callback, std::placeholders::_1, std::placeholders::_2, std::placeholders::_3, std::placeholders::_4, std::placeholders::_5, std::placeholders::_6, std::placeholders::_7, std::placeholders::_8, std::placeholders::_9)\x1b[01;31m\x1b[K)\x1b[m\x1b[K;\n'}
[3.053410] (simple_s) StderrLine: {'line': b'      |                                                                                                                                                                                                                                                                           \x1b[01;31m\x1b[K^\x1b[m\x1b[K\n'}
[3.105671] (-) TimerEvent: {}
[3.205909] (-) TimerEvent: {}
[3.306170] (-) TimerEvent: {}
[3.406490] (-) TimerEvent: {}
[3.506857] (-) TimerEvent: {}
[3.607230] (-) TimerEvent: {}
[3.707583] (-) TimerEvent: {}
[3.807890] (-) TimerEvent: {}
[3.908146] (-) TimerEvent: {}
[4.008406] (-) TimerEvent: {}
[4.108654] (-) TimerEvent: {}
[4.208909] (-) TimerEvent: {}
[4.309147] (-) TimerEvent: {}
[4.409382] (-) TimerEvent: {}
[4.509630] (-) TimerEvent: {}
[4.609878] (-) TimerEvent: {}
[4.710161] (-) TimerEvent: {}
[4.810482] (-) TimerEvent: {}
[4.910820] (-) TimerEvent: {}
[4.956134] (simple_s) StderrLine: {'line': b'make[2]: *** [CMakeFiles/listener.dir/build.make:63: CMakeFiles/listener.dir/src/listener.cpp.o] Error 1\n'}
[4.956431] (simple_s) StderrLine: {'line': b'make[1]: *** [CMakeFiles/Makefile2:80: CMakeFiles/listener.dir/all] Error 2\n'}
[4.956608] (simple_s) StderrLine: {'line': b'make: *** [Makefile:141: all] Error 2\n'}
[4.959210] (simple_s) CommandEnded: {'returncode': 2}
[4.959683] (simple_s) JobEnded: {'identifier': 'simple_s', 'rc': 2}
[4.970029] (-) EventReactorShutdown: {}
