[0.042s] Invoking command in '/ros2_test/AD_Middle_Test/ros2/src/build/simple_s': /usr/bin/cmake --build /ros2_test/AD_Middle_Test/ros2/src/build/simple_s -- -j40 -l40
[0.110s] [35m[1mScanning dependencies of target listener[0m
[0.110s] [35m[1mScanning dependencies of target talker[0m
[0.122s] [  2%] Built target simple_s__cpp
[0.124s] [ 11%] Built target simple_s__rosidl_generator_c
[0.150s] [ 14%] [32mBuilding CXX object CMakeFiles/talker.dir/src/talker.cpp.o[0m
[0.150s] [ 17%] [32mBuilding CXX object CMakeFiles/listener.dir/src/listener.cpp.o[0m
[0.154s] [ 25%] Built target simple_s__rosidl_typesupport_introspection_cpp
[0.156s] [ 34%] Built target simple_s__rosidl_typesupport_cpp
[0.159s] [ 42%] Built target simple_s__rosidl_typesupport_c
[0.159s] [ 51%] Built target simple_s__rosidl_typesupport_fastrtps_cpp
[0.160s] [ 60%] Built target simple_s__rosidl_typesupport_introspection_c
[0.174s] [ 62%] [34m[1mGenerating C type support for eProsima Fast-RTPS[0m
[0.299s] [01m[K/ros2_test/AD_Middle_Test/ros2/src/simple_s/src/talker.cpp:5:10:[m[K [01;31m[Kfatal error: [m[Ksimple_s/msg/test.hpp: No such file or directory
[0.299s]     5 | #include [01;31m[K"simple_s/msg/test.hpp"[m[K     // CHANGE
[0.299s]       |          [01;31m[K^~~~~~~~~~~~~~~~~~~~~~~[m[K
[0.299s] compilation terminated.
[0.301s] make[2]: *** [CMakeFiles/talker.dir/build.make:63: CMakeFiles/talker.dir/src/talker.cpp.o] Error 1
[0.302s] [01m[K/ros2_test/AD_Middle_Test/ros2/src/simple_s/src/listener.cpp:4:10:[m[K [01;31m[Kfatal error: [m[Ksimple_s/msg/test.hpp: No such file or directory
[0.302s]     4 | #include [01;31m[K"simple_s/msg/test.hpp"[m[K     // CHANGE
[0.302s]       |          [01;31m[K^~~~~~~~~~~~~~~~~~~~~~~[m[K
[0.302s] compilation terminated.
[0.302s] make[1]: *** [CMakeFiles/Makefile2:388: CMakeFiles/talker.dir/all] Error 2
[0.302s] make[1]: *** Waiting for unfinished jobs....
[0.304s] make[2]: *** [CMakeFiles/listener.dir/build.make:63: CMakeFiles/listener.dir/src/listener.cpp.o] Error 1
[0.304s] make[1]: *** [CMakeFiles/Makefile2:125: CMakeFiles/listener.dir/all] Error 2
[0.645s] [35m[1mScanning dependencies of target simple_s__rosidl_typesupport_fastrtps_c[0m
[0.659s] [ 65%] [32mBuilding CXX object CMakeFiles/simple_s__rosidl_typesupport_fastrtps_c.dir/rosidl_typesupport_fastrtps_c/simple_s/msg/test__type_support_c.cpp.o[0m
[1.247s] [ 68%] [32m[1mLinking CXX shared library libsimple_s__rosidl_typesupport_fastrtps_c.so[0m
[1.367s] [ 68%] Built target simple_s__rosidl_typesupport_fastrtps_c
[1.368s] make: *** [Makefile:141: all] Error 2
[1.370s] Invoked command in '/ros2_test/AD_Middle_Test/ros2/src/build/simple_s' returned '2': /usr/bin/cmake --build /ros2_test/AD_Middle_Test/ros2/src/build/simple_s -- -j40 -l40
