[0.021s] Invoking command in '/ros2_test/AD_Middle_Test/ros2/src/build/simple_s': /usr/bin/cmake --build /ros2_test/AD_Middle_Test/ros2/src/build/simple_s -- -j30 -l30
[0.082s] [35m[1mScanning dependencies of target listener[0m
[0.113s] [ 50%] Built target talker
[0.121s] [ 75%] [32mBuilding CXX object CMakeFiles/listener.dir/src/listener.cpp.o[0m
[2.147s] In file included from [01m[K/opt/ros/foxy/include/rclcpp/context.hpp:19[m[K,
[2.148s]                  from [01m[K/opt/ros/foxy/include/rclcpp/contexts/default_context.hpp:18[m[K,
[2.148s]                  from [01m[K/opt/ros/foxy/include/rclcpp/executor.hpp:32[m[K,
[2.148s]                  from [01m[K/opt/ros/foxy/include/rclcpp/executors/multi_threaded_executor.hpp:25[m[K,
[2.148s]                  from [01m[K/opt/ros/foxy/include/rclcpp/executors.hpp:21[m[K,
[2.148s]                  from [01m[K/opt/ros/foxy/include/rclcpp/rclcpp.hpp:145[m[K,
[2.148s]                  from [01m[K/opt/ros/foxy/include/message_filters/subscriber.h:38[m[K,
[2.149s]                  from [01m[K/ros2_test/AD_Middle_Test/ros2/src/simple_s/src/listener.cpp:5[m[K:
[2.149s] /usr/include/c++/9/functional: In instantiation of â€˜[01m[Kstruct std::_Bind_check_arity<void (MinimalSubscriber::*)(const std::shared_ptr<test_interfaces::msg::Test_<std::allocator<void> > >&, const std::shared_ptr<test_interfaces::msg::Test_<std::allocator<void> > >&)>[m[Kâ€™:
[2.149s] [01m[K/usr/include/c++/9/functional:787:12:[m[K   required from â€˜[01m[Kstruct std::_Bind_helper<false, void (MinimalSubscriber::*)(const std::shared_ptr<test_interfaces::msg::Test_<std::allocator<void> > >&, const std::shared_ptr<test_interfaces::msg::Test_<std::allocator<void> > >&)>[m[Kâ€™
[2.149s] [01m[K/usr/include/c++/9/functional:808:5:[m[K   required by substitution of â€˜[01m[Ktemplate<class _Func, class ... _BoundArgs> typename std::_Bind_helper<std::__is_socketlike<_Func>::value, _Func, _BoundArgs ...>::type std::bind(_Func&&, _BoundArgs&& ...) [with _Func = void (MinimalSubscriber::*)(const std::shared_ptr<test_interfaces::msg::Test_<std::allocator<void> > >&, const std::shared_ptr<test_interfaces::msg::Test_<std::allocator<void> > >&); _BoundArgs = {}][m[Kâ€™
[2.150s] [01m[K/ros2_test/AD_Middle_Test/ros2/src/simple_s/src/listener.cpp:60:79:[m[K   required from here
[2.150s] [01m[K/usr/include/c++/9/functional:775:7:[m[K [01;31m[Kerror: [m[Kstatic assertion failed: Wrong number of arguments for pointer-to-member
[2.150s]   774 |       static_assert(_Varargs::[01;31m[Kvalue[m[K
[2.150s]       |                               [01;31m[K~~~~~[m[K
[2.150s]   775 | [01;31m[K      ? sizeof...(_BoundArgs) >= _Arity::value + 1[m[K
[2.150s]       |       [01;31m[K^~~~~~~~~~~~~~~~~~~~~~~~~~~~~~~~~~~~~~~~~~~~[m[K
[2.150s]   776 | [01;31m[K      : sizeof...(_BoundArgs) == _Arity::value + 1[m[K,
[2.150s]       |       [01;31m[K~~~~~~~~~~~~~~~~~~~~~~~~~~~~~~~~~~~~~~~~~~~~[m[K
[2.151s] /usr/include/c++/9/functional: In substitution of â€˜[01m[Ktemplate<class _Functor, class ... _Bound_args> template<class _Fn, class _CallArgs, class ... _BArgs> using _Res_type_impl = typename std::result_of<_Fn&(std::_Bind<_Functor(_Bound_args ...)>::_Mu_type<_BArgs, _CallArgs>&& ...)>::type [with _Fn = void (MinimalSubscriber::*)(const std::shared_ptr<test_interfaces::msg::Test_<std::allocator<void> > >&, const std::shared_ptr<test_interfaces::msg::Test_<std::allocator<void> > >&); _CallArgs = _CallArgs; _BArgs = {}; _Functor = void (MinimalSubscriber::*)(const std::shared_ptr<test_interfaces::msg::Test_<std::allocator<void> > >&, const std::shared_ptr<test_interfaces::msg::Test_<std::allocator<void> > >&); _Bound_args = {}][m[Kâ€™:
[2.151s] [01m[K/usr/include/c++/9/functional:447:8:[m[K   required from â€˜[01m[Kstruct std::_Bind<void (MinimalSubscriber::*())(const std::shared_ptr<test_interfaces::msg::Test_<std::allocator<void> > >&, const std::shared_ptr<test_interfaces::msg::Test_<std::allocator<void> > >&)>[m[Kâ€™
[2.151s] [01m[K/ros2_test/AD_Middle_Test/ros2/src/simple_s/src/listener.cpp:60:79:[m[K   required from here
[2.151s] [01m[K/usr/include/c++/9/functional:443:8:[m[K [01;31m[Kerror: [m[Kno type named â€˜[01m[Ktype[m[Kâ€™ in â€˜[01m[Kclass std::result_of<void (MinimalSubscriber::*&())(const std::shared_ptr<test_interfaces::msg::Test_<std::allocator<void> > >&, const std::shared_ptr<test_interfaces::msg::Test_<std::allocator<void> > >&)>[m[Kâ€™
[2.151s]   443 |  using [01;31m[K_Res_type_impl[m[K
[2.151s]       |        [01;31m[K^~~~~~~~~~~~~~[m[K
[2.151s] /usr/include/c++/9/functional: In substitution of â€˜[01m[Ktemplate<class _Functor, class ... _Bound_args> template<class _Fn, class _CallArgs, class ... _BArgs> using _Res_type_impl = typename std::result_of<_Fn&(std::_Bind<_Functor(_Bound_args ...)>::_Mu_type<_BArgs, _CallArgs>&& ...)>::type [with _Fn = void (MinimalSubscriber::*)(const std::shared_ptr<test_interfaces::msg::Test_<std::allocator<void> > >&, const std::shared_ptr<test_interfaces::msg::Test_<std::allocator<void> > >&); _CallArgs = std::tuple<_Tps ...>; _BArgs = {}; _Functor = void (MinimalSubscriber::*)(const std::shared_ptr<test_interfaces::msg::Test_<std::allocator<void> > >&, const std::shared_ptr<test_interfaces::msg::Test_<std::allocator<void> > >&); _Bound_args = {}][m[Kâ€™:
[2.152s] [01m[K/usr/include/c++/9/functional:447:8:[m[K   required by substitution of â€˜[01m[Ktemplate<class _Functor, class ... _Bound_args> template<class _CallArgs> using _Res_type = std::_Bind<_Functor(_Bound_args ...)>::_Res_type_impl<_Functor, _CallArgs, _Bound_args ...> [with _CallArgs = std::tuple<_Tps ...>; _Functor = void (MinimalSubscriber::*)(const std::shared_ptr<test_interfaces::msg::Test_<std::allocator<void> > >&, const std::shared_ptr<test_interfaces::msg::Test_<std::allocator<void> > >&); _Bound_args = {}][m[Kâ€™
[2.152s] [01m[K/usr/include/c++/9/functional:480:2:[m[K   required from â€˜[01m[Kstruct std::_Bind<void (MinimalSubscriber::*())(const std::shared_ptr<test_interfaces::msg::Test_<std::allocator<void> > >&, const std::shared_ptr<test_interfaces::msg::Test_<std::allocator<void> > >&)>[m[Kâ€™
[2.152s] [01m[K/ros2_test/AD_Middle_Test/ros2/src/simple_s/src/listener.cpp:60:79:[m[K   required from here
[2.152s] [01m[K/usr/include/c++/9/functional:443:8:[m[K [01;31m[Kerror: [m[Kno type named â€˜[01m[Ktype[m[Kâ€™ in â€˜[01m[Kclass std::result_of<void (MinimalSubscriber::*&())(const std::shared_ptr<test_interfaces::msg::Test_<std::allocator<void> > >&, const std::shared_ptr<test_interfaces::msg::Test_<std::allocator<void> > >&)>[m[Kâ€™
[2.152s] [01m[K/ros2_test/AD_Middle_Test/ros2/src/simple_s/src/listener.cpp:[m[K In constructor â€˜[01m[KMinimalSubscriber::MinimalSubscriber(std::string, int)[m[Kâ€™:
[2.152s] [01m[K/ros2_test/AD_Middle_Test/ros2/src/simple_s/src/listener.cpp:60:86:[m[K [01;31m[Kerror: [m[Kno matching function for call to â€˜[01m[Kmessage_filters::Synchronizer<message_filters::sync_policies::ApproximateTime<test_interfaces::msg::Test_<std::allocator<void> >, test_interfaces::msg::Test_<std::allocator<void> > > >::registerCallback(std::_Bind_helper<false, void (MinimalSubscriber::*)(const std::shared_ptr<test_interfaces::msg::Test_<std::allocator<void> > >&, const std::shared_ptr<test_interfaces::msg::Test_<std::allocator<void> > >&)>::type, const std::_Placeholder<1>&, const std::_Placeholder<2>&)[m[Kâ€™
[2.152s]    60 |    this->sync_->registerCallback(std::bind(&MinimalSubscriber::topic_callback2),_1,_2[01;31m[K)[m[K;
[2.153s]       |                                                                                      [01;31m[K^[m[K
[2.153s] In file included from [01m[K/ros2_test/AD_Middle_Test/ros2/src/simple_s/src/listener.cpp:6[m[K:
[2.153s] [01m[K/opt/ros/foxy/include/message_filters/synchronizer.h:290:14:[m[K [01;36m[Knote: [m[Kcandidate: â€˜[01m[Ktemplate<class C> message_filters::Connection message_filters::Synchronizer<Policy>::registerCallback(C&) [with C = C; Policy = message_filters::sync_policies::ApproximateTime<test_interfaces::msg::Test_<std::allocator<void> >, test_interfaces::msg::Test_<std::allocator<void> > >][m[Kâ€™
[2.153s]   290 |   Connection [01;36m[KregisterCallback[m[K(C& callback)
[2.153s]       |              [01;36m[K^~~~~~~~~~~~~~~~[m[K
[2.153s] [01m[K/opt/ros/foxy/include/message_filters/synchronizer.h:290:14:[m[K [01;36m[Knote: [m[K  template argument deduction/substitution failed:
[2.153s] [01m[K/ros2_test/AD_Middle_Test/ros2/src/simple_s/src/listener.cpp:60:86:[m[K [01;36m[Knote: [m[K  candidate expects 1 argument, 3 provided
[2.154s]    60 |    this->sync_->registerCallback(std::bind(&MinimalSubscriber::topic_callback2),_1,_2[01;36m[K)[m[K;
[2.154s]       |                                                                                      [01;36m[K^[m[K
[2.154s] In file included from [01m[K/ros2_test/AD_Middle_Test/ros2/src/simple_s/src/listener.cpp:6[m[K:
[2.154s] [01m[K/opt/ros/foxy/include/message_filters/synchronizer.h:296:14:[m[K [01;36m[Knote: [m[Kcandidate: â€˜[01m[Ktemplate<class C> message_filters::Connection message_filters::Synchronizer<Policy>::registerCallback(const C&) [with C = C; Policy = message_filters::sync_policies::ApproximateTime<test_interfaces::msg::Test_<std::allocator<void> >, test_interfaces::msg::Test_<std::allocator<void> > >][m[Kâ€™
[2.154s]   296 |   Connection [01;36m[KregisterCallback[m[K(const C& callback)
[2.154s]       |              [01;36m[K^~~~~~~~~~~~~~~~[m[K
[2.154s] [01m[K/opt/ros/foxy/include/message_filters/synchronizer.h:296:14:[m[K [01;36m[Knote: [m[K  template argument deduction/substitution failed:
[2.154s] [01m[K/ros2_test/AD_Middle_Test/ros2/src/simple_s/src/listener.cpp:60:86:[m[K [01;36m[Knote: [m[K  candidate expects 1 argument, 3 provided
[2.155s]    60 |    this->sync_->registerCallback(std::bind(&MinimalSubscriber::topic_callback2),_1,_2[01;36m[K)[m[K;
[2.155s]       |                                                                                      [01;36m[K^[m[K
[2.155s] In file included from [01m[K/ros2_test/AD_Middle_Test/ros2/src/simple_s/src/listener.cpp:6[m[K:
[2.155s] [01m[K/opt/ros/foxy/include/message_filters/synchronizer.h:302:14:[m[K [01;36m[Knote: [m[Kcandidate: â€˜[01m[Ktemplate<class C, class T> message_filters::Connection message_filters::Synchronizer<Policy>::registerCallback(const C&, T*) [with C = C; T = T; Policy = message_filters::sync_policies::ApproximateTime<test_interfaces::msg::Test_<std::allocator<void> >, test_interfaces::msg::Test_<std::allocator<void> > >][m[Kâ€™
[2.155s]   302 |   Connection [01;36m[KregisterCallback[m[K(const C& callback, T* t)
[2.155s]       |              [01;36m[K^~~~~~~~~~~~~~~~[m[K
[2.155s] [01m[K/opt/ros/foxy/include/message_filters/synchronizer.h:302:14:[m[K [01;36m[Knote: [m[K  template argument deduction/substitution failed:
[2.156s] [01m[K/ros2_test/AD_Middle_Test/ros2/src/simple_s/src/listener.cpp:60:86:[m[K [01;36m[Knote: [m[K  mismatched types â€˜[01m[KT*[m[Kâ€™ and â€˜[01m[Kstd::_Placeholder<1>[m[Kâ€™
[2.156s]    60 |    this->sync_->registerCallback(std::bind(&MinimalSubscriber::topic_callback2),_1,_2[01;36m[K)[m[K;
[2.156s]       |                                                                                      [01;36m[K^[m[K
[2.156s] In file included from [01m[K/ros2_test/AD_Middle_Test/ros2/src/simple_s/src/listener.cpp:6[m[K:
[2.156s] [01m[K/opt/ros/foxy/include/message_filters/synchronizer.h:308:14:[m[K [01;36m[Knote: [m[Kcandidate: â€˜[01m[Ktemplate<class C, class T> message_filters::Connection message_filters::Synchronizer<Policy>::registerCallback(C&, T*) [with C = C; T = T; Policy = message_filters::sync_policies::ApproximateTime<test_interfaces::msg::Test_<std::allocator<void> >, test_interfaces::msg::Test_<std::allocator<void> > >][m[Kâ€™
[2.156s]   308 |   Connection [01;36m[KregisterCallback[m[K(C& callback, T* t)
[2.156s]       |              [01;36m[K^~~~~~~~~~~~~~~~[m[K
[2.156s] [01m[K/opt/ros/foxy/include/message_filters/synchronizer.h:308:14:[m[K [01;36m[Knote: [m[K  template argument deduction/substitution failed:
[2.157s] [01m[K/ros2_test/AD_Middle_Test/ros2/src/simple_s/src/listener.cpp:60:86:[m[K [01;36m[Knote: [m[K  mismatched types â€˜[01m[KT*[m[Kâ€™ and â€˜[01m[Kstd::_Placeholder<1>[m[Kâ€™
[2.157s]    60 |    this->sync_->registerCallback(std::bind(&MinimalSubscriber::topic_callback2),_1,_2[01;36m[K)[m[K;
[2.157s]       |                                                                                      [01;36m[K^[m[K
[4.354s] make[2]: *** [CMakeFiles/listener.dir/build.make:63: CMakeFiles/listener.dir/src/listener.cpp.o] Error 1
[4.354s] make[1]: *** [CMakeFiles/Makefile2:80: CMakeFiles/listener.dir/all] Error 2
[4.355s] make: *** [Makefile:141: all] Error 2
[4.357s] Invoked command in '/ros2_test/AD_Middle_Test/ros2/src/build/simple_s' returned '2': /usr/bin/cmake --build /ros2_test/AD_Middle_Test/ros2/src/build/simple_s -- -j30 -l30
