[0.000000] (-) TimerEvent: {}
[0.000369] (detect_s) JobQueued: {'identifier': 'detect_s', 'dependencies': OrderedDict()}
[0.000789] (test_interfaces) JobQueued: {'identifier': 'test_interfaces', 'dependencies': OrderedDict()}
[0.001278] (turtlesim) JobQueued: {'identifier': 'turtlesim', 'dependencies': OrderedDict()}
[0.001380] (simple_s) JobQueued: {'identifier': 'simple_s', 'dependencies': OrderedDict([('test_interfaces', '/ros2_test/AD_Middle_Test/ros2/src/install/test_interfaces')])}
[0.001436] (test_interfaces) JobStarted: {'identifier': 'test_interfaces'}
[0.022398] (detect_s) JobStarted: {'identifier': 'detect_s'}
[0.037276] (turtlesim) JobStarted: {'identifier': 'turtlesim'}
[0.054630] (test_interfaces) JobProgress: {'identifier': 'test_interfaces', 'progress': 'cmake'}
[0.055844] (test_interfaces) JobProgress: {'identifier': 'test_interfaces', 'progress': 'build'}
[0.057138] (test_interfaces) Command: {'cmd': ['/usr/bin/cmake', '--build', '/ros2_test/AD_Middle_Test/ros2/src/build/test_interfaces', '--', '-j5', '-l5'], 'cwd': '/ros2_test/AD_Middle_Test/ros2/src/build/test_interfaces', 'env': OrderedDict([('LESSOPEN', '| /usr/bin/lesspipe %s'), ('HOSTNAME', '3d2cb9766238'), ('ROS_PACKAGE_PATH', '/opt/ros/foxy/share'), ('SHLVL', '1'), ('LD_LIBRARY_PATH', '/ros2_test/AD_Middle_Test/ros2/src/install/turtlesim/lib:/ros2_test/AD_Middle_Test/ros2/src/install/test_interfaces/lib:/ros2_test/AD_Middle_Test/ros2/install/turtlesim/lib:/ros2_test/AD_Middle_Test/ros2/install/test_interfaces/lib:/opt/ros/foxy/opt/yaml_cpp_vendor/lib:/opt/ros/foxy/opt/rviz_ogre_vendor/lib:/opt/ros/foxy/lib'), ('HOME', '/root'), ('OLDPWD', '/ros2_test/AD_Middle_Test/ros2/src/simple_s'), ('ROS_PYTHON_VERSION', '3'), ('COLCON_PREFIX_PATH', '/ros2_test/AD_Middle_Test/ros2/src/install:/ros2_test/AD_Middle_Test/ros2/install:/opt/ros/foxy'), ('ROS_DISTRO', 'foxy'), ('_', '/usr/bin/colcon'), ('ROS_VERSION', '2'), ('PKG_CONFIG_PATH', '/opt/ros/foxy/lib/x86_64-linux-gnu/pkgconfig:/opt/ros/foxy/lib/pkgconfig'), ('TERM', 'xterm'), ('ROS_LOCALHOST_ONLY', '0'), ('PATH', '/opt/ros/foxy/bin:/usr/local/sbin:/usr/local/bin:/usr/sbin:/usr/bin:/sbin:/bin'), ('LANG', 'C.UTF-8'), ('LS_COLORS', 'rs=0:di=01;34:ln=01;36:mh=00:pi=40;33:so=01;35:do=01;35:bd=40;33;01:cd=40;33;01:or=40;31;01:mi=00:su=37;41:sg=30;43:ca=30;41:tw=30;42:ow=34;42:st=37;44:ex=01;32:*.tar=01;31:*.tgz=01;31:*.arc=01;31:*.arj=01;31:*.taz=01;31:*.lha=01;31:*.lz4=01;31:*.lzh=01;31:*.lzma=01;31:*.tlz=01;31:*.txz=01;31:*.tzo=01;31:*.t7z=01;31:*.zip=01;31:*.z=01;31:*.dz=01;31:*.gz=01;31:*.lrz=01;31:*.lz=01;31:*.lzo=01;31:*.xz=01;31:*.zst=01;31:*.tzst=01;31:*.bz2=01;31:*.bz=01;31:*.tbz=01;31:*.tbz2=01;31:*.tz=01;31:*.deb=01;31:*.rpm=01;31:*.jar=01;31:*.war=01;31:*.ear=01;31:*.sar=01;31:*.rar=01;31:*.alz=01;31:*.ace=01;31:*.zoo=01;31:*.cpio=01;31:*.7z=01;31:*.rz=01;31:*.cab=01;31:*.wim=01;31:*.swm=01;31:*.dwm=01;31:*.esd=01;31:*.jpg=01;35:*.jpeg=01;35:*.mjpg=01;35:*.mjpeg=01;35:*.gif=01;35:*.bmp=01;35:*.pbm=01;35:*.pgm=01;35:*.ppm=01;35:*.tga=01;35:*.xbm=01;35:*.xpm=01;35:*.tif=01;35:*.tiff=01;35:*.png=01;35:*.svg=01;35:*.svgz=01;35:*.mng=01;35:*.pcx=01;35:*.mov=01;35:*.mpg=01;35:*.mpeg=01;35:*.m2v=01;35:*.mkv=01;35:*.webm=01;35:*.ogm=01;35:*.mp4=01;35:*.m4v=01;35:*.mp4v=01;35:*.vob=01;35:*.qt=01;35:*.nuv=01;35:*.wmv=01;35:*.asf=01;35:*.rm=01;35:*.rmvb=01;35:*.flc=01;35:*.avi=01;35:*.fli=01;35:*.flv=01;35:*.gl=01;35:*.dl=01;35:*.xcf=01;35:*.xwd=01;35:*.yuv=01;35:*.cgm=01;35:*.emf=01;35:*.ogv=01;35:*.ogx=01;35:*.aac=00;36:*.au=00;36:*.flac=00;36:*.m4a=00;36:*.mid=00;36:*.midi=00;36:*.mka=00;36:*.mp3=00;36:*.mpc=00;36:*.ogg=00;36:*.ra=00;36:*.wav=00;36:*.oga=00;36:*.opus=00;36:*.spx=00;36:*.xspf=00;36:'), ('ROSDISTRO_INDEX_URL', 'https://raw.githubusercontent.com/osrf/docker_images/master/ros2/nightly/nightly/index-v4.yaml'), ('AMENT_PREFIX_PATH', '/ros2_test/AD_Middle_Test/ros2/src/install/turtlesim:/ros2_test/AD_Middle_Test/ros2/src/install/simple_s:/ros2_test/AD_Middle_Test/ros2/src/install/test_interfaces:/ros2_test/AD_Middle_Test/ros2/src/install/detect_s:/ros2_test/AD_Middle_Test/ros2/install/turtlesim:/ros2_test/AD_Middle_Test/ros2/install/simple_s:/ros2_test/AD_Middle_Test/ros2/install/test_interfaces:/ros2_test/AD_Middle_Test/ros2/install/detect_s:/opt/ros/foxy'), ('LESSCLOSE', '/usr/bin/lesspipe %s %s'), ('PWD', '/ros2_test/AD_Middle_Test/ros2/src/build/test_interfaces'), ('LC_ALL', 'C.UTF-8'), ('PYTHONPATH', '/ros2_test/AD_Middle_Test/ros2/src/install/turtlesim/lib/python3.8/site-packages:/ros2_test/AD_Middle_Test/ros2/src/install/test_interfaces/lib/python3.8/site-packages:/ros2_test/AD_Middle_Test/ros2/install/turtlesim/lib/python3.8/site-packages:/ros2_test/AD_Middle_Test/ros2/install/test_interfaces/lib/python3.8/site-packages:/opt/ros/foxy/lib/python3.8/site-packages'), ('COLCON', '1'), ('CMAKE_PREFIX_PATH', '/ros2_test/AD_Middle_Test/ros2/src/install/turtlesim:/ros2_test/AD_Middle_Test/ros2/src/install/simple_s:/ros2_test/AD_Middle_Test/ros2/src/install/test_interfaces:/ros2_test/AD_Middle_Test/ros2/src/install/detect_s:/ros2_test/AD_Middle_Test/ros2/install/turtlesim:/ros2_test/AD_Middle_Test/ros2/install/simple_s:/ros2_test/AD_Middle_Test/ros2/install/test_interfaces:/ros2_test/AD_Middle_Test/ros2/install/detect_s:/opt/ros/foxy')]), 'shell': False}
[0.063559] (detect_s) JobProgress: {'identifier': 'detect_s', 'progress': 'cmake'}
[0.064600] (detect_s) JobProgress: {'identifier': 'detect_s', 'progress': 'build'}
[0.066348] (detect_s) Command: {'cmd': ['/usr/bin/cmake', '--build', '/ros2_test/AD_Middle_Test/ros2/src/build/detect_s', '--', '-j5', '-l5'], 'cwd': '/ros2_test/AD_Middle_Test/ros2/src/build/detect_s', 'env': OrderedDict([('LESSOPEN', '| /usr/bin/lesspipe %s'), ('HOSTNAME', '3d2cb9766238'), ('ROS_PACKAGE_PATH', '/opt/ros/foxy/share'), ('SHLVL', '1'), ('LD_LIBRARY_PATH', '/ros2_test/AD_Middle_Test/ros2/src/install/turtlesim/lib:/ros2_test/AD_Middle_Test/ros2/src/install/test_interfaces/lib:/ros2_test/AD_Middle_Test/ros2/install/turtlesim/lib:/ros2_test/AD_Middle_Test/ros2/install/test_interfaces/lib:/opt/ros/foxy/opt/yaml_cpp_vendor/lib:/opt/ros/foxy/opt/rviz_ogre_vendor/lib:/opt/ros/foxy/lib'), ('HOME', '/root'), ('OLDPWD', '/ros2_test/AD_Middle_Test/ros2/src/simple_s'), ('ROS_PYTHON_VERSION', '3'), ('COLCON_PREFIX_PATH', '/ros2_test/AD_Middle_Test/ros2/src/install:/ros2_test/AD_Middle_Test/ros2/install:/opt/ros/foxy'), ('ROS_DISTRO', 'foxy'), ('_', '/usr/bin/colcon'), ('ROS_VERSION', '2'), ('PKG_CONFIG_PATH', '/opt/ros/foxy/lib/x86_64-linux-gnu/pkgconfig:/opt/ros/foxy/lib/pkgconfig'), ('TERM', 'xterm'), ('ROS_LOCALHOST_ONLY', '0'), ('PATH', '/opt/ros/foxy/bin:/usr/local/sbin:/usr/local/bin:/usr/sbin:/usr/bin:/sbin:/bin'), ('LANG', 'C.UTF-8'), ('LS_COLORS', 'rs=0:di=01;34:ln=01;36:mh=00:pi=40;33:so=01;35:do=01;35:bd=40;33;01:cd=40;33;01:or=40;31;01:mi=00:su=37;41:sg=30;43:ca=30;41:tw=30;42:ow=34;42:st=37;44:ex=01;32:*.tar=01;31:*.tgz=01;31:*.arc=01;31:*.arj=01;31:*.taz=01;31:*.lha=01;31:*.lz4=01;31:*.lzh=01;31:*.lzma=01;31:*.tlz=01;31:*.txz=01;31:*.tzo=01;31:*.t7z=01;31:*.zip=01;31:*.z=01;31:*.dz=01;31:*.gz=01;31:*.lrz=01;31:*.lz=01;31:*.lzo=01;31:*.xz=01;31:*.zst=01;31:*.tzst=01;31:*.bz2=01;31:*.bz=01;31:*.tbz=01;31:*.tbz2=01;31:*.tz=01;31:*.deb=01;31:*.rpm=01;31:*.jar=01;31:*.war=01;31:*.ear=01;31:*.sar=01;31:*.rar=01;31:*.alz=01;31:*.ace=01;31:*.zoo=01;31:*.cpio=01;31:*.7z=01;31:*.rz=01;31:*.cab=01;31:*.wim=01;31:*.swm=01;31:*.dwm=01;31:*.esd=01;31:*.jpg=01;35:*.jpeg=01;35:*.mjpg=01;35:*.mjpeg=01;35:*.gif=01;35:*.bmp=01;35:*.pbm=01;35:*.pgm=01;35:*.ppm=01;35:*.tga=01;35:*.xbm=01;35:*.xpm=01;35:*.tif=01;35:*.tiff=01;35:*.png=01;35:*.svg=01;35:*.svgz=01;35:*.mng=01;35:*.pcx=01;35:*.mov=01;35:*.mpg=01;35:*.mpeg=01;35:*.m2v=01;35:*.mkv=01;35:*.webm=01;35:*.ogm=01;35:*.mp4=01;35:*.m4v=01;35:*.mp4v=01;35:*.vob=01;35:*.qt=01;35:*.nuv=01;35:*.wmv=01;35:*.asf=01;35:*.rm=01;35:*.rmvb=01;35:*.flc=01;35:*.avi=01;35:*.fli=01;35:*.flv=01;35:*.gl=01;35:*.dl=01;35:*.xcf=01;35:*.xwd=01;35:*.yuv=01;35:*.cgm=01;35:*.emf=01;35:*.ogv=01;35:*.ogx=01;35:*.aac=00;36:*.au=00;36:*.flac=00;36:*.m4a=00;36:*.mid=00;36:*.midi=00;36:*.mka=00;36:*.mp3=00;36:*.mpc=00;36:*.ogg=00;36:*.ra=00;36:*.wav=00;36:*.oga=00;36:*.opus=00;36:*.spx=00;36:*.xspf=00;36:'), ('ROSDISTRO_INDEX_URL', 'https://raw.githubusercontent.com/osrf/docker_images/master/ros2/nightly/nightly/index-v4.yaml'), ('AMENT_PREFIX_PATH', '/ros2_test/AD_Middle_Test/ros2/src/install/turtlesim:/ros2_test/AD_Middle_Test/ros2/src/install/simple_s:/ros2_test/AD_Middle_Test/ros2/src/install/test_interfaces:/ros2_test/AD_Middle_Test/ros2/src/install/detect_s:/ros2_test/AD_Middle_Test/ros2/install/turtlesim:/ros2_test/AD_Middle_Test/ros2/install/simple_s:/ros2_test/AD_Middle_Test/ros2/install/test_interfaces:/ros2_test/AD_Middle_Test/ros2/install/detect_s:/opt/ros/foxy'), ('LESSCLOSE', '/usr/bin/lesspipe %s %s'), ('PWD', '/ros2_test/AD_Middle_Test/ros2/src/build/detect_s'), ('LC_ALL', 'C.UTF-8'), ('PYTHONPATH', '/ros2_test/AD_Middle_Test/ros2/src/install/turtlesim/lib/python3.8/site-packages:/ros2_test/AD_Middle_Test/ros2/src/install/test_interfaces/lib/python3.8/site-packages:/ros2_test/AD_Middle_Test/ros2/install/turtlesim/lib/python3.8/site-packages:/ros2_test/AD_Middle_Test/ros2/install/test_interfaces/lib/python3.8/site-packages:/opt/ros/foxy/lib/python3.8/site-packages'), ('COLCON', '1'), ('CMAKE_PREFIX_PATH', '/ros2_test/AD_Middle_Test/ros2/src/install/turtlesim:/ros2_test/AD_Middle_Test/ros2/src/install/simple_s:/ros2_test/AD_Middle_Test/ros2/src/install/test_interfaces:/ros2_test/AD_Middle_Test/ros2/src/install/detect_s:/ros2_test/AD_Middle_Test/ros2/install/turtlesim:/ros2_test/AD_Middle_Test/ros2/install/simple_s:/ros2_test/AD_Middle_Test/ros2/install/test_interfaces:/ros2_test/AD_Middle_Test/ros2/install/detect_s:/opt/ros/foxy')]), 'shell': False}
[0.071291] (turtlesim) JobProgress: {'identifier': 'turtlesim', 'progress': 'cmake'}
[0.072451] (turtlesim) JobProgress: {'identifier': 'turtlesim', 'progress': 'build'}
[0.073237] (turtlesim) Command: {'cmd': ['/usr/bin/cmake', '--build', '/ros2_test/AD_Middle_Test/ros2/src/build/turtlesim', '--', '-j5', '-l5'], 'cwd': '/ros2_test/AD_Middle_Test/ros2/src/build/turtlesim', 'env': OrderedDict([('LESSOPEN', '| /usr/bin/lesspipe %s'), ('HOSTNAME', '3d2cb9766238'), ('ROS_PACKAGE_PATH', '/opt/ros/foxy/share'), ('SHLVL', '1'), ('LD_LIBRARY_PATH', '/ros2_test/AD_Middle_Test/ros2/src/install/turtlesim/lib:/ros2_test/AD_Middle_Test/ros2/src/install/test_interfaces/lib:/ros2_test/AD_Middle_Test/ros2/install/turtlesim/lib:/ros2_test/AD_Middle_Test/ros2/install/test_interfaces/lib:/opt/ros/foxy/opt/yaml_cpp_vendor/lib:/opt/ros/foxy/opt/rviz_ogre_vendor/lib:/opt/ros/foxy/lib'), ('HOME', '/root'), ('OLDPWD', '/ros2_test/AD_Middle_Test/ros2/src/simple_s'), ('ROS_PYTHON_VERSION', '3'), ('COLCON_PREFIX_PATH', '/ros2_test/AD_Middle_Test/ros2/src/install:/ros2_test/AD_Middle_Test/ros2/install:/opt/ros/foxy'), ('ROS_DISTRO', 'foxy'), ('_', '/usr/bin/colcon'), ('ROS_VERSION', '2'), ('PKG_CONFIG_PATH', '/opt/ros/foxy/lib/x86_64-linux-gnu/pkgconfig:/opt/ros/foxy/lib/pkgconfig'), ('TERM', 'xterm'), ('ROS_LOCALHOST_ONLY', '0'), ('PATH', '/opt/ros/foxy/bin:/usr/local/sbin:/usr/local/bin:/usr/sbin:/usr/bin:/sbin:/bin'), ('LANG', 'C.UTF-8'), ('LS_COLORS', 'rs=0:di=01;34:ln=01;36:mh=00:pi=40;33:so=01;35:do=01;35:bd=40;33;01:cd=40;33;01:or=40;31;01:mi=00:su=37;41:sg=30;43:ca=30;41:tw=30;42:ow=34;42:st=37;44:ex=01;32:*.tar=01;31:*.tgz=01;31:*.arc=01;31:*.arj=01;31:*.taz=01;31:*.lha=01;31:*.lz4=01;31:*.lzh=01;31:*.lzma=01;31:*.tlz=01;31:*.txz=01;31:*.tzo=01;31:*.t7z=01;31:*.zip=01;31:*.z=01;31:*.dz=01;31:*.gz=01;31:*.lrz=01;31:*.lz=01;31:*.lzo=01;31:*.xz=01;31:*.zst=01;31:*.tzst=01;31:*.bz2=01;31:*.bz=01;31:*.tbz=01;31:*.tbz2=01;31:*.tz=01;31:*.deb=01;31:*.rpm=01;31:*.jar=01;31:*.war=01;31:*.ear=01;31:*.sar=01;31:*.rar=01;31:*.alz=01;31:*.ace=01;31:*.zoo=01;31:*.cpio=01;31:*.7z=01;31:*.rz=01;31:*.cab=01;31:*.wim=01;31:*.swm=01;31:*.dwm=01;31:*.esd=01;31:*.jpg=01;35:*.jpeg=01;35:*.mjpg=01;35:*.mjpeg=01;35:*.gif=01;35:*.bmp=01;35:*.pbm=01;35:*.pgm=01;35:*.ppm=01;35:*.tga=01;35:*.xbm=01;35:*.xpm=01;35:*.tif=01;35:*.tiff=01;35:*.png=01;35:*.svg=01;35:*.svgz=01;35:*.mng=01;35:*.pcx=01;35:*.mov=01;35:*.mpg=01;35:*.mpeg=01;35:*.m2v=01;35:*.mkv=01;35:*.webm=01;35:*.ogm=01;35:*.mp4=01;35:*.m4v=01;35:*.mp4v=01;35:*.vob=01;35:*.qt=01;35:*.nuv=01;35:*.wmv=01;35:*.asf=01;35:*.rm=01;35:*.rmvb=01;35:*.flc=01;35:*.avi=01;35:*.fli=01;35:*.flv=01;35:*.gl=01;35:*.dl=01;35:*.xcf=01;35:*.xwd=01;35:*.yuv=01;35:*.cgm=01;35:*.emf=01;35:*.ogv=01;35:*.ogx=01;35:*.aac=00;36:*.au=00;36:*.flac=00;36:*.m4a=00;36:*.mid=00;36:*.midi=00;36:*.mka=00;36:*.mp3=00;36:*.mpc=00;36:*.ogg=00;36:*.ra=00;36:*.wav=00;36:*.oga=00;36:*.opus=00;36:*.spx=00;36:*.xspf=00;36:'), ('ROSDISTRO_INDEX_URL', 'https://raw.githubusercontent.com/osrf/docker_images/master/ros2/nightly/nightly/index-v4.yaml'), ('AMENT_PREFIX_PATH', '/ros2_test/AD_Middle_Test/ros2/src/install/turtlesim:/ros2_test/AD_Middle_Test/ros2/src/install/simple_s:/ros2_test/AD_Middle_Test/ros2/src/install/test_interfaces:/ros2_test/AD_Middle_Test/ros2/src/install/detect_s:/ros2_test/AD_Middle_Test/ros2/install/turtlesim:/ros2_test/AD_Middle_Test/ros2/install/simple_s:/ros2_test/AD_Middle_Test/ros2/install/test_interfaces:/ros2_test/AD_Middle_Test/ros2/install/detect_s:/opt/ros/foxy'), ('LESSCLOSE', '/usr/bin/lesspipe %s %s'), ('PWD', '/ros2_test/AD_Middle_Test/ros2/src/build/turtlesim'), ('LC_ALL', 'C.UTF-8'), ('PYTHONPATH', '/ros2_test/AD_Middle_Test/ros2/src/install/turtlesim/lib/python3.8/site-packages:/ros2_test/AD_Middle_Test/ros2/src/install/test_interfaces/lib/python3.8/site-packages:/ros2_test/AD_Middle_Test/ros2/install/turtlesim/lib/python3.8/site-packages:/ros2_test/AD_Middle_Test/ros2/install/test_interfaces/lib/python3.8/site-packages:/opt/ros/foxy/lib/python3.8/site-packages'), ('COLCON', '1'), ('CMAKE_PREFIX_PATH', '/ros2_test/AD_Middle_Test/ros2/src/install/turtlesim:/ros2_test/AD_Middle_Test/ros2/src/install/simple_s:/ros2_test/AD_Middle_Test/ros2/src/install/test_interfaces:/ros2_test/AD_Middle_Test/ros2/src/install/detect_s:/ros2_test/AD_Middle_Test/ros2/install/turtlesim:/ros2_test/AD_Middle_Test/ros2/install/simple_s:/ros2_test/AD_Middle_Test/ros2/install/test_interfaces:/ros2_test/AD_Middle_Test/ros2/install/detect_s:/opt/ros/foxy')]), 'shell': False}
[0.099663] (-) TimerEvent: {}
[0.108004] (test_interfaces) StdoutLine: {'line': b'-- Found ament_cmake: 0.8.1 (/opt/ros/foxy/share/ament_cmake/cmake)\n'}
[0.128095] (detect_s) StdoutLine: {'line': b'\x1b[35m\x1b[1mScanning dependencies of target cameraTimer\x1b[0m\n'}
[0.145039] (test_interfaces) StdoutLine: {'line': b'-- Found PythonInterp: /usr/bin/python3 (found suitable version "3.8.2", minimum required is "3") \n'}
[0.145387] (test_interfaces) StdoutLine: {'line': b'-- Using PYTHON_EXECUTABLE: /usr/bin/python3\n'}
[0.157337] (turtlesim) StdoutLine: {'line': b'[  1%] Built target turtlesim__cpp\n'}
[0.157679] (detect_s) StdoutLine: {'line': b'[ 50%] Built target yoloDetect\n'}
[0.161437] (turtlesim) StdoutLine: {'line': b'[ 11%] Built target turtlesim__rosidl_generator_c\n'}
[0.196120] (detect_s) StdoutLine: {'line': b'[ 75%] \x1b[32mBuilding CXX object CMakeFiles/cameraTimer.dir/src/CameraTimer.cpp.o\x1b[0m\n'}
[0.199740] (-) TimerEvent: {}
[0.203610] (turtlesim) StdoutLine: {'line': b'[ 21%] Built target turtlesim__rosidl_typesupport_cpp\n'}
[0.209280] (turtlesim) StdoutLine: {'line': b'[ 31%] Built target turtlesim__rosidl_typesupport_introspection_cpp\n'}
[0.213880] (turtlesim) StdoutLine: {'line': b'[ 41%] Built target turtlesim__rosidl_typesupport_introspection_c\n'}
[0.216851] (turtlesim) StdoutLine: {'line': b'[ 51%] Built target turtlesim__rosidl_typesupport_fastrtps_cpp\n'}
[0.220670] (turtlesim) StdoutLine: {'line': b'[ 61%] Built target turtlesim__rosidl_typesupport_c\n'}
[0.260909] (turtlesim) StdoutLine: {'line': b'[ 71%] Built target turtlesim__rosidl_typesupport_fastrtps_c\n'}
[0.289863] (turtlesim) StdoutLine: {'line': b'[ 71%] Built target turtlesim\n'}
[0.299832] (-) TimerEvent: {}
[0.336208] (turtlesim) StdoutLine: {'line': b'[ 72%] Built target turtlesim__py\n'}
[0.338694] (turtlesim) StdoutLine: {'line': b'[ 74%] Built target mimic\n'}
[0.356760] (turtlesim) StdoutLine: {'line': b'[ 76%] Built target draw_square\n'}
[0.363707] (turtlesim) StdoutLine: {'line': b'[ 78%] Built target turtle_teleop_key\n'}
[0.384222] (turtlesim) StdoutLine: {'line': b'[ 84%] Built target turtlesim_node\n'}
[0.399925] (-) TimerEvent: {}
[0.403342] (turtlesim) StdoutLine: {'line': b'[ 93%] Built target turtlesim__python\n'}
[0.443344] (turtlesim) StdoutLine: {'line': b'[ 98%] Built target turtlesim__rosidl_typesupport_c__pyext\n'}
[0.443615] (turtlesim) StdoutLine: {'line': b'[ 98%] Built target turtlesim__rosidl_typesupport_introspection_c__pyext\n'}
[0.443775] (turtlesim) StdoutLine: {'line': b'[100%] Built target turtlesim__rosidl_typesupport_fastrtps_c__pyext\n'}
[0.459857] (turtlesim) CommandEnded: {'returncode': 0}
[0.475893] (test_interfaces) StdoutLine: {'line': b'-- Found rosidl_default_generators: 0.8.0 (/opt/ros/foxy/share/rosidl_default_generators/cmake)\n'}
[0.500009] (-) TimerEvent: {}
[0.548060] (test_interfaces) StdoutLine: {'line': b'-- Could not find RTI Connext - skipping rosidl_typesupport_connext_c\n'}
[0.572256] (test_interfaces) StdoutLine: {'line': b'-- Found rosidl_adapter: 0.8.2 (/opt/ros/foxy/share/rosidl_adapter/cmake)\n'}
[0.582254] (test_interfaces) StdoutLine: {'line': b'-- Could not find RTI Connext - skipping rosidl_typesupport_connext_cpp\n'}
[0.600087] (-) TimerEvent: {}
[0.691375] (turtlesim) JobProgress: {'identifier': 'turtlesim', 'progress': 'install'}
[0.700257] (-) TimerEvent: {}
[0.707609] (turtlesim) Command: {'cmd': ['/usr/bin/cmake', '--install', '/ros2_test/AD_Middle_Test/ros2/src/build/turtlesim'], 'cwd': '/ros2_test/AD_Middle_Test/ros2/src/build/turtlesim', 'env': OrderedDict([('LESSOPEN', '| /usr/bin/lesspipe %s'), ('HOSTNAME', '3d2cb9766238'), ('ROS_PACKAGE_PATH', '/opt/ros/foxy/share'), ('SHLVL', '1'), ('LD_LIBRARY_PATH', '/ros2_test/AD_Middle_Test/ros2/src/install/turtlesim/lib:/ros2_test/AD_Middle_Test/ros2/src/install/test_interfaces/lib:/ros2_test/AD_Middle_Test/ros2/install/turtlesim/lib:/ros2_test/AD_Middle_Test/ros2/install/test_interfaces/lib:/opt/ros/foxy/opt/yaml_cpp_vendor/lib:/opt/ros/foxy/opt/rviz_ogre_vendor/lib:/opt/ros/foxy/lib'), ('HOME', '/root'), ('OLDPWD', '/ros2_test/AD_Middle_Test/ros2/src/simple_s'), ('ROS_PYTHON_VERSION', '3'), ('COLCON_PREFIX_PATH', '/ros2_test/AD_Middle_Test/ros2/src/install:/ros2_test/AD_Middle_Test/ros2/install:/opt/ros/foxy'), ('ROS_DISTRO', 'foxy'), ('_', '/usr/bin/colcon'), ('ROS_VERSION', '2'), ('PKG_CONFIG_PATH', '/opt/ros/foxy/lib/x86_64-linux-gnu/pkgconfig:/opt/ros/foxy/lib/pkgconfig'), ('TERM', 'xterm'), ('ROS_LOCALHOST_ONLY', '0'), ('PATH', '/opt/ros/foxy/bin:/usr/local/sbin:/usr/local/bin:/usr/sbin:/usr/bin:/sbin:/bin'), ('LANG', 'C.UTF-8'), ('LS_COLORS', 'rs=0:di=01;34:ln=01;36:mh=00:pi=40;33:so=01;35:do=01;35:bd=40;33;01:cd=40;33;01:or=40;31;01:mi=00:su=37;41:sg=30;43:ca=30;41:tw=30;42:ow=34;42:st=37;44:ex=01;32:*.tar=01;31:*.tgz=01;31:*.arc=01;31:*.arj=01;31:*.taz=01;31:*.lha=01;31:*.lz4=01;31:*.lzh=01;31:*.lzma=01;31:*.tlz=01;31:*.txz=01;31:*.tzo=01;31:*.t7z=01;31:*.zip=01;31:*.z=01;31:*.dz=01;31:*.gz=01;31:*.lrz=01;31:*.lz=01;31:*.lzo=01;31:*.xz=01;31:*.zst=01;31:*.tzst=01;31:*.bz2=01;31:*.bz=01;31:*.tbz=01;31:*.tbz2=01;31:*.tz=01;31:*.deb=01;31:*.rpm=01;31:*.jar=01;31:*.war=01;31:*.ear=01;31:*.sar=01;31:*.rar=01;31:*.alz=01;31:*.ace=01;31:*.zoo=01;31:*.cpio=01;31:*.7z=01;31:*.rz=01;31:*.cab=01;31:*.wim=01;31:*.swm=01;31:*.dwm=01;31:*.esd=01;31:*.jpg=01;35:*.jpeg=01;35:*.mjpg=01;35:*.mjpeg=01;35:*.gif=01;35:*.bmp=01;35:*.pbm=01;35:*.pgm=01;35:*.ppm=01;35:*.tga=01;35:*.xbm=01;35:*.xpm=01;35:*.tif=01;35:*.tiff=01;35:*.png=01;35:*.svg=01;35:*.svgz=01;35:*.mng=01;35:*.pcx=01;35:*.mov=01;35:*.mpg=01;35:*.mpeg=01;35:*.m2v=01;35:*.mkv=01;35:*.webm=01;35:*.ogm=01;35:*.mp4=01;35:*.m4v=01;35:*.mp4v=01;35:*.vob=01;35:*.qt=01;35:*.nuv=01;35:*.wmv=01;35:*.asf=01;35:*.rm=01;35:*.rmvb=01;35:*.flc=01;35:*.avi=01;35:*.fli=01;35:*.flv=01;35:*.gl=01;35:*.dl=01;35:*.xcf=01;35:*.xwd=01;35:*.yuv=01;35:*.cgm=01;35:*.emf=01;35:*.ogv=01;35:*.ogx=01;35:*.aac=00;36:*.au=00;36:*.flac=00;36:*.m4a=00;36:*.mid=00;36:*.midi=00;36:*.mka=00;36:*.mp3=00;36:*.mpc=00;36:*.ogg=00;36:*.ra=00;36:*.wav=00;36:*.oga=00;36:*.opus=00;36:*.spx=00;36:*.xspf=00;36:'), ('ROSDISTRO_INDEX_URL', 'https://raw.githubusercontent.com/osrf/docker_images/master/ros2/nightly/nightly/index-v4.yaml'), ('AMENT_PREFIX_PATH', '/ros2_test/AD_Middle_Test/ros2/src/install/turtlesim:/ros2_test/AD_Middle_Test/ros2/src/install/simple_s:/ros2_test/AD_Middle_Test/ros2/src/install/test_interfaces:/ros2_test/AD_Middle_Test/ros2/src/install/detect_s:/ros2_test/AD_Middle_Test/ros2/install/turtlesim:/ros2_test/AD_Middle_Test/ros2/install/simple_s:/ros2_test/AD_Middle_Test/ros2/install/test_interfaces:/ros2_test/AD_Middle_Test/ros2/install/detect_s:/opt/ros/foxy'), ('LESSCLOSE', '/usr/bin/lesspipe %s %s'), ('PWD', '/ros2_test/AD_Middle_Test/ros2/src/build/turtlesim'), ('LC_ALL', 'C.UTF-8'), ('PYTHONPATH', '/ros2_test/AD_Middle_Test/ros2/src/install/turtlesim/lib/python3.8/site-packages:/ros2_test/AD_Middle_Test/ros2/src/install/test_interfaces/lib/python3.8/site-packages:/ros2_test/AD_Middle_Test/ros2/install/turtlesim/lib/python3.8/site-packages:/ros2_test/AD_Middle_Test/ros2/install/test_interfaces/lib/python3.8/site-packages:/opt/ros/foxy/lib/python3.8/site-packages'), ('COLCON', '1'), ('CMAKE_PREFIX_PATH', '/ros2_test/AD_Middle_Test/ros2/src/install/turtlesim:/ros2_test/AD_Middle_Test/ros2/src/install/simple_s:/ros2_test/AD_Middle_Test/ros2/src/install/test_interfaces:/ros2_test/AD_Middle_Test/ros2/src/install/detect_s:/ros2_test/AD_Middle_Test/ros2/install/turtlesim:/ros2_test/AD_Middle_Test/ros2/install/simple_s:/ros2_test/AD_Middle_Test/ros2/install/test_interfaces:/ros2_test/AD_Middle_Test/ros2/install/detect_s:/opt/ros/foxy')]), 'shell': False}
[0.723307] (turtlesim) StdoutLine: {'line': b'-- Install configuration: ""\n'}
[0.723611] (turtlesim) StdoutLine: {'line': b'-- Up-to-date: /ros2_test/AD_Middle_Test/ros2/src/install/turtlesim/share/ament_index/resource_index/rosidl_interfaces/turtlesim\n'}
[0.723811] (turtlesim) StdoutLine: {'line': b'-- Up-to-date: /ros2_test/AD_Middle_Test/ros2/src/install/turtlesim/lib/libturtlesim__rosidl_typesupport_c.so\n'}
[0.724218] (turtlesim) StdoutLine: {'line': b'-- Up-to-date: /ros2_test/AD_Middle_Test/ros2/src/install/turtlesim/share/turtlesim/environment/library_path.sh\n'}
[0.724412] (turtlesim) StdoutLine: {'line': b'-- Up-to-date: /ros2_test/AD_Middle_Test/ros2/src/install/turtlesim/share/turtlesim/environment/library_path.dsv\n'}
[0.724630] (turtlesim) StdoutLine: {'line': b'-- Up-to-date: /ros2_test/AD_Middle_Test/ros2/src/install/turtlesim/lib/libturtlesim__rosidl_typesupport_cpp.so\n'}
[0.725026] (turtlesim) StdoutLine: {'line': b'-- Up-to-date: /ros2_test/AD_Middle_Test/ros2/src/install/turtlesim/include/turtlesim\n'}
[0.725276] (turtlesim) StdoutLine: {'line': b'-- Up-to-date: /ros2_test/AD_Middle_Test/ros2/src/install/turtlesim/include/turtlesim/msg\n'}
[0.725584] (turtlesim) StdoutLine: {'line': b'-- Up-to-date: /ros2_test/AD_Middle_Test/ros2/src/install/turtlesim/include/turtlesim/msg/rosidl_typesupport_introspection_c__visibility_control.h\n'}
[0.725874] (turtlesim) StdoutLine: {'line': b'-- Up-to-date: /ros2_test/AD_Middle_Test/ros2/src/install/turtlesim/include/turtlesim/msg/detail\n'}
[0.726053] (turtlesim) StdoutLine: {'line': b'-- Up-to-date: /ros2_test/AD_Middle_Test/ros2/src/install/turtlesim/include/turtlesim/msg/detail/pose__type_support.c\n'}
[0.726194] (turtlesim) StdoutLine: {'line': b'-- Up-to-date: /ros2_test/AD_Middle_Test/ros2/src/install/turtlesim/include/turtlesim/msg/detail/pose__rosidl_typesupport_introspection_c.h\n'}
[0.726333] (turtlesim) StdoutLine: {'line': b'-- Up-to-date: /ros2_test/AD_Middle_Test/ros2/src/install/turtlesim/include/turtlesim/msg/detail/color__rosidl_typesupport_introspection_c.h\n'}
[0.726471] (turtlesim) StdoutLine: {'line': b'-- Up-to-date: /ros2_test/AD_Middle_Test/ros2/src/install/turtlesim/include/turtlesim/msg/detail/color__type_support.c\n'}
[0.726609] (turtlesim) StdoutLine: {'line': b'-- Up-to-date: /ros2_test/AD_Middle_Test/ros2/src/install/turtlesim/include/turtlesim/srv\n'}
[0.726747] (turtlesim) StdoutLine: {'line': b'-- Up-to-date: /ros2_test/AD_Middle_Test/ros2/src/install/turtlesim/include/turtlesim/srv/detail\n'}
[0.726897] (turtlesim) StdoutLine: {'line': b'-- Up-to-date: /ros2_test/AD_Middle_Test/ros2/src/install/turtlesim/include/turtlesim/srv/detail/set_pen__rosidl_typesupport_introspection_c.h\n'}
[0.727035] (turtlesim) StdoutLine: {'line': b'-- Up-to-date: /ros2_test/AD_Middle_Test/ros2/src/install/turtlesim/include/turtlesim/srv/detail/teleport_absolute__rosidl_typesupport_introspection_c.h\n'}
[0.727173] (turtlesim) StdoutLine: {'line': b'-- Up-to-date: /ros2_test/AD_Middle_Test/ros2/src/install/turtlesim/include/turtlesim/srv/detail/set_pen__type_support.c\n'}
[0.727311] (turtlesim) StdoutLine: {'line': b'-- Up-to-date: /ros2_test/AD_Middle_Test/ros2/src/install/turtlesim/include/turtlesim/srv/detail/teleport_relative__type_support.c\n'}
[0.727449] (turtlesim) StdoutLine: {'line': b'-- Up-to-date: /ros2_test/AD_Middle_Test/ros2/src/install/turtlesim/include/turtlesim/srv/detail/spawn__type_support.c\n'}
[0.727593] (turtlesim) StdoutLine: {'line': b'-- Up-to-date: /ros2_test/AD_Middle_Test/ros2/src/install/turtlesim/include/turtlesim/srv/detail/teleport_absolute__type_support.c\n'}
[0.727732] (turtlesim) StdoutLine: {'line': b'-- Up-to-date: /ros2_test/AD_Middle_Test/ros2/src/install/turtlesim/include/turtlesim/srv/detail/kill__type_support.c\n'}
[0.727870] (turtlesim) StdoutLine: {'line': b'-- Up-to-date: /ros2_test/AD_Middle_Test/ros2/src/install/turtlesim/include/turtlesim/srv/detail/teleport_relative__rosidl_typesupport_introspection_c.h\n'}
[0.728008] (turtlesim) StdoutLine: {'line': b'-- Up-to-date: /ros2_test/AD_Middle_Test/ros2/src/install/turtlesim/include/turtlesim/srv/detail/kill__rosidl_typesupport_introspection_c.h\n'}
[0.728155] (turtlesim) StdoutLine: {'line': b'-- Up-to-date: /ros2_test/AD_Middle_Test/ros2/src/install/turtlesim/include/turtlesim/srv/detail/spawn__rosidl_typesupport_introspection_c.h\n'}
[0.728294] (turtlesim) StdoutLine: {'line': b'-- Up-to-date: /ros2_test/AD_Middle_Test/ros2/src/install/turtlesim/include/turtlesim/action\n'}
[0.728431] (turtlesim) StdoutLine: {'line': b'-- Up-to-date: /ros2_test/AD_Middle_Test/ros2/src/install/turtlesim/include/turtlesim/action/detail\n'}
[0.728631] (turtlesim) StdoutLine: {'line': b'-- Up-to-date: /ros2_test/AD_Middle_Test/ros2/src/install/turtlesim/include/turtlesim/action/detail/rotate_absolute__rosidl_typesupport_introspection_c.h\n'}
[0.729152] (turtlesim) StdoutLine: {'line': b'-- Up-to-date: /ros2_test/AD_Middle_Test/ros2/src/install/turtlesim/include/turtlesim/action/detail/rotate_absolute__type_support.c\n'}
[0.729306] (turtlesim) StdoutLine: {'line': b'-- Up-to-date: /ros2_test/AD_Middle_Test/ros2/src/install/turtlesim/lib/libturtlesim__rosidl_typesupport_introspection_c.so\n'}
[0.729809] (turtlesim) StdoutLine: {'line': b'-- Up-to-date: /ros2_test/AD_Middle_Test/ros2/src/install/turtlesim/include/turtlesim\n'}
[0.729956] (turtlesim) StdoutLine: {'line': b'-- Up-to-date: /ros2_test/AD_Middle_Test/ros2/src/install/turtlesim/include/turtlesim/msg\n'}
[0.730096] (turtlesim) StdoutLine: {'line': b'-- Up-to-date: /ros2_test/AD_Middle_Test/ros2/src/install/turtlesim/include/turtlesim/msg/detail\n'}
[0.730335] (turtlesim) StdoutLine: {'line': b'-- Up-to-date: /ros2_test/AD_Middle_Test/ros2/src/install/turtlesim/include/turtlesim/msg/detail/color__type_support.cpp\n'}
[0.730664] (turtlesim) StdoutLine: {'line': b'-- Up-to-date: /ros2_test/AD_Middle_Test/ros2/src/install/turtlesim/include/turtlesim/msg/detail/color__rosidl_typesupport_introspection_cpp.hpp\n'}
[0.730887] (turtlesim) StdoutLine: {'line': b'-- Up-to-date: /ros2_test/AD_Middle_Test/ros2/src/install/turtlesim/include/turtlesim/msg/detail/pose__type_support.cpp\n'}
[0.731028] (turtlesim) StdoutLine: {'line': b'-- Up-to-date: /ros2_test/AD_Middle_Test/ros2/src/install/turtlesim/include/turtlesim/msg/detail/pose__rosidl_typesupport_introspection_cpp.hpp\n'}
[0.731167] (turtlesim) StdoutLine: {'line': b'-- Up-to-date: /ros2_test/AD_Middle_Test/ros2/src/install/turtlesim/include/turtlesim/srv\n'}
[0.731345] (turtlesim) StdoutLine: {'line': b'-- Up-to-date: /ros2_test/AD_Middle_Test/ros2/src/install/turtlesim/include/turtlesim/srv/detail\n'}
[0.731494] (turtlesim) StdoutLine: {'line': b'-- Up-to-date: /ros2_test/AD_Middle_Test/ros2/src/install/turtlesim/include/turtlesim/srv/detail/kill__type_support.cpp\n'}
[0.731634] (turtlesim) StdoutLine: {'line': b'-- Up-to-date: /ros2_test/AD_Middle_Test/ros2/src/install/turtlesim/include/turtlesim/srv/detail/kill__rosidl_typesupport_introspection_cpp.hpp\n'}
[0.732011] (turtlesim) StdoutLine: {'line': b'-- Up-to-date: /ros2_test/AD_Middle_Test/ros2/src/install/turtlesim/include/turtlesim/srv/detail/teleport_relative__rosidl_typesupport_introspection_cpp.hpp\n'}
[0.732312] (turtlesim) StdoutLine: {'line': b'-- Up-to-date: /ros2_test/AD_Middle_Test/ros2/src/install/turtlesim/include/turtlesim/srv/detail/teleport_absolute__type_support.cpp\n'}
[0.732619] (turtlesim) StdoutLine: {'line': b'-- Up-to-date: /ros2_test/AD_Middle_Test/ros2/src/install/turtlesim/include/turtlesim/srv/detail/set_pen__type_support.cpp\n'}
[0.732923] (turtlesim) StdoutLine: {'line': b'-- Up-to-date: /ros2_test/AD_Middle_Test/ros2/src/install/turtlesim/include/turtlesim/srv/detail/spawn__rosidl_typesupport_introspection_cpp.hpp\n'}
[0.733214] (turtlesim) StdoutLine: {'line': b'-- Up-to-date: /ros2_test/AD_Middle_Test/ros2/src/install/turtlesim/include/turtlesim/srv/detail/spawn__type_support.cpp\n'}
[0.733491] (turtlesim) StdoutLine: {'line': b'-- Up-to-date: /ros2_test/AD_Middle_Test/ros2/src/install/turtlesim/include/turtlesim/srv/detail/teleport_absolute__rosidl_typesupport_introspection_cpp.hpp\n'}
[0.733636] (turtlesim) StdoutLine: {'line': b'-- Up-to-date: /ros2_test/AD_Middle_Test/ros2/src/install/turtlesim/include/turtlesim/srv/detail/teleport_relative__type_support.cpp\n'}
[0.733775] (turtlesim) StdoutLine: {'line': b'-- Up-to-date: /ros2_test/AD_Middle_Test/ros2/src/install/turtlesim/include/turtlesim/srv/detail/set_pen__rosidl_typesupport_introspection_cpp.hpp\n'}
[0.733942] (turtlesim) StdoutLine: {'line': b'-- Up-to-date: /ros2_test/AD_Middle_Test/ros2/src/install/turtlesim/include/turtlesim/action\n'}
[0.734082] (turtlesim) StdoutLine: {'line': b'-- Up-to-date: /ros2_test/AD_Middle_Test/ros2/src/install/turtlesim/include/turtlesim/action/detail\n'}
[0.734248] (turtlesim) StdoutLine: {'line': b'-- Up-to-date: /ros2_test/AD_Middle_Test/ros2/src/install/turtlesim/include/turtlesim/action/detail/rotate_absolute__rosidl_typesupport_introspection_cpp.hpp\n'}
[0.734533] (turtlesim) StdoutLine: {'line': b'-- Up-to-date: /ros2_test/AD_Middle_Test/ros2/src/install/turtlesim/include/turtlesim/action/detail/rotate_absolute__type_support.cpp\n'}
[0.734823] (turtlesim) StdoutLine: {'line': b'-- Up-to-date: /ros2_test/AD_Middle_Test/ros2/src/install/turtlesim/lib/libturtlesim__rosidl_typesupport_introspection_cpp.so\n'}
[0.735103] (turtlesim) StdoutLine: {'line': b'-- Up-to-date: /ros2_test/AD_Middle_Test/ros2/src/install/turtlesim/include/turtlesim\n'}
[0.735393] (turtlesim) StdoutLine: {'line': b'-- Up-to-date: /ros2_test/AD_Middle_Test/ros2/src/install/turtlesim/include/turtlesim/msg\n'}
[0.735653] (turtlesim) StdoutLine: {'line': b'-- Up-to-date: /ros2_test/AD_Middle_Test/ros2/src/install/turtlesim/include/turtlesim/msg/color__rosidl_typesupport_fastrtps_c.h\n'}
[0.735860] (turtlesim) StdoutLine: {'line': b'-- Up-to-date: /ros2_test/AD_Middle_Test/ros2/src/install/turtlesim/include/turtlesim/msg/pose__rosidl_typesupport_fastrtps_c.h\n'}
[0.736029] (turtlesim) StdoutLine: {'line': b'-- Up-to-date: /ros2_test/AD_Middle_Test/ros2/src/install/turtlesim/include/turtlesim/msg/rosidl_typesupport_fastrtps_c__visibility_control.h\n'}
[0.736195] (turtlesim) StdoutLine: {'line': b'-- Up-to-date: /ros2_test/AD_Middle_Test/ros2/src/install/turtlesim/include/turtlesim/srv\n'}
[0.736334] (turtlesim) StdoutLine: {'line': b'-- Up-to-date: /ros2_test/AD_Middle_Test/ros2/src/install/turtlesim/include/turtlesim/srv/teleport_absolute__rosidl_typesupport_fastrtps_c.h\n'}
[0.736472] (turtlesim) StdoutLine: {'line': b'-- Up-to-date: /ros2_test/AD_Middle_Test/ros2/src/install/turtlesim/include/turtlesim/srv/set_pen__rosidl_typesupport_fastrtps_c.h\n'}
[0.736615] (turtlesim) StdoutLine: {'line': b'-- Up-to-date: /ros2_test/AD_Middle_Test/ros2/src/install/turtlesim/include/turtlesim/srv/kill__rosidl_typesupport_fastrtps_c.h\n'}
[0.736753] (turtlesim) StdoutLine: {'line': b'-- Up-to-date: /ros2_test/AD_Middle_Test/ros2/src/install/turtlesim/include/turtlesim/srv/teleport_relative__rosidl_typesupport_fastrtps_c.h\n'}
[0.736890] (turtlesim) StdoutLine: {'line': b'-- Up-to-date: /ros2_test/AD_Middle_Test/ros2/src/install/turtlesim/include/turtlesim/srv/spawn__rosidl_typesupport_fastrtps_c.h\n'}
[0.737027] (turtlesim) StdoutLine: {'line': b'-- Up-to-date: /ros2_test/AD_Middle_Test/ros2/src/install/turtlesim/include/turtlesim/action\n'}
[0.737163] (turtlesim) StdoutLine: {'line': b'-- Up-to-date: /ros2_test/AD_Middle_Test/ros2/src/install/turtlesim/include/turtlesim/action/rotate_absolute__rosidl_typesupport_fastrtps_c.h\n'}
[0.737300] (turtlesim) StdoutLine: {'line': b'-- Up-to-date: /ros2_test/AD_Middle_Test/ros2/src/install/turtlesim/lib/libturtlesim__rosidl_typesupport_fastrtps_c.so\n'}
[0.737455] (turtlesim) StdoutLine: {'line': b'-- Up-to-date: /ros2_test/AD_Middle_Test/ros2/src/install/turtlesim/include/turtlesim\n'}
[0.737594] (turtlesim) StdoutLine: {'line': b'-- Up-to-date: /ros2_test/AD_Middle_Test/ros2/src/install/turtlesim/include/turtlesim/msg\n'}
[0.737730] (turtlesim) StdoutLine: {'line': b'-- Up-to-date: /ros2_test/AD_Middle_Test/ros2/src/install/turtlesim/include/turtlesim/msg/dds_fastrtps\n'}
[0.737868] (turtlesim) StdoutLine: {'line': b'-- Up-to-date: /ros2_test/AD_Middle_Test/ros2/src/install/turtlesim/include/turtlesim/msg/rosidl_typesupport_fastrtps_cpp__visibility_control.h\n'}
[0.738005] (turtlesim) StdoutLine: {'line': b'-- Up-to-date: /ros2_test/AD_Middle_Test/ros2/src/install/turtlesim/include/turtlesim/msg/pose__rosidl_typesupport_fastrtps_cpp.hpp\n'}
[0.738142] (turtlesim) StdoutLine: {'line': b'-- Up-to-date: /ros2_test/AD_Middle_Test/ros2/src/install/turtlesim/include/turtlesim/msg/color__rosidl_typesupport_fastrtps_cpp.hpp\n'}
[0.738279] (turtlesim) StdoutLine: {'line': b'-- Up-to-date: /ros2_test/AD_Middle_Test/ros2/src/install/turtlesim/include/turtlesim/srv\n'}
[0.738417] (turtlesim) StdoutLine: {'line': b'-- Up-to-date: /ros2_test/AD_Middle_Test/ros2/src/install/turtlesim/include/turtlesim/srv/dds_fastrtps\n'}
[0.738555] (turtlesim) StdoutLine: {'line': b'-- Up-to-date: /ros2_test/AD_Middle_Test/ros2/src/install/turtlesim/include/turtlesim/srv/set_pen__rosidl_typesupport_fastrtps_cpp.hpp\n'}
[0.738694] (turtlesim) StdoutLine: {'line': b'-- Up-to-date: /ros2_test/AD_Middle_Test/ros2/src/install/turtlesim/include/turtlesim/srv/teleport_absolute__rosidl_typesupport_fastrtps_cpp.hpp\n'}
[0.738831] (turtlesim) StdoutLine: {'line': b'-- Up-to-date: /ros2_test/AD_Middle_Test/ros2/src/install/turtlesim/include/turtlesim/srv/spawn__rosidl_typesupport_fastrtps_cpp.hpp\n'}
[0.738967] (turtlesim) StdoutLine: {'line': b'-- Up-to-date: /ros2_test/AD_Middle_Test/ros2/src/install/turtlesim/include/turtlesim/srv/teleport_relative__rosidl_typesupport_fastrtps_cpp.hpp\n'}
[0.739103] (turtlesim) StdoutLine: {'line': b'-- Up-to-date: /ros2_test/AD_Middle_Test/ros2/src/install/turtlesim/include/turtlesim/srv/kill__rosidl_typesupport_fastrtps_cpp.hpp\n'}
[0.739239] (turtlesim) StdoutLine: {'line': b'-- Up-to-date: /ros2_test/AD_Middle_Test/ros2/src/install/turtlesim/include/turtlesim/action\n'}
[0.739380] (turtlesim) StdoutLine: {'line': b'-- Up-to-date: /ros2_test/AD_Middle_Test/ros2/src/install/turtlesim/include/turtlesim/action/rotate_absolute__rosidl_typesupport_fastrtps_cpp.hpp\n'}
[0.739517] (turtlesim) StdoutLine: {'line': b'-- Up-to-date: /ros2_test/AD_Middle_Test/ros2/src/install/turtlesim/include/turtlesim/action/dds_fastrtps\n'}
[0.739653] (turtlesim) StdoutLine: {'line': b'-- Up-to-date: /ros2_test/AD_Middle_Test/ros2/src/install/turtlesim/lib/libturtlesim__rosidl_typesupport_fastrtps_cpp.so\n'}
[0.739789] (turtlesim) StdoutLine: {'line': b'-- Up-to-date: /ros2_test/AD_Middle_Test/ros2/src/install/turtlesim/include/turtlesim\n'}
[0.739937] (turtlesim) StdoutLine: {'line': b'-- Up-to-date: /ros2_test/AD_Middle_Test/ros2/src/install/turtlesim/include/turtlesim/msg\n'}
[0.740076] (turtlesim) StdoutLine: {'line': b'-- Up-to-date: /ros2_test/AD_Middle_Test/ros2/src/install/turtlesim/include/turtlesim/msg/color.h\n'}
[0.740212] (turtlesim) StdoutLine: {'line': b'-- Up-to-date: /ros2_test/AD_Middle_Test/ros2/src/install/turtlesim/include/turtlesim/msg/pose.h\n'}
[0.740348] (turtlesim) StdoutLine: {'line': b'-- Up-to-date: /ros2_test/AD_Middle_Test/ros2/src/install/turtlesim/include/turtlesim/msg/detail\n'}
[0.740484] (turtlesim) StdoutLine: {'line': b'-- Up-to-date: /ros2_test/AD_Middle_Test/ros2/src/install/turtlesim/include/turtlesim/msg/detail/color__functions.h\n'}
[0.740620] (turtlesim) StdoutLine: {'line': b'-- Up-to-date: /ros2_test/AD_Middle_Test/ros2/src/install/turtlesim/include/turtlesim/msg/detail/color__struct.h\n'}
[0.740757] (turtlesim) StdoutLine: {'line': b'-- Up-to-date: /ros2_test/AD_Middle_Test/ros2/src/install/turtlesim/include/turtlesim/msg/detail/color__type_support.h\n'}
[0.740893] (turtlesim) StdoutLine: {'line': b'-- Up-to-date: /ros2_test/AD_Middle_Test/ros2/src/install/turtlesim/include/turtlesim/msg/detail/pose__functions.c\n'}
[0.741029] (turtlesim) StdoutLine: {'line': b'-- Up-to-date: /ros2_test/AD_Middle_Test/ros2/src/install/turtlesim/include/turtlesim/msg/detail/pose__type_support.h\n'}
[0.741165] (turtlesim) StdoutLine: {'line': b'-- Up-to-date: /ros2_test/AD_Middle_Test/ros2/src/install/turtlesim/include/turtlesim/msg/detail/color__functions.c\n'}
[0.741301] (turtlesim) StdoutLine: {'line': b'-- Up-to-date: /ros2_test/AD_Middle_Test/ros2/src/install/turtlesim/include/turtlesim/msg/detail/pose__functions.h\n'}
[0.741451] (turtlesim) StdoutLine: {'line': b'-- Up-to-date: /ros2_test/AD_Middle_Test/ros2/src/install/turtlesim/include/turtlesim/msg/detail/pose__struct.h\n'}
[0.741588] (turtlesim) StdoutLine: {'line': b'-- Up-to-date: /ros2_test/AD_Middle_Test/ros2/src/install/turtlesim/include/turtlesim/msg/rosidl_generator_c__visibility_control.h\n'}
[0.741725] (turtlesim) StdoutLine: {'line': b'-- Up-to-date: /ros2_test/AD_Middle_Test/ros2/src/install/turtlesim/include/turtlesim/srv\n'}
[0.741861] (turtlesim) StdoutLine: {'line': b'-- Up-to-date: /ros2_test/AD_Middle_Test/ros2/src/install/turtlesim/include/turtlesim/srv/spawn.h\n'}
[0.741997] (turtlesim) StdoutLine: {'line': b'-- Up-to-date: /ros2_test/AD_Middle_Test/ros2/src/install/turtlesim/include/turtlesim/srv/detail\n'}
[0.742134] (turtlesim) StdoutLine: {'line': b'-- Up-to-date: /ros2_test/AD_Middle_Test/ros2/src/install/turtlesim/include/turtlesim/srv/detail/teleport_absolute__type_support.h\n'}
[0.742270] (turtlesim) StdoutLine: {'line': b'-- Up-to-date: /ros2_test/AD_Middle_Test/ros2/src/install/turtlesim/include/turtlesim/srv/detail/spawn__struct.h\n'}
[0.742407] (turtlesim) StdoutLine: {'line': b'-- Up-to-date: /ros2_test/AD_Middle_Test/ros2/src/install/turtlesim/include/turtlesim/srv/detail/kill__functions.c\n'}
[0.742544] (turtlesim) StdoutLine: {'line': b'-- Up-to-date: /ros2_test/AD_Middle_Test/ros2/src/install/turtlesim/include/turtlesim/srv/detail/spawn__functions.h\n'}
[0.742680] (turtlesim) StdoutLine: {'line': b'-- Up-to-date: /ros2_test/AD_Middle_Test/ros2/src/install/turtlesim/include/turtlesim/srv/detail/set_pen__functions.h\n'}
[0.742816] (turtlesim) StdoutLine: {'line': b'-- Up-to-date: /ros2_test/AD_Middle_Test/ros2/src/install/turtlesim/include/turtlesim/srv/detail/spawn__type_support.h\n'}
[0.742952] (turtlesim) StdoutLine: {'line': b'-- Up-to-date: /ros2_test/AD_Middle_Test/ros2/src/install/turtlesim/include/turtlesim/srv/detail/teleport_relative__functions.c\n'}
[0.743088] (turtlesim) StdoutLine: {'line': b'-- Up-to-date: /ros2_test/AD_Middle_Test/ros2/src/install/turtlesim/include/turtlesim/srv/detail/kill__functions.h\n'}
[0.743224] (turtlesim) StdoutLine: {'line': b'-- Up-to-date: /ros2_test/AD_Middle_Test/ros2/src/install/turtlesim/include/turtlesim/srv/detail/teleport_relative__type_support.h\n'}
[0.743366] (turtlesim) StdoutLine: {'line': b'-- Up-to-date: /ros2_test/AD_Middle_Test/ros2/src/install/turtlesim/include/turtlesim/srv/detail/kill__type_support.h\n'}
[0.743503] (turtlesim) StdoutLine: {'line': b'-- Up-to-date: /ros2_test/AD_Middle_Test/ros2/src/install/turtlesim/include/turtlesim/srv/detail/teleport_relative__functions.h\n'}
[0.743640] (turtlesim) StdoutLine: {'line': b'-- Up-to-date: /ros2_test/AD_Middle_Test/ros2/src/install/turtlesim/include/turtlesim/srv/detail/set_pen__struct.h\n'}
[0.743776] (turtlesim) StdoutLine: {'line': b'-- Up-to-date: /ros2_test/AD_Middle_Test/ros2/src/install/turtlesim/include/turtlesim/srv/detail/set_pen__functions.c\n'}
[0.743912] (turtlesim) StdoutLine: {'line': b'-- Up-to-date: /ros2_test/AD_Middle_Test/ros2/src/install/turtlesim/include/turtlesim/srv/detail/teleport_absolute__functions.h\n'}
[0.744053] (turtlesim) StdoutLine: {'line': b'-- Up-to-date: /ros2_test/AD_Middle_Test/ros2/src/install/turtlesim/include/turtlesim/srv/detail/teleport_absolute__struct.h\n'}
[0.744190] (turtlesim) StdoutLine: {'line': b'-- Up-to-date: /ros2_test/AD_Middle_Test/ros2/src/install/turtlesim/include/turtlesim/srv/detail/spawn__functions.c\n'}
[0.744327] (turtlesim) StdoutLine: {'line': b'-- Up-to-date: /ros2_test/AD_Middle_Test/ros2/src/install/turtlesim/include/turtlesim/srv/detail/teleport_absolute__functions.c\n'}
[0.744464] (turtlesim) StdoutLine: {'line': b'-- Up-to-date: /ros2_test/AD_Middle_Test/ros2/src/install/turtlesim/include/turtlesim/srv/detail/kill__struct.h\n'}
[0.744606] (turtlesim) StdoutLine: {'line': b'-- Up-to-date: /ros2_test/AD_Middle_Test/ros2/src/install/turtlesim/include/turtlesim/srv/detail/teleport_relative__struct.h\n'}
[0.744743] (turtlesim) StdoutLine: {'line': b'-- Up-to-date: /ros2_test/AD_Middle_Test/ros2/src/install/turtlesim/include/turtlesim/srv/detail/set_pen__type_support.h\n'}
[0.744879] (turtlesim) StdoutLine: {'line': b'-- Up-to-date: /ros2_test/AD_Middle_Test/ros2/src/install/turtlesim/include/turtlesim/srv/set_pen.h\n'}
[0.745016] (turtlesim) StdoutLine: {'line': b'-- Up-to-date: /ros2_test/AD_Middle_Test/ros2/src/install/turtlesim/include/turtlesim/srv/kill.h\n'}
[0.745152] (turtlesim) StdoutLine: {'line': b'-- Up-to-date: /ros2_test/AD_Middle_Test/ros2/src/install/turtlesim/include/turtlesim/srv/teleport_relative.h\n'}
[0.745289] (turtlesim) StdoutLine: {'line': b'-- Up-to-date: /ros2_test/AD_Middle_Test/ros2/src/install/turtlesim/include/turtlesim/srv/teleport_absolute.h\n'}
[0.745436] (turtlesim) StdoutLine: {'line': b'-- Up-to-date: /ros2_test/AD_Middle_Test/ros2/src/install/turtlesim/include/turtlesim/action\n'}
[0.745574] (turtlesim) StdoutLine: {'line': b'-- Up-to-date: /ros2_test/AD_Middle_Test/ros2/src/install/turtlesim/include/turtlesim/action/detail\n'}
[0.745710] (turtlesim) StdoutLine: {'line': b'-- Up-to-date: /ros2_test/AD_Middle_Test/ros2/src/install/turtlesim/include/turtlesim/action/detail/rotate_absolute__functions.h\n'}
[0.745848] (turtlesim) StdoutLine: {'line': b'-- Up-to-date: /ros2_test/AD_Middle_Test/ros2/src/install/turtlesim/include/turtlesim/action/detail/rotate_absolute__struct.h\n'}
[0.745984] (turtlesim) StdoutLine: {'line': b'-- Up-to-date: /ros2_test/AD_Middle_Test/ros2/src/install/turtlesim/include/turtlesim/action/detail/rotate_absolute__functions.c\n'}
[0.746121] (turtlesim) StdoutLine: {'line': b'-- Up-to-date: /ros2_test/AD_Middle_Test/ros2/src/install/turtlesim/include/turtlesim/action/detail/rotate_absolute__type_support.h\n'}
[0.746257] (turtlesim) StdoutLine: {'line': b'-- Up-to-date: /ros2_test/AD_Middle_Test/ros2/src/install/turtlesim/include/turtlesim/action/rotate_absolute.h\n'}
[0.746393] (turtlesim) StdoutLine: {'line': b'-- Up-to-date: /ros2_test/AD_Middle_Test/ros2/src/install/turtlesim/lib/libturtlesim__rosidl_generator_c.so\n'}
[0.746530] (turtlesim) StdoutLine: {'line': b'-- Up-to-date: /ros2_test/AD_Middle_Test/ros2/src/install/turtlesim/include/turtlesim\n'}
[0.746666] (turtlesim) StdoutLine: {'line': b'-- Up-to-date: /ros2_test/AD_Middle_Test/ros2/src/install/turtlesim/include/turtlesim/msg\n'}
[0.746808] (turtlesim) StdoutLine: {'line': b'-- Up-to-date: /ros2_test/AD_Middle_Test/ros2/src/install/turtlesim/include/turtlesim/msg/color.hpp\n'}
[0.746944] (turtlesim) StdoutLine: {'line': b'-- Up-to-date: /ros2_test/AD_Middle_Test/ros2/src/install/turtlesim/include/turtlesim/msg/detail\n'}
[0.747080] (turtlesim) StdoutLine: {'line': b'-- Up-to-date: /ros2_test/AD_Middle_Test/ros2/src/install/turtlesim/include/turtlesim/msg/detail/pose__traits.hpp\n'}
[0.747217] (turtlesim) StdoutLine: {'line': b'-- Up-to-date: /ros2_test/AD_Middle_Test/ros2/src/install/turtlesim/include/turtlesim/msg/detail/color__struct.hpp\n'}
[0.747353] (turtlesim) StdoutLine: {'line': b'-- Up-to-date: /ros2_test/AD_Middle_Test/ros2/src/install/turtlesim/include/turtlesim/msg/detail/pose__struct.hpp\n'}
[0.747489] (turtlesim) StdoutLine: {'line': b'-- Up-to-date: /ros2_test/AD_Middle_Test/ros2/src/install/turtlesim/include/turtlesim/msg/detail/color__builder.hpp\n'}
[0.747625] (turtlesim) StdoutLine: {'line': b'-- Up-to-date: /ros2_test/AD_Middle_Test/ros2/src/install/turtlesim/include/turtlesim/msg/detail/color__traits.hpp\n'}
[0.747761] (turtlesim) StdoutLine: {'line': b'-- Up-to-date: /ros2_test/AD_Middle_Test/ros2/src/install/turtlesim/include/turtlesim/msg/detail/pose__builder.hpp\n'}
[0.747898] (turtlesim) StdoutLine: {'line': b'-- Up-to-date: /ros2_test/AD_Middle_Test/ros2/src/install/turtlesim/include/turtlesim/msg/pose.hpp\n'}
[0.748034] (turtlesim) StdoutLine: {'line': b'-- Up-to-date: /ros2_test/AD_Middle_Test/ros2/src/install/turtlesim/include/turtlesim/srv\n'}
[0.748170] (turtlesim) StdoutLine: {'line': b'-- Up-to-date: /ros2_test/AD_Middle_Test/ros2/src/install/turtlesim/include/turtlesim/srv/teleport_absolute.hpp\n'}
[0.748306] (turtlesim) StdoutLine: {'line': b'-- Up-to-date: /ros2_test/AD_Middle_Test/ros2/src/install/turtlesim/include/turtlesim/srv/spawn.hpp\n'}
[0.748441] (turtlesim) StdoutLine: {'line': b'-- Up-to-date: /ros2_test/AD_Middle_Test/ros2/src/install/turtlesim/include/turtlesim/srv/kill.hpp\n'}
[0.748577] (turtlesim) StdoutLine: {'line': b'-- Up-to-date: /ros2_test/AD_Middle_Test/ros2/src/install/turtlesim/include/turtlesim/srv/teleport_relative.hpp\n'}
[0.748720] (turtlesim) StdoutLine: {'line': b'-- Up-to-date: /ros2_test/AD_Middle_Test/ros2/src/install/turtlesim/include/turtlesim/srv/detail\n'}
[0.748857] (turtlesim) StdoutLine: {'line': b'-- Up-to-date: /ros2_test/AD_Middle_Test/ros2/src/install/turtlesim/include/turtlesim/srv/detail/set_pen__traits.hpp\n'}
[0.748994] (turtlesim) StdoutLine: {'line': b'-- Up-to-date: /ros2_test/AD_Middle_Test/ros2/src/install/turtlesim/include/turtlesim/srv/detail/teleport_absolute__struct.hpp\n'}
[0.749130] (turtlesim) StdoutLine: {'line': b'-- Up-to-date: /ros2_test/AD_Middle_Test/ros2/src/install/turtlesim/include/turtlesim/srv/detail/spawn__traits.hpp\n'}
[0.749275] (turtlesim) StdoutLine: {'line': b'-- Up-to-date: /ros2_test/AD_Middle_Test/ros2/src/install/turtlesim/include/turtlesim/srv/detail/kill__builder.hpp\n'}
[0.749427] (turtlesim) StdoutLine: {'line': b'-- Up-to-date: /ros2_test/AD_Middle_Test/ros2/src/install/turtlesim/include/turtlesim/srv/detail/kill__struct.hpp\n'}
[0.749566] (turtlesim) StdoutLine: {'line': b'-- Up-to-date: /ros2_test/AD_Middle_Test/ros2/src/install/turtlesim/include/turtlesim/srv/detail/teleport_relative__builder.hpp\n'}
[0.749702] (turtlesim) StdoutLine: {'line': b'-- Up-to-date: /ros2_test/AD_Middle_Test/ros2/src/install/turtlesim/include/turtlesim/srv/detail/kill__traits.hpp\n'}
[0.749839] (turtlesim) StdoutLine: {'line': b'-- Up-to-date: /ros2_test/AD_Middle_Test/ros2/src/install/turtlesim/include/turtlesim/srv/detail/spawn__builder.hpp\n'}
[0.749975] (turtlesim) StdoutLine: {'line': b'-- Up-to-date: /ros2_test/AD_Middle_Test/ros2/src/install/turtlesim/include/turtlesim/srv/detail/teleport_relative__traits.hpp\n'}
[0.750111] (turtlesim) StdoutLine: {'line': b'-- Up-to-date: /ros2_test/AD_Middle_Test/ros2/src/install/turtlesim/include/turtlesim/srv/detail/spawn__struct.hpp\n'}
[0.750247] (turtlesim) StdoutLine: {'line': b'-- Up-to-date: /ros2_test/AD_Middle_Test/ros2/src/install/turtlesim/include/turtlesim/srv/detail/teleport_absolute__builder.hpp\n'}
[0.750388] (turtlesim) StdoutLine: {'line': b'-- Up-to-date: /ros2_test/AD_Middle_Test/ros2/src/install/turtlesim/include/turtlesim/srv/detail/teleport_absolute__traits.hpp\n'}
[0.750524] (turtlesim) StdoutLine: {'line': b'-- Up-to-date: /ros2_test/AD_Middle_Test/ros2/src/install/turtlesim/include/turtlesim/srv/detail/set_pen__builder.hpp\n'}
[0.750661] (turtlesim) StdoutLine: {'line': b'-- Up-to-date: /ros2_test/AD_Middle_Test/ros2/src/install/turtlesim/include/turtlesim/srv/detail/set_pen__struct.hpp\n'}
[0.750797] (turtlesim) StdoutLine: {'line': b'-- Up-to-date: /ros2_test/AD_Middle_Test/ros2/src/install/turtlesim/include/turtlesim/srv/detail/teleport_relative__struct.hpp\n'}
[0.750933] (turtlesim) StdoutLine: {'line': b'-- Up-to-date: /ros2_test/AD_Middle_Test/ros2/src/install/turtlesim/include/turtlesim/srv/set_pen.hpp\n'}
[0.751070] (turtlesim) StdoutLine: {'line': b'-- Up-to-date: /ros2_test/AD_Middle_Test/ros2/src/install/turtlesim/include/turtlesim/action\n'}
[0.751206] (turtlesim) StdoutLine: {'line': b'-- Up-to-date: /ros2_test/AD_Middle_Test/ros2/src/install/turtlesim/include/turtlesim/action/rotate_absolute.hpp\n'}
[0.751343] (turtlesim) StdoutLine: {'line': b'-- Up-to-date: /ros2_test/AD_Middle_Test/ros2/src/install/turtlesim/include/turtlesim/action/detail\n'}
[0.751479] (turtlesim) StdoutLine: {'line': b'-- Up-to-date: /ros2_test/AD_Middle_Test/ros2/src/install/turtlesim/include/turtlesim/action/detail/rotate_absolute__builder.hpp\n'}
[0.751615] (turtlesim) StdoutLine: {'line': b'-- Up-to-date: /ros2_test/AD_Middle_Test/ros2/src/install/turtlesim/include/turtlesim/action/detail/rotate_absolute__traits.hpp\n'}
[0.751752] (turtlesim) StdoutLine: {'line': b'-- Up-to-date: /ros2_test/AD_Middle_Test/ros2/src/install/turtlesim/include/turtlesim/action/detail/rotate_absolute__struct.hpp\n'}
[0.751888] (turtlesim) StdoutLine: {'line': b'-- Up-to-date: /ros2_test/AD_Middle_Test/ros2/src/install/turtlesim/share/turtlesim/environment/pythonpath.sh\n'}
[0.752025] (turtlesim) StdoutLine: {'line': b'-- Up-to-date: /ros2_test/AD_Middle_Test/ros2/src/install/turtlesim/share/turtlesim/environment/pythonpath.dsv\n'}
[0.752162] (turtlesim) StdoutLine: {'line': b'-- Up-to-date: /ros2_test/AD_Middle_Test/ros2/src/install/turtlesim/lib/python3.8/site-packages/turtlesim/__init__.py\n'}
[0.793004] (turtlesim) StdoutLine: {'line': b'-- Up-to-date: /ros2_test/AD_Middle_Test/ros2/src/install/turtlesim/lib/python3.8/site-packages/turtlesim/action\n'}
[0.793283] (turtlesim) StdoutLine: {'line': b'-- Up-to-date: /ros2_test/AD_Middle_Test/ros2/src/install/turtlesim/lib/python3.8/site-packages/turtlesim/action/_rotate_absolute.py\n'}
[0.793552] (turtlesim) StdoutLine: {'line': b'-- Up-to-date: /ros2_test/AD_Middle_Test/ros2/src/install/turtlesim/lib/python3.8/site-packages/turtlesim/action/__init__.py\n'}
[0.793841] (turtlesim) StdoutLine: {'line': b'-- Up-to-date: /ros2_test/AD_Middle_Test/ros2/src/install/turtlesim/lib/python3.8/site-packages/turtlesim/action/_rotate_absolute_s.c\n'}
[0.794071] (turtlesim) StdoutLine: {'line': b'-- Up-to-date: /ros2_test/AD_Middle_Test/ros2/src/install/turtlesim/lib/python3.8/site-packages/turtlesim/msg\n'}
[0.794210] (turtlesim) StdoutLine: {'line': b'-- Up-to-date: /ros2_test/AD_Middle_Test/ros2/src/install/turtlesim/lib/python3.8/site-packages/turtlesim/msg/_pose.py\n'}
[0.794356] (turtlesim) StdoutLine: {'line': b'-- Up-to-date: /ros2_test/AD_Middle_Test/ros2/src/install/turtlesim/lib/python3.8/site-packages/turtlesim/msg/_color_s.c\n'}
[0.794494] (turtlesim) StdoutLine: {'line': b'-- Up-to-date: /ros2_test/AD_Middle_Test/ros2/src/install/turtlesim/lib/python3.8/site-packages/turtlesim/msg/_color.py\n'}
[0.794668] (turtlesim) StdoutLine: {'line': b'-- Up-to-date: /ros2_test/AD_Middle_Test/ros2/src/install/turtlesim/lib/python3.8/site-packages/turtlesim/msg/_pose_s.c\n'}
[0.794807] (turtlesim) StdoutLine: {'line': b'-- Up-to-date: /ros2_test/AD_Middle_Test/ros2/src/install/turtlesim/lib/python3.8/site-packages/turtlesim/msg/__init__.py\n'}
[0.794960] (turtlesim) StdoutLine: {'line': b'-- Up-to-date: /ros2_test/AD_Middle_Test/ros2/src/install/turtlesim/lib/python3.8/site-packages/turtlesim/srv\n'}
[0.795098] (turtlesim) StdoutLine: {'line': b'-- Up-to-date: /ros2_test/AD_Middle_Test/ros2/src/install/turtlesim/lib/python3.8/site-packages/turtlesim/srv/_spawn_s.c\n'}
[0.795236] (turtlesim) StdoutLine: {'line': b'-- Up-to-date: /ros2_test/AD_Middle_Test/ros2/src/install/turtlesim/lib/python3.8/site-packages/turtlesim/srv/_kill.py\n'}
[0.795374] (turtlesim) StdoutLine: {'line': b'-- Up-to-date: /ros2_test/AD_Middle_Test/ros2/src/install/turtlesim/lib/python3.8/site-packages/turtlesim/srv/_set_pen.py\n'}
[0.795510] (turtlesim) StdoutLine: {'line': b'-- Up-to-date: /ros2_test/AD_Middle_Test/ros2/src/install/turtlesim/lib/python3.8/site-packages/turtlesim/srv/_spawn.py\n'}
[0.795680] (turtlesim) StdoutLine: {'line': b'-- Up-to-date: /ros2_test/AD_Middle_Test/ros2/src/install/turtlesim/lib/python3.8/site-packages/turtlesim/srv/_teleport_relative.py\n'}
[0.795820] (turtlesim) StdoutLine: {'line': b'-- Up-to-date: /ros2_test/AD_Middle_Test/ros2/src/install/turtlesim/lib/python3.8/site-packages/turtlesim/srv/__init__.py\n'}
[0.795957] (turtlesim) StdoutLine: {'line': b'-- Up-to-date: /ros2_test/AD_Middle_Test/ros2/src/install/turtlesim/lib/python3.8/site-packages/turtlesim/srv/_teleport_relative_s.c\n'}
[0.796094] (turtlesim) StdoutLine: {'line': b'-- Up-to-date: /ros2_test/AD_Middle_Test/ros2/src/install/turtlesim/lib/python3.8/site-packages/turtlesim/srv/_kill_s.c\n'}
[0.796231] (turtlesim) StdoutLine: {'line': b'-- Up-to-date: /ros2_test/AD_Middle_Test/ros2/src/install/turtlesim/lib/python3.8/site-packages/turtlesim/srv/_teleport_absolute.py\n'}
[0.796367] (turtlesim) StdoutLine: {'line': b'-- Up-to-date: /ros2_test/AD_Middle_Test/ros2/src/install/turtlesim/lib/python3.8/site-packages/turtlesim/srv/_set_pen_s.c\n'}
[0.796504] (turtlesim) StdoutLine: {'line': b'-- Up-to-date: /ros2_test/AD_Middle_Test/ros2/src/install/turtlesim/lib/python3.8/site-packages/turtlesim/srv/_teleport_absolute_s.c\n'}
[0.796675] (turtlesim) StdoutLine: {'line': b'-- Up-to-date: /ros2_test/AD_Middle_Test/ros2/src/install/turtlesim/lib/python3.8/site-packages/turtlesim/turtlesim_s__rosidl_typesupport_fastrtps_c.cpython-38-x86_64-linux-gnu.so\n'}
[0.796815] (turtlesim) StdoutLine: {'line': b'-- Up-to-date: /ros2_test/AD_Middle_Test/ros2/src/install/turtlesim/lib/python3.8/site-packages/turtlesim/turtlesim_s__rosidl_typesupport_introspection_c.cpython-38-x86_64-linux-gnu.so\n'}
[0.796952] (turtlesim) StdoutLine: {'line': b'-- Up-to-date: /ros2_test/AD_Middle_Test/ros2/src/install/turtlesim/lib/python3.8/site-packages/turtlesim/turtlesim_s__rosidl_typesupport_c.cpython-38-x86_64-linux-gnu.so\n'}
[0.797354] (turtlesim) StdoutLine: {'line': b'-- Up-to-date: /ros2_test/AD_Middle_Test/ros2/src/install/turtlesim/lib/libturtlesim__python.so\n'}
[0.797739] (turtlesim) StdoutLine: {'line': b'-- Up-to-date: /ros2_test/AD_Middle_Test/ros2/src/install/turtlesim/share/turtlesim/action/RotateAbsolute.idl\n'}
[0.797915] (turtlesim) StdoutLine: {'line': b'-- Up-to-date: /ros2_test/AD_Middle_Test/ros2/src/install/turtlesim/share/turtlesim/msg/Color.idl\n'}
[0.798112] (turtlesim) StdoutLine: {'line': b'-- Up-to-date: /ros2_test/AD_Middle_Test/ros2/src/install/turtlesim/share/turtlesim/msg/Pose.idl\n'}
[0.798332] (turtlesim) StdoutLine: {'line': b'-- Up-to-date: /ros2_test/AD_Middle_Test/ros2/src/install/turtlesim/share/turtlesim/srv/Kill.idl\n'}
[0.798523] (turtlesim) StdoutLine: {'line': b'-- Up-to-date: /ros2_test/AD_Middle_Test/ros2/src/install/turtlesim/share/turtlesim/srv/SetPen.idl\n'}
[0.798721] (turtlesim) StdoutLine: {'line': b'-- Up-to-date: /ros2_test/AD_Middle_Test/ros2/src/install/turtlesim/share/turtlesim/srv/Spawn.idl\n'}
[0.798913] (turtlesim) StdoutLine: {'line': b'-- Up-to-date: /ros2_test/AD_Middle_Test/ros2/src/install/turtlesim/share/turtlesim/srv/TeleportAbsolute.idl\n'}
[0.799107] (turtlesim) StdoutLine: {'line': b'-- Up-to-date: /ros2_test/AD_Middle_Test/ros2/src/install/turtlesim/share/turtlesim/srv/TeleportRelative.idl\n'}
[0.799304] (turtlesim) StdoutLine: {'line': b'-- Up-to-date: /ros2_test/AD_Middle_Test/ros2/src/install/turtlesim/share/turtlesim/action/RotateAbsolute.action\n'}
[0.799518] (turtlesim) StdoutLine: {'line': b'-- Up-to-date: /ros2_test/AD_Middle_Test/ros2/src/install/turtlesim/share/turtlesim/msg/Color.msg\n'}
[0.799714] (turtlesim) StdoutLine: {'line': b'-- Up-to-date: /ros2_test/AD_Middle_Test/ros2/src/install/turtlesim/share/turtlesim/msg/Pose.msg\n'}
[0.799909] (turtlesim) StdoutLine: {'line': b'-- Up-to-date: /ros2_test/AD_Middle_Test/ros2/src/install/turtlesim/share/turtlesim/srv/Kill.srv\n'}
[0.800110] (turtlesim) StdoutLine: {'line': b'-- Up-to-date: /ros2_test/AD_Middle_Test/ros2/src/install/turtlesim/share/turtlesim/srv/Kill_Request.msg\n'}
[0.800242] (-) TimerEvent: {}
[0.800498] (turtlesim) StdoutLine: {'line': b'-- Up-to-date: /ros2_test/AD_Middle_Test/ros2/src/install/turtlesim/share/turtlesim/srv/Kill_Response.msg\n'}
[0.800653] (turtlesim) StdoutLine: {'line': b'-- Up-to-date: /ros2_test/AD_Middle_Test/ros2/src/install/turtlesim/share/turtlesim/srv/SetPen.srv\n'}
[0.800792] (turtlesim) StdoutLine: {'line': b'-- Up-to-date: /ros2_test/AD_Middle_Test/ros2/src/install/turtlesim/share/turtlesim/srv/SetPen_Request.msg\n'}
[0.800928] (turtlesim) StdoutLine: {'line': b'-- Up-to-date: /ros2_test/AD_Middle_Test/ros2/src/install/turtlesim/share/turtlesim/srv/SetPen_Response.msg\n'}
[0.801079] (turtlesim) StdoutLine: {'line': b'-- Up-to-date: /ros2_test/AD_Middle_Test/ros2/src/install/turtlesim/share/turtlesim/srv/Spawn.srv\n'}
[0.801255] (turtlesim) StdoutLine: {'line': b'-- Up-to-date: /ros2_test/AD_Middle_Test/ros2/src/install/turtlesim/share/turtlesim/srv/Spawn_Request.msg\n'}
[0.801415] (turtlesim) StdoutLine: {'line': b'-- Up-to-date: /ros2_test/AD_Middle_Test/ros2/src/install/turtlesim/share/turtlesim/srv/Spawn_Response.msg\n'}
[0.801554] (turtlesim) StdoutLine: {'line': b'-- Up-to-date: /ros2_test/AD_Middle_Test/ros2/src/install/turtlesim/share/turtlesim/srv/TeleportAbsolute.srv\n'}
[0.801691] (turtlesim) StdoutLine: {'line': b'-- Up-to-date: /ros2_test/AD_Middle_Test/ros2/src/install/turtlesim/share/turtlesim/srv/TeleportAbsolute_Request.msg\n'}
[0.801863] (turtlesim) StdoutLine: {'line': b'-- Up-to-date: /ros2_test/AD_Middle_Test/ros2/src/install/turtlesim/share/turtlesim/srv/TeleportAbsolute_Response.msg\n'}
[0.802002] (turtlesim) StdoutLine: {'line': b'-- Up-to-date: /ros2_test/AD_Middle_Test/ros2/src/install/turtlesim/share/turtlesim/srv/TeleportRelative.srv\n'}
[0.802139] (turtlesim) StdoutLine: {'line': b'-- Up-to-date: /ros2_test/AD_Middle_Test/ros2/src/install/turtlesim/share/turtlesim/srv/TeleportRelative_Request.msg\n'}
[0.802275] (turtlesim) StdoutLine: {'line': b'-- Up-to-date: /ros2_test/AD_Middle_Test/ros2/src/install/turtlesim/share/turtlesim/srv/TeleportRelative_Response.msg\n'}
[0.802444] (turtlesim) StdoutLine: {'line': b'-- Up-to-date: /ros2_test/AD_Middle_Test/ros2/src/install/turtlesim/lib/turtlesim/turtlesim_node\n'}
[0.802583] (turtlesim) StdoutLine: {'line': b'-- Up-to-date: /ros2_test/AD_Middle_Test/ros2/src/install/turtlesim/lib/turtlesim/turtle_teleop_key\n'}
[0.802720] (turtlesim) StdoutLine: {'line': b'-- Up-to-date: /ros2_test/AD_Middle_Test/ros2/src/install/turtlesim/lib/turtlesim/draw_square\n'}
[0.802974] (turtlesim) StdoutLine: {'line': b'-- Up-to-date: /ros2_test/AD_Middle_Test/ros2/src/install/turtlesim/lib/turtlesim/mimic\n'}
[0.803185] (turtlesim) StdoutLine: {'line': b'-- Up-to-date: /ros2_test/AD_Middle_Test/ros2/src/install/turtlesim/share/turtlesim/images\n'}
[0.803374] (turtlesim) StdoutLine: {'line': b'-- Up-to-date: /ros2_test/AD_Middle_Test/ros2/src/install/turtlesim/share/turtlesim/images/ardent.png\n'}
[0.803547] (turtlesim) StdoutLine: {'line': b'-- Up-to-date: /ros2_test/AD_Middle_Test/ros2/src/install/turtlesim/share/turtlesim/images/bouncy.png\n'}
[0.803792] (turtlesim) StdoutLine: {'line': b'-- Up-to-date: /ros2_test/AD_Middle_Test/ros2/src/install/turtlesim/share/turtlesim/images/eloquent.png\n'}
[0.803991] (turtlesim) StdoutLine: {'line': b'-- Up-to-date: /ros2_test/AD_Middle_Test/ros2/src/install/turtlesim/share/turtlesim/images/dashing.png\n'}
[0.804204] (turtlesim) StdoutLine: {'line': b'-- Up-to-date: /ros2_test/AD_Middle_Test/ros2/src/install/turtlesim/share/turtlesim/images/crystal.png\n'}
[0.804374] (turtlesim) StdoutLine: {'line': b'-- Up-to-date: /ros2_test/AD_Middle_Test/ros2/src/install/turtlesim/share/turtlesim/launch\n'}
[0.804511] (turtlesim) StdoutLine: {'line': b'-- Up-to-date: /ros2_test/AD_Middle_Test/ros2/src/install/turtlesim/share/turtlesim/launch/multisim.launch.py\n'}
[0.804680] (turtlesim) StdoutLine: {'line': b'-- Up-to-date: /ros2_test/AD_Middle_Test/ros2/src/install/turtlesim/share/ament_index/resource_index/package_run_dependencies/turtlesim\n'}
[0.804893] (turtlesim) StdoutLine: {'line': b'-- Up-to-date: /ros2_test/AD_Middle_Test/ros2/src/install/turtlesim/share/ament_index/resource_index/parent_prefix_path/turtlesim\n'}
[0.805066] (turtlesim) StdoutLine: {'line': b'-- Up-to-date: /ros2_test/AD_Middle_Test/ros2/src/install/turtlesim/share/turtlesim/environment/ament_prefix_path.sh\n'}
[0.805278] (turtlesim) StdoutLine: {'line': b'-- Up-to-date: /ros2_test/AD_Middle_Test/ros2/src/install/turtlesim/share/turtlesim/environment/ament_prefix_path.dsv\n'}
[0.805459] (turtlesim) StdoutLine: {'line': b'-- Up-to-date: /ros2_test/AD_Middle_Test/ros2/src/install/turtlesim/share/turtlesim/environment/path.sh\n'}
[0.805597] (test_interfaces) StdoutLine: {'line': b'-- Found std_msgs: 0.8.1 (/opt/ros/foxy/share/std_msgs/cmake)\n'}
[0.805754] (turtlesim) StdoutLine: {'line': b'-- Up-to-date: /ros2_test/AD_Middle_Test/ros2/src/install/turtlesim/share/turtlesim/environment/path.dsv\n'}
[0.805890] (turtlesim) StdoutLine: {'line': b'-- Up-to-date: /ros2_test/AD_Middle_Test/ros2/src/install/turtlesim/share/turtlesim/local_setup.bash\n'}
[0.806027] (turtlesim) StdoutLine: {'line': b'-- Up-to-date: /ros2_test/AD_Middle_Test/ros2/src/install/turtlesim/share/turtlesim/local_setup.sh\n'}
[0.806163] (turtlesim) StdoutLine: {'line': b'-- Up-to-date: /ros2_test/AD_Middle_Test/ros2/src/install/turtlesim/share/turtlesim/local_setup.zsh\n'}
[0.806298] (turtlesim) StdoutLine: {'line': b'-- Up-to-date: /ros2_test/AD_Middle_Test/ros2/src/install/turtlesim/share/turtlesim/local_setup.dsv\n'}
[0.806440] (turtlesim) StdoutLine: {'line': b'-- Installing: /ros2_test/AD_Middle_Test/ros2/src/install/turtlesim/share/turtlesim/package.dsv\n'}
[0.806577] (turtlesim) StdoutLine: {'line': b'-- Up-to-date: /ros2_test/AD_Middle_Test/ros2/src/install/turtlesim/share/ament_index/resource_index/packages/turtlesim\n'}
[0.806713] (turtlesim) StdoutLine: {'line': b'-- Up-to-date: /ros2_test/AD_Middle_Test/ros2/src/install/turtlesim/share/turtlesim/cmake/rosidl_cmake-extras.cmake\n'}
[0.806850] (turtlesim) StdoutLine: {'line': b'-- Up-to-date: /ros2_test/AD_Middle_Test/ros2/src/install/turtlesim/share/turtlesim/cmake/ament_cmake_export_dependencies-extras.cmake\n'}
[0.806998] (turtlesim) StdoutLine: {'line': b'-- Up-to-date: /ros2_test/AD_Middle_Test/ros2/src/install/turtlesim/share/turtlesim/cmake/ament_cmake_export_libraries-extras.cmake\n'}
[0.807135] (turtlesim) StdoutLine: {'line': b'-- Up-to-date: /ros2_test/AD_Middle_Test/ros2/src/install/turtlesim/share/turtlesim/cmake/rosidl_cmake_export_typesupport_libraries-extras.cmake\n'}
[0.807275] (turtlesim) StdoutLine: {'line': b'-- Up-to-date: /ros2_test/AD_Middle_Test/ros2/src/install/turtlesim/share/turtlesim/cmake/ament_cmake_export_include_directories-extras.cmake\n'}
[0.807661] (turtlesim) StdoutLine: {'line': b'-- Up-to-date: /ros2_test/AD_Middle_Test/ros2/src/install/turtlesim/share/turtlesim/cmake/turtlesimConfig.cmake\n'}
[0.808088] (turtlesim) StdoutLine: {'line': b'-- Up-to-date: /ros2_test/AD_Middle_Test/ros2/src/install/turtlesim/share/turtlesim/cmake/turtlesimConfig-version.cmake\n'}
[0.808858] (turtlesim) StdoutLine: {'line': b'-- Up-to-date: /ros2_test/AD_Middle_Test/ros2/src/install/turtlesim/share/turtlesim/package.xml\n'}
[0.810109] (turtlesim) CommandEnded: {'returncode': 0}
[0.837133] (turtlesim) JobEnded: {'identifier': 'turtlesim', 'rc': 0}
[0.861529] (test_interfaces) StdoutLine: {'line': b'-- Found PythonInterp: /usr/bin/python3 (found version "3.8.2") \n'}
[0.900331] (-) TimerEvent: {}
[1.000585] (-) TimerEvent: {}
[1.100888] (-) TimerEvent: {}
[1.136946] (test_interfaces) StdoutLine: {'line': b'-- Using all available rosidl_typesupport_c: rosidl_typesupport_connext_c;rosidl_typesupport_fastrtps_c;rosidl_typesupport_introspection_c\n'}
[1.187263] (test_interfaces) StdoutLine: {'line': b'-- Using all available rosidl_typesupport_cpp: rosidl_typesupport_connext_cpp;rosidl_typesupport_fastrtps_cpp;rosidl_typesupport_introspection_cpp\n'}
[1.194742] (test_interfaces) StdoutLine: {'line': b'-- Found ament_cmake_ros: 0.9.0 (/opt/ros/foxy/share/ament_cmake_ros/cmake)\n'}
[1.200954] (-) TimerEvent: {}
[1.301239] (-) TimerEvent: {}
[1.401617] (-) TimerEvent: {}
[1.501965] (-) TimerEvent: {}
[1.602274] (-) TimerEvent: {}
[1.671564] (test_interfaces) StdoutLine: {'line': b'-- Found PythonInterp: /usr/bin/python3 (found suitable version "3.8.2", minimum required is "3.5") \n'}
[1.672084] (test_interfaces) StdoutLine: {'line': b'-- Found python_cmake_module: 0.8.0 (/opt/ros/foxy/share/python_cmake_module/cmake)\n'}
[1.702361] (-) TimerEvent: {}
[1.710773] (test_interfaces) StdoutLine: {'line': b'-- Using PYTHON_EXECUTABLE: /usr/bin/python3\n'}
[1.711004] (test_interfaces) StdoutLine: {'line': b'-- Using PYTHON_INCLUDE_DIRS: /usr/include/python3.8\n'}
[1.711158] (test_interfaces) StdoutLine: {'line': b'-- Using PYTHON_LIBRARIES: /usr/lib/x86_64-linux-gnu/libpython3.8.so\n'}
[1.787276] (test_interfaces) StdoutLine: {'line': b'-- Found ament_lint_auto: 0.9.1 (/opt/ros/foxy/share/ament_lint_auto/cmake)\n'}
[1.802434] (-) TimerEvent: {}
[1.808891] (test_interfaces) StdoutLine: {'line': b"-- Added test 'lint_cmake' to check CMake code style\n"}
[1.810744] (test_interfaces) StdoutLine: {'line': b"-- Added test 'xmllint' to check XML markup files\n"}
[1.817155] (test_interfaces) StdoutLine: {'line': b'-- Configuring done\n'}
[1.902546] (-) TimerEvent: {}
[1.981589] (test_interfaces) StdoutLine: {'line': b'-- Generating done\n'}
[1.986873] (test_interfaces) StdoutLine: {'line': b'-- Build files have been written to: /ros2_test/AD_Middle_Test/ros2/src/build/test_interfaces\n'}
[2.002631] (-) TimerEvent: {}
[2.022737] (test_interfaces) StdoutLine: {'line': b'[  2%] \x1b[34m\x1b[1mGenerating C code for ROS interfaces\x1b[0m\n'}
[2.037465] (test_interfaces) StdoutLine: {'line': b'[  5%] \x1b[34m\x1b[1mGenerating C++ code for ROS interfaces\x1b[0m\n'}
[2.102738] (-) TimerEvent: {}
[2.203063] (-) TimerEvent: {}
[2.303369] (-) TimerEvent: {}
[2.403672] (-) TimerEvent: {}
[2.472714] (detect_s) StderrLine: {'line': b'\x1b[01m\x1b[K/ros2_test/AD_Middle_Test/ros2/src/detect_s/src/CameraTimer.cpp:\x1b[m\x1b[K In member function \xe2\x80\x98\x1b[01m\x1b[Kvoid CameraTimer::timer_callback()\x1b[m\x1b[K\xe2\x80\x99:\n'}
[2.472999] (detect_s) StderrLine: {'line': b'\x1b[01m\x1b[K/ros2_test/AD_Middle_Test/ros2/src/detect_s/src/CameraTimer.cpp:47:12:\x1b[m\x1b[K \x1b[01;31m\x1b[Kerror: \x1b[m\x1b[K\xe2\x80\x98\x1b[01m\x1b[Kclass std::shared_ptr<test_interfaces::msg::TestImage_<std::allocator<void> > >\x1b[m\x1b[K\xe2\x80\x99 has no member named \xe2\x80\x98\x1b[01m\x1b[Kheader\x1b[m\x1b[K\xe2\x80\x99\n'}
[2.473161] (detect_s) StderrLine: {'line': b'   47 |    message.\x1b[01;31m\x1b[Kheader\x1b[m\x1b[K.stamp = this->now();\n'}
[2.473305] (detect_s) StderrLine: {'line': b'      |            \x1b[01;31m\x1b[K^~~~~~\x1b[m\x1b[K\n'}
[2.473856] (detect_s) StderrLine: {'line': b'In file included from \x1b[01m\x1b[K/opt/ros/foxy/include/rclcpp/client.hpp:40\x1b[m\x1b[K,\n'}
[2.474008] (detect_s) StderrLine: {'line': b'                 from \x1b[01m\x1b[K/opt/ros/foxy/include/rclcpp/callback_group.hpp:23\x1b[m\x1b[K,\n'}
[2.474149] (detect_s) StderrLine: {'line': b'                 from \x1b[01m\x1b[K/opt/ros/foxy/include/rclcpp/any_executable.hpp:20\x1b[m\x1b[K,\n'}
[2.474288] (detect_s) StderrLine: {'line': b'                 from \x1b[01m\x1b[K/opt/ros/foxy/include/rclcpp/memory_strategy.hpp:24\x1b[m\x1b[K,\n'}
[2.474435] (detect_s) StderrLine: {'line': b'                 from \x1b[01m\x1b[K/opt/ros/foxy/include/rclcpp/memory_strategies.hpp:18\x1b[m\x1b[K,\n'}
[2.474573] (detect_s) StderrLine: {'line': b'                 from \x1b[01m\x1b[K/opt/ros/foxy/include/rclcpp/executor.hpp:33\x1b[m\x1b[K,\n'}
[2.474767] (detect_s) StderrLine: {'line': b'                 from \x1b[01m\x1b[K/opt/ros/foxy/include/rclcpp/executors/multi_threaded_executor.hpp:25\x1b[m\x1b[K,\n'}
[2.475182] (detect_s) StderrLine: {'line': b'                 from \x1b[01m\x1b[K/opt/ros/foxy/include/rclcpp/executors.hpp:21\x1b[m\x1b[K,\n'}
[2.475322] (detect_s) StderrLine: {'line': b'                 from \x1b[01m\x1b[K/opt/ros/foxy/include/rclcpp/rclcpp.hpp:145\x1b[m\x1b[K,\n'}
[2.475459] (detect_s) StderrLine: {'line': b'                 from \x1b[01m\x1b[K/ros2_test/AD_Middle_Test/ros2/src/detect_s/src/CameraTimer.cpp:4\x1b[m\x1b[K:\n'}
[2.475597] (detect_s) StderrLine: {'line': b'\x1b[01m\x1b[K/ros2_test/AD_Middle_Test/ros2/src/detect_s/src/CameraTimer.cpp:48:65:\x1b[m\x1b[K \x1b[01;31m\x1b[Kerror: \x1b[m\x1b[K\xe2\x80\x98\x1b[01m\x1b[Kclass std::shared_ptr<test_interfaces::msg::TestImage_<std::allocator<void> > >\x1b[m\x1b[K\xe2\x80\x99 has no member named \xe2\x80\x98\x1b[01m\x1b[Kheader\x1b[m\x1b[K\xe2\x80\x99\n'}
[2.475739] (detect_s) StderrLine: {'line': b'   48 |    RCLCPP_INFO(this->get_logger(), "Publishing: \'%lu\'", message.\x1b[01;31m\x1b[Kheader\x1b[m\x1b[K.stamp);    // CHANGE\n'}
[2.475876] (detect_s) StderrLine: {'line': b'      |                                                                 \x1b[01;31m\x1b[K^~~~~~\x1b[m\x1b[K\n'}
[2.476014] (detect_s) StderrLine: {'line': b'\x1b[01m\x1b[K/opt/ros/foxy/include/rcutils/logging_macros.h:72:64:\x1b[m\x1b[K \x1b[01;36m\x1b[Knote: \x1b[m\x1b[Kin definition of macro \xe2\x80\x98\x1b[01m\x1b[KRCUTILS_LOG_COND_NAMED\x1b[m\x1b[K\xe2\x80\x99\n'}
[2.476153] (detect_s) StderrLine: {'line': b'   72 |       rcutils_log(&__rcutils_logging_location, severity, name, \x1b[01;36m\x1b[K__VA_ARGS__\x1b[m\x1b[K); \\\n'}
[2.476289] (detect_s) StderrLine: {'line': b'      |                                                                \x1b[01;36m\x1b[K^~~~~~~~~~~\x1b[m\x1b[K\n'}
[2.476425] (detect_s) StderrLine: {'line': b'\x1b[01m\x1b[K/opt/ros/foxy/include/rclcpp/logging.hpp:542:5:\x1b[m\x1b[K \x1b[01;36m\x1b[Knote: \x1b[m\x1b[Kin expansion of macro \xe2\x80\x98\x1b[01m\x1b[KRCUTILS_LOG_INFO_NAMED\x1b[m\x1b[K\xe2\x80\x99\n'}
[2.476583] (detect_s) StderrLine: {'line': b'  542 |     \x1b[01;36m\x1b[KRCUTILS_LOG_INFO_NAMED\x1b[m\x1b[K( \\\n'}
[2.476721] (detect_s) StderrLine: {'line': b'      |     \x1b[01;36m\x1b[K^~~~~~~~~~~~~~~~~~~~~~\x1b[m\x1b[K\n'}
[2.476857] (detect_s) StderrLine: {'line': b'\x1b[01m\x1b[K/opt/ros/foxy/include/rclcpp/logging.hpp:545:9:\x1b[m\x1b[K \x1b[01;36m\x1b[Knote: \x1b[m\x1b[Kin expansion of macro \xe2\x80\x98\x1b[01m\x1b[KRCLCPP_ALL_BUT_FIRST_ARGS\x1b[m\x1b[K\xe2\x80\x99\n'}
[2.477008] (detect_s) StderrLine: {'line': b'  545 |         \x1b[01;36m\x1b[KRCLCPP_ALL_BUT_FIRST_ARGS\x1b[m\x1b[K(__VA_ARGS__,"")); \\\n'}
[2.477145] (detect_s) StderrLine: {'line': b'      |         \x1b[01;36m\x1b[K^~~~~~~~~~~~~~~~~~~~~~~~~\x1b[m\x1b[K\n'}
[2.477280] (detect_s) StderrLine: {'line': b'\x1b[01m\x1b[K/ros2_test/AD_Middle_Test/ros2/src/detect_s/src/CameraTimer.cpp:48:4:\x1b[m\x1b[K \x1b[01;36m\x1b[Knote: \x1b[m\x1b[Kin expansion of macro \xe2\x80\x98\x1b[01m\x1b[KRCLCPP_INFO\x1b[m\x1b[K\xe2\x80\x99\n'}
[2.477437] (detect_s) StderrLine: {'line': b'   48 |    \x1b[01;36m\x1b[KRCLCPP_INFO\x1b[m\x1b[K(this->get_logger(), "Publishing: \'%lu\'", message.header.stamp);    // CHANGE\n'}
[2.477577] (detect_s) StderrLine: {'line': b'      |    \x1b[01;36m\x1b[K^~~~~~~~~~~\x1b[m\x1b[K\n'}
[2.477712] (detect_s) StderrLine: {'line': b'\x1b[01m\x1b[K/ros2_test/AD_Middle_Test/ros2/src/detect_s/src/CameraTimer.cpp:49:31:\x1b[m\x1b[K \x1b[01;31m\x1b[Kerror: \x1b[m\x1b[Kno matching function for call to \xe2\x80\x98\x1b[01m\x1b[Krclcpp::Publisher<test_interfaces::msg::TestImage_<std::allocator<void> > >::publish(std::shared_ptr<test_interfaces::msg::TestImage_<std::allocator<void> > >&)\x1b[m\x1b[K\xe2\x80\x99\n'}
[2.477875] (detect_s) StderrLine: {'line': b'   49 |    publisher_->publish(message\x1b[01;31m\x1b[K)\x1b[m\x1b[K;\n'}
[2.478020] (detect_s) StderrLine: {'line': b'      |                               \x1b[01;31m\x1b[K^\x1b[m\x1b[K\n'}
[2.478156] (detect_s) StderrLine: {'line': b'In file included from \x1b[01m\x1b[K/opt/ros/foxy/include/rclcpp/node_interfaces/node_topics_interface.hpp:28\x1b[m\x1b[K,\n'}
[2.478299] (detect_s) StderrLine: {'line': b'                 from \x1b[01m\x1b[K/opt/ros/foxy/include/rclcpp/node.hpp:53\x1b[m\x1b[K,\n'}
[2.478435] (detect_s) StderrLine: {'line': b'                 from \x1b[01m\x1b[K/opt/ros/foxy/include/rclcpp/executors/single_threaded_executor.hpp:28\x1b[m\x1b[K,\n'}
[2.478575] (detect_s) StderrLine: {'line': b'                 from \x1b[01m\x1b[K/opt/ros/foxy/include/rclcpp/executors.hpp:22\x1b[m\x1b[K,\n'}
[2.478719] (detect_s) StderrLine: {'line': b'                 from \x1b[01m\x1b[K/opt/ros/foxy/include/rclcpp/rclcpp.hpp:145\x1b[m\x1b[K,\n'}
[2.478855] (detect_s) StderrLine: {'line': b'                 from \x1b[01m\x1b[K/ros2_test/AD_Middle_Test/ros2/src/detect_s/src/CameraTimer.cpp:4\x1b[m\x1b[K:\n'}
[2.478989] (detect_s) StderrLine: {'line': b'\x1b[01m\x1b[K/opt/ros/foxy/include/rclcpp/publisher.hpp:174:3:\x1b[m\x1b[K \x1b[01;36m\x1b[Knote: \x1b[m\x1b[Kcandidate: \xe2\x80\x98\x1b[01m\x1b[Kvoid rclcpp::Publisher<MessageT, AllocatorT>::publish(std::unique_ptr<MessageT, typename std::conditional<std::is_same<typename std::allocator_traits<typename std::allocator_traits<_Alloc>::rebind_traits<MessageT>::allocator_type>::rebind_alloc<MessageT>, typename std::allocator<void>::rebind<_Tp1>::other>::value, std::default_delete<_Tp>, rclcpp::allocator::AllocatorDeleter<typename std::allocator_traits<_Alloc>::rebind_traits<MessageT>::allocator_type> >::type>) [with MessageT = test_interfaces::msg::TestImage_<std::allocator<void> >; AllocatorT = std::allocator<void>; typename std::conditional<std::is_same<typename std::allocator_traits<typename std::allocator_traits<_Alloc>::rebind_traits<MessageT>::allocator_type>::rebind_alloc<MessageT>, typename std::allocator<void>::rebind<_Tp1>::other>::value, std::default_delete<_Tp>, rclcpp::allocator::AllocatorDeleter<typename std::allocator_traits<_Alloc>::rebind_traits<MessageT>::allocator_type> >::type = std::default_delete<test_interfaces::msg::TestImage_<std::allocator<void> > >]\x1b[m\x1b[K\xe2\x80\x99\n'}
[2.479139] (detect_s) StderrLine: {'line': b'  174 |   \x1b[01;36m\x1b[Kpublish\x1b[m\x1b[K(std::unique_ptr<MessageT, MessageDeleter> msg)\n'}
[2.479273] (detect_s) StderrLine: {'line': b'      |   \x1b[01;36m\x1b[K^~~~~~~\x1b[m\x1b[K\n'}
[2.479408] (detect_s) StderrLine: {'line': b'\x1b[01m\x1b[K/opt/ros/foxy/include/rclcpp/publisher.hpp:174:53:\x1b[m\x1b[K \x1b[01;36m\x1b[Knote: \x1b[m\x1b[K  no known conversion for argument 1 from \xe2\x80\x98\x1b[01m\x1b[Kstd::shared_ptr<test_interfaces::msg::TestImage_<std::allocator<void> > >\x1b[m\x1b[K\xe2\x80\x99 to \xe2\x80\x98\x1b[01m\x1b[Kstd::unique_ptr<test_interfaces::msg::TestImage_<std::allocator<void> >, std::default_delete<test_interfaces::msg::TestImage_<std::allocator<void> > > >\x1b[m\x1b[K\xe2\x80\x99\n'}
[2.479549] (detect_s) StderrLine: {'line': b'  174 |   publish(\x1b[01;36m\x1b[Kstd::unique_ptr<MessageT, MessageDeleter> msg\x1b[m\x1b[K)\n'}
[2.479684] (detect_s) StderrLine: {'line': b'      |           \x1b[01;36m\x1b[K~~~~~~~~~~~~~~~~~~~~~~~~~~~~~~~~~~~~~~~~~~^~~\x1b[m\x1b[K\n'}
[2.479819] (detect_s) StderrLine: {'line': b'\x1b[01m\x1b[K/opt/ros/foxy/include/rclcpp/publisher.hpp:198:3:\x1b[m\x1b[K \x1b[01;36m\x1b[Knote: \x1b[m\x1b[Kcandidate: \xe2\x80\x98\x1b[01m\x1b[Kvoid rclcpp::Publisher<MessageT, AllocatorT>::publish(const MessageT&) [with MessageT = test_interfaces::msg::TestImage_<std::allocator<void> >; AllocatorT = std::allocator<void>]\x1b[m\x1b[K\xe2\x80\x99\n'}
[2.479963] (detect_s) StderrLine: {'line': b'  198 |   \x1b[01;36m\x1b[Kpublish\x1b[m\x1b[K(const MessageT & msg)\n'}
[2.480098] (detect_s) StderrLine: {'line': b'      |   \x1b[01;36m\x1b[K^~~~~~~\x1b[m\x1b[K\n'}
[2.480239] (detect_s) StderrLine: {'line': b'\x1b[01m\x1b[K/opt/ros/foxy/include/rclcpp/publisher.hpp:198:28:\x1b[m\x1b[K \x1b[01;36m\x1b[Knote: \x1b[m\x1b[K  no known conversion for argument 1 from \xe2\x80\x98\x1b[01m\x1b[Kstd::shared_ptr<test_interfaces::msg::TestImage_<std::allocator<void> > >\x1b[m\x1b[K\xe2\x80\x99 to \xe2\x80\x98\x1b[01m\x1b[Kconst test_interfaces::msg::TestImage_<std::allocator<void> >&\x1b[m\x1b[K\xe2\x80\x99\n'}
[2.480380] (detect_s) StderrLine: {'line': b'  198 |   publish(\x1b[01;36m\x1b[Kconst MessageT & msg\x1b[m\x1b[K)\n'}
[2.480515] (detect_s) StderrLine: {'line': b'      |           \x1b[01;36m\x1b[K~~~~~~~~~~~~~~~~~^~~\x1b[m\x1b[K\n'}
[2.480649] (detect_s) StderrLine: {'line': b'\x1b[01m\x1b[K/opt/ros/foxy/include/rclcpp/publisher.hpp:215:3:\x1b[m\x1b[K \x1b[01;36m\x1b[Knote: \x1b[m\x1b[Kcandidate: \xe2\x80\x98\x1b[01m\x1b[Kvoid rclcpp::Publisher<MessageT, AllocatorT>::publish(const rcl_serialized_message_t&) [with MessageT = test_interfaces::msg::TestImage_<std::allocator<void> >; AllocatorT = std::allocator<void>; rcl_serialized_message_t = rcutils_uint8_array_t]\x1b[m\x1b[K\xe2\x80\x99\n'}
[2.480787] (detect_s) StderrLine: {'line': b'  215 |   \x1b[01;36m\x1b[Kpublish\x1b[m\x1b[K(const rcl_serialized_message_t & serialized_msg)\n'}
[2.480923] (detect_s) StderrLine: {'line': b'      |   \x1b[01;36m\x1b[K^~~~~~~\x1b[m\x1b[K\n'}
[2.481057] (detect_s) StderrLine: {'line': b'\x1b[01m\x1b[K/opt/ros/foxy/include/rclcpp/publisher.hpp:215:44:\x1b[m\x1b[K \x1b[01;36m\x1b[Knote: \x1b[m\x1b[K  no known conversion for argument 1 from \xe2\x80\x98\x1b[01m\x1b[Kstd::shared_ptr<test_interfaces::msg::TestImage_<std::allocator<void> > >\x1b[m\x1b[K\xe2\x80\x99 to \xe2\x80\x98\x1b[01m\x1b[Kconst rcl_serialized_message_t&\x1b[m\x1b[K\xe2\x80\x99 {aka \xe2\x80\x98\x1b[01m\x1b[Kconst rcutils_uint8_array_t&\x1b[m\x1b[K\xe2\x80\x99}\n'}
[2.481205] (detect_s) StderrLine: {'line': b'  215 |   publish(\x1b[01;36m\x1b[Kconst rcl_serialized_message_t & serialized_msg\x1b[m\x1b[K)\n'}
[2.481349] (detect_s) StderrLine: {'line': b'      |           \x1b[01;36m\x1b[K~~~~~~~~~~~~~~~~~~~~~~~~~~~~~~~~~^~~~~~~~~~~~~~\x1b[m\x1b[K\n'}
[2.481494] (detect_s) StderrLine: {'line': b'\x1b[01m\x1b[K/opt/ros/foxy/include/rclcpp/publisher.hpp:229:3:\x1b[m\x1b[K \x1b[01;36m\x1b[Knote: \x1b[m\x1b[Kcandidate: \xe2\x80\x98\x1b[01m\x1b[Kvoid rclcpp::Publisher<MessageT, AllocatorT>::publish(rclcpp::LoanedMessage<MessageT, AllocatorT>&&) [with MessageT = test_interfaces::msg::TestImage_<std::allocator<void> >; AllocatorT = std::allocator<void>]\x1b[m\x1b[K\xe2\x80\x99\n'}
[2.481634] (detect_s) StderrLine: {'line': b'  229 |   \x1b[01;36m\x1b[Kpublish\x1b[m\x1b[K(rclcpp::LoanedMessage<MessageT, AllocatorT> && loaned_msg)\n'}
[2.481769] (detect_s) StderrLine: {'line': b'      |   \x1b[01;36m\x1b[K^~~~~~~\x1b[m\x1b[K\n'}
[2.481904] (detect_s) StderrLine: {'line': b'\x1b[01m\x1b[K/opt/ros/foxy/include/rclcpp/publisher.hpp:229:58:\x1b[m\x1b[K \x1b[01;36m\x1b[Knote: \x1b[m\x1b[K  no known conversion for argument 1 from \xe2\x80\x98\x1b[01m\x1b[Kstd::shared_ptr<test_interfaces::msg::TestImage_<std::allocator<void> > >\x1b[m\x1b[K\xe2\x80\x99 to \xe2\x80\x98\x1b[01m\x1b[Krclcpp::LoanedMessage<test_interfaces::msg::TestImage_<std::allocator<void> >, std::allocator<void> >&&\x1b[m\x1b[K\xe2\x80\x99\n'}
[2.482043] (detect_s) StderrLine: {'line': b'  229 |   publish(\x1b[01;36m\x1b[Krclcpp::LoanedMessage<MessageT, AllocatorT> && loaned_msg\x1b[m\x1b[K)\n'}
[2.482178] (detect_s) StderrLine: {'line': b'      |           \x1b[01;36m\x1b[K~~~~~~~~~~~~~~~~~~~~~~~~~~~~~~~~~~~~~~~~~~~~~~~^~~~~~~~~~\x1b[m\x1b[K\n'}
[2.503742] (-) TimerEvent: {}
[2.604025] (-) TimerEvent: {}
[2.629022] (test_interfaces) StdoutLine: {'line': b'[  5%] Built target test_interfaces__cpp\n'}
[2.644503] (test_interfaces) StdoutLine: {'line': b'[  7%] \x1b[34m\x1b[1mGenerating C++ type support for eProsima Fast-RTPS\x1b[0m\n'}
[2.657964] (test_interfaces) StdoutLine: {'line': b'[ 10%] \x1b[34m\x1b[1mGenerating C++ type support dispatch for ROS interfaces\x1b[0m\n'}
[2.677687] (test_interfaces) StdoutLine: {'line': b'[ 12%] \x1b[34m\x1b[1mGenerating C++ introspection for ROS interfaces\x1b[0m\n'}
[2.680439] (test_interfaces) StdoutLine: {'line': b'\x1b[35m\x1b[1mScanning dependencies of target test_interfaces__rosidl_generator_c\x1b[0m\n'}
[2.702098] (test_interfaces) StdoutLine: {'line': b'[ 15%] \x1b[32mBuilding C object CMakeFiles/test_interfaces__rosidl_generator_c.dir/rosidl_generator_c/test_interfaces/msg/detail/test__functions.c.o\x1b[0m\n'}
[2.704105] (-) TimerEvent: {}
[2.716674] (test_interfaces) StdoutLine: {'line': b'[ 17%] \x1b[32mBuilding C object CMakeFiles/test_interfaces__rosidl_generator_c.dir/rosidl_generator_c/test_interfaces/msg/detail/test_image__functions.c.o\x1b[0m\n'}
[2.804217] (-) TimerEvent: {}
[2.828946] (test_interfaces) StdoutLine: {'line': b'[ 20%] \x1b[32m\x1b[1mLinking C shared library libtest_interfaces__rosidl_generator_c.so\x1b[0m\n'}
[2.904323] (-) TimerEvent: {}
[2.908428] (test_interfaces) StdoutLine: {'line': b'[ 20%] Built target test_interfaces__rosidl_generator_c\n'}
[2.927746] (test_interfaces) StdoutLine: {'line': b'[ 23%] \x1b[34m\x1b[1mGenerating C type support dispatch for ROS interfaces\x1b[0m\n'}
[2.983566] (test_interfaces) StdoutLine: {'line': b'[ 25%] \x1b[34m\x1b[1mGenerating C introspection for ROS interfaces\x1b[0m\n'}
[3.004410] (-) TimerEvent: {}
[3.104699] (-) TimerEvent: {}
[3.205013] (-) TimerEvent: {}
[3.305331] (-) TimerEvent: {}
[3.317443] (test_interfaces) StdoutLine: {'line': b'\x1b[35m\x1b[1mScanning dependencies of target test_interfaces__rosidl_typesupport_cpp\x1b[0m\n'}
[3.377504] (test_interfaces) StdoutLine: {'line': b'[ 28%] \x1b[32mBuilding CXX object CMakeFiles/test_interfaces__rosidl_typesupport_cpp.dir/rosidl_typesupport_cpp/test_interfaces/msg/test__type_support.cpp.o\x1b[0m\n'}
[3.389467] (test_interfaces) StdoutLine: {'line': b'\x1b[35m\x1b[1mScanning dependencies of target test_interfaces__rosidl_typesupport_introspection_cpp\x1b[0m\n'}
[3.389922] (test_interfaces) StdoutLine: {'line': b'\x1b[35m\x1b[1mScanning dependencies of target test_interfaces__rosidl_typesupport_fastrtps_cpp\x1b[0m\n'}
[3.405417] (-) TimerEvent: {}
[3.412411] (test_interfaces) StdoutLine: {'line': b'[ 30%] \x1b[32mBuilding CXX object CMakeFiles/test_interfaces__rosidl_typesupport_introspection_cpp.dir/rosidl_typesupport_introspection_cpp/test_interfaces/msg/detail/test__type_support.cpp.o\x1b[0m\n'}
[3.424835] (test_interfaces) StdoutLine: {'line': b'[ 33%] \x1b[32mBuilding CXX object CMakeFiles/test_interfaces__rosidl_typesupport_fastrtps_cpp.dir/rosidl_typesupport_fastrtps_cpp/test_interfaces/msg/dds_fastrtps/test__type_support.cpp.o\x1b[0m\n'}
[3.505528] (-) TimerEvent: {}
[3.605906] (-) TimerEvent: {}
[3.622697] (test_interfaces) StdoutLine: {'line': b'\x1b[35m\x1b[1mScanning dependencies of target test_interfaces__rosidl_typesupport_c\x1b[0m\n'}
[3.706016] (-) TimerEvent: {}
[3.713810] (test_interfaces) StdoutLine: {'line': b'[ 35%] \x1b[32mBuilding CXX object CMakeFiles/test_interfaces__rosidl_typesupport_c.dir/rosidl_typesupport_c/test_interfaces/msg/test__type_support.cpp.o\x1b[0m\n'}
[3.806129] (-) TimerEvent: {}
[3.905823] (test_interfaces) StdoutLine: {'line': b'[ 38%] \x1b[32mBuilding CXX object CMakeFiles/test_interfaces__rosidl_typesupport_c.dir/rosidl_typesupport_c/test_interfaces/msg/test_image__type_support.cpp.o\x1b[0m\n'}
[3.906205] (-) TimerEvent: {}
[3.949416] (test_interfaces) StdoutLine: {'line': b'[ 41%] \x1b[32mBuilding CXX object CMakeFiles/test_interfaces__rosidl_typesupport_cpp.dir/rosidl_typesupport_cpp/test_interfaces/msg/test_image__type_support.cpp.o\x1b[0m\n'}
[3.992662] (test_interfaces) StdoutLine: {'line': b'\x1b[35m\x1b[1mScanning dependencies of target test_interfaces__rosidl_typesupport_introspection_c\x1b[0m\n'}
[3.994469] (test_interfaces) StdoutLine: {'line': b'[ 43%] \x1b[32m\x1b[1mLinking CXX shared library libtest_interfaces__rosidl_typesupport_c.so\x1b[0m\n'}
[4.006328] (-) TimerEvent: {}
[4.013369] (test_interfaces) StdoutLine: {'line': b'[ 46%] \x1b[32mBuilding C object CMakeFiles/test_interfaces__rosidl_typesupport_introspection_c.dir/rosidl_typesupport_introspection_c/test_interfaces/msg/detail/test__type_support.c.o\x1b[0m\n'}
[4.028907] (test_interfaces) StdoutLine: {'line': b'[ 48%] \x1b[32mBuilding CXX object CMakeFiles/test_interfaces__rosidl_typesupport_introspection_cpp.dir/rosidl_typesupport_introspection_cpp/test_interfaces/msg/detail/test_image__type_support.cpp.o\x1b[0m\n'}
[4.106461] (-) TimerEvent: {}
[4.115881] (test_interfaces) StdoutLine: {'line': b'[ 51%] \x1b[32mBuilding C object CMakeFiles/test_interfaces__rosidl_typesupport_introspection_c.dir/rosidl_typesupport_introspection_c/test_interfaces/msg/detail/test_image__type_support.c.o\x1b[0m\n'}
[4.130829] (test_interfaces) StdoutLine: {'line': b'[ 51%] Built target test_interfaces__rosidl_typesupport_c\n'}
[4.189787] (test_interfaces) StdoutLine: {'line': b'[ 53%] \x1b[32mBuilding CXX object CMakeFiles/test_interfaces__rosidl_typesupport_fastrtps_cpp.dir/rosidl_typesupport_fastrtps_cpp/test_interfaces/msg/dds_fastrtps/test_image__type_support.cpp.o\x1b[0m\n'}
[4.206570] (-) TimerEvent: {}
[4.213338] (test_interfaces) StdoutLine: {'line': b'[ 56%] \x1b[32m\x1b[1mLinking C shared library libtest_interfaces__rosidl_typesupport_introspection_c.so\x1b[0m\n'}
[4.244895] (detect_s) StderrLine: {'line': b'make[2]: *** [CMakeFiles/cameraTimer.dir/build.make:63: CMakeFiles/cameraTimer.dir/src/CameraTimer.cpp.o] Error 1\n'}
[4.245246] (detect_s) StderrLine: {'line': b'make[1]: *** [CMakeFiles/Makefile2:107: CMakeFiles/cameraTimer.dir/all] Error 2\n'}
[4.245514] (detect_s) StderrLine: {'line': b'make: *** [Makefile:141: all] Error 2\n'}
[4.247926] (detect_s) CommandEnded: {'returncode': 2}
[4.248396] (detect_s) JobEnded: {'identifier': 'detect_s', 'rc': 2}
[4.306103] (test_interfaces) StdoutLine: {'line': b'[ 56%] Built target test_interfaces__rosidl_typesupport_introspection_c\n'}
[4.306648] (-) TimerEvent: {}
[4.406953] (-) TimerEvent: {}
[4.507345] (-) TimerEvent: {}
[4.509629] (test_interfaces) StdoutLine: {'line': b'[ 58%] \x1b[32m\x1b[1mLinking CXX shared library libtest_interfaces__rosidl_typesupport_cpp.so\x1b[0m\n'}
[4.575097] (test_interfaces) StdoutLine: {'line': b'[ 58%] Built target test_interfaces__rosidl_typesupport_cpp\n'}
[4.606879] (test_interfaces) StdoutLine: {'line': b'[ 61%] \x1b[32m\x1b[1mLinking CXX shared library libtest_interfaces__rosidl_typesupport_introspection_cpp.so\x1b[0m\n'}
[4.607406] (-) TimerEvent: {}
[4.707700] (-) TimerEvent: {}
[4.711698] (test_interfaces) StdoutLine: {'line': b'[ 61%] Built target test_interfaces__rosidl_typesupport_introspection_cpp\n'}
[4.807779] (-) TimerEvent: {}
[4.908030] (-) TimerEvent: {}
[4.940022] (test_interfaces) StdoutLine: {'line': b'[ 64%] \x1b[32m\x1b[1mLinking CXX shared library libtest_interfaces__rosidl_typesupport_fastrtps_cpp.so\x1b[0m\n'}
[5.008144] (-) TimerEvent: {}
[5.066414] (test_interfaces) StdoutLine: {'line': b'[ 64%] Built target test_interfaces__rosidl_typesupport_fastrtps_cpp\n'}
[5.082031] (test_interfaces) StdoutLine: {'line': b'[ 66%] \x1b[34m\x1b[1mGenerating C type support for eProsima Fast-RTPS\x1b[0m\n'}
[5.108218] (-) TimerEvent: {}
[5.208456] (-) TimerEvent: {}
[5.308665] (-) TimerEvent: {}
[5.408864] (-) TimerEvent: {}
[5.509061] (-) TimerEvent: {}
[5.609268] (-) TimerEvent: {}
[5.645760] (test_interfaces) StdoutLine: {'line': b'\x1b[35m\x1b[1mScanning dependencies of target test_interfaces__rosidl_typesupport_fastrtps_c\x1b[0m\n'}
[5.668058] (test_interfaces) StdoutLine: {'line': b'[ 69%] \x1b[32mBuilding CXX object CMakeFiles/test_interfaces__rosidl_typesupport_fastrtps_c.dir/rosidl_typesupport_fastrtps_c/test_interfaces/msg/test__type_support_c.cpp.o\x1b[0m\n'}
[5.668371] (test_interfaces) StdoutLine: {'line': b'[ 71%] \x1b[32mBuilding CXX object CMakeFiles/test_interfaces__rosidl_typesupport_fastrtps_c.dir/rosidl_typesupport_fastrtps_c/test_interfaces/msg/test_image__type_support_c.cpp.o\x1b[0m\n'}
[5.709355] (-) TimerEvent: {}
[5.809662] (-) TimerEvent: {}
[5.909998] (-) TimerEvent: {}
[6.010331] (-) TimerEvent: {}
[6.110663] (-) TimerEvent: {}
[6.211002] (-) TimerEvent: {}
[6.219796] (test_interfaces) StdoutLine: {'line': b'[ 74%] \x1b[32m\x1b[1mLinking CXX shared library libtest_interfaces__rosidl_typesupport_fastrtps_c.so\x1b[0m\n'}
[6.311103] (-) TimerEvent: {}
[6.352853] (test_interfaces) StdoutLine: {'line': b'[ 74%] Built target test_interfaces__rosidl_typesupport_fastrtps_c\n'}
[6.381218] (test_interfaces) StdoutLine: {'line': b'[ 74%] Built target test_interfaces\n'}
[6.410171] (test_interfaces) StdoutLine: {'line': b'[ 76%] \x1b[34m\x1b[1mGenerating Python code for ROS interfaces\x1b[0m\n'}
[6.411187] (-) TimerEvent: {}
[6.511459] (-) TimerEvent: {}
[6.611702] (-) TimerEvent: {}
[6.711908] (-) TimerEvent: {}
[6.812109] (-) TimerEvent: {}
[6.912310] (-) TimerEvent: {}
[7.012518] (-) TimerEvent: {}
[7.112714] (-) TimerEvent: {}
[7.212911] (-) TimerEvent: {}
[7.313106] (-) TimerEvent: {}
[7.413308] (-) TimerEvent: {}
[7.460920] (test_interfaces) StdoutLine: {'line': b'[ 76%] Built target test_interfaces__py\n'}
[7.476746] (test_interfaces) StdoutLine: {'line': b'\x1b[35m\x1b[1mScanning dependencies of target test_interfaces__python\x1b[0m\n'}
[7.501922] (test_interfaces) StdoutLine: {'line': b'[ 79%] \x1b[32mBuilding C object CMakeFiles/test_interfaces__python.dir/rosidl_generator_py/test_interfaces/msg/_test_s.c.o\x1b[0m\n'}
[7.502193] (test_interfaces) StdoutLine: {'line': b'[ 82%] \x1b[32mBuilding C object CMakeFiles/test_interfaces__python.dir/rosidl_generator_py/test_interfaces/msg/_test_image_s.c.o\x1b[0m\n'}
[7.513372] (-) TimerEvent: {}
[7.613675] (-) TimerEvent: {}
[7.656727] (test_interfaces) StdoutLine: {'line': b'[ 84%] \x1b[32m\x1b[1mLinking C shared library rosidl_generator_py/test_interfaces/libtest_interfaces__python.so\x1b[0m\n'}
[7.713762] (-) TimerEvent: {}
[7.719712] (test_interfaces) StdoutLine: {'line': b'[ 84%] Built target test_interfaces__python\n'}
[7.735656] (test_interfaces) StdoutLine: {'line': b'\x1b[35m\x1b[1mScanning dependencies of target test_interfaces__rosidl_typesupport_c__pyext\x1b[0m\n'}
[7.735909] (test_interfaces) StdoutLine: {'line': b'\x1b[35m\x1b[1mScanning dependencies of target test_interfaces__rosidl_typesupport_introspection_c__pyext\x1b[0m\n'}
[7.736064] (test_interfaces) StdoutLine: {'line': b'\x1b[35m\x1b[1mScanning dependencies of target test_interfaces__rosidl_typesupport_fastrtps_c__pyext\x1b[0m\n'}
[7.758691] (test_interfaces) StdoutLine: {'line': b'[ 87%] \x1b[32mBuilding C object CMakeFiles/test_interfaces__rosidl_typesupport_c__pyext.dir/rosidl_generator_py/test_interfaces/_test_interfaces_s.ep.rosidl_typesupport_c.c.o\x1b[0m\n'}
[7.758951] (test_interfaces) StdoutLine: {'line': b'[ 89%] \x1b[32mBuilding C object CMakeFiles/test_interfaces__rosidl_typesupport_introspection_c__pyext.dir/rosidl_generator_py/test_interfaces/_test_interfaces_s.ep.rosidl_typesupport_introspection_c.c.o\x1b[0m\n'}
[7.762962] (test_interfaces) StdoutLine: {'line': b'[ 92%] \x1b[32mBuilding C object CMakeFiles/test_interfaces__rosidl_typesupport_fastrtps_c__pyext.dir/rosidl_generator_py/test_interfaces/_test_interfaces_s.ep.rosidl_typesupport_fastrtps_c.c.o\x1b[0m\n'}
[7.813874] (-) TimerEvent: {}
[7.896941] (test_interfaces) StdoutLine: {'line': b'[ 97%] \x1b[32m\x1b[1mLinking C shared library rosidl_generator_py/test_interfaces/test_interfaces_s__rosidl_typesupport_c.cpython-38-x86_64-linux-gnu.so\x1b[0m\n'}
[7.897266] (test_interfaces) StdoutLine: {'line': b'[ 97%] \x1b[32m\x1b[1mLinking C shared library rosidl_generator_py/test_interfaces/test_interfaces_s__rosidl_typesupport_introspection_c.cpython-38-x86_64-linux-gnu.so\x1b[0m\n'}
[7.904676] (test_interfaces) StdoutLine: {'line': b'[100%] \x1b[32m\x1b[1mLinking CXX shared library rosidl_generator_py/test_interfaces/test_interfaces_s__rosidl_typesupport_fastrtps_c.cpython-38-x86_64-linux-gnu.so\x1b[0m\n'}
[7.913956] (-) TimerEvent: {}
[7.967359] (test_interfaces) StdoutLine: {'line': b'[100%] Built target test_interfaces__rosidl_typesupport_introspection_c__pyext\n'}
[7.967646] (test_interfaces) StdoutLine: {'line': b'[100%] Built target test_interfaces__rosidl_typesupport_c__pyext\n'}
[8.014048] (-) TimerEvent: {}
[8.021502] (test_interfaces) StdoutLine: {'line': b'[100%] Built target test_interfaces__rosidl_typesupport_fastrtps_c__pyext\n'}
[8.036329] (test_interfaces) JobEnded: {'identifier': 'test_interfaces', 'rc': 'SIGINT'}
[8.047101] (simple_s) JobSkipped: {'identifier': 'simple_s'}
[8.047227] (-) EventReactorShutdown: {}
