[0.104s] [35m[1mScanning dependencies of target cameraTimer[0m
[0.136s] [ 50%] Built target yoloDetect
[0.160s] [ 75%] [32mBuilding CXX object CMakeFiles/cameraTimer.dir/src/CameraTimer.cpp.o[0m
[2.453s] [01m[K/ros2_test/AD_Middle_Test/ros2/src/detect_s/src/CameraTimer.cpp:[m[K In member function â€˜[01m[Kvoid CameraTimer::timer_callback()[m[Kâ€™:
[2.453s] [01m[K/ros2_test/AD_Middle_Test/ros2/src/detect_s/src/CameraTimer.cpp:45:24:[m[K [01;31m[Kerror: [m[Kâ€˜[01m[KtmpData[m[Kâ€™ was not declared in this scope
[2.454s]    45 |    message->mat_data = [01;31m[KtmpData[m[K;
[2.454s]       |                        [01;31m[K^~~~~~~[m[K
[3.763s] make[2]: *** [CMakeFiles/cameraTimer.dir/build.make:63: CMakeFiles/cameraTimer.dir/src/CameraTimer.cpp.o] Error 1
[3.763s] make[1]: *** [CMakeFiles/Makefile2:107: CMakeFiles/cameraTimer.dir/all] Error 2
[3.764s] make: *** [Makefile:141: all] Error 2
