[2.787s] [01m[K/ros2_test/AD_Middle_Test/ros2/src/detect_s/src/camera.cpp:[m[K In function â€˜[01m[Kint main(int, char**)[m[Kâ€™:
[2.787s] [01m[K/ros2_test/AD_Middle_Test/ros2/src/detect_s/src/camera.cpp:45:32:[m[K [01;31m[Kerror: [m[Kâ€˜[01m[KMinimalSubscriber[m[Kâ€™ was not declared in this scope
[2.787s]    45 |  rclcpp::spin(std::make_shared<[01;31m[KMinimalSubscriber[m[K>(string(argv[1]),atoi(argv[2]),string(argv[3])));
[2.787s]       |                                [01;31m[K^~~~~~~~~~~~~~~~~[m[K
[2.788s] [01m[K/ros2_test/AD_Middle_Test/ros2/src/detect_s/src/camera.cpp:45:96:[m[K [01;31m[Kerror: [m[Kno matching function for call to â€˜[01m[Kmake_shared<<expression error> >(std::string, int, std::string)[m[Kâ€™
[2.788s]    45 |  rclcpp::spin(std::make_shared<MinimalSubscriber>(string(argv[1]),atoi(argv[2]),string(argv[3])[01;31m[K)[m[K);
[2.788s]       |                                                                                                [01;31m[K^[m[K
[2.788s] In file included from [01m[K/usr/include/c++/9/memory:81[m[K,
[2.788s]                  from [01m[K/ros2_test/AD_Middle_Test/ros2/src/detect_s/src/camera.cpp:3[m[K:
[2.788s] [01m[K/usr/include/c++/9/bits/shared_ptr.h:714:5:[m[K [01;36m[Knote: [m[Kcandidate: â€˜[01m[Ktemplate<class _Tp, class ... _Args> std::shared_ptr<_Tp> std::make_shared(_Args&& ...)[m[Kâ€™
[2.788s]   714 |     [01;36m[Kmake_shared[m[K(_Args&&... __args)
[2.789s]       |     [01;36m[K^~~~~~~~~~~[m[K
[2.789s] [01m[K/usr/include/c++/9/bits/shared_ptr.h:714:5:[m[K [01;36m[Knote: [m[K  template argument deduction/substitution failed:
[2.789s] [01m[K/ros2_test/AD_Middle_Test/ros2/src/detect_s/src/camera.cpp:45:96:[m[K [01;31m[Kerror: [m[Ktemplate argument 1 is invalid
[2.789s]    45 |  rclcpp::spin(std::make_shared<MinimalSubscriber>(string(argv[1]),atoi(argv[2]),string(argv[3])[01;31m[K)[m[K);
[2.789s]       |                                                                                                [01;31m[K^[m[K
[3.654s] make[2]: *** [CMakeFiles/camera.dir/build.make:63: CMakeFiles/camera.dir/src/camera.cpp.o] Error 1
[3.654s] make[1]: *** [CMakeFiles/Makefile2:78: CMakeFiles/camera.dir/all] Error 2
[3.654s] make: *** [Makefile:141: all] Error 2
