[0.081s] -- Found ament_cmake: 0.8.1 (/opt/ros/foxy/share/ament_cmake/cmake)
[0.118s] -- Using PYTHON_EXECUTABLE: /usr/bin/python3
[0.451s] -- Found rclcpp: 0.8.3 (/opt/ros/foxy/share/rclcpp/cmake)
[0.510s] -- Found rosidl_adapter: 0.8.2 (/opt/ros/foxy/share/rosidl_adapter/cmake)
[0.539s] -- Found rmw_implementation_cmake: 0.8.1 (/opt/ros/foxy/share/rmw_implementation_cmake/cmake)
[0.543s] -- Using RMW implementation 'rmw_fastrtps_cpp' as default
[0.657s] -- Found std_msgs: 0.8.1 (/opt/ros/foxy/share/std_msgs/cmake)
[0.670s] -- Found test_interfaces: 0.0.0 (/ros2_test/AD_Middle_Test/ros2/install/test_interfaces/share/test_interfaces/cmake)
[0.672s] -- Found message_filters: 3.2.3 (/opt/ros/foxy/share/message_filters/cmake)
[0.707s] -- Found ament_lint_auto: 0.9.1 (/opt/ros/foxy/share/ament_lint_auto/cmake)
[0.821s] -- Added test 'copyright' to check for copyright in CMake / C / C++ / Python code
[0.829s] -- Added test 'cppcheck' to perform static code analysis on C / C++ code
[0.830s] -- Configured cppcheck include dirs: 
[0.831s] -- Added test 'cpplint' to check C / C++ code against the Google style
[0.832s] -- Added test 'lint_cmake' to check CMake code style
[0.844s] -- Added test 'uncrustify' to check C / C++ code style
[0.845s] -- Added test 'xmllint' to check XML markup files
[0.846s] -- Configuring done
[0.854s] -- Generating done
[0.856s] -- Build files have been written to: /ros2_test/AD_Middle_Test/ros2/src/build/detect_s
[0.891s] [35m[1mScanning dependencies of target camera[0m
[0.919s] [ 50%] [32mBuilding CXX object CMakeFiles/camera.dir/src/camera.cpp.o[0m
[2.787s] [01m[K/ros2_test/AD_Middle_Test/ros2/src/detect_s/src/camera.cpp:[m[K In function â€˜[01m[Kint main(int, char**)[m[Kâ€™:
[2.787s] [01m[K/ros2_test/AD_Middle_Test/ros2/src/detect_s/src/camera.cpp:45:32:[m[K [01;31m[Kerror: [m[Kâ€˜[01m[KMinimalSubscriber[m[Kâ€™ was not declared in this scope
[2.787s]    45 |  rclcpp::spin(std::make_shared<[01;31m[KMinimalSubscriber[m[K>(string(argv[1]),atoi(argv[2]),string(argv[3])));
[2.787s]       |                                [01;31m[K^~~~~~~~~~~~~~~~~[m[K
[2.788s] [01m[K/ros2_test/AD_Middle_Test/ros2/src/detect_s/src/camera.cpp:45:96:[m[K [01;31m[Kerror: [m[Kno matching function for call to â€˜[01m[Kmake_shared<<expression error> >(std::string, int, std::string)[m[Kâ€™
[2.788s]    45 |  rclcpp::spin(std::make_shared<MinimalSubscriber>(string(argv[1]),atoi(argv[2]),string(argv[3])[01;31m[K)[m[K);
[2.788s]       |                                                                                                [01;31m[K^[m[K
[2.788s] In file included from [01m[K/usr/include/c++/9/memory:81[m[K,
[2.788s]                  from [01m[K/ros2_test/AD_Middle_Test/ros2/src/detect_s/src/camera.cpp:3[m[K:
[2.788s] [01m[K/usr/include/c++/9/bits/shared_ptr.h:714:5:[m[K [01;36m[Knote: [m[Kcandidate: â€˜[01m[Ktemplate<class _Tp, class ... _Args> std::shared_ptr<_Tp> std::make_shared(_Args&& ...)[m[Kâ€™
[2.788s]   714 |     [01;36m[Kmake_shared[m[K(_Args&&... __args)
[2.789s]       |     [01;36m[K^~~~~~~~~~~[m[K
[2.789s] [01m[K/usr/include/c++/9/bits/shared_ptr.h:714:5:[m[K [01;36m[Knote: [m[K  template argument deduction/substitution failed:
[2.789s] [01m[K/ros2_test/AD_Middle_Test/ros2/src/detect_s/src/camera.cpp:45:96:[m[K [01;31m[Kerror: [m[Ktemplate argument 1 is invalid
[2.789s]    45 |  rclcpp::spin(std::make_shared<MinimalSubscriber>(string(argv[1]),atoi(argv[2]),string(argv[3])[01;31m[K)[m[K);
[2.789s]       |                                                                                                [01;31m[K^[m[K
[3.654s] make[2]: *** [CMakeFiles/camera.dir/build.make:63: CMakeFiles/camera.dir/src/camera.cpp.o] Error 1
[3.654s] make[1]: *** [CMakeFiles/Makefile2:78: CMakeFiles/camera.dir/all] Error 2
[3.654s] make: *** [Makefile:141: all] Error 2
