[0.025s] Invoking command in '/ros2_test/AD_Middle_Test/ros2/src/build/simple_s': /usr/bin/cmake --build /ros2_test/AD_Middle_Test/ros2/src/build/simple_s -- -j1 -l1
[0.085s] [35m[1mScanning dependencies of target listener[0m
[0.125s] [ 25%] [32mBuilding CXX object CMakeFiles/listener.dir/src/listener.cpp.o[0m
[2.058s] [01m[K/ros2_test/AD_Middle_Test/ros2/src/simple_s/src/listener.cpp:[m[K In constructor â€˜[01m[KMinimalSubscriber::MinimalSubscriber(std::string, int)[m[Kâ€™:
[2.058s] [01m[K/ros2_test/AD_Middle_Test/ros2/src/simple_s/src/listener.cpp:55:100:[m[K [01;31m[Kerror: [m[Kno matching function for call to â€˜[01m[Kmessage_filters::Subscriber<test_interfaces::msg::Test_<std::allocator<void> > >::Subscriber(MinimalSubscriber*, std::__cxx11::basic_string<char>, int)[m[Kâ€™
[2.058s]    55 |    this->sub1 = new message_filters::Subscriber<test_interfaces::msg::Test>(this,channel_name+'0',1[01;31m[K)[m[K;
[2.058s]       |                                                                                                    [01;31m[K^[m[K
[2.059s] In file included from [01m[K/ros2_test/AD_Middle_Test/ros2/src/simple_s/src/listener.cpp:5[m[K:
[2.059s] [01m[K/opt/ros/foxy/include/message_filters/subscriber.h:129:3:[m[K [01;36m[Knote: [m[Kcandidate: â€˜[01m[Kmessage_filters::Subscriber<M>::Subscriber() [with M = test_interfaces::msg::Test_<std::allocator<void> >][m[Kâ€™
[2.059s]   129 |   [01;36m[KSubscriber[m[K() = default;
[2.059s]       |   [01;36m[K^~~~~~~~~~[m[K
[2.059s] [01m[K/opt/ros/foxy/include/message_filters/subscriber.h:129:3:[m[K [01;36m[Knote: [m[K  candidate expects 0 arguments, 3 provided
[2.060s] [01m[K/opt/ros/foxy/include/message_filters/subscriber.h:121:3:[m[K [01;36m[Knote: [m[Kcandidate: â€˜[01m[Kmessage_filters::Subscriber<M>::Subscriber(rclcpp::Node*, const string&, rmw_qos_profile_t) [with M = test_interfaces::msg::Test_<std::allocator<void> >; std::string = std::__cxx11::basic_string<char>; rmw_qos_profile_t = rmw_qos_profile_t][m[Kâ€™
[2.060s]   121 |   [01;36m[KSubscriber[m[K(rclcpp::Node* node, const std::string& topic, const rmw_qos_profile_t qos = rmw_qos_profile_default)
[2.060s]       |   [01;36m[K^~~~~~~~~~[m[K
[2.060s] [01m[K/opt/ros/foxy/include/message_filters/subscriber.h:121:84:[m[K [01;36m[Knote: [m[K  no known conversion for argument 3 from â€˜[01m[Kint[m[Kâ€™ to â€˜[01m[Krmw_qos_profile_t[m[Kâ€™
[2.060s]   121 |   Subscriber(rclcpp::Node* node, const std::string& topic, [01;36m[Kconst rmw_qos_profile_t qos = rmw_qos_profile_default[m[K)
[2.060s]       |                                                            [01;36m[K~~~~~~~~~~~~~~~~~~~~~~~~^~~~~~~~~~~~~~~~~~~~~~~~~~~~~[m[K
[2.061s] [01m[K/opt/ros/foxy/include/message_filters/subscriber.h:116:3:[m[K [01;36m[Knote: [m[Kcandidate: â€˜[01m[Kmessage_filters::Subscriber<M>::Subscriber(rclcpp::Node::SharedPtr, const string&, rmw_qos_profile_t) [with M = test_interfaces::msg::Test_<std::allocator<void> >; rclcpp::Node::SharedPtr = std::shared_ptr<rclcpp::Node>; std::string = std::__cxx11::basic_string<char>; rmw_qos_profile_t = rmw_qos_profile_t][m[Kâ€™
[2.061s]   116 |   [01;36m[KSubscriber[m[K(rclcpp::Node::SharedPtr node, const std::string& topic, const rmw_qos_profile_t qos = rmw_qos_profile_default)
[2.061s]       |   [01;36m[K^~~~~~~~~~[m[K
[2.061s] [01m[K/opt/ros/foxy/include/message_filters/subscriber.h:116:38:[m[K [01;36m[Knote: [m[K  no known conversion for argument 1 from â€˜[01m[KMinimalSubscriber*[m[Kâ€™ to â€˜[01m[Krclcpp::Node::SharedPtr[m[Kâ€™ {aka â€˜[01m[Kstd::shared_ptr<rclcpp::Node>[m[Kâ€™}
[2.061s]   116 |   Subscriber([01;36m[Krclcpp::Node::SharedPtr node[m[K, const std::string& topic, const rmw_qos_profile_t qos = rmw_qos_profile_default)
[2.062s]       |              [01;36m[K~~~~~~~~~~~~~~~~~~~~~~~~^~~~[m[K
[2.062s] [01m[K/ros2_test/AD_Middle_Test/ros2/src/simple_s/src/listener.cpp:56:100:[m[K [01;31m[Kerror: [m[Kno matching function for call to â€˜[01m[Kmessage_filters::Subscriber<test_interfaces::msg::Test_<std::allocator<void> > >::Subscriber(MinimalSubscriber*, std::__cxx11::basic_string<char>, int)[m[Kâ€™
[2.062s]    56 |    this->sub2 = new message_filters::Subscriber<test_interfaces::msg::Test>(this,channel_name+'1',1[01;31m[K)[m[K;
[2.062s]       |                                                                                                    [01;31m[K^[m[K
[2.063s] In file included from [01m[K/ros2_test/AD_Middle_Test/ros2/src/simple_s/src/listener.cpp:5[m[K:
[2.063s] [01m[K/opt/ros/foxy/include/message_filters/subscriber.h:129:3:[m[K [01;36m[Knote: [m[Kcandidate: â€˜[01m[Kmessage_filters::Subscriber<M>::Subscriber() [with M = test_interfaces::msg::Test_<std::allocator<void> >][m[Kâ€™
[2.063s]   129 |   [01;36m[KSubscriber[m[K() = default;
[2.063s]       |   [01;36m[K^~~~~~~~~~[m[K
[2.063s] [01m[K/opt/ros/foxy/include/message_filters/subscriber.h:129:3:[m[K [01;36m[Knote: [m[K  candidate expects 0 arguments, 3 provided
[2.064s] [01m[K/opt/ros/foxy/include/message_filters/subscriber.h:121:3:[m[K [01;36m[Knote: [m[Kcandidate: â€˜[01m[Kmessage_filters::Subscriber<M>::Subscriber(rclcpp::Node*, const string&, rmw_qos_profile_t) [with M = test_interfaces::msg::Test_<std::allocator<void> >; std::string = std::__cxx11::basic_string<char>; rmw_qos_profile_t = rmw_qos_profile_t][m[Kâ€™
[2.064s]   121 |   [01;36m[KSubscriber[m[K(rclcpp::Node* node, const std::string& topic, const rmw_qos_profile_t qos = rmw_qos_profile_default)
[2.064s]       |   [01;36m[K^~~~~~~~~~[m[K
[2.064s] [01m[K/opt/ros/foxy/include/message_filters/subscriber.h:121:84:[m[K [01;36m[Knote: [m[K  no known conversion for argument 3 from â€˜[01m[Kint[m[Kâ€™ to â€˜[01m[Krmw_qos_profile_t[m[Kâ€™
[2.064s]   121 |   Subscriber(rclcpp::Node* node, const std::string& topic, [01;36m[Kconst rmw_qos_profile_t qos = rmw_qos_profile_default[m[K)
[2.064s]       |                                                            [01;36m[K~~~~~~~~~~~~~~~~~~~~~~~~^~~~~~~~~~~~~~~~~~~~~~~~~~~~~[m[K
[2.065s] [01m[K/opt/ros/foxy/include/message_filters/subscriber.h:116:3:[m[K [01;36m[Knote: [m[Kcandidate: â€˜[01m[Kmessage_filters::Subscriber<M>::Subscriber(rclcpp::Node::SharedPtr, const string&, rmw_qos_profile_t) [with M = test_interfaces::msg::Test_<std::allocator<void> >; rclcpp::Node::SharedPtr = std::shared_ptr<rclcpp::Node>; std::string = std::__cxx11::basic_string<char>; rmw_qos_profile_t = rmw_qos_profile_t][m[Kâ€™
[2.065s]   116 |   [01;36m[KSubscriber[m[K(rclcpp::Node::SharedPtr node, const std::string& topic, const rmw_qos_profile_t qos = rmw_qos_profile_default)
[2.065s]       |   [01;36m[K^~~~~~~~~~[m[K
[2.065s] [01m[K/opt/ros/foxy/include/message_filters/subscriber.h:116:38:[m[K [01;36m[Knote: [m[K  no known conversion for argument 1 from â€˜[01m[KMinimalSubscriber*[m[Kâ€™ to â€˜[01m[Krclcpp::Node::SharedPtr[m[Kâ€™ {aka â€˜[01m[Kstd::shared_ptr<rclcpp::Node>[m[Kâ€™}
[2.065s]   116 |   Subscriber([01;36m[Krclcpp::Node::SharedPtr node[m[K, const std::string& topic, const rmw_qos_profile_t qos = rmw_qos_profile_default)
[2.065s]       |              [01;36m[K~~~~~~~~~~~~~~~~~~~~~~~~^~~~[m[K
[2.163s] [01m[K/ros2_test/AD_Middle_Test/ros2/src/simple_s/src/listener.cpp:58:165:[m[K [01;31m[Kerror: [m[Kno match for â€˜[01m[Koperator=[m[Kâ€™ (operand types are â€˜[01m[Kstd::shared_ptr<message_filters::Synchronizer<message_filters::sync_policies::ApproximateTime<test_interfaces::msg::Test_<std::allocator<void> >, test_interfaces::msg::Test_<std::allocator<void> > > > >[m[Kâ€™ and â€˜[01m[Kmessage_filters::Synchronizer<message_filters::sync_policies::ApproximateTime<test_interfaces::msg::Test_<std::allocator<void> >, test_interfaces::msg::Test_<std::allocator<void> > > >*[m[Kâ€™)
[2.163s]    58 |    this->sync = new Synchronizer<sync_policies::ApproximateTime<test_interfaces::msg::Test,test_interfaces::msg::Test>>(MySyncPolicy(10),*(this->sub1),*(this->sub2)[01;31m[K)[m[K;
[2.163s]       |                                                                                                                                                                     [01;31m[K^[m[K
[2.163s] In file included from [01m[K/usr/include/c++/9/memory:81[m[K,
[2.163s]                  from [01m[K/ros2_test/AD_Middle_Test/ros2/src/simple_s/src/listener.cpp:1[m[K:
[2.164s] [01m[K/usr/include/c++/9/bits/shared_ptr.h:309:19:[m[K [01;36m[Knote: [m[Kcandidate: â€˜[01m[Kstd::shared_ptr<_Tp>& std::shared_ptr<_Tp>::operator=(const std::shared_ptr<_Tp>&) [with _Tp = message_filters::Synchronizer<message_filters::sync_policies::ApproximateTime<test_interfaces::msg::Test_<std::allocator<void> >, test_interfaces::msg::Test_<std::allocator<void> > > >][m[Kâ€™
[2.164s]   309 |       shared_ptr& [01;36m[Koperator[m[K=(const shared_ptr&) noexcept = default;
[2.164s]       |                   [01;36m[K^~~~~~~~[m[K
[2.164s] [01m[K/usr/include/c++/9/bits/shared_ptr.h:309:29:[m[K [01;36m[Knote: [m[K  no known conversion for argument 1 from â€˜[01m[Kmessage_filters::Synchronizer<message_filters::sync_policies::ApproximateTime<test_interfaces::msg::Test_<std::allocator<void> >, test_interfaces::msg::Test_<std::allocator<void> > > >*[m[Kâ€™ to â€˜[01m[Kconst std::shared_ptr<message_filters::Synchronizer<message_filters::sync_policies::ApproximateTime<test_interfaces::msg::Test_<std::allocator<void> >, test_interfaces::msg::Test_<std::allocator<void> > > > >&[m[Kâ€™
[2.164s]   309 |       shared_ptr& operator=([01;36m[Kconst shared_ptr&[m[K) noexcept = default;
[2.165s]       |                             [01;36m[K^~~~~~~~~~~~~~~~~[m[K
[2.165s] [01m[K/usr/include/c++/9/bits/shared_ptr.h:313:2:[m[K [01;36m[Knote: [m[Kcandidate: â€˜[01m[Ktemplate<class _Yp> std::shared_ptr<_Tp>::_Assignable<const std::shared_ptr<_Yp>&> std::shared_ptr<_Tp>::operator=(const std::shared_ptr<_Yp>&) [with _Yp = _Yp; _Tp = message_filters::Synchronizer<message_filters::sync_policies::ApproximateTime<test_interfaces::msg::Test_<std::allocator<void> >, test_interfaces::msg::Test_<std::allocator<void> > > >][m[Kâ€™
[2.165s]   313 |  [01;36m[Koperator[m[K=(const shared_ptr<_Yp>& __r) noexcept
[2.165s]       |  [01;36m[K^~~~~~~~[m[K
[2.165s] [01m[K/usr/include/c++/9/bits/shared_ptr.h:313:2:[m[K [01;36m[Knote: [m[K  template argument deduction/substitution failed:
[2.166s] [01m[K/ros2_test/AD_Middle_Test/ros2/src/simple_s/src/listener.cpp:58:165:[m[K [01;36m[Knote: [m[K  mismatched types â€˜[01m[Kconst std::shared_ptr<_Tp>[m[Kâ€™ and â€˜[01m[Kmessage_filters::Synchronizer<message_filters::sync_policies::ApproximateTime<test_interfaces::msg::Test_<std::allocator<void> >, test_interfaces::msg::Test_<std::allocator<void> > > >*[m[Kâ€™
[2.166s]    58 |    this->sync = new Synchronizer<sync_policies::ApproximateTime<test_interfaces::msg::Test,test_interfaces::msg::Test>>(MySyncPolicy(10),*(this->sub1),*(this->sub2)[01;36m[K)[m[K;
[2.166s]       |                                                                                                                                                                     [01;36m[K^[m[K
[2.166s] In file included from [01m[K/usr/include/c++/9/memory:81[m[K,
[2.166s]                  from [01m[K/ros2_test/AD_Middle_Test/ros2/src/simple_s/src/listener.cpp:1[m[K:
[2.167s] [01m[K/usr/include/c++/9/bits/shared_ptr.h:324:2:[m[K [01;36m[Knote: [m[Kcandidate: â€˜[01m[Ktemplate<class _Yp> std::shared_ptr<_Tp>::_Assignable<std::auto_ptr<_Up> > std::shared_ptr<_Tp>::operator=(std::auto_ptr<_Up>&&) [with _Yp = _Yp; _Tp = message_filters::Synchronizer<message_filters::sync_policies::ApproximateTime<test_interfaces::msg::Test_<std::allocator<void> >, test_interfaces::msg::Test_<std::allocator<void> > > >][m[Kâ€™
[2.167s]   324 |  [01;36m[Koperator[m[K=(auto_ptr<_Yp>&& __r)
[2.167s]       |  [01;36m[K^~~~~~~~[m[K
[2.167s] [01m[K/usr/include/c++/9/bits/shared_ptr.h:324:2:[m[K [01;36m[Knote: [m[K  template argument deduction/substitution failed:
[2.167s] [01m[K/ros2_test/AD_Middle_Test/ros2/src/simple_s/src/listener.cpp:58:165:[m[K [01;36m[Knote: [m[K  mismatched types â€˜[01m[Kstd::auto_ptr<_Up>[m[Kâ€™ and â€˜[01m[Kmessage_filters::Synchronizer<message_filters::sync_policies::ApproximateTime<test_interfaces::msg::Test_<std::allocator<void> >, test_interfaces::msg::Test_<std::allocator<void> > > >*[m[Kâ€™
[2.168s]    58 |    this->sync = new Synchronizer<sync_policies::ApproximateTime<test_interfaces::msg::Test,test_interfaces::msg::Test>>(MySyncPolicy(10),*(this->sub1),*(this->sub2)[01;36m[K)[m[K;
[2.168s]       |                                                                                                                                                                     [01;36m[K^[m[K
[2.168s] In file included from [01m[K/usr/include/c++/9/memory:81[m[K,
[2.168s]                  from [01m[K/ros2_test/AD_Middle_Test/ros2/src/simple_s/src/listener.cpp:1[m[K:
[2.168s] [01m[K/usr/include/c++/9/bits/shared_ptr.h:333:7:[m[K [01;36m[Knote: [m[Kcandidate: â€˜[01m[Kstd::shared_ptr<_Tp>& std::shared_ptr<_Tp>::operator=(std::shared_ptr<_Tp>&&) [with _Tp = message_filters::Synchronizer<message_filters::sync_policies::ApproximateTime<test_interfaces::msg::Test_<std::allocator<void> >, test_interfaces::msg::Test_<std::allocator<void> > > >][m[Kâ€™
[2.168s]   333 |       [01;36m[Koperator[m[K=(shared_ptr&& __r) noexcept
[2.169s]       |       [01;36m[K^~~~~~~~[m[K
[2.169s] [01m[K/usr/include/c++/9/bits/shared_ptr.h:333:30:[m[K [01;36m[Knote: [m[K  no known conversion for argument 1 from â€˜[01m[Kmessage_filters::Synchronizer<message_filters::sync_policies::ApproximateTime<test_interfaces::msg::Test_<std::allocator<void> >, test_interfaces::msg::Test_<std::allocator<void> > > >*[m[Kâ€™ to â€˜[01m[Kstd::shared_ptr<message_filters::Synchronizer<message_filters::sync_policies::ApproximateTime<test_interfaces::msg::Test_<std::allocator<void> >, test_interfaces::msg::Test_<std::allocator<void> > > > >&&[m[Kâ€™
[2.169s]   333 |       operator=([01;36m[Kshared_ptr&& __r[m[K) noexcept
[2.169s]       |                 [01;36m[K~~~~~~~~~~~~~^~~[m[K
[2.169s] [01m[K/usr/include/c++/9/bits/shared_ptr.h:341:2:[m[K [01;36m[Knote: [m[Kcandidate: â€˜[01m[Ktemplate<class _Yp> std::shared_ptr<_Tp>::_Assignable<std::shared_ptr<_Yp> > std::shared_ptr<_Tp>::operator=(std::shared_ptr<_Yp>&&) [with _Yp = _Yp; _Tp = message_filters::Synchronizer<message_filters::sync_policies::ApproximateTime<test_interfaces::msg::Test_<std::allocator<void> >, test_interfaces::msg::Test_<std::allocator<void> > > >][m[Kâ€™
[2.170s]   341 |  [01;36m[Koperator[m[K=(shared_ptr<_Yp>&& __r) noexcept
[2.170s]       |  [01;36m[K^~~~~~~~[m[K
[2.170s] [01m[K/usr/include/c++/9/bits/shared_ptr.h:341:2:[m[K [01;36m[Knote: [m[K  template argument deduction/substitution failed:
[2.170s] [01m[K/ros2_test/AD_Middle_Test/ros2/src/simple_s/src/listener.cpp:58:165:[m[K [01;36m[Knote: [m[K  mismatched types â€˜[01m[Kstd::shared_ptr<_Tp>[m[Kâ€™ and â€˜[01m[Kmessage_filters::Synchronizer<message_filters::sync_policies::ApproximateTime<test_interfaces::msg::Test_<std::allocator<void> >, test_interfaces::msg::Test_<std::allocator<void> > > >*[m[Kâ€™
[2.170s]    58 |    this->sync = new Synchronizer<sync_policies::ApproximateTime<test_interfaces::msg::Test,test_interfaces::msg::Test>>(MySyncPolicy(10),*(this->sub1),*(this->sub2)[01;36m[K)[m[K;
[2.171s]       |                                                                                                                                                                     [01;36m[K^[m[K
[2.171s] In file included from [01m[K/usr/include/c++/9/memory:81[m[K,
[2.171s]                  from [01m[K/ros2_test/AD_Middle_Test/ros2/src/simple_s/src/listener.cpp:1[m[K:
[2.171s] [01m[K/usr/include/c++/9/bits/shared_ptr.h:349:2:[m[K [01;36m[Knote: [m[Kcandidate: â€˜[01m[Ktemplate<class _Yp, class _Del> std::shared_ptr<_Tp>::_Assignable<std::unique_ptr<_Up, _Ep> > std::shared_ptr<_Tp>::operator=(std::unique_ptr<_Up, _Ep>&&) [with _Yp = _Yp; _Del = _Del; _Tp = message_filters::Synchronizer<message_filters::sync_policies::ApproximateTime<test_interfaces::msg::Test_<std::allocator<void> >, test_interfaces::msg::Test_<std::allocator<void> > > >][m[Kâ€™
[2.171s]   349 |  [01;36m[Koperator[m[K=(unique_ptr<_Yp, _Del>&& __r)
[2.172s]       |  [01;36m[K^~~~~~~~[m[K
[2.172s] [01m[K/usr/include/c++/9/bits/shared_ptr.h:349:2:[m[K [01;36m[Knote: [m[K  template argument deduction/substitution failed:
[2.172s] [01m[K/ros2_test/AD_Middle_Test/ros2/src/simple_s/src/listener.cpp:58:165:[m[K [01;36m[Knote: [m[K  mismatched types â€˜[01m[Kstd::unique_ptr<_Tp, _Dp>[m[Kâ€™ and â€˜[01m[Kmessage_filters::Synchronizer<message_filters::sync_policies::ApproximateTime<test_interfaces::msg::Test_<std::allocator<void> >, test_interfaces::msg::Test_<std::allocator<void> > > >*[m[Kâ€™
[2.172s]    58 |    this->sync = new Synchronizer<sync_policies::ApproximateTime<test_interfaces::msg::Test,test_interfaces::msg::Test>>(MySyncPolicy(10),*(this->sub1),*(this->sub2)[01;36m[K)[m[K;
[2.172s]       |                                                                                                                                                                     [01;36m[K^[m[K
[2.173s] [01m[K/ros2_test/AD_Middle_Test/ros2/src/simple_s/src/listener.cpp:59:82:[m[K [01;31m[Kerror: [m[Kâ€˜[01m[K_2[m[Kâ€™ was not declared in this scope; did you mean â€˜[01m[Kstd::placeholders::_2[m[Kâ€™?
[2.173s]    59 |    this->sync->registerCallback(std::bind(&MinimalSubscriber::topic_callback2,_1,[01;31m[K_2[m[K));
[2.174s]       |                                                                                  [01;31m[K^~[m[K
[2.174s]       |                                                                                  [32m[Kstd::placeholders::_2[m[K
[2.174s] In file included from [01m[K/opt/ros/foxy/include/rclcpp/context.hpp:19[m[K,
[2.174s]                  from [01m[K/opt/ros/foxy/include/rclcpp/contexts/default_context.hpp:18[m[K,
[2.174s]                  from [01m[K/opt/ros/foxy/include/rclcpp/executor.hpp:32[m[K,
[2.175s]                  from [01m[K/opt/ros/foxy/include/rclcpp/executors/multi_threaded_executor.hpp:25[m[K,
[2.175s]                  from [01m[K/opt/ros/foxy/include/rclcpp/executors.hpp:21[m[K,
[2.175s]                  from [01m[K/opt/ros/foxy/include/rclcpp/rclcpp.hpp:145[m[K,
[2.175s]                  from [01m[K/opt/ros/foxy/include/message_filters/subscriber.h:38[m[K,
[2.175s]                  from [01m[K/ros2_test/AD_Middle_Test/ros2/src/simple_s/src/listener.cpp:5[m[K:
[2.175s] [01m[K/usr/include/c++/9/functional:212:34:[m[K [01;36m[Knote: [m[Kâ€˜[01m[Kstd::placeholders::_2[m[Kâ€™ declared here
[2.176s]   212 |     extern const _Placeholder<2> [01;36m[K_2[m[K;
[2.176s]       |                                  [01;36m[K^~[m[K
[4.266s] make[2]: *** [CMakeFiles/listener.dir/build.make:63: CMakeFiles/listener.dir/src/listener.cpp.o] Error 1
[4.267s] make[1]: *** [CMakeFiles/Makefile2:80: CMakeFiles/listener.dir/all] Error 2
[4.267s] make: *** [Makefile:141: all] Error 2
[4.268s] Invoked command in '/ros2_test/AD_Middle_Test/ros2/src/build/simple_s' returned '2': /usr/bin/cmake --build /ros2_test/AD_Middle_Test/ros2/src/build/simple_s -- -j1 -l1
