[2.715s] [01m[K/ros2_test/AD_Middle_Test/ros2/src/detect_s/src/camera.cpp:[m[K In constructor â€˜[01m[KCamera::Camera(int, int64_t, std::string)[m[Kâ€™:
[2.716s] [01m[K/ros2_test/AD_Middle_Test/ros2/src/detect_s/src/camera.cpp:24:12:[m[K [01;31m[Kerror: [m[Kâ€˜[01m[Kusing TestImage = struct test_interfaces::msg::TestImage_<std::allocator<void> >[m[Kâ€™ {aka â€˜[01m[Kstruct test_interfaces::msg::TestImage_<std::allocator<void> >[m[Kâ€™} has no member named â€˜[01m[Krows[m[Kâ€™
[2.716s]    24 |    message.[01;31m[Krows[m[K = image.rows;
[2.716s]       |            [01;31m[K^~~~[m[K
[2.716s] [01m[K/ros2_test/AD_Middle_Test/ros2/src/detect_s/src/camera.cpp:25:12:[m[K [01;31m[Kerror: [m[Kâ€˜[01m[Kusing TestImage = struct test_interfaces::msg::TestImage_<std::allocator<void> >[m[Kâ€™ {aka â€˜[01m[Kstruct test_interfaces::msg::TestImage_<std::allocator<void> >[m[Kâ€™} has no member named â€˜[01m[Kcols[m[Kâ€™
[2.716s]    25 |    message.[01;31m[Kcols[m[K = image.cols;
[2.716s]       |            [01;31m[K^~~~[m[K
[2.717s] [01m[K/ros2_test/AD_Middle_Test/ros2/src/detect_s/src/camera.cpp:26:12:[m[K [01;31m[Kerror: [m[Kâ€˜[01m[Kusing TestImage = struct test_interfaces::msg::TestImage_<std::allocator<void> >[m[Kâ€™ {aka â€˜[01m[Kstruct test_interfaces::msg::TestImage_<std::allocator<void> >[m[Kâ€™} has no member named â€˜[01m[Kelt_type[m[Kâ€™
[2.717s]    26 |    message.[01;31m[Kelt_type[m[K = image.type();
[2.717s]       |            [01;31m[K^~~~~~~~[m[K
[2.717s] [01m[K/ros2_test/AD_Middle_Test/ros2/src/detect_s/src/camera.cpp:27:12:[m[K [01;31m[Kerror: [m[Kâ€˜[01m[Kusing TestImage = struct test_interfaces::msg::TestImage_<std::allocator<void> >[m[Kâ€™ {aka â€˜[01m[Kstruct test_interfaces::msg::TestImage_<std::allocator<void> >[m[Kâ€™} has no member named â€˜[01m[Kcols[m[Kâ€™
[2.717s]    27 |    message.[01;31m[Kcols[m[K = image.((int)image.elemSize());
[2.717s]       |            [01;31m[K^~~~[m[K
[2.717s] [01m[K/ros2_test/AD_Middle_Test/ros2/src/detect_s/src/camera.cpp:27:25:[m[K [01;31m[Kerror: [m[Kexpected unqualified-id before â€˜[01m[K([m[Kâ€™ token
[2.718s]    27 |    message.cols = image.[01;31m[K([m[K(int)image.elemSize());
[2.718s]       |                         [01;31m[K^[m[K
[2.718s] [01m[K/ros2_test/AD_Middle_Test/ros2/src/detect_s/src/camera.cpp:28:12:[m[K [01;31m[Kerror: [m[Kâ€˜[01m[Kusing TestImage = struct test_interfaces::msg::TestImage_<std::allocator<void> >[m[Kâ€™ {aka â€˜[01m[Kstruct test_interfaces::msg::TestImage_<std::allocator<void> >[m[Kâ€™} has no member named â€˜[01m[Kmat_data[m[Kâ€™
[2.718s]    28 |    message.[01;31m[Kmat_data[m[K = string((char*)image.data,(char*)image.data+image.rows*image.cols*image.elemSize());
[2.718s]       |            [01;31m[K^~~~~~~~[m[K
[2.718s] [01m[K/ros2_test/AD_Middle_Test/ros2/src/detect_s/src/camera.cpp:13:32:[m[K [01;35m[Kwarning: [m[Kunused parameter â€˜[01m[Kstr_size[m[Kâ€™ [[01;35m[K-Wunused-parameter[m[K]
[2.718s]    13 |   Camera(int sleep_ms, [01;35m[Kint64_t str_size[m[K, string channel_name)
[2.719s]       |                        [01;35m[K~~~~~~~~^~~~~~~~[m[K
[4.440s] make[2]: *** [CMakeFiles/camera.dir/build.make:63: CMakeFiles/camera.dir/src/camera.cpp.o] Error 1
[4.441s] make[1]: *** [CMakeFiles/Makefile2:78: CMakeFiles/camera.dir/all] Error 2
[4.441s] make: *** [Makefile:141: all] Error 2
