[1.991s] [01m[K/ros2_test/AD_Middle_Test/ros2/src/simple_s/src/intra_pipe.cpp:21:25:[m[K [01;31m[Kerror: [m[Kredefinition of â€˜[01m[Kstd::vector<std::vector<long unsigned int> > latency[m[Kâ€™
[1.992s]    21 | vector<vector<uint64_t>>[01;31m[Klatency[m[K;
[1.992s]       |                         [01;31m[K^~~~~~~[m[K
[1.992s] [01m[K/ros2_test/AD_Middle_Test/ros2/src/simple_s/src/intra_pipe.cpp:20:25:[m[K [01;36m[Knote: [m[Kâ€˜[01m[Kstd::vector<std::vector<long unsigned int> > latency[m[Kâ€™ previously declared here
[1.992s]    20 | vector<vector<uint64_t>>[01;36m[Klatency[m[K;
[1.992s]       |                         [01;36m[K^~~~~~~[m[K
[2.054s] [01m[K/ros2_test/AD_Middle_Test/ros2/src/simple_s/src/intra_pipe.cpp:[m[K In function â€˜[01m[Kint main(int, char**)[m[Kâ€™:
[2.054s] [01m[K/ros2_test/AD_Middle_Test/ros2/src/simple_s/src/intra_pipe.cpp:126:10:[m[K [01;31m[Kerror: [m[Kâ€˜[01m[Kclass std::vector<std::vector<long unsigned int> >[m[Kâ€™ has no member named â€˜[01m[Kpush[m[Kâ€™
[2.055s]   126 |  latency.[01;31m[Kpush[m[K
[2.055s]       |          [01;31m[K^~~~[m[K
[3.852s] make[2]: *** [CMakeFiles/intra_pipe.dir/build.make:63: CMakeFiles/intra_pipe.dir/src/intra_pipe.cpp.o] Error 1
[3.853s] make[1]: *** [CMakeFiles/Makefile2:163: CMakeFiles/intra_pipe.dir/all] Error 2
[3.853s] make: *** [Makefile:141: all] Error 2
