[0.055s] Invoking command in '/ros2_test/AD_Middle_Test/ros2/src/build/test_interfaces': /usr/bin/cmake /ros2_test/AD_Middle_Test/ros2/src/test_interfaces -DCMAKE_INSTALL_PREFIX=/ros2_test/AD_Middle_Test/ros2/src/install/test_interfaces
[0.145s] -- The C compiler identification is GNU 9.3.0
[0.233s] -- The CXX compiler identification is GNU 9.3.0
[0.242s] -- Check for working C compiler: /usr/bin/cc
[0.344s] -- Check for working C compiler: /usr/bin/cc -- works
[0.346s] -- Detecting C compiler ABI info
[0.449s] -- Detecting C compiler ABI info - done
[0.474s] -- Detecting C compile features
[0.475s] -- Detecting C compile features - done
[0.479s] -- Check for working CXX compiler: /usr/bin/c++
[0.600s] -- Check for working CXX compiler: /usr/bin/c++ -- works
[0.602s] -- Detecting CXX compiler ABI info
[0.725s] -- Detecting CXX compiler ABI info - done
[0.751s] -- Detecting CXX compile features
[0.752s] -- Detecting CXX compile features - done
[0.758s] -- Found ament_cmake: 0.8.1 (/opt/ros/foxy/share/ament_cmake/cmake)
[0.804s] -- Found PythonInterp: /usr/bin/python3 (found suitable version "3.8.2", minimum required is "3") 
[0.804s] -- Using PYTHON_EXECUTABLE: /usr/bin/python3
[1.155s] -- Found rosidl_default_generators: 0.8.0 (/opt/ros/foxy/share/rosidl_default_generators/cmake)
[1.249s] -- Could not find RTI Connext - skipping rosidl_typesupport_connext_c
[1.286s] -- Found rosidl_adapter: 0.8.2 (/opt/ros/foxy/share/rosidl_adapter/cmake)
[1.303s] -- Could not find RTI Connext - skipping rosidl_typesupport_connext_cpp
[1.436s] -- Found OpenSSL: /usr/lib/x86_64-linux-gnu/libcrypto.so (found version "1.1.1f")  
[1.483s] -- Found FastRTPS: /opt/ros/foxy/include  
[1.640s] -- Found std_msgs: 0.8.1 (/opt/ros/foxy/share/std_msgs/cmake)
[1.670s] -- Found sensor_msgs: 0.8.1 (/opt/ros/foxy/share/sensor_msgs/cmake)
[1.734s] -- Found PythonInterp: /usr/bin/python3 (found version "3.8.2") 
[2.107s] -- Using all available rosidl_typesupport_c: rosidl_typesupport_connext_c;rosidl_typesupport_fastrtps_c;rosidl_typesupport_introspection_c
[2.233s] -- Using all available rosidl_typesupport_cpp: rosidl_typesupport_connext_cpp;rosidl_typesupport_fastrtps_cpp;rosidl_typesupport_introspection_cpp
[2.252s] -- Found ament_cmake_ros: 0.9.0 (/opt/ros/foxy/share/ament_cmake_ros/cmake)
[3.201s] -- Found PythonInterp: /usr/bin/python3 (found suitable version "3.8.2", minimum required is "3.5") 
[3.205s] -- Found python_cmake_module: 0.8.0 (/opt/ros/foxy/share/python_cmake_module/cmake)
[3.249s] -- Found PythonLibs: /usr/lib/x86_64-linux-gnu/libpython3.8.so (found suitable version "3.8.2", minimum required is "3.5") 
[3.249s] -- Using PYTHON_EXECUTABLE: /usr/bin/python3
[3.249s] -- Using PYTHON_INCLUDE_DIRS: /usr/include/python3.8
[3.250s] -- Using PYTHON_LIBRARIES: /usr/lib/x86_64-linux-gnu/libpython3.8.so
[3.285s] -- Found PythonExtra: .so  
[3.501s] -- Found ament_lint_auto: 0.9.1 (/opt/ros/foxy/share/ament_lint_auto/cmake)
[3.551s] -- Added test 'lint_cmake' to check CMake code style
[3.553s] -- Added test 'xmllint' to check XML markup files
[3.561s] -- Configuring done
[3.838s] -- Generating done
[3.843s] -- Build files have been written to: /ros2_test/AD_Middle_Test/ros2/src/build/test_interfaces
[3.852s] Invoked command in '/ros2_test/AD_Middle_Test/ros2/src/build/test_interfaces' returned '0': /usr/bin/cmake /ros2_test/AD_Middle_Test/ros2/src/test_interfaces -DCMAKE_INSTALL_PREFIX=/ros2_test/AD_Middle_Test/ros2/src/install/test_interfaces
[3.854s] Invoking command in '/ros2_test/AD_Middle_Test/ros2/src/build/test_interfaces': /usr/bin/cmake --build /ros2_test/AD_Middle_Test/ros2/src/build/test_interfaces -- -j5 -l5
[3.920s] [35m[1mScanning dependencies of target test_interfaces__cpp[0m
[3.922s] [  2%] [34m[1mGenerating C code for ROS interfaces[0m
[3.943s] [  5%] [34m[1mGenerating C++ code for ROS interfaces[0m
[4.750s] [  5%] Built target test_interfaces__cpp
[4.758s] [35m[1mScanning dependencies of target test_interfaces__rosidl_generator_c[0m
[4.783s] [  7%] [34m[1mGenerating C++ type support dispatch for ROS interfaces[0m
[4.795s] [ 10%] [34m[1mGenerating C++ introspection for ROS interfaces[0m
[4.802s] [ 12%] [34m[1mGenerating C++ type support for eProsima Fast-RTPS[0m
[4.832s] [ 15%] [32mBuilding C object CMakeFiles/test_interfaces__rosidl_generator_c.dir/rosidl_generator_c/test_interfaces/msg/detail/test__functions.c.o[0m
[4.867s] [ 17%] [32mBuilding C object CMakeFiles/test_interfaces__rosidl_generator_c.dir/rosidl_generator_c/test_interfaces/msg/detail/test_image__functions.c.o[0m
[4.942s] In file included from [01m[K/ros2_test/AD_Middle_Test/ros2/src/build/test_interfaces/rosidl_generator_c/test_interfaces/msg/detail/test_image__functions.h:19[m[K,
[4.942s]                  from [01m[K/ros2_test/AD_Middle_Test/ros2/src/build/test_interfaces/rosidl_generator_c/test_interfaces/msg/detail/test_image__functions.c:4[m[K:
[4.942s] [01m[K/ros2_test/AD_Middle_Test/ros2/src/build/test_interfaces/rosidl_generator_c/test_interfaces/msg/detail/test_image__struct.h:22:10:[m[K [01;31m[Kfatal error: [m[Ksensor_msg/msg/detail/image__struct.h: No such file or directory
[4.942s]    22 | #include [01;31m[K"sensor_msg/msg/detail/image__struct.h"[m[K
[4.942s]       |          [01;31m[K^~~~~~~~~~~~~~~~~~~~~~~~~~~~~~~~~~~~~~~[m[K
[4.943s] compilation terminated.
[4.953s] make[2]: *** [CMakeFiles/test_interfaces__rosidl_generator_c.dir/build.make:210: CMakeFiles/test_interfaces__rosidl_generator_c.dir/rosidl_generator_c/test_interfaces/msg/detail/test_image__functions.c.o] Error 1
[4.953s] make[2]: *** Waiting for unfinished jobs....
[4.971s] make[1]: *** [CMakeFiles/Makefile2:466: CMakeFiles/test_interfaces__rosidl_generator_c.dir/all] Error 2
[4.971s] make[1]: *** Waiting for unfinished jobs....
[5.474s] [35m[1mScanning dependencies of target test_interfaces__rosidl_typesupport_cpp[0m
[5.544s] [ 20%] [32mBuilding CXX object CMakeFiles/test_interfaces__rosidl_typesupport_cpp.dir/rosidl_typesupport_cpp/test_interfaces/msg/test__type_support.cpp.o[0m
[5.560s] [ 23%] [32mBuilding CXX object CMakeFiles/test_interfaces__rosidl_typesupport_cpp.dir/rosidl_typesupport_cpp/test_interfaces/msg/test_image__type_support.cpp.o[0m
[5.786s] In file included from [01m[K/ros2_test/AD_Middle_Test/ros2/src/build/test_interfaces/rosidl_typesupport_cpp/test_interfaces/msg/test_image__type_support.cpp:7[m[K:
[5.787s] [01m[K/ros2_test/AD_Middle_Test/ros2/src/build/test_interfaces/rosidl_generator_cpp/test_interfaces/msg/detail/test_image__struct.hpp:19:10:[m[K [01;31m[Kfatal error: [m[Ksensor_msg/msg/detail/image__struct.hpp: No such file or directory
[5.787s]    19 | #include [01;31m[K"sensor_msg/msg/detail/image__struct.hpp"[m[K
[5.787s]       |          [01;31m[K^~~~~~~~~~~~~~~~~~~~~~~~~~~~~~~~~~~~~~~~~[m[K
[5.787s] compilation terminated.
[5.788s] make[2]: *** [CMakeFiles/test_interfaces__rosidl_typesupport_cpp.dir/build.make:179: CMakeFiles/test_interfaces__rosidl_typesupport_cpp.dir/rosidl_typesupport_cpp/test_interfaces/msg/test_image__type_support.cpp.o] Error 1
[5.788s] make[2]: *** Waiting for unfinished jobs....
[5.792s] [35m[1mScanning dependencies of target test_interfaces__rosidl_typesupport_introspection_cpp[0m
[5.860s] [ 25%] [32mBuilding CXX object CMakeFiles/test_interfaces__rosidl_typesupport_introspection_cpp.dir/rosidl_typesupport_introspection_cpp/test_interfaces/msg/detail/test__type_support.cpp.o[0m
[5.871s] [ 28%] [32mBuilding CXX object CMakeFiles/test_interfaces__rosidl_typesupport_introspection_cpp.dir/rosidl_typesupport_introspection_cpp/test_interfaces/msg/detail/test_image__type_support.cpp.o[0m
[5.988s] [35m[1mScanning dependencies of target test_interfaces__rosidl_typesupport_fastrtps_cpp[0m
[6.068s] In file included from [01m[K/ros2_test/AD_Middle_Test/ros2/src/build/test_interfaces/rosidl_typesupport_introspection_cpp/test_interfaces/msg/detail/test_image__type_support.cpp:12[m[K:
[6.069s] [01m[K/ros2_test/AD_Middle_Test/ros2/src/build/test_interfaces/rosidl_generator_cpp/test_interfaces/msg/detail/test_image__struct.hpp:19:10:[m[K [01;31m[Kfatal error: [m[Ksensor_msg/msg/detail/image__struct.hpp: No such file or directory
[6.069s]    19 | #include [01;31m[K"sensor_msg/msg/detail/image__struct.hpp"[m[K
[6.069s]       |          [01;31m[K^~~~~~~~~~~~~~~~~~~~~~~~~~~~~~~~~~~~~~~~~[m[K
[6.084s] compilation terminated.
[6.086s] make[2]: *** [CMakeFiles/test_interfaces__rosidl_typesupport_introspection_cpp.dir/build.make:187: CMakeFiles/test_interfaces__rosidl_typesupport_introspection_cpp.dir/rosidl_typesupport_introspection_cpp/test_interfaces/msg/detail/test_image__type_support.cpp.o] Error 1
[6.086s] make[2]: *** Waiting for unfinished jobs....
[6.092s] [ 30%] [32mBuilding CXX object CMakeFiles/test_interfaces__rosidl_typesupport_fastrtps_cpp.dir/rosidl_typesupport_fastrtps_cpp/test_interfaces/msg/dds_fastrtps/test__type_support.cpp.o[0m
[6.151s] [ 33%] [32mBuilding CXX object CMakeFiles/test_interfaces__rosidl_typesupport_fastrtps_cpp.dir/rosidl_typesupport_fastrtps_cpp/test_interfaces/msg/dds_fastrtps/test_image__type_support.cpp.o[0m
[6.339s] make[1]: *** [CMakeFiles/Makefile2:328: CMakeFiles/test_interfaces__rosidl_typesupport_cpp.dir/all] Error 2
[6.384s] In file included from [01m[K/ros2_test/AD_Middle_Test/ros2/src/build/test_interfaces/rosidl_typesupport_fastrtps_cpp/test_interfaces/msg/test_image__rosidl_typesupport_fastrtps_cpp.hpp:11[m[K,
[6.384s]                  from [01m[K/ros2_test/AD_Middle_Test/ros2/src/build/test_interfaces/rosidl_typesupport_fastrtps_cpp/test_interfaces/msg/dds_fastrtps/test_image__type_support.cpp:4[m[K:
[6.384s] [01m[K/ros2_test/AD_Middle_Test/ros2/src/build/test_interfaces/rosidl_generator_cpp/test_interfaces/msg/detail/test_image__struct.hpp:19:10:[m[K [01;31m[Kfatal error: [m[Ksensor_msg/msg/detail/image__struct.hpp: No such file or directory
[6.384s]    19 | #include [01;31m[K"sensor_msg/msg/detail/image__struct.hpp"[m[K
[6.384s]       |          [01;31m[K^~~~~~~~~~~~~~~~~~~~~~~~~~~~~~~~~~~~~~~~~[m[K
[6.384s] compilation terminated.
[6.401s] make[2]: *** [CMakeFiles/test_interfaces__rosidl_typesupport_fastrtps_cpp.dir/build.make:187: CMakeFiles/test_interfaces__rosidl_typesupport_fastrtps_cpp.dir/rosidl_typesupport_fastrtps_cpp/test_interfaces/msg/dds_fastrtps/test_image__type_support.cpp.o] Error 1
[6.402s] make[2]: *** Waiting for unfinished jobs....
[6.656s] make[1]: *** [CMakeFiles/Makefile2:439: CMakeFiles/test_interfaces__rosidl_typesupport_introspection_cpp.dir/all] Error 2
[7.100s] make[1]: *** [CMakeFiles/Makefile2:355: CMakeFiles/test_interfaces__rosidl_typesupport_fastrtps_cpp.dir/all] Error 2
[7.101s] make: *** [Makefile:141: all] Error 2
[7.103s] Invoked command in '/ros2_test/AD_Middle_Test/ros2/src/build/test_interfaces' returned '2': /usr/bin/cmake --build /ros2_test/AD_Middle_Test/ros2/src/build/test_interfaces -- -j5 -l5
