[0.122s] -- The C compiler identification is GNU 9.3.0
[0.210s] -- The CXX compiler identification is GNU 9.3.0
[0.219s] -- Check for working C compiler: /usr/bin/cc
[0.323s] -- Check for working C compiler: /usr/bin/cc -- works
[0.324s] -- Detecting C compiler ABI info
[0.427s] -- Detecting C compiler ABI info - done
[0.451s] -- Detecting C compile features
[0.452s] -- Detecting C compile features - done
[0.457s] -- Check for working CXX compiler: /usr/bin/c++
[0.580s] -- Check for working CXX compiler: /usr/bin/c++ -- works
[0.580s] -- Detecting CXX compiler ABI info
[0.702s] -- Detecting CXX compiler ABI info - done
[0.727s] -- Detecting CXX compile features
[0.728s] -- Detecting CXX compile features - done
[0.734s] -- Found ament_cmake: 0.8.1 (/opt/ros/foxy/share/ament_cmake/cmake)
[0.780s] -- Found PythonInterp: /usr/bin/python3 (found suitable version "3.8.2", minimum required is "3") 
[0.780s] -- Using PYTHON_EXECUTABLE: /usr/bin/python3
[1.122s] -- Found rclcpp: 0.8.3 (/opt/ros/foxy/share/rclcpp/cmake)
[1.222s] -- Found rosidl_adapter: 0.8.2 (/opt/ros/foxy/share/rosidl_adapter/cmake)
[1.265s] -- Found rmw_implementation_cmake: 0.8.1 (/opt/ros/foxy/share/rmw_implementation_cmake/cmake)
[1.269s] -- Using RMW implementation 'rmw_fastrtps_cpp' as default
[1.270s] -- Looking for pthread.h
[1.378s] -- Looking for pthread.h - found
[1.379s] -- Performing Test CMAKE_HAVE_LIBC_PTHREAD
[1.488s] -- Performing Test CMAKE_HAVE_LIBC_PTHREAD - Failed
[1.488s] -- Looking for pthread_create in pthreads
[1.573s] -- Looking for pthread_create in pthreads - not found
[1.573s] -- Looking for pthread_create in pthread
[1.675s] -- Looking for pthread_create in pthread - found
[1.676s] -- Found Threads: TRUE  
[1.818s] -- Found std_msgs: 0.8.1 (/opt/ros/foxy/share/std_msgs/cmake)
[1.830s] -- Found sensor_msgs: 0.8.1 (/opt/ros/foxy/share/sensor_msgs/cmake)
[1.857s] -- Found test_interfaces: 0.0.0 (/ros2_test/AD_Middle_Test/ros2/install/test_interfaces/share/test_interfaces/cmake)
[1.873s] -- Found message_filters: 3.2.3 (/opt/ros/foxy/share/message_filters/cmake)
[1.899s] -- Found OpenCV: /usr/local (found version "3.4.10") 
[2.021s] -- Found ament_lint_auto: 0.9.1 (/opt/ros/foxy/share/ament_lint_auto/cmake)
[2.159s] -- Added test 'copyright' to check for copyright in CMake / C / C++ / Python code
[2.162s] -- Added test 'cppcheck' to perform static code analysis on C / C++ code
[2.163s] -- Configured cppcheck include dirs: /ros2_test/AD_Middle_Test/ros2/src/detect_s/include
[2.165s] -- Added test 'cpplint' to check C / C++ code against the Google style
[2.167s] -- Added test 'lint_cmake' to check CMake code style
[2.169s] -- Added test 'uncrustify' to check C / C++ code style
[2.170s] -- Added test 'xmllint' to check XML markup files
[2.175s] -- Configuring done
[2.233s] -- Generating done
[2.235s] -- Build files have been written to: /ros2_test/AD_Middle_Test/ros2/build/detect_s
[2.305s] [35m[1mScanning dependencies of target yoloDetect[0m
[2.305s] [35m[1mScanning dependencies of target cameraTimer[0m
[2.367s] [ 25%] [32mBuilding CXX object CMakeFiles/cameraTimer.dir/src/CameraTimer.cpp.o[0m
[2.371s] [ 50%] [32mBuilding CXX object CMakeFiles/yoloDetect.dir/src/YoloDetect.cpp.o[0m
[2.614s] [01m[K/ros2_test/AD_Middle_Test/ros2/src/detect_s/src/YoloDetect.cpp:16:10:[m[K [01;31m[Kfatal error: [m[Kdetect_s/YoloResult.h: No such file or directory
[2.614s]    16 | #include [01;31m[K"detect_s/YoloResult.h"[m[K
[2.614s]       |          [01;31m[K^~~~~~~~~~~~~~~~~~~~~~~[m[K
[2.614s] compilation terminated.
[2.617s] make[2]: *** [CMakeFiles/yoloDetect.dir/build.make:63: CMakeFiles/yoloDetect.dir/src/YoloDetect.cpp.o] Error 1
[2.617s] make[1]: *** [CMakeFiles/Makefile2:80: CMakeFiles/yoloDetect.dir/all] Error 2
[2.618s] make[1]: *** Waiting for unfinished jobs....
[10.043s] [ 75%] [32m[1mLinking CXX executable cameraTimer[0m
[10.861s] [ 75%] Built target cameraTimer
[10.907s] make: *** [Makefile:141: all] Error 2
