[0.044s] Invoking command in '/ros2_test/AD_Middle_Test/ros2/src/build/detect_s': /usr/bin/cmake --build /ros2_test/AD_Middle_Test/ros2/src/build/detect_s -- -j5 -l5
[0.103s] [35m[1mScanning dependencies of target cameraTimer[0m
[0.104s] [35m[1mScanning dependencies of target yoloDetect[0m
[0.189s] [ 25%] [32mBuilding CXX object CMakeFiles/cameraTimer.dir/src/CameraTimer.cpp.o[0m
[0.209s] [ 50%] [32mBuilding CXX object CMakeFiles/yoloDetect.dir/src/YoloDetect.cpp.o[0m
[0.460s] [01m[K/ros2_test/AD_Middle_Test/ros2/src/detect_s/src/YoloDetect.cpp:16:10:[m[K [01;31m[Kfatal error: [m[Ktest_interfaces/msg/yolo_result.hpp: No such file or directory
[0.461s]    16 | #include [01;31m[K"test_interfaces/msg/yolo_result.hpp"[m[K
[0.461s]       |          [01;31m[K^~~~~~~~~~~~~~~~~~~~~~~~~~~~~~~~~~~~~[m[K
[0.461s] compilation terminated.
[0.464s] make[2]: *** [CMakeFiles/yoloDetect.dir/build.make:63: CMakeFiles/yoloDetect.dir/src/YoloDetect.cpp.o] Error 1
[0.464s] make[1]: *** [CMakeFiles/Makefile2:80: CMakeFiles/yoloDetect.dir/all] Error 2
[0.464s] make[1]: *** Waiting for unfinished jobs....
[2.503s] [01m[K/ros2_test/AD_Middle_Test/ros2/src/detect_s/src/CameraTimer.cpp:[m[K In member function â€˜[01m[Kvoid CameraTimer::timer_callback()[m[Kâ€™:
[2.503s] [01m[K/ros2_test/AD_Middle_Test/ros2/src/detect_s/src/CameraTimer.cpp:31:36:[m[K [01;31m[Kerror: [m[Kâ€˜[01m[Kstruct test_interfaces::msg::TestImage_<std::allocator<void> >[m[Kâ€™ has no member named â€˜[01m[Kimage_data[m[Kâ€™; did you mean â€˜[01m[Kmat_data[m[Kâ€™?
[2.503s]    31 |    sensor_msgs::fillImage(message->[01;31m[Kimage_data[m[K,sensor_msgs::image_encodings::BGR8,image.rows,image.cols,image.step,image.data);
[2.504s]       |                                    [01;31m[K^~~~~~~~~~[m[K
[2.504s]       |                                    [32m[Kmat_data[m[K
[3.827s] make[2]: *** [CMakeFiles/cameraTimer.dir/build.make:63: CMakeFiles/cameraTimer.dir/src/CameraTimer.cpp.o] Error 1
[3.827s] make[1]: *** [CMakeFiles/Makefile2:107: CMakeFiles/cameraTimer.dir/all] Error 2
[3.827s] make: *** [Makefile:141: all] Error 2
[3.830s] Invoked command in '/ros2_test/AD_Middle_Test/ros2/src/build/detect_s' returned '2': /usr/bin/cmake --build /ros2_test/AD_Middle_Test/ros2/src/build/detect_s -- -j5 -l5
