[0.000000] (-) TimerEvent: {}
[0.000735] (test_interfaces) JobQueued: {'identifier': 'test_interfaces', 'dependencies': OrderedDict()}
[0.001250] (turtlesim) JobQueued: {'identifier': 'turtlesim', 'dependencies': OrderedDict()}
[0.001302] (simple_s) JobQueued: {'identifier': 'simple_s', 'dependencies': OrderedDict([('test_interfaces', '/ros2_test/AD_Middle_Test/ros2/src/install/test_interfaces')])}
[0.001355] (test_interfaces) JobStarted: {'identifier': 'test_interfaces'}
[0.022055] (turtlesim) JobStarted: {'identifier': 'turtlesim'}
[0.039650] (test_interfaces) JobProgress: {'identifier': 'test_interfaces', 'progress': 'cmake'}
[0.040837] (test_interfaces) JobProgress: {'identifier': 'test_interfaces', 'progress': 'build'}
[0.042268] (test_interfaces) Command: {'cmd': ['/usr/bin/cmake', '--build', '/ros2_test/AD_Middle_Test/ros2/src/build/test_interfaces', '--', '-j30', '-l30'], 'cwd': '/ros2_test/AD_Middle_Test/ros2/src/build/test_interfaces', 'env': OrderedDict([('LESSOPEN', '| /usr/bin/lesspipe %s'), ('HOSTNAME', '3d2cb9766238'), ('ROS_PACKAGE_PATH', '/opt/ros/foxy/share'), ('SHLVL', '1'), ('LD_LIBRARY_PATH', '/ros2_test/AD_Middle_Test/ros2/src/install/test_interfaces/lib:/ros2_test/AD_Middle_Test/ros2/src/install/turtlesim/lib:/ros2_test/AD_Middle_Test/ros2/install/turtlesim/lib:/opt/ros/foxy/opt/yaml_cpp_vendor/lib:/opt/ros/foxy/opt/rviz_ogre_vendor/lib:/opt/ros/foxy/lib'), ('HOME', '/root'), ('OLDPWD', '/ros2_test/AD_Middle_Test/ros2/src/simple_s'), ('ROS_PYTHON_VERSION', '3'), ('COLCON_PREFIX_PATH', '/ros2_test/AD_Middle_Test/ros2/src/install:/ros2_test/AD_Middle_Test/ros2/install:/opt/ros/foxy'), ('ROS_DISTRO', 'foxy'), ('_', '/usr/bin/colcon'), ('ROS_VERSION', '2'), ('PKG_CONFIG_PATH', '/opt/ros/foxy/lib/x86_64-linux-gnu/pkgconfig:/opt/ros/foxy/lib/pkgconfig'), ('TERM', 'xterm'), ('ROS_LOCALHOST_ONLY', '0'), ('PATH', '/opt/ros/foxy/bin:/usr/local/sbin:/usr/local/bin:/usr/sbin:/usr/bin:/sbin:/bin'), ('LANG', 'C.UTF-8'), ('LS_COLORS', 'rs=0:di=01;34:ln=01;36:mh=00:pi=40;33:so=01;35:do=01;35:bd=40;33;01:cd=40;33;01:or=40;31;01:mi=00:su=37;41:sg=30;43:ca=30;41:tw=30;42:ow=34;42:st=37;44:ex=01;32:*.tar=01;31:*.tgz=01;31:*.arc=01;31:*.arj=01;31:*.taz=01;31:*.lha=01;31:*.lz4=01;31:*.lzh=01;31:*.lzma=01;31:*.tlz=01;31:*.txz=01;31:*.tzo=01;31:*.t7z=01;31:*.zip=01;31:*.z=01;31:*.dz=01;31:*.gz=01;31:*.lrz=01;31:*.lz=01;31:*.lzo=01;31:*.xz=01;31:*.zst=01;31:*.tzst=01;31:*.bz2=01;31:*.bz=01;31:*.tbz=01;31:*.tbz2=01;31:*.tz=01;31:*.deb=01;31:*.rpm=01;31:*.jar=01;31:*.war=01;31:*.ear=01;31:*.sar=01;31:*.rar=01;31:*.alz=01;31:*.ace=01;31:*.zoo=01;31:*.cpio=01;31:*.7z=01;31:*.rz=01;31:*.cab=01;31:*.wim=01;31:*.swm=01;31:*.dwm=01;31:*.esd=01;31:*.jpg=01;35:*.jpeg=01;35:*.mjpg=01;35:*.mjpeg=01;35:*.gif=01;35:*.bmp=01;35:*.pbm=01;35:*.pgm=01;35:*.ppm=01;35:*.tga=01;35:*.xbm=01;35:*.xpm=01;35:*.tif=01;35:*.tiff=01;35:*.png=01;35:*.svg=01;35:*.svgz=01;35:*.mng=01;35:*.pcx=01;35:*.mov=01;35:*.mpg=01;35:*.mpeg=01;35:*.m2v=01;35:*.mkv=01;35:*.webm=01;35:*.ogm=01;35:*.mp4=01;35:*.m4v=01;35:*.mp4v=01;35:*.vob=01;35:*.qt=01;35:*.nuv=01;35:*.wmv=01;35:*.asf=01;35:*.rm=01;35:*.rmvb=01;35:*.flc=01;35:*.avi=01;35:*.fli=01;35:*.flv=01;35:*.gl=01;35:*.dl=01;35:*.xcf=01;35:*.xwd=01;35:*.yuv=01;35:*.cgm=01;35:*.emf=01;35:*.ogv=01;35:*.ogx=01;35:*.aac=00;36:*.au=00;36:*.flac=00;36:*.m4a=00;36:*.mid=00;36:*.midi=00;36:*.mka=00;36:*.mp3=00;36:*.mpc=00;36:*.ogg=00;36:*.ra=00;36:*.wav=00;36:*.oga=00;36:*.opus=00;36:*.spx=00;36:*.xspf=00;36:'), ('ROSDISTRO_INDEX_URL', 'https://raw.githubusercontent.com/osrf/docker_images/master/ros2/nightly/nightly/index-v4.yaml'), ('AMENT_PREFIX_PATH', '/ros2_test/AD_Middle_Test/ros2/src/install/test_interfaces:/ros2_test/AD_Middle_Test/ros2/src/install/turtlesim:/ros2_test/AD_Middle_Test/ros2/src/install/simple_s:/ros2_test/AD_Middle_Test/ros2/install/simple_s:/ros2_test/AD_Middle_Test/ros2/install/turtlesim:/opt/ros/foxy'), ('LESSCLOSE', '/usr/bin/lesspipe %s %s'), ('PWD', '/ros2_test/AD_Middle_Test/ros2/src/build/test_interfaces'), ('LC_ALL', 'C.UTF-8'), ('PYTHONPATH', '/ros2_test/AD_Middle_Test/ros2/src/install/test_interfaces/lib/python3.8/site-packages:/ros2_test/AD_Middle_Test/ros2/src/install/turtlesim/lib/python3.8/site-packages:/ros2_test/AD_Middle_Test/ros2/install/turtlesim/lib/python3.8/site-packages:/opt/ros/foxy/lib/python3.8/site-packages'), ('COLCON', '1'), ('CMAKE_PREFIX_PATH', '/ros2_test/AD_Middle_Test/ros2/src/install/test_interfaces:/ros2_test/AD_Middle_Test/ros2/src/install/turtlesim:/ros2_test/AD_Middle_Test/ros2/src/install/simple_s:/ros2_test/AD_Middle_Test/ros2/install/simple_s:/ros2_test/AD_Middle_Test/ros2/install/turtlesim:/opt/ros/foxy')]), 'shell': False}
[0.051439] (turtlesim) JobProgress: {'identifier': 'turtlesim', 'progress': 'cmake'}
[0.052755] (turtlesim) JobProgress: {'identifier': 'turtlesim', 'progress': 'build'}
[0.054223] (turtlesim) Command: {'cmd': ['/usr/bin/cmake', '--build', '/ros2_test/AD_Middle_Test/ros2/src/build/turtlesim', '--', '-j30', '-l30'], 'cwd': '/ros2_test/AD_Middle_Test/ros2/src/build/turtlesim', 'env': OrderedDict([('LESSOPEN', '| /usr/bin/lesspipe %s'), ('HOSTNAME', '3d2cb9766238'), ('ROS_PACKAGE_PATH', '/opt/ros/foxy/share'), ('SHLVL', '1'), ('LD_LIBRARY_PATH', '/ros2_test/AD_Middle_Test/ros2/src/install/test_interfaces/lib:/ros2_test/AD_Middle_Test/ros2/src/install/turtlesim/lib:/ros2_test/AD_Middle_Test/ros2/install/turtlesim/lib:/opt/ros/foxy/opt/yaml_cpp_vendor/lib:/opt/ros/foxy/opt/rviz_ogre_vendor/lib:/opt/ros/foxy/lib'), ('HOME', '/root'), ('OLDPWD', '/ros2_test/AD_Middle_Test/ros2/src/simple_s'), ('ROS_PYTHON_VERSION', '3'), ('COLCON_PREFIX_PATH', '/ros2_test/AD_Middle_Test/ros2/src/install:/ros2_test/AD_Middle_Test/ros2/install:/opt/ros/foxy'), ('ROS_DISTRO', 'foxy'), ('_', '/usr/bin/colcon'), ('ROS_VERSION', '2'), ('PKG_CONFIG_PATH', '/opt/ros/foxy/lib/x86_64-linux-gnu/pkgconfig:/opt/ros/foxy/lib/pkgconfig'), ('TERM', 'xterm'), ('ROS_LOCALHOST_ONLY', '0'), ('PATH', '/opt/ros/foxy/bin:/usr/local/sbin:/usr/local/bin:/usr/sbin:/usr/bin:/sbin:/bin'), ('LANG', 'C.UTF-8'), ('LS_COLORS', 'rs=0:di=01;34:ln=01;36:mh=00:pi=40;33:so=01;35:do=01;35:bd=40;33;01:cd=40;33;01:or=40;31;01:mi=00:su=37;41:sg=30;43:ca=30;41:tw=30;42:ow=34;42:st=37;44:ex=01;32:*.tar=01;31:*.tgz=01;31:*.arc=01;31:*.arj=01;31:*.taz=01;31:*.lha=01;31:*.lz4=01;31:*.lzh=01;31:*.lzma=01;31:*.tlz=01;31:*.txz=01;31:*.tzo=01;31:*.t7z=01;31:*.zip=01;31:*.z=01;31:*.dz=01;31:*.gz=01;31:*.lrz=01;31:*.lz=01;31:*.lzo=01;31:*.xz=01;31:*.zst=01;31:*.tzst=01;31:*.bz2=01;31:*.bz=01;31:*.tbz=01;31:*.tbz2=01;31:*.tz=01;31:*.deb=01;31:*.rpm=01;31:*.jar=01;31:*.war=01;31:*.ear=01;31:*.sar=01;31:*.rar=01;31:*.alz=01;31:*.ace=01;31:*.zoo=01;31:*.cpio=01;31:*.7z=01;31:*.rz=01;31:*.cab=01;31:*.wim=01;31:*.swm=01;31:*.dwm=01;31:*.esd=01;31:*.jpg=01;35:*.jpeg=01;35:*.mjpg=01;35:*.mjpeg=01;35:*.gif=01;35:*.bmp=01;35:*.pbm=01;35:*.pgm=01;35:*.ppm=01;35:*.tga=01;35:*.xbm=01;35:*.xpm=01;35:*.tif=01;35:*.tiff=01;35:*.png=01;35:*.svg=01;35:*.svgz=01;35:*.mng=01;35:*.pcx=01;35:*.mov=01;35:*.mpg=01;35:*.mpeg=01;35:*.m2v=01;35:*.mkv=01;35:*.webm=01;35:*.ogm=01;35:*.mp4=01;35:*.m4v=01;35:*.mp4v=01;35:*.vob=01;35:*.qt=01;35:*.nuv=01;35:*.wmv=01;35:*.asf=01;35:*.rm=01;35:*.rmvb=01;35:*.flc=01;35:*.avi=01;35:*.fli=01;35:*.flv=01;35:*.gl=01;35:*.dl=01;35:*.xcf=01;35:*.xwd=01;35:*.yuv=01;35:*.cgm=01;35:*.emf=01;35:*.ogv=01;35:*.ogx=01;35:*.aac=00;36:*.au=00;36:*.flac=00;36:*.m4a=00;36:*.mid=00;36:*.midi=00;36:*.mka=00;36:*.mp3=00;36:*.mpc=00;36:*.ogg=00;36:*.ra=00;36:*.wav=00;36:*.oga=00;36:*.opus=00;36:*.spx=00;36:*.xspf=00;36:'), ('ROSDISTRO_INDEX_URL', 'https://raw.githubusercontent.com/osrf/docker_images/master/ros2/nightly/nightly/index-v4.yaml'), ('AMENT_PREFIX_PATH', '/ros2_test/AD_Middle_Test/ros2/src/install/test_interfaces:/ros2_test/AD_Middle_Test/ros2/src/install/turtlesim:/ros2_test/AD_Middle_Test/ros2/src/install/simple_s:/ros2_test/AD_Middle_Test/ros2/install/simple_s:/ros2_test/AD_Middle_Test/ros2/install/turtlesim:/opt/ros/foxy'), ('LESSCLOSE', '/usr/bin/lesspipe %s %s'), ('PWD', '/ros2_test/AD_Middle_Test/ros2/src/build/turtlesim'), ('LC_ALL', 'C.UTF-8'), ('PYTHONPATH', '/ros2_test/AD_Middle_Test/ros2/src/install/test_interfaces/lib/python3.8/site-packages:/ros2_test/AD_Middle_Test/ros2/src/install/turtlesim/lib/python3.8/site-packages:/ros2_test/AD_Middle_Test/ros2/install/turtlesim/lib/python3.8/site-packages:/opt/ros/foxy/lib/python3.8/site-packages'), ('COLCON', '1'), ('CMAKE_PREFIX_PATH', '/ros2_test/AD_Middle_Test/ros2/src/install/test_interfaces:/ros2_test/AD_Middle_Test/ros2/src/install/turtlesim:/ros2_test/AD_Middle_Test/ros2/src/install/simple_s:/ros2_test/AD_Middle_Test/ros2/install/simple_s:/ros2_test/AD_Middle_Test/ros2/install/turtlesim:/opt/ros/foxy')]), 'shell': False}
[0.099498] (-) TimerEvent: {}
[0.123188] (test_interfaces) StdoutLine: {'line': b'[  3%] Built target test_interfaces__cpp\n'}
[0.124208] (test_interfaces) StdoutLine: {'line': b'[ 12%] Built target test_interfaces__rosidl_generator_c\n'}
[0.137903] (turtlesim) StdoutLine: {'line': b'[  1%] Built target turtlesim__cpp\n'}
[0.142310] (turtlesim) StdoutLine: {'line': b'[ 11%] Built target turtlesim__rosidl_generator_c\n'}
[0.155555] (test_interfaces) StdoutLine: {'line': b'[ 22%] Built target test_interfaces__rosidl_typesupport_cpp\n'}
[0.155797] (test_interfaces) StdoutLine: {'line': b'[ 32%] Built target test_interfaces__rosidl_typesupport_introspection_cpp\n'}
[0.157238] (test_interfaces) StdoutLine: {'line': b'[ 41%] Built target test_interfaces__rosidl_typesupport_c\n'}
[0.157624] (test_interfaces) StdoutLine: {'line': b'[ 51%] Built target test_interfaces__rosidl_typesupport_introspection_c\n'}
[0.158536] (test_interfaces) StdoutLine: {'line': b'[ 61%] Built target test_interfaces__rosidl_typesupport_fastrtps_cpp\n'}
[0.174334] (turtlesim) StdoutLine: {'line': b'[ 21%] Built target turtlesim__rosidl_typesupport_cpp\n'}
[0.176556] (turtlesim) StdoutLine: {'line': b'[ 31%] Built target turtlesim__rosidl_typesupport_introspection_cpp\n'}
[0.179566] (turtlesim) StdoutLine: {'line': b'[ 51%] Built target turtlesim__rosidl_typesupport_introspection_c\n'}
[0.179761] (turtlesim) StdoutLine: {'line': b'[ 51%] Built target turtlesim__rosidl_typesupport_c\n'}
[0.182337] (turtlesim) StdoutLine: {'line': b'[ 61%] Built target turtlesim__rosidl_typesupport_fastrtps_cpp\n'}
[0.193177] (test_interfaces) StdoutLine: {'line': b'[ 70%] Built target test_interfaces__rosidl_typesupport_fastrtps_c\n'}
[0.199561] (-) TimerEvent: {}
[0.220737] (test_interfaces) StdoutLine: {'line': b'[ 70%] Built target test_interfaces\n'}
[0.224384] (turtlesim) StdoutLine: {'line': b'[ 71%] Built target turtlesim__rosidl_typesupport_fastrtps_c\n'}
[0.249054] (test_interfaces) StdoutLine: {'line': b'[ 74%] Built target test_interfaces__py\n'}
[0.252690] (turtlesim) StdoutLine: {'line': b'[ 71%] Built target turtlesim\n'}
[0.283077] (turtlesim) StdoutLine: {'line': b'[ 72%] Built target turtlesim__py\n'}
[0.284290] (test_interfaces) StdoutLine: {'line': b'[ 80%] Built target test_interfaces__python\n'}
[0.295888] (turtlesim) StdoutLine: {'line': b'[ 74%] Built target mimic\n'}
[0.296169] (turtlesim) StdoutLine: {'line': b'[ 76%] Built target draw_square\n'}
[0.296635] (turtlesim) StdoutLine: {'line': b'[ 78%] Built target turtle_teleop_key\n'}
[0.299634] (-) TimerEvent: {}
[0.318649] (test_interfaces) StdoutLine: {'line': b'[ 87%] Built target test_interfaces__rosidl_typesupport_c__pyext\n'}
[0.318999] (test_interfaces) StdoutLine: {'line': b'[ 93%] Built target test_interfaces__rosidl_typesupport_introspection_c__pyext\n'}
[0.319524] (turtlesim) StdoutLine: {'line': b'[ 84%] Built target turtlesim_node\n'}
[0.320174] (test_interfaces) StdoutLine: {'line': b'[100%] Built target test_interfaces__rosidl_typesupport_fastrtps_c__pyext\n'}
[0.326498] (turtlesim) StdoutLine: {'line': b'[ 93%] Built target turtlesim__python\n'}
[0.335258] (test_interfaces) CommandEnded: {'returncode': 0}
[0.363646] (turtlesim) StdoutLine: {'line': b'[ 95%] Built target turtlesim__rosidl_typesupport_c__pyext\n'}
[0.364164] (turtlesim) StdoutLine: {'line': b'[100%] Built target turtlesim__rosidl_typesupport_introspection_c__pyext\n'}
[0.364358] (turtlesim) StdoutLine: {'line': b'[100%] Built target turtlesim__rosidl_typesupport_fastrtps_c__pyext\n'}
[0.380531] (turtlesim) CommandEnded: {'returncode': 0}
[0.399779] (-) TimerEvent: {}
[0.403381] (test_interfaces) JobProgress: {'identifier': 'test_interfaces', 'progress': 'install'}
[0.418901] (test_interfaces) Command: {'cmd': ['/usr/bin/cmake', '--install', '/ros2_test/AD_Middle_Test/ros2/src/build/test_interfaces'], 'cwd': '/ros2_test/AD_Middle_Test/ros2/src/build/test_interfaces', 'env': OrderedDict([('LESSOPEN', '| /usr/bin/lesspipe %s'), ('HOSTNAME', '3d2cb9766238'), ('ROS_PACKAGE_PATH', '/opt/ros/foxy/share'), ('SHLVL', '1'), ('LD_LIBRARY_PATH', '/ros2_test/AD_Middle_Test/ros2/src/install/test_interfaces/lib:/ros2_test/AD_Middle_Test/ros2/src/install/turtlesim/lib:/ros2_test/AD_Middle_Test/ros2/install/turtlesim/lib:/opt/ros/foxy/opt/yaml_cpp_vendor/lib:/opt/ros/foxy/opt/rviz_ogre_vendor/lib:/opt/ros/foxy/lib'), ('HOME', '/root'), ('OLDPWD', '/ros2_test/AD_Middle_Test/ros2/src/simple_s'), ('ROS_PYTHON_VERSION', '3'), ('COLCON_PREFIX_PATH', '/ros2_test/AD_Middle_Test/ros2/src/install:/ros2_test/AD_Middle_Test/ros2/install:/opt/ros/foxy'), ('ROS_DISTRO', 'foxy'), ('_', '/usr/bin/colcon'), ('ROS_VERSION', '2'), ('PKG_CONFIG_PATH', '/opt/ros/foxy/lib/x86_64-linux-gnu/pkgconfig:/opt/ros/foxy/lib/pkgconfig'), ('TERM', 'xterm'), ('ROS_LOCALHOST_ONLY', '0'), ('PATH', '/opt/ros/foxy/bin:/usr/local/sbin:/usr/local/bin:/usr/sbin:/usr/bin:/sbin:/bin'), ('LANG', 'C.UTF-8'), ('LS_COLORS', 'rs=0:di=01;34:ln=01;36:mh=00:pi=40;33:so=01;35:do=01;35:bd=40;33;01:cd=40;33;01:or=40;31;01:mi=00:su=37;41:sg=30;43:ca=30;41:tw=30;42:ow=34;42:st=37;44:ex=01;32:*.tar=01;31:*.tgz=01;31:*.arc=01;31:*.arj=01;31:*.taz=01;31:*.lha=01;31:*.lz4=01;31:*.lzh=01;31:*.lzma=01;31:*.tlz=01;31:*.txz=01;31:*.tzo=01;31:*.t7z=01;31:*.zip=01;31:*.z=01;31:*.dz=01;31:*.gz=01;31:*.lrz=01;31:*.lz=01;31:*.lzo=01;31:*.xz=01;31:*.zst=01;31:*.tzst=01;31:*.bz2=01;31:*.bz=01;31:*.tbz=01;31:*.tbz2=01;31:*.tz=01;31:*.deb=01;31:*.rpm=01;31:*.jar=01;31:*.war=01;31:*.ear=01;31:*.sar=01;31:*.rar=01;31:*.alz=01;31:*.ace=01;31:*.zoo=01;31:*.cpio=01;31:*.7z=01;31:*.rz=01;31:*.cab=01;31:*.wim=01;31:*.swm=01;31:*.dwm=01;31:*.esd=01;31:*.jpg=01;35:*.jpeg=01;35:*.mjpg=01;35:*.mjpeg=01;35:*.gif=01;35:*.bmp=01;35:*.pbm=01;35:*.pgm=01;35:*.ppm=01;35:*.tga=01;35:*.xbm=01;35:*.xpm=01;35:*.tif=01;35:*.tiff=01;35:*.png=01;35:*.svg=01;35:*.svgz=01;35:*.mng=01;35:*.pcx=01;35:*.mov=01;35:*.mpg=01;35:*.mpeg=01;35:*.m2v=01;35:*.mkv=01;35:*.webm=01;35:*.ogm=01;35:*.mp4=01;35:*.m4v=01;35:*.mp4v=01;35:*.vob=01;35:*.qt=01;35:*.nuv=01;35:*.wmv=01;35:*.asf=01;35:*.rm=01;35:*.rmvb=01;35:*.flc=01;35:*.avi=01;35:*.fli=01;35:*.flv=01;35:*.gl=01;35:*.dl=01;35:*.xcf=01;35:*.xwd=01;35:*.yuv=01;35:*.cgm=01;35:*.emf=01;35:*.ogv=01;35:*.ogx=01;35:*.aac=00;36:*.au=00;36:*.flac=00;36:*.m4a=00;36:*.mid=00;36:*.midi=00;36:*.mka=00;36:*.mp3=00;36:*.mpc=00;36:*.ogg=00;36:*.ra=00;36:*.wav=00;36:*.oga=00;36:*.opus=00;36:*.spx=00;36:*.xspf=00;36:'), ('ROSDISTRO_INDEX_URL', 'https://raw.githubusercontent.com/osrf/docker_images/master/ros2/nightly/nightly/index-v4.yaml'), ('AMENT_PREFIX_PATH', '/ros2_test/AD_Middle_Test/ros2/src/install/test_interfaces:/ros2_test/AD_Middle_Test/ros2/src/install/turtlesim:/ros2_test/AD_Middle_Test/ros2/src/install/simple_s:/ros2_test/AD_Middle_Test/ros2/install/simple_s:/ros2_test/AD_Middle_Test/ros2/install/turtlesim:/opt/ros/foxy'), ('LESSCLOSE', '/usr/bin/lesspipe %s %s'), ('PWD', '/ros2_test/AD_Middle_Test/ros2/src/build/test_interfaces'), ('LC_ALL', 'C.UTF-8'), ('PYTHONPATH', '/ros2_test/AD_Middle_Test/ros2/src/install/test_interfaces/lib/python3.8/site-packages:/ros2_test/AD_Middle_Test/ros2/src/install/turtlesim/lib/python3.8/site-packages:/ros2_test/AD_Middle_Test/ros2/install/turtlesim/lib/python3.8/site-packages:/opt/ros/foxy/lib/python3.8/site-packages'), ('COLCON', '1'), ('CMAKE_PREFIX_PATH', '/ros2_test/AD_Middle_Test/ros2/src/install/test_interfaces:/ros2_test/AD_Middle_Test/ros2/src/install/turtlesim:/ros2_test/AD_Middle_Test/ros2/src/install/simple_s:/ros2_test/AD_Middle_Test/ros2/install/simple_s:/ros2_test/AD_Middle_Test/ros2/install/turtlesim:/opt/ros/foxy')]), 'shell': False}
[0.432362] (test_interfaces) StdoutLine: {'line': b'-- Install configuration: ""\n'}
[0.432727] (test_interfaces) StdoutLine: {'line': b'-- Up-to-date: /ros2_test/AD_Middle_Test/ros2/src/install/test_interfaces/share/ament_index/resource_index/rosidl_interfaces/test_interfaces\n'}
[0.432914] (test_interfaces) StdoutLine: {'line': b'-- Up-to-date: /ros2_test/AD_Middle_Test/ros2/src/install/test_interfaces/lib/libtest_interfaces__rosidl_typesupport_c.so\n'}
[0.433275] (test_interfaces) StdoutLine: {'line': b'-- Up-to-date: /ros2_test/AD_Middle_Test/ros2/src/install/test_interfaces/share/test_interfaces/environment/library_path.sh\n'}
[0.433454] (test_interfaces) StdoutLine: {'line': b'-- Up-to-date: /ros2_test/AD_Middle_Test/ros2/src/install/test_interfaces/share/test_interfaces/environment/library_path.dsv\n'}
[0.433735] (test_interfaces) StdoutLine: {'line': b'-- Up-to-date: /ros2_test/AD_Middle_Test/ros2/src/install/test_interfaces/lib/libtest_interfaces__rosidl_typesupport_cpp.so\n'}
[0.434159] (test_interfaces) StdoutLine: {'line': b'-- Up-to-date: /ros2_test/AD_Middle_Test/ros2/src/install/test_interfaces/include/test_interfaces\n'}
[0.434436] (test_interfaces) StdoutLine: {'line': b'-- Up-to-date: /ros2_test/AD_Middle_Test/ros2/src/install/test_interfaces/include/test_interfaces/msg\n'}
[0.434584] (test_interfaces) StdoutLine: {'line': b'-- Up-to-date: /ros2_test/AD_Middle_Test/ros2/src/install/test_interfaces/include/test_interfaces/msg/test__rosidl_typesupport_fastrtps_c.h\n'}
[0.434769] (test_interfaces) StdoutLine: {'line': b'-- Up-to-date: /ros2_test/AD_Middle_Test/ros2/src/install/test_interfaces/include/test_interfaces/msg/rosidl_typesupport_fastrtps_c__visibility_control.h\n'}
[0.435030] (test_interfaces) StdoutLine: {'line': b'-- Up-to-date: /ros2_test/AD_Middle_Test/ros2/src/install/test_interfaces/lib/libtest_interfaces__rosidl_typesupport_fastrtps_c.so\n'}
[0.435235] (test_interfaces) StdoutLine: {'line': b'-- Up-to-date: /ros2_test/AD_Middle_Test/ros2/src/install/test_interfaces/include/test_interfaces\n'}
[0.435449] (test_interfaces) StdoutLine: {'line': b'-- Up-to-date: /ros2_test/AD_Middle_Test/ros2/src/install/test_interfaces/include/test_interfaces/msg\n'}
[0.435679] (test_interfaces) StdoutLine: {'line': b'-- Up-to-date: /ros2_test/AD_Middle_Test/ros2/src/install/test_interfaces/include/test_interfaces/msg/dds_fastrtps\n'}
[0.435850] (test_interfaces) StdoutLine: {'line': b'-- Up-to-date: /ros2_test/AD_Middle_Test/ros2/src/install/test_interfaces/include/test_interfaces/msg/rosidl_typesupport_fastrtps_cpp__visibility_control.h\n'}
[0.435989] (test_interfaces) StdoutLine: {'line': b'-- Up-to-date: /ros2_test/AD_Middle_Test/ros2/src/install/test_interfaces/include/test_interfaces/msg/test__rosidl_typesupport_fastrtps_cpp.hpp\n'}
[0.436128] (test_interfaces) StdoutLine: {'line': b'-- Up-to-date: /ros2_test/AD_Middle_Test/ros2/src/install/test_interfaces/lib/libtest_interfaces__rosidl_typesupport_fastrtps_cpp.so\n'}
[0.436480] (test_interfaces) StdoutLine: {'line': b'-- Up-to-date: /ros2_test/AD_Middle_Test/ros2/src/install/test_interfaces/include/test_interfaces\n'}
[0.436622] (test_interfaces) StdoutLine: {'line': b'-- Up-to-date: /ros2_test/AD_Middle_Test/ros2/src/install/test_interfaces/include/test_interfaces/msg\n'}
[0.436763] (test_interfaces) StdoutLine: {'line': b'-- Up-to-date: /ros2_test/AD_Middle_Test/ros2/src/install/test_interfaces/include/test_interfaces/msg/rosidl_typesupport_introspection_c__visibility_control.h\n'}
[0.436931] (test_interfaces) StdoutLine: {'line': b'-- Up-to-date: /ros2_test/AD_Middle_Test/ros2/src/install/test_interfaces/include/test_interfaces/msg/detail\n'}
[0.437079] (test_interfaces) StdoutLine: {'line': b'-- Up-to-date: /ros2_test/AD_Middle_Test/ros2/src/install/test_interfaces/include/test_interfaces/msg/detail/test__type_support.c\n'}
[0.437387] (test_interfaces) StdoutLine: {'line': b'-- Up-to-date: /ros2_test/AD_Middle_Test/ros2/src/install/test_interfaces/include/test_interfaces/msg/detail/test__rosidl_typesupport_introspection_c.h\n'}
[0.437557] (test_interfaces) StdoutLine: {'line': b'-- Up-to-date: /ros2_test/AD_Middle_Test/ros2/src/install/test_interfaces/lib/libtest_interfaces__rosidl_typesupport_introspection_c.so\n'}
[0.437707] (test_interfaces) StdoutLine: {'line': b'-- Up-to-date: /ros2_test/AD_Middle_Test/ros2/src/install/test_interfaces/include/test_interfaces\n'}
[0.437877] (test_interfaces) StdoutLine: {'line': b'-- Up-to-date: /ros2_test/AD_Middle_Test/ros2/src/install/test_interfaces/include/test_interfaces/msg\n'}
[0.438101] (test_interfaces) StdoutLine: {'line': b'-- Up-to-date: /ros2_test/AD_Middle_Test/ros2/src/install/test_interfaces/include/test_interfaces/msg/detail\n'}
[0.438268] (test_interfaces) StdoutLine: {'line': b'-- Up-to-date: /ros2_test/AD_Middle_Test/ros2/src/install/test_interfaces/include/test_interfaces/msg/detail/test__type_support.cpp\n'}
[0.438580] (test_interfaces) StdoutLine: {'line': b'-- Up-to-date: /ros2_test/AD_Middle_Test/ros2/src/install/test_interfaces/include/test_interfaces/msg/detail/test__rosidl_typesupport_introspection_cpp.hpp\n'}
[0.438838] (test_interfaces) StdoutLine: {'line': b'-- Up-to-date: /ros2_test/AD_Middle_Test/ros2/src/install/test_interfaces/lib/libtest_interfaces__rosidl_typesupport_introspection_cpp.so\n'}
[0.439024] (test_interfaces) StdoutLine: {'line': b'-- Up-to-date: /ros2_test/AD_Middle_Test/ros2/src/install/test_interfaces/include/test_interfaces\n'}
[0.439164] (test_interfaces) StdoutLine: {'line': b'-- Up-to-date: /ros2_test/AD_Middle_Test/ros2/src/install/test_interfaces/include/test_interfaces/msg\n'}
[0.439301] (test_interfaces) StdoutLine: {'line': b'-- Up-to-date: /ros2_test/AD_Middle_Test/ros2/src/install/test_interfaces/include/test_interfaces/msg/detail\n'}
[0.439568] (test_interfaces) StdoutLine: {'line': b'-- Up-to-date: /ros2_test/AD_Middle_Test/ros2/src/install/test_interfaces/include/test_interfaces/msg/detail/test__functions.c\n'}
[0.439954] (test_interfaces) StdoutLine: {'line': b'-- Up-to-date: /ros2_test/AD_Middle_Test/ros2/src/install/test_interfaces/include/test_interfaces/msg/detail/test__struct.h\n'}
[0.440095] (test_interfaces) StdoutLine: {'line': b'-- Up-to-date: /ros2_test/AD_Middle_Test/ros2/src/install/test_interfaces/include/test_interfaces/msg/detail/test__functions.h\n'}
[0.440233] (test_interfaces) StdoutLine: {'line': b'-- Up-to-date: /ros2_test/AD_Middle_Test/ros2/src/install/test_interfaces/include/test_interfaces/msg/detail/test__type_support.h\n'}
[0.440472] (test_interfaces) StdoutLine: {'line': b'-- Up-to-date: /ros2_test/AD_Middle_Test/ros2/src/install/test_interfaces/include/test_interfaces/msg/test.h\n'}
[0.440611] (test_interfaces) StdoutLine: {'line': b'-- Up-to-date: /ros2_test/AD_Middle_Test/ros2/src/install/test_interfaces/include/test_interfaces/msg/rosidl_generator_c__visibility_control.h\n'}
[0.440749] (test_interfaces) StdoutLine: {'line': b'-- Up-to-date: /ros2_test/AD_Middle_Test/ros2/src/install/test_interfaces/lib/libtest_interfaces__rosidl_generator_c.so\n'}
[0.440886] (test_interfaces) StdoutLine: {'line': b'-- Up-to-date: /ros2_test/AD_Middle_Test/ros2/src/install/test_interfaces/include/test_interfaces\n'}
[0.441023] (test_interfaces) StdoutLine: {'line': b'-- Up-to-date: /ros2_test/AD_Middle_Test/ros2/src/install/test_interfaces/include/test_interfaces/msg\n'}
[0.441250] (test_interfaces) StdoutLine: {'line': b'-- Up-to-date: /ros2_test/AD_Middle_Test/ros2/src/install/test_interfaces/include/test_interfaces/msg/test.hpp\n'}
[0.441391] (test_interfaces) StdoutLine: {'line': b'-- Up-to-date: /ros2_test/AD_Middle_Test/ros2/src/install/test_interfaces/include/test_interfaces/msg/detail\n'}
[0.441528] (test_interfaces) StdoutLine: {'line': b'-- Up-to-date: /ros2_test/AD_Middle_Test/ros2/src/install/test_interfaces/include/test_interfaces/msg/detail/test__builder.hpp\n'}
[0.441665] (test_interfaces) StdoutLine: {'line': b'-- Up-to-date: /ros2_test/AD_Middle_Test/ros2/src/install/test_interfaces/include/test_interfaces/msg/detail/test__struct.hpp\n'}
[0.441803] (test_interfaces) StdoutLine: {'line': b'-- Up-to-date: /ros2_test/AD_Middle_Test/ros2/src/install/test_interfaces/include/test_interfaces/msg/detail/test__traits.hpp\n'}
[0.441946] (test_interfaces) StdoutLine: {'line': b'-- Up-to-date: /ros2_test/AD_Middle_Test/ros2/src/install/test_interfaces/share/test_interfaces/environment/pythonpath.sh\n'}
[0.442172] (test_interfaces) StdoutLine: {'line': b'-- Up-to-date: /ros2_test/AD_Middle_Test/ros2/src/install/test_interfaces/share/test_interfaces/environment/pythonpath.dsv\n'}
[0.442310] (test_interfaces) StdoutLine: {'line': b'-- Up-to-date: /ros2_test/AD_Middle_Test/ros2/src/install/test_interfaces/lib/python3.8/site-packages/test_interfaces/__init__.py\n'}
[0.495625] (test_interfaces) StdoutLine: {'line': b'-- Up-to-date: /ros2_test/AD_Middle_Test/ros2/src/install/test_interfaces/lib/python3.8/site-packages/test_interfaces/msg\n'}
[0.495924] (test_interfaces) StdoutLine: {'line': b'-- Up-to-date: /ros2_test/AD_Middle_Test/ros2/src/install/test_interfaces/lib/python3.8/site-packages/test_interfaces/msg/_test_s.c\n'}
[0.496070] (test_interfaces) StdoutLine: {'line': b'-- Up-to-date: /ros2_test/AD_Middle_Test/ros2/src/install/test_interfaces/lib/python3.8/site-packages/test_interfaces/msg/_test.py\n'}
[0.496209] (test_interfaces) StdoutLine: {'line': b'-- Up-to-date: /ros2_test/AD_Middle_Test/ros2/src/install/test_interfaces/lib/python3.8/site-packages/test_interfaces/msg/__init__.py\n'}
[0.496389] (test_interfaces) StdoutLine: {'line': b'-- Up-to-date: /ros2_test/AD_Middle_Test/ros2/src/install/test_interfaces/lib/python3.8/site-packages/test_interfaces/test_interfaces_s__rosidl_typesupport_fastrtps_c.cpython-38-x86_64-linux-gnu.so\n'}
[0.497464] (test_interfaces) StdoutLine: {'line': b'-- Up-to-date: /ros2_test/AD_Middle_Test/ros2/src/install/test_interfaces/lib/python3.8/site-packages/test_interfaces/test_interfaces_s__rosidl_typesupport_introspection_c.cpython-38-x86_64-linux-gnu.so\n'}
[0.498574] (test_interfaces) StdoutLine: {'line': b'-- Up-to-date: /ros2_test/AD_Middle_Test/ros2/src/install/test_interfaces/lib/python3.8/site-packages/test_interfaces/test_interfaces_s__rosidl_typesupport_c.cpython-38-x86_64-linux-gnu.so\n'}
[0.499381] (test_interfaces) StdoutLine: {'line': b'-- Up-to-date: /ros2_test/AD_Middle_Test/ros2/src/install/test_interfaces/lib/libtest_interfaces__python.so\n'}
[0.499762] (test_interfaces) StdoutLine: {'line': b'-- Up-to-date: /ros2_test/AD_Middle_Test/ros2/src/install/test_interfaces/share/test_interfaces/msg/Test.idl\n'}
[0.499928] (-) TimerEvent: {}
[0.500185] (test_interfaces) StdoutLine: {'line': b'-- Up-to-date: /ros2_test/AD_Middle_Test/ros2/src/install/test_interfaces/share/test_interfaces/msg/Test.msg\n'}
[0.500406] (test_interfaces) StdoutLine: {'line': b'-- Up-to-date: /ros2_test/AD_Middle_Test/ros2/src/install/test_interfaces/share/ament_index/resource_index/package_run_dependencies/test_interfaces\n'}
[0.500761] (test_interfaces) StdoutLine: {'line': b'-- Up-to-date: /ros2_test/AD_Middle_Test/ros2/src/install/test_interfaces/share/ament_index/resource_index/parent_prefix_path/test_interfaces\n'}
[0.500964] (test_interfaces) StdoutLine: {'line': b'-- Up-to-date: /ros2_test/AD_Middle_Test/ros2/src/install/test_interfaces/share/test_interfaces/environment/ament_prefix_path.sh\n'}
[0.501141] (test_interfaces) StdoutLine: {'line': b'-- Up-to-date: /ros2_test/AD_Middle_Test/ros2/src/install/test_interfaces/share/test_interfaces/environment/ament_prefix_path.dsv\n'}
[0.501408] (test_interfaces) StdoutLine: {'line': b'-- Up-to-date: /ros2_test/AD_Middle_Test/ros2/src/install/test_interfaces/share/test_interfaces/environment/path.sh\n'}
[0.501584] (test_interfaces) StdoutLine: {'line': b'-- Up-to-date: /ros2_test/AD_Middle_Test/ros2/src/install/test_interfaces/share/test_interfaces/environment/path.dsv\n'}
[0.501824] (test_interfaces) StdoutLine: {'line': b'-- Up-to-date: /ros2_test/AD_Middle_Test/ros2/src/install/test_interfaces/share/test_interfaces/local_setup.bash\n'}
[0.501996] (test_interfaces) StdoutLine: {'line': b'-- Up-to-date: /ros2_test/AD_Middle_Test/ros2/src/install/test_interfaces/share/test_interfaces/local_setup.sh\n'}
[0.502224] (test_interfaces) StdoutLine: {'line': b'-- Up-to-date: /ros2_test/AD_Middle_Test/ros2/src/install/test_interfaces/share/test_interfaces/local_setup.zsh\n'}
[0.502363] (test_interfaces) StdoutLine: {'line': b'-- Up-to-date: /ros2_test/AD_Middle_Test/ros2/src/install/test_interfaces/share/test_interfaces/local_setup.dsv\n'}
[0.502518] (test_interfaces) StdoutLine: {'line': b'-- Installing: /ros2_test/AD_Middle_Test/ros2/src/install/test_interfaces/share/test_interfaces/package.dsv\n'}
[0.502657] (test_interfaces) StdoutLine: {'line': b'-- Up-to-date: /ros2_test/AD_Middle_Test/ros2/src/install/test_interfaces/share/ament_index/resource_index/packages/test_interfaces\n'}
[0.502794] (test_interfaces) StdoutLine: {'line': b'-- Up-to-date: /ros2_test/AD_Middle_Test/ros2/src/install/test_interfaces/share/test_interfaces/cmake/rosidl_cmake-extras.cmake\n'}
[0.503025] (test_interfaces) StdoutLine: {'line': b'-- Up-to-date: /ros2_test/AD_Middle_Test/ros2/src/install/test_interfaces/share/test_interfaces/cmake/ament_cmake_export_libraries-extras.cmake\n'}
[0.503165] (test_interfaces) StdoutLine: {'line': b'-- Up-to-date: /ros2_test/AD_Middle_Test/ros2/src/install/test_interfaces/share/test_interfaces/cmake/ament_cmake_export_include_directories-extras.cmake\n'}
[0.503302] (test_interfaces) StdoutLine: {'line': b'-- Up-to-date: /ros2_test/AD_Middle_Test/ros2/src/install/test_interfaces/share/test_interfaces/cmake/rosidl_cmake_export_typesupport_libraries-extras.cmake\n'}
[0.503438] (test_interfaces) StdoutLine: {'line': b'-- Up-to-date: /ros2_test/AD_Middle_Test/ros2/src/install/test_interfaces/share/test_interfaces/cmake/test_interfacesConfig.cmake\n'}
[0.503578] (test_interfaces) StdoutLine: {'line': b'-- Up-to-date: /ros2_test/AD_Middle_Test/ros2/src/install/test_interfaces/share/test_interfaces/cmake/test_interfacesConfig-version.cmake\n'}
[0.504025] (test_interfaces) StdoutLine: {'line': b'-- Up-to-date: /ros2_test/AD_Middle_Test/ros2/src/install/test_interfaces/share/test_interfaces/package.xml\n'}
[0.504942] (test_interfaces) CommandEnded: {'returncode': 0}
[0.532799] (test_interfaces) JobEnded: {'identifier': 'test_interfaces', 'rc': 0}
[0.538364] (simple_s) JobStarted: {'identifier': 'simple_s'}
[0.554561] (simple_s) JobProgress: {'identifier': 'simple_s', 'progress': 'cmake'}
[0.555661] (simple_s) JobProgress: {'identifier': 'simple_s', 'progress': 'build'}
[0.557159] (simple_s) Command: {'cmd': ['/usr/bin/cmake', '--build', '/ros2_test/AD_Middle_Test/ros2/src/build/simple_s', '--', '-j30', '-l30'], 'cwd': '/ros2_test/AD_Middle_Test/ros2/src/build/simple_s', 'env': OrderedDict([('LESSOPEN', '| /usr/bin/lesspipe %s'), ('HOSTNAME', '3d2cb9766238'), ('ROS_PACKAGE_PATH', '/opt/ros/foxy/share'), ('SHLVL', '1'), ('LD_LIBRARY_PATH', '/ros2_test/AD_Middle_Test/ros2/src/install/test_interfaces/lib:/ros2_test/AD_Middle_Test/ros2/src/install/turtlesim/lib:/ros2_test/AD_Middle_Test/ros2/install/turtlesim/lib:/opt/ros/foxy/opt/yaml_cpp_vendor/lib:/opt/ros/foxy/opt/rviz_ogre_vendor/lib:/opt/ros/foxy/lib'), ('HOME', '/root'), ('OLDPWD', '/ros2_test/AD_Middle_Test/ros2/src/simple_s'), ('ROS_PYTHON_VERSION', '3'), ('COLCON_PREFIX_PATH', '/ros2_test/AD_Middle_Test/ros2/src/install:/ros2_test/AD_Middle_Test/ros2/install:/opt/ros/foxy'), ('ROS_DISTRO', 'foxy'), ('_', '/usr/bin/colcon'), ('ROS_VERSION', '2'), ('PKG_CONFIG_PATH', '/opt/ros/foxy/lib/x86_64-linux-gnu/pkgconfig:/opt/ros/foxy/lib/pkgconfig'), ('TERM', 'xterm'), ('ROS_LOCALHOST_ONLY', '0'), ('PATH', '/opt/ros/foxy/bin:/usr/local/sbin:/usr/local/bin:/usr/sbin:/usr/bin:/sbin:/bin'), ('LANG', 'C.UTF-8'), ('LS_COLORS', 'rs=0:di=01;34:ln=01;36:mh=00:pi=40;33:so=01;35:do=01;35:bd=40;33;01:cd=40;33;01:or=40;31;01:mi=00:su=37;41:sg=30;43:ca=30;41:tw=30;42:ow=34;42:st=37;44:ex=01;32:*.tar=01;31:*.tgz=01;31:*.arc=01;31:*.arj=01;31:*.taz=01;31:*.lha=01;31:*.lz4=01;31:*.lzh=01;31:*.lzma=01;31:*.tlz=01;31:*.txz=01;31:*.tzo=01;31:*.t7z=01;31:*.zip=01;31:*.z=01;31:*.dz=01;31:*.gz=01;31:*.lrz=01;31:*.lz=01;31:*.lzo=01;31:*.xz=01;31:*.zst=01;31:*.tzst=01;31:*.bz2=01;31:*.bz=01;31:*.tbz=01;31:*.tbz2=01;31:*.tz=01;31:*.deb=01;31:*.rpm=01;31:*.jar=01;31:*.war=01;31:*.ear=01;31:*.sar=01;31:*.rar=01;31:*.alz=01;31:*.ace=01;31:*.zoo=01;31:*.cpio=01;31:*.7z=01;31:*.rz=01;31:*.cab=01;31:*.wim=01;31:*.swm=01;31:*.dwm=01;31:*.esd=01;31:*.jpg=01;35:*.jpeg=01;35:*.mjpg=01;35:*.mjpeg=01;35:*.gif=01;35:*.bmp=01;35:*.pbm=01;35:*.pgm=01;35:*.ppm=01;35:*.tga=01;35:*.xbm=01;35:*.xpm=01;35:*.tif=01;35:*.tiff=01;35:*.png=01;35:*.svg=01;35:*.svgz=01;35:*.mng=01;35:*.pcx=01;35:*.mov=01;35:*.mpg=01;35:*.mpeg=01;35:*.m2v=01;35:*.mkv=01;35:*.webm=01;35:*.ogm=01;35:*.mp4=01;35:*.m4v=01;35:*.mp4v=01;35:*.vob=01;35:*.qt=01;35:*.nuv=01;35:*.wmv=01;35:*.asf=01;35:*.rm=01;35:*.rmvb=01;35:*.flc=01;35:*.avi=01;35:*.fli=01;35:*.flv=01;35:*.gl=01;35:*.dl=01;35:*.xcf=01;35:*.xwd=01;35:*.yuv=01;35:*.cgm=01;35:*.emf=01;35:*.ogv=01;35:*.ogx=01;35:*.aac=00;36:*.au=00;36:*.flac=00;36:*.m4a=00;36:*.mid=00;36:*.midi=00;36:*.mka=00;36:*.mp3=00;36:*.mpc=00;36:*.ogg=00;36:*.ra=00;36:*.wav=00;36:*.oga=00;36:*.opus=00;36:*.spx=00;36:*.xspf=00;36:'), ('ROSDISTRO_INDEX_URL', 'https://raw.githubusercontent.com/osrf/docker_images/master/ros2/nightly/nightly/index-v4.yaml'), ('AMENT_PREFIX_PATH', '/ros2_test/AD_Middle_Test/ros2/src/install/test_interfaces:/ros2_test/AD_Middle_Test/ros2/src/install/turtlesim:/ros2_test/AD_Middle_Test/ros2/src/install/simple_s:/ros2_test/AD_Middle_Test/ros2/install/simple_s:/ros2_test/AD_Middle_Test/ros2/install/turtlesim:/opt/ros/foxy'), ('LESSCLOSE', '/usr/bin/lesspipe %s %s'), ('PWD', '/ros2_test/AD_Middle_Test/ros2/src/build/simple_s'), ('LC_ALL', 'C.UTF-8'), ('PYTHONPATH', '/ros2_test/AD_Middle_Test/ros2/src/install/test_interfaces/lib/python3.8/site-packages:/ros2_test/AD_Middle_Test/ros2/src/install/turtlesim/lib/python3.8/site-packages:/ros2_test/AD_Middle_Test/ros2/install/turtlesim/lib/python3.8/site-packages:/opt/ros/foxy/lib/python3.8/site-packages'), ('COLCON', '1'), ('CMAKE_PREFIX_PATH', '/ros2_test/AD_Middle_Test/ros2/src/install/test_interfaces:/ros2_test/AD_Middle_Test/ros2/src/install/turtlesim:/ros2_test/AD_Middle_Test/ros2/src/install/simple_s:/ros2_test/AD_Middle_Test/ros2/install/simple_s:/ros2_test/AD_Middle_Test/ros2/install/turtlesim:/opt/ros/foxy')]), 'shell': False}
[0.600037] (-) TimerEvent: {}
[0.606627] (turtlesim) JobProgress: {'identifier': 'turtlesim', 'progress': 'install'}
[0.607150] (turtlesim) Command: {'cmd': ['/usr/bin/cmake', '--install', '/ros2_test/AD_Middle_Test/ros2/src/build/turtlesim'], 'cwd': '/ros2_test/AD_Middle_Test/ros2/src/build/turtlesim', 'env': OrderedDict([('LESSOPEN', '| /usr/bin/lesspipe %s'), ('HOSTNAME', '3d2cb9766238'), ('ROS_PACKAGE_PATH', '/opt/ros/foxy/share'), ('SHLVL', '1'), ('LD_LIBRARY_PATH', '/ros2_test/AD_Middle_Test/ros2/src/install/test_interfaces/lib:/ros2_test/AD_Middle_Test/ros2/src/install/turtlesim/lib:/ros2_test/AD_Middle_Test/ros2/install/turtlesim/lib:/opt/ros/foxy/opt/yaml_cpp_vendor/lib:/opt/ros/foxy/opt/rviz_ogre_vendor/lib:/opt/ros/foxy/lib'), ('HOME', '/root'), ('OLDPWD', '/ros2_test/AD_Middle_Test/ros2/src/simple_s'), ('ROS_PYTHON_VERSION', '3'), ('COLCON_PREFIX_PATH', '/ros2_test/AD_Middle_Test/ros2/src/install:/ros2_test/AD_Middle_Test/ros2/install:/opt/ros/foxy'), ('ROS_DISTRO', 'foxy'), ('_', '/usr/bin/colcon'), ('ROS_VERSION', '2'), ('PKG_CONFIG_PATH', '/opt/ros/foxy/lib/x86_64-linux-gnu/pkgconfig:/opt/ros/foxy/lib/pkgconfig'), ('TERM', 'xterm'), ('ROS_LOCALHOST_ONLY', '0'), ('PATH', '/opt/ros/foxy/bin:/usr/local/sbin:/usr/local/bin:/usr/sbin:/usr/bin:/sbin:/bin'), ('LANG', 'C.UTF-8'), ('LS_COLORS', 'rs=0:di=01;34:ln=01;36:mh=00:pi=40;33:so=01;35:do=01;35:bd=40;33;01:cd=40;33;01:or=40;31;01:mi=00:su=37;41:sg=30;43:ca=30;41:tw=30;42:ow=34;42:st=37;44:ex=01;32:*.tar=01;31:*.tgz=01;31:*.arc=01;31:*.arj=01;31:*.taz=01;31:*.lha=01;31:*.lz4=01;31:*.lzh=01;31:*.lzma=01;31:*.tlz=01;31:*.txz=01;31:*.tzo=01;31:*.t7z=01;31:*.zip=01;31:*.z=01;31:*.dz=01;31:*.gz=01;31:*.lrz=01;31:*.lz=01;31:*.lzo=01;31:*.xz=01;31:*.zst=01;31:*.tzst=01;31:*.bz2=01;31:*.bz=01;31:*.tbz=01;31:*.tbz2=01;31:*.tz=01;31:*.deb=01;31:*.rpm=01;31:*.jar=01;31:*.war=01;31:*.ear=01;31:*.sar=01;31:*.rar=01;31:*.alz=01;31:*.ace=01;31:*.zoo=01;31:*.cpio=01;31:*.7z=01;31:*.rz=01;31:*.cab=01;31:*.wim=01;31:*.swm=01;31:*.dwm=01;31:*.esd=01;31:*.jpg=01;35:*.jpeg=01;35:*.mjpg=01;35:*.mjpeg=01;35:*.gif=01;35:*.bmp=01;35:*.pbm=01;35:*.pgm=01;35:*.ppm=01;35:*.tga=01;35:*.xbm=01;35:*.xpm=01;35:*.tif=01;35:*.tiff=01;35:*.png=01;35:*.svg=01;35:*.svgz=01;35:*.mng=01;35:*.pcx=01;35:*.mov=01;35:*.mpg=01;35:*.mpeg=01;35:*.m2v=01;35:*.mkv=01;35:*.webm=01;35:*.ogm=01;35:*.mp4=01;35:*.m4v=01;35:*.mp4v=01;35:*.vob=01;35:*.qt=01;35:*.nuv=01;35:*.wmv=01;35:*.asf=01;35:*.rm=01;35:*.rmvb=01;35:*.flc=01;35:*.avi=01;35:*.fli=01;35:*.flv=01;35:*.gl=01;35:*.dl=01;35:*.xcf=01;35:*.xwd=01;35:*.yuv=01;35:*.cgm=01;35:*.emf=01;35:*.ogv=01;35:*.ogx=01;35:*.aac=00;36:*.au=00;36:*.flac=00;36:*.m4a=00;36:*.mid=00;36:*.midi=00;36:*.mka=00;36:*.mp3=00;36:*.mpc=00;36:*.ogg=00;36:*.ra=00;36:*.wav=00;36:*.oga=00;36:*.opus=00;36:*.spx=00;36:*.xspf=00;36:'), ('ROSDISTRO_INDEX_URL', 'https://raw.githubusercontent.com/osrf/docker_images/master/ros2/nightly/nightly/index-v4.yaml'), ('AMENT_PREFIX_PATH', '/ros2_test/AD_Middle_Test/ros2/src/install/test_interfaces:/ros2_test/AD_Middle_Test/ros2/src/install/turtlesim:/ros2_test/AD_Middle_Test/ros2/src/install/simple_s:/ros2_test/AD_Middle_Test/ros2/install/simple_s:/ros2_test/AD_Middle_Test/ros2/install/turtlesim:/opt/ros/foxy'), ('LESSCLOSE', '/usr/bin/lesspipe %s %s'), ('PWD', '/ros2_test/AD_Middle_Test/ros2/src/build/turtlesim'), ('LC_ALL', 'C.UTF-8'), ('PYTHONPATH', '/ros2_test/AD_Middle_Test/ros2/src/install/test_interfaces/lib/python3.8/site-packages:/ros2_test/AD_Middle_Test/ros2/src/install/turtlesim/lib/python3.8/site-packages:/ros2_test/AD_Middle_Test/ros2/install/turtlesim/lib/python3.8/site-packages:/opt/ros/foxy/lib/python3.8/site-packages'), ('COLCON', '1'), ('CMAKE_PREFIX_PATH', '/ros2_test/AD_Middle_Test/ros2/src/install/test_interfaces:/ros2_test/AD_Middle_Test/ros2/src/install/turtlesim:/ros2_test/AD_Middle_Test/ros2/src/install/simple_s:/ros2_test/AD_Middle_Test/ros2/install/simple_s:/ros2_test/AD_Middle_Test/ros2/install/turtlesim:/opt/ros/foxy')]), 'shell': False}
[0.619733] (simple_s) StdoutLine: {'line': b'\x1b[35m\x1b[1mScanning dependencies of target intra_pipe\x1b[0m\n'}
[0.622746] (turtlesim) StdoutLine: {'line': b'-- Install configuration: ""\n'}
[0.623028] (turtlesim) StdoutLine: {'line': b'-- Up-to-date: /ros2_test/AD_Middle_Test/ros2/src/install/turtlesim/share/ament_index/resource_index/rosidl_interfaces/turtlesim\n'}
[0.623287] (turtlesim) StdoutLine: {'line': b'-- Up-to-date: /ros2_test/AD_Middle_Test/ros2/src/install/turtlesim/lib/libturtlesim__rosidl_typesupport_c.so\n'}
[0.623699] (turtlesim) StdoutLine: {'line': b'-- Up-to-date: /ros2_test/AD_Middle_Test/ros2/src/install/turtlesim/share/turtlesim/environment/library_path.sh\n'}
[0.623936] (turtlesim) StdoutLine: {'line': b'-- Up-to-date: /ros2_test/AD_Middle_Test/ros2/src/install/turtlesim/share/turtlesim/environment/library_path.dsv\n'}
[0.624183] (turtlesim) StdoutLine: {'line': b'-- Up-to-date: /ros2_test/AD_Middle_Test/ros2/src/install/turtlesim/lib/libturtlesim__rosidl_typesupport_cpp.so\n'}
[0.624538] (turtlesim) StdoutLine: {'line': b'-- Up-to-date: /ros2_test/AD_Middle_Test/ros2/src/install/turtlesim/include/turtlesim\n'}
[0.624927] (turtlesim) StdoutLine: {'line': b'-- Up-to-date: /ros2_test/AD_Middle_Test/ros2/src/install/turtlesim/include/turtlesim/msg\n'}
[0.625338] (turtlesim) StdoutLine: {'line': b'-- Up-to-date: /ros2_test/AD_Middle_Test/ros2/src/install/turtlesim/include/turtlesim/msg/rosidl_typesupport_introspection_c__visibility_control.h\n'}
[0.625648] (turtlesim) StdoutLine: {'line': b'-- Up-to-date: /ros2_test/AD_Middle_Test/ros2/src/install/turtlesim/include/turtlesim/msg/detail\n'}
[0.625850] (turtlesim) StdoutLine: {'line': b'-- Up-to-date: /ros2_test/AD_Middle_Test/ros2/src/install/turtlesim/include/turtlesim/msg/detail/pose__type_support.c\n'}
[0.626083] (turtlesim) StdoutLine: {'line': b'-- Up-to-date: /ros2_test/AD_Middle_Test/ros2/src/install/turtlesim/include/turtlesim/msg/detail/pose__rosidl_typesupport_introspection_c.h\n'}
[0.626295] (turtlesim) StdoutLine: {'line': b'-- Up-to-date: /ros2_test/AD_Middle_Test/ros2/src/install/turtlesim/include/turtlesim/msg/detail/color__rosidl_typesupport_introspection_c.h\n'}
[0.626669] (turtlesim) StdoutLine: {'line': b'-- Up-to-date: /ros2_test/AD_Middle_Test/ros2/src/install/turtlesim/include/turtlesim/msg/detail/color__type_support.c\n'}
[0.627080] (turtlesim) StdoutLine: {'line': b'-- Up-to-date: /ros2_test/AD_Middle_Test/ros2/src/install/turtlesim/include/turtlesim/srv\n'}
[0.627386] (turtlesim) StdoutLine: {'line': b'-- Up-to-date: /ros2_test/AD_Middle_Test/ros2/src/install/turtlesim/include/turtlesim/srv/detail\n'}
[0.627588] (turtlesim) StdoutLine: {'line': b'-- Up-to-date: /ros2_test/AD_Middle_Test/ros2/src/install/turtlesim/include/turtlesim/srv/detail/set_pen__rosidl_typesupport_introspection_c.h\n'}
[0.627827] (turtlesim) StdoutLine: {'line': b'-- Up-to-date: /ros2_test/AD_Middle_Test/ros2/src/install/turtlesim/include/turtlesim/srv/detail/teleport_absolute__rosidl_typesupport_introspection_c.h\n'}
[0.628037] (turtlesim) StdoutLine: {'line': b'-- Up-to-date: /ros2_test/AD_Middle_Test/ros2/src/install/turtlesim/include/turtlesim/srv/detail/set_pen__type_support.c\n'}
[0.628360] (turtlesim) StdoutLine: {'line': b'-- Up-to-date: /ros2_test/AD_Middle_Test/ros2/src/install/turtlesim/include/turtlesim/srv/detail/teleport_relative__type_support.c\n'}
[0.628734] (turtlesim) StdoutLine: {'line': b'-- Up-to-date: /ros2_test/AD_Middle_Test/ros2/src/install/turtlesim/include/turtlesim/srv/detail/spawn__type_support.c\n'}
[0.628960] (turtlesim) StdoutLine: {'line': b'-- Up-to-date: /ros2_test/AD_Middle_Test/ros2/src/install/turtlesim/include/turtlesim/srv/detail/teleport_absolute__type_support.c\n'}
[0.629201] (turtlesim) StdoutLine: {'line': b'-- Up-to-date: /ros2_test/AD_Middle_Test/ros2/src/install/turtlesim/include/turtlesim/srv/detail/kill__type_support.c\n'}
[0.629408] (turtlesim) StdoutLine: {'line': b'-- Up-to-date: /ros2_test/AD_Middle_Test/ros2/src/install/turtlesim/include/turtlesim/srv/detail/teleport_relative__rosidl_typesupport_introspection_c.h\n'}
[0.629698] (turtlesim) StdoutLine: {'line': b'-- Up-to-date: /ros2_test/AD_Middle_Test/ros2/src/install/turtlesim/include/turtlesim/srv/detail/kill__rosidl_typesupport_introspection_c.h\n'}
[0.630076] (turtlesim) StdoutLine: {'line': b'-- Up-to-date: /ros2_test/AD_Middle_Test/ros2/src/install/turtlesim/include/turtlesim/srv/detail/spawn__rosidl_typesupport_introspection_c.h\n'}
[0.630345] (turtlesim) StdoutLine: {'line': b'-- Up-to-date: /ros2_test/AD_Middle_Test/ros2/src/install/turtlesim/include/turtlesim/action\n'}
[0.630580] (turtlesim) StdoutLine: {'line': b'-- Up-to-date: /ros2_test/AD_Middle_Test/ros2/src/install/turtlesim/include/turtlesim/action/detail\n'}
[0.630821] (turtlesim) StdoutLine: {'line': b'-- Up-to-date: /ros2_test/AD_Middle_Test/ros2/src/install/turtlesim/include/turtlesim/action/detail/rotate_absolute__rosidl_typesupport_introspection_c.h\n'}
[0.631050] (turtlesim) StdoutLine: {'line': b'-- Up-to-date: /ros2_test/AD_Middle_Test/ros2/src/install/turtlesim/include/turtlesim/action/detail/rotate_absolute__type_support.c\n'}
[0.631452] (turtlesim) StdoutLine: {'line': b'-- Up-to-date: /ros2_test/AD_Middle_Test/ros2/src/install/turtlesim/lib/libturtlesim__rosidl_typesupport_introspection_c.so\n'}
[0.631815] (turtlesim) StdoutLine: {'line': b'-- Up-to-date: /ros2_test/AD_Middle_Test/ros2/src/install/turtlesim/include/turtlesim\n'}
[0.632226] (turtlesim) StdoutLine: {'line': b'-- Up-to-date: /ros2_test/AD_Middle_Test/ros2/src/install/turtlesim/include/turtlesim/msg\n'}
[0.632607] (turtlesim) StdoutLine: {'line': b'-- Up-to-date: /ros2_test/AD_Middle_Test/ros2/src/install/turtlesim/include/turtlesim/msg/detail\n'}
[0.632951] (turtlesim) StdoutLine: {'line': b'-- Up-to-date: /ros2_test/AD_Middle_Test/ros2/src/install/turtlesim/include/turtlesim/msg/detail/color__type_support.cpp\n'}
[0.633155] (turtlesim) StdoutLine: {'line': b'-- Up-to-date: /ros2_test/AD_Middle_Test/ros2/src/install/turtlesim/include/turtlesim/msg/detail/color__rosidl_typesupport_introspection_cpp.hpp\n'}
[0.633406] (turtlesim) StdoutLine: {'line': b'-- Up-to-date: /ros2_test/AD_Middle_Test/ros2/src/install/turtlesim/include/turtlesim/msg/detail/pose__type_support.cpp\n'}
[0.633607] (turtlesim) StdoutLine: {'line': b'-- Up-to-date: /ros2_test/AD_Middle_Test/ros2/src/install/turtlesim/include/turtlesim/msg/detail/pose__rosidl_typesupport_introspection_cpp.hpp\n'}
[0.633917] (turtlesim) StdoutLine: {'line': b'-- Up-to-date: /ros2_test/AD_Middle_Test/ros2/src/install/turtlesim/include/turtlesim/srv\n'}
[0.634314] (turtlesim) StdoutLine: {'line': b'-- Up-to-date: /ros2_test/AD_Middle_Test/ros2/src/install/turtlesim/include/turtlesim/srv/detail\n'}
[0.634735] (turtlesim) StdoutLine: {'line': b'-- Up-to-date: /ros2_test/AD_Middle_Test/ros2/src/install/turtlesim/include/turtlesim/srv/detail/kill__type_support.cpp\n'}
[0.635111] (turtlesim) StdoutLine: {'line': b'-- Up-to-date: /ros2_test/AD_Middle_Test/ros2/src/install/turtlesim/include/turtlesim/srv/detail/kill__rosidl_typesupport_introspection_cpp.hpp\n'}
[0.635387] (turtlesim) StdoutLine: {'line': b'-- Up-to-date: /ros2_test/AD_Middle_Test/ros2/src/install/turtlesim/include/turtlesim/srv/detail/teleport_relative__rosidl_typesupport_introspection_cpp.hpp\n'}
[0.635640] (turtlesim) StdoutLine: {'line': b'-- Up-to-date: /ros2_test/AD_Middle_Test/ros2/src/install/turtlesim/include/turtlesim/srv/detail/teleport_absolute__type_support.cpp\n'}
[0.635835] (turtlesim) StdoutLine: {'line': b'-- Up-to-date: /ros2_test/AD_Middle_Test/ros2/src/install/turtlesim/include/turtlesim/srv/detail/set_pen__type_support.cpp\n'}
[0.636029] (turtlesim) StdoutLine: {'line': b'-- Up-to-date: /ros2_test/AD_Middle_Test/ros2/src/install/turtlesim/include/turtlesim/srv/detail/spawn__rosidl_typesupport_introspection_cpp.hpp\n'}
[0.636222] (turtlesim) StdoutLine: {'line': b'-- Up-to-date: /ros2_test/AD_Middle_Test/ros2/src/install/turtlesim/include/turtlesim/srv/detail/spawn__type_support.cpp\n'}
[0.636413] (turtlesim) StdoutLine: {'line': b'-- Up-to-date: /ros2_test/AD_Middle_Test/ros2/src/install/turtlesim/include/turtlesim/srv/detail/teleport_absolute__rosidl_typesupport_introspection_cpp.hpp\n'}
[0.636597] (turtlesim) StdoutLine: {'line': b'-- Up-to-date: /ros2_test/AD_Middle_Test/ros2/src/install/turtlesim/include/turtlesim/srv/detail/teleport_relative__type_support.cpp\n'}
[0.636792] (turtlesim) StdoutLine: {'line': b'-- Up-to-date: /ros2_test/AD_Middle_Test/ros2/src/install/turtlesim/include/turtlesim/srv/detail/set_pen__rosidl_typesupport_introspection_cpp.hpp\n'}
[0.636982] (turtlesim) StdoutLine: {'line': b'-- Up-to-date: /ros2_test/AD_Middle_Test/ros2/src/install/turtlesim/include/turtlesim/action\n'}
[0.637173] (turtlesim) StdoutLine: {'line': b'-- Up-to-date: /ros2_test/AD_Middle_Test/ros2/src/install/turtlesim/include/turtlesim/action/detail\n'}
[0.637368] (turtlesim) StdoutLine: {'line': b'-- Up-to-date: /ros2_test/AD_Middle_Test/ros2/src/install/turtlesim/include/turtlesim/action/detail/rotate_absolute__rosidl_typesupport_introspection_cpp.hpp\n'}
[0.637561] (turtlesim) StdoutLine: {'line': b'-- Up-to-date: /ros2_test/AD_Middle_Test/ros2/src/install/turtlesim/include/turtlesim/action/detail/rotate_absolute__type_support.cpp\n'}
[0.637753] (turtlesim) StdoutLine: {'line': b'-- Up-to-date: /ros2_test/AD_Middle_Test/ros2/src/install/turtlesim/lib/libturtlesim__rosidl_typesupport_introspection_cpp.so\n'}
[0.637968] (turtlesim) StdoutLine: {'line': b'-- Up-to-date: /ros2_test/AD_Middle_Test/ros2/src/install/turtlesim/include/turtlesim\n'}
[0.638170] (turtlesim) StdoutLine: {'line': b'-- Up-to-date: /ros2_test/AD_Middle_Test/ros2/src/install/turtlesim/include/turtlesim/msg\n'}
[0.638367] (turtlesim) StdoutLine: {'line': b'-- Up-to-date: /ros2_test/AD_Middle_Test/ros2/src/install/turtlesim/include/turtlesim/msg/color__rosidl_typesupport_fastrtps_c.h\n'}
[0.638555] (turtlesim) StdoutLine: {'line': b'-- Up-to-date: /ros2_test/AD_Middle_Test/ros2/src/install/turtlesim/include/turtlesim/msg/pose__rosidl_typesupport_fastrtps_c.h\n'}
[0.638706] (turtlesim) StdoutLine: {'line': b'-- Up-to-date: /ros2_test/AD_Middle_Test/ros2/src/install/turtlesim/include/turtlesim/msg/rosidl_typesupport_fastrtps_c__visibility_control.h\n'}
[0.638844] (turtlesim) StdoutLine: {'line': b'-- Up-to-date: /ros2_test/AD_Middle_Test/ros2/src/install/turtlesim/include/turtlesim/srv\n'}
[0.638981] (turtlesim) StdoutLine: {'line': b'-- Up-to-date: /ros2_test/AD_Middle_Test/ros2/src/install/turtlesim/include/turtlesim/srv/teleport_absolute__rosidl_typesupport_fastrtps_c.h\n'}
[0.639118] (turtlesim) StdoutLine: {'line': b'-- Up-to-date: /ros2_test/AD_Middle_Test/ros2/src/install/turtlesim/include/turtlesim/srv/set_pen__rosidl_typesupport_fastrtps_c.h\n'}
[0.639255] (turtlesim) StdoutLine: {'line': b'-- Up-to-date: /ros2_test/AD_Middle_Test/ros2/src/install/turtlesim/include/turtlesim/srv/kill__rosidl_typesupport_fastrtps_c.h\n'}
[0.639390] (turtlesim) StdoutLine: {'line': b'-- Up-to-date: /ros2_test/AD_Middle_Test/ros2/src/install/turtlesim/include/turtlesim/srv/teleport_relative__rosidl_typesupport_fastrtps_c.h\n'}
[0.639525] (turtlesim) StdoutLine: {'line': b'-- Up-to-date: /ros2_test/AD_Middle_Test/ros2/src/install/turtlesim/include/turtlesim/srv/spawn__rosidl_typesupport_fastrtps_c.h\n'}
[0.639662] (turtlesim) StdoutLine: {'line': b'-- Up-to-date: /ros2_test/AD_Middle_Test/ros2/src/install/turtlesim/include/turtlesim/action\n'}
[0.639797] (turtlesim) StdoutLine: {'line': b'-- Up-to-date: /ros2_test/AD_Middle_Test/ros2/src/install/turtlesim/include/turtlesim/action/rotate_absolute__rosidl_typesupport_fastrtps_c.h\n'}
[0.639932] (turtlesim) StdoutLine: {'line': b'-- Up-to-date: /ros2_test/AD_Middle_Test/ros2/src/install/turtlesim/lib/libturtlesim__rosidl_typesupport_fastrtps_c.so\n'}
[0.640067] (turtlesim) StdoutLine: {'line': b'-- Up-to-date: /ros2_test/AD_Middle_Test/ros2/src/install/turtlesim/include/turtlesim\n'}
[0.640203] (turtlesim) StdoutLine: {'line': b'-- Up-to-date: /ros2_test/AD_Middle_Test/ros2/src/install/turtlesim/include/turtlesim/msg\n'}
[0.640338] (turtlesim) StdoutLine: {'line': b'-- Up-to-date: /ros2_test/AD_Middle_Test/ros2/src/install/turtlesim/include/turtlesim/msg/dds_fastrtps\n'}
[0.640474] (turtlesim) StdoutLine: {'line': b'-- Up-to-date: /ros2_test/AD_Middle_Test/ros2/src/install/turtlesim/include/turtlesim/msg/rosidl_typesupport_fastrtps_cpp__visibility_control.h\n'}
[0.640609] (turtlesim) StdoutLine: {'line': b'-- Up-to-date: /ros2_test/AD_Middle_Test/ros2/src/install/turtlesim/include/turtlesim/msg/pose__rosidl_typesupport_fastrtps_cpp.hpp\n'}
[0.640744] (turtlesim) StdoutLine: {'line': b'-- Up-to-date: /ros2_test/AD_Middle_Test/ros2/src/install/turtlesim/include/turtlesim/msg/color__rosidl_typesupport_fastrtps_cpp.hpp\n'}
[0.640880] (turtlesim) StdoutLine: {'line': b'-- Up-to-date: /ros2_test/AD_Middle_Test/ros2/src/install/turtlesim/include/turtlesim/srv\n'}
[0.641016] (turtlesim) StdoutLine: {'line': b'-- Up-to-date: /ros2_test/AD_Middle_Test/ros2/src/install/turtlesim/include/turtlesim/srv/dds_fastrtps\n'}
[0.641151] (turtlesim) StdoutLine: {'line': b'-- Up-to-date: /ros2_test/AD_Middle_Test/ros2/src/install/turtlesim/include/turtlesim/srv/set_pen__rosidl_typesupport_fastrtps_cpp.hpp\n'}
[0.641286] (turtlesim) StdoutLine: {'line': b'-- Up-to-date: /ros2_test/AD_Middle_Test/ros2/src/install/turtlesim/include/turtlesim/srv/teleport_absolute__rosidl_typesupport_fastrtps_cpp.hpp\n'}
[0.641422] (turtlesim) StdoutLine: {'line': b'-- Up-to-date: /ros2_test/AD_Middle_Test/ros2/src/install/turtlesim/include/turtlesim/srv/spawn__rosidl_typesupport_fastrtps_cpp.hpp\n'}
[0.641557] (turtlesim) StdoutLine: {'line': b'-- Up-to-date: /ros2_test/AD_Middle_Test/ros2/src/install/turtlesim/include/turtlesim/srv/teleport_relative__rosidl_typesupport_fastrtps_cpp.hpp\n'}
[0.641693] (turtlesim) StdoutLine: {'line': b'-- Up-to-date: /ros2_test/AD_Middle_Test/ros2/src/install/turtlesim/include/turtlesim/srv/kill__rosidl_typesupport_fastrtps_cpp.hpp\n'}
[0.641829] (turtlesim) StdoutLine: {'line': b'-- Up-to-date: /ros2_test/AD_Middle_Test/ros2/src/install/turtlesim/include/turtlesim/action\n'}
[0.641975] (turtlesim) StdoutLine: {'line': b'-- Up-to-date: /ros2_test/AD_Middle_Test/ros2/src/install/turtlesim/include/turtlesim/action/rotate_absolute__rosidl_typesupport_fastrtps_cpp.hpp\n'}
[0.642112] (turtlesim) StdoutLine: {'line': b'-- Up-to-date: /ros2_test/AD_Middle_Test/ros2/src/install/turtlesim/include/turtlesim/action/dds_fastrtps\n'}
[0.642247] (turtlesim) StdoutLine: {'line': b'-- Up-to-date: /ros2_test/AD_Middle_Test/ros2/src/install/turtlesim/lib/libturtlesim__rosidl_typesupport_fastrtps_cpp.so\n'}
[0.642383] (turtlesim) StdoutLine: {'line': b'-- Up-to-date: /ros2_test/AD_Middle_Test/ros2/src/install/turtlesim/include/turtlesim\n'}
[0.642550] (turtlesim) StdoutLine: {'line': b'-- Up-to-date: /ros2_test/AD_Middle_Test/ros2/src/install/turtlesim/include/turtlesim/msg\n'}
[0.642688] (turtlesim) StdoutLine: {'line': b'-- Up-to-date: /ros2_test/AD_Middle_Test/ros2/src/install/turtlesim/include/turtlesim/msg/color.h\n'}
[0.642824] (turtlesim) StdoutLine: {'line': b'-- Up-to-date: /ros2_test/AD_Middle_Test/ros2/src/install/turtlesim/include/turtlesim/msg/pose.h\n'}
[0.642959] (turtlesim) StdoutLine: {'line': b'-- Up-to-date: /ros2_test/AD_Middle_Test/ros2/src/install/turtlesim/include/turtlesim/msg/detail\n'}
[0.643094] (turtlesim) StdoutLine: {'line': b'-- Up-to-date: /ros2_test/AD_Middle_Test/ros2/src/install/turtlesim/include/turtlesim/msg/detail/color__functions.h\n'}
[0.643230] (turtlesim) StdoutLine: {'line': b'-- Up-to-date: /ros2_test/AD_Middle_Test/ros2/src/install/turtlesim/include/turtlesim/msg/detail/color__struct.h\n'}
[0.643365] (turtlesim) StdoutLine: {'line': b'-- Up-to-date: /ros2_test/AD_Middle_Test/ros2/src/install/turtlesim/include/turtlesim/msg/detail/color__type_support.h\n'}
[0.643501] (turtlesim) StdoutLine: {'line': b'-- Up-to-date: /ros2_test/AD_Middle_Test/ros2/src/install/turtlesim/include/turtlesim/msg/detail/pose__functions.c\n'}
[0.643636] (turtlesim) StdoutLine: {'line': b'-- Up-to-date: /ros2_test/AD_Middle_Test/ros2/src/install/turtlesim/include/turtlesim/msg/detail/pose__type_support.h\n'}
[0.643772] (turtlesim) StdoutLine: {'line': b'-- Up-to-date: /ros2_test/AD_Middle_Test/ros2/src/install/turtlesim/include/turtlesim/msg/detail/color__functions.c\n'}
[0.643907] (turtlesim) StdoutLine: {'line': b'-- Up-to-date: /ros2_test/AD_Middle_Test/ros2/src/install/turtlesim/include/turtlesim/msg/detail/pose__functions.h\n'}
[0.644043] (turtlesim) StdoutLine: {'line': b'-- Up-to-date: /ros2_test/AD_Middle_Test/ros2/src/install/turtlesim/include/turtlesim/msg/detail/pose__struct.h\n'}
[0.644178] (turtlesim) StdoutLine: {'line': b'-- Up-to-date: /ros2_test/AD_Middle_Test/ros2/src/install/turtlesim/include/turtlesim/msg/rosidl_generator_c__visibility_control.h\n'}
[0.644359] (turtlesim) StdoutLine: {'line': b'-- Up-to-date: /ros2_test/AD_Middle_Test/ros2/src/install/turtlesim/include/turtlesim/srv\n'}
[0.644498] (turtlesim) StdoutLine: {'line': b'-- Up-to-date: /ros2_test/AD_Middle_Test/ros2/src/install/turtlesim/include/turtlesim/srv/spawn.h\n'}
[0.644634] (turtlesim) StdoutLine: {'line': b'-- Up-to-date: /ros2_test/AD_Middle_Test/ros2/src/install/turtlesim/include/turtlesim/srv/detail\n'}
[0.644770] (turtlesim) StdoutLine: {'line': b'-- Up-to-date: /ros2_test/AD_Middle_Test/ros2/src/install/turtlesim/include/turtlesim/srv/detail/teleport_absolute__type_support.h\n'}
[0.644906] (turtlesim) StdoutLine: {'line': b'-- Up-to-date: /ros2_test/AD_Middle_Test/ros2/src/install/turtlesim/include/turtlesim/srv/detail/spawn__struct.h\n'}
[0.645041] (turtlesim) StdoutLine: {'line': b'-- Up-to-date: /ros2_test/AD_Middle_Test/ros2/src/install/turtlesim/include/turtlesim/srv/detail/kill__functions.c\n'}
[0.645176] (turtlesim) StdoutLine: {'line': b'-- Up-to-date: /ros2_test/AD_Middle_Test/ros2/src/install/turtlesim/include/turtlesim/srv/detail/spawn__functions.h\n'}
[0.645311] (turtlesim) StdoutLine: {'line': b'-- Up-to-date: /ros2_test/AD_Middle_Test/ros2/src/install/turtlesim/include/turtlesim/srv/detail/set_pen__functions.h\n'}
[0.645453] (turtlesim) StdoutLine: {'line': b'-- Up-to-date: /ros2_test/AD_Middle_Test/ros2/src/install/turtlesim/include/turtlesim/srv/detail/spawn__type_support.h\n'}
[0.645589] (turtlesim) StdoutLine: {'line': b'-- Up-to-date: /ros2_test/AD_Middle_Test/ros2/src/install/turtlesim/include/turtlesim/srv/detail/teleport_relative__functions.c\n'}
[0.645724] (turtlesim) StdoutLine: {'line': b'-- Up-to-date: /ros2_test/AD_Middle_Test/ros2/src/install/turtlesim/include/turtlesim/srv/detail/kill__functions.h\n'}
[0.645859] (turtlesim) StdoutLine: {'line': b'-- Up-to-date: /ros2_test/AD_Middle_Test/ros2/src/install/turtlesim/include/turtlesim/srv/detail/teleport_relative__type_support.h\n'}
[0.645995] (turtlesim) StdoutLine: {'line': b'-- Up-to-date: /ros2_test/AD_Middle_Test/ros2/src/install/turtlesim/include/turtlesim/srv/detail/kill__type_support.h\n'}
[0.646130] (turtlesim) StdoutLine: {'line': b'-- Up-to-date: /ros2_test/AD_Middle_Test/ros2/src/install/turtlesim/include/turtlesim/srv/detail/teleport_relative__functions.h\n'}
[0.646265] (turtlesim) StdoutLine: {'line': b'-- Up-to-date: /ros2_test/AD_Middle_Test/ros2/src/install/turtlesim/include/turtlesim/srv/detail/set_pen__struct.h\n'}
[0.646416] (turtlesim) StdoutLine: {'line': b'-- Up-to-date: /ros2_test/AD_Middle_Test/ros2/src/install/turtlesim/include/turtlesim/srv/detail/set_pen__functions.c\n'}
[0.646560] (turtlesim) StdoutLine: {'line': b'-- Up-to-date: /ros2_test/AD_Middle_Test/ros2/src/install/turtlesim/include/turtlesim/srv/detail/teleport_absolute__functions.h\n'}
[0.646702] (turtlesim) StdoutLine: {'line': b'-- Up-to-date: /ros2_test/AD_Middle_Test/ros2/src/install/turtlesim/include/turtlesim/srv/detail/teleport_absolute__struct.h\n'}
[0.646838] (turtlesim) StdoutLine: {'line': b'-- Up-to-date: /ros2_test/AD_Middle_Test/ros2/src/install/turtlesim/include/turtlesim/srv/detail/spawn__functions.c\n'}
[0.646974] (turtlesim) StdoutLine: {'line': b'-- Up-to-date: /ros2_test/AD_Middle_Test/ros2/src/install/turtlesim/include/turtlesim/srv/detail/teleport_absolute__functions.c\n'}
[0.647109] (turtlesim) StdoutLine: {'line': b'-- Up-to-date: /ros2_test/AD_Middle_Test/ros2/src/install/turtlesim/include/turtlesim/srv/detail/kill__struct.h\n'}
[0.647251] (turtlesim) StdoutLine: {'line': b'-- Up-to-date: /ros2_test/AD_Middle_Test/ros2/src/install/turtlesim/include/turtlesim/srv/detail/teleport_relative__struct.h\n'}
[0.647387] (turtlesim) StdoutLine: {'line': b'-- Up-to-date: /ros2_test/AD_Middle_Test/ros2/src/install/turtlesim/include/turtlesim/srv/detail/set_pen__type_support.h\n'}
[0.647522] (turtlesim) StdoutLine: {'line': b'-- Up-to-date: /ros2_test/AD_Middle_Test/ros2/src/install/turtlesim/include/turtlesim/srv/set_pen.h\n'}
[0.647657] (turtlesim) StdoutLine: {'line': b'-- Up-to-date: /ros2_test/AD_Middle_Test/ros2/src/install/turtlesim/include/turtlesim/srv/kill.h\n'}
[0.647792] (turtlesim) StdoutLine: {'line': b'-- Up-to-date: /ros2_test/AD_Middle_Test/ros2/src/install/turtlesim/include/turtlesim/srv/teleport_relative.h\n'}
[0.647927] (turtlesim) StdoutLine: {'line': b'-- Up-to-date: /ros2_test/AD_Middle_Test/ros2/src/install/turtlesim/include/turtlesim/srv/teleport_absolute.h\n'}
[0.648062] (turtlesim) StdoutLine: {'line': b'-- Up-to-date: /ros2_test/AD_Middle_Test/ros2/src/install/turtlesim/include/turtlesim/action\n'}
[0.648197] (turtlesim) StdoutLine: {'line': b'-- Up-to-date: /ros2_test/AD_Middle_Test/ros2/src/install/turtlesim/include/turtlesim/action/detail\n'}
[0.648331] (turtlesim) StdoutLine: {'line': b'-- Up-to-date: /ros2_test/AD_Middle_Test/ros2/src/install/turtlesim/include/turtlesim/action/detail/rotate_absolute__functions.h\n'}
[0.648467] (turtlesim) StdoutLine: {'line': b'-- Up-to-date: /ros2_test/AD_Middle_Test/ros2/src/install/turtlesim/include/turtlesim/action/detail/rotate_absolute__struct.h\n'}
[0.648602] (turtlesim) StdoutLine: {'line': b'-- Up-to-date: /ros2_test/AD_Middle_Test/ros2/src/install/turtlesim/include/turtlesim/action/detail/rotate_absolute__functions.c\n'}
[0.648738] (turtlesim) StdoutLine: {'line': b'-- Up-to-date: /ros2_test/AD_Middle_Test/ros2/src/install/turtlesim/include/turtlesim/action/detail/rotate_absolute__type_support.h\n'}
[0.648880] (turtlesim) StdoutLine: {'line': b'-- Up-to-date: /ros2_test/AD_Middle_Test/ros2/src/install/turtlesim/include/turtlesim/action/rotate_absolute.h\n'}
[0.649015] (turtlesim) StdoutLine: {'line': b'-- Up-to-date: /ros2_test/AD_Middle_Test/ros2/src/install/turtlesim/lib/libturtlesim__rosidl_generator_c.so\n'}
[0.649151] (turtlesim) StdoutLine: {'line': b'-- Up-to-date: /ros2_test/AD_Middle_Test/ros2/src/install/turtlesim/include/turtlesim\n'}
[0.649286] (turtlesim) StdoutLine: {'line': b'-- Up-to-date: /ros2_test/AD_Middle_Test/ros2/src/install/turtlesim/include/turtlesim/msg\n'}
[0.649421] (turtlesim) StdoutLine: {'line': b'-- Up-to-date: /ros2_test/AD_Middle_Test/ros2/src/install/turtlesim/include/turtlesim/msg/color.hpp\n'}
[0.649556] (turtlesim) StdoutLine: {'line': b'-- Up-to-date: /ros2_test/AD_Middle_Test/ros2/src/install/turtlesim/include/turtlesim/msg/detail\n'}
[0.649691] (turtlesim) StdoutLine: {'line': b'-- Up-to-date: /ros2_test/AD_Middle_Test/ros2/src/install/turtlesim/include/turtlesim/msg/detail/pose__traits.hpp\n'}
[0.649867] (turtlesim) StdoutLine: {'line': b'-- Up-to-date: /ros2_test/AD_Middle_Test/ros2/src/install/turtlesim/include/turtlesim/msg/detail/color__struct.hpp\n'}
[0.650004] (turtlesim) StdoutLine: {'line': b'-- Up-to-date: /ros2_test/AD_Middle_Test/ros2/src/install/turtlesim/include/turtlesim/msg/detail/pose__struct.hpp\n'}
[0.650141] (turtlesim) StdoutLine: {'line': b'-- Up-to-date: /ros2_test/AD_Middle_Test/ros2/src/install/turtlesim/include/turtlesim/msg/detail/color__builder.hpp\n'}
[0.650276] (turtlesim) StdoutLine: {'line': b'-- Up-to-date: /ros2_test/AD_Middle_Test/ros2/src/install/turtlesim/include/turtlesim/msg/detail/color__traits.hpp\n'}
[0.650427] (turtlesim) StdoutLine: {'line': b'-- Up-to-date: /ros2_test/AD_Middle_Test/ros2/src/install/turtlesim/include/turtlesim/msg/detail/pose__builder.hpp\n'}
[0.650570] (turtlesim) StdoutLine: {'line': b'-- Up-to-date: /ros2_test/AD_Middle_Test/ros2/src/install/turtlesim/include/turtlesim/msg/pose.hpp\n'}
[0.650706] (turtlesim) StdoutLine: {'line': b'-- Up-to-date: /ros2_test/AD_Middle_Test/ros2/src/install/turtlesim/include/turtlesim/srv\n'}
[0.650842] (turtlesim) StdoutLine: {'line': b'-- Up-to-date: /ros2_test/AD_Middle_Test/ros2/src/install/turtlesim/include/turtlesim/srv/teleport_absolute.hpp\n'}
[0.650977] (turtlesim) StdoutLine: {'line': b'-- Up-to-date: /ros2_test/AD_Middle_Test/ros2/src/install/turtlesim/include/turtlesim/srv/spawn.hpp\n'}
[0.651114] (turtlesim) StdoutLine: {'line': b'-- Up-to-date: /ros2_test/AD_Middle_Test/ros2/src/install/turtlesim/include/turtlesim/srv/kill.hpp\n'}
[0.651249] (turtlesim) StdoutLine: {'line': b'-- Up-to-date: /ros2_test/AD_Middle_Test/ros2/src/install/turtlesim/include/turtlesim/srv/teleport_relative.hpp\n'}
[0.651390] (turtlesim) StdoutLine: {'line': b'-- Up-to-date: /ros2_test/AD_Middle_Test/ros2/src/install/turtlesim/include/turtlesim/srv/detail\n'}
[0.651527] (turtlesim) StdoutLine: {'line': b'-- Up-to-date: /ros2_test/AD_Middle_Test/ros2/src/install/turtlesim/include/turtlesim/srv/detail/set_pen__traits.hpp\n'}
[0.651663] (turtlesim) StdoutLine: {'line': b'-- Up-to-date: /ros2_test/AD_Middle_Test/ros2/src/install/turtlesim/include/turtlesim/srv/detail/teleport_absolute__struct.hpp\n'}
[0.651800] (turtlesim) StdoutLine: {'line': b'-- Up-to-date: /ros2_test/AD_Middle_Test/ros2/src/install/turtlesim/include/turtlesim/srv/detail/spawn__traits.hpp\n'}
[0.651944] (turtlesim) StdoutLine: {'line': b'-- Up-to-date: /ros2_test/AD_Middle_Test/ros2/src/install/turtlesim/include/turtlesim/srv/detail/kill__builder.hpp\n'}
[0.652080] (turtlesim) StdoutLine: {'line': b'-- Up-to-date: /ros2_test/AD_Middle_Test/ros2/src/install/turtlesim/include/turtlesim/srv/detail/kill__struct.hpp\n'}
[0.652215] (turtlesim) StdoutLine: {'line': b'-- Up-to-date: /ros2_test/AD_Middle_Test/ros2/src/install/turtlesim/include/turtlesim/srv/detail/teleport_relative__builder.hpp\n'}
[0.652351] (turtlesim) StdoutLine: {'line': b'-- Up-to-date: /ros2_test/AD_Middle_Test/ros2/src/install/turtlesim/include/turtlesim/srv/detail/kill__traits.hpp\n'}
[0.652491] (turtlesim) StdoutLine: {'line': b'-- Up-to-date: /ros2_test/AD_Middle_Test/ros2/src/install/turtlesim/include/turtlesim/srv/detail/spawn__builder.hpp\n'}
[0.652627] (turtlesim) StdoutLine: {'line': b'-- Up-to-date: /ros2_test/AD_Middle_Test/ros2/src/install/turtlesim/include/turtlesim/srv/detail/teleport_relative__traits.hpp\n'}
[0.652763] (turtlesim) StdoutLine: {'line': b'-- Up-to-date: /ros2_test/AD_Middle_Test/ros2/src/install/turtlesim/include/turtlesim/srv/detail/spawn__struct.hpp\n'}
[0.652898] (turtlesim) StdoutLine: {'line': b'-- Up-to-date: /ros2_test/AD_Middle_Test/ros2/src/install/turtlesim/include/turtlesim/srv/detail/teleport_absolute__builder.hpp\n'}
[0.653034] (turtlesim) StdoutLine: {'line': b'-- Up-to-date: /ros2_test/AD_Middle_Test/ros2/src/install/turtlesim/include/turtlesim/srv/detail/teleport_absolute__traits.hpp\n'}
[0.653171] (turtlesim) StdoutLine: {'line': b'-- Up-to-date: /ros2_test/AD_Middle_Test/ros2/src/install/turtlesim/include/turtlesim/srv/detail/set_pen__builder.hpp\n'}
[0.653306] (turtlesim) StdoutLine: {'line': b'-- Up-to-date: /ros2_test/AD_Middle_Test/ros2/src/install/turtlesim/include/turtlesim/srv/detail/set_pen__struct.hpp\n'}
[0.653442] (turtlesim) StdoutLine: {'line': b'-- Up-to-date: /ros2_test/AD_Middle_Test/ros2/src/install/turtlesim/include/turtlesim/srv/detail/teleport_relative__struct.hpp\n'}
[0.653578] (turtlesim) StdoutLine: {'line': b'-- Up-to-date: /ros2_test/AD_Middle_Test/ros2/src/install/turtlesim/include/turtlesim/srv/set_pen.hpp\n'}
[0.653714] (turtlesim) StdoutLine: {'line': b'-- Up-to-date: /ros2_test/AD_Middle_Test/ros2/src/install/turtlesim/include/turtlesim/action\n'}
[0.653850] (turtlesim) StdoutLine: {'line': b'-- Up-to-date: /ros2_test/AD_Middle_Test/ros2/src/install/turtlesim/include/turtlesim/action/rotate_absolute.hpp\n'}
[0.653987] (turtlesim) StdoutLine: {'line': b'-- Up-to-date: /ros2_test/AD_Middle_Test/ros2/src/install/turtlesim/include/turtlesim/action/detail\n'}
[0.654123] (turtlesim) StdoutLine: {'line': b'-- Up-to-date: /ros2_test/AD_Middle_Test/ros2/src/install/turtlesim/include/turtlesim/action/detail/rotate_absolute__builder.hpp\n'}
[0.654259] (turtlesim) StdoutLine: {'line': b'-- Up-to-date: /ros2_test/AD_Middle_Test/ros2/src/install/turtlesim/include/turtlesim/action/detail/rotate_absolute__traits.hpp\n'}
[0.654409] (turtlesim) StdoutLine: {'line': b'-- Up-to-date: /ros2_test/AD_Middle_Test/ros2/src/install/turtlesim/include/turtlesim/action/detail/rotate_absolute__struct.hpp\n'}
[0.654553] (turtlesim) StdoutLine: {'line': b'-- Up-to-date: /ros2_test/AD_Middle_Test/ros2/src/install/turtlesim/share/turtlesim/environment/pythonpath.sh\n'}
[0.654689] (turtlesim) StdoutLine: {'line': b'-- Up-to-date: /ros2_test/AD_Middle_Test/ros2/src/install/turtlesim/share/turtlesim/environment/pythonpath.dsv\n'}
[0.654826] (turtlesim) StdoutLine: {'line': b'-- Up-to-date: /ros2_test/AD_Middle_Test/ros2/src/install/turtlesim/lib/python3.8/site-packages/turtlesim/__init__.py\n'}
[0.654961] (simple_s) StdoutLine: {'line': b'[ 33%] Built target listener\n'}
[0.655112] (simple_s) StdoutLine: {'line': b'[ 66%] Built target talker\n'}
[0.657955] (simple_s) StdoutLine: {'line': b'[ 83%] \x1b[32mBuilding CXX object CMakeFiles/intra_pipe.dir/src/intra_pipe.cpp.o\x1b[0m\n'}
[0.690993] (turtlesim) StdoutLine: {'line': b'-- Up-to-date: /ros2_test/AD_Middle_Test/ros2/src/install/turtlesim/lib/python3.8/site-packages/turtlesim/action\n'}
[0.691220] (turtlesim) StdoutLine: {'line': b'-- Up-to-date: /ros2_test/AD_Middle_Test/ros2/src/install/turtlesim/lib/python3.8/site-packages/turtlesim/action/_rotate_absolute.py\n'}
[0.691479] (turtlesim) StdoutLine: {'line': b'-- Up-to-date: /ros2_test/AD_Middle_Test/ros2/src/install/turtlesim/lib/python3.8/site-packages/turtlesim/action/__init__.py\n'}
[0.691686] (turtlesim) StdoutLine: {'line': b'-- Up-to-date: /ros2_test/AD_Middle_Test/ros2/src/install/turtlesim/lib/python3.8/site-packages/turtlesim/action/_rotate_absolute_s.c\n'}
[0.691978] (turtlesim) StdoutLine: {'line': b'-- Up-to-date: /ros2_test/AD_Middle_Test/ros2/src/install/turtlesim/lib/python3.8/site-packages/turtlesim/msg\n'}
[0.692145] (turtlesim) StdoutLine: {'line': b'-- Up-to-date: /ros2_test/AD_Middle_Test/ros2/src/install/turtlesim/lib/python3.8/site-packages/turtlesim/msg/_pose.py\n'}
[0.692289] (turtlesim) StdoutLine: {'line': b'-- Up-to-date: /ros2_test/AD_Middle_Test/ros2/src/install/turtlesim/lib/python3.8/site-packages/turtlesim/msg/_color_s.c\n'}
[0.692427] (turtlesim) StdoutLine: {'line': b'-- Up-to-date: /ros2_test/AD_Middle_Test/ros2/src/install/turtlesim/lib/python3.8/site-packages/turtlesim/msg/_color.py\n'}
[0.692591] (turtlesim) StdoutLine: {'line': b'-- Up-to-date: /ros2_test/AD_Middle_Test/ros2/src/install/turtlesim/lib/python3.8/site-packages/turtlesim/msg/_pose_s.c\n'}
[0.692729] (turtlesim) StdoutLine: {'line': b'-- Up-to-date: /ros2_test/AD_Middle_Test/ros2/src/install/turtlesim/lib/python3.8/site-packages/turtlesim/msg/__init__.py\n'}
[0.692875] (turtlesim) StdoutLine: {'line': b'-- Up-to-date: /ros2_test/AD_Middle_Test/ros2/src/install/turtlesim/lib/python3.8/site-packages/turtlesim/srv\n'}
[0.693012] (turtlesim) StdoutLine: {'line': b'-- Up-to-date: /ros2_test/AD_Middle_Test/ros2/src/install/turtlesim/lib/python3.8/site-packages/turtlesim/srv/_spawn_s.c\n'}
[0.693147] (turtlesim) StdoutLine: {'line': b'-- Up-to-date: /ros2_test/AD_Middle_Test/ros2/src/install/turtlesim/lib/python3.8/site-packages/turtlesim/srv/_kill.py\n'}
[0.693283] (turtlesim) StdoutLine: {'line': b'-- Up-to-date: /ros2_test/AD_Middle_Test/ros2/src/install/turtlesim/lib/python3.8/site-packages/turtlesim/srv/_set_pen.py\n'}
[0.693419] (turtlesim) StdoutLine: {'line': b'-- Up-to-date: /ros2_test/AD_Middle_Test/ros2/src/install/turtlesim/lib/python3.8/site-packages/turtlesim/srv/_spawn.py\n'}
[0.693555] (turtlesim) StdoutLine: {'line': b'-- Up-to-date: /ros2_test/AD_Middle_Test/ros2/src/install/turtlesim/lib/python3.8/site-packages/turtlesim/srv/_teleport_relative.py\n'}
[0.693726] (turtlesim) StdoutLine: {'line': b'-- Up-to-date: /ros2_test/AD_Middle_Test/ros2/src/install/turtlesim/lib/python3.8/site-packages/turtlesim/srv/__init__.py\n'}
[0.693864] (turtlesim) StdoutLine: {'line': b'-- Up-to-date: /ros2_test/AD_Middle_Test/ros2/src/install/turtlesim/lib/python3.8/site-packages/turtlesim/srv/_teleport_relative_s.c\n'}
[0.694000] (turtlesim) StdoutLine: {'line': b'-- Up-to-date: /ros2_test/AD_Middle_Test/ros2/src/install/turtlesim/lib/python3.8/site-packages/turtlesim/srv/_kill_s.c\n'}
[0.694137] (turtlesim) StdoutLine: {'line': b'-- Up-to-date: /ros2_test/AD_Middle_Test/ros2/src/install/turtlesim/lib/python3.8/site-packages/turtlesim/srv/_teleport_absolute.py\n'}
[0.694273] (turtlesim) StdoutLine: {'line': b'-- Up-to-date: /ros2_test/AD_Middle_Test/ros2/src/install/turtlesim/lib/python3.8/site-packages/turtlesim/srv/_set_pen_s.c\n'}
[0.694424] (turtlesim) StdoutLine: {'line': b'-- Up-to-date: /ros2_test/AD_Middle_Test/ros2/src/install/turtlesim/lib/python3.8/site-packages/turtlesim/srv/_teleport_absolute_s.c\n'}
[0.694567] (turtlesim) StdoutLine: {'line': b'-- Up-to-date: /ros2_test/AD_Middle_Test/ros2/src/install/turtlesim/lib/python3.8/site-packages/turtlesim/turtlesim_s__rosidl_typesupport_fastrtps_c.cpython-38-x86_64-linux-gnu.so\n'}
[0.694739] (turtlesim) StdoutLine: {'line': b'-- Up-to-date: /ros2_test/AD_Middle_Test/ros2/src/install/turtlesim/lib/python3.8/site-packages/turtlesim/turtlesim_s__rosidl_typesupport_introspection_c.cpython-38-x86_64-linux-gnu.so\n'}
[0.694877] (turtlesim) StdoutLine: {'line': b'-- Up-to-date: /ros2_test/AD_Middle_Test/ros2/src/install/turtlesim/lib/python3.8/site-packages/turtlesim/turtlesim_s__rosidl_typesupport_c.cpython-38-x86_64-linux-gnu.so\n'}
[0.695412] (turtlesim) StdoutLine: {'line': b'-- Up-to-date: /ros2_test/AD_Middle_Test/ros2/src/install/turtlesim/lib/libturtlesim__python.so\n'}
[0.695796] (turtlesim) StdoutLine: {'line': b'-- Up-to-date: /ros2_test/AD_Middle_Test/ros2/src/install/turtlesim/share/turtlesim/action/RotateAbsolute.idl\n'}
[0.695972] (turtlesim) StdoutLine: {'line': b'-- Up-to-date: /ros2_test/AD_Middle_Test/ros2/src/install/turtlesim/share/turtlesim/msg/Color.idl\n'}
[0.696167] (turtlesim) StdoutLine: {'line': b'-- Up-to-date: /ros2_test/AD_Middle_Test/ros2/src/install/turtlesim/share/turtlesim/msg/Pose.idl\n'}
[0.696360] (turtlesim) StdoutLine: {'line': b'-- Up-to-date: /ros2_test/AD_Middle_Test/ros2/src/install/turtlesim/share/turtlesim/srv/Kill.idl\n'}
[0.696554] (turtlesim) StdoutLine: {'line': b'-- Up-to-date: /ros2_test/AD_Middle_Test/ros2/src/install/turtlesim/share/turtlesim/srv/SetPen.idl\n'}
[0.696746] (turtlesim) StdoutLine: {'line': b'-- Up-to-date: /ros2_test/AD_Middle_Test/ros2/src/install/turtlesim/share/turtlesim/srv/Spawn.idl\n'}
[0.696938] (turtlesim) StdoutLine: {'line': b'-- Up-to-date: /ros2_test/AD_Middle_Test/ros2/src/install/turtlesim/share/turtlesim/srv/TeleportAbsolute.idl\n'}
[0.697131] (turtlesim) StdoutLine: {'line': b'-- Up-to-date: /ros2_test/AD_Middle_Test/ros2/src/install/turtlesim/share/turtlesim/srv/TeleportRelative.idl\n'}
[0.697322] (turtlesim) StdoutLine: {'line': b'-- Up-to-date: /ros2_test/AD_Middle_Test/ros2/src/install/turtlesim/share/turtlesim/action/RotateAbsolute.action\n'}
[0.697514] (turtlesim) StdoutLine: {'line': b'-- Up-to-date: /ros2_test/AD_Middle_Test/ros2/src/install/turtlesim/share/turtlesim/msg/Color.msg\n'}
[0.697707] (turtlesim) StdoutLine: {'line': b'-- Up-to-date: /ros2_test/AD_Middle_Test/ros2/src/install/turtlesim/share/turtlesim/msg/Pose.msg\n'}
[0.697900] (turtlesim) StdoutLine: {'line': b'-- Up-to-date: /ros2_test/AD_Middle_Test/ros2/src/install/turtlesim/share/turtlesim/srv/Kill.srv\n'}
[0.698115] (turtlesim) StdoutLine: {'line': b'-- Up-to-date: /ros2_test/AD_Middle_Test/ros2/src/install/turtlesim/share/turtlesim/srv/Kill_Request.msg\n'}
[0.698285] (turtlesim) StdoutLine: {'line': b'-- Up-to-date: /ros2_test/AD_Middle_Test/ros2/src/install/turtlesim/share/turtlesim/srv/Kill_Response.msg\n'}
[0.698439] (turtlesim) StdoutLine: {'line': b'-- Up-to-date: /ros2_test/AD_Middle_Test/ros2/src/install/turtlesim/share/turtlesim/srv/SetPen.srv\n'}
[0.698580] (turtlesim) StdoutLine: {'line': b'-- Up-to-date: /ros2_test/AD_Middle_Test/ros2/src/install/turtlesim/share/turtlesim/srv/SetPen_Request.msg\n'}
[0.698747] (turtlesim) StdoutLine: {'line': b'-- Up-to-date: /ros2_test/AD_Middle_Test/ros2/src/install/turtlesim/share/turtlesim/srv/SetPen_Response.msg\n'}
[0.698897] (turtlesim) StdoutLine: {'line': b'-- Up-to-date: /ros2_test/AD_Middle_Test/ros2/src/install/turtlesim/share/turtlesim/srv/Spawn.srv\n'}
[0.699034] (turtlesim) StdoutLine: {'line': b'-- Up-to-date: /ros2_test/AD_Middle_Test/ros2/src/install/turtlesim/share/turtlesim/srv/Spawn_Request.msg\n'}
[0.699168] (turtlesim) StdoutLine: {'line': b'-- Up-to-date: /ros2_test/AD_Middle_Test/ros2/src/install/turtlesim/share/turtlesim/srv/Spawn_Response.msg\n'}
[0.699334] (turtlesim) StdoutLine: {'line': b'-- Up-to-date: /ros2_test/AD_Middle_Test/ros2/src/install/turtlesim/share/turtlesim/srv/TeleportAbsolute.srv\n'}
[0.699472] (turtlesim) StdoutLine: {'line': b'-- Up-to-date: /ros2_test/AD_Middle_Test/ros2/src/install/turtlesim/share/turtlesim/srv/TeleportAbsolute_Request.msg\n'}
[0.699608] (turtlesim) StdoutLine: {'line': b'-- Up-to-date: /ros2_test/AD_Middle_Test/ros2/src/install/turtlesim/share/turtlesim/srv/TeleportAbsolute_Response.msg\n'}
[0.699743] (turtlesim) StdoutLine: {'line': b'-- Up-to-date: /ros2_test/AD_Middle_Test/ros2/src/install/turtlesim/share/turtlesim/srv/TeleportRelative.srv\n'}
[0.699878] (turtlesim) StdoutLine: {'line': b'-- Up-to-date: /ros2_test/AD_Middle_Test/ros2/src/install/turtlesim/share/turtlesim/srv/TeleportRelative_Request.msg\n'}
[0.700035] (-) TimerEvent: {}
[0.700268] (turtlesim) StdoutLine: {'line': b'-- Up-to-date: /ros2_test/AD_Middle_Test/ros2/src/install/turtlesim/share/turtlesim/srv/TeleportRelative_Response.msg\n'}
[0.700416] (turtlesim) StdoutLine: {'line': b'-- Up-to-date: /ros2_test/AD_Middle_Test/ros2/src/install/turtlesim/lib/turtlesim/turtlesim_node\n'}
[0.700565] (turtlesim) StdoutLine: {'line': b'-- Up-to-date: /ros2_test/AD_Middle_Test/ros2/src/install/turtlesim/lib/turtlesim/turtle_teleop_key\n'}
[0.700745] (turtlesim) StdoutLine: {'line': b'-- Up-to-date: /ros2_test/AD_Middle_Test/ros2/src/install/turtlesim/lib/turtlesim/draw_square\n'}
[0.700882] (turtlesim) StdoutLine: {'line': b'-- Up-to-date: /ros2_test/AD_Middle_Test/ros2/src/install/turtlesim/lib/turtlesim/mimic\n'}
[0.701090] (turtlesim) StdoutLine: {'line': b'-- Up-to-date: /ros2_test/AD_Middle_Test/ros2/src/install/turtlesim/share/turtlesim/images\n'}
[0.701324] (turtlesim) StdoutLine: {'line': b'-- Up-to-date: /ros2_test/AD_Middle_Test/ros2/src/install/turtlesim/share/turtlesim/images/ardent.png\n'}
[0.701485] (turtlesim) StdoutLine: {'line': b'-- Up-to-date: /ros2_test/AD_Middle_Test/ros2/src/install/turtlesim/share/turtlesim/images/bouncy.png\n'}
[0.701650] (turtlesim) StdoutLine: {'line': b'-- Up-to-date: /ros2_test/AD_Middle_Test/ros2/src/install/turtlesim/share/turtlesim/images/eloquent.png\n'}
[0.701842] (turtlesim) StdoutLine: {'line': b'-- Up-to-date: /ros2_test/AD_Middle_Test/ros2/src/install/turtlesim/share/turtlesim/images/dashing.png\n'}
[0.702034] (turtlesim) StdoutLine: {'line': b'-- Up-to-date: /ros2_test/AD_Middle_Test/ros2/src/install/turtlesim/share/turtlesim/images/crystal.png\n'}
[0.702226] (turtlesim) StdoutLine: {'line': b'-- Up-to-date: /ros2_test/AD_Middle_Test/ros2/src/install/turtlesim/share/turtlesim/launch\n'}
[0.702432] (turtlesim) StdoutLine: {'line': b'-- Up-to-date: /ros2_test/AD_Middle_Test/ros2/src/install/turtlesim/share/turtlesim/launch/multisim.launch.py\n'}
[0.702605] (turtlesim) StdoutLine: {'line': b'-- Up-to-date: /ros2_test/AD_Middle_Test/ros2/src/install/turtlesim/share/ament_index/resource_index/package_run_dependencies/turtlesim\n'}
[0.702769] (turtlesim) StdoutLine: {'line': b'-- Up-to-date: /ros2_test/AD_Middle_Test/ros2/src/install/turtlesim/share/ament_index/resource_index/parent_prefix_path/turtlesim\n'}
[0.702959] (turtlesim) StdoutLine: {'line': b'-- Up-to-date: /ros2_test/AD_Middle_Test/ros2/src/install/turtlesim/share/turtlesim/environment/ament_prefix_path.sh\n'}
[0.703126] (turtlesim) StdoutLine: {'line': b'-- Up-to-date: /ros2_test/AD_Middle_Test/ros2/src/install/turtlesim/share/turtlesim/environment/ament_prefix_path.dsv\n'}
[0.703319] (turtlesim) StdoutLine: {'line': b'-- Up-to-date: /ros2_test/AD_Middle_Test/ros2/src/install/turtlesim/share/turtlesim/environment/path.sh\n'}
[0.703527] (turtlesim) StdoutLine: {'line': b'-- Up-to-date: /ros2_test/AD_Middle_Test/ros2/src/install/turtlesim/share/turtlesim/environment/path.dsv\n'}
[0.703665] (turtlesim) StdoutLine: {'line': b'-- Up-to-date: /ros2_test/AD_Middle_Test/ros2/src/install/turtlesim/share/turtlesim/local_setup.bash\n'}
[0.703800] (turtlesim) StdoutLine: {'line': b'-- Up-to-date: /ros2_test/AD_Middle_Test/ros2/src/install/turtlesim/share/turtlesim/local_setup.sh\n'}
[0.703937] (turtlesim) StdoutLine: {'line': b'-- Up-to-date: /ros2_test/AD_Middle_Test/ros2/src/install/turtlesim/share/turtlesim/local_setup.zsh\n'}
[0.704072] (turtlesim) StdoutLine: {'line': b'-- Up-to-date: /ros2_test/AD_Middle_Test/ros2/src/install/turtlesim/share/turtlesim/local_setup.dsv\n'}
[0.704215] (turtlesim) StdoutLine: {'line': b'-- Installing: /ros2_test/AD_Middle_Test/ros2/src/install/turtlesim/share/turtlesim/package.dsv\n'}
[0.704351] (turtlesim) StdoutLine: {'line': b'-- Up-to-date: /ros2_test/AD_Middle_Test/ros2/src/install/turtlesim/share/ament_index/resource_index/packages/turtlesim\n'}
[0.704486] (turtlesim) StdoutLine: {'line': b'-- Up-to-date: /ros2_test/AD_Middle_Test/ros2/src/install/turtlesim/share/turtlesim/cmake/rosidl_cmake-extras.cmake\n'}
[0.704620] (turtlesim) StdoutLine: {'line': b'-- Up-to-date: /ros2_test/AD_Middle_Test/ros2/src/install/turtlesim/share/turtlesim/cmake/ament_cmake_export_dependencies-extras.cmake\n'}
[0.704765] (turtlesim) StdoutLine: {'line': b'-- Up-to-date: /ros2_test/AD_Middle_Test/ros2/src/install/turtlesim/share/turtlesim/cmake/ament_cmake_export_libraries-extras.cmake\n'}
[0.704905] (turtlesim) StdoutLine: {'line': b'-- Up-to-date: /ros2_test/AD_Middle_Test/ros2/src/install/turtlesim/share/turtlesim/cmake/rosidl_cmake_export_typesupport_libraries-extras.cmake\n'}
[0.705040] (turtlesim) StdoutLine: {'line': b'-- Up-to-date: /ros2_test/AD_Middle_Test/ros2/src/install/turtlesim/share/turtlesim/cmake/ament_cmake_export_include_directories-extras.cmake\n'}
[0.705175] (turtlesim) StdoutLine: {'line': b'-- Up-to-date: /ros2_test/AD_Middle_Test/ros2/src/install/turtlesim/share/turtlesim/cmake/turtlesimConfig.cmake\n'}
[0.705386] (turtlesim) StdoutLine: {'line': b'-- Up-to-date: /ros2_test/AD_Middle_Test/ros2/src/install/turtlesim/share/turtlesim/cmake/turtlesimConfig-version.cmake\n'}
[0.705534] (turtlesim) StdoutLine: {'line': b'-- Up-to-date: /ros2_test/AD_Middle_Test/ros2/src/install/turtlesim/share/turtlesim/package.xml\n'}
[0.706782] (turtlesim) CommandEnded: {'returncode': 0}
[0.725844] (turtlesim) JobEnded: {'identifier': 'turtlesim', 'rc': 0}
[0.800126] (-) TimerEvent: {}
[0.900359] (-) TimerEvent: {}
[1.000585] (-) TimerEvent: {}
[1.100793] (-) TimerEvent: {}
[1.200998] (-) TimerEvent: {}
[1.301215] (-) TimerEvent: {}
[1.401420] (-) TimerEvent: {}
[1.501635] (-) TimerEvent: {}
[1.601891] (-) TimerEvent: {}
[1.702176] (-) TimerEvent: {}
[1.802461] (-) TimerEvent: {}
[1.902759] (-) TimerEvent: {}
[2.003034] (-) TimerEvent: {}
[2.103304] (-) TimerEvent: {}
[2.203604] (-) TimerEvent: {}
[2.303881] (-) TimerEvent: {}
[2.404189] (-) TimerEvent: {}
[2.504488] (-) TimerEvent: {}
[2.604762] (-) TimerEvent: {}
[2.705072] (-) TimerEvent: {}
[2.805385] (-) TimerEvent: {}
[2.905656] (-) TimerEvent: {}
[3.005919] (-) TimerEvent: {}
[3.106175] (-) TimerEvent: {}
[3.179373] (simple_s) StderrLine: {'line': b'In file included from \x1b[01m\x1b[K/opt/ros/foxy/include/message_filters/synchronizer.h:47\x1b[m\x1b[K,\n'}
[3.180336] (simple_s) StderrLine: {'line': b'                 from \x1b[01m\x1b[K/ros2_test/AD_Middle_Test/ros2/src/simple_s/src/intra_pipe.cpp:10\x1b[m\x1b[K:\n'}
[3.181250] (simple_s) StderrLine: {'line': b'/opt/ros/foxy/include/message_filters/signal9.h: In instantiation of \xe2\x80\x98\x1b[01m\x1b[Kmessage_filters::Connection message_filters::Signal9<M0, M1, M2, M3, M4, M5, M6, M7, M8>::addCallback(const std::function<void(P0, P1, P2, P3, P4, P5, P6, P7, P8)>&) [with P0 = const std::unique_ptr<test_interfaces::msg::Test_<std::allocator<void> >, std::default_delete<test_interfaces::msg::Test_<std::allocator<void> > > >&; P1 = const std::unique_ptr<test_interfaces::msg::Test_<std::allocator<void> >, std::default_delete<test_interfaces::msg::Test_<std::allocator<void> > > >&; P2 = const std::shared_ptr<const message_filters::NullType>&; P3 = const std::shared_ptr<const message_filters::NullType>&; P4 = const std::shared_ptr<const message_filters::NullType>&; P5 = const std::shared_ptr<const message_filters::NullType>&; P6 = const std::shared_ptr<const message_filters::NullType>&; P7 = const std::shared_ptr<const message_filters::NullType>&; P8 = const std::shared_ptr<const message_filters::NullType>&; M0 = test_interfaces::msg::Test_<std::allocator<void> >; M1 = test_interfaces::msg::Test_<std::allocator<void> >; M2 = message_filters::NullType; M3 = message_filters::NullType; M4 = message_filters::NullType; M5 = message_filters::NullType; M6 = message_filters::NullType; M7 = message_filters::NullType; M8 = message_filters::NullType]\x1b[m\x1b[K\xe2\x80\x99:\n'}
[3.181618] (simple_s) StderrLine: {'line': b'\x1b[01m\x1b[K/opt/ros/foxy/include/message_filters/signal9.h:230:170:\x1b[m\x1b[K   required from \xe2\x80\x98\x1b[01m\x1b[Kmessage_filters::Connection message_filters::Signal9<M0, M1, M2, M3, M4, M5, M6, M7, M8>::addCallback(void (T::*)(P0, P1), T*) [with T = Consumer; P0 = const std::unique_ptr<test_interfaces::msg::Test_<std::allocator<void> >, std::default_delete<test_interfaces::msg::Test_<std::allocator<void> > > >&; P1 = const std::unique_ptr<test_interfaces::msg::Test_<std::allocator<void> >, std::default_delete<test_interfaces::msg::Test_<std::allocator<void> > > >&; M0 = test_interfaces::msg::Test_<std::allocator<void> >; M1 = test_interfaces::msg::Test_<std::allocator<void> >; M2 = message_filters::NullType; M3 = message_filters::NullType; M4 = message_filters::NullType; M5 = message_filters::NullType; M6 = message_filters::NullType; M7 = message_filters::NullType; M8 = message_filters::NullType]\x1b[m\x1b[K\xe2\x80\x99\n'}
[3.181779] (simple_s) StderrLine: {'line': b'\x1b[01m\x1b[K/opt/ros/foxy/include/message_filters/synchronizer.h:304:43:\x1b[m\x1b[K   required from \xe2\x80\x98\x1b[01m\x1b[Kmessage_filters::Connection message_filters::Synchronizer<Policy>::registerCallback(const C&, T*) [with C = void (Consumer::*)(const std::unique_ptr<test_interfaces::msg::Test_<std::allocator<void> >, std::default_delete<test_interfaces::msg::Test_<std::allocator<void> > > >&, const std::unique_ptr<test_interfaces::msg::Test_<std::allocator<void> >, std::default_delete<test_interfaces::msg::Test_<std::allocator<void> > > >&); T = Consumer; Policy = message_filters::sync_policies::ApproximateTime<test_interfaces::msg::Test_<std::allocator<void> >, test_interfaces::msg::Test_<std::allocator<void> > >]\x1b[m\x1b[K\xe2\x80\x99\n'}
[3.181930] (simple_s) StderrLine: {'line': b'\x1b[01m\x1b[K/ros2_test/AD_Middle_Test/ros2/src/simple_s/src/intra_pipe.cpp:111:65:\x1b[m\x1b[K   required from here\n'}
[3.182068] (simple_s) StderrLine: {'line': b'\x1b[01m\x1b[K/opt/ros/foxy/include/message_filters/signal9.h:175:26:\x1b[m\x1b[K \x1b[01;31m\x1b[Kerror: \x1b[m\x1b[Kno matching function for call to \xe2\x80\x98\x1b[01m\x1b[Kstd::shared_ptr<message_filters::CallbackHelper9<test_interfaces::msg::Test_<std::allocator<void> >, test_interfaces::msg::Test_<std::allocator<void> >, message_filters::NullType, message_filters::NullType, message_filters::NullType, message_filters::NullType, message_filters::NullType, message_filters::NullType, message_filters::NullType> >::shared_ptr(message_filters::CallbackHelper9T<const std::unique_ptr<test_interfaces::msg::Test_<std::allocator<void> >, std::default_delete<test_interfaces::msg::Test_<std::allocator<void> > > >&, const std::unique_ptr<test_interfaces::msg::Test_<std::allocator<void> >, std::default_delete<test_interfaces::msg::Test_<std::allocator<void> > > >&, const std::shared_ptr<const message_filters::NullType>&, const std::shared_ptr<const message_filters::NullType>&, const std::shared_ptr<const message_filters::NullType>&, const std::shared_ptr<const message_filters::NullType>&, const std::shared_ptr<const message_filters::NullType>&, const std::shared_ptr<const message_filters::NullType>&, const std::shared_ptr<const message_filters::NullType>&>*&)\x1b[m\x1b[K\xe2\x80\x99\n'}
[3.182235] (simple_s) StderrLine: {'line': b'  175 |     callbacks_.push_back(\x1b[01;31m\x1b[KCallbackHelper9Ptr(helper)\x1b[m\x1b[K);\n'}
[3.182372] (simple_s) StderrLine: {'line': b'      |                          \x1b[01;31m\x1b[K^~~~~~~~~~~~~~~~~~~~~~~~~~\x1b[m\x1b[K\n'}
[3.182545] (simple_s) StderrLine: {'line': b'In file included from \x1b[01m\x1b[K/usr/include/c++/9/memory:81\x1b[m\x1b[K,\n'}
[3.182683] (simple_s) StderrLine: {'line': b'                 from \x1b[01m\x1b[K/ros2_test/AD_Middle_Test/ros2/src/simple_s/src/intra_pipe.cpp:4\x1b[m\x1b[K:\n'}
[3.182816] (simple_s) StderrLine: {'line': b'\x1b[01m\x1b[K/usr/include/c++/9/bits/shared_ptr.h:367:7:\x1b[m\x1b[K \x1b[01;36m\x1b[Knote: \x1b[m\x1b[Kcandidate: \xe2\x80\x98\x1b[01m\x1b[Kstd::shared_ptr<_Tp>::shared_ptr(const std::weak_ptr<_Tp>&, std::nothrow_t) [with _Tp = message_filters::CallbackHelper9<test_interfaces::msg::Test_<std::allocator<void> >, test_interfaces::msg::Test_<std::allocator<void> >, message_filters::NullType, message_filters::NullType, message_filters::NullType, message_filters::NullType, message_filters::NullType, message_filters::NullType, message_filters::NullType>]\x1b[m\x1b[K\xe2\x80\x99\n'}
[3.182957] (simple_s) StderrLine: {'line': b'  367 |       \x1b[01;36m\x1b[Kshared_ptr\x1b[m\x1b[K(const weak_ptr<_Tp>& __r, std::nothrow_t)\n'}
[3.183091] (simple_s) StderrLine: {'line': b'      |       \x1b[01;36m\x1b[K^~~~~~~~~~\x1b[m\x1b[K\n'}
[3.183231] (simple_s) StderrLine: {'line': b'\x1b[01m\x1b[K/usr/include/c++/9/bits/shared_ptr.h:367:7:\x1b[m\x1b[K \x1b[01;36m\x1b[Knote: \x1b[m\x1b[K  candidate expects 2 arguments, 1 provided\n'}
[3.183364] (simple_s) StderrLine: {'line': b'\x1b[01m\x1b[K/usr/include/c++/9/bits/shared_ptr.h:358:2:\x1b[m\x1b[K \x1b[01;36m\x1b[Knote: \x1b[m\x1b[Kcandidate: \xe2\x80\x98\x1b[01m\x1b[Ktemplate<class _Alloc, class ... _Args> std::shared_ptr<_Tp>::shared_ptr(std::_Sp_alloc_shared_tag<_Tp>, _Args&& ...)\x1b[m\x1b[K\xe2\x80\x99\n'}
[3.183499] (simple_s) StderrLine: {'line': b'  358 |  \x1b[01;36m\x1b[Kshared_ptr\x1b[m\x1b[K(_Sp_alloc_shared_tag<_Alloc> __tag, _Args&&... __args)\n'}
[3.183632] (simple_s) StderrLine: {'line': b'      |  \x1b[01;36m\x1b[K^~~~~~~~~~\x1b[m\x1b[K\n'}
[3.183765] (simple_s) StderrLine: {'line': b'\x1b[01m\x1b[K/usr/include/c++/9/bits/shared_ptr.h:358:2:\x1b[m\x1b[K \x1b[01;36m\x1b[Knote: \x1b[m\x1b[K  template argument deduction/substitution failed:\n'}
[3.183898] (simple_s) StderrLine: {'line': b'In file included from \x1b[01m\x1b[K/opt/ros/foxy/include/message_filters/synchronizer.h:47\x1b[m\x1b[K,\n'}
[3.184031] (simple_s) StderrLine: {'line': b'                 from \x1b[01m\x1b[K/ros2_test/AD_Middle_Test/ros2/src/simple_s/src/intra_pipe.cpp:10\x1b[m\x1b[K:\n'}
[3.184164] (simple_s) StderrLine: {'line': b'\x1b[01m\x1b[K/opt/ros/foxy/include/message_filters/signal9.h:175:26:\x1b[m\x1b[K \x1b[01;36m\x1b[Knote: \x1b[m\x1b[K  mismatched types \xe2\x80\x98\x1b[01m\x1b[Kstd::_Sp_alloc_shared_tag<_Tp>\x1b[m\x1b[K\xe2\x80\x99 and \xe2\x80\x98\x1b[01m\x1b[Kmessage_filters::CallbackHelper9T<const std::unique_ptr<test_interfaces::msg::Test_<std::allocator<void> >, std::default_delete<test_interfaces::msg::Test_<std::allocator<void> > > >&, const std::unique_ptr<test_interfaces::msg::Test_<std::allocator<void> >, std::default_delete<test_interfaces::msg::Test_<std::allocator<void> > > >&, const std::shared_ptr<const message_filters::NullType>&, const std::shared_ptr<const message_filters::NullType>&, const std::shared_ptr<const message_filters::NullType>&, const std::shared_ptr<const message_filters::NullType>&, const std::shared_ptr<const message_filters::NullType>&, const std::shared_ptr<const message_filters::NullType>&, const std::shared_ptr<const message_filters::NullType>&>*\x1b[m\x1b[K\xe2\x80\x99\n'}
[3.184312] (simple_s) StderrLine: {'line': b'  175 |     callbacks_.push_back(\x1b[01;36m\x1b[KCallbackHelper9Ptr(helper)\x1b[m\x1b[K);\n'}
[3.184445] (simple_s) StderrLine: {'line': b'      |                          \x1b[01;36m\x1b[K^~~~~~~~~~~~~~~~~~~~~~~~~~\x1b[m\x1b[K\n'}
[3.184578] (simple_s) StderrLine: {'line': b'In file included from \x1b[01m\x1b[K/usr/include/c++/9/memory:81\x1b[m\x1b[K,\n'}
[3.184711] (simple_s) StderrLine: {'line': b'                 from \x1b[01m\x1b[K/ros2_test/AD_Middle_Test/ros2/src/simple_s/src/intra_pipe.cpp:4\x1b[m\x1b[K:\n'}
[3.184845] (simple_s) StderrLine: {'line': b'\x1b[01m\x1b[K/usr/include/c++/9/bits/shared_ptr.h:307:17:\x1b[m\x1b[K \x1b[01;36m\x1b[Knote: \x1b[m\x1b[Kcandidate: \xe2\x80\x98\x1b[01m\x1b[Kconstexpr std::shared_ptr<_Tp>::shared_ptr(std::nullptr_t) [with _Tp = message_filters::CallbackHelper9<test_interfaces::msg::Test_<std::allocator<void> >, test_interfaces::msg::Test_<std::allocator<void> >, message_filters::NullType, message_filters::NullType, message_filters::NullType, message_filters::NullType, message_filters::NullType, message_filters::NullType, message_filters::NullType>; std::nullptr_t = std::nullptr_t]\x1b[m\x1b[K\xe2\x80\x99\n'}
[3.184996] (simple_s) StderrLine: {'line': b'  307 |       constexpr \x1b[01;36m\x1b[Kshared_ptr\x1b[m\x1b[K(nullptr_t) noexcept : shared_ptr() { }\n'}
[3.185131] (simple_s) StderrLine: {'line': b'      |                 \x1b[01;36m\x1b[K^~~~~~~~~~\x1b[m\x1b[K\n'}
[3.185264] (simple_s) StderrLine: {'line': b'\x1b[01m\x1b[K/usr/include/c++/9/bits/shared_ptr.h:307:28:\x1b[m\x1b[K \x1b[01;36m\x1b[Knote: \x1b[m\x1b[K  no known conversion for argument 1 from \xe2\x80\x98\x1b[01m\x1b[Kmessage_filters::CallbackHelper9T<const std::unique_ptr<test_interfaces::msg::Test_<std::allocator<void> >, std::default_delete<test_interfaces::msg::Test_<std::allocator<void> > > >&, const std::unique_ptr<test_interfaces::msg::Test_<std::allocator<void> >, std::default_delete<test_interfaces::msg::Test_<std::allocator<void> > > >&, const std::shared_ptr<const message_filters::NullType>&, const std::shared_ptr<const message_filters::NullType>&, const std::shared_ptr<const message_filters::NullType>&, const std::shared_ptr<const message_filters::NullType>&, const std::shared_ptr<const message_filters::NullType>&, const std::shared_ptr<const message_filters::NullType>&, const std::shared_ptr<const message_filters::NullType>&>*\x1b[m\x1b[K\xe2\x80\x99 to \xe2\x80\x98\x1b[01m\x1b[Kstd::nullptr_t\x1b[m\x1b[K\xe2\x80\x99\n'}
[3.185411] (simple_s) StderrLine: {'line': b'  307 |       constexpr shared_ptr(\x1b[01;36m\x1b[Knullptr_t\x1b[m\x1b[K) noexcept : shared_ptr() { }\n'}
[3.185544] (simple_s) StderrLine: {'line': b'      |                            \x1b[01;36m\x1b[K^~~~~~~~~\x1b[m\x1b[K\n'}
[3.185677] (simple_s) StderrLine: {'line': b'\x1b[01m\x1b[K/usr/include/c++/9/bits/shared_ptr.h:299:2:\x1b[m\x1b[K \x1b[01;36m\x1b[Knote: \x1b[m\x1b[Kcandidate: \xe2\x80\x98\x1b[01m\x1b[Ktemplate<class _Yp, class _Del, std::shared_ptr<message_filters::CallbackHelper9<test_interfaces::msg::Test_<std::allocator<void> >, test_interfaces::msg::Test_<std::allocator<void> >, message_filters::NullType, message_filters::NullType, message_filters::NullType, message_filters::NullType, message_filters::NullType, message_filters::NullType, message_filters::NullType> >::_Constructible<std::unique_ptr<_Tp, _Dp>, std::__sp_array_delete>* <anonymous> > std::shared_ptr<_Tp>::shared_ptr(std::unique_ptr<_Up, _Ep>&&)\x1b[m\x1b[K\xe2\x80\x99\n'}
[3.185821] (simple_s) StderrLine: {'line': b'  299 |  \x1b[01;36m\x1b[Kshared_ptr\x1b[m\x1b[K(unique_ptr<_Yp, _Del>&& __r)\n'}
[3.185954] (simple_s) StderrLine: {'line': b'      |  \x1b[01;36m\x1b[K^~~~~~~~~~\x1b[m\x1b[K\n'}
[3.186087] (simple_s) StderrLine: {'line': b'\x1b[01m\x1b[K/usr/include/c++/9/bits/shared_ptr.h:299:2:\x1b[m\x1b[K \x1b[01;36m\x1b[Knote: \x1b[m\x1b[K  template argument deduction/substitution failed:\n'}
[3.186220] (simple_s) StderrLine: {'line': b'In file included from \x1b[01m\x1b[K/opt/ros/foxy/include/message_filters/synchronizer.h:47\x1b[m\x1b[K,\n'}
[3.186353] (simple_s) StderrLine: {'line': b'                 from \x1b[01m\x1b[K/ros2_test/AD_Middle_Test/ros2/src/simple_s/src/intra_pipe.cpp:10\x1b[m\x1b[K:\n'}
[3.186499] (simple_s) StderrLine: {'line': b'\x1b[01m\x1b[K/opt/ros/foxy/include/message_filters/signal9.h:175:26:\x1b[m\x1b[K \x1b[01;36m\x1b[Knote: \x1b[m\x1b[K  mismatched types \xe2\x80\x98\x1b[01m\x1b[Kstd::unique_ptr<_Tp, _Dp>\x1b[m\x1b[K\xe2\x80\x99 and \xe2\x80\x98\x1b[01m\x1b[Kmessage_filters::CallbackHelper9T<const std::unique_ptr<test_interfaces::msg::Test_<std::allocator<void> >, std::default_delete<test_interfaces::msg::Test_<std::allocator<void> > > >&, const std::unique_ptr<test_interfaces::msg::Test_<std::allocator<void> >, std::default_delete<test_interfaces::msg::Test_<std::allocator<void> > > >&, const std::shared_ptr<const message_filters::NullType>&, const std::shared_ptr<const message_filters::NullType>&, const std::shared_ptr<const message_filters::NullType>&, const std::shared_ptr<const message_filters::NullType>&, const std::shared_ptr<const message_filters::NullType>&, const std::shared_ptr<const message_filters::NullType>&, const std::shared_ptr<const message_filters::NullType>&>*\x1b[m\x1b[K\xe2\x80\x99\n'}
[3.186645] (simple_s) StderrLine: {'line': b'  175 |     callbacks_.push_back(\x1b[01;36m\x1b[KCallbackHelper9Ptr(helper)\x1b[m\x1b[K);\n'}
[3.186779] (simple_s) StderrLine: {'line': b'      |                          \x1b[01;36m\x1b[K^~~~~~~~~~~~~~~~~~~~~~~~~~\x1b[m\x1b[K\n'}
[3.186912] (simple_s) StderrLine: {'line': b'In file included from \x1b[01m\x1b[K/usr/include/c++/9/memory:81\x1b[m\x1b[K,\n'}
[3.187045] (simple_s) StderrLine: {'line': b'                 from \x1b[01m\x1b[K/ros2_test/AD_Middle_Test/ros2/src/simple_s/src/intra_pipe.cpp:4\x1b[m\x1b[K:\n'}
[3.187189] (simple_s) StderrLine: {'line': b'\x1b[01m\x1b[K/usr/include/c++/9/bits/shared_ptr.h:290:2:\x1b[m\x1b[K \x1b[01;36m\x1b[Knote: \x1b[m\x1b[Kcandidate: \xe2\x80\x98\x1b[01m\x1b[Ktemplate<class _Yp, class _Del, class> std::shared_ptr<_Tp>::shared_ptr(std::unique_ptr<_Up, _Ep>&&)\x1b[m\x1b[K\xe2\x80\x99\n'}
[3.187331] (simple_s) StderrLine: {'line': b'  290 |  \x1b[01;36m\x1b[Kshared_ptr\x1b[m\x1b[K(unique_ptr<_Yp, _Del>&& __r)\n'}
[3.187472] (simple_s) StderrLine: {'line': b'      |  \x1b[01;36m\x1b[K^~~~~~~~~~\x1b[m\x1b[K\n'}
[3.187605] (simple_s) StderrLine: {'line': b'\x1b[01m\x1b[K/usr/include/c++/9/bits/shared_ptr.h:290:2:\x1b[m\x1b[K \x1b[01;36m\x1b[Knote: \x1b[m\x1b[K  template argument deduction/substitution failed:\n'}
[3.187738] (simple_s) StderrLine: {'line': b'In file included from \x1b[01m\x1b[K/opt/ros/foxy/include/message_filters/synchronizer.h:47\x1b[m\x1b[K,\n'}
[3.187871] (simple_s) StderrLine: {'line': b'                 from \x1b[01m\x1b[K/ros2_test/AD_Middle_Test/ros2/src/simple_s/src/intra_pipe.cpp:10\x1b[m\x1b[K:\n'}
[3.188004] (simple_s) StderrLine: {'line': b'\x1b[01m\x1b[K/opt/ros/foxy/include/message_filters/signal9.h:175:26:\x1b[m\x1b[K \x1b[01;36m\x1b[Knote: \x1b[m\x1b[K  mismatched types \xe2\x80\x98\x1b[01m\x1b[Kstd::unique_ptr<_Tp, _Dp>\x1b[m\x1b[K\xe2\x80\x99 and \xe2\x80\x98\x1b[01m\x1b[Kmessage_filters::CallbackHelper9T<const std::unique_ptr<test_interfaces::msg::Test_<std::allocator<void> >, std::default_delete<test_interfaces::msg::Test_<std::allocator<void> > > >&, const std::unique_ptr<test_interfaces::msg::Test_<std::allocator<void> >, std::default_delete<test_interfaces::msg::Test_<std::allocator<void> > > >&, const std::shared_ptr<const message_filters::NullType>&, const std::shared_ptr<const message_filters::NullType>&, const std::shared_ptr<const message_filters::NullType>&, const std::shared_ptr<const message_filters::NullType>&, const std::shared_ptr<const message_filters::NullType>&, const std::shared_ptr<const message_filters::NullType>&, const std::shared_ptr<const message_filters::NullType>&>*\x1b[m\x1b[K\xe2\x80\x99\n'}
[3.188151] (simple_s) StderrLine: {'line': b'  175 |     callbacks_.push_back(\x1b[01;36m\x1b[KCallbackHelper9Ptr(helper)\x1b[m\x1b[K);\n'}
[3.188285] (simple_s) StderrLine: {'line': b'      |                          \x1b[01;36m\x1b[K^~~~~~~~~~~~~~~~~~~~~~~~~~\x1b[m\x1b[K\n'}
[3.188418] (simple_s) StderrLine: {'line': b'In file included from \x1b[01m\x1b[K/usr/include/c++/9/memory:81\x1b[m\x1b[K,\n'}
[3.188551] (simple_s) StderrLine: {'line': b'                 from \x1b[01m\x1b[K/ros2_test/AD_Middle_Test/ros2/src/simple_s/src/intra_pipe.cpp:4\x1b[m\x1b[K:\n'}
[3.188684] (simple_s) StderrLine: {'line': b'\x1b[01m\x1b[K/usr/include/c++/9/bits/shared_ptr.h:282:2:\x1b[m\x1b[K \x1b[01;36m\x1b[Knote: \x1b[m\x1b[Kcandidate: \xe2\x80\x98\x1b[01m\x1b[Ktemplate<class _Yp, class> std::shared_ptr<_Tp>::shared_ptr(std::auto_ptr<_Up>&&)\x1b[m\x1b[K\xe2\x80\x99\n'}
[3.188820] (simple_s) StderrLine: {'line': b'  282 |  \x1b[01;36m\x1b[Kshared_ptr\x1b[m\x1b[K(auto_ptr<_Yp>&& __r);\n'}
[3.188953] (simple_s) StderrLine: {'line': b'      |  \x1b[01;36m\x1b[K^~~~~~~~~~\x1b[m\x1b[K\n'}
[3.189086] (simple_s) StderrLine: {'line': b'\x1b[01m\x1b[K/usr/include/c++/9/bits/shared_ptr.h:282:2:\x1b[m\x1b[K \x1b[01;36m\x1b[Knote: \x1b[m\x1b[K  template argument deduction/substitution failed:\n'}
[3.189219] (simple_s) StderrLine: {'line': b'In file included from \x1b[01m\x1b[K/opt/ros/foxy/include/message_filters/synchronizer.h:47\x1b[m\x1b[K,\n'}
[3.189354] (simple_s) StderrLine: {'line': b'                 from \x1b[01m\x1b[K/ros2_test/AD_Middle_Test/ros2/src/simple_s/src/intra_pipe.cpp:10\x1b[m\x1b[K:\n'}
[3.189487] (simple_s) StderrLine: {'line': b'\x1b[01m\x1b[K/opt/ros/foxy/include/message_filters/signal9.h:175:26:\x1b[m\x1b[K \x1b[01;36m\x1b[Knote: \x1b[m\x1b[K  mismatched types \xe2\x80\x98\x1b[01m\x1b[Kstd::auto_ptr<_Up>\x1b[m\x1b[K\xe2\x80\x99 and \xe2\x80\x98\x1b[01m\x1b[Kmessage_filters::CallbackHelper9T<const std::unique_ptr<test_interfaces::msg::Test_<std::allocator<void> >, std::default_delete<test_interfaces::msg::Test_<std::allocator<void> > > >&, const std::unique_ptr<test_interfaces::msg::Test_<std::allocator<void> >, std::default_delete<test_interfaces::msg::Test_<std::allocator<void> > > >&, const std::shared_ptr<const message_filters::NullType>&, const std::shared_ptr<const message_filters::NullType>&, const std::shared_ptr<const message_filters::NullType>&, const std::shared_ptr<const message_filters::NullType>&, const std::shared_ptr<const message_filters::NullType>&, const std::shared_ptr<const message_filters::NullType>&, const std::shared_ptr<const message_filters::NullType>&>*\x1b[m\x1b[K\xe2\x80\x99\n'}
[3.189639] (simple_s) StderrLine: {'line': b'  175 |     callbacks_.push_back(\x1b[01;36m\x1b[KCallbackHelper9Ptr(helper)\x1b[m\x1b[K);\n'}
[3.189773] (simple_s) StderrLine: {'line': b'      |                          \x1b[01;36m\x1b[K^~~~~~~~~~~~~~~~~~~~~~~~~~\x1b[m\x1b[K\n'}
[3.189906] (simple_s) StderrLine: {'line': b'In file included from \x1b[01m\x1b[K/usr/include/c++/9/memory:81\x1b[m\x1b[K,\n'}
[3.190039] (simple_s) StderrLine: {'line': b'                 from \x1b[01m\x1b[K/ros2_test/AD_Middle_Test/ros2/src/simple_s/src/intra_pipe.cpp:4\x1b[m\x1b[K:\n'}
[3.190172] (simple_s) StderrLine: {'line': b'\x1b[01m\x1b[K/usr/include/c++/9/bits/shared_ptr.h:275:11:\x1b[m\x1b[K \x1b[01;36m\x1b[Knote: \x1b[m\x1b[Kcandidate: \xe2\x80\x98\x1b[01m\x1b[Ktemplate<class _Yp, class> std::shared_ptr<_Tp>::shared_ptr(const std::weak_ptr<_Yp>&)\x1b[m\x1b[K\xe2\x80\x99\n'}
[3.190312] (simple_s) StderrLine: {'line': b'  275 |  explicit \x1b[01;36m\x1b[Kshared_ptr\x1b[m\x1b[K(const weak_ptr<_Yp>& __r)\n'}
[3.190465] (simple_s) StderrLine: {'line': b'      |           \x1b[01;36m\x1b[K^~~~~~~~~~\x1b[m\x1b[K\n'}
[3.190601] (simple_s) StderrLine: {'line': b'\x1b[01m\x1b[K/usr/include/c++/9/bits/shared_ptr.h:275:11:\x1b[m\x1b[K \x1b[01;36m\x1b[Knote: \x1b[m\x1b[K  template argument deduction/substitution failed:\n'}
[3.190739] (simple_s) StderrLine: {'line': b'In file included from \x1b[01m\x1b[K/opt/ros/foxy/include/message_filters/synchronizer.h:47\x1b[m\x1b[K,\n'}
[3.190872] (simple_s) StderrLine: {'line': b'                 from \x1b[01m\x1b[K/ros2_test/AD_Middle_Test/ros2/src/simple_s/src/intra_pipe.cpp:10\x1b[m\x1b[K:\n'}
[3.191006] (simple_s) StderrLine: {'line': b'\x1b[01m\x1b[K/opt/ros/foxy/include/message_filters/signal9.h:175:26:\x1b[m\x1b[K \x1b[01;36m\x1b[Knote: \x1b[m\x1b[K  mismatched types \xe2\x80\x98\x1b[01m\x1b[Kconst std::weak_ptr<_Tp>\x1b[m\x1b[K\xe2\x80\x99 and \xe2\x80\x98\x1b[01m\x1b[Kmessage_filters::CallbackHelper9T<const std::unique_ptr<test_interfaces::msg::Test_<std::allocator<void> >, std::default_delete<test_interfaces::msg::Test_<std::allocator<void> > > >&, const std::unique_ptr<test_interfaces::msg::Test_<std::allocator<void> >, std::default_delete<test_interfaces::msg::Test_<std::allocator<void> > > >&, const std::shared_ptr<const message_filters::NullType>&, const std::shared_ptr<const message_filters::NullType>&, const std::shared_ptr<const message_filters::NullType>&, const std::shared_ptr<const message_filters::NullType>&, const std::shared_ptr<const message_filters::NullType>&, const std::shared_ptr<const message_filters::NullType>&, const std::shared_ptr<const message_filters::NullType>&>*\x1b[m\x1b[K\xe2\x80\x99\n'}
[3.191149] (simple_s) StderrLine: {'line': b'  175 |     callbacks_.push_back(\x1b[01;36m\x1b[KCallbackHelper9Ptr(helper)\x1b[m\x1b[K);\n'}
[3.191284] (simple_s) StderrLine: {'line': b'      |                          \x1b[01;36m\x1b[K^~~~~~~~~~~~~~~~~~~~~~~~~~\x1b[m\x1b[K\n'}
[3.191418] (simple_s) StderrLine: {'line': b'In file included from \x1b[01m\x1b[K/usr/include/c++/9/memory:81\x1b[m\x1b[K,\n'}
[3.191551] (simple_s) StderrLine: {'line': b'                 from \x1b[01m\x1b[K/ros2_test/AD_Middle_Test/ros2/src/simple_s/src/intra_pipe.cpp:4\x1b[m\x1b[K:\n'}
[3.191684] (simple_s) StderrLine: {'line': b'\x1b[01m\x1b[K/usr/include/c++/9/bits/shared_ptr.h:263:2:\x1b[m\x1b[K \x1b[01;36m\x1b[Knote: \x1b[m\x1b[Kcandidate: \xe2\x80\x98\x1b[01m\x1b[Ktemplate<class _Yp, class> std::shared_ptr<_Tp>::shared_ptr(std::shared_ptr<_Yp>&&)\x1b[m\x1b[K\xe2\x80\x99\n'}
[3.191824] (simple_s) StderrLine: {'line': b'  263 |  \x1b[01;36m\x1b[Kshared_ptr\x1b[m\x1b[K(shared_ptr<_Yp>&& __r) noexcept\n'}
[3.191957] (simple_s) StderrLine: {'line': b'      |  \x1b[01;36m\x1b[K^~~~~~~~~~\x1b[m\x1b[K\n'}
[3.192089] (simple_s) StderrLine: {'line': b'\x1b[01m\x1b[K/usr/include/c++/9/bits/shared_ptr.h:263:2:\x1b[m\x1b[K \x1b[01;36m\x1b[Knote: \x1b[m\x1b[K  template argument deduction/substitution failed:\n'}
[3.192223] (simple_s) StderrLine: {'line': b'In file included from \x1b[01m\x1b[K/opt/ros/foxy/include/message_filters/synchronizer.h:47\x1b[m\x1b[K,\n'}
[3.192356] (simple_s) StderrLine: {'line': b'                 from \x1b[01m\x1b[K/ros2_test/AD_Middle_Test/ros2/src/simple_s/src/intra_pipe.cpp:10\x1b[m\x1b[K:\n'}
[3.192488] (simple_s) StderrLine: {'line': b'\x1b[01m\x1b[K/opt/ros/foxy/include/message_filters/signal9.h:175:26:\x1b[m\x1b[K \x1b[01;36m\x1b[Knote: \x1b[m\x1b[K  mismatched types \xe2\x80\x98\x1b[01m\x1b[Kstd::shared_ptr<_Tp>\x1b[m\x1b[K\xe2\x80\x99 and \xe2\x80\x98\x1b[01m\x1b[Kmessage_filters::CallbackHelper9T<const std::unique_ptr<test_interfaces::msg::Test_<std::allocator<void> >, std::default_delete<test_interfaces::msg::Test_<std::allocator<void> > > >&, const std::unique_ptr<test_interfaces::msg::Test_<std::allocator<void> >, std::default_delete<test_interfaces::msg::Test_<std::allocator<void> > > >&, const std::shared_ptr<const message_filters::NullType>&, const std::shared_ptr<const message_filters::NullType>&, const std::shared_ptr<const message_filters::NullType>&, const std::shared_ptr<const message_filters::NullType>&, const std::shared_ptr<const message_filters::NullType>&, const std::shared_ptr<const message_filters::NullType>&, const std::shared_ptr<const message_filters::NullType>&>*\x1b[m\x1b[K\xe2\x80\x99\n'}
[3.192630] (simple_s) StderrLine: {'line': b'  175 |     callbacks_.push_back(\x1b[01;36m\x1b[KCallbackHelper9Ptr(helper)\x1b[m\x1b[K);\n'}
[3.192763] (simple_s) StderrLine: {'line': b'      |                          \x1b[01;36m\x1b[K^~~~~~~~~~~~~~~~~~~~~~~~~~\x1b[m\x1b[K\n'}
[3.192896] (simple_s) StderrLine: {'line': b'In file included from \x1b[01m\x1b[K/usr/include/c++/9/memory:81\x1b[m\x1b[K,\n'}
[3.193029] (simple_s) StderrLine: {'line': b'                 from \x1b[01m\x1b[K/ros2_test/AD_Middle_Test/ros2/src/simple_s/src/intra_pipe.cpp:4\x1b[m\x1b[K:\n'}
[3.193161] (simple_s) StderrLine: {'line': b'\x1b[01m\x1b[K/usr/include/c++/9/bits/shared_ptr.h:254:7:\x1b[m\x1b[K \x1b[01;36m\x1b[Knote: \x1b[m\x1b[Kcandidate: \xe2\x80\x98\x1b[01m\x1b[Kstd::shared_ptr<_Tp>::shared_ptr(std::shared_ptr<_Tp>&&) [with _Tp = message_filters::CallbackHelper9<test_interfaces::msg::Test_<std::allocator<void> >, test_interfaces::msg::Test_<std::allocator<void> >, message_filters::NullType, message_filters::NullType, message_filters::NullType, message_filters::NullType, message_filters::NullType, message_filters::NullType, message_filters::NullType>]\x1b[m\x1b[K\xe2\x80\x99\n'}
[3.193311] (simple_s) StderrLine: {'line': b'  254 |       \x1b[01;36m\x1b[Kshared_ptr\x1b[m\x1b[K(shared_ptr&& __r) noexcept\n'}
[3.193450] (simple_s) StderrLine: {'line': b'      |       \x1b[01;36m\x1b[K^~~~~~~~~~\x1b[m\x1b[K\n'}
[3.193584] (simple_s) StderrLine: {'line': b'\x1b[01m\x1b[K/usr/include/c++/9/bits/shared_ptr.h:254:31:\x1b[m\x1b[K \x1b[01;36m\x1b[Knote: \x1b[m\x1b[K  no known conversion for argument 1 from \xe2\x80\x98\x1b[01m\x1b[Kmessage_filters::CallbackHelper9T<const std::unique_ptr<test_interfaces::msg::Test_<std::allocator<void> >, std::default_delete<test_interfaces::msg::Test_<std::allocator<void> > > >&, const std::unique_ptr<test_interfaces::msg::Test_<std::allocator<void> >, std::default_delete<test_interfaces::msg::Test_<std::allocator<void> > > >&, const std::shared_ptr<const message_filters::NullType>&, const std::shared_ptr<const message_filters::NullType>&, const std::shared_ptr<const message_filters::NullType>&, const std::shared_ptr<const message_filters::NullType>&, const std::shared_ptr<const message_filters::NullType>&, const std::shared_ptr<const message_filters::NullType>&, const std::shared_ptr<const message_filters::NullType>&>*\x1b[m\x1b[K\xe2\x80\x99 to \xe2\x80\x98\x1b[01m\x1b[Kstd::shared_ptr<message_filters::CallbackHelper9<test_interfaces::msg::Test_<std::allocator<void> >, test_interfaces::msg::Test_<std::allocator<void> >, message_filters::NullType, message_filters::NullType, message_filters::NullType, message_filters::NullType, message_filters::NullType, message_filters::NullType, message_filters::NullType> >&&\x1b[m\x1b[K\xe2\x80\x99\n'}
[3.193737] (simple_s) StderrLine: {'line': b'  254 |       shared_ptr(\x1b[01;36m\x1b[Kshared_ptr&& __r\x1b[m\x1b[K) noexcept\n'}
[3.193871] (simple_s) StderrLine: {'line': b'      |                  \x1b[01;36m\x1b[K~~~~~~~~~~~~~^~~\x1b[m\x1b[K\n'}
[3.194004] (simple_s) StderrLine: {'line': b'\x1b[01m\x1b[K/usr/include/c++/9/bits/shared_ptr.h:246:2:\x1b[m\x1b[K \x1b[01;36m\x1b[Knote: \x1b[m\x1b[Kcandidate: \xe2\x80\x98\x1b[01m\x1b[Ktemplate<class _Yp, class> std::shared_ptr<_Tp>::shared_ptr(const std::shared_ptr<_Yp>&)\x1b[m\x1b[K\xe2\x80\x99\n'}
[3.194138] (simple_s) StderrLine: {'line': b'  246 |  \x1b[01;36m\x1b[Kshared_ptr\x1b[m\x1b[K(const shared_ptr<_Yp>& __r) noexcept\n'}
[3.194271] (simple_s) StderrLine: {'line': b'      |  \x1b[01;36m\x1b[K^~~~~~~~~~\x1b[m\x1b[K\n'}
[3.194411] (simple_s) StderrLine: {'line': b'\x1b[01m\x1b[K/usr/include/c++/9/bits/shared_ptr.h:246:2:\x1b[m\x1b[K \x1b[01;36m\x1b[Knote: \x1b[m\x1b[K  template argument deduction/substitution failed:\n'}
[3.194549] (simple_s) StderrLine: {'line': b'In file included from \x1b[01m\x1b[K/opt/ros/foxy/include/message_filters/synchronizer.h:47\x1b[m\x1b[K,\n'}
[3.194682] (simple_s) StderrLine: {'line': b'                 from \x1b[01m\x1b[K/ros2_test/AD_Middle_Test/ros2/src/simple_s/src/intra_pipe.cpp:10\x1b[m\x1b[K:\n'}
[3.194816] (simple_s) StderrLine: {'line': b'\x1b[01m\x1b[K/opt/ros/foxy/include/message_filters/signal9.h:175:26:\x1b[m\x1b[K \x1b[01;36m\x1b[Knote: \x1b[m\x1b[K  mismatched types \xe2\x80\x98\x1b[01m\x1b[Kconst std::shared_ptr<_Tp>\x1b[m\x1b[K\xe2\x80\x99 and \xe2\x80\x98\x1b[01m\x1b[Kmessage_filters::CallbackHelper9T<const std::unique_ptr<test_interfaces::msg::Test_<std::allocator<void> >, std::default_delete<test_interfaces::msg::Test_<std::allocator<void> > > >&, const std::unique_ptr<test_interfaces::msg::Test_<std::allocator<void> >, std::default_delete<test_interfaces::msg::Test_<std::allocator<void> > > >&, const std::shared_ptr<const message_filters::NullType>&, const std::shared_ptr<const message_filters::NullType>&, const std::shared_ptr<const message_filters::NullType>&, const std::shared_ptr<const message_filters::NullType>&, const std::shared_ptr<const message_filters::NullType>&, const std::shared_ptr<const message_filters::NullType>&, const std::shared_ptr<const message_filters::NullType>&>*\x1b[m\x1b[K\xe2\x80\x99\n'}
[3.194959] (simple_s) StderrLine: {'line': b'  175 |     callbacks_.push_back(\x1b[01;36m\x1b[KCallbackHelper9Ptr(helper)\x1b[m\x1b[K);\n'}
[3.195092] (simple_s) StderrLine: {'line': b'      |                          \x1b[01;36m\x1b[K^~~~~~~~~~~~~~~~~~~~~~~~~~\x1b[m\x1b[K\n'}
[3.195225] (simple_s) StderrLine: {'line': b'In file included from \x1b[01m\x1b[K/usr/include/c++/9/memory:81\x1b[m\x1b[K,\n'}
[3.195358] (simple_s) StderrLine: {'line': b'                 from \x1b[01m\x1b[K/ros2_test/AD_Middle_Test/ros2/src/simple_s/src/intra_pipe.cpp:4\x1b[m\x1b[K:\n'}
[3.195492] (simple_s) StderrLine: {'line': b'\x1b[01m\x1b[K/usr/include/c++/9/bits/shared_ptr.h:234:2:\x1b[m\x1b[K \x1b[01;36m\x1b[Knote: \x1b[m\x1b[Kcandidate: \xe2\x80\x98\x1b[01m\x1b[Ktemplate<class _Yp> std::shared_ptr<_Tp>::shared_ptr(const std::shared_ptr<_Yp>&, std::shared_ptr<_Tp>::element_type*)\x1b[m\x1b[K\xe2\x80\x99\n'}
[3.195627] (simple_s) StderrLine: {'line': b'  234 |  \x1b[01;36m\x1b[Kshared_ptr\x1b[m\x1b[K(const shared_ptr<_Yp>& __r, element_type* __p) noexcept\n'}
[3.195770] (simple_s) StderrLine: {'line': b'      |  \x1b[01;36m\x1b[K^~~~~~~~~~\x1b[m\x1b[K\n'}
[3.195904] (simple_s) StderrLine: {'line': b'\x1b[01m\x1b[K/usr/include/c++/9/bits/shared_ptr.h:234:2:\x1b[m\x1b[K \x1b[01;36m\x1b[Knote: \x1b[m\x1b[K  template argument deduction/substitution failed:\n'}
[3.196043] (simple_s) StderrLine: {'line': b'In file included from \x1b[01m\x1b[K/opt/ros/foxy/include/message_filters/synchronizer.h:47\x1b[m\x1b[K,\n'}
[3.196176] (simple_s) StderrLine: {'line': b'                 from \x1b[01m\x1b[K/ros2_test/AD_Middle_Test/ros2/src/simple_s/src/intra_pipe.cpp:10\x1b[m\x1b[K:\n'}
[3.196314] (simple_s) StderrLine: {'line': b'\x1b[01m\x1b[K/opt/ros/foxy/include/message_filters/signal9.h:175:26:\x1b[m\x1b[K \x1b[01;36m\x1b[Knote: \x1b[m\x1b[K  mismatched types \xe2\x80\x98\x1b[01m\x1b[Kconst std::shared_ptr<_Tp>\x1b[m\x1b[K\xe2\x80\x99 and \xe2\x80\x98\x1b[01m\x1b[Kmessage_filters::CallbackHelper9T<const std::unique_ptr<test_interfaces::msg::Test_<std::allocator<void> >, std::default_delete<test_interfaces::msg::Test_<std::allocator<void> > > >&, const std::unique_ptr<test_interfaces::msg::Test_<std::allocator<void> >, std::default_delete<test_interfaces::msg::Test_<std::allocator<void> > > >&, const std::shared_ptr<const message_filters::NullType>&, const std::shared_ptr<const message_filters::NullType>&, const std::shared_ptr<const message_filters::NullType>&, const std::shared_ptr<const message_filters::NullType>&, const std::shared_ptr<const message_filters::NullType>&, const std::shared_ptr<const message_filters::NullType>&, const std::shared_ptr<const message_filters::NullType>&>*\x1b[m\x1b[K\xe2\x80\x99\n'}
[3.196456] (simple_s) StderrLine: {'line': b'  175 |     callbacks_.push_back(\x1b[01;36m\x1b[KCallbackHelper9Ptr(helper)\x1b[m\x1b[K);\n'}
[3.196589] (simple_s) StderrLine: {'line': b'      |                          \x1b[01;36m\x1b[K^~~~~~~~~~~~~~~~~~~~~~~~~~\x1b[m\x1b[K\n'}
[3.196722] (simple_s) StderrLine: {'line': b'In file included from \x1b[01m\x1b[K/usr/include/c++/9/memory:81\x1b[m\x1b[K,\n'}
[3.196855] (simple_s) StderrLine: {'line': b'                 from \x1b[01m\x1b[K/ros2_test/AD_Middle_Test/ros2/src/simple_s/src/intra_pipe.cpp:4\x1b[m\x1b[K:\n'}
[3.196988] (simple_s) StderrLine: {'line': b'\x1b[01m\x1b[K/usr/include/c++/9/bits/shared_ptr.h:212:2:\x1b[m\x1b[K \x1b[01;36m\x1b[Knote: \x1b[m\x1b[Kcandidate: \xe2\x80\x98\x1b[01m\x1b[Ktemplate<class _Deleter, class _Alloc> std::shared_ptr<_Tp>::shared_ptr(std::nullptr_t, _Deleter, _Alloc)\x1b[m\x1b[K\xe2\x80\x99\n'}
[3.197122] (simple_s) StderrLine: {'line': b'  212 |  \x1b[01;36m\x1b[Kshared_ptr\x1b[m\x1b[K(nullptr_t __p, _Deleter __d, _Alloc __a)\n'}
[3.197255] (simple_s) StderrLine: {'line': b'      |  \x1b[01;36m\x1b[K^~~~~~~~~~\x1b[m\x1b[K\n'}
[3.197388] (simple_s) StderrLine: {'line': b'\x1b[01m\x1b[K/usr/include/c++/9/bits/shared_ptr.h:212:2:\x1b[m\x1b[K \x1b[01;36m\x1b[Knote: \x1b[m\x1b[K  template argument deduction/substitution failed:\n'}
[3.197521] (simple_s) StderrLine: {'line': b'In file included from \x1b[01m\x1b[K/opt/ros/foxy/include/message_filters/synchronizer.h:47\x1b[m\x1b[K,\n'}
[3.197653] (simple_s) StderrLine: {'line': b'                 from \x1b[01m\x1b[K/ros2_test/AD_Middle_Test/ros2/src/simple_s/src/intra_pipe.cpp:10\x1b[m\x1b[K:\n'}
[3.197786] (simple_s) StderrLine: {'line': b'\x1b[01m\x1b[K/opt/ros/foxy/include/message_filters/signal9.h:175:26:\x1b[m\x1b[K \x1b[01;36m\x1b[Knote: \x1b[m\x1b[K  candidate expects 3 arguments, 1 provided\n'}
[3.197919] (simple_s) StderrLine: {'line': b'  175 |     callbacks_.push_back(\x1b[01;36m\x1b[KCallbackHelper9Ptr(helper)\x1b[m\x1b[K);\n'}
[3.198052] (simple_s) StderrLine: {'line': b'      |                          \x1b[01;36m\x1b[K^~~~~~~~~~~~~~~~~~~~~~~~~~\x1b[m\x1b[K\n'}
[3.198185] (simple_s) StderrLine: {'line': b'In file included from \x1b[01m\x1b[K/usr/include/c++/9/memory:81\x1b[m\x1b[K,\n'}
[3.198317] (simple_s) StderrLine: {'line': b'                 from \x1b[01m\x1b[K/ros2_test/AD_Middle_Test/ros2/src/simple_s/src/intra_pipe.cpp:4\x1b[m\x1b[K:\n'}
[3.198468] (simple_s) StderrLine: {'line': b'\x1b[01m\x1b[K/usr/include/c++/9/bits/shared_ptr.h:193:2:\x1b[m\x1b[K \x1b[01;36m\x1b[Knote: \x1b[m\x1b[Kcandidate: \xe2\x80\x98\x1b[01m\x1b[Ktemplate<class _Yp, class _Deleter, class _Alloc, class> std::shared_ptr<_Tp>::shared_ptr(_Yp*, _Deleter, _Alloc)\x1b[m\x1b[K\xe2\x80\x99\n'}
[3.198606] (simple_s) StderrLine: {'line': b'  193 |  \x1b[01;36m\x1b[Kshared_ptr\x1b[m\x1b[K(_Yp* __p, _Deleter __d, _Alloc __a)\n'}
[3.198740] (simple_s) StderrLine: {'line': b'      |  \x1b[01;36m\x1b[K^~~~~~~~~~\x1b[m\x1b[K\n'}
[3.198873] (simple_s) StderrLine: {'line': b'\x1b[01m\x1b[K/usr/include/c++/9/bits/shared_ptr.h:193:2:\x1b[m\x1b[K \x1b[01;36m\x1b[Knote: \x1b[m\x1b[K  template argument deduction/substitution failed:\n'}
[3.199006] (simple_s) StderrLine: {'line': b'In file included from \x1b[01m\x1b[K/opt/ros/foxy/include/message_filters/synchronizer.h:47\x1b[m\x1b[K,\n'}
[3.199139] (simple_s) StderrLine: {'line': b'                 from \x1b[01m\x1b[K/ros2_test/AD_Middle_Test/ros2/src/simple_s/src/intra_pipe.cpp:10\x1b[m\x1b[K:\n'}
[3.199273] (simple_s) StderrLine: {'line': b'\x1b[01m\x1b[K/opt/ros/foxy/include/message_filters/signal9.h:175:26:\x1b[m\x1b[K \x1b[01;36m\x1b[Knote: \x1b[m\x1b[K  candidate expects 3 arguments, 1 provided\n'}
[3.199406] (simple_s) StderrLine: {'line': b'  175 |     callbacks_.push_back(\x1b[01;36m\x1b[KCallbackHelper9Ptr(helper)\x1b[m\x1b[K);\n'}
[3.199538] (simple_s) StderrLine: {'line': b'      |                          \x1b[01;36m\x1b[K^~~~~~~~~~~~~~~~~~~~~~~~~~\x1b[m\x1b[K\n'}
[3.199671] (simple_s) StderrLine: {'line': b'In file included from \x1b[01m\x1b[K/usr/include/c++/9/memory:81\x1b[m\x1b[K,\n'}
[3.199809] (simple_s) StderrLine: {'line': b'                 from \x1b[01m\x1b[K/ros2_test/AD_Middle_Test/ros2/src/simple_s/src/intra_pipe.cpp:4\x1b[m\x1b[K:\n'}
[3.199943] (simple_s) StderrLine: {'line': b'\x1b[01m\x1b[K/usr/include/c++/9/bits/shared_ptr.h:173:2:\x1b[m\x1b[K \x1b[01;36m\x1b[Knote: \x1b[m\x1b[Kcandidate: \xe2\x80\x98\x1b[01m\x1b[Ktemplate<class _Deleter> std::shared_ptr<_Tp>::shared_ptr(std::nullptr_t, _Deleter)\x1b[m\x1b[K\xe2\x80\x99\n'}
[3.200083] (simple_s) StderrLine: {'line': b'  173 |  \x1b[01;36m\x1b[Kshared_ptr\x1b[m\x1b[K(nullptr_t __p, _Deleter __d)\n'}
[3.200220] (simple_s) StderrLine: {'line': b'      |  \x1b[01;36m\x1b[K^~~~~~~~~~\x1b[m\x1b[K\n'}
[3.200353] (simple_s) StderrLine: {'line': b'\x1b[01m\x1b[K/usr/include/c++/9/bits/shared_ptr.h:173:2:\x1b[m\x1b[K \x1b[01;36m\x1b[Knote: \x1b[m\x1b[K  template argument deduction/substitution failed:\n'}
[3.200486] (simple_s) StderrLine: {'line': b'In file included from \x1b[01m\x1b[K/opt/ros/foxy/include/message_filters/synchronizer.h:47\x1b[m\x1b[K,\n'}
[3.200619] (simple_s) StderrLine: {'line': b'                 from \x1b[01m\x1b[K/ros2_test/AD_Middle_Test/ros2/src/simple_s/src/intra_pipe.cpp:10\x1b[m\x1b[K:\n'}
[3.200752] (simple_s) StderrLine: {'line': b'\x1b[01m\x1b[K/opt/ros/foxy/include/message_filters/signal9.h:175:26:\x1b[m\x1b[K \x1b[01;36m\x1b[Knote: \x1b[m\x1b[K  candidate expects 2 arguments, 1 provided\n'}
[3.200886] (simple_s) StderrLine: {'line': b'  175 |     callbacks_.push_back(\x1b[01;36m\x1b[KCallbackHelper9Ptr(helper)\x1b[m\x1b[K);\n'}
[3.201019] (simple_s) StderrLine: {'line': b'      |                          \x1b[01;36m\x1b[K^~~~~~~~~~~~~~~~~~~~~~~~~~\x1b[m\x1b[K\n'}
[3.201151] (simple_s) StderrLine: {'line': b'In file included from \x1b[01m\x1b[K/usr/include/c++/9/memory:81\x1b[m\x1b[K,\n'}
[3.201284] (simple_s) StderrLine: {'line': b'                 from \x1b[01m\x1b[K/ros2_test/AD_Middle_Test/ros2/src/simple_s/src/intra_pipe.cpp:4\x1b[m\x1b[K:\n'}
[3.201417] (simple_s) StderrLine: {'line': b'\x1b[01m\x1b[K/usr/include/c++/9/bits/shared_ptr.h:156:2:\x1b[m\x1b[K \x1b[01;36m\x1b[Knote: \x1b[m\x1b[Kcandidate: \xe2\x80\x98\x1b[01m\x1b[Ktemplate<class _Yp, class _Deleter, class> std::shared_ptr<_Tp>::shared_ptr(_Yp*, _Deleter)\x1b[m\x1b[K\xe2\x80\x99\n'}
[3.201552] (simple_s) StderrLine: {'line': b'  156 |  \x1b[01;36m\x1b[Kshared_ptr\x1b[m\x1b[K(_Yp* __p, _Deleter __d)\n'}
[3.201693] (simple_s) StderrLine: {'line': b'      |  \x1b[01;36m\x1b[K^~~~~~~~~~\x1b[m\x1b[K\n'}
[3.201826] (simple_s) StderrLine: {'line': b'\x1b[01m\x1b[K/usr/include/c++/9/bits/shared_ptr.h:156:2:\x1b[m\x1b[K \x1b[01;36m\x1b[Knote: \x1b[m\x1b[K  template argument deduction/substitution failed:\n'}
[3.201959] (simple_s) StderrLine: {'line': b'In file included from \x1b[01m\x1b[K/opt/ros/foxy/include/message_filters/synchronizer.h:47\x1b[m\x1b[K,\n'}
[3.202091] (simple_s) StderrLine: {'line': b'                 from \x1b[01m\x1b[K/ros2_test/AD_Middle_Test/ros2/src/simple_s/src/intra_pipe.cpp:10\x1b[m\x1b[K:\n'}
[3.202224] (simple_s) StderrLine: {'line': b'\x1b[01m\x1b[K/opt/ros/foxy/include/message_filters/signal9.h:175:26:\x1b[m\x1b[K \x1b[01;36m\x1b[Knote: \x1b[m\x1b[K  candidate expects 2 arguments, 1 provided\n'}
[3.202357] (simple_s) StderrLine: {'line': b'  175 |     callbacks_.push_back(\x1b[01;36m\x1b[KCallbackHelper9Ptr(helper)\x1b[m\x1b[K);\n'}
[3.202502] (simple_s) StderrLine: {'line': b'      |                          \x1b[01;36m\x1b[K^~~~~~~~~~~~~~~~~~~~~~~~~~\x1b[m\x1b[K\n'}
[3.202637] (simple_s) StderrLine: {'line': b'In file included from \x1b[01m\x1b[K/usr/include/c++/9/memory:81\x1b[m\x1b[K,\n'}
[3.202769] (simple_s) StderrLine: {'line': b'                 from \x1b[01m\x1b[K/ros2_test/AD_Middle_Test/ros2/src/simple_s/src/intra_pipe.cpp:4\x1b[m\x1b[K:\n'}
[3.202902] (simple_s) StderrLine: {'line': b'\x1b[01m\x1b[K/usr/include/c++/9/bits/shared_ptr.h:139:2:\x1b[m\x1b[K \x1b[01;36m\x1b[Knote: \x1b[m\x1b[Kcandidate: \xe2\x80\x98\x1b[01m\x1b[Ktemplate<class _Yp, class> std::shared_ptr<_Tp>::shared_ptr(_Yp*)\x1b[m\x1b[K\xe2\x80\x99\n'}
[3.203036] (simple_s) StderrLine: {'line': b'  139 |  \x1b[01;36m\x1b[Kshared_ptr\x1b[m\x1b[K(_Yp* __p) : __shared_ptr<_Tp>(__p) { }\n'}
[3.203169] (simple_s) StderrLine: {'line': b'      |  \x1b[01;36m\x1b[K^~~~~~~~~~\x1b[m\x1b[K\n'}
[3.203300] (simple_s) StderrLine: {'line': b'\x1b[01m\x1b[K/usr/include/c++/9/bits/shared_ptr.h:139:2:\x1b[m\x1b[K \x1b[01;36m\x1b[Knote: \x1b[m\x1b[K  template argument deduction/substitution failed:\n'}
[3.203433] (simple_s) StderrLine: {'line': b'/usr/include/c++/9/bits/shared_ptr.h: In substitution of \xe2\x80\x98\x1b[01m\x1b[Ktemplate<class _Tp> template<class ... _Args> using _Constructible = typename std::enable_if<std::is_constructible<std::__shared_ptr<_Tp>, _Args ...>::value>::type [with _Args = {message_filters::CallbackHelper9T<const std::unique_ptr<test_interfaces::msg::Test_<std::allocator<void> >, std::default_delete<test_interfaces::msg::Test_<std::allocator<void> > > >&, const std::unique_ptr<test_interfaces::msg::Test_<std::allocator<void> >, std::default_delete<test_interfaces::msg::Test_<std::allocator<void> > > >&, const std::shared_ptr<const message_filters::NullType>&, const std::shared_ptr<const message_filters::NullType>&, const std::shared_ptr<const message_filters::NullType>&, const std::shared_ptr<const message_filters::NullType>&, const std::shared_ptr<const message_filters::NullType>&, const std::shared_ptr<const message_filters::NullType>&, const std::shared_ptr<const message_filters::NullType>&>*}; _Tp = message_filters::CallbackHelper9<test_interfaces::msg::Test_<std::allocator<void> >, test_interfaces::msg::Test_<std::allocator<void> >, message_filters::NullType, message_filters::NullType, message_filters::NullType, message_filters::NullType, message_filters::NullType, message_filters::NullType, message_filters::NullType>]\x1b[m\x1b[K\xe2\x80\x99:\n'}
[3.203589] (simple_s) StderrLine: {'line': b'\x1b[01m\x1b[K/usr/include/c++/9/bits/shared_ptr.h:137:30:\x1b[m\x1b[K   required from \xe2\x80\x98\x1b[01m\x1b[Kmessage_filters::Connection message_filters::Signal9<M0, M1, M2, M3, M4, M5, M6, M7, M8>::addCallback(const std::function<void(P0, P1, P2, P3, P4, P5, P6, P7, P8)>&) [with P0 = const std::unique_ptr<test_interfaces::msg::Test_<std::allocator<void> >, std::default_delete<test_interfaces::msg::Test_<std::allocator<void> > > >&; P1 = const std::unique_ptr<test_interfaces::msg::Test_<std::allocator<void> >, std::default_delete<test_interfaces::msg::Test_<std::allocator<void> > > >&; P2 = const std::shared_ptr<const message_filters::NullType>&; P3 = const std::shared_ptr<const message_filters::NullType>&; P4 = const std::shared_ptr<const message_filters::NullType>&; P5 = const std::shared_ptr<const message_filters::NullType>&; P6 = const std::shared_ptr<const message_filters::NullType>&; P7 = const std::shared_ptr<const message_filters::NullType>&; P8 = const std::shared_ptr<const message_filters::NullType>&; M0 = test_interfaces::msg::Test_<std::allocator<void> >; M1 = test_interfaces::msg::Test_<std::allocator<void> >; M2 = message_filters::NullType; M3 = message_filters::NullType; M4 = message_filters::NullType; M5 = message_filters::NullType; M6 = message_filters::NullType; M7 = message_filters::NullType; M8 = message_filters::NullType]\x1b[m\x1b[K\xe2\x80\x99\n'}
[3.203747] (simple_s) StderrLine: {'line': b'\x1b[01m\x1b[K/opt/ros/foxy/include/message_filters/signal9.h:230:170:\x1b[m\x1b[K   required from \xe2\x80\x98\x1b[01m\x1b[Kmessage_filters::Connection message_filters::Signal9<M0, M1, M2, M3, M4, M5, M6, M7, M8>::addCallback(void (T::*)(P0, P1), T*) [with T = Consumer; P0 = const std::unique_ptr<test_interfaces::msg::Test_<std::allocator<void> >, std::default_delete<test_interfaces::msg::Test_<std::allocator<void> > > >&; P1 = const std::unique_ptr<test_interfaces::msg::Test_<std::allocator<void> >, std::default_delete<test_interfaces::msg::Test_<std::allocator<void> > > >&; M0 = test_interfaces::msg::Test_<std::allocator<void> >; M1 = test_interfaces::msg::Test_<std::allocator<void> >; M2 = message_filters::NullType; M3 = message_filters::NullType; M4 = message_filters::NullType; M5 = message_filters::NullType; M6 = message_filters::NullType; M7 = message_filters::NullType; M8 = message_filters::NullType]\x1b[m\x1b[K\xe2\x80\x99\n'}
[3.203889] (simple_s) StderrLine: {'line': b'\x1b[01m\x1b[K/opt/ros/foxy/include/message_filters/synchronizer.h:304:43:\x1b[m\x1b[K   required from \xe2\x80\x98\x1b[01m\x1b[Kmessage_filters::Connection message_filters::Synchronizer<Policy>::registerCallback(const C&, T*) [with C = void (Consumer::*)(const std::unique_ptr<test_interfaces::msg::Test_<std::allocator<void> >, std::default_delete<test_interfaces::msg::Test_<std::allocator<void> > > >&, const std::unique_ptr<test_interfaces::msg::Test_<std::allocator<void> >, std::default_delete<test_interfaces::msg::Test_<std::allocator<void> > > >&); T = Consumer; Policy = message_filters::sync_policies::ApproximateTime<test_interfaces::msg::Test_<std::allocator<void> >, test_interfaces::msg::Test_<std::allocator<void> > >]\x1b[m\x1b[K\xe2\x80\x99\n'}
[3.204029] (simple_s) StderrLine: {'line': b'\x1b[01m\x1b[K/ros2_test/AD_Middle_Test/ros2/src/simple_s/src/intra_pipe.cpp:111:65:\x1b[m\x1b[K   required from here\n'}
[3.204164] (simple_s) StderrLine: {'line': b'\x1b[01m\x1b[K/usr/include/c++/9/bits/shared_ptr.h:106:8:\x1b[m\x1b[K \x1b[01;31m\x1b[Kerror: \x1b[m\x1b[Kno type named \xe2\x80\x98\x1b[01m\x1b[Ktype\x1b[m\x1b[K\xe2\x80\x99 in \xe2\x80\x98\x1b[01m\x1b[Kstruct std::enable_if<false, void>\x1b[m\x1b[K\xe2\x80\x99\n'}
[3.204299] (simple_s) StderrLine: {'line': b'  106 |  using \x1b[01;31m\x1b[K_Constructible\x1b[m\x1b[K = typename enable_if<\n'}
[3.204432] (simple_s) StderrLine: {'line': b'      |        \x1b[01;31m\x1b[K^~~~~~~~~~~~~~\x1b[m\x1b[K\n'}
[3.204566] (simple_s) StderrLine: {'line': b'/opt/ros/foxy/include/message_filters/signal9.h: In instantiation of \xe2\x80\x98\x1b[01m\x1b[Kmessage_filters::Connection message_filters::Signal9<M0, M1, M2, M3, M4, M5, M6, M7, M8>::addCallback(const std::function<void(P0, P1, P2, P3, P4, P5, P6, P7, P8)>&) [with P0 = const std::unique_ptr<test_interfaces::msg::Test_<std::allocator<void> >, std::default_delete<test_interfaces::msg::Test_<std::allocator<void> > > >&; P1 = const std::unique_ptr<test_interfaces::msg::Test_<std::allocator<void> >, std::default_delete<test_interfaces::msg::Test_<std::allocator<void> > > >&; P2 = const std::shared_ptr<const message_filters::NullType>&; P3 = const std::shared_ptr<const message_filters::NullType>&; P4 = const std::shared_ptr<const message_filters::NullType>&; P5 = const std::shared_ptr<const message_filters::NullType>&; P6 = const std::shared_ptr<const message_filters::NullType>&; P7 = const std::shared_ptr<const message_filters::NullType>&; P8 = const std::shared_ptr<const message_filters::NullType>&; M0 = test_interfaces::msg::Test_<std::allocator<void> >; M1 = test_interfaces::msg::Test_<std::allocator<void> >; M2 = message_filters::NullType; M3 = message_filters::NullType; M4 = message_filters::NullType; M5 = message_filters::NullType; M6 = message_filters::NullType; M7 = message_filters::NullType; M8 = message_filters::NullType]\x1b[m\x1b[K\xe2\x80\x99:\n'}
[3.204727] (simple_s) StderrLine: {'line': b'\x1b[01m\x1b[K/opt/ros/foxy/include/message_filters/signal9.h:230:170:\x1b[m\x1b[K   required from \xe2\x80\x98\x1b[01m\x1b[Kmessage_filters::Connection message_filters::Signal9<M0, M1, M2, M3, M4, M5, M6, M7, M8>::addCallback(void (T::*)(P0, P1), T*) [with T = Consumer; P0 = const std::unique_ptr<test_interfaces::msg::Test_<std::allocator<void> >, std::default_delete<test_interfaces::msg::Test_<std::allocator<void> > > >&; P1 = const std::unique_ptr<test_interfaces::msg::Test_<std::allocator<void> >, std::default_delete<test_interfaces::msg::Test_<std::allocator<void> > > >&; M0 = test_interfaces::msg::Test_<std::allocator<void> >; M1 = test_interfaces::msg::Test_<std::allocator<void> >; M2 = message_filters::NullType; M3 = message_filters::NullType; M4 = message_filters::NullType; M5 = message_filters::NullType; M6 = message_filters::NullType; M7 = message_filters::NullType; M8 = message_filters::NullType]\x1b[m\x1b[K\xe2\x80\x99\n'}
[3.204868] (simple_s) StderrLine: {'line': b'\x1b[01m\x1b[K/opt/ros/foxy/include/message_filters/synchronizer.h:304:43:\x1b[m\x1b[K   required from \xe2\x80\x98\x1b[01m\x1b[Kmessage_filters::Connection message_filters::Synchronizer<Policy>::registerCallback(const C&, T*) [with C = void (Consumer::*)(const std::unique_ptr<test_interfaces::msg::Test_<std::allocator<void> >, std::default_delete<test_interfaces::msg::Test_<std::allocator<void> > > >&, const std::unique_ptr<test_interfaces::msg::Test_<std::allocator<void> >, std::default_delete<test_interfaces::msg::Test_<std::allocator<void> > > >&); T = Consumer; Policy = message_filters::sync_policies::ApproximateTime<test_interfaces::msg::Test_<std::allocator<void> >, test_interfaces::msg::Test_<std::allocator<void> > >]\x1b[m\x1b[K\xe2\x80\x99\n'}
[3.205009] (simple_s) StderrLine: {'line': b'\x1b[01m\x1b[K/ros2_test/AD_Middle_Test/ros2/src/simple_s/src/intra_pipe.cpp:111:65:\x1b[m\x1b[K   required from here\n'}
[3.205144] (simple_s) StderrLine: {'line': b'\x1b[01m\x1b[K/usr/include/c++/9/bits/shared_ptr.h:129:7:\x1b[m\x1b[K \x1b[01;36m\x1b[Knote: \x1b[m\x1b[Kcandidate: \xe2\x80\x98\x1b[01m\x1b[Kstd::shared_ptr<_Tp>::shared_ptr(const std::shared_ptr<_Tp>&) [with _Tp = message_filters::CallbackHelper9<test_interfaces::msg::Test_<std::allocator<void> >, test_interfaces::msg::Test_<std::allocator<void> >, message_filters::NullType, message_filters::NullType, message_filters::NullType, message_filters::NullType, message_filters::NullType, message_filters::NullType, message_filters::NullType>]\x1b[m\x1b[K\xe2\x80\x99\n'}
[3.205283] (simple_s) StderrLine: {'line': b'  129 |       \x1b[01;36m\x1b[Kshared_ptr\x1b[m\x1b[K(const shared_ptr&) noexcept = default;\n'}
[3.205416] (simple_s) StderrLine: {'line': b'      |       \x1b[01;36m\x1b[K^~~~~~~~~~\x1b[m\x1b[K\n'}
[3.205549] (simple_s) StderrLine: {'line': b'\x1b[01m\x1b[K/usr/include/c++/9/bits/shared_ptr.h:129:18:\x1b[m\x1b[K \x1b[01;36m\x1b[Knote: \x1b[m\x1b[K  no known conversion for argument 1 from \xe2\x80\x98\x1b[01m\x1b[Kmessage_filters::CallbackHelper9T<const std::unique_ptr<test_interfaces::msg::Test_<std::allocator<void> >, std::default_delete<test_interfaces::msg::Test_<std::allocator<void> > > >&, const std::unique_ptr<test_interfaces::msg::Test_<std::allocator<void> >, std::default_delete<test_interfaces::msg::Test_<std::allocator<void> > > >&, const std::shared_ptr<const message_filters::NullType>&, const std::shared_ptr<const message_filters::NullType>&, const std::shared_ptr<const message_filters::NullType>&, const std::shared_ptr<const message_filters::NullType>&, const std::shared_ptr<const message_filters::NullType>&, const std::shared_ptr<const message_filters::NullType>&, const std::shared_ptr<const message_filters::NullType>&>*\x1b[m\x1b[K\xe2\x80\x99 to \xe2\x80\x98\x1b[01m\x1b[Kconst std::shared_ptr<message_filters::CallbackHelper9<test_interfaces::msg::Test_<std::allocator<void> >, test_interfaces::msg::Test_<std::allocator<void> >, message_filters::NullType, message_filters::NullType, message_filters::NullType, message_filters::NullType, message_filters::NullType, message_filters::NullType, message_filters::NullType> >&\x1b[m\x1b[K\xe2\x80\x99\n'}
[3.205712] (simple_s) StderrLine: {'line': b'  129 |       shared_ptr(\x1b[01;36m\x1b[Kconst shared_ptr&\x1b[m\x1b[K) noexcept = default;\n'}
[3.205846] (simple_s) StderrLine: {'line': b'      |                  \x1b[01;36m\x1b[K^~~~~~~~~~~~~~~~~\x1b[m\x1b[K\n'}
[3.205979] (simple_s) StderrLine: {'line': b'\x1b[01m\x1b[K/usr/include/c++/9/bits/shared_ptr.h:127:17:\x1b[m\x1b[K \x1b[01;36m\x1b[Knote: \x1b[m\x1b[Kcandidate: \xe2\x80\x98\x1b[01m\x1b[Kconstexpr std::shared_ptr<_Tp>::shared_ptr() [with _Tp = message_filters::CallbackHelper9<test_interfaces::msg::Test_<std::allocator<void> >, test_interfaces::msg::Test_<std::allocator<void> >, message_filters::NullType, message_filters::NullType, message_filters::NullType, message_filters::NullType, message_filters::NullType, message_filters::NullType, message_filters::NullType>]\x1b[m\x1b[K\xe2\x80\x99\n'}
[3.206119] (simple_s) StderrLine: {'line': b'  127 |       constexpr \x1b[01;36m\x1b[Kshared_ptr\x1b[m\x1b[K() noexcept : __shared_ptr<_Tp>() { }\n'}
[3.206245] (-) TimerEvent: {}
[3.206407] (simple_s) StderrLine: {'line': b'      |                 \x1b[01;36m\x1b[K^~~~~~~~~~\x1b[m\x1b[K\n'}
[3.206552] (simple_s) StderrLine: {'line': b'\x1b[01m\x1b[K/usr/include/c++/9/bits/shared_ptr.h:127:17:\x1b[m\x1b[K \x1b[01;36m\x1b[Knote: \x1b[m\x1b[K  candidate expects 0 arguments, 1 provided\n'}
[3.306346] (-) TimerEvent: {}
[3.406668] (-) TimerEvent: {}
[3.507028] (-) TimerEvent: {}
[3.607373] (-) TimerEvent: {}
[3.707709] (-) TimerEvent: {}
[3.808029] (-) TimerEvent: {}
[3.908323] (-) TimerEvent: {}
[4.008612] (-) TimerEvent: {}
[4.108898] (-) TimerEvent: {}
[4.209174] (-) TimerEvent: {}
[4.309445] (-) TimerEvent: {}
[4.409684] (-) TimerEvent: {}
[4.509908] (-) TimerEvent: {}
[4.610118] (-) TimerEvent: {}
[4.710376] (-) TimerEvent: {}
[4.810697] (-) TimerEvent: {}
[4.830274] (simple_s) StderrLine: {'line': b'In file included from \x1b[01m\x1b[K/opt/ros/foxy/include/message_filters/signal1.h:42\x1b[m\x1b[K,\n'}
[4.830667] (simple_s) StderrLine: {'line': b'                 from \x1b[01m\x1b[K/opt/ros/foxy/include/message_filters/simple_filter.h:43\x1b[m\x1b[K,\n'}
[4.830811] (simple_s) StderrLine: {'line': b'                 from \x1b[01m\x1b[K/opt/ros/foxy/include/message_filters/subscriber.h:41\x1b[m\x1b[K,\n'}
[4.830948] (simple_s) StderrLine: {'line': b'                 from \x1b[01m\x1b[K/ros2_test/AD_Middle_Test/ros2/src/simple_s/src/intra_pipe.cpp:9\x1b[m\x1b[K:\n'}
[4.831083] (simple_s) StderrLine: {'line': b'/opt/ros/foxy/include/message_filters/message_event.h: In instantiation of \xe2\x80\x98\x1b[01m\x1b[Ktypename std::enable_if<(! std::is_void<_Yp>::value), std::shared_ptr<_Tp> >::type message_filters::MessageEvent<M>::copyMessageIfNecessary() const [with M2 = const std::unique_ptr<test_interfaces::msg::Test_<std::allocator<void> >, std::default_delete<test_interfaces::msg::Test_<std::allocator<void> > > >; M = const std::unique_ptr<test_interfaces::msg::Test_<std::allocator<void> >, std::default_delete<test_interfaces::msg::Test_<std::allocator<void> > > >; typename std::enable_if<(! std::is_void<_Yp>::value), std::shared_ptr<_Tp> >::type = std::shared_ptr<const std::unique_ptr<test_interfaces::msg::Test_<std::allocator<void> >, std::default_delete<test_interfaces::msg::Test_<std::allocator<void> > > > >]\x1b[m\x1b[K\xe2\x80\x99:\n'}
[4.831243] (simple_s) StderrLine: {'line': b'\x1b[01m\x1b[K/opt/ros/foxy/include/message_filters/message_event.h:160:38:\x1b[m\x1b[K   required from \xe2\x80\x98\x1b[01m\x1b[Kstd::shared_ptr<_Tp> message_filters::MessageEvent<M>::getMessage() const [with M = const std::unique_ptr<test_interfaces::msg::Test_<std::allocator<void> >, std::default_delete<test_interfaces::msg::Test_<std::allocator<void> > > >]\x1b[m\x1b[K\xe2\x80\x99\n'}
[4.831383] (simple_s) StderrLine: {'line': b'\x1b[01m\x1b[K/opt/ros/foxy/include/message_filters/parameter_adapter.h:120:12:\x1b[m\x1b[K   required from \xe2\x80\x98\x1b[01m\x1b[Kstatic const M& message_filters::ParameterAdapter<const M&>::getParameter(const Event&) [with M = std::unique_ptr<test_interfaces::msg::Test_<std::allocator<void> >, std::default_delete<test_interfaces::msg::Test_<std::allocator<void> > > >; message_filters::ParameterAdapter<const M&>::Parameter = const std::unique_ptr<test_interfaces::msg::Test_<std::allocator<void> >, std::default_delete<test_interfaces::msg::Test_<std::allocator<void> > > >&; message_filters::ParameterAdapter<const M&>::Event = message_filters::MessageEvent<const std::unique_ptr<test_interfaces::msg::Test_<std::allocator<void> >, std::default_delete<test_interfaces::msg::Test_<std::allocator<void> > > > >; typename std::remove_reference<typename std::remove_const<_Tp>::type>::type = std::unique_ptr<test_interfaces::msg::Test_<std::allocator<void> >, std::default_delete<test_interfaces::msg::Test_<std::allocator<void> > > >]\x1b[m\x1b[K\xe2\x80\x99\n'}
[4.831528] (simple_s) StderrLine: {'line': b'\x1b[01m\x1b[K/opt/ros/foxy/include/message_filters/signal9.h:126:31:\x1b[m\x1b[K   required from \xe2\x80\x98\x1b[01m\x1b[Kvoid message_filters::CallbackHelper9T<P0, P1, P2, P3, P4, P5, P6, P7, P8>::call(bool, const M0Event&, const M1Event&, const M2Event&, const M3Event&, const M4Event&, const M5Event&, const M6Event&, const M7Event&, const M8Event&) [with P0 = const std::unique_ptr<test_interfaces::msg::Test_<std::allocator<void> >, std::default_delete<test_interfaces::msg::Test_<std::allocator<void> > > >&; P1 = const std::unique_ptr<test_interfaces::msg::Test_<std::allocator<void> >, std::default_delete<test_interfaces::msg::Test_<std::allocator<void> > > >&; P2 = const std::shared_ptr<const message_filters::NullType>&; P3 = const std::shared_ptr<const message_filters::NullType>&; P4 = const std::shared_ptr<const message_filters::NullType>&; P5 = const std::shared_ptr<const message_filters::NullType>&; P6 = const std::shared_ptr<const message_filters::NullType>&; P7 = const std::shared_ptr<const message_filters::NullType>&; P8 = const std::shared_ptr<const message_filters::NullType>&; message_filters::CallbackHelper9T<P0, P1, P2, P3, P4, P5, P6, P7, P8>::M0Event = message_filters::MessageEvent<const std::unique_ptr<test_interfaces::msg::Test_<std::allocator<void> >, std::default_delete<test_interfaces::msg::Test_<std::allocator<void> > > > >; message_filters::CallbackHelper9T<P0, P1, P2, P3, P4, P5, P6, P7, P8>::M1Event = message_filters::MessageEvent<const std::unique_ptr<test_interfaces::msg::Test_<std::allocator<void> >, std::default_delete<test_interfaces::msg::Test_<std::allocator<void> > > > >; message_filters::CallbackHelper9T<P0, P1, P2, P3, P4, P5, P6, P7, P8>::M2Event = message_filters::MessageEvent<const message_filters::NullType>; message_filters::CallbackHelper9T<P0, P1, P2, P3, P4, P5, P6, P7, P8>::M3Event = message_filters::MessageEvent<const message_filters::NullType>; message_filters::CallbackHelper9T<P0, P1, P2, P3, P4, P5, P6, P7, P8>::M4Event = message_filters::MessageEvent<const message_filters::NullType>; message_filters::CallbackHelper9T<P0, P1, P2, P3, P4, P5, P6, P7, P8>::M5Event = message_filters::MessageEvent<const message_filters::NullType>; message_filters::CallbackHelper9T<P0, P1, P2, P3, P4, P5, P6, P7, P8>::M6Event = message_filters::MessageEvent<const message_filters::NullType>; message_filters::CallbackHelper9T<P0, P1, P2, P3, P4, P5, P6, P7, P8>::M7Event = message_filters::MessageEvent<const message_filters::NullType>; message_filters::CallbackHelper9T<P0, P1, P2, P3, P4, P5, P6, P7, P8>::M8Event = message_filters::MessageEvent<const message_filters::NullType>]\x1b[m\x1b[K\xe2\x80\x99\n'}
[4.831708] (simple_s) StderrLine: {'line': b'\x1b[01m\x1b[K/opt/ros/foxy/include/message_filters/signal9.h:114:16:\x1b[m\x1b[K   required from here\n'}
[4.831843] (simple_s) StderrLine: {'line': b'\x1b[01m\x1b[K/opt/ros/foxy/include/message_filters/message_event.h:219:20:\x1b[m\x1b[K \x1b[01;31m\x1b[Kerror: \x1b[m\x1b[Kuse of deleted function \xe2\x80\x98\x1b[01m\x1b[Kstd::unique_ptr<_Tp, _Dp>& std::unique_ptr<_Tp, _Dp>::operator=(const std::unique_ptr<_Tp, _Dp>&) [with _Tp = test_interfaces::msg::Test_<std::allocator<void> >; _Dp = std::default_delete<test_interfaces::msg::Test_<std::allocator<void> > >]\x1b[m\x1b[K\xe2\x80\x99\n'}
[4.831982] (simple_s) StderrLine: {'line': b'  219 |     \x1b[01;31m\x1b[K*message_copy_ = *message_\x1b[m\x1b[K;\n'}
[4.832116] (simple_s) StderrLine: {'line': b'      |     \x1b[01;31m\x1b[K~~~~~~~~~~~~~~~^~~~~~~~~~~\x1b[m\x1b[K\n'}
[4.832247] (simple_s) StderrLine: {'line': b'In file included from \x1b[01m\x1b[K/usr/include/c++/9/memory:80\x1b[m\x1b[K,\n'}
[4.832380] (simple_s) StderrLine: {'line': b'                 from \x1b[01m\x1b[K/ros2_test/AD_Middle_Test/ros2/src/simple_s/src/intra_pipe.cpp:4\x1b[m\x1b[K:\n'}
[4.832513] (simple_s) StderrLine: {'line': b'\x1b[01m\x1b[K/usr/include/c++/9/bits/unique_ptr.h:415:19:\x1b[m\x1b[K \x1b[01;36m\x1b[Knote: \x1b[m\x1b[Kdeclared here\n'}
[4.832645] (simple_s) StderrLine: {'line': b'  415 |       unique_ptr& \x1b[01;36m\x1b[Koperator\x1b[m\x1b[K=(const unique_ptr&) = delete;\n'}
[4.832778] (simple_s) StderrLine: {'line': b'      |                   \x1b[01;36m\x1b[K^~~~~~~~\x1b[m\x1b[K\n'}
[4.910793] (-) TimerEvent: {}
[5.011106] (-) TimerEvent: {}
[5.111423] (-) TimerEvent: {}
[5.211714] (-) TimerEvent: {}
[5.244898] (simple_s) StderrLine: {'line': b'make[2]: *** [CMakeFiles/intra_pipe.dir/build.make:63: CMakeFiles/intra_pipe.dir/src/intra_pipe.cpp.o] Error 1\n'}
[5.245187] (simple_s) StderrLine: {'line': b'make[1]: *** [CMakeFiles/Makefile2:163: CMakeFiles/intra_pipe.dir/all] Error 2\n'}
[5.245377] (simple_s) StderrLine: {'line': b'make: *** [Makefile:141: all] Error 2\n'}
[5.247635] (simple_s) CommandEnded: {'returncode': 2}
[5.248131] (simple_s) JobEnded: {'identifier': 'simple_s', 'rc': 2}
[5.258579] (-) EventReactorShutdown: {}
