[5.829s] [01m[K/ros2_test/AD_Middle_Test/ros2/src/detect_s/src/CameraTimer.cpp:[m[K In member function â€˜[01m[Kvoid CameraTimer::timer_callback()[m[Kâ€™:
[5.829s] [01m[K/ros2_test/AD_Middle_Test/ros2/src/detect_s/src/CameraTimer.cpp:66:36:[m[K [01;31m[Kerror: [m[Kinvalid initialization of reference of type â€˜[01m[Ksensor_msgs::msg::Image&[m[Kâ€™ {aka â€˜[01m[Ksensor_msgs::msg::Image_<std::allocator<void> >&[m[Kâ€™} from expression of type â€˜[01m[Ktest_interfaces::msg::TestImage_<std::allocator<void> >::_test_a_type[m[Kâ€™ {aka â€˜[01m[Kint[m[Kâ€™}
[5.830s]    66 |    sensor_msgs::fillImage([01;31m[Kmessage->test_a[m[K,sensor_msgs::image_encodings::BGR8,image.rows,image.cols,image.step,image.data);
[5.830s]       |                           [01;31m[K~~~~~~~~~^~~~~~[m[K
[5.830s] In file included from [01m[K/ros2_test/AD_Middle_Test/ros2/src/detect_s/src/CameraTimer.cpp:8[m[K:
[5.830s] [01m[K/opt/ros/foxy/include/sensor_msgs/fill_image.hpp:57:16:[m[K [01;36m[Knote: [m[Kin passing argument 1 of â€˜[01m[Kbool sensor_msgs::fillImage(sensor_msgs::msg::Image&, const string&, uint32_t, uint32_t, uint32_t, const void*)[m[Kâ€™
[5.830s]    57 |   [01;36m[Kmsg::Image & image[m[K,
[5.830s]       |   [01;36m[K~~~~~~~~~~~~~^~~~~[m[K
[7.949s] make[2]: *** [CMakeFiles/cameraTimer.dir/build.make:63: CMakeFiles/cameraTimer.dir/src/CameraTimer.cpp.o] Error 1
[7.949s] make[1]: *** [CMakeFiles/Makefile2:107: CMakeFiles/cameraTimer.dir/all] Error 2
[7.949s] make[1]: *** Waiting for unfinished jobs....
[11.811s] make: *** [Makefile:141: all] Error 2
