[0.104s] [35m[1mScanning dependencies of target yoloDetect[0m
[0.136s] [ 50%] Built target cameraTimer
[0.153s] [ 75%] [32mBuilding CXX object CMakeFiles/yoloDetect.dir/src/YoloDetect.cpp.o[0m
[3.540s] In file included from [01m[K/ros2_test/AD_Middle_Test/ros2/src/detect_s/src/YoloDetect.cpp:18[m[K:
[3.540s] [01m[K/ros2_test/AD_Middle_Test/ros2/src/detect_s/include/detect_s/store.h:[m[K In member function â€˜[01m[Kvoid StoreBundle::init(std::string, int)[m[Kâ€™:
[3.540s] [01m[K/ros2_test/AD_Middle_Test/ros2/src/detect_s/include/detect_s/store.h:10:26:[m[K [01;35m[Kwarning: [m[Kcomparison of integer expressions of different signedness: â€˜[01m[Kunsigned int[m[Kâ€™ and â€˜[01m[Kint[m[Kâ€™ [[01;35m[K-Wsign-compare[m[K]
[3.541s]    10 |   for(unsigned int i =0;[01;35m[Ki<num[m[K;i++){
[3.541s]       |                         [01;35m[K~^~~~[m[K
[3.602s] [01m[K/ros2_test/AD_Middle_Test/ros2/src/detect_s/src/YoloDetect.cpp:[m[K In member function â€˜[01m[Kvoid YoloDetect::topic_callback(test_interfaces::msg::TestImage_<std::allocator<void> >::SharedPtr)[m[Kâ€™:
[3.603s] [01m[K/ros2_test/AD_Middle_Test/ros2/src/detect_s/src/YoloDetect.cpp:73:13:[m[K [01;31m[Kerror: [m[Kâ€˜[01m[Kusing SharedPtr = class std::shared_ptr<rclcpp::Publisher<test_interfaces::msg::YoloResult_<std::allocator<void> > > >[m[Kâ€™ {aka â€˜[01m[Kclass std::shared_ptr<rclcpp::Publisher<test_interfaces::msg::YoloResult_<std::allocator<void> > > >[m[Kâ€™} has no member named â€˜[01m[Kpublish[m[Kâ€™
[3.603s]    73 |  publisher_.[01;31m[Kpublish[m[K(to_send_result);
[3.603s]       |             [01;31m[K^~~~~~~[m[K
[3.603s] [01m[K/ros2_test/AD_Middle_Test/ros2/src/detect_s/src/YoloDetect.cpp:49:13:[m[K [01;35m[Kwarning: [m[Kunused variable â€˜[01m[Krec_la[m[Kâ€™ [[01;35m[K-Wunused-variable[m[K]
[3.603s]    49 |    uint64_t [01;35m[Krec_la[m[K = (this->now()-msg->header.stamp).nanoseconds();
[3.603s]       |             [01;35m[K^~~~~~[m[K
[5.467s] make[2]: *** [CMakeFiles/yoloDetect.dir/build.make:63: CMakeFiles/yoloDetect.dir/src/YoloDetect.cpp.o] Error 1
[5.468s] make[1]: *** [CMakeFiles/Makefile2:80: CMakeFiles/yoloDetect.dir/all] Error 2
[5.468s] make: *** [Makefile:141: all] Error 2
