[2.113s] [01m[K/ros2_test/AD_Middle_Test/ros2/src/simple_s/src/listener.cpp:[m[K In constructor â€˜[01m[KMinimalSubscriber::MinimalSubscriber(std::string, int)[m[Kâ€™:
[2.113s] [01m[K/ros2_test/AD_Middle_Test/ros2/src/simple_s/src/listener.cpp:53:75:[m[K [01;31m[Kerror: [m[Kâ€˜[01m[K_1[m[Kâ€™ was not declared in this scope; did you mean â€˜[01m[Kstd::placeholders::_1[m[Kâ€™?
[2.113s]    53 |      channel_name, 1, std::bind(&MinimalSubscriber::topic_callback, this, [01;31m[K_1[m[K));
[2.113s]       |                                                                           [01;31m[K^~[m[K
[2.114s]       |                                                                           [32m[Kstd::placeholders::_1[m[K
[2.114s] In file included from [01m[K/opt/ros/foxy/include/rclcpp/context.hpp:19[m[K,
[2.114s]                  from [01m[K/opt/ros/foxy/include/rclcpp/contexts/default_context.hpp:18[m[K,
[2.114s]                  from [01m[K/opt/ros/foxy/include/rclcpp/executor.hpp:32[m[K,
[2.114s]                  from [01m[K/opt/ros/foxy/include/rclcpp/executors/multi_threaded_executor.hpp:25[m[K,
[2.114s]                  from [01m[K/opt/ros/foxy/include/rclcpp/executors.hpp:21[m[K,
[2.115s]                  from [01m[K/opt/ros/foxy/include/rclcpp/rclcpp.hpp:145[m[K,
[2.115s]                  from [01m[K/opt/ros/foxy/include/message_filters/subscriber.h:38[m[K,
[2.115s]                  from [01m[K/ros2_test/AD_Middle_Test/ros2/src/simple_s/src/listener.cpp:5[m[K:
[2.115s] [01m[K/usr/include/c++/9/functional:211:34:[m[K [01;36m[Knote: [m[Kâ€˜[01m[Kstd::placeholders::_1[m[Kâ€™ declared here
[2.115s]   211 |     extern const _Placeholder<1> [01;36m[K_1[m[K;
[2.115s]       |                                  [01;36m[K^~[m[K
[2.116s] [01m[K/ros2_test/AD_Middle_Test/ros2/src/simple_s/src/listener.cpp:55:15:[m[K [01;31m[Kerror: [m[Kâ€˜[01m[Kclass message_filters::Subscriber<test_interfaces::msg::Test_<std::allocator<void> > >[m[Kâ€™ has no member named â€˜[01m[Knh_[m[Kâ€™
[2.116s]    55 |    this->sub1.[01;31m[Knh_[m[K = this;
[2.116s]       |               [01;31m[K^~~[m[K
[2.116s] [01m[K/ros2_test/AD_Middle_Test/ros2/src/simple_s/src/listener.cpp:56:15:[m[K [01;31m[Kerror: [m[Kâ€˜[01m[Kstd::string message_filters::Subscriber<test_interfaces::msg::Test_<std::allocator<void> > >::topic_[m[Kâ€™ is private within this context
[2.117s]    56 |    this->sub1.[01;31m[Ktopic_[m[K = channel_name+'0';
[2.117s]       |               [01;31m[K^~~~~~[m[K
[2.117s] In file included from [01m[K/ros2_test/AD_Middle_Test/ros2/src/simple_s/src/listener.cpp:5[m[K:
[2.117s] [01m[K/opt/ros/foxy/include/message_filters/subscriber.h:243:15:[m[K [01;36m[Knote: [m[Kdeclared private here
[2.117s]   243 |   std::string [01;36m[Ktopic_[m[K;
[2.117s]       |               [01;36m[K^~~~~~[m[K
[2.118s] [01m[K/ros2_test/AD_Middle_Test/ros2/src/simple_s/src/listener.cpp:57:15:[m[K [01;31m[Kerror: [m[Kâ€˜[01m[Kclass message_filters::Subscriber<test_interfaces::msg::Test_<std::allocator<void> > >[m[Kâ€™ has no member named â€˜[01m[Knh_[m[Kâ€™
[2.118s]    57 |    this->sub2.[01;31m[Knh_[m[K = this;
[2.118s]       |               [01;31m[K^~~[m[K
[2.118s] [01m[K/ros2_test/AD_Middle_Test/ros2/src/simple_s/src/listener.cpp:58:15:[m[K [01;31m[Kerror: [m[Kâ€˜[01m[Kstd::string message_filters::Subscriber<test_interfaces::msg::Test_<std::allocator<void> > >::topic_[m[Kâ€™ is private within this context
[2.119s]    58 |    this->sub2.[01;31m[Ktopic_[m[K = channel_name+'1';
[2.119s]       |               [01;31m[K^~~~~~[m[K
[2.119s] In file included from [01m[K/ros2_test/AD_Middle_Test/ros2/src/simple_s/src/listener.cpp:5[m[K:
[2.119s] [01m[K/opt/ros/foxy/include/message_filters/subscriber.h:243:15:[m[K [01;36m[Knote: [m[Kdeclared private here
[2.119s]   243 |   std::string [01;36m[Ktopic_[m[K;
[2.119s]       |               [01;36m[K^~~~~~[m[K
[2.120s] [01m[K/ros2_test/AD_Middle_Test/ros2/src/simple_s/src/listener.cpp:61:15:[m[K [01;31m[Kerror: [m[Kinvalid use of â€˜[01m[Kmessage_filters::Synchronizer<message_filters::sync_policies::ApproximateTime<test_interfaces::msg::Test_<std::allocator<void> >, test_interfaces::msg::Test_<std::allocator<void> > > >::Synchronizer[m[Kâ€™
[2.120s]    61 |    this->sync.[01;31m[KSynchronizer[m[K(MySyncPolicy(10),this->sub1,this->sub2);
[2.120s]       |               [01;31m[K^~~~~~~~~~~~[m[K
[2.126s] [01m[K/ros2_test/AD_Middle_Test/ros2/src/simple_s/src/listener.cpp:62:78:[m[K [01;31m[Kerror: [m[Kâ€˜[01m[K_1[m[Kâ€™ was not declared in this scope; did you mean â€˜[01m[Kstd::placeholders::_1[m[Kâ€™?
[2.126s]    62 |    this->sync.registerCallback(std::bind(&MinimalSubscriber::topic_callback2,[01;31m[K_1[m[K,_2));
[2.126s]       |                                                                              [01;31m[K^~[m[K
[2.126s]       |                                                                              [32m[Kstd::placeholders::_1[m[K
[2.127s] In file included from [01m[K/opt/ros/foxy/include/rclcpp/context.hpp:19[m[K,
[2.127s]                  from [01m[K/opt/ros/foxy/include/rclcpp/contexts/default_context.hpp:18[m[K,
[2.127s]                  from [01m[K/opt/ros/foxy/include/rclcpp/executor.hpp:32[m[K,
[2.127s]                  from [01m[K/opt/ros/foxy/include/rclcpp/executors/multi_threaded_executor.hpp:25[m[K,
[2.127s]                  from [01m[K/opt/ros/foxy/include/rclcpp/executors.hpp:21[m[K,
[2.128s]                  from [01m[K/opt/ros/foxy/include/rclcpp/rclcpp.hpp:145[m[K,
[2.128s]                  from [01m[K/opt/ros/foxy/include/message_filters/subscriber.h:38[m[K,
[2.128s]                  from [01m[K/ros2_test/AD_Middle_Test/ros2/src/simple_s/src/listener.cpp:5[m[K:
[2.128s] [01m[K/usr/include/c++/9/functional:211:34:[m[K [01;36m[Knote: [m[Kâ€˜[01m[Kstd::placeholders::_1[m[Kâ€™ declared here
[2.128s]   211 |     extern const _Placeholder<1> [01;36m[K_1[m[K;
[2.128s]       |                                  [01;36m[K^~[m[K
[2.129s] [01m[K/ros2_test/AD_Middle_Test/ros2/src/simple_s/src/listener.cpp:62:81:[m[K [01;31m[Kerror: [m[Kâ€˜[01m[K_2[m[Kâ€™ was not declared in this scope; did you mean â€˜[01m[Kstd::placeholders::_2[m[Kâ€™?
[2.129s]    62 |    this->sync.registerCallback(std::bind(&MinimalSubscriber::topic_callback2,_1,[01;31m[K_2[m[K));
[2.129s]       |                                                                                 [01;31m[K^~[m[K
[2.129s]       |                                                                                 [32m[Kstd::placeholders::_2[m[K
[2.130s] In file included from [01m[K/opt/ros/foxy/include/rclcpp/context.hpp:19[m[K,
[2.130s]                  from [01m[K/opt/ros/foxy/include/rclcpp/contexts/default_context.hpp:18[m[K,
[2.130s]                  from [01m[K/opt/ros/foxy/include/rclcpp/executor.hpp:32[m[K,
[2.130s]                  from [01m[K/opt/ros/foxy/include/rclcpp/executors/multi_threaded_executor.hpp:25[m[K,
[2.130s]                  from [01m[K/opt/ros/foxy/include/rclcpp/executors.hpp:21[m[K,
[2.130s]                  from [01m[K/opt/ros/foxy/include/rclcpp/rclcpp.hpp:145[m[K,
[2.131s]                  from [01m[K/opt/ros/foxy/include/message_filters/subscriber.h:38[m[K,
[2.131s]                  from [01m[K/ros2_test/AD_Middle_Test/ros2/src/simple_s/src/listener.cpp:5[m[K:
[2.131s] [01m[K/usr/include/c++/9/functional:212:34:[m[K [01;36m[Knote: [m[Kâ€˜[01m[Kstd::placeholders::_2[m[Kâ€™ declared here
[2.131s]   212 |     extern const _Placeholder<2> [01;36m[K_2[m[K;
[2.131s]       |                                  [01;36m[K^~[m[K
[2.264s] In file included from [01m[K/ros2_test/AD_Middle_Test/ros2/src/simple_s/src/listener.cpp:6[m[K:
[2.264s] /opt/ros/foxy/include/message_filters/synchronizer.h: In instantiation of â€˜[01m[Kmessage_filters::Synchronizer<Policy>::Synchronizer() [with Policy = message_filters::sync_policies::ApproximateTime<test_interfaces::msg::Test_<std::allocator<void> >, test_interfaces::msg::Test_<std::allocator<void> > >][m[Kâ€™:
[2.264s] [01m[K/ros2_test/AD_Middle_Test/ros2/src/simple_s/src/listener.cpp:45:41:[m[K   required from here
[2.264s] [01m[K/opt/ros/foxy/include/message_filters/synchronizer.h:140:3:[m[K [01;31m[Kerror: [m[Kno matching function for call to â€˜[01m[Kmessage_filters::sync_policies::ApproximateTime<test_interfaces::msg::Test_<std::allocator<void> >, test_interfaces::msg::Test_<std::allocator<void> > >::ApproximateTime()[m[Kâ€™
[2.265s]   140 |   [01;31m[K{[m[K
[2.265s]       |   [01;31m[K^[m[K
[2.265s] In file included from [01m[K/ros2_test/AD_Middle_Test/ros2/src/simple_s/src/listener.cpp:7[m[K:
[2.265s] [01m[K/opt/ros/foxy/include/message_filters/sync_policies/approximate_time.h:130:3:[m[K [01;36m[Knote: [m[Kcandidate: â€˜[01m[Kmessage_filters::sync_policies::ApproximateTime<M0, M1, M2, M3, M4, M5, M6, M7, M8>::ApproximateTime(const message_filters::sync_policies::ApproximateTime<M0, M1, M2, M3, M4, M5, M6, M7, M8>&) [with M0 = test_interfaces::msg::Test_<std::allocator<void> >; M1 = test_interfaces::msg::Test_<std::allocator<void> >; M2 = message_filters::NullType; M3 = message_filters::NullType; M4 = message_filters::NullType; M5 = message_filters::NullType; M6 = message_filters::NullType; M7 = message_filters::NullType; M8 = message_filters::NullType][m[Kâ€™
[2.266s]   130 |   [01;36m[KApproximateTime[m[K(const ApproximateTime& e)
[2.266s]       |   [01;36m[K^~~~~~~~~~~~~~~[m[K
[2.266s] [01m[K/opt/ros/foxy/include/message_filters/sync_policies/approximate_time.h:130:3:[m[K [01;36m[Knote: [m[K  candidate expects 1 argument, 0 provided
[2.266s] In file included from [01m[K/ros2_test/AD_Middle_Test/ros2/src/simple_s/src/listener.cpp:7[m[K:
[2.266s] [01m[K/opt/ros/foxy/include/message_filters/sync_policies/approximate_time.h:116:3:[m[K [01;36m[Knote: [m[Kcandidate: â€˜[01m[Kmessage_filters::sync_policies::ApproximateTime<M0, M1, M2, M3, M4, M5, M6, M7, M8>::ApproximateTime(uint32_t) [with M0 = test_interfaces::msg::Test_<std::allocator<void> >; M1 = test_interfaces::msg::Test_<std::allocator<void> >; M2 = message_filters::NullType; M3 = message_filters::NullType; M4 = message_filters::NullType; M5 = message_filters::NullType; M6 = message_filters::NullType; M7 = message_filters::NullType; M8 = message_filters::NullType; uint32_t = unsigned int][m[Kâ€™
[2.267s]   116 |   [01;36m[KApproximateTime[m[K(uint32_t queue_size)
[2.267s]       |   [01;36m[K^~~~~~~~~~~~~~~[m[K
[2.267s] [01m[K/opt/ros/foxy/include/message_filters/sync_policies/approximate_time.h:116:3:[m[K [01;36m[Knote: [m[K  candidate expects 1 argument, 0 provided
[3.819s] make[2]: *** [CMakeFiles/listener.dir/build.make:63: CMakeFiles/listener.dir/src/listener.cpp.o] Error 1
[3.819s] make[1]: *** [CMakeFiles/Makefile2:80: CMakeFiles/listener.dir/all] Error 2
[3.819s] make: *** [Makefile:141: all] Error 2
