[0.045s] Invoking command in '/ros2_test/AD_Middle_Test/ros2/src/build/detect_s': /usr/bin/cmake --build /ros2_test/AD_Middle_Test/ros2/src/build/detect_s -- -j5 -l5
[0.104s] [35m[1mScanning dependencies of target yoloDetect[0m
[0.149s] [ 50%] Built target cameraTimer
[0.161s] [ 75%] [32mBuilding CXX object CMakeFiles/yoloDetect.dir/src/YoloDetect.cpp.o[0m
[2.591s] [01m[K/ros2_test/AD_Middle_Test/ros2/src/detect_s/src/YoloDetect.cpp:[m[K In member function â€˜[01m[Kvoid YoloDetect::topic_callback(test_interfaces::msg::TestImage_<std::allocator<void> >::SharedPtr)[m[Kâ€™:
[2.592s] [01m[K/ros2_test/AD_Middle_Test/ros2/src/detect_s/src/YoloDetect.cpp:97:30:[m[K [01;31m[Kerror: [m[Kcannot convert â€˜[01m[Ktest_interfaces::msg::TestImage_<std::allocator<void> >::_mat_data_type[m[Kâ€™ {aka â€˜[01m[Kstd::__cxx11::basic_string<char>[m[Kâ€™} to â€˜[01m[Kunsigned char*[m[Kâ€™ in initialization
[2.592s]    97 |    unsigned char* toC = [01;31m[Kmsg->mat_data[m[K;
[2.592s]       |                         [01;31m[K~~~~~^~~~~~~~[m[K
[2.592s]       |                              [01;31m[K|[m[K
[2.592s]       |                              [01;31m[Ktest_interfaces::msg::TestImage_<std::allocator<void> >::_mat_data_type {aka std::__cxx11::basic_string<char>}[m[K
[4.293s] make[2]: *** [CMakeFiles/yoloDetect.dir/build.make:63: CMakeFiles/yoloDetect.dir/src/YoloDetect.cpp.o] Error 1
[4.293s] make[1]: *** [CMakeFiles/Makefile2:80: CMakeFiles/yoloDetect.dir/all] Error 2
[4.293s] make: *** [Makefile:141: all] Error 2
[4.296s] Invoked command in '/ros2_test/AD_Middle_Test/ros2/src/build/detect_s' returned '2': /usr/bin/cmake --build /ros2_test/AD_Middle_Test/ros2/src/build/detect_s -- -j5 -l5
