[2.537s] [01m[K/ros2_test/AD_Middle_Test/ros2/src/detect_s/src/CameraTimer.cpp:[m[K In member function â€˜[01m[Kvoid CameraTimer::timer_callback()[m[Kâ€™:
[2.537s] [01m[K/ros2_test/AD_Middle_Test/ros2/src/detect_s/src/CameraTimer.cpp:68:22:[m[K [01;31m[Kerror: [m[Kcannot convert â€˜[01m[Ksensor_msgs::msg::Image[m[Kâ€™ {aka â€˜[01m[Ksensor_msgs::msg::Image_<std::allocator<void> >[m[Kâ€™} to â€˜[01m[Ktest_interfaces::msg::TestImage_<std::allocator<void> >::_test_a_type[m[Kâ€™ {aka â€˜[01m[Kint[m[Kâ€™} in assignment
[2.537s]    68 |    message->test_a = [01;31m[KtmpI[m[K;
[2.537s]       |                      [01;31m[K^~~~[m[K
[2.537s]       |                      [01;31m[K|[m[K
[2.538s]       |                      [01;31m[Ksensor_msgs::msg::Image {aka sensor_msgs::msg::Image_<std::allocator<void> >}[m[K
[3.889s] make[2]: *** [CMakeFiles/cameraTimer.dir/build.make:63: CMakeFiles/cameraTimer.dir/src/CameraTimer.cpp.o] Error 1
[3.889s] make[1]: *** [CMakeFiles/Makefile2:107: CMakeFiles/cameraTimer.dir/all] Error 2
[3.889s] make: *** [Makefile:141: all] Error 2
