[0.045s] Invoking command in '/ros2_test/AD_Middle_Test/ros2/build/detect_s': /usr/bin/cmake --build /ros2_test/AD_Middle_Test/ros2/build/detect_s -- -j5 -l5
[0.108s] [35m[1mScanning dependencies of target trackerRos2[0m
[0.149s] [ 25%] Built target line
[0.156s] [ 50%] Built target yoloDetect
[0.172s] [ 75%] Built target cameraTimer
[0.184s] [ 87%] [32mBuilding CXX object CMakeFiles/trackerRos2.dir/src/TrackerRos2.cpp.o[0m
[3.874s] [01m[K/ros2_test/AD_Middle_Test/ros2/src/detect_s/src/TrackerRos2.cpp:[m[K In constructor â€˜[01m[KTrackerRos2::TrackerRos2(std::string, std::string, std::string, std::string)[m[Kâ€™:
[3.875s] [01m[K/ros2_test/AD_Middle_Test/ros2/src/detect_s/src/TrackerRos2.cpp:32:95:[m[K [01;31m[Kerror: [m[Kâ€˜[01m[Kqos_[m[Kâ€™ was not declared in this scope
[3.875s]    32 |    publisher_ = this->create_publisher<test_interfaces::msg::TrackerResult>(pub_channel_name, [01;31m[Kqos_[m[K);    // CHANGE
[3.875s]       |                                                                                               [01;31m[K^~~~[m[K
[8.270s] make[2]: *** [CMakeFiles/trackerRos2.dir/build.make:63: CMakeFiles/trackerRos2.dir/src/TrackerRos2.cpp.o] Error 1
[8.270s] make[1]: *** [CMakeFiles/Makefile2:84: CMakeFiles/trackerRos2.dir/all] Error 2
[8.270s] make: *** [Makefile:141: all] Error 2
[8.273s] Invoked command in '/ros2_test/AD_Middle_Test/ros2/build/detect_s' returned '2': /usr/bin/cmake --build /ros2_test/AD_Middle_Test/ros2/build/detect_s -- -j5 -l5
