[3.562s] In file included from [01m[K/ros2_test/AD_Middle_Test/ros2/src/build/test_interfaces/rosidl_generator_c/test_interfaces/msg/detail/test_image__functions.h:19[m[K,
[3.562s]                  from [01m[K/ros2_test/AD_Middle_Test/ros2/src/build/test_interfaces/rosidl_generator_c/test_interfaces/msg/detail/test_image__functions.c:4[m[K:
[3.562s] [01m[K/ros2_test/AD_Middle_Test/ros2/src/build/test_interfaces/rosidl_generator_c/test_interfaces/msg/detail/test_image__struct.h:22:10:[m[K [01;31m[Kfatal error: [m[Ksensor_msg/msg/detail/image__struct.h: No such file or directory
[3.562s]    22 | #include [01;31m[K"sensor_msg/msg/detail/image__struct.h"[m[K
[3.563s]       |          [01;31m[K^~~~~~~~~~~~~~~~~~~~~~~~~~~~~~~~~~~~~~~[m[K
[3.563s] compilation terminated.
[3.563s] make[2]: *** [CMakeFiles/test_interfaces__rosidl_generator_c.dir/build.make:210: CMakeFiles/test_interfaces__rosidl_generator_c.dir/rosidl_generator_c/test_interfaces/msg/detail/test_image__functions.c.o] Error 1
[3.563s] make[2]: *** Waiting for unfinished jobs....
[3.619s] make[1]: *** [CMakeFiles/Makefile2:466: CMakeFiles/test_interfaces__rosidl_generator_c.dir/all] Error 2
[3.619s] make[1]: *** Waiting for unfinished jobs....
[4.103s] In file included from [01m[K/ros2_test/AD_Middle_Test/ros2/src/build/test_interfaces/rosidl_typesupport_cpp/test_interfaces/msg/test_image__type_support.cpp:7[m[K:
[4.103s] [01m[K/ros2_test/AD_Middle_Test/ros2/src/build/test_interfaces/rosidl_generator_cpp/test_interfaces/msg/detail/test_image__struct.hpp:19:10:[m[K [01;31m[Kfatal error: [m[Ksensor_msg/msg/detail/image__struct.hpp: No such file or directory
[4.103s]    19 | #include [01;31m[K"sensor_msg/msg/detail/image__struct.hpp"[m[K
[4.103s]       |          [01;31m[K^~~~~~~~~~~~~~~~~~~~~~~~~~~~~~~~~~~~~~~~~[m[K
[4.103s] compilation terminated.
[4.104s] make[2]: *** [CMakeFiles/test_interfaces__rosidl_typesupport_cpp.dir/build.make:179: CMakeFiles/test_interfaces__rosidl_typesupport_cpp.dir/rosidl_typesupport_cpp/test_interfaces/msg/test_image__type_support.cpp.o] Error 1
[4.104s] make[2]: *** Waiting for unfinished jobs....
[4.181s] In file included from [01m[K/ros2_test/AD_Middle_Test/ros2/src/build/test_interfaces/rosidl_typesupport_introspection_cpp/test_interfaces/msg/detail/test_image__type_support.cpp:12[m[K:
[4.181s] [01m[K/ros2_test/AD_Middle_Test/ros2/src/build/test_interfaces/rosidl_generator_cpp/test_interfaces/msg/detail/test_image__struct.hpp:19:10:[m[K [01;31m[Kfatal error: [m[Ksensor_msg/msg/detail/image__struct.hpp: No such file or directory
[4.181s]    19 | #include [01;31m[K"sensor_msg/msg/detail/image__struct.hpp"[m[K
[4.181s]       |          [01;31m[K^~~~~~~~~~~~~~~~~~~~~~~~~~~~~~~~~~~~~~~~~[m[K
[4.181s] compilation terminated.
[4.182s] make[2]: *** [CMakeFiles/test_interfaces__rosidl_typesupport_introspection_cpp.dir/build.make:187: CMakeFiles/test_interfaces__rosidl_typesupport_introspection_cpp.dir/rosidl_typesupport_introspection_cpp/test_interfaces/msg/detail/test_image__type_support.cpp.o] Error 1
[4.183s] make[2]: *** Waiting for unfinished jobs....
[4.243s] In file included from [01m[K/ros2_test/AD_Middle_Test/ros2/src/build/test_interfaces/rosidl_typesupport_fastrtps_cpp/test_interfaces/msg/test_image__rosidl_typesupport_fastrtps_cpp.hpp:11[m[K,
[4.243s]                  from [01m[K/ros2_test/AD_Middle_Test/ros2/src/build/test_interfaces/rosidl_typesupport_fastrtps_cpp/test_interfaces/msg/dds_fastrtps/test_image__type_support.cpp:4[m[K:
[4.243s] [01m[K/ros2_test/AD_Middle_Test/ros2/src/build/test_interfaces/rosidl_generator_cpp/test_interfaces/msg/detail/test_image__struct.hpp:19:10:[m[K [01;31m[Kfatal error: [m[Ksensor_msg/msg/detail/image__struct.hpp: No such file or directory
[4.243s]    19 | #include [01;31m[K"sensor_msg/msg/detail/image__struct.hpp"[m[K
[4.243s]       |          [01;31m[K^~~~~~~~~~~~~~~~~~~~~~~~~~~~~~~~~~~~~~~~~[m[K
[4.244s] compilation terminated.
[4.245s] make[2]: *** [CMakeFiles/test_interfaces__rosidl_typesupport_fastrtps_cpp.dir/build.make:187: CMakeFiles/test_interfaces__rosidl_typesupport_fastrtps_cpp.dir/rosidl_typesupport_fastrtps_cpp/test_interfaces/msg/dds_fastrtps/test_image__type_support.cpp.o] Error 1
[4.245s] make[2]: *** Waiting for unfinished jobs....
[4.456s] make[1]: *** [CMakeFiles/Makefile2:328: CMakeFiles/test_interfaces__rosidl_typesupport_cpp.dir/all] Error 2
[4.549s] make[1]: *** [CMakeFiles/Makefile2:439: CMakeFiles/test_interfaces__rosidl_typesupport_introspection_cpp.dir/all] Error 2
[4.781s] make[1]: *** [CMakeFiles/Makefile2:355: CMakeFiles/test_interfaces__rosidl_typesupport_fastrtps_cpp.dir/all] Error 2
[4.781s] make: *** [Makefile:141: all] Error 2
