[0.081s] [35m[1mScanning dependencies of target listener[0m
[0.114s] [ 50%] Built target talker
[0.120s] [ 75%] [32mBuilding CXX object CMakeFiles/listener.dir/src/listener.cpp.o[0m
[2.050s] [01m[K/ros2_test/AD_Middle_Test/ros2/src/simple_s/src/listener.cpp:[m[K In constructor â€˜[01m[KMinimalSubscriber::MinimalSubscriber(std::string, int)[m[Kâ€™:
[2.050s] [01m[K/ros2_test/AD_Middle_Test/ros2/src/simple_s/src/listener.cpp:63:12:[m[K [01;31m[Kerror: [m[Kcannot convert â€˜[01m[Kmessage_filters::TimeSynchronizer<test_interfaces::msg::Test_<std::allocator<void> >, test_interfaces::msg::Test_<std::allocator<void> > >[m[Kâ€™ to â€˜[01m[Kmessage_filters::TimeSynchronizer<test_interfaces::msg::Test_<std::allocator<void> >, test_interfaces::msg::Test_<std::allocator<void> > >*[m[Kâ€™ in assignment
[2.050s]    63 |    sync_ = [01;31m[KTimeSynchronizer<test_interfaces::msg::Test,test_interfaces::msg::Test>(sub1,sub2,10)[m[K;
[2.051s]       |            [01;31m[K^~~~~~~~~~~~~~~~~~~~~~~~~~~~~~~~~~~~~~~~~~~~~~~~~~~~~~~~~~~~~~~~~~~~~~~~~~~~~~~~~~~~~[m[K
[2.051s]       |            [01;31m[K|[m[K
[2.051s]       |            [01;31m[Kmessage_filters::TimeSynchronizer<test_interfaces::msg::Test_<std::allocator<void> >, test_interfaces::msg::Test_<std::allocator<void> > >[m[K
[2.051s] [01m[K/ros2_test/AD_Middle_Test/ros2/src/simple_s/src/listener.cpp:64:10:[m[K [01;31m[Kerror: [m[Krequest for member â€˜[01m[KregisterCallback[m[Kâ€™ in â€˜[01m[K((MinimalSubscriber*)this)->MinimalSubscriber::sync_[m[Kâ€™, which is of pointer type â€˜[01m[Kmessage_filters::TimeSynchronizer<test_interfaces::msg::Test_<std::allocator<void> >, test_interfaces::msg::Test_<std::allocator<void> > >*[m[Kâ€™ (maybe you meant to use â€˜[01m[K->[m[Kâ€™ ?)
[2.051s]    64 |    sync_.[01;31m[KregisterCallback[m[K(std::bind(&MinimalSubscriber::topic_callback2,this,std::placeholders::_1,std::placeholders::_2));
[2.051s]       |          [01;31m[K^~~~~~~~~~~~~~~~[m[K
[4.002s] make[2]: *** [CMakeFiles/listener.dir/build.make:63: CMakeFiles/listener.dir/src/listener.cpp.o] Error 1
[4.002s] make[1]: *** [CMakeFiles/Makefile2:80: CMakeFiles/listener.dir/all] Error 2
[4.002s] make: *** [Makefile:141: all] Error 2
