[2.583s] [01m[K/ros2_test/AD_Middle_Test/ros2/src/detect_s/src/CameraTimer.cpp:[m[K In member function â€˜[01m[Kvoid CameraTimer::timer_callback()[m[Kâ€™:
[2.583s] [01m[K/ros2_test/AD_Middle_Test/ros2/src/detect_s/src/CameraTimer.cpp:47:4:[m[K [01;31m[Kerror: [m[Kâ€˜[01m[Ksend_palce[m[Kâ€™ was not declared in this scope; did you mean â€˜[01m[Ksend_place[m[Kâ€™?
[2.584s]    47 |    [01;31m[Ksend_palce[m[K=(send_place+1)%(f_names.size());
[2.584s]       |    [01;31m[K^~~~~~~~~~[m[K
[2.584s]       |    [32m[Ksend_place[m[K
[3.874s] make[2]: *** [CMakeFiles/cameraTimer.dir/build.make:63: CMakeFiles/cameraTimer.dir/src/CameraTimer.cpp.o] Error 1
[3.874s] make[1]: *** [CMakeFiles/Makefile2:113: CMakeFiles/cameraTimer.dir/all] Error 2
[3.874s] make: *** [Makefile:141: all] Error 2
