[3.107s] [01m[K/ros2_test/AD_Middle_Test/ros2/src/simple_s/src/intra_pipe.cpp:[m[K In destructor â€˜[01m[Kvirtual Consumer::~Consumer()[m[Kâ€™:
[3.107s] [01m[K/ros2_test/AD_Middle_Test/ros2/src/simple_s/src/intra_pipe.cpp:129:27:[m[K [01;31m[Kerror: [m[Kâ€˜[01m[Kres[m[Kâ€™ was not declared in this scope
[3.108s]   129 |    for(unsigned int j=0;j<[01;31m[Kres[m[K.size();j++){
[3.108s]       |                           [01;31m[K^~~[m[K
[5.766s] make[2]: *** [CMakeFiles/intra_pipe.dir/build.make:63: CMakeFiles/intra_pipe.dir/src/intra_pipe.cpp.o] Error 1
[5.767s] make[1]: *** [CMakeFiles/Makefile2:163: CMakeFiles/intra_pipe.dir/all] Error 2
[5.767s] make[1]: *** Waiting for unfinished jobs....
[10.131s] make: *** [Makefile:141: all] Error 2
