[0.045s] Invoking command in '/ros2_test/AD_Middle_Test/ros2/src/build/detect_s': /usr/bin/cmake --build /ros2_test/AD_Middle_Test/ros2/src/build/detect_s -- -j5 -l5
[0.104s] [35m[1mScanning dependencies of target cameraTimer[0m
[0.139s] [ 50%] Built target yoloDetect
[0.162s] [ 75%] [32mBuilding CXX object CMakeFiles/cameraTimer.dir/src/CameraTimer.cpp.o[0m
[2.478s] [01m[K/ros2_test/AD_Middle_Test/ros2/src/detect_s/src/CameraTimer.cpp:[m[K In member function â€˜[01m[Kvoid CameraTimer::timer_callback()[m[Kâ€™:
[2.479s] [01m[K/ros2_test/AD_Middle_Test/ros2/src/detect_s/src/CameraTimer.cpp:32:55:[m[K [01;31m[Kerror: [m[Kexpected type-specifier
[2.479s]    32 |    test_interfaces::msg::TestImage::UniquePtr msg(new [01;31m[Ktest_interfaces[m[K::msg::Test());                               // CHANGE
[2.479s]       |                                                       [01;31m[K^~~~~~~~~~~~~~~[m[K
[2.483s] [01m[K/ros2_test/AD_Middle_Test/ros2/src/detect_s/src/CameraTimer.cpp:35:4:[m[K [01;31m[Kerror: [m[Kâ€˜[01m[Kmessage[m[Kâ€™ was not declared in this scope
[2.483s]    35 |    [01;31m[Kmessage[m[K->rows = image.rows;
[2.483s]       |    [01;31m[K^~~~~~~[m[K
[3.817s] make[2]: *** [CMakeFiles/cameraTimer.dir/build.make:63: CMakeFiles/cameraTimer.dir/src/CameraTimer.cpp.o] Error 1
[3.817s] make[1]: *** [CMakeFiles/Makefile2:107: CMakeFiles/cameraTimer.dir/all] Error 2
[3.817s] make: *** [Makefile:141: all] Error 2
[3.820s] Invoked command in '/ros2_test/AD_Middle_Test/ros2/src/build/detect_s' returned '2': /usr/bin/cmake --build /ros2_test/AD_Middle_Test/ros2/src/build/detect_s -- -j5 -l5
