[2.560s] [01m[K/ros2_test/AD_Middle_Test/ros2/src/detect_s/src/YoloDetect.cpp:85:4:[m[K [01;31m[Kerror: [m[Kexpected â€˜[01m[K;[m[Kâ€™ after class definition
[2.560s]    85 |   }
[2.560s]       |    [01;31m[K^[m[K
[2.560s]       |    [32m[K;[m[K
[2.560s] [01m[K/ros2_test/AD_Middle_Test/ros2/src/detect_s/src/YoloDetect.cpp:[m[K In constructor â€˜[01m[KYoloDetect::YoloDetect(std::string, int, std::string)[m[Kâ€™:
[2.561s] [01m[K/ros2_test/AD_Middle_Test/ros2/src/detect_s/src/YoloDetect.cpp:54:19:[m[K [01;31m[Kerror: [m[Kclass â€˜[01m[KYoloDetect[m[Kâ€™ does not have any field named â€˜[01m[Kcount_[m[Kâ€™
[2.561s]    54 |    :Node("yolo"), [01;31m[Kcount_[m[K(0),file_name(fname)
[2.561s]       |                   [01;31m[K^~~~~~[m[K
[2.561s] [01m[K/ros2_test/AD_Middle_Test/ros2/src/detect_s/src/YoloDetect.cpp:54:29:[m[K [01;31m[Kerror: [m[Kclass â€˜[01m[KYoloDetect[m[Kâ€™ does not have any field named â€˜[01m[Kfile_name[m[Kâ€™
[2.561s]    54 |    :Node("yolo"), count_(0),[01;31m[Kfile_name[m[K(fname)
[2.561s]       |                             [01;31m[K^~~~~~~~~[m[K
[2.564s] [01m[K/ros2_test/AD_Middle_Test/ros2/src/detect_s/src/YoloDetect.cpp:60:4:[m[K [01;31m[Kerror: [m[Kâ€˜[01m[Krec_max[m[Kâ€™ was not declared in this scope
[2.564s]    60 |    [01;31m[Krec_max[m[K = 0;
[2.564s]       |    [01;31m[K^~~~~~~[m[K
[2.569s] [01m[K/ros2_test/AD_Middle_Test/ros2/src/detect_s/src/YoloDetect.cpp:64:4:[m[K [01;31m[Kerror: [m[Kâ€˜[01m[Ksubscription_[m[Kâ€™ was not declared in this scope; did you mean â€˜[01m[Krcl_subscription_t[m[Kâ€™?
[2.569s]    64 |    [01;31m[Ksubscription_[m[K = this->create_subscription<test_interfaces::msg::TestImage>(          // CHANGE
[2.569s]       |    [01;31m[K^~~~~~~~~~~~~[m[K
[2.569s]       |    [32m[Krcl_subscription_t[m[K
[2.569s] [01m[K/ros2_test/AD_Middle_Test/ros2/src/detect_s/src/YoloDetect.cpp:65:49:[m[K [01;31m[Kerror: [m[Kâ€˜[01m[Ktopic_callback[m[Kâ€™ is not a member of â€˜[01m[KYoloDetect[m[Kâ€™
[2.569s]    65 |      channel_name, qos_, std::bind(&YoloDetect::[01;31m[Ktopic_callback[m[K, this, std::placeholders::_1));
[2.569s]       |                                                 [01;31m[K^~~~~~~~~~~~~~[m[K
[2.575s] [01m[K/ros2_test/AD_Middle_Test/ros2/src/detect_s/src/YoloDetect.cpp:[m[K In function â€˜[01m[Kvoid topic_callback(test_interfaces::msg::TestImage_<std::allocator<void> >::SharedPtr)[m[Kâ€™:
[2.576s] [01m[K/ros2_test/AD_Middle_Test/ros2/src/detect_s/src/YoloDetect.cpp:93:93:[m[K [01;31m[Kerror: [m[Kâ€˜[01m[Kreinterpre[m[Kâ€™ was not declared in this scope
[2.576s]    93 |    std::copy(reinterpret_cast<unsigned char *>(const_cast<char *>((msg->mat_data).c_str())),[01;31m[Kreinterpre[m[K
[2.576s]       |                                                                                             [01;31m[K^~~~~~~~~~[m[K
[2.576s] [01m[K/ros2_test/AD_Middle_Test/ros2/src/detect_s/src/YoloDetect.cpp:92:8:[m[K [01;35m[Kwarning: [m[Kunused variable â€˜[01m[Kdatasize[m[Kâ€™ [[01;35m[K-Wunused-variable[m[K]
[2.576s]    92 |    int [01;35m[Kdatasize[m[K = msg->rows*msg->cols*msg->elt_size;
[2.576s]       |        [01;35m[K^~~~~~~~[m[K
[2.593s] [01m[K/ros2_test/AD_Middle_Test/ros2/src/detect_s/src/YoloDetect.cpp:[m[K At global scope:
[2.593s] [01m[K/ros2_test/AD_Middle_Test/ros2/src/detect_s/src/YoloDetect.cpp:104:1:[m[K [01;31m[Kerror: [m[Kexpected declaration before â€˜[01m[K}[m[Kâ€™ token
[2.593s]   104 | [01;31m[K}[m[K;
[2.593s]       | [01;31m[K^[m[K
[3.521s] make[2]: *** [CMakeFiles/yoloDetect.dir/build.make:63: CMakeFiles/yoloDetect.dir/src/YoloDetect.cpp.o] Error 1
[3.521s] make[1]: *** [CMakeFiles/Makefile2:80: CMakeFiles/yoloDetect.dir/all] Error 2
[3.521s] make: *** [Makefile:141: all] Error 2
