[1.999s] [01m[K/ros2_test/AD_Middle_Test/ros2/src/simple_s/src/intra_pipe.cpp:[m[K In lambda function:
[1.999s] [01m[K/ros2_test/AD_Middle_Test/ros2/src/simple_s/src/intra_pipe.cpp:66:9:[m[K [01;31m[Kerror: [m[Kâ€˜[01m[Kstruct test_interfaces::msg::Test_<std::allocator<void> >[m[Kâ€™ has no member named â€˜[01m[Kid[m[Kâ€™
[2.000s]    66 |    msg->[01;31m[Kid[m[K = count++;
[2.000s]       |         [01;31m[K^~[m[K
[2.000s] [01m[K/ros2_test/AD_Middle_Test/ros2/src/simple_s/src/intra_pipe.cpp:72:9:[m[K [01;31m[Kerror: [m[Kâ€˜[01m[Kstruct test_interfaces::msg::Test_<std::allocator<void> >[m[Kâ€™ has no member named â€˜[01m[Ktimestamp[m[Kâ€™
[2.000s]    72 |    msg->[01;31m[Ktimestamp[m[K = this->now().nanoseconds();
[2.000s]       |         [01;31m[K^~~~~~~~~[m[K
[2.036s] In file included from [01m[K/opt/ros/foxy/include/rclcpp/client.hpp:40[m[K,
[2.036s]                  from [01m[K/opt/ros/foxy/include/rclcpp/callback_group.hpp:23[m[K,
[2.036s]                  from [01m[K/opt/ros/foxy/include/rclcpp/any_executable.hpp:20[m[K,
[2.036s]                  from [01m[K/opt/ros/foxy/include/rclcpp/memory_strategy.hpp:24[m[K,
[2.036s]                  from [01m[K/opt/ros/foxy/include/rclcpp/memory_strategies.hpp:18[m[K,
[2.037s]                  from [01m[K/opt/ros/foxy/include/rclcpp/executor.hpp:33[m[K,
[2.037s]                  from [01m[K/opt/ros/foxy/include/rclcpp/executors/multi_threaded_executor.hpp:25[m[K,
[2.037s]                  from [01m[K/opt/ros/foxy/include/rclcpp/executors.hpp:21[m[K,
[2.037s]                  from [01m[K/opt/ros/foxy/include/rclcpp/rclcpp.hpp:145[m[K,
[2.037s]                  from [01m[K/opt/ros/foxy/include/message_filters/subscriber.h:38[m[K,
[2.037s]                  from [01m[K/ros2_test/AD_Middle_Test/ros2/src/simple_s/src/intra_pipe.cpp:9[m[K:
[2.037s] [01m[K/ros2_test/AD_Middle_Test/ros2/src/simple_s/src/intra_pipe.cpp:[m[K In lambda function:
[2.037s] [01m[K/ros2_test/AD_Middle_Test/ros2/src/simple_s/src/intra_pipe.cpp:100:92:[m[K [01;31m[Kerror: [m[Kâ€˜[01m[Kstruct test_interfaces::msg::Test_<std::allocator<void> >[m[Kâ€™ has no member named â€˜[01m[Kid[m[Kâ€™
[2.038s]   100 |     RCLCPP_INFO(this->get_logger(), "I heard: '%d',rec_time:'%lu', content size:%lu", msg->[01;31m[Kid[m[K,rec_time,(msg->content).size());              // CHANGE
[2.038s]       |                                                                                            [01;31m[K^~[m[K
[2.038s] [01m[K/opt/ros/foxy/include/rcutils/logging_macros.h:72:64:[m[K [01;36m[Knote: [m[Kin definition of macro â€˜[01m[KRCUTILS_LOG_COND_NAMED[m[Kâ€™
[2.038s]    72 |       rcutils_log(&__rcutils_logging_location, severity, name, [01;36m[K__VA_ARGS__[m[K); \
[2.038s]       |                                                                [01;36m[K^~~~~~~~~~~[m[K
[2.038s] [01m[K/opt/ros/foxy/include/rclcpp/logging.hpp:542:5:[m[K [01;36m[Knote: [m[Kin expansion of macro â€˜[01m[KRCUTILS_LOG_INFO_NAMED[m[Kâ€™
[2.038s]   542 |     [01;36m[KRCUTILS_LOG_INFO_NAMED[m[K( \
[2.039s]       |     [01;36m[K^~~~~~~~~~~~~~~~~~~~~~[m[K
[2.039s] [01m[K/opt/ros/foxy/include/rclcpp/logging.hpp:545:9:[m[K [01;36m[Knote: [m[Kin expansion of macro â€˜[01m[KRCLCPP_ALL_BUT_FIRST_ARGS[m[Kâ€™
[2.039s]   545 |         [01;36m[KRCLCPP_ALL_BUT_FIRST_ARGS[m[K(__VA_ARGS__,"")); \
[2.039s]       |         [01;36m[K^~~~~~~~~~~~~~~~~~~~~~~~~[m[K
[2.039s] [01m[K/ros2_test/AD_Middle_Test/ros2/src/simple_s/src/intra_pipe.cpp:100:5:[m[K [01;36m[Knote: [m[Kin expansion of macro â€˜[01m[KRCLCPP_INFO[m[Kâ€™
[2.039s]   100 |     [01;36m[KRCLCPP_INFO[m[K(this->get_logger(), "I heard: '%d',rec_time:'%lu', content size:%lu", msg->id,rec_time,(msg->content).size());              // CHANGE
[2.039s]       |     [01;36m[K^~~~~~~~~~~[m[K
[2.040s] [01m[K/ros2_test/AD_Middle_Test/ros2/src/simple_s/src/intra_pipe.cpp:101:40:[m[K [01;31m[Kerror: [m[Kâ€˜[01m[Kstruct test_interfaces::msg::Test_<std::allocator<void> >[m[Kâ€™ has no member named â€˜[01m[Ktimestamp[m[Kâ€™
[2.040s]   101 |     latency[0].push_back(rec_time-msg->[01;31m[Ktimestamp[m[K);
[2.040s]       |                                        [01;31m[K^~~~~~~~~[m[K
[2.138s] [01m[K/ros2_test/AD_Middle_Test/ros2/src/simple_s/src/intra_pipe.cpp:[m[K In member function â€˜[01m[Kvoid Consumer::topic_callback2(test_interfaces::msg::Test_<std::allocator<void> >::SharedPtr, test_interfaces::msg::Test_<std::allocator<void> >::SharedPtr)[m[Kâ€™:
[2.139s] [01m[K/ros2_test/AD_Middle_Test/ros2/src/simple_s/src/intra_pipe.cpp:129:42:[m[K [01;31m[Kerror: [m[Kâ€˜[01m[Kusing element_type = struct test_interfaces::msg::Test_<std::allocator<void> >[m[Kâ€™ {aka â€˜[01m[Kstruct test_interfaces::msg::Test_<std::allocator<void> >[m[Kâ€™} has no member named â€˜[01m[Ktimestamp[m[Kâ€™
[2.139s]   129 |   latency[0].push_back((rec_time - msg0->[01;31m[Ktimestamp[m[K));
[2.139s]       |                                          [01;31m[K^~~~~~~~~[m[K
[2.139s] [01m[K/ros2_test/AD_Middle_Test/ros2/src/simple_s/src/intra_pipe.cpp:130:42:[m[K [01;31m[Kerror: [m[Kâ€˜[01m[Kusing element_type = struct test_interfaces::msg::Test_<std::allocator<void> >[m[Kâ€™ {aka â€˜[01m[Kstruct test_interfaces::msg::Test_<std::allocator<void> >[m[Kâ€™} has no member named â€˜[01m[Ktimestamp[m[Kâ€™
[2.139s]   130 |   latency[1].push_back((rec_time - msg1->[01;31m[Ktimestamp[m[K));
[2.139s]       |                                          [01;31m[K^~~~~~~~~[m[K
[2.190s] [01m[K/ros2_test/AD_Middle_Test/ros2/src/simple_s/src/listener.cpp:[m[K In member function â€˜[01m[Kvoid MinimalSubscriber::topic_callback2(const SharedPtr&, const SharedPtr&)[m[Kâ€™:
[2.190s] [01m[K/ros2_test/AD_Middle_Test/ros2/src/simple_s/src/listener.cpp:95:56:[m[K [01;31m[Kerror: [m[Kâ€˜[01m[Kusing _stamp_type = struct builtin_interfaces::msg::Time_<std::allocator<void> >[m[Kâ€™ {aka â€˜[01m[Kstruct builtin_interfaces::msg::Time_<std::allocator<void> >[m[Kâ€™} has no member named â€˜[01m[Knanoseconds[m[Kâ€™; did you mean â€˜[01m[Knanosec[m[Kâ€™?
[2.190s]    95 |    latency[0].push_back((rec_time - msg0->header.stamp.[01;31m[Knanoseconds[m[K()));
[2.190s]       |                                                        [01;31m[K^~~~~~~~~~~[m[K
[2.190s]       |                                                        [32m[Knanosec[m[K
[2.190s] [01m[K/ros2_test/AD_Middle_Test/ros2/src/simple_s/src/listener.cpp:96:56:[m[K [01;31m[Kerror: [m[Kâ€˜[01m[Kusing _stamp_type = struct builtin_interfaces::msg::Time_<std::allocator<void> >[m[Kâ€™ {aka â€˜[01m[Kstruct builtin_interfaces::msg::Time_<std::allocator<void> >[m[Kâ€™} has no member named â€˜[01m[Knanoseconds[m[Kâ€™; did you mean â€˜[01m[Knanosec[m[Kâ€™?
[2.191s]    96 |    latency[1].push_back((rec_time - msg1->header.stamp.[01;31m[Knanoseconds[m[K()));
[2.191s]       |                                                        [01;31m[K^~~~~~~~~~~[m[K
[2.191s]       |                                                        [32m[Knanosec[m[K
[4.733s] make[2]: *** [CMakeFiles/intra_pipe.dir/build.make:63: CMakeFiles/intra_pipe.dir/src/intra_pipe.cpp.o] Error 1
[4.734s] make[1]: *** [CMakeFiles/Makefile2:163: CMakeFiles/intra_pipe.dir/all] Error 2
[4.734s] make[1]: *** Waiting for unfinished jobs....
[4.760s] make[2]: *** [CMakeFiles/listener.dir/build.make:63: CMakeFiles/listener.dir/src/listener.cpp.o] Error 1
[4.760s] make[1]: *** [CMakeFiles/Makefile2:82: CMakeFiles/listener.dir/all] Error 2
[4.760s] make: *** [Makefile:141: all] Error 2
