[1.659s] [01m[K/ros2_test/AD_Middle_Test/ros2/src/detect_s/src/FusionMiddle.cpp:17:10:[m[K [01;31m[Kfatal error: [m[Ktest_interfaces/msg/line_result.hpp: No such file or directory
[1.659s]    17 | #include [01;31m[K"test_interfaces/msg/line_result.hpp"[m[K
[1.659s]       |          [01;31m[K^~~~~~~~~~~~~~~~~~~~~~~~~~~~~~~~~~~~~[m[K
[1.659s] compilation terminated.
[1.662s] make[2]: *** [CMakeFiles/fusionMiddle.dir/build.make:63: CMakeFiles/fusionMiddle.dir/src/FusionMiddle.cpp.o] Error 1
[1.662s] make[1]: *** [CMakeFiles/Makefile2:221: CMakeFiles/fusionMiddle.dir/all] Error 2
[1.662s] make: *** [Makefile:141: all] Error 2
