[0.045s] Invoking command in '/ros2_test/AD_Middle_Test/ros2/build/detect_s': /usr/bin/cmake --build /ros2_test/AD_Middle_Test/ros2/build/detect_s -- -j5 -l5
[0.084s] -- Found ament_cmake: 0.8.1 (/opt/ros/foxy/share/ament_cmake/cmake)
[0.124s] -- Using PYTHON_EXECUTABLE: /usr/bin/python3
[0.466s] -- Found rclcpp: 0.8.3 (/opt/ros/foxy/share/rclcpp/cmake)
[0.529s] -- Found rosidl_adapter: 0.8.2 (/opt/ros/foxy/share/rosidl_adapter/cmake)
[0.560s] -- Found rmw_implementation_cmake: 0.8.1 (/opt/ros/foxy/share/rmw_implementation_cmake/cmake)
[0.563s] -- Using RMW implementation 'rmw_fastrtps_cpp' as default
[0.682s] -- Found std_msgs: 0.8.1 (/opt/ros/foxy/share/std_msgs/cmake)
[0.691s] -- Found sensor_msgs: 0.8.1 (/opt/ros/foxy/share/sensor_msgs/cmake)
[0.716s] -- Found test_interfaces: 0.0.0 (/ros2_test/AD_Middle_Test/ros2/install/test_interfaces/share/test_interfaces/cmake)
[0.729s] -- Found message_filters: 3.2.3 (/opt/ros/foxy/share/message_filters/cmake)
[1.054s] -- Found ament_lint_auto: 0.9.1 (/opt/ros/foxy/share/ament_lint_auto/cmake)
[1.167s] -- Added test 'copyright' to check for copyright in CMake / C / C++ / Python code
[1.169s] -- Added test 'cppcheck' to perform static code analysis on C / C++ code
[1.171s] -- Configured cppcheck include dirs: /ros2_test/AD_Middle_Test/ros2/src/detect_s/include
[1.173s] -- Added test 'cpplint' to check C / C++ code against the Google style
[1.174s] -- Added test 'lint_cmake' to check CMake code style
[1.176s] -- Added test 'uncrustify' to check C / C++ code style
[1.177s] -- Added test 'xmllint' to check XML markup files
[1.181s] -- Configuring done
[1.317s] -- Generating done
[1.320s] -- Build files have been written to: /ros2_test/AD_Middle_Test/ros2/build/detect_s
[1.353s] [35m[1mScanning dependencies of target fusionMiddle[0m
[1.384s] [ 60%] Built target trackerRos2
[1.384s] [ 60%] Built target line
[1.384s] [ 60%] Built target yoloDetect
[1.384s] [ 80%] Built target cameraTimer
[1.417s] [ 90%] [32mBuilding CXX object CMakeFiles/fusionMiddle.dir/src/FusionMiddle.cpp.o[0m
[1.659s] [01m[K/ros2_test/AD_Middle_Test/ros2/src/detect_s/src/FusionMiddle.cpp:17:10:[m[K [01;31m[Kfatal error: [m[Ktest_interfaces/msg/line_result.hpp: No such file or directory
[1.659s]    17 | #include [01;31m[K"test_interfaces/msg/line_result.hpp"[m[K
[1.659s]       |          [01;31m[K^~~~~~~~~~~~~~~~~~~~~~~~~~~~~~~~~~~~~[m[K
[1.659s] compilation terminated.
[1.662s] make[2]: *** [CMakeFiles/fusionMiddle.dir/build.make:63: CMakeFiles/fusionMiddle.dir/src/FusionMiddle.cpp.o] Error 1
[1.662s] make[1]: *** [CMakeFiles/Makefile2:221: CMakeFiles/fusionMiddle.dir/all] Error 2
[1.662s] make: *** [Makefile:141: all] Error 2
[1.665s] Invoked command in '/ros2_test/AD_Middle_Test/ros2/build/detect_s' returned '2': /usr/bin/cmake --build /ros2_test/AD_Middle_Test/ros2/build/detect_s -- -j5 -l5
