[0.086s] [35m[1mScanning dependencies of target listener[0m
[0.123s] [ 25%] [32mBuilding CXX object CMakeFiles/listener.dir/src/listener.cpp.o[0m
[2.103s] [01m[K/ros2_test/AD_Middle_Test/ros2/src/simple_s/src/listener.cpp:95:107:[m[K [01;31m[Kerror: [m[Kâ€˜[01m[KmyP[m[Kâ€™ is not a type
[2.103s]    95 |   Synchronizer<sync_policies::ApproximateTime<test_interfaces::msg::Test,test_interfaces::msg::Test>>sync([01;31m[KmyP[m[K);
[2.103s]       |                                                                                                           [01;31m[K^~~[m[K
[2.122s] [01m[K/ros2_test/AD_Middle_Test/ros2/src/simple_s/src/listener.cpp:[m[K In constructor â€˜[01m[KMinimalSubscriber::MinimalSubscriber(std::string, int)[m[Kâ€™:
[2.122s] [01m[K/ros2_test/AD_Middle_Test/ros2/src/simple_s/src/listener.cpp:60:10:[m[K [01;31m[Kerror: [m[Kinvalid use of member function â€˜[01m[Kmessage_filters::Synchronizer<message_filters::sync_policies::ApproximateTime<test_interfaces::msg::Test_<std::allocator<void> >, test_interfaces::msg::Test_<std::allocator<void> > > > MinimalSubscriber::sync(int)[m[Kâ€™ (did you forget the â€˜[01m[K()[m[Kâ€™ ?)
[2.122s]    60 |    [01;31m[Kthis->sync[m[K.connectInput(this->sub1,this->sub2);
[2.123s]       |    [01;31m[K~~~~~~^~~~[m[K
[2.123s] [01m[K/ros2_test/AD_Middle_Test/ros2/src/simple_s/src/listener.cpp:61:10:[m[K [01;31m[Kerror: [m[Kinvalid use of member function â€˜[01m[Kmessage_filters::Synchronizer<message_filters::sync_policies::ApproximateTime<test_interfaces::msg::Test_<std::allocator<void> >, test_interfaces::msg::Test_<std::allocator<void> > > > MinimalSubscriber::sync(int)[m[Kâ€™ (did you forget the â€˜[01m[K()[m[Kâ€™ ?)
[2.123s]    61 |    [01;31m[Kthis->sync[m[K.registerCallback(std::bind(&MinimalSubscriber::topic_callback2,_1,_2));
[2.123s]       |    [01;31m[K~~~~~~^~~~[m[K
[3.860s] make[2]: *** [CMakeFiles/listener.dir/build.make:63: CMakeFiles/listener.dir/src/listener.cpp.o] Error 1
[3.861s] make[1]: *** [CMakeFiles/Makefile2:80: CMakeFiles/listener.dir/all] Error 2
[3.861s] make: *** [Makefile:141: all] Error 2
