[2.212s] [01m[K/ros2_test/AD_Middle_Test/ros2/src/simple_s/src/intra_pipe.cpp:[m[K In function â€˜[01m[Kint main(int, char**)[m[Kâ€™:
[2.212s] [01m[K/ros2_test/AD_Middle_Test/ros2/src/simple_s/src/intra_pipe.cpp:125:10:[m[K [01;31m[Kerror: [m[Kâ€˜[01m[Kclass std::vector<std::vector<long unsigned int> >[m[Kâ€™ has no member named â€˜[01m[Kpush[m[Kâ€™
[2.212s]   125 |  latency.[01;31m[Kpush[m[K
[2.212s]       |          [01;31m[K^~~~[m[K
[4.138s] make[2]: *** [CMakeFiles/intra_pipe.dir/build.make:63: CMakeFiles/intra_pipe.dir/src/intra_pipe.cpp.o] Error 1
[4.138s] make[1]: *** [CMakeFiles/Makefile2:163: CMakeFiles/intra_pipe.dir/all] Error 2
[4.139s] make: *** [Makefile:141: all] Error 2
